INFO:root:get_dHdl_XVG,total,r2g_state_22_x1,2,4589421.357040438,55.11124634742737,252928731
INFO:root:get_dHdl_XVG,total,r2g_state_34_x1,3,4508331.050194651,56.28595685958862,253755727
INFO:root:get_dHdl_XVG,total,r2g_state_0_x1,3,4311401.698585822,57.86962580680847,249499203
INFO:root:get_dHdl_XVG,total,r2g_state_24_x1,3,4231310.247199903,59.894508838653564,253432249
INFO:root:get_dHdl_XVG,total,r2g_state_8_x1,4,3989806.3849363704,62.83824872970581,250712446
INFO:root:get_dHdl_XVG,total,r2g_state_36_x1,3,3836885.1320831543,65.71001172065735,252121767
INFO:root:get_dHdl_XVG,total,r2g_state_30_x1,4,3811699.717831055,66.44029140472412,253250440
INFO:root:get_dHdl_XVG,total,r2g_state_6_x1,3,3753426.461294466,67.10957670211792,251890861
INFO:root:get_dHdl_XVG,total,r2g_state_18_x1,3,3756936.5276671317,67.17003631591797,252353563
INFO:root:get_dHdl_XVG,total,r2g_state_20_x1,4,3514987.2444029227,71.87197518348694,252629076
INFO:root:get_dHdl_XVG,total,r2g_state_10_x1,4,3482263.4980776687,72.32592368125916,251857924
INFO:root:get_dHdl_XVG,total,r2g_state_38_x1,5,3457681.04072064,73.07430934906006,252667654
INFO:root:get_dHdl_XVG,total,r2g_state_26_x1,3,3400601.854615842,74.80785751342773,254391739
INFO:root:get_dHdl_XVG,total,r2g_state_14_x1,5,3273756.789924277,77.01780986785889,252137578
INFO:root:get_dHdl_XVG,total,g2i_state_34_x1,5,3944752.591936212,114.08396458625793,450033015
INFO:root:get_dHdl_XVG,total,g2i_state_60_x1,3,3950154.352971785,115.45045566558838,456047120
INFO:root:get_dHdl_XVG,total,g2i_state_36_x1,3,3729559.7308562347,121.00293803215027,451287685
INFO:root:get_dHdl_XVG,total,g2i_state_18_x1,4,3602735.7563472744,122.48471546173096,441280064
INFO:root:get_dHdl_XVG,total,g2i_state_2_x1,4,3466515.7691779896,125.3797287940979,434630807
INFO:root:get_dHdl_XVG,total,g2i_state_0_x1,4,3352586.0336039686,129.1260461807251,432906179
INFO:root:get_dHdl_XVG,total,g2i_state_80_x1,10,3390754.0697050528,131.18260860443115,444807964
INFO:root:get_dHdl_XVG,total,g2i_state_64_x1,5,3420964.9532532766,132.03343272209167,451681746
INFO:root:get_dHdl_XVG,total,g2i_state_10_x1,5,3318720.35602788,132.21262502670288,438776730
INFO:root:get_dHdl_XVG,total,g2i_state_4_x1,5,3239349.445120821,134.49557399749756,435678163
INFO:root:get_dHdl_XVG,total,g2i_state_22_x1,6,3299836.0305497567,134.52212500572205,443900955
INFO:root:get_dHdl_XVG,total,g2i_state_76_x1,5,3284389.825596152,136.0965313911438,446994063
INFO:root:get_dHdl_XVG,total,g2i_state_24_x1,9,3193914.1111492068,139.5481517314911,445704811
INFO:root:get_dHdl_XVG,total,g2i_state_72_x1,6,3183969.192038438,141.00511026382446,448955927
INFO:root:get_dHdl_XVG,total,r2g_state_2_x1,3,3150864.448534758,79.28776025772095,249824985
INFO:root:get_dHdl_XVG,total,r2g_state_32_x1,4,3002242.6163347107,84.67892122268677,254226666
INFO:root:get_dHdl_XVG,total,r2g_state_12_x1,5,3102552.024351415,81.29861450195312,252233181
INFO:root:get_dHdl_XVG,total,r2g_state_16_x1,4,3133309.015918097,80.28343892097473,251552823
INFO:root:get_dHdl_XVG,total,r2g_state_40_x1,4,3352884.627722737,74.82610583305359,250883300
INFO:root:get_dHdl_XVG,total,r2g_state_4_x1,3,3066999.5842144773,81.75678610801697,250748029
INFO:root:get_dHdl_XVG,total,r2g_state_28_x1,7,3290663.3918568953,76.76429033279419,252605440
INFO:root:get_dHdl_XVG,total,g2i_state_56_x1,7,3923997.3640710227,117.53036284446716,461188834
INFO:root:get_dHdl_XVG,total,g2i_state_74_x1,3,3521601.5203166567,126.94673585891724,447055818
INFO:root:get_dHdl_XVG,total,g2i_state_68_x1,5,3283860.23815908,136.766827583313,449123147
INFO:root:get_dHdl_XVG,total,g2i_state_48_x1,5,3778626.4197301897,123.5051863193512,466679960
INFO:root:get_dHdl_XVG,total,g2i_state_42_x1,7,3325965.3532606116,140.1419186592102,466107166
INFO:root:get_dHdl_XVG,total,g2i_state_6_x1,8,2834990.423337882,153.8746633529663,436233197
INFO:root:get_dHdl_XVG,total,g2i_state_44_x1,4,4637421.9535772875,100.80423426628113,467471769
INFO:root:get_dHdl_XVG,total,g2i_state_30_x1,7,4479367.930483572,99.94715905189514,447700099
INFO:root:get_dHdl_XVG,total,g2i_state_66_x1,3,2823288.6369782574,159.5796501636505,450539413
INFO:root:get_dHdl_XVG,total,g2i_state_38_x1,3,3709752.0639338046,123.0282711982727,456404383
INFO:root:get_dHdl_XVG,total,g2i_state_58_x1,3,3627756.04436554,126.42216300964355,458628766
INFO:root:get_dHdl_XVG,total,g2i_state_16_x1,4,3951135.6192370215,111.40914750099182,440192651
INFO:root:get_dHdl_XVG,total,g2i_state_54_x1,3,3836204.0858389097,121.02698516845703,464284215
INFO:root:get_dHdl_XVG,total,g2i_state_78_x1,3,3351957.2430016254,133.22069096565247,446550060
INFO:root:get_dHdl_XVG,total,g2i_state_8_x1,6,3551322.877614324,123.13109707832336,437278282
INFO:root:get_dHdl_XVG,total,g2i_state_62_x1,7,3813922.811830012,118.8143904209137,453148914
INFO:root:get_dHdl_XVG,total,g2i_state_50_x1,6,3502735.581843463,133.21171641349792,466605419
INFO:root:get_dHdl_XVG,total,g2i_state_26_x1,6,3552990.521102377,125.51049470901489,445937598
INFO:root:get_dHdl_XVG,total,g2i_state_12_x1,4,4116557.5344098075,106.48786330223083,438363416
INFO:root:get_dHdl_XVG,total,g2i_state_40_x1,4,4101400.472879203,113.4432601928711,465276241
INFO:root:get_dHdl_XVG,total,g2i_state_32_x1,10,4123447.7474546176,109.07037448883057,449745990
INFO:root:get_dHdl_XVG,total,g2i_state_52_x1,2,3406151.295630136,136.60797381401062,465307427
INFO:root:get_dHdl_XVG,total,g2i_state_70_x1,7,3365520.923056871,133.34004044532776,448758696
INFO:root:get_dHdl_XVG,total,g2i_state_46_x1,6,3611909.3432271136,129.50016474723816,467742855
INFO:root:get_dHdl_XVG,total,g2i_state_20_x1,6,3759800.226763967,117.8795862197876,443203695
INFO:root:get_dHdl_XVG,total,g2i_state_28_x1,3,3895251.952841403,114.91933369636536,447639759
INFO:root:get_dHdl_XVG,total,g2i_state_14_x1,9,3681592.253044157,119.71144676208496,440728735
INFO:root:get_dHdl_XVG,total,unres2res_state_40_x1,19,14232959.50573128,3.6938300132751465,52574133
INFO:root:get_dHdl_XVG,total,unres2res_state_8_x1,17,10951657.616798159,4.505288124084473,49340373
INFO:root:get_dHdl_XVG,total,unres2res_state_6_x1,18,8987080.668513278,5.438089609146118,48872550
INFO:root:get_dHdl_XVG,total,unres2res_state_20_x1,13,9374883.807698546,5.451271295547485,51105035
INFO:root:get_dHdl_XVG,total,unres2res_state_4_x1,22,8869008.132249467,5.4805521965026855,48607062
INFO:root:get_dHdl_XVG,total,unres2res_state_38_x1,14,9452264.120433507,5.5788679122924805,52732933
INFO:root:get_dHdl_XVG,total,unres2res_state_18_x1,15,9077237.285772275,5.613907337188721,50958769
INFO:root:get_dHdl_XVG,total,unres2res_state_24_x1,14,9112486.573009681,5.676710367202759,51728947
INFO:root:get_dHdl_XVG,total,unres2res_state_14_x1,8,7698370.679426543,6.485296964645386,49926220
INFO:root:get_dHdl_XVG,total,unres2res_state_28_x1,13,7496228.143286246,6.973758935928345,52276888
INFO:root:get_dHdl_XVG,total,unres2res_state_12_x1,14,6800005.897911956,7.360822439193726,50053636
INFO:root:get_dHdl_XVG,total,unres2res_state_2_x1,23,6445008.562515282,7.433086633682251,47906307
INFO:root:get_dHdl_XVG,total,unres2res_state_30_x1,11,6993288.885741048,7.499169826507568,52443861
INFO:root:get_dHdl_XVG,total,unres2res_state_32_x1,17,6867334.033056535,7.581784248352051,52066645
INFO:root:get_dHdl_XVG,total,unres2res_state_22_x1,16,19372063.284168903,2.6557836532592773,51448009
INFO:root:get_dHdl_XVG,total,unres2res_state_0_x1,16,17588778.23651316,2.7062742710113525,47600058
INFO:root:get_dHdl_XVG,total,unres2res_state_36_x1,16,19672609.222300578,2.67421293258667,52608746
INFO:root:get_dHdl_XVG,total,unres2res_state_16_x1,17,18351599.915636446,2.750481605529785,50475738
INFO:root:get_dHdl_XVG,total,res2rep_state_20_x1,10,6555051.043051603,9.140450716018677,59916121
INFO:root:get_dHdl_XVG,total,res2rep_state_0_x1,11,6270410.475260354,9.66262435913086,60588621
INFO:root:get_dHdl_XVG,total,unres2res_state_26_x1,14,12664544.19200136,4.109591960906982,52046109
INFO:root:get_dHdl_XVG,total,unres2res_state_34_x1,20,15216402.045961728,3.4369163513183594,52297501
INFO:root:get_dHdl_XVG,total,unres2res_state_10_x1,22,15201575.501174739,3.268279790878296,49683002
INFO:root:get_dHdl_XVG,total,res2rep_state_40_x1,24,4972942.340879203,11.665524959564209,58011983
INFO:root:get_dHdl_XVG,total,rep2repghost_state_12_x1,286,4552714.742684631,474.370228767395,2159672334
INFO:root:get_dHdl_XVG,total,rep2repghost_state_10_x2,300,4486663.007395047,478.0854923725128,2145008493
INFO:root:get_dHdl_XVG,total,rep2repghost_state_16_x1,305,4442075.480035978,488.0952560901642,2168155969
INFO:root:get_dHdl_XVG,total,rep2repghost_state_38_x1,305,4589728.402558177,490.2253875732422,2250001385
INFO:root:get_dHdl_XVG,total,rep2repghost_state_28_x2,326,4513048.563706369,494.1154797077179,2229967156
INFO:root:get_dHdl_XVG,total,rep2repghost_state_60_x2,298,4478458.804636311,488.92257928848267,2189619630
INFO:root:get_dHdl_XVG,total,rep2repghost_state_62_x2,281,4515870.317334878,493.61245703697205,2229089843
INFO:root:get_dHdl_XVG,total,rep2repghost_state_38_x2,286,4403719.372847434,502.8945801258087,2214606605
INFO:root:get_dHdl_XVG,total,rep2repghost_state_52_x1,315,4516041.81267034,505.33564162254333,2282116887
INFO:root:get_dHdl_XVG,total,rep2repghost_state_68_x1,326,4243132.434475819,513.9976587295532,2180960137
INFO:root:get_dHdl_XVG,total,rep2repghost_state_30_x1,286,4258505.217918852,506.0905237197876,2155189136
INFO:root:get_dHdl_XVG,total,rep2repghost_state_22_x1,309,4306612.572050673,513.693656206131,2212279558
INFO:root:get_dHdl_XVG,total,rep2repghost_state_8_x2,308,4149491.9323465806,520.6535699367523,2160447788
INFO:root:get_dHdl_XVG,total,rep2repghost_state_54_x2,292,4479755.405925677,513.0850994586945,2298495748
INFO:root:get_dHdl_XVG,total,rep2repghost_state_26_x2,306,4184358.0920332386,526.4565103054047,2202882559
INFO:root:get_dHdl_XVG,total,rep2repghost_state_32_x1,324,4189668.1563398624,526.9752776622772,2207851540
INFO:root:get_dHdl_XVG,total,rep2repghost_state_50_x2,309,4428703.864740056,521.8034794330597,2310913086
INFO:root:get_dHdl_XVG,total,rep2repghost_state_40_x1,329,4427145.799311793,527.194272518158,2333965909
INFO:root:get_dHdl_XVG,total,rep2repghost_state_44_x1,323,4448357.168975059,530.0328373908997,2357775372
INFO:root:get_dHdl_XVG,total,rep2repghost_state_20_x2,298,4188302.0042614676,528.3004417419434,2212681799
INFO:root:get_dHdl_XVG,total,rep2repghost_state_10_x1,303,4049985.4864885993,535.7875862121582,2169931948
INFO:root:get_dHdl_XVG,total,rep2repghost_state_58_x2,309,4118549.016038598,533.0089571475983,2195223516
INFO:root:get_dHdl_XVG,total,rep2repghost_state_44_x2,285,4269222.139373946,543.5989513397217,2320744678
INFO:root:get_dHdl_XVG,total,rep2repghost_state_28_x1,313,4096207.6586937285,535.9561457633972,2195387669
INFO:root:get_dHdl_XVG,total,rep2repghost_state_48_x1,336,4203449.8530716775,548.1414320468903,2304085022
INFO:root:get_dHdl_XVG,total,rep2repghost_state_80_x2,322,3925975.969669517,555.5436449050903,2181051000
INFO:root:get_dHdl_XVG,total,rep2repghost_state_42_x2,276,4117341.6871347735,553.8356945514679,2280330793
INFO:root:get_dHdl_XVG,total,rep2repghost_state_36_x2,318,4013654.5667599803,554.7577493190765,2226605974
INFO:root:get_dHdl_XVG,total,rep2repghost_state_0_x2,298,4408473.921991008,473.58375096321106,2087781616
INFO:root:get_dHdl_XVG,total,rep2repghost_state_34_x2,292,4791002.78713314,453.50842809677124,2172760143
INFO:root:get_dHdl_XVG,total,rep2repghost_state_78_x2,287,4439945.593202864,493.01748299598694,2188970801
INFO:root:get_dHdl_XVG,total,rep2repghost_state_16_x2,303,4367964.024339428,494.5906481742859,2160354158
INFO:root:get_dHdl_XVG,total,rep2repghost_state_76_x2,309,4367026.711011528,499.08155965805054,2179502502
INFO:root:get_dHdl_XVG,total,rep2repghost_state_68_x2,302,4320086.5356520265,505.825261592865,2185208902
INFO:root:get_dHdl_XVG,total,rep2repghost_state_2_x2,295,4324571.452332707,494.04037499427795,2136512902
INFO:root:get_dHdl_XVG,total,rep2repghost_state_72_x1,327,4265103.432938408,522.6318695545197,2229078981
INFO:root:get_dHdl_XVG,total,rep2repghost_state_76_x1,273,4373899.557492076,487.68064880371094,2133066174
INFO:root:get_dHdl_XVG,total,rep2repghost_state_74_x2,291,4372224.667081619,499.32324028015137,2183153388
INFO:root:get_dHdl_XVG,total,rep2repghost_state_80_x1,320,4201869.973820686,523.5756947994232,2199996991
INFO:root:get_dHdl_XVG,total,rep2repghost_state_64_x2,297,4306400.560877431,514.108359336853,2213956527
INFO:root:get_dHdl_XVG,total,rep2repghost_state_0_x1,288,4181385.162937243,507.0947151184082,2120358318
INFO:root:get_dHdl_XVG,total,rep2repghost_state_8_x1,315,4238741.159917338,509.58598709106445,2160003098
INFO:root:get_dHdl_XVG,total,rep2repghost_state_30_x2,270,4295852.414777642,503.25798892974854,2161922047
INFO:root:get_dHdl_XVG,total,rep2repghost_state_54_x1,302,4464501.18544071,518.9511458873749,2316858006
INFO:root:get_dHdl_XVG,total,rep2repghost_state_34_x1,289,4294025.080924006,512.236465215683,2199556229
INFO:root:get_dHdl_XVG,total,rep2repghost_state_72_x2,303,4205252.009543641,505.255588054657,2124727077
INFO:root:get_dHdl_XVG,total,rep2repghost_state_18_x2,298,4277198.155814175,514.518394947052,2200697130
INFO:root:get_dHdl_XVG,total,rep2repghost_state_66_x2,301,4320419.58009976,511.3281400203705,2209152108
INFO:root:get_dHdl_XVG,total,rep2repghost_state_32_x2,332,4215559.328492239,523.0723676681519,2205042599
INFO:root:get_dHdl_XVG,total,rep2repghost_state_18_x1,313,4085019.727742703,540.0626895427704,2206166741
INFO:root:get_dHdl_XVG,total,rep2repghost_state_42_x1,304,4405188.681860805,523.7560927867889,2307244412
INFO:root:get_dHdl_XVG,total,rep2repghost_state_70_x1,320,4044601.8414265607,548.8447513580322,2219858492
INFO:root:get_dHdl_XVG,total,rep2repghost_state_56_x2,294,4217147.638633936,537.2442278862,2265638227
INFO:root:get_dHdl_XVG,total,rep2repghost_state_2_x1,327,3938133.510361197,548.7095613479614,2160891511
INFO:root:get_dHdl_XVG,total,rep2repghost_state_6_x1,305,3980727.9874519086,548.1166007518768,2181903093
INFO:root:get_dHdl_XVG,total,rep2repghost_state_48_x2,292,4215253.181286315,548.1880099773407,2310751253
INFO:root:get_dHdl_XVG,total,rep2repghost_state_24_x1,281,6550906.08125384,329.1948072910309,2156524265
INFO:root:get_dHdl_XVG,total,rep2repghost_state_14_x2,115,5145364.572424465,433.82633447647095,2232194652
INFO:root:get_dHdl_XVG,total,rep2repghost_state_60_x1,278,6079607.965137581,362.836740732193,2205905139
INFO:root:get_dHdl_XVG,total,rep2repghost_state_20_x1,320,5581772.078070113,396.74780321121216,2214555810
INFO:root:get_dHdl_XVG,total,rep2repghost_state_22_x2,330,4849783.650862671,457.19922137260437,2217317309
INFO:root:get_dHdl_XVG,total,rep2repghost_state_4_x2,341,5838861.085968907,373.98249793052673,2183631854
INFO:root:get_dHdl_XVG,total,rep2repghost_state_40_x2,290,4486706.0747727975,501.05287766456604,2248076990
INFO:root:get_dHdl_XVG,total,rep2repghost_state_62_x1,299,5797798.167273166,381.3812220096588,2211171350
INFO:root:get_dHdl_XVG,total,rep2repghost_state_46_x1,312,5735903.76831888,394.83523058891296,2264736887
INFO:root:get_dHdl_XVG,total,rep2repghost_state_52_x2,300,5149799.435419993,440.1960756778717,2266921502
INFO:root:get_dHdl_XVG,total,rep2repghost_state_50_x1,277,4320852.110468339,536.1468989849091,2316611460
INFO:root:get_dHdl_XVG,total,rep2repghost_state_4_x1,299,4354222.356451756,495.0523114204407,2155567842
INFO:root:get_dHdl_XVG,total,rep2repghost_state_24_x2,326,4321988.936746358,506.9311513900757,2190950828
INFO:root:get_dHdl_XVG,total,rep2repghost_state_12_x2,330,4316459.017911077,507.0469069480896,2188647194
INFO:root:get_dHdl_XVG,total,rep2repghost_state_36_x1,273,4160767.7950598733,528.7066628932953,2199825656
INFO:root:get_dHdl_XVG,total,rep2repghost_state_58_x1,298,4392225.8448262615,509.97275257110596,2239915504
INFO:root:get_dHdl_XVG,total,rep2repghost_state_14_x1,296,4107544.1835611435,528.2134504318237,2169660086
INFO:root:get_dHdl_XVG,total,rep2repghost_state_70_x2,293,4254056.316522354,516.8565471172333,2198736859
INFO:root:get_dHdl_XVG,total,rep2repghost_state_64_x1,298,4270469.4511556085,517.4234302043915,2209640952
INFO:root:get_dHdl_XVG,total,rep2repghost_state_66_x1,303,4305144.512335438,503.2418546676636,2166528909
INFO:root:get_dHdl_XVG,total,rep2repghost_state_78_x1,284,4256092.205377784,505.3325114250183,2150741763
INFO:root:get_dHdl_XVG,total,rep2repghost_state_74_x1,300,4284295.649924081,518.017872095108,2219341716
INFO:root:get_dHdl_XVG,total,rep2repghost_state_26_x1,306,4277675.728614056,514.5704030990601,2201165324
INFO:root:get_dHdl_XVG,total,rep2repghost_state_6_x2,333,4317600.234148284,504.5091152191162,2178268674
INFO:root:get_dHdl_XVG,total,rep2repghost_state_46_x2,286,4490377.936619776,524.9095606803894,2357042310
INFO:root:get_dHdl_XVG,total,rep2repghost_state_56_x1,316,4345290.583266672,519.4946219921112,2257355089
