'func','type','sim','file count','throughput (byte/sec)','elapsed_time','bytes'
get_dHdl_XVG,total,unres2res_state_26_x1,14,14589356.68821878,3.5674026012420654,52046109
get_dHdl_XVG,total,unres2res_state_30_x1,11,15291918.174830727,3.4295148849487305,52443861
get_dHdl_XVG,total,unres2res_state_40_x1,19,12787166.363624196,4.111476421356201,52574133
get_dHdl_XVG,total,unres2res_state_32_x1,17,12823379.779162673,4.060290336608887,52066645
get_dHdl_XVG,total,unres2res_state_24_x1,14,13692458.332950244,3.7779152393341064,51728947
get_dHdl_XVG,total,unres2res_state_20_x1,13,15164478.321602885,3.370048999786377,51105035
get_dHdl_XVG,total,unres2res_state_18_x1,15,12187158.429603262,4.181349515914917,50958769
get_dHdl_XVG,total,unres2res_state_8_x1,17,13441910.613182962,3.6706368923187256,49340373
get_dHdl_XVG,total,unres2res_state_36_x1,16,13381932.101215227,3.9313266277313232,52608746
get_dHdl_XVG,total,unres2res_state_34_x1,20,11170581.05864876,4.681717157363892,52297501
get_dHdl_XVG,total,unres2res_state_22_x1,16,14591752.82594824,3.5258278846740723,51448009
get_dHdl_XVG,total,unres2res_state_2_x1,23,8474209.062408581,5.653189182281494,47906307
get_dHdl_XVG,total,unres2res_state_12_x1,14,13619334.749110566,3.67518949508667,50053636
get_dHdl_XVG,total,unres2res_state_10_x1,22,10832490.942659054,4.586479902267456,49683002
get_dHdl_XVG,total,unres2res_state_28_x1,13,14639444.264759261,3.5709612369537354,52276888
get_dHdl_XVG,total,unres2res_state_0_x1,16,12713282.007676654,3.7441203594207764,47600058
get_dHdl_XVG,total,unres2res_state_4_x1,22,10038129.528001083,4.842242956161499,48607062
get_dHdl_XVG,total,unres2res_state_14_x1,8,15746069.061152475,3.1707100868225098,49926220
get_dHdl_XVG,total,unres2res_state_16_x1,17,12935724.202180205,3.9020419120788574,50475738
get_dHdl_XVG,total,unres2res_state_6_x1,18,12187260.405088741,4.010134220123291,48872550
get_dHdl_XVG,total,unres2res_state_38_x1,14,14852104.213988317,3.5505361557006836,52732933
get_dHdl_XVG,total,res2rep_state_20_x1,10,16811366.439134844,3.5640244483947754,59916121
get_dHdl_XVG,total,res2rep_state_40_x1,24,12828696.874653053,4.522047996520996,58011983
get_dHdl_XVG,total,res2rep_state_0_x1,11,17661697.136259537,3.430509567260742,60588621
get_dHdl_XVG,total,rep2repghost_state_34_x2,292,17652622.444774076,123.08426976203918,2172760143
get_dHdl_XVG,total,rep2repghost_state_44_x2,285,18181846.088915434,127.64076137542725,2320744678
get_dHdl_XVG,total,rep2repghost_state_32_x1,324,16974424.12766133,130.06930446624756,2207851540
get_dHdl_XVG,total,rep2repghost_state_8_x2,308,16576810.447023362,130.32952237129211,2160447788
get_dHdl_XVG,total,rep2repghost_state_42_x1,304,17215956.228895616,134.0177903175354,2307244412
get_dHdl_XVG,total,rep2repghost_state_22_x2,330,16298980.870187,136.04024243354797,2217317309
get_dHdl_XVG,total,rep2repghost_state_52_x2,300,16569334.030057391,136.814279794693,2266921502
get_dHdl_XVG,total,rep2repghost_state_24_x1,281,15892412.154363684,135.69521379470825,2156524265
get_dHdl_XVG,total,rep2repghost_state_54_x1,302,16367455.467894409,141.55273008346558,2316858006
get_dHdl_XVG,total,rep2repghost_state_26_x1,306,16419356.821033249,134.0591685771942,2201165324
get_dHdl_XVG,total,rep2repghost_state_18_x2,298,16419268.80320871,134.03137230873108,2200697130
get_dHdl_XVG,total,rep2repghost_state_56_x1,316,16203009.185619181,139.31702828407288,2257355089
get_dHdl_XVG,total,rep2repghost_state_68_x2,302,15411230.038453775,141.79328298568726,2185208902
get_dHdl_XVG,total,rep2repghost_state_20_x2,298,16224533.913699277,136.37875890731812,2212681799
get_dHdl_XVG,total,rep2repghost_state_50_x2,309,16528072.449963944,139.81745862960815,2310913086
get_dHdl_XVG,total,rep2repghost_state_30_x1,286,16624749.218217393,129.63739228248596,2155189136
get_dHdl_XVG,total,rep2repghost_state_40_x1,329,16936898.870676704,137.80361604690552,2333965909
get_dHdl_XVG,total,rep2repghost_state_36_x2,318,15608889.259036258,142.6498668193817,2226605974
get_dHdl_XVG,total,rep2repghost_state_78_x1,284,16640646.313571477,129.2462878227234,2150741763
get_dHdl_XVG,total,rep2repghost_state_46_x2,286,16944109.492067847,139.10688614845276,2357042310
get_dHdl_XVG,total,rep2repghost_state_44_x1,323,16589411.598366436,142.12531638145447,2357775372
get_dHdl_XVG,total,rep2repghost_state_34_x1,289,16665462.718844287,131.9829077720642,2199556229
get_dHdl_XVG,total,rep2repghost_state_42_x2,276,17401682.50811734,131.0408227443695,2280330793
get_dHdl_XVG,total,rep2repghost_state_8_x1,315,14554139.718769878,148.41159558296204,2160003098
get_dHdl_XVG,total,rep2repghost_state_32_x2,332,15889088.202434987,138.77716398239136,2205042599
get_dHdl_XVG,total,rep2repghost_state_52_x1,315,15400330.819976423,148.18622493743896,2282116887
get_dHdl_XVG,total,rep2repghost_state_22_x1,309,15525036.449914522,142.49754357337952,2212279558
get_dHdl_XVG,total,rep2repghost_state_54_x2,292,15811069.96711881,145.3725619316101,2298495748
get_dHdl_XVG,total,rep2repghost_state_24_x2,326,15319861.13437199,143.01375246047974,2190950828
get_dHdl_XVG,total,rep2repghost_state_68_x1,326,14526796.267943144,150.13359427452087,2180960137
get_dHdl_XVG,total,rep2repghost_state_56_x2,294,16107601.75258273,140.65645909309387,2265638227
get_dHdl_XVG,total,rep2repghost_state_18_x1,313,15411087.541417949,143.1545135974884,2206166741
get_dHdl_XVG,total,rep2repghost_state_26_x2,306,15746068.408510113,139.9004819393158,2202882559
get_dHdl_XVG,total,rep2repghost_state_50_x1,277,16839464.284479015,137.5703775882721,2316611460
get_dHdl_XVG,total,rep2repghost_state_20_x1,320,15607024.00895121,141.89481663703918,2214555810
get_dHdl_XVG,total,rep2repghost_state_40_x2,290,16256361.18088512,138.28906512260437,2248076990
get_dHdl_XVG,total,rep2repghost_state_30_x2,270,14585753.204269677,148.22148823738098,2161922047
get_dHdl_XVG,total,rep2repghost_state_46_x1,312,16368521.476720586,138.3592824935913,2264736887
get_dHdl_XVG,total,rep2repghost_state_78_x2,287,15428173.984700635,141.8813920021057,2188970801
get_dHdl_XVG,total,rep2repghost_state_36_x1,273,16258522.01229041,135.3029294013977,2199825656
get_dHdl_XVG,total,rep2repghost_state_80_x1,320,15322329.254415428,143.58110666275024,2199996991
get_dHdl_XVG,total,rep2repghost_state_28_x1,313,14808892.635824576,148.2479293346405,2195387669
get_dHdl_XVG,total,rep2repghost_state_16_x2,303,15263726.107549459,141.5351758003235,2160354158
get_dHdl_XVG,total,rep2repghost_state_58_x1,298,15477056.638959022,144.72490191459656,2239915504
get_dHdl_XVG,total,rep2repghost_state_66_x2,301,15459504.890128752,142.8992793560028,2209152108
get_dHdl_XVG,total,rep2repghost_state_10_x1,303,14772389.027086519,146.89106440544128,2169931948
get_dHdl_XVG,total,rep2repghost_state_60_x1,278,14289185.318294387,154.37585067749023,2205905139
get_dHdl_XVG,total,rep2repghost_state_4_x2,341,14212794.031862777,153.63846468925476,2183631854
get_dHdl_XVG,total,rep2repghost_state_70_x2,293,14919052.772895787,147.37777876853943,2198736859
get_dHdl_XVG,total,rep2repghost_state_38_x2,286,15091221.582728632,146.7480013370514,2214606605
get_dHdl_XVG,total,rep2repghost_state_76_x1,273,15138270.180559903,140.9055426120758,2133066174
get_dHdl_XVG,total,rep2repghost_state_48_x2,292,16043356.647889635,144.03165769577026,2310751253
get_dHdl_XVG,total,rep2repghost_state_2_x1,327,14471598.690214766,149.31947445869446,2160891511
get_dHdl_XVG,total,rep2repghost_state_0_x1,288,14599883.042417524,145.2311851978302,2120358318
get_dHdl_XVG,total,rep2repghost_state_74_x1,300,15111343.352488311,146.86594462394714,2219341716
get_dHdl_XVG,total,rep2repghost_state_72_x2,303,14985122.467135964,141.78910326957703,2124727077
get_dHdl_XVG,total,rep2repghost_state_6_x2,333,13595833.23845959,160.21590113639832,2178268674
get_dHdl_XVG,total,rep2repghost_state_12_x1,286,15357743.461529324,140.62432670593262,2159672334
get_dHdl_XVG,total,rep2repghost_state_62_x1,299,15415376.204756178,143.43933749198914,2211171350
get_dHdl_XVG,total,rep2repghost_state_14_x2,115,13189674.971661342,169.23803329467773,2232194652
get_dHdl_XVG,total,rep2repghost_state_64_x2,297,14502820.612311779,152.65696144104004,2213956527
get_dHdl_XVG,total,rep2repghost_state_66_x1,303,14342944.214962628,151.05189538002014,2166528909
get_dHdl_XVG,total,rep2repghost_state_58_x2,309,15300337.701663226,143.47549438476562,2195223516
get_dHdl_XVG,total,rep2repghost_state_16_x1,305,15146504.41376981,143.1456334590912,2168155969
get_dHdl_XVG,total,rep2repghost_state_28_x2,326,14663351.238728877,152.07759261131287,2229967156
get_dHdl_XVG,total,rep2repghost_state_80_x2,322,14541153.168512866,149.99161171913147,2181051000
get_dHdl_XVG,total,rep2repghost_state_60_x2,298,15050726.77065407,145.48265099525452,2189619630
get_dHdl_XVG,total,rep2repghost_state_10_x2,300,14903767.638182636,143.92390871047974,2145008493
get_dHdl_XVG,total,rep2repghost_state_70_x1,320,14915664.712480655,148.82732582092285,2219858492
get_dHdl_XVG,total,rep2repghost_state_4_x1,299,14814949.460517012,145.49950695037842,2155567842
get_dHdl_XVG,total,rep2repghost_state_2_x2,295,14783883.901824746,144.51634740829468,2136512902
get_dHdl_XVG,total,rep2repghost_state_48_x1,336,15163275.326814087,151.95167088508606,2304085022
get_dHdl_XVG,total,rep2repghost_state_76_x2,309,14845118.44429829,146.8161072731018,2179502502
get_dHdl_XVG,total,rep2repghost_state_38_x1,305,15361755.32942778,146.46772694587708,2250001385
get_dHdl_XVG,total,rep2repghost_state_74_x2,291,14943689.605846263,146.09199237823486,2183153388
get_dHdl_XVG,total,rep2repghost_state_0_x2,298,14296312.076261971,146.03637671470642,2087781616
get_dHdl_XVG,total,rep2repghost_state_6_x1,305,14671439.274955759,148.71772646903992,2181903093
get_dHdl_XVG,total,rep2repghost_state_72_x1,327,14729701.921462743,151.33225321769714,2229078981
get_dHdl_XVG,total,rep2repghost_state_62_x2,281,15074815.14408483,147.86846947669983,2229089843
get_dHdl_XVG,total,rep2repghost_state_12_x2,330,14409263.781198945,151.89167380332947,2188647194
get_dHdl_XVG,total,rep2repghost_state_64_x1,298,14376550.624243764,153.69757390022278,2209640952
get_dHdl_XVG,total,rep2repghost_state_14_x1,296,14707287.342615655,147.5227916240692,2169660086
