read,/oasis/scratch/comet/hrlee/temp_project/alchemlyb/perf/fsizes/32/0006/WORK/dhdl/dhdl.part0006.xvg,56,1,1564264017.4178174,1564264017.4579122
read,/oasis/scratch/comet/hrlee/temp_project/alchemlyb/perf/fsizes/32/0001/WORK/dhdl/dhdl.part0000.xvg,0,1,1564264017.4173636,1564264017.457993
read,/oasis/scratch/comet/hrlee/temp_project/alchemlyb/perf/fsizes/32/0003/WORK/dhdl/dhdl.part0008.xvg,28,1,1564264017.4175217,1564264017.458049
read,/oasis/scratch/comet/hrlee/temp_project/alchemlyb/perf/fsizes/32/0008/WORK/dhdl/dhdl.part0000.xvg,70,1,1564264017.4179678,1564264017.4580224
read,/oasis/scratch/comet/hrlee/temp_project/alchemlyb/perf/fsizes/32/0015/WORK/dhdl/dhdl.part0000.xvg,140,1,1564264017.4188673,1564264017.458888
read,/oasis/scratch/comet/hrlee/temp_project/alchemlyb/perf/fsizes/32/0005/WORK/dhdl/dhdl.part0002.xvg,42,1,1564264017.4176428,1564264017.468187
read,/oasis/scratch/comet/hrlee/temp_project/alchemlyb/perf/fsizes/32/0002/WORK/dhdl/dhdl.part0004.xvg,14,1,1564264017.4173641,1564264017.4681234
read,/oasis/scratch/comet/hrlee/temp_project/alchemlyb/perf/fsizes/32/0010/WORK/dhdl/dhdl.part0008.xvg,98,1,1564264017.4183342,1564264017.4691436
read,/oasis/scratch/comet/hrlee/temp_project/alchemlyb/perf/fsizes/32/0009/WORK/dhdl/dhdl.part0004.xvg,84,1,1564264017.4181519,1564264017.4691436
read,/oasis/scratch/comet/hrlee/temp_project/alchemlyb/perf/fsizes/32/0012/WORK/dhdl/dhdl.part0002.xvg,112,1,1564264017.4185405,1564264017.469793
read,/oasis/scratch/comet/hrlee/temp_project/alchemlyb/perf/fsizes/32/0016/WORK/dhdl/dhdl.part0004.xvg,154,1,1564264017.425983,1564264017.4736617
read,/oasis/scratch/comet/hrlee/temp_project/alchemlyb/perf/fsizes/32/0004/WORK/dhdl/dhdl.part0005.xvg,35,1,1564264017.4175735,1564264017.4777567
read,/oasis/scratch/comet/hrlee/temp_project/alchemlyb/perf/fsizes/32/0001/WORK/dhdl/dhdl.part0007.xvg,7,1,1564264017.4173687,1564264017.4779203
read,/oasis/scratch/comet/hrlee/temp_project/alchemlyb/perf/fsizes/32/0003/WORK/dhdl/dhdl.part0001.xvg,21,1,1564264017.4174361,1564264017.4779217
read,/oasis/scratch/comet/hrlee/temp_project/alchemlyb/perf/fsizes/32/0005/WORK/dhdl/dhdl.part0009.xvg,49,1,1564264017.417733,1564264017.4783866
read,/oasis/scratch/comet/hrlee/temp_project/alchemlyb/perf/fsizes/32/0010/WORK/dhdl/dhdl.part0001.xvg,91,1,1564264017.4182696,1564264017.4786315
read,/oasis/scratch/comet/hrlee/temp_project/alchemlyb/perf/fsizes/32/0008/WORK/dhdl/dhdl.part0007.xvg,77,1,1564264017.4181087,1564264017.4786394
read,/oasis/scratch/comet/hrlee/temp_project/alchemlyb/perf/fsizes/32/0011/WORK/dhdl/dhdl.part0005.xvg,105,1,1564264017.4184413,1564264017.4789426
read,/oasis/scratch/comet/hrlee/temp_project/alchemlyb/perf/fsizes/32/0012/WORK/dhdl/dhdl.part0009.xvg,119,1,1564264017.4186077,1564264017.4789577
read,/oasis/scratch/comet/hrlee/temp_project/alchemlyb/perf/fsizes/32/0015/WORK/dhdl/dhdl.part0007.xvg,147,1,1564264017.4189181,1564264017.479005
read,/oasis/scratch/comet/hrlee/temp_project/alchemlyb/perf/fsizes/32/0013/WORK/dhdl/dhdl.part0006.xvg,126,1,1564264017.4187424,1564264017.4791057
read,/oasis/scratch/comet/hrlee/temp_project/alchemlyb/perf/fsizes/32/0014/WORK/dhdl/dhdl.part0003.xvg,133,1,1564264017.4188092,1564264017.479769
read,/oasis/scratch/comet/hrlee/temp_project/alchemlyb/perf/fsizes/32/0017/WORK/dhdl/dhdl.part0001.xvg,161,1,1564264017.4397938,1564264017.491021
read,/oasis/scratch/comet/hrlee/temp_project/alchemlyb/perf/fsizes/32/0007/WORK/dhdl/dhdl.part0003.xvg,63,1,1564264017.4179049,1564264017.4944818
read,/oasis/scratch/comet/hrlee/temp_project/alchemlyb/perf/fsizes/32/0006/WORK/dhdl/dhdl.part0007.xvg,57,1,1564264017.4597,1564264017.5074139
read,/oasis/scratch/comet/hrlee/temp_project/alchemlyb/perf/fsizes/32/0008/WORK/dhdl/dhdl.part0001.xvg,71,1,1564264017.4597,1564264017.5080605
read,/oasis/scratch/comet/hrlee/temp_project/alchemlyb/perf/fsizes/32/0015/WORK/dhdl/dhdl.part0001.xvg,141,1,1564264017.4601855,1564264017.5080562
read,/oasis/scratch/comet/hrlee/temp_project/alchemlyb/perf/fsizes/32/0001/WORK/dhdl/dhdl.part0001.xvg,1,1,1564264017.4597108,1564264017.5082495
read,/oasis/scratch/comet/hrlee/temp_project/alchemlyb/perf/fsizes/32/0003/WORK/dhdl/dhdl.part0009.xvg,29,1,1564264017.4597,1564264017.508374
read,/oasis/scratch/comet/hrlee/temp_project/alchemlyb/perf/fsizes/32/0003/WORK/dhdl/dhdl.part0002.xvg,22,1,1564264017.4792817,1564264017.5153387
read,/oasis/scratch/comet/hrlee/temp_project/alchemlyb/perf/fsizes/32/0015/WORK/dhdl/dhdl.part0008.xvg,148,1,1564264017.479879,1564264017.5162206
read,/oasis/scratch/comet/hrlee/temp_project/alchemlyb/perf/fsizes/32/0006/WORK/dhdl/dhdl.part0000.xvg,50,1,1564264017.4805715,1564264017.5169446
read,/oasis/scratch/comet/hrlee/temp_project/alchemlyb/perf/fsizes/32/0005/WORK/dhdl/dhdl.part0003.xvg,43,1,1564264017.4699774,1564264017.524011
read,/oasis/scratch/comet/hrlee/temp_project/alchemlyb/perf/fsizes/32/0010/WORK/dhdl/dhdl.part0009.xvg,99,1,1564264017.4704566,1564264017.5243015
read,/oasis/scratch/comet/hrlee/temp_project/alchemlyb/perf/fsizes/32/0002/WORK/dhdl/dhdl.part0005.xvg,15,1,1564264017.4699786,1564264017.5245364
read,/oasis/scratch/comet/hrlee/temp_project/alchemlyb/perf/fsizes/32/0012/WORK/dhdl/dhdl.part0003.xvg,113,1,1564264017.4710834,1564264017.5247502
read,/oasis/scratch/comet/hrlee/temp_project/alchemlyb/perf/fsizes/32/0009/WORK/dhdl/dhdl.part0005.xvg,85,1,1564264017.4704967,1564264017.5249164
read,/oasis/scratch/comet/hrlee/temp_project/alchemlyb/perf/fsizes/32/0016/WORK/dhdl/dhdl.part0005.xvg,155,1,1564264017.4762442,1564264017.5262558
read,/oasis/scratch/comet/hrlee/temp_project/alchemlyb/perf/fsizes/32/0017/WORK/dhdl/dhdl.part0002.xvg,162,1,1564264017.492632,1564264017.5410419
read,/oasis/scratch/comet/hrlee/temp_project/alchemlyb/perf/fsizes/32/0001/WORK/dhdl/dhdl.part0008.xvg,8,1,1564264017.4792707,1564264017.5419946
read,/oasis/scratch/comet/hrlee/temp_project/alchemlyb/perf/fsizes/32/0004/WORK/dhdl/dhdl.part0006.xvg,36,1,1564264017.479271,1564264017.5420687
read,/oasis/scratch/comet/hrlee/temp_project/alchemlyb/perf/fsizes/32/0010/WORK/dhdl/dhdl.part0002.xvg,92,1,1564264017.4795709,1564264017.5422878
read,/oasis/scratch/comet/hrlee/temp_project/alchemlyb/perf/fsizes/32/0013/WORK/dhdl/dhdl.part0000.xvg,120,1,1564264017.479841,1564264017.5426033
read,/oasis/scratch/comet/hrlee/temp_project/alchemlyb/perf/fsizes/32/0008/WORK/dhdl/dhdl.part0008.xvg,78,1,1564264017.4795446,1564264017.5426085
read,/oasis/scratch/comet/hrlee/temp_project/alchemlyb/perf/fsizes/32/0011/WORK/dhdl/dhdl.part0006.xvg,106,1,1564264017.4798346,1564264017.542751
read,/oasis/scratch/comet/hrlee/temp_project/alchemlyb/perf/fsizes/32/0007/WORK/dhdl/dhdl.part0004.xvg,64,1,1564264017.4968095,1564264017.543537
read,/oasis/scratch/comet/hrlee/temp_project/alchemlyb/perf/fsizes/32/0013/WORK/dhdl/dhdl.part0007.xvg,127,1,1564264017.4805624,1564264017.5453491
read,/oasis/scratch/comet/hrlee/temp_project/alchemlyb/perf/fsizes/32/0014/WORK/dhdl/dhdl.part0004.xvg,134,1,1564264017.4908915,1564264017.5481093
read,/oasis/scratch/comet/hrlee/temp_project/alchemlyb/perf/fsizes/32/0015/WORK/dhdl/dhdl.part0002.xvg,142,1,1564264017.5090227,1564264017.555491
read,/oasis/scratch/comet/hrlee/temp_project/alchemlyb/perf/fsizes/32/0003/WORK/dhdl/dhdl.part0003.xvg,23,1,1564264017.5169625,1564264017.561335
read,/oasis/scratch/comet/hrlee/temp_project/alchemlyb/perf/fsizes/32/0006/WORK/dhdl/dhdl.part0001.xvg,51,1,1564264017.5180078,1564264017.5613775
read,/oasis/scratch/comet/hrlee/temp_project/alchemlyb/perf/fsizes/32/0015/WORK/dhdl/dhdl.part0009.xvg,149,1,1564264017.5173917,1564264017.5623062
read,/oasis/scratch/comet/hrlee/temp_project/alchemlyb/perf/fsizes/32/0006/WORK/dhdl/dhdl.part0008.xvg,58,1,1564264017.508813,1564264017.5720003
read,/oasis/scratch/comet/hrlee/temp_project/alchemlyb/perf/fsizes/32/0008/WORK/dhdl/dhdl.part0002.xvg,72,1,1564264017.5090177,1564264017.5724974
read,/oasis/scratch/comet/hrlee/temp_project/alchemlyb/perf/fsizes/32/0017/WORK/dhdl/dhdl.part0003.xvg,163,1,1564264017.542391,1564264017.5727837
read,/oasis/scratch/comet/hrlee/temp_project/alchemlyb/perf/fsizes/32/0001/WORK/dhdl/dhdl.part0002.xvg,2,1,1564264017.50905,1564264017.5737815
read,/oasis/scratch/comet/hrlee/temp_project/alchemlyb/perf/fsizes/32/0004/WORK/dhdl/dhdl.part0000.xvg,30,1,1564264017.5091624,1564264017.573952
read,/oasis/scratch/comet/hrlee/temp_project/alchemlyb/perf/fsizes/32/0005/WORK/dhdl/dhdl.part0004.xvg,44,1,1564264017.5254188,1564264017.5772698
read,/oasis/scratch/comet/hrlee/temp_project/alchemlyb/perf/fsizes/32/0011/WORK/dhdl/dhdl.part0000.xvg,100,1,1564264017.5254214,1564264017.577649
read,/oasis/scratch/comet/hrlee/temp_project/alchemlyb/perf/fsizes/32/0002/WORK/dhdl/dhdl.part0006.xvg,16,1,1564264017.5254478,1564264017.5779185
read,/oasis/scratch/comet/hrlee/temp_project/alchemlyb/perf/fsizes/32/0009/WORK/dhdl/dhdl.part0006.xvg,86,1,1564264017.5256963,1564264017.5781844
read,/oasis/scratch/comet/hrlee/temp_project/alchemlyb/perf/fsizes/32/0012/WORK/dhdl/dhdl.part0004.xvg,114,1,1564264017.525524,1564264017.5835319
read,/oasis/scratch/comet/hrlee/temp_project/alchemlyb/perf/fsizes/32/0016/WORK/dhdl/dhdl.part0006.xvg,156,1,1564264017.5277023,1564264017.584751
read,/oasis/scratch/comet/hrlee/temp_project/alchemlyb/perf/fsizes/32/0007/WORK/dhdl/dhdl.part0005.xvg,65,1,1564264017.5448954,1564264017.593095
read,/oasis/scratch/comet/hrlee/temp_project/alchemlyb/perf/fsizes/32/0015/WORK/dhdl/dhdl.part0003.xvg,143,1,1564264017.557062,1564264017.6008976
read,/oasis/scratch/comet/hrlee/temp_project/alchemlyb/perf/fsizes/32/0001/WORK/dhdl/dhdl.part0009.xvg,9,1,1564264017.5429575,1564264017.609287
read,/oasis/scratch/comet/hrlee/temp_project/alchemlyb/perf/fsizes/32/0016/WORK/dhdl/dhdl.part0000.xvg,150,1,1564264017.56334,1564264017.610884
read,/oasis/scratch/comet/hrlee/temp_project/alchemlyb/perf/fsizes/32/0010/WORK/dhdl/dhdl.part0003.xvg,93,1,1564264017.5434568,1564264017.611218
read,/oasis/scratch/comet/hrlee/temp_project/alchemlyb/perf/fsizes/32/0004/WORK/dhdl/dhdl.part0007.xvg,37,1,1564264017.543364,1564264017.611329
read,/oasis/scratch/comet/hrlee/temp_project/alchemlyb/perf/fsizes/32/0008/WORK/dhdl/dhdl.part0009.xvg,79,1,1564264017.5438418,1564264017.6116543
read,/oasis/scratch/comet/hrlee/temp_project/alchemlyb/perf/fsizes/32/0013/WORK/dhdl/dhdl.part0001.xvg,121,1,1564264017.5437057,1564264017.6118066
read,/oasis/scratch/comet/hrlee/temp_project/alchemlyb/perf/fsizes/32/0011/WORK/dhdl/dhdl.part0007.xvg,107,1,1564264017.5459683,1564264017.6139705
read,/oasis/scratch/comet/hrlee/temp_project/alchemlyb/perf/fsizes/32/0013/WORK/dhdl/dhdl.part0008.xvg,128,1,1564264017.5484102,1564264017.6148977
read,/oasis/scratch/comet/hrlee/temp_project/alchemlyb/perf/fsizes/32/0014/WORK/dhdl/dhdl.part0005.xvg,135,1,1564264017.549183,1564264017.6152155
read,/oasis/scratch/comet/hrlee/temp_project/alchemlyb/perf/fsizes/32/0003/WORK/dhdl/dhdl.part0004.xvg,24,1,1564264017.5626028,1564264017.6216102
read,/oasis/scratch/comet/hrlee/temp_project/alchemlyb/perf/fsizes/32/0006/WORK/dhdl/dhdl.part0002.xvg,52,1,1564264017.566796,1564264017.6230996
read,/oasis/scratch/comet/hrlee/temp_project/alchemlyb/perf/fsizes/32/0011/WORK/dhdl/dhdl.part0001.xvg,101,1,1564264017.5786169,1564264017.6241748
read,/oasis/scratch/comet/hrlee/temp_project/alchemlyb/perf/fsizes/32/0005/WORK/dhdl/dhdl.part0005.xvg,45,1,1564264017.5786204,1564264017.6242306
read,/oasis/scratch/comet/hrlee/temp_project/alchemlyb/perf/fsizes/32/0002/WORK/dhdl/dhdl.part0007.xvg,17,1,1564264017.5787551,1564264017.6246223
read,/oasis/scratch/comet/hrlee/temp_project/alchemlyb/perf/fsizes/32/0009/WORK/dhdl/dhdl.part0007.xvg,87,1,1564264017.5789785,1564264017.6250944
read,/oasis/scratch/comet/hrlee/temp_project/alchemlyb/perf/fsizes/32/0017/WORK/dhdl/dhdl.part0004.xvg,164,1,1564264017.5738192,1564264017.6255076
read,/oasis/scratch/comet/hrlee/temp_project/alchemlyb/perf/fsizes/32/0006/WORK/dhdl/dhdl.part0009.xvg,59,1,1564264017.5731888,1564264017.6295137
read,/oasis/scratch/comet/hrlee/temp_project/alchemlyb/perf/fsizes/32/0008/WORK/dhdl/dhdl.part0003.xvg,73,1,1564264017.5734892,1564264017.629912
read,/oasis/scratch/comet/hrlee/temp_project/alchemlyb/perf/fsizes/32/0001/WORK/dhdl/dhdl.part0003.xvg,3,1,1564264017.574772,1564264017.6343632
read,/oasis/scratch/comet/hrlee/temp_project/alchemlyb/perf/fsizes/32/0004/WORK/dhdl/dhdl.part0001.xvg,31,1,1564264017.5748022,1564264017.635355
read,/oasis/scratch/comet/hrlee/temp_project/alchemlyb/perf/fsizes/32/0012/WORK/dhdl/dhdl.part0005.xvg,115,1,1564264017.58547,1564264017.6441903
read,/oasis/scratch/comet/hrlee/temp_project/alchemlyb/perf/fsizes/32/0016/WORK/dhdl/dhdl.part0007.xvg,157,1,1564264017.5871506,1564264017.6451766
read,/oasis/scratch/comet/hrlee/temp_project/alchemlyb/perf/fsizes/32/0002/WORK/dhdl/dhdl.part0000.xvg,10,1,1564264017.610527,1564264017.649628
read,/oasis/scratch/comet/hrlee/temp_project/alchemlyb/perf/fsizes/32/0016/WORK/dhdl/dhdl.part0001.xvg,151,1,1564264017.6118982,1564264017.6513395
read,/oasis/scratch/comet/hrlee/temp_project/alchemlyb/perf/fsizes/32/0004/WORK/dhdl/dhdl.part0008.xvg,38,1,1564264017.6120992,1564264017.6519268
read,/oasis/scratch/comet/hrlee/temp_project/alchemlyb/perf/fsizes/32/0007/WORK/dhdl/dhdl.part0006.xvg,66,1,1564264017.5952294,1564264017.6521387
read,/oasis/scratch/comet/hrlee/temp_project/alchemlyb/perf/fsizes/32/0011/WORK/dhdl/dhdl.part0008.xvg,108,1,1564264017.6150262,1564264017.6549928
read,/oasis/scratch/comet/hrlee/temp_project/alchemlyb/perf/fsizes/32/0013/WORK/dhdl/dhdl.part0009.xvg,129,1,1564264017.6157525,1564264017.6558568
read,/oasis/scratch/comet/hrlee/temp_project/alchemlyb/perf/fsizes/32/0015/WORK/dhdl/dhdl.part0004.xvg,144,1,1564264017.6028693,1564264017.6557922
read,/oasis/scratch/comet/hrlee/temp_project/alchemlyb/perf/fsizes/32/0010/WORK/dhdl/dhdl.part0004.xvg,94,1,1564264017.6119998,1564264017.6656916
read,/oasis/scratch/comet/hrlee/temp_project/alchemlyb/perf/fsizes/32/0014/WORK/dhdl/dhdl.part0006.xvg,136,1,1564264017.6160135,1564264017.6734593
read,/oasis/scratch/comet/hrlee/temp_project/alchemlyb/perf/fsizes/32/0009/WORK/dhdl/dhdl.part0000.xvg,80,1,1564264017.6150353,1564264017.6734593
read,/oasis/scratch/comet/hrlee/temp_project/alchemlyb/perf/fsizes/32/0005/WORK/dhdl/dhdl.part0006.xvg,46,1,1564264017.6252055,1564264017.6785467
read,/oasis/scratch/comet/hrlee/temp_project/alchemlyb/perf/fsizes/32/0011/WORK/dhdl/dhdl.part0002.xvg,102,1,1564264017.6252067,1564264017.6785429
read,/oasis/scratch/comet/hrlee/temp_project/alchemlyb/perf/fsizes/32/0013/WORK/dhdl/dhdl.part0002.xvg,122,1,1564264017.6222904,1564264017.678872
read,/oasis/scratch/comet/hrlee/temp_project/alchemlyb/perf/fsizes/32/0003/WORK/dhdl/dhdl.part0005.xvg,25,1,1564264017.622855,1564264017.679104
read,/oasis/scratch/comet/hrlee/temp_project/alchemlyb/perf/fsizes/32/0009/WORK/dhdl/dhdl.part0008.xvg,88,1,1564264017.625993,1564264017.6792614
read,/oasis/scratch/comet/hrlee/temp_project/alchemlyb/perf/fsizes/32/0002/WORK/dhdl/dhdl.part0008.xvg,18,1,1564264017.6254187,1564264017.6792974
read,/oasis/scratch/comet/hrlee/temp_project/alchemlyb/perf/fsizes/32/0006/WORK/dhdl/dhdl.part0003.xvg,53,1,1564264017.6244848,1564264017.6807094
read,/oasis/scratch/comet/hrlee/temp_project/alchemlyb/perf/fsizes/32/0017/WORK/dhdl/dhdl.part0005.xvg,165,1,1564264017.626595,1564264017.6817381
read,/oasis/scratch/comet/hrlee/temp_project/alchemlyb/perf/fsizes/32/0008/WORK/dhdl/dhdl.part0004.xvg,74,1,1564264017.6309488,1564264017.6820576
read,/oasis/scratch/comet/hrlee/temp_project/alchemlyb/perf/fsizes/32/0007/WORK/dhdl/dhdl.part0000.xvg,60,1,1564264017.630832,1564264017.6820378
read,/oasis/scratch/comet/hrlee/temp_project/alchemlyb/perf/fsizes/32/0001/WORK/dhdl/dhdl.part0004.xvg,4,1,1564264017.6358724,1564264017.6843874
read,/oasis/scratch/comet/hrlee/temp_project/alchemlyb/perf/fsizes/32/0004/WORK/dhdl/dhdl.part0002.xvg,32,1,1564264017.6366088,1564264017.6846783
read,/oasis/scratch/comet/hrlee/temp_project/alchemlyb/perf/fsizes/32/0012/WORK/dhdl/dhdl.part0006.xvg,116,1,1564264017.6457503,1564264017.6908615
read,/oasis/scratch/comet/hrlee/temp_project/alchemlyb/perf/fsizes/32/0016/WORK/dhdl/dhdl.part0008.xvg,158,1,1564264017.6465118,1564264017.6911044
read,/oasis/scratch/comet/hrlee/temp_project/alchemlyb/perf/fsizes/32/0002/WORK/dhdl/dhdl.part0001.xvg,11,1,1564264017.6511083,1564264017.6912208
read,/oasis/scratch/comet/hrlee/temp_project/alchemlyb/perf/fsizes/32/0016/WORK/dhdl/dhdl.part0002.xvg,152,1,1564264017.6526759,1564264017.6926477
read,/oasis/scratch/comet/hrlee/temp_project/alchemlyb/perf/fsizes/32/0004/WORK/dhdl/dhdl.part0009.xvg,39,1,1564264017.6530259,1564264017.6927867
read,/oasis/scratch/comet/hrlee/temp_project/alchemlyb/perf/fsizes/32/0011/WORK/dhdl/dhdl.part0009.xvg,109,1,1564264017.6564252,1564264017.6942625
read,/oasis/scratch/comet/hrlee/temp_project/alchemlyb/perf/fsizes/32/0007/WORK/dhdl/dhdl.part0007.xvg,67,1,1564264017.6534953,1564264017.69494
read,/oasis/scratch/comet/hrlee/temp_project/alchemlyb/perf/fsizes/32/0014/WORK/dhdl/dhdl.part0000.xvg,130,1,1564264017.65706,1564264017.6950026
read,/oasis/scratch/comet/hrlee/temp_project/alchemlyb/perf/fsizes/32/0015/WORK/dhdl/dhdl.part0005.xvg,145,1,1564264017.6571505,1564264017.6953785
read,/oasis/scratch/comet/hrlee/temp_project/alchemlyb/perf/fsizes/32/0010/WORK/dhdl/dhdl.part0005.xvg,95,1,1564264017.6672807,1564264017.7034245
read,/oasis/scratch/comet/hrlee/temp_project/alchemlyb/perf/fsizes/32/0013/WORK/dhdl/dhdl.part0003.xvg,123,1,1564264017.6960452,1564264017.745201
read,/oasis/scratch/comet/hrlee/temp_project/alchemlyb/perf/fsizes/32/0006/WORK/dhdl/dhdl.part0004.xvg,54,1,1564264017.6965818,1564264017.7455919
read,/oasis/scratch/comet/hrlee/temp_project/alchemlyb/perf/fsizes/32/0012/WORK/dhdl/dhdl.part0000.xvg,110,1,1564264017.6967895,1564264017.7456112
read,/oasis/scratch/comet/hrlee/temp_project/alchemlyb/perf/fsizes/32/0016/WORK/dhdl/dhdl.part0003.xvg,153,1,1564264017.6966329,1564264017.7457743
read,/oasis/scratch/comet/hrlee/temp_project/alchemlyb/perf/fsizes/32/0011/WORK/dhdl/dhdl.part0003.xvg,103,1,1564264017.6962147,1564264017.7531524
read,/oasis/scratch/comet/hrlee/temp_project/alchemlyb/perf/fsizes/32/0017/WORK/dhdl/dhdl.part0006.xvg,166,1,1564264017.6964552,1564264017.7532163
read,/oasis/scratch/comet/hrlee/temp_project/alchemlyb/perf/fsizes/32/0008/WORK/dhdl/dhdl.part0005.xvg,75,1,1564264017.6963801,1564264017.7533538
read,/oasis/scratch/comet/hrlee/temp_project/alchemlyb/perf/fsizes/32/0001/WORK/dhdl/dhdl.part0005.xvg,5,1,1564264017.696469,1564264017.7533832
read,/oasis/scratch/comet/hrlee/temp_project/alchemlyb/perf/fsizes/32/0015/WORK/dhdl/dhdl.part0006.xvg,146,1,1564264017.6968231,1564264017.7535136
read,/oasis/scratch/comet/hrlee/temp_project/alchemlyb/perf/fsizes/32/0009/WORK/dhdl/dhdl.part0009.xvg,89,1,1564264017.6963112,1564264017.7536976
read,/oasis/scratch/comet/hrlee/temp_project/alchemlyb/perf/fsizes/32/0007/WORK/dhdl/dhdl.part0001.xvg,61,1,1564264017.6966655,1564264017.753722
read,/oasis/scratch/comet/hrlee/temp_project/alchemlyb/perf/fsizes/32/0009/WORK/dhdl/dhdl.part0001.xvg,81,1,1564264017.696427,1564264017.7539084
read,/oasis/scratch/comet/hrlee/temp_project/alchemlyb/perf/fsizes/32/0005/WORK/dhdl/dhdl.part0000.xvg,40,1,1564264017.6965194,1564264017.753933
read,/oasis/scratch/comet/hrlee/temp_project/alchemlyb/perf/fsizes/32/0014/WORK/dhdl/dhdl.part0007.xvg,137,1,1564264017.6969135,1564264017.7539618
read,/oasis/scratch/comet/hrlee/temp_project/alchemlyb/perf/fsizes/32/0004/WORK/dhdl/dhdl.part0003.xvg,33,1,1564264017.6970215,1564264017.7540178
read,/oasis/scratch/comet/hrlee/temp_project/alchemlyb/perf/fsizes/32/0002/WORK/dhdl/dhdl.part0002.xvg,12,1,1564264017.6968353,1564264017.754132
read,/oasis/scratch/comet/hrlee/temp_project/alchemlyb/perf/fsizes/32/0002/WORK/dhdl/dhdl.part0009.xvg,19,1,1564264017.7041574,1564264017.7545853
read,/oasis/scratch/comet/hrlee/temp_project/alchemlyb/perf/fsizes/32/0016/WORK/dhdl/dhdl.part0009.xvg,159,1,1564264017.6965628,1564264017.7559798
read,/oasis/scratch/comet/hrlee/temp_project/alchemlyb/perf/fsizes/32/0005/WORK/dhdl/dhdl.part0007.xvg,47,1,1564264017.6962707,1564264017.756019
read,/oasis/scratch/comet/hrlee/temp_project/alchemlyb/perf/fsizes/32/0003/WORK/dhdl/dhdl.part0006.xvg,26,1,1564264017.6963904,1564264017.7561173
read,/oasis/scratch/comet/hrlee/temp_project/alchemlyb/perf/fsizes/32/0007/WORK/dhdl/dhdl.part0008.xvg,68,1,1564264017.696851,1564264017.7562392
read,/oasis/scratch/comet/hrlee/temp_project/alchemlyb/perf/fsizes/32/0012/WORK/dhdl/dhdl.part0007.xvg,117,1,1564264017.6969297,1564264017.7565892
read,/oasis/scratch/comet/hrlee/temp_project/alchemlyb/perf/fsizes/32/0014/WORK/dhdl/dhdl.part0001.xvg,131,1,1564264017.6971388,1564264017.756695
read,/oasis/scratch/comet/hrlee/temp_project/alchemlyb/perf/fsizes/32/0010/WORK/dhdl/dhdl.part0006.xvg,96,1,1564264017.7046375,1564264017.7589889
read,/oasis/scratch/comet/hrlee/temp_project/alchemlyb/perf/fsizes/32/0011/WORK/dhdl/dhdl.part0004.xvg,104,1,1564264017.7542582,1564264017.7900662
read,/oasis/scratch/comet/hrlee/temp_project/alchemlyb/perf/fsizes/32/0006/WORK/dhdl/dhdl.part0005.xvg,55,1,1564264017.7468894,1564264017.7936137
read,/oasis/scratch/comet/hrlee/temp_project/alchemlyb/perf/fsizes/32/0013/WORK/dhdl/dhdl.part0004.xvg,124,1,1564264017.746604,1564264017.7937322
read,/oasis/scratch/comet/hrlee/temp_project/alchemlyb/perf/fsizes/32/0012/WORK/dhdl/dhdl.part0001.xvg,111,1,1564264017.7468863,1564264017.793942
read,/oasis/scratch/comet/hrlee/temp_project/alchemlyb/perf/fsizes/32/0005/WORK/dhdl/dhdl.part0008.xvg,48,1,1564264017.7570186,1564264017.7948196
read,/oasis/scratch/comet/hrlee/temp_project/alchemlyb/perf/fsizes/32/0014/WORK/dhdl/dhdl.part0002.xvg,132,1,1564264017.7575028,1564264017.7951536
read,/oasis/scratch/comet/hrlee/temp_project/alchemlyb/perf/fsizes/32/0004/WORK/dhdl/dhdl.part0004.xvg,34,1,1564264017.7548835,1564264017.805501
read,/oasis/scratch/comet/hrlee/temp_project/alchemlyb/perf/fsizes/32/0017/WORK/dhdl/dhdl.part0007.xvg,167,1,1564264017.7544446,1564264017.8107877
read,/oasis/scratch/comet/hrlee/temp_project/alchemlyb/perf/fsizes/32/0017/WORK/dhdl/dhdl.part0008.xvg,168,1,1564264017.7538242,1564264017.8106925
read,/oasis/scratch/comet/hrlee/temp_project/alchemlyb/perf/fsizes/32/0014/WORK/dhdl/dhdl.part0008.xvg,138,1,1564264017.754748,1564264017.8112152
read,/oasis/scratch/comet/hrlee/temp_project/alchemlyb/perf/fsizes/32/0009/WORK/dhdl/dhdl.part0002.xvg,82,1,1564264017.754724,1564264017.8112867
read,/oasis/scratch/comet/hrlee/temp_project/alchemlyb/perf/fsizes/32/0005/WORK/dhdl/dhdl.part0001.xvg,41,1,1564264017.7547204,1564264017.8117416
read,/oasis/scratch/comet/hrlee/temp_project/alchemlyb/perf/fsizes/32/0003/WORK/dhdl/dhdl.part0000.xvg,20,1,1564264017.7554457,1564264017.811774
read,/oasis/scratch/comet/hrlee/temp_project/alchemlyb/perf/fsizes/32/0008/WORK/dhdl/dhdl.part0006.xvg,76,1,1564264017.7542267,1564264017.8123488
read,/oasis/scratch/comet/hrlee/temp_project/alchemlyb/perf/fsizes/32/0002/WORK/dhdl/dhdl.part0003.xvg,13,1,1564264017.755623,1564264017.813121
read,/oasis/scratch/comet/hrlee/temp_project/alchemlyb/perf/fsizes/32/0010/WORK/dhdl/dhdl.part0000.xvg,90,1,1564264017.7544935,1564264017.8133445
read,/oasis/scratch/comet/hrlee/temp_project/alchemlyb/perf/fsizes/32/0001/WORK/dhdl/dhdl.part0006.xvg,6,1,1564264017.7542272,1564264017.8134263
read,/oasis/scratch/comet/hrlee/temp_project/alchemlyb/perf/fsizes/32/0018/WORK/dhdl/dhdl.part0005.xvg,175,1,1564264017.7546024,1564264017.8137972
read,/oasis/scratch/comet/hrlee/temp_project/alchemlyb/perf/fsizes/32/0007/WORK/dhdl/dhdl.part0002.xvg,62,1,1564264017.7546175,1564264017.8143458
read,/oasis/scratch/comet/hrlee/temp_project/alchemlyb/perf/fsizes/32/0010/WORK/dhdl/dhdl.part0007.xvg,97,1,1564264017.7601566,1564264017.8143418
read,/oasis/scratch/comet/hrlee/temp_project/alchemlyb/perf/fsizes/32/0017/WORK/dhdl/dhdl.part0000.xvg,160,1,1564264017.75702,1564264017.81509
read,/oasis/scratch/comet/hrlee/temp_project/alchemlyb/perf/fsizes/32/0007/WORK/dhdl/dhdl.part0009.xvg,69,1,1564264017.757021,1564264017.8154943
read,/oasis/scratch/comet/hrlee/temp_project/alchemlyb/perf/fsizes/32/0012/WORK/dhdl/dhdl.part0008.xvg,118,1,1564264017.7574427,1564264017.8156123
read,/oasis/scratch/comet/hrlee/temp_project/alchemlyb/perf/fsizes/32/0003/WORK/dhdl/dhdl.part0007.xvg,27,1,1564264017.7570257,1564264017.8157682
read,/oasis/scratch/comet/hrlee/temp_project/alchemlyb/perf/fsizes/32/0019/WORK/dhdl/dhdl.part0002.xvg,182,1,1564264017.792424,1564264017.8438897
read,/oasis/scratch/comet/hrlee/temp_project/alchemlyb/perf/fsizes/32/0019/WORK/dhdl/dhdl.part0009.xvg,189,1,1564264017.795126,1564264017.8464653
read,/oasis/scratch/comet/hrlee/temp_project/alchemlyb/perf/fsizes/32/0013/WORK/dhdl/dhdl.part0005.xvg,125,1,1564264017.7950904,1564264017.8492746
read,/oasis/scratch/comet/hrlee/temp_project/alchemlyb/perf/fsizes/32/0022/WORK/dhdl/dhdl.part0000.xvg,210,1,1564264017.7966852,1564264017.8505225
read,/oasis/scratch/comet/hrlee/temp_project/alchemlyb/perf/fsizes/32/0021/WORK/dhdl/dhdl.part0003.xvg,203,1,1564264017.7967443,1564264017.8511283
read,/oasis/scratch/comet/hrlee/temp_project/alchemlyb/perf/fsizes/32/0020/WORK/dhdl/dhdl.part0006.xvg,196,1,1564264017.8058102,1564264017.8602703
read,/oasis/scratch/comet/hrlee/temp_project/alchemlyb/perf/fsizes/32/0022/WORK/dhdl/dhdl.part0007.xvg,217,1,1564264017.8071136,1564264017.8611884
read,/oasis/scratch/comet/hrlee/temp_project/alchemlyb/perf/fsizes/32/0026/WORK/dhdl/dhdl.part0002.xvg,252,1,1564264017.8146126,1564264017.862846
read,/oasis/scratch/comet/hrlee/temp_project/alchemlyb/perf/fsizes/32/0026/WORK/dhdl/dhdl.part0009.xvg,259,1,1564264017.814615,1564264017.8631425
read,/oasis/scratch/comet/hrlee/temp_project/alchemlyb/perf/fsizes/32/0028/WORK/dhdl/dhdl.part0003.xvg,273,1,1564264017.8155496,1564264017.863581
read,/oasis/scratch/comet/hrlee/temp_project/alchemlyb/perf/fsizes/32/0029/WORK/dhdl/dhdl.part0007.xvg,287,1,1564264017.816697,1564264017.8652723
read,/oasis/scratch/comet/hrlee/temp_project/alchemlyb/perf/fsizes/32/0025/WORK/dhdl/dhdl.part0005.xvg,245,1,1564264017.813773,1564264017.865567
read,/oasis/scratch/comet/hrlee/temp_project/alchemlyb/perf/fsizes/32/0018/WORK/dhdl/dhdl.part0006.xvg,176,1,1564264017.8146806,1564264017.8662708
read,/oasis/scratch/comet/hrlee/temp_project/alchemlyb/perf/fsizes/32/0023/WORK/dhdl/dhdl.part0004.xvg,224,1,1564264017.8120224,1564264017.8674161
read,/oasis/scratch/comet/hrlee/temp_project/alchemlyb/perf/fsizes/32/0030/WORK/dhdl/dhdl.part0004.xvg,294,1,1564264017.816701,1564264017.8681498
read,/oasis/scratch/comet/hrlee/temp_project/alchemlyb/perf/fsizes/32/0024/WORK/dhdl/dhdl.part0001.xvg,231,1,1564264017.8126364,1564264017.8683612
read,/oasis/scratch/comet/hrlee/temp_project/alchemlyb/perf/fsizes/32/0009/WORK/dhdl/dhdl.part0003.xvg,83,1,1564264017.8120315,1564264017.8688102
read,/oasis/scratch/comet/hrlee/temp_project/alchemlyb/perf/fsizes/32/0014/WORK/dhdl/dhdl.part0009.xvg,139,1,1564264017.8120217,1564264017.868815
read,/oasis/scratch/comet/hrlee/temp_project/alchemlyb/perf/fsizes/32/0024/WORK/dhdl/dhdl.part0008.xvg,238,1,1564264017.8127515,1564264017.8694897
read,/oasis/scratch/comet/hrlee/temp_project/alchemlyb/perf/fsizes/32/0027/WORK/dhdl/dhdl.part0006.xvg,266,1,1564264017.8147385,1564264017.869887
read,/oasis/scratch/comet/hrlee/temp_project/alchemlyb/perf/fsizes/32/0029/WORK/dhdl/dhdl.part0000.xvg,280,1,1564264017.815725,1564264017.8712964
read,/oasis/scratch/comet/hrlee/temp_project/alchemlyb/perf/fsizes/32/0017/WORK/dhdl/dhdl.part0009.xvg,169,1,1564264017.8135598,1564264017.8729196
read,/oasis/scratch/comet/hrlee/temp_project/alchemlyb/perf/fsizes/32/0031/WORK/dhdl/dhdl.part0001.xvg,301,1,1564264017.816861,1564264017.8746102
read,/oasis/scratch/comet/hrlee/temp_project/alchemlyb/perf/fsizes/32/0031/WORK/dhdl/dhdl.part0008.xvg,308,1,1564264017.8271856,1564264017.8855748
read,/oasis/scratch/comet/hrlee/temp_project/alchemlyb/perf/fsizes/32/0019/WORK/dhdl/dhdl.part0003.xvg,183,1,1564264017.8457704,1564264017.8985891
read,/oasis/scratch/comet/hrlee/temp_project/alchemlyb/perf/fsizes/32/0020/WORK/dhdl/dhdl.part0000.xvg,190,1,1564264017.8485177,1564264017.9032254
read,/oasis/scratch/comet/hrlee/temp_project/alchemlyb/perf/fsizes/32/0032/WORK/dhdl/dhdl.part0005.xvg,315,1,1564264017.851413,1564264017.9076083
read,/oasis/scratch/comet/hrlee/temp_project/alchemlyb/perf/fsizes/32/0022/WORK/dhdl/dhdl.part0001.xvg,211,1,1564264017.8518178,1564264017.9092128
read,/oasis/scratch/comet/hrlee/temp_project/alchemlyb/perf/fsizes/32/0021/WORK/dhdl/dhdl.part0004.xvg,204,1,1564264017.8524184,1564264017.9097955
read,/oasis/scratch/comet/hrlee/temp_project/alchemlyb/perf/fsizes/32/0028/WORK/dhdl/dhdl.part0004.xvg,274,1,1564264017.8645308,1564264017.9163287
read,/oasis/scratch/comet/hrlee/temp_project/alchemlyb/perf/fsizes/32/0027/WORK/dhdl/dhdl.part0000.xvg,260,1,1564264017.8642967,1564264017.9162493
read,/oasis/scratch/comet/hrlee/temp_project/alchemlyb/perf/fsizes/32/0026/WORK/dhdl/dhdl.part0003.xvg,253,1,1564264017.8642986,1564264017.9163456
read,/oasis/scratch/comet/hrlee/temp_project/alchemlyb/perf/fsizes/32/0020/WORK/dhdl/dhdl.part0007.xvg,197,1,1564264017.8619163,1564264017.916781
read,/oasis/scratch/comet/hrlee/temp_project/alchemlyb/perf/fsizes/32/0029/WORK/dhdl/dhdl.part0008.xvg,288,1,1564264017.8665304,1564264017.9178696
read,/oasis/scratch/comet/hrlee/temp_project/alchemlyb/perf/fsizes/32/0022/WORK/dhdl/dhdl.part0008.xvg,218,1,1564264017.8623252,1564264017.9182281
read,/oasis/scratch/comet/hrlee/temp_project/alchemlyb/perf/fsizes/32/0025/WORK/dhdl/dhdl.part0006.xvg,246,1,1564264017.8665311,1564264017.9208243
read,/oasis/scratch/comet/hrlee/temp_project/alchemlyb/perf/fsizes/32/0018/WORK/dhdl/dhdl.part0007.xvg,177,1,1564264017.867238,1564264017.921515
read,/oasis/scratch/comet/hrlee/temp_project/alchemlyb/perf/fsizes/32/0030/WORK/dhdl/dhdl.part0005.xvg,295,1,1564264017.8693616,1564264017.9231958
read,/oasis/scratch/comet/hrlee/temp_project/alchemlyb/perf/fsizes/32/0023/WORK/dhdl/dhdl.part0005.xvg,225,1,1564264017.8684878,1564264017.9242022
read,/oasis/scratch/comet/hrlee/temp_project/alchemlyb/perf/fsizes/32/0024/WORK/dhdl/dhdl.part0002.xvg,232,1,1564264017.8691945,1564264017.926284
read,/oasis/scratch/comet/hrlee/temp_project/alchemlyb/perf/fsizes/32/0033/WORK/dhdl/dhdl.part0009.xvg,329,1,1564264017.869945,1564264017.9262838
read,/oasis/scratch/comet/hrlee/temp_project/alchemlyb/perf/fsizes/32/0027/WORK/dhdl/dhdl.part0007.xvg,267,1,1564264017.8706586,1564264017.9264092
read,/oasis/scratch/comet/hrlee/temp_project/alchemlyb/perf/fsizes/32/0033/WORK/dhdl/dhdl.part0002.xvg,322,1,1564264017.869919,1564264017.9270532
read,/oasis/scratch/comet/hrlee/temp_project/alchemlyb/perf/fsizes/32/0024/WORK/dhdl/dhdl.part0009.xvg,239,1,1564264017.870278,1564264017.9271607
read,/oasis/scratch/comet/hrlee/temp_project/alchemlyb/perf/fsizes/32/0031/WORK/dhdl/dhdl.part0002.xvg,302,1,1564264017.876277,1564264017.9278817
read,/oasis/scratch/comet/hrlee/temp_project/alchemlyb/perf/fsizes/32/0029/WORK/dhdl/dhdl.part0001.xvg,281,1,1564264017.872398,1564264017.9283326
read,/oasis/scratch/comet/hrlee/temp_project/alchemlyb/perf/fsizes/32/0018/WORK/dhdl/dhdl.part0000.xvg,170,1,1564264017.8741639,1564264017.931198
read,/oasis/scratch/comet/hrlee/temp_project/alchemlyb/perf/fsizes/32/0031/WORK/dhdl/dhdl.part0009.xvg,309,1,1564264017.8874097,1564264017.9390194
read,/oasis/scratch/comet/hrlee/temp_project/alchemlyb/perf/fsizes/32/0019/WORK/dhdl/dhdl.part0004.xvg,184,1,1564264017.9004378,1564264017.9513328
read,/oasis/scratch/comet/hrlee/temp_project/alchemlyb/perf/fsizes/32/0020/WORK/dhdl/dhdl.part0001.xvg,191,1,1564264017.9051354,1564264017.9568446
read,/oasis/scratch/comet/hrlee/temp_project/alchemlyb/perf/fsizes/32/0032/WORK/dhdl/dhdl.part0006.xvg,316,1,1564264017.9093533,1564264017.9632285
read,/oasis/scratch/comet/hrlee/temp_project/alchemlyb/perf/fsizes/32/0021/WORK/dhdl/dhdl.part0005.xvg,205,1,1564264017.9110622,1564264017.9680028
read,/oasis/scratch/comet/hrlee/temp_project/alchemlyb/perf/fsizes/32/0022/WORK/dhdl/dhdl.part0002.xvg,212,1,1564264017.9107244,1564264017.9683087
read,/oasis/scratch/comet/hrlee/temp_project/alchemlyb/perf/fsizes/32/0028/WORK/dhdl/dhdl.part0005.xvg,275,1,1564264017.9177237,1564264017.970584
read,/oasis/scratch/comet/hrlee/temp_project/alchemlyb/perf/fsizes/32/0026/WORK/dhdl/dhdl.part0004.xvg,254,1,1564264017.9177237,1564264017.9709225
read,/oasis/scratch/comet/hrlee/temp_project/alchemlyb/perf/fsizes/32/0027/WORK/dhdl/dhdl.part0001.xvg,261,1,1564264017.9177237,1564264017.971331
read,/oasis/scratch/comet/hrlee/temp_project/alchemlyb/perf/fsizes/32/0020/WORK/dhdl/dhdl.part0008.xvg,198,1,1564264017.9180093,1564264017.97156
read,/oasis/scratch/comet/hrlee/temp_project/alchemlyb/perf/fsizes/32/0022/WORK/dhdl/dhdl.part0009.xvg,219,1,1564264017.919645,1564264017.9717703
read,/oasis/scratch/comet/hrlee/temp_project/alchemlyb/perf/fsizes/32/0029/WORK/dhdl/dhdl.part0009.xvg,289,1,1564264017.9191303,1564264017.9723444
read,/oasis/scratch/comet/hrlee/temp_project/alchemlyb/perf/fsizes/32/0023/WORK/dhdl/dhdl.part0006.xvg,226,1,1564264017.925493,1564264017.9765434
read,/oasis/scratch/comet/hrlee/temp_project/alchemlyb/perf/fsizes/32/0025/WORK/dhdl/dhdl.part0007.xvg,247,1,1564264017.9225352,1564264017.978439
read,/oasis/scratch/comet/hrlee/temp_project/alchemlyb/perf/fsizes/32/0018/WORK/dhdl/dhdl.part0008.xvg,178,1,1564264017.9227622,1564264017.9785378
read,/oasis/scratch/comet/hrlee/temp_project/alchemlyb/perf/fsizes/32/0024/WORK/dhdl/dhdl.part0003.xvg,233,1,1564264017.927305,1564264017.9788277
read,/oasis/scratch/comet/hrlee/temp_project/alchemlyb/perf/fsizes/32/0034/WORK/dhdl/dhdl.part0000.xvg,330,1,1564264017.9272947,1564264017.978888
read,/oasis/scratch/comet/hrlee/temp_project/alchemlyb/perf/fsizes/32/0033/WORK/dhdl/dhdl.part0003.xvg,323,1,1564264017.9277868,1564264017.9795692
read,/oasis/scratch/comet/hrlee/temp_project/alchemlyb/perf/fsizes/32/0027/WORK/dhdl/dhdl.part0008.xvg,268,1,1564264017.9272945,1564264017.9801595
read,/oasis/scratch/comet/hrlee/temp_project/alchemlyb/perf/fsizes/32/0029/WORK/dhdl/dhdl.part0002.xvg,282,1,1564264017.9293158,1564264017.9808059
read,/oasis/scratch/comet/hrlee/temp_project/alchemlyb/perf/fsizes/32/0030/WORK/dhdl/dhdl.part0006.xvg,296,1,1564264017.9247875,1564264017.9807537
read,/oasis/scratch/comet/hrlee/temp_project/alchemlyb/perf/fsizes/32/0031/WORK/dhdl/dhdl.part0003.xvg,303,1,1564264017.929364,1564264017.9835281
read,/oasis/scratch/comet/hrlee/temp_project/alchemlyb/perf/fsizes/32/0025/WORK/dhdl/dhdl.part0000.xvg,240,1,1564264017.9318924,1564264017.98418
read,/oasis/scratch/comet/hrlee/temp_project/alchemlyb/perf/fsizes/32/0018/WORK/dhdl/dhdl.part0001.xvg,171,1,1564264017.9406343,1564264017.9903495
read,/oasis/scratch/comet/hrlee/temp_project/alchemlyb/perf/fsizes/32/0032/WORK/dhdl/dhdl.part0000.xvg,310,1,1564264017.9407036,1564264017.994278
read,/oasis/scratch/comet/hrlee/temp_project/alchemlyb/perf/fsizes/32/0019/WORK/dhdl/dhdl.part0005.xvg,185,1,1564264017.9531548,1564264018.0066133
read,/oasis/scratch/comet/hrlee/temp_project/alchemlyb/perf/fsizes/32/0020/WORK/dhdl/dhdl.part0002.xvg,192,1,1564264017.9585142,1564264018.0135295
read,/oasis/scratch/comet/hrlee/temp_project/alchemlyb/perf/fsizes/32/0032/WORK/dhdl/dhdl.part0007.xvg,317,1,1564264017.9648037,1564264018.0225122
read,/oasis/scratch/comet/hrlee/temp_project/alchemlyb/perf/fsizes/32/0021/WORK/dhdl/dhdl.part0006.xvg,206,1,1564264017.9696257,1564264018.0235176
read,/oasis/scratch/comet/hrlee/temp_project/alchemlyb/perf/fsizes/32/0027/WORK/dhdl/dhdl.part0002.xvg,262,1,1564264017.9722176,1564264018.0258358
read,/oasis/scratch/comet/hrlee/temp_project/alchemlyb/perf/fsizes/32/0022/WORK/dhdl/dhdl.part0003.xvg,213,1,1564264017.9696174,1564264018.0257714
read,/oasis/scratch/comet/hrlee/temp_project/alchemlyb/perf/fsizes/32/0028/WORK/dhdl/dhdl.part0006.xvg,276,1,1564264017.9718883,1564264018.0257893
read,/oasis/scratch/comet/hrlee/temp_project/alchemlyb/perf/fsizes/32/0026/WORK/dhdl/dhdl.part0005.xvg,255,1,1564264017.9718895,1564264018.0263386
read,/oasis/scratch/comet/hrlee/temp_project/alchemlyb/perf/fsizes/32/0023/WORK/dhdl/dhdl.part0007.xvg,227,1,1564264017.9778032,1564264018.0265994
read,/oasis/scratch/comet/hrlee/temp_project/alchemlyb/perf/fsizes/32/0030/WORK/dhdl/dhdl.part0000.xvg,290,1,1564264017.9733496,1564264018.0269172
read,/oasis/scratch/comet/hrlee/temp_project/alchemlyb/perf/fsizes/32/0020/WORK/dhdl/dhdl.part0009.xvg,199,1,1564264017.9725018,1564264018.0295029
read,/oasis/scratch/comet/hrlee/temp_project/alchemlyb/perf/fsizes/32/0024/WORK/dhdl/dhdl.part0004.xvg,234,1,1564264017.9797676,1564264018.0298429
read,/oasis/scratch/comet/hrlee/temp_project/alchemlyb/perf/fsizes/32/0033/WORK/dhdl/dhdl.part0004.xvg,324,1,1564264017.9803743,1564264018.0303595
read,/oasis/scratch/comet/hrlee/temp_project/alchemlyb/perf/fsizes/32/0023/WORK/dhdl/dhdl.part0000.xvg,220,1,1564264017.9727373,1564264018.0303633
read,/oasis/scratch/comet/hrlee/temp_project/alchemlyb/perf/fsizes/32/0029/WORK/dhdl/dhdl.part0003.xvg,283,1,1564264017.9815977,1564264018.0315115
read,/oasis/scratch/comet/hrlee/temp_project/alchemlyb/perf/fsizes/32/0018/WORK/dhdl/dhdl.part0009.xvg,179,1,1564264017.979775,1564264018.034981
read,/oasis/scratch/comet/hrlee/temp_project/alchemlyb/perf/fsizes/32/0027/WORK/dhdl/dhdl.part0009.xvg,269,1,1564264017.980876,1564264018.0355184
read,/oasis/scratch/comet/hrlee/temp_project/alchemlyb/perf/fsizes/32/0025/WORK/dhdl/dhdl.part0008.xvg,248,1,1564264017.979775,1564264018.0358453
read,/oasis/scratch/comet/hrlee/temp_project/alchemlyb/perf/fsizes/32/0030/WORK/dhdl/dhdl.part0007.xvg,297,1,1564264017.9818215,1564264018.03717
read,/oasis/scratch/comet/hrlee/temp_project/alchemlyb/perf/fsizes/32/0031/WORK/dhdl/dhdl.part0004.xvg,304,1,1564264017.984995,1564264018.0385935
read,/oasis/scratch/comet/hrlee/temp_project/alchemlyb/perf/fsizes/32/0034/WORK/dhdl/dhdl.part0001.xvg,331,1,1564264017.9847531,1564264018.0399253
read,/oasis/scratch/comet/hrlee/temp_project/alchemlyb/perf/fsizes/32/0025/WORK/dhdl/dhdl.part0001.xvg,241,1,1564264017.9916189,1564264018.044633
read,/oasis/scratch/comet/hrlee/temp_project/alchemlyb/perf/fsizes/32/0018/WORK/dhdl/dhdl.part0002.xvg,172,1,1564264017.9950168,1564264018.0479343
read,/oasis/scratch/comet/hrlee/temp_project/alchemlyb/perf/fsizes/32/0032/WORK/dhdl/dhdl.part0001.xvg,311,1,1564264017.9959357,1564264018.0491955
read,/oasis/scratch/comet/hrlee/temp_project/alchemlyb/perf/fsizes/32/0019/WORK/dhdl/dhdl.part0006.xvg,186,1,1564264018.0081758,1564264018.0623996
read,/oasis/scratch/comet/hrlee/temp_project/alchemlyb/perf/fsizes/32/0020/WORK/dhdl/dhdl.part0003.xvg,193,1,1564264018.015377,1564264018.070369
read,/oasis/scratch/comet/hrlee/temp_project/alchemlyb/perf/fsizes/32/0021/WORK/dhdl/dhdl.part0007.xvg,207,1,1564264018.0250447,1564264018.0774877
read,/oasis/scratch/comet/hrlee/temp_project/alchemlyb/perf/fsizes/32/0027/WORK/dhdl/dhdl.part0003.xvg,263,1,1564264018.0270553,1564264018.0785084
read,/oasis/scratch/comet/hrlee/temp_project/alchemlyb/perf/fsizes/32/0028/WORK/dhdl/dhdl.part0007.xvg,277,1,1564264018.0270545,1564264018.078675
read,/oasis/scratch/comet/hrlee/temp_project/alchemlyb/perf/fsizes/32/0026/WORK/dhdl/dhdl.part0006.xvg,256,1,1564264018.0273263,1564264018.0789568
read,/oasis/scratch/comet/hrlee/temp_project/alchemlyb/perf/fsizes/32/0030/WORK/dhdl/dhdl.part0001.xvg,291,1,1564264018.0277078,1564264018.0789616
read,/oasis/scratch/comet/hrlee/temp_project/alchemlyb/perf/fsizes/32/0023/WORK/dhdl/dhdl.part0008.xvg,228,1,1564264018.0276377,1564264018.0795379
read,/oasis/scratch/comet/hrlee/temp_project/alchemlyb/perf/fsizes/32/0022/WORK/dhdl/dhdl.part0004.xvg,214,1,1564264018.0270565,1564264018.080745
read,/oasis/scratch/comet/hrlee/temp_project/alchemlyb/perf/fsizes/32/0032/WORK/dhdl/dhdl.part0008.xvg,318,1,1564264018.0241568,1564264018.080853
read,/oasis/scratch/comet/hrlee/temp_project/alchemlyb/perf/fsizes/32/0024/WORK/dhdl/dhdl.part0005.xvg,235,1,1564264018.0306804,1564264018.0833256
read,/oasis/scratch/comet/hrlee/temp_project/alchemlyb/perf/fsizes/32/0021/WORK/dhdl/dhdl.part0000.xvg,200,1,1564264018.030681,1564264018.0837884
read,/oasis/scratch/comet/hrlee/temp_project/alchemlyb/perf/fsizes/32/0033/WORK/dhdl/dhdl.part0005.xvg,325,1,1564264018.0311813,1564264018.084258
read,/oasis/scratch/comet/hrlee/temp_project/alchemlyb/perf/fsizes/32/0023/WORK/dhdl/dhdl.part0001.xvg,221,1,1564264018.0312486,1564264018.0874255
read,/oasis/scratch/comet/hrlee/temp_project/alchemlyb/perf/fsizes/32/0029/WORK/dhdl/dhdl.part0004.xvg,284,1,1564264018.032583,1564264018.0886304
read,/oasis/scratch/comet/hrlee/temp_project/alchemlyb/perf/fsizes/32/0019/WORK/dhdl/dhdl.part0000.xvg,180,1,1564264018.0365596,1564264018.08857
read,/oasis/scratch/comet/hrlee/temp_project/alchemlyb/perf/fsizes/32/0025/WORK/dhdl/dhdl.part0009.xvg,249,1,1564264018.0368173,1564264018.0889118
read,/oasis/scratch/comet/hrlee/temp_project/alchemlyb/perf/fsizes/32/0031/WORK/dhdl/dhdl.part0005.xvg,305,1,1564264018.0400963,1564264018.0908513
read,/oasis/scratch/comet/hrlee/temp_project/alchemlyb/perf/fsizes/32/0030/WORK/dhdl/dhdl.part0008.xvg,298,1,1564264018.038558,1564264018.0908477
read,/oasis/scratch/comet/hrlee/temp_project/alchemlyb/perf/fsizes/32/0028/WORK/dhdl/dhdl.part0000.xvg,270,1,1564264018.0368617,1564264018.0913644
read,/oasis/scratch/comet/hrlee/temp_project/alchemlyb/perf/fsizes/32/0034/WORK/dhdl/dhdl.part0002.xvg,332,1,1564264018.041269,1564264018.096649
read,/oasis/scratch/comet/hrlee/temp_project/alchemlyb/perf/fsizes/32/0032/WORK/dhdl/dhdl.part0002.xvg,312,1,1564264018.0506527,1564264018.096954
read,/oasis/scratch/comet/hrlee/temp_project/alchemlyb/perf/fsizes/32/0025/WORK/dhdl/dhdl.part0002.xvg,242,1,1564264018.046361,1564264018.1003375
read,/oasis/scratch/comet/hrlee/temp_project/alchemlyb/perf/fsizes/32/0018/WORK/dhdl/dhdl.part0003.xvg,173,1,1564264018.049434,1564264018.1016917
read,/oasis/scratch/comet/hrlee/temp_project/alchemlyb/perf/fsizes/32/0020/WORK/dhdl/dhdl.part0004.xvg,194,1,1564264018.0721629,1564264018.1221685
read,/oasis/scratch/comet/hrlee/temp_project/alchemlyb/perf/fsizes/32/0028/WORK/dhdl/dhdl.part0008.xvg,278,1,1564264018.0795794,1564264018.123231
read,/oasis/scratch/comet/hrlee/temp_project/alchemlyb/perf/fsizes/32/0026/WORK/dhdl/dhdl.part0007.xvg,257,1,1564264018.079753,1564264018.1233609
read,/oasis/scratch/comet/hrlee/temp_project/alchemlyb/perf/fsizes/32/0019/WORK/dhdl/dhdl.part0007.xvg,187,1,1564264018.071706,1564264018.1248927
read,/oasis/scratch/comet/hrlee/temp_project/alchemlyb/perf/fsizes/32/0023/WORK/dhdl/dhdl.part0009.xvg,229,1,1564264018.0806007,1564264018.127892
read,/oasis/scratch/comet/hrlee/temp_project/alchemlyb/perf/fsizes/32/0021/WORK/dhdl/dhdl.part0001.xvg,201,1,1564264018.0849042,1564264018.1325448
read,/oasis/scratch/comet/hrlee/temp_project/alchemlyb/perf/fsizes/32/0033/WORK/dhdl/dhdl.part0006.xvg,326,1,1564264018.0851488,1564264018.132748
read,/oasis/scratch/comet/hrlee/temp_project/alchemlyb/perf/fsizes/32/0032/WORK/dhdl/dhdl.part0009.xvg,319,1,1564264018.082114,1564264018.1341312
read,/oasis/scratch/comet/hrlee/temp_project/alchemlyb/perf/fsizes/32/0024/WORK/dhdl/dhdl.part0006.xvg,236,1,1564264018.0845904,1564264018.1359696
read,/oasis/scratch/comet/hrlee/temp_project/alchemlyb/perf/fsizes/32/0027/WORK/dhdl/dhdl.part0004.xvg,264,1,1564264018.079578,1564264018.1370058
read,/oasis/scratch/comet/hrlee/temp_project/alchemlyb/perf/fsizes/32/0021/WORK/dhdl/dhdl.part0008.xvg,208,1,1564264018.0792828,1564264018.1370878
read,/oasis/scratch/comet/hrlee/temp_project/alchemlyb/perf/fsizes/32/0030/WORK/dhdl/dhdl.part0002.xvg,292,1,1564264018.0798023,1564264018.1373758
read,/oasis/scratch/comet/hrlee/temp_project/alchemlyb/perf/fsizes/32/0022/WORK/dhdl/dhdl.part0005.xvg,215,1,1564264018.082185,1564264018.138751
read,/oasis/scratch/comet/hrlee/temp_project/alchemlyb/perf/fsizes/32/0031/WORK/dhdl/dhdl.part0006.xvg,306,1,1564264018.0923746,1564264018.1396554
read,/oasis/scratch/comet/hrlee/temp_project/alchemlyb/perf/fsizes/32/0023/WORK/dhdl/dhdl.part0002.xvg,222,1,1564264018.0888991,1564264018.1404111
read,/oasis/scratch/comet/hrlee/temp_project/alchemlyb/perf/fsizes/32/0029/WORK/dhdl/dhdl.part0005.xvg,285,1,1564264018.0897276,1564264018.1413703
read,/oasis/scratch/comet/hrlee/temp_project/alchemlyb/perf/fsizes/32/0028/WORK/dhdl/dhdl.part0001.xvg,271,1,1564264018.0923696,1564264018.1426644
read,/oasis/scratch/comet/hrlee/temp_project/alchemlyb/perf/fsizes/32/0019/WORK/dhdl/dhdl.part0001.xvg,181,1,1564264018.089824,1564264018.1437688
read,/oasis/scratch/comet/hrlee/temp_project/alchemlyb/perf/fsizes/32/0026/WORK/dhdl/dhdl.part0000.xvg,250,1,1564264018.089824,1564264018.144076
read,/oasis/scratch/comet/hrlee/temp_project/alchemlyb/perf/fsizes/32/0030/WORK/dhdl/dhdl.part0009.xvg,299,1,1564264018.0923753,1564264018.1452978
read,/oasis/scratch/comet/hrlee/temp_project/alchemlyb/perf/fsizes/32/0032/WORK/dhdl/dhdl.part0003.xvg,313,1,1564264018.1071951,1564264018.155159
read,/oasis/scratch/comet/hrlee/temp_project/alchemlyb/perf/fsizes/32/0034/WORK/dhdl/dhdl.part0003.xvg,333,1,1564264018.1071737,1564264018.1567936
read,/oasis/scratch/comet/hrlee/temp_project/alchemlyb/perf/fsizes/32/0018/WORK/dhdl/dhdl.part0004.xvg,174,1,1564264018.1071768,1564264018.158275
read,/oasis/scratch/comet/hrlee/temp_project/alchemlyb/perf/fsizes/32/0025/WORK/dhdl/dhdl.part0003.xvg,243,1,1564264018.1071827,1564264018.160043
read,/oasis/scratch/comet/hrlee/temp_project/alchemlyb/perf/fsizes/32/0028/WORK/dhdl/dhdl.part0009.xvg,279,1,1564264018.1246352,1564264018.1684134
read,/oasis/scratch/comet/hrlee/temp_project/alchemlyb/perf/fsizes/32/0026/WORK/dhdl/dhdl.part0008.xvg,258,1,1564264018.1246352,1564264018.168695
read,/oasis/scratch/comet/hrlee/temp_project/alchemlyb/perf/fsizes/32/0020/WORK/dhdl/dhdl.part0005.xvg,195,1,1564264018.1237862,1564264018.1731107
read,/oasis/scratch/comet/hrlee/temp_project/alchemlyb/perf/fsizes/32/0019/WORK/dhdl/dhdl.part0008.xvg,188,1,1564264018.1263871,1564264018.1775048
read,/oasis/scratch/comet/hrlee/temp_project/alchemlyb/perf/fsizes/32/0024/WORK/dhdl/dhdl.part0000.xvg,230,1,1564264018.1293113,1564264018.17822
read,/oasis/scratch/comet/hrlee/temp_project/alchemlyb/perf/fsizes/32/0031/WORK/dhdl/dhdl.part0007.xvg,307,1,1564264018.1409316,1564264018.1874661
read,/oasis/scratch/comet/hrlee/temp_project/alchemlyb/perf/fsizes/32/0033/WORK/dhdl/dhdl.part0000.xvg,320,1,1564264018.135244,1564264018.1879916
read,/oasis/scratch/comet/hrlee/temp_project/alchemlyb/perf/fsizes/32/0024/WORK/dhdl/dhdl.part0007.xvg,237,1,1564264018.1372044,1564264018.1927483
read,/oasis/scratch/comet/hrlee/temp_project/alchemlyb/perf/fsizes/32/0027/WORK/dhdl/dhdl.part0005.xvg,265,1,1564264018.1380932,1564264018.193334
read,/oasis/scratch/comet/hrlee/temp_project/alchemlyb/perf/fsizes/32/0030/WORK/dhdl/dhdl.part0003.xvg,293,1,1564264018.1381755,1564264018.1935709
read,/oasis/scratch/comet/hrlee/temp_project/alchemlyb/perf/fsizes/32/0031/WORK/dhdl/dhdl.part0000.xvg,300,1,1564264018.1467144,1564264018.1937318
read,/oasis/scratch/comet/hrlee/temp_project/alchemlyb/perf/fsizes/32/0021/WORK/dhdl/dhdl.part0009.xvg,209,1,1564264018.1380928,1564264018.193865
read,/oasis/scratch/comet/hrlee/temp_project/alchemlyb/perf/fsizes/32/0022/WORK/dhdl/dhdl.part0006.xvg,216,1,1564264018.1401756,1564264018.1951363
read,/oasis/scratch/comet/hrlee/temp_project/alchemlyb/perf/fsizes/32/0023/WORK/dhdl/dhdl.part0003.xvg,223,1,1564264018.1415389,1564264018.1974027
read,/oasis/scratch/comet/hrlee/temp_project/alchemlyb/perf/fsizes/32/0021/WORK/dhdl/dhdl.part0002.xvg,202,1,1564264018.1339283,1564264018.1980586
read,/oasis/scratch/comet/hrlee/temp_project/alchemlyb/perf/fsizes/32/0029/WORK/dhdl/dhdl.part0006.xvg,286,1,1564264018.142337,1564264018.1982925
read,/oasis/scratch/comet/hrlee/temp_project/alchemlyb/perf/fsizes/32/0033/WORK/dhdl/dhdl.part0007.xvg,327,1,1564264018.144824,1564264018.1985993
read,/oasis/scratch/comet/hrlee/temp_project/alchemlyb/perf/fsizes/32/0026/WORK/dhdl/dhdl.part0001.xvg,251,1,1564264018.1451092,1564264018.1988473
read,/oasis/scratch/comet/hrlee/temp_project/alchemlyb/perf/fsizes/32/0034/WORK/dhdl/dhdl.part0006.xvg,336,1,1564264018.145204,1564264018.1989696
read,/oasis/scratch/comet/hrlee/temp_project/alchemlyb/perf/fsizes/32/0028/WORK/dhdl/dhdl.part0002.xvg,272,1,1564264018.1436956,1564264018.199077
read,/oasis/scratch/comet/hrlee/temp_project/alchemlyb/perf/fsizes/32/0032/WORK/dhdl/dhdl.part0004.xvg,314,1,1564264018.1570773,1564264018.2038238
read,/oasis/scratch/comet/hrlee/temp_project/alchemlyb/perf/fsizes/32/0034/WORK/dhdl/dhdl.part0004.xvg,334,1,1564264018.158192,1564264018.2109892
read,/oasis/scratch/comet/hrlee/temp_project/alchemlyb/perf/fsizes/32/0035/WORK/dhdl/dhdl.part0003.xvg,343,1,1564264018.1600978,1564264018.2130425
read,/oasis/scratch/comet/hrlee/temp_project/alchemlyb/perf/fsizes/32/0025/WORK/dhdl/dhdl.part0004.xvg,244,1,1564264018.1614366,1564264018.214172
read,/oasis/scratch/comet/hrlee/temp_project/alchemlyb/perf/fsizes/32/0036/WORK/dhdl/dhdl.part0007.xvg,357,1,1564264018.1702344,1564264018.218303
read,/oasis/scratch/comet/hrlee/temp_project/alchemlyb/perf/fsizes/32/0036/WORK/dhdl/dhdl.part0000.xvg,350,1,1564264018.1702344,1564264018.218264
read,/oasis/scratch/comet/hrlee/temp_project/alchemlyb/perf/fsizes/32/0037/WORK/dhdl/dhdl.part0004.xvg,364,1,1564264018.17522,1564264018.2209806
read,/oasis/scratch/comet/hrlee/temp_project/alchemlyb/perf/fsizes/32/0038/WORK/dhdl/dhdl.part0008.xvg,378,1,1564264018.1799114,1564264018.2237191
read,/oasis/scratch/comet/hrlee/temp_project/alchemlyb/perf/fsizes/32/0038/WORK/dhdl/dhdl.part0001.xvg,371,1,1564264018.1795828,1564264018.2237637
read,/oasis/scratch/comet/hrlee/temp_project/alchemlyb/perf/fsizes/32/0039/WORK/dhdl/dhdl.part0005.xvg,385,1,1564264018.1895096,1564264018.226454
read,/oasis/scratch/comet/hrlee/temp_project/alchemlyb/perf/fsizes/32/0040/WORK/dhdl/dhdl.part0009.xvg,399,1,1564264018.194735,1564264018.2304466
read,/oasis/scratch/comet/hrlee/temp_project/alchemlyb/perf/fsizes/32/0033/WORK/dhdl/dhdl.part0001.xvg,321,1,1564264018.1895106,1564264018.2311409
read,/oasis/scratch/comet/hrlee/temp_project/alchemlyb/perf/fsizes/32/0040/WORK/dhdl/dhdl.part0002.xvg,392,1,1564264018.1947136,1564264018.2363453
read,/oasis/scratch/comet/hrlee/temp_project/alchemlyb/perf/fsizes/32/0034/WORK/dhdl/dhdl.part0007.xvg,337,1,1564264018.1998348,1564264018.2392454
read,/oasis/scratch/comet/hrlee/temp_project/alchemlyb/perf/fsizes/32/0033/WORK/dhdl/dhdl.part0008.xvg,328,1,1564264018.1993744,1564264018.2393687
read,/oasis/scratch/comet/hrlee/temp_project/alchemlyb/perf/fsizes/32/0041/WORK/dhdl/dhdl.part0006.xvg,406,1,1564264018.1947496,1564264018.240975
read,/oasis/scratch/comet/hrlee/temp_project/alchemlyb/perf/fsizes/32/0043/WORK/dhdl/dhdl.part0000.xvg,420,1,1564264018.1948612,1564264018.2432761
read,/oasis/scratch/comet/hrlee/temp_project/alchemlyb/perf/fsizes/32/0043/WORK/dhdl/dhdl.part0007.xvg,427,1,1564264018.1967814,1564264018.2444613
read,/oasis/scratch/comet/hrlee/temp_project/alchemlyb/perf/fsizes/32/0034/WORK/dhdl/dhdl.part0005.xvg,335,1,1564264018.2123792,1564264018.2512252
read,/oasis/scratch/comet/hrlee/temp_project/alchemlyb/perf/fsizes/32/0047/WORK/dhdl/dhdl.part0002.xvg,462,1,1564264018.200086,1564264018.2532966
read,/oasis/scratch/comet/hrlee/temp_project/alchemlyb/perf/fsizes/32/0035/WORK/dhdl/dhdl.part0004.xvg,344,1,1564264018.2141745,1564264018.2534454
read,/oasis/scratch/comet/hrlee/temp_project/alchemlyb/perf/fsizes/32/0037/WORK/dhdl/dhdl.part0005.xvg,365,1,1564264018.2222369,1564264018.2619796
read,/oasis/scratch/comet/hrlee/temp_project/alchemlyb/perf/fsizes/32/0038/WORK/dhdl/dhdl.part0009.xvg,379,1,1564264018.2249181,1564264018.2622812
read,/oasis/scratch/comet/hrlee/temp_project/alchemlyb/perf/fsizes/32/0036/WORK/dhdl/dhdl.part0008.xvg,358,1,1564264018.2194955,1564264018.2623076
read,/oasis/scratch/comet/hrlee/temp_project/alchemlyb/perf/fsizes/32/0048/WORK/dhdl/dhdl.part0006.xvg,476,1,1564264018.2156687,1564264018.262802
read,/oasis/scratch/comet/hrlee/temp_project/alchemlyb/perf/fsizes/32/0036/WORK/dhdl/dhdl.part0001.xvg,351,1,1564264018.219495,1564264018.2629783
read,/oasis/scratch/comet/hrlee/temp_project/alchemlyb/perf/fsizes/32/0039/WORK/dhdl/dhdl.part0006.xvg,386,1,1564264018.228049,1564264018.263751
read,/oasis/scratch/comet/hrlee/temp_project/alchemlyb/perf/fsizes/32/0042/WORK/dhdl/dhdl.part0003.xvg,413,1,1564264018.1948178,1564264018.264955
read,/oasis/scratch/comet/hrlee/temp_project/alchemlyb/perf/fsizes/32/0044/WORK/dhdl/dhdl.part0004.xvg,434,1,1564264018.19887,1564264018.2678282
read,/oasis/scratch/comet/hrlee/temp_project/alchemlyb/perf/fsizes/32/0038/WORK/dhdl/dhdl.part0002.xvg,372,1,1564264018.2249439,1564264018.2681243
read,/oasis/scratch/comet/hrlee/temp_project/alchemlyb/perf/fsizes/32/0045/WORK/dhdl/dhdl.part0008.xvg,448,1,1564264018.1991897,1564264018.2697678
read,/oasis/scratch/comet/hrlee/temp_project/alchemlyb/perf/fsizes/32/0045/WORK/dhdl/dhdl.part0001.xvg,441,1,1564264018.1991897,1564264018.2699113
read,/oasis/scratch/comet/hrlee/temp_project/alchemlyb/perf/fsizes/32/0040/WORK/dhdl/dhdl.part0003.xvg,393,1,1564264018.2377853,1564264018.2733717
read,/oasis/scratch/comet/hrlee/temp_project/alchemlyb/perf/fsizes/32/0046/WORK/dhdl/dhdl.part0005.xvg,455,1,1564264018.199945,1564264018.273915
read,/oasis/scratch/comet/hrlee/temp_project/alchemlyb/perf/fsizes/32/0047/WORK/dhdl/dhdl.part0009.xvg,469,1,1564264018.2057018,1564264018.2770667
read,/oasis/scratch/comet/hrlee/temp_project/alchemlyb/perf/fsizes/32/0034/WORK/dhdl/dhdl.part0008.xvg,338,1,1564264018.2406464,1564264018.2802107
read,/oasis/scratch/comet/hrlee/temp_project/alchemlyb/perf/fsizes/32/0041/WORK/dhdl/dhdl.part0000.xvg,400,1,1564264018.2319794,1564264018.2847023
read,/oasis/scratch/comet/hrlee/temp_project/alchemlyb/perf/fsizes/32/0049/WORK/dhdl/dhdl.part0003.xvg,483,1,1564264018.2326105,1564264018.2884502
read,/oasis/scratch/comet/hrlee/temp_project/alchemlyb/perf/fsizes/32/0036/WORK/dhdl/dhdl.part0002.xvg,352,1,1564264018.2639198,1564264018.2978895
read,/oasis/scratch/comet/hrlee/temp_project/alchemlyb/perf/fsizes/32/0036/WORK/dhdl/dhdl.part0009.xvg,359,1,1564264018.2633092,1564264018.2979093
read,/oasis/scratch/comet/hrlee/temp_project/alchemlyb/perf/fsizes/32/0039/WORK/dhdl/dhdl.part0007.xvg,387,1,1564264018.2648363,1564264018.2982283
read,/oasis/scratch/comet/hrlee/temp_project/alchemlyb/perf/fsizes/32/0035/WORK/dhdl/dhdl.part0005.xvg,345,1,1564264018.2624671,1564264018.299039
read,/oasis/scratch/comet/hrlee/temp_project/alchemlyb/perf/fsizes/32/0037/WORK/dhdl/dhdl.part0006.xvg,366,1,1564264018.2629402,1564264018.2993252
read,/oasis/scratch/comet/hrlee/temp_project/alchemlyb/perf/fsizes/32/0038/WORK/dhdl/dhdl.part0003.xvg,373,1,1564264018.269245,1564264018.303523
read,/oasis/scratch/comet/hrlee/temp_project/alchemlyb/perf/fsizes/32/0044/WORK/dhdl/dhdl.part0005.xvg,435,1,1564264018.2687871,1564264018.3041399
read,/oasis/scratch/comet/hrlee/temp_project/alchemlyb/perf/fsizes/32/0039/WORK/dhdl/dhdl.part0000.xvg,380,1,1564264018.2702312,1564264018.3068182
read,/oasis/scratch/comet/hrlee/temp_project/alchemlyb/perf/fsizes/32/0045/WORK/dhdl/dhdl.part0009.xvg,449,1,1564264018.270589,1564264018.308519
read,/oasis/scratch/comet/hrlee/temp_project/alchemlyb/perf/fsizes/32/0040/WORK/dhdl/dhdl.part0004.xvg,394,1,1564264018.274466,1564264018.3106124
read,/oasis/scratch/comet/hrlee/temp_project/alchemlyb/perf/fsizes/32/0034/WORK/dhdl/dhdl.part0009.xvg,339,1,1564264018.2815464,1564264018.3203661
read,/oasis/scratch/comet/hrlee/temp_project/alchemlyb/perf/fsizes/32/0050/WORK/dhdl/dhdl.part0000.xvg,490,1,1564264018.2408068,1564264018.320865
read,/oasis/scratch/comet/hrlee/temp_project/alchemlyb/perf/fsizes/32/0045/WORK/dhdl/dhdl.part0002.xvg,442,1,1564264018.281193,1564264018.3230004
read,/oasis/scratch/comet/hrlee/temp_project/alchemlyb/perf/fsizes/32/0041/WORK/dhdl/dhdl.part0007.xvg,407,1,1564264018.2422538,1564264018.3278935
read,/oasis/scratch/comet/hrlee/temp_project/alchemlyb/perf/fsizes/32/0048/WORK/dhdl/dhdl.part0000.xvg,470,1,1564264018.278323,1564264018.3326213
read,/oasis/scratch/comet/hrlee/temp_project/alchemlyb/perf/fsizes/32/0043/WORK/dhdl/dhdl.part0001.xvg,421,1,1564264018.2447252,1564264018.3369548
read,/oasis/scratch/comet/hrlee/temp_project/alchemlyb/perf/fsizes/32/0043/WORK/dhdl/dhdl.part0008.xvg,428,1,1564264018.2457135,1564264018.3390787
read,/oasis/scratch/comet/hrlee/temp_project/alchemlyb/perf/fsizes/32/0041/WORK/dhdl/dhdl.part0001.xvg,401,1,1564264018.28598,1564264018.3390446
read,/oasis/scratch/comet/hrlee/temp_project/alchemlyb/perf/fsizes/32/0037/WORK/dhdl/dhdl.part0000.xvg,360,1,1564264018.2991905,1564264018.3409414
read,/oasis/scratch/comet/hrlee/temp_project/alchemlyb/perf/fsizes/32/0039/WORK/dhdl/dhdl.part0008.xvg,388,1,1564264018.2991905,1564264018.3410788
read,/oasis/scratch/comet/hrlee/temp_project/alchemlyb/perf/fsizes/32/0036/WORK/dhdl/dhdl.part0003.xvg,353,1,1564264018.2991905,1564264018.34173
read,/oasis/scratch/comet/hrlee/temp_project/alchemlyb/perf/fsizes/32/0035/WORK/dhdl/dhdl.part0006.xvg,346,1,1564264018.2998247,1564264018.3442676
read,/oasis/scratch/comet/hrlee/temp_project/alchemlyb/perf/fsizes/32/0037/WORK/dhdl/dhdl.part0007.xvg,367,1,1564264018.2999744,1564264018.3452268
read,/oasis/scratch/comet/hrlee/temp_project/alchemlyb/perf/fsizes/32/0044/WORK/dhdl/dhdl.part0006.xvg,436,1,1564264018.3052697,1564264018.345574
read,/oasis/scratch/comet/hrlee/temp_project/alchemlyb/perf/fsizes/32/0038/WORK/dhdl/dhdl.part0004.xvg,374,1,1564264018.3048944,1564264018.3464398
read,/oasis/scratch/comet/hrlee/temp_project/alchemlyb/perf/fsizes/32/0046/WORK/dhdl/dhdl.part0000.xvg,450,1,1564264018.3095262,1564264018.3493342
read,/oasis/scratch/comet/hrlee/temp_project/alchemlyb/perf/fsizes/32/0050/WORK/dhdl/dhdl.part0007.xvg,497,1,1564264018.253095,1564264018.3521352
read,/oasis/scratch/comet/hrlee/temp_project/alchemlyb/perf/fsizes/32/0047/WORK/dhdl/dhdl.part0003.xvg,463,1,1564264018.254581,1564264018.352899
read,/oasis/scratch/comet/hrlee/temp_project/alchemlyb/perf/fsizes/32/0039/WORK/dhdl/dhdl.part0001.xvg,381,1,1564264018.3078315,1564264018.3569365
read,/oasis/scratch/comet/hrlee/temp_project/alchemlyb/perf/fsizes/32/0042/WORK/dhdl/dhdl.part0004.xvg,414,1,1564264018.266,1564264018.3571143
read,/oasis/scratch/comet/hrlee/temp_project/alchemlyb/perf/fsizes/32/0048/WORK/dhdl/dhdl.part0007.xvg,477,1,1564264018.2635765,1564264018.3574758
read,/oasis/scratch/comet/hrlee/temp_project/alchemlyb/perf/fsizes/32/0046/WORK/dhdl/dhdl.part0006.xvg,456,1,1564264018.2751698,1564264018.359058
read,/oasis/scratch/comet/hrlee/temp_project/alchemlyb/perf/fsizes/32/0040/WORK/dhdl/dhdl.part0005.xvg,395,1,1564264018.3116562,1564264018.3606079
read,/oasis/scratch/comet/hrlee/temp_project/alchemlyb/perf/fsizes/32/0035/WORK/dhdl/dhdl.part0000.xvg,340,1,1564264018.321852,1564264018.3631551
read,/oasis/scratch/comet/hrlee/temp_project/alchemlyb/perf/fsizes/32/0049/WORK/dhdl/dhdl.part0004.xvg,484,1,1564264018.289698,1564264018.3665607
read,/oasis/scratch/comet/hrlee/temp_project/alchemlyb/perf/fsizes/32/0045/WORK/dhdl/dhdl.part0003.xvg,443,1,1564264018.3241363,1564264018.3700042
read,/oasis/scratch/comet/hrlee/temp_project/alchemlyb/perf/fsizes/32/0037/WORK/dhdl/dhdl.part0001.xvg,361,1,1564264018.3421578,1564264018.3789287
read,/oasis/scratch/comet/hrlee/temp_project/alchemlyb/perf/fsizes/32/0039/WORK/dhdl/dhdl.part0009.xvg,389,1,1564264018.34216,1564264018.3793776
read,/oasis/scratch/comet/hrlee/temp_project/alchemlyb/perf/fsizes/32/0036/WORK/dhdl/dhdl.part0004.xvg,354,1,1564264018.342579,1564264018.3818514
read,/oasis/scratch/comet/hrlee/temp_project/alchemlyb/perf/fsizes/32/0041/WORK/dhdl/dhdl.part0008.xvg,408,1,1564264018.3295028,1564264018.3839664
read,/oasis/scratch/comet/hrlee/temp_project/alchemlyb/perf/fsizes/32/0035/WORK/dhdl/dhdl.part0007.xvg,347,1,1564264018.3456635,1564264018.3852136
read,/oasis/scratch/comet/hrlee/temp_project/alchemlyb/perf/fsizes/32/0037/WORK/dhdl/dhdl.part0008.xvg,368,1,1564264018.3462281,1564264018.3854911
read,/oasis/scratch/comet/hrlee/temp_project/alchemlyb/perf/fsizes/32/0050/WORK/dhdl/dhdl.part0001.xvg,491,1,1564264018.321858,1564264018.3859375
read,/oasis/scratch/comet/hrlee/temp_project/alchemlyb/perf/fsizes/32/0038/WORK/dhdl/dhdl.part0005.xvg,375,1,1564264018.3476288,1564264018.3863983
read,/oasis/scratch/comet/hrlee/temp_project/alchemlyb/perf/fsizes/32/0048/WORK/dhdl/dhdl.part0001.xvg,471,1,1564264018.3342469,1564264018.3878336
read,/oasis/scratch/comet/hrlee/temp_project/alchemlyb/perf/fsizes/32/0044/WORK/dhdl/dhdl.part0007.xvg,437,1,1564264018.3463542,1564264018.3961961
read,/oasis/scratch/comet/hrlee/temp_project/alchemlyb/perf/fsizes/32/0039/WORK/dhdl/dhdl.part0002.xvg,382,1,1564264018.3580763,1564264018.3978603
read,/oasis/scratch/comet/hrlee/temp_project/alchemlyb/perf/fsizes/32/0046/WORK/dhdl/dhdl.part0001.xvg,451,1,1564264018.3508124,1564264018.398777
read,/oasis/scratch/comet/hrlee/temp_project/alchemlyb/perf/fsizes/32/0050/WORK/dhdl/dhdl.part0008.xvg,498,1,1564264018.3535228,1564264018.3996685
read,/oasis/scratch/comet/hrlee/temp_project/alchemlyb/perf/fsizes/32/0040/WORK/dhdl/dhdl.part0006.xvg,396,1,1564264018.3616624,1564264018.4011898
read,/oasis/scratch/comet/hrlee/temp_project/alchemlyb/perf/fsizes/32/0035/WORK/dhdl/dhdl.part0001.xvg,341,1,1564264018.3643878,1564264018.4033668
read,/oasis/scratch/comet/hrlee/temp_project/alchemlyb/perf/fsizes/32/0045/WORK/dhdl/dhdl.part0004.xvg,444,1,1564264018.3712509,1564264018.4095006
read,/oasis/scratch/comet/hrlee/temp_project/alchemlyb/perf/fsizes/32/0043/WORK/dhdl/dhdl.part0002.xvg,422,1,1564264018.338774,1564264018.4097688
read,/oasis/scratch/comet/hrlee/temp_project/alchemlyb/perf/fsizes/32/0041/WORK/dhdl/dhdl.part0002.xvg,402,1,1564264018.340544,1564264018.41564
read,/oasis/scratch/comet/hrlee/temp_project/alchemlyb/perf/fsizes/32/0043/WORK/dhdl/dhdl.part0009.xvg,429,1,1564264018.340544,1564264018.4157124
read,/oasis/scratch/comet/hrlee/temp_project/alchemlyb/perf/fsizes/32/0037/WORK/dhdl/dhdl.part0002.xvg,362,1,1564264018.3802361,1564264018.4184842
read,/oasis/scratch/comet/hrlee/temp_project/alchemlyb/perf/fsizes/32/0040/WORK/dhdl/dhdl.part0000.xvg,390,1,1564264018.3807385,1564264018.4187405
read,/oasis/scratch/comet/hrlee/temp_project/alchemlyb/perf/fsizes/32/0036/WORK/dhdl/dhdl.part0005.xvg,355,1,1564264018.3838494,1564264018.4234524
read,/oasis/scratch/comet/hrlee/temp_project/alchemlyb/perf/fsizes/32/0037/WORK/dhdl/dhdl.part0009.xvg,369,1,1564264018.3861837,1564264018.425748
read,/oasis/scratch/comet/hrlee/temp_project/alchemlyb/perf/fsizes/32/0035/WORK/dhdl/dhdl.part0008.xvg,348,1,1564264018.38604,1564264018.425958
read,/oasis/scratch/comet/hrlee/temp_project/alchemlyb/perf/fsizes/32/0038/WORK/dhdl/dhdl.part0006.xvg,376,1,1564264018.3874795,1564264018.4285612
read,/oasis/scratch/comet/hrlee/temp_project/alchemlyb/perf/fsizes/32/0047/WORK/dhdl/dhdl.part0004.xvg,464,1,1564264018.353957,1564264018.4381933
read,/oasis/scratch/comet/hrlee/temp_project/alchemlyb/perf/fsizes/32/0039/WORK/dhdl/dhdl.part0003.xvg,383,1,1564264018.3989563,1564264018.4430149
read,/oasis/scratch/comet/hrlee/temp_project/alchemlyb/perf/fsizes/32/0048/WORK/dhdl/dhdl.part0008.xvg,478,1,1564264018.3584394,1564264018.4456518
read,/oasis/scratch/comet/hrlee/temp_project/alchemlyb/perf/fsizes/32/0041/WORK/dhdl/dhdl.part0009.xvg,409,1,1564264018.385318,1564264018.4456904
read,/oasis/scratch/comet/hrlee/temp_project/alchemlyb/perf/fsizes/32/0040/WORK/dhdl/dhdl.part0007.xvg,397,1,1564264018.4021373,1564264018.4467423
read,/oasis/scratch/comet/hrlee/temp_project/alchemlyb/perf/fsizes/32/0042/WORK/dhdl/dhdl.part0005.xvg,415,1,1564264018.358216,1564264018.447902
read,/oasis/scratch/comet/hrlee/temp_project/alchemlyb/perf/fsizes/32/0035/WORK/dhdl/dhdl.part0002.xvg,342,1,1564264018.4047084,1564264018.4480314
read,/oasis/scratch/comet/hrlee/temp_project/alchemlyb/perf/fsizes/32/0046/WORK/dhdl/dhdl.part0007.xvg,457,1,1564264018.3602796,1564264018.4483323
read,/oasis/scratch/comet/hrlee/temp_project/alchemlyb/perf/fsizes/32/0048/WORK/dhdl/dhdl.part0002.xvg,472,1,1564264018.3890889,1564264018.4510078
read,/oasis/scratch/comet/hrlee/temp_project/alchemlyb/perf/fsizes/32/0049/WORK/dhdl/dhdl.part0005.xvg,485,1,1564264018.3677583,1564264018.4520168
read,/oasis/scratch/comet/hrlee/temp_project/alchemlyb/perf/fsizes/32/0044/WORK/dhdl/dhdl.part0008.xvg,438,1,1564264018.397386,1564264018.4539726
read,/oasis/scratch/comet/hrlee/temp_project/alchemlyb/perf/fsizes/32/0046/WORK/dhdl/dhdl.part0002.xvg,452,1,1564264018.399626,1564264018.4551046
read,/oasis/scratch/comet/hrlee/temp_project/alchemlyb/perf/fsizes/32/0050/WORK/dhdl/dhdl.part0009.xvg,499,1,1564264018.4004924,1564264018.455723
read,/oasis/scratch/comet/hrlee/temp_project/alchemlyb/perf/fsizes/32/0050/WORK/dhdl/dhdl.part0002.xvg,492,1,1564264018.3866916,1564264018.4592693
read,/oasis/scratch/comet/hrlee/temp_project/alchemlyb/perf/fsizes/32/0045/WORK/dhdl/dhdl.part0005.xvg,445,1,1564264018.4106004,1564264018.4596667
read,/oasis/scratch/comet/hrlee/temp_project/alchemlyb/perf/fsizes/32/0037/WORK/dhdl/dhdl.part0003.xvg,363,1,1564264018.4197695,1564264018.4626207
read,/oasis/scratch/comet/hrlee/temp_project/alchemlyb/perf/fsizes/32/0040/WORK/dhdl/dhdl.part0001.xvg,391,1,1564264018.4197829,1564264018.4626207
read,/oasis/scratch/comet/hrlee/temp_project/alchemlyb/perf/fsizes/32/0035/WORK/dhdl/dhdl.part0009.xvg,349,1,1564264018.4267783,1564264018.4667187
read,/oasis/scratch/comet/hrlee/temp_project/alchemlyb/perf/fsizes/32/0036/WORK/dhdl/dhdl.part0006.xvg,356,1,1564264018.4248466,1564264018.4670734
read,/oasis/scratch/comet/hrlee/temp_project/alchemlyb/perf/fsizes/32/0043/WORK/dhdl/dhdl.part0003.xvg,423,1,1564264018.411032,1564264018.4694583
read,/oasis/scratch/comet/hrlee/temp_project/alchemlyb/perf/fsizes/32/0038/WORK/dhdl/dhdl.part0000.xvg,370,1,1564264018.437554,1564264018.471402
read,/oasis/scratch/comet/hrlee/temp_project/alchemlyb/perf/fsizes/32/0038/WORK/dhdl/dhdl.part0007.xvg,377,1,1564264018.4299972,1564264018.471515
read,/oasis/scratch/comet/hrlee/temp_project/alchemlyb/perf/fsizes/32/0041/WORK/dhdl/dhdl.part0003.xvg,403,1,1564264018.416844,1564264018.4724972
read,/oasis/scratch/comet/hrlee/temp_project/alchemlyb/perf/fsizes/32/0044/WORK/dhdl/dhdl.part0000.xvg,430,1,1564264018.416844,1564264018.4736223
read,/oasis/scratch/comet/hrlee/temp_project/alchemlyb/perf/fsizes/32/0039/WORK/dhdl/dhdl.part0004.xvg,384,1,1564264018.4446402,1564264018.4791253
read,/oasis/scratch/comet/hrlee/temp_project/alchemlyb/perf/fsizes/32/0040/WORK/dhdl/dhdl.part0008.xvg,398,1,1564264018.4580142,1564264018.489328
read,/oasis/scratch/comet/hrlee/temp_project/alchemlyb/perf/fsizes/32/0042/WORK/dhdl/dhdl.part0000.xvg,410,1,1564264018.447317,1564264018.4907682
read,/oasis/scratch/comet/hrlee/temp_project/alchemlyb/perf/fsizes/32/0048/WORK/dhdl/dhdl.part0003.xvg,473,1,1564264018.4523966,1564264018.4974954
read,/oasis/scratch/comet/hrlee/temp_project/alchemlyb/perf/fsizes/32/0044/WORK/dhdl/dhdl.part0009.xvg,439,1,1564264018.4552279,1564264018.4993026
read,/oasis/scratch/comet/hrlee/temp_project/alchemlyb/perf/fsizes/32/0046/WORK/dhdl/dhdl.part0003.xvg,453,1,1564264018.4563012,1564264018.4997547
read,/oasis/scratch/comet/hrlee/temp_project/alchemlyb/perf/fsizes/32/0045/WORK/dhdl/dhdl.part0006.xvg,446,1,1564264018.4603927,1564264018.501272
read,/oasis/scratch/comet/hrlee/temp_project/alchemlyb/perf/fsizes/32/0047/WORK/dhdl/dhdl.part0005.xvg,465,1,1564264018.4396029,1564264018.505109
read,/oasis/scratch/comet/hrlee/temp_project/alchemlyb/perf/fsizes/32/0048/WORK/dhdl/dhdl.part0009.xvg,479,1,1564264018.4473166,1564264018.5167537
read,/oasis/scratch/comet/hrlee/temp_project/alchemlyb/perf/fsizes/32/0042/WORK/dhdl/dhdl.part0006.xvg,416,1,1564264018.4491663,1564264018.5182498
read,/oasis/scratch/comet/hrlee/temp_project/alchemlyb/perf/fsizes/32/0046/WORK/dhdl/dhdl.part0008.xvg,458,1,1564264018.449183,1564264018.518672
read,/oasis/scratch/comet/hrlee/temp_project/alchemlyb/perf/fsizes/32/0049/WORK/dhdl/dhdl.part0006.xvg,486,1,1564264018.4533157,1564264018.5217764
read,/oasis/scratch/comet/hrlee/temp_project/alchemlyb/perf/fsizes/32/0042/WORK/dhdl/dhdl.part0001.xvg,411,1,1564264018.4917328,1564264018.528822
read,/oasis/scratch/comet/hrlee/temp_project/alchemlyb/perf/fsizes/32/0050/WORK/dhdl/dhdl.part0003.xvg,493,1,1564264018.4602258,1564264018.5298858
read,/oasis/scratch/comet/hrlee/temp_project/alchemlyb/perf/fsizes/32/0045/WORK/dhdl/dhdl.part0000.xvg,440,1,1564264018.5001285,1564264018.5376935
read,/oasis/scratch/comet/hrlee/temp_project/alchemlyb/perf/fsizes/32/0046/WORK/dhdl/dhdl.part0004.xvg,454,1,1564264018.5004594,1564264018.538038
read,/oasis/scratch/comet/hrlee/temp_project/alchemlyb/perf/fsizes/32/0045/WORK/dhdl/dhdl.part0007.xvg,447,1,1564264018.5019445,1564264018.5388474
read,/oasis/scratch/comet/hrlee/temp_project/alchemlyb/perf/fsizes/32/0043/WORK/dhdl/dhdl.part0004.xvg,424,1,1564264018.4704673,1564264018.539594
read,/oasis/scratch/comet/hrlee/temp_project/alchemlyb/perf/fsizes/32/0041/WORK/dhdl/dhdl.part0004.xvg,404,1,1564264018.4732857,1564264018.54174
read,/oasis/scratch/comet/hrlee/temp_project/alchemlyb/perf/fsizes/32/0044/WORK/dhdl/dhdl.part0001.xvg,431,1,1564264018.4743872,1564264018.5442202
read,/oasis/scratch/comet/hrlee/temp_project/alchemlyb/perf/fsizes/32/0042/WORK/dhdl/dhdl.part0002.xvg,412,1,1564264018.5298393,1564264018.5594013
read,/oasis/scratch/comet/hrlee/temp_project/alchemlyb/perf/fsizes/32/0048/WORK/dhdl/dhdl.part0004.xvg,474,1,1564264018.4985797,1564264018.5644767
read,/oasis/scratch/comet/hrlee/temp_project/alchemlyb/perf/fsizes/32/0047/WORK/dhdl/dhdl.part0006.xvg,466,1,1564264018.505949,1564264018.574181
read,/oasis/scratch/comet/hrlee/temp_project/alchemlyb/perf/fsizes/32/0044/WORK/dhdl/dhdl.part0002.xvg,432,1,1564264018.5451622,1564264018.5743537
read,/oasis/scratch/comet/hrlee/temp_project/alchemlyb/perf/fsizes/32/0049/WORK/dhdl/dhdl.part0000.xvg,480,1,1564264018.5176365,1564264018.5854955
read,/oasis/scratch/comet/hrlee/temp_project/alchemlyb/perf/fsizes/32/0042/WORK/dhdl/dhdl.part0007.xvg,417,1,1564264018.5198576,1564264018.5877
read,/oasis/scratch/comet/hrlee/temp_project/alchemlyb/perf/fsizes/32/0049/WORK/dhdl/dhdl.part0007.xvg,487,1,1564264018.5225265,1564264018.5892928
read,/oasis/scratch/comet/hrlee/temp_project/alchemlyb/perf/fsizes/32/0046/WORK/dhdl/dhdl.part0009.xvg,459,1,1564264018.521082,1564264018.589728
read,/oasis/scratch/comet/hrlee/temp_project/alchemlyb/perf/fsizes/32/0050/WORK/dhdl/dhdl.part0004.xvg,494,1,1564264018.5306497,1564264018.59465
read,/oasis/scratch/comet/hrlee/temp_project/alchemlyb/perf/fsizes/32/0041/WORK/dhdl/dhdl.part0005.xvg,405,1,1564264018.5427673,1564264018.6015122
read,/oasis/scratch/comet/hrlee/temp_project/alchemlyb/perf/fsizes/32/0043/WORK/dhdl/dhdl.part0005.xvg,425,1,1564264018.5405674,1564264018.6015255
read,/oasis/scratch/comet/hrlee/temp_project/alchemlyb/perf/fsizes/32/0044/WORK/dhdl/dhdl.part0003.xvg,433,1,1564264018.5773752,1564264018.6074173
read,/oasis/scratch/comet/hrlee/temp_project/alchemlyb/perf/fsizes/32/0047/WORK/dhdl/dhdl.part0007.xvg,467,1,1564264018.577304,1564264018.6319175
read,/oasis/scratch/comet/hrlee/temp_project/alchemlyb/perf/fsizes/32/0048/WORK/dhdl/dhdl.part0005.xvg,475,1,1564264018.5773752,1564264018.6331964
read,/oasis/scratch/comet/hrlee/temp_project/alchemlyb/perf/fsizes/32/0049/WORK/dhdl/dhdl.part0001.xvg,481,1,1564264018.5863974,1564264018.6445193
read,/oasis/scratch/comet/hrlee/temp_project/alchemlyb/perf/fsizes/32/0042/WORK/dhdl/dhdl.part0008.xvg,418,1,1564264018.588616,1564264018.6484144
read,/oasis/scratch/comet/hrlee/temp_project/alchemlyb/perf/fsizes/32/0047/WORK/dhdl/dhdl.part0000.xvg,460,1,1564264018.590484,1564264018.6493213
read,/oasis/scratch/comet/hrlee/temp_project/alchemlyb/perf/fsizes/32/0049/WORK/dhdl/dhdl.part0008.xvg,488,1,1564264018.590159,1564264018.6494312
read,/oasis/scratch/comet/hrlee/temp_project/alchemlyb/perf/fsizes/32/0050/WORK/dhdl/dhdl.part0005.xvg,495,1,1564264018.5954967,1564264018.6517067
read,/oasis/scratch/comet/hrlee/temp_project/alchemlyb/perf/fsizes/32/0043/WORK/dhdl/dhdl.part0006.xvg,426,1,1564264018.6025178,1564264018.6536453
read,/oasis/scratch/comet/hrlee/temp_project/alchemlyb/perf/fsizes/32/0047/WORK/dhdl/dhdl.part0008.xvg,468,1,1564264018.6333194,1564264018.660083
read,/oasis/scratch/comet/hrlee/temp_project/alchemlyb/perf/fsizes/32/0051/WORK/dhdl/dhdl.part0000.xvg,500,1,1564264018.5183566,1564264018.6755006
read,/oasis/scratch/comet/hrlee/temp_project/alchemlyb/perf/fsizes/32/0055/WORK/dhdl/dhdl.part0006.xvg,546,1,1564264018.520132,1564264018.679038
read,/oasis/scratch/comet/hrlee/temp_project/alchemlyb/perf/fsizes/32/0049/WORK/dhdl/dhdl.part0002.xvg,482,1,1564264018.6454523,1564264018.686509
read,/oasis/scratch/comet/hrlee/temp_project/alchemlyb/perf/fsizes/32/0042/WORK/dhdl/dhdl.part0009.xvg,419,1,1564264018.649317,1564264018.6939144
read,/oasis/scratch/comet/hrlee/temp_project/alchemlyb/perf/fsizes/32/0047/WORK/dhdl/dhdl.part0001.xvg,461,1,1564264018.6499906,1564264018.6942985
read,/oasis/scratch/comet/hrlee/temp_project/alchemlyb/perf/fsizes/32/0049/WORK/dhdl/dhdl.part0009.xvg,489,1,1564264018.6501393,1564264018.6947184
read,/oasis/scratch/comet/hrlee/temp_project/alchemlyb/perf/fsizes/32/0050/WORK/dhdl/dhdl.part0006.xvg,496,1,1564264018.6524825,1564264018.6962204
read,/oasis/scratch/comet/hrlee/temp_project/alchemlyb/perf/fsizes/32/0052/WORK/dhdl/dhdl.part0001.xvg,511,1,1564264018.5048292,1564264018.7090857
read,/oasis/scratch/comet/hrlee/temp_project/alchemlyb/perf/fsizes/32/0059/WORK/dhdl/dhdl.part0001.xvg,581,1,1564264018.57681,1564264018.775088
read,/oasis/scratch/comet/hrlee/temp_project/alchemlyb/perf/fsizes/32/0060/WORK/dhdl/dhdl.part0005.xvg,595,1,1564264018.679707,1564264018.842438
read,/oasis/scratch/comet/hrlee/temp_project/alchemlyb/perf/fsizes/32/0054/WORK/dhdl/dhdl.part0009.xvg,539,1,1564264018.5100858,1564264018.8475003
read,/oasis/scratch/comet/hrlee/temp_project/alchemlyb/perf/fsizes/32/0052/WORK/dhdl/dhdl.part0002.xvg,512,1,1564264018.7383418,1564264018.9280457
read,/oasis/scratch/comet/hrlee/temp_project/alchemlyb/perf/fsizes/32/0057/WORK/dhdl/dhdl.part0000.xvg,560,1,1564264018.5339563,1564264018.9671292
read,/oasis/scratch/comet/hrlee/temp_project/alchemlyb/perf/fsizes/32/0059/WORK/dhdl/dhdl.part0008.xvg,588,1,1564264018.728929,1564264018.971304
read,/oasis/scratch/comet/hrlee/temp_project/alchemlyb/perf/fsizes/32/0057/WORK/dhdl/dhdl.part0007.xvg,567,1,1564264018.6465397,1564264019.0268548
read,/oasis/scratch/comet/hrlee/temp_project/alchemlyb/perf/fsizes/32/0051/WORK/dhdl/dhdl.part0004.xvg,504,1,1564264018.5120006,1564264019.0310938
read,/oasis/scratch/comet/hrlee/temp_project/alchemlyb/perf/fsizes/32/0053/WORK/dhdl/dhdl.part0005.xvg,525,1,1564264018.5057142,1564264019.0350127
read,/oasis/scratch/comet/hrlee/temp_project/alchemlyb/perf/fsizes/32/0059/WORK/dhdl/dhdl.part0002.xvg,582,1,1564264018.871975,1564264019.0743318
read,/oasis/scratch/comet/hrlee/temp_project/alchemlyb/perf/fsizes/32/0055/WORK/dhdl/dhdl.part0007.xvg,547,1,1564264018.7367694,1564264019.0948477
read,/oasis/scratch/comet/hrlee/temp_project/alchemlyb/perf/fsizes/32/0060/WORK/dhdl/dhdl.part0006.xvg,596,1,1564264018.8619678,1564264019.0957818
read,/oasis/scratch/comet/hrlee/temp_project/alchemlyb/perf/fsizes/32/0052/WORK/dhdl/dhdl.part0008.xvg,518,1,1564264018.5713394,1564264019.1104372
read,/oasis/scratch/comet/hrlee/temp_project/alchemlyb/perf/fsizes/32/0052/WORK/dhdl/dhdl.part0003.xvg,513,1,1564264018.9653852,1564264019.1127532
read,/oasis/scratch/comet/hrlee/temp_project/alchemlyb/perf/fsizes/32/0057/WORK/dhdl/dhdl.part0001.xvg,561,1,1564264019.0384364,1564264019.1359098
read,/oasis/scratch/comet/hrlee/temp_project/alchemlyb/perf/fsizes/32/0051/WORK/dhdl/dhdl.part0001.xvg,501,1,1564264018.8719654,1564264019.149805
read,/oasis/scratch/comet/hrlee/temp_project/alchemlyb/perf/fsizes/32/0051/WORK/dhdl/dhdl.part0005.xvg,505,1,1564264019.0611548,1564264019.1795442
read,/oasis/scratch/comet/hrlee/temp_project/alchemlyb/perf/fsizes/32/0058/WORK/dhdl/dhdl.part0004.xvg,574,1,1564264018.6003542,1564264019.1856186
read,/oasis/scratch/comet/hrlee/temp_project/alchemlyb/perf/fsizes/32/0054/WORK/dhdl/dhdl.part0002.xvg,532,1,1564264018.5713394,1564264019.21454
read,/oasis/scratch/comet/hrlee/temp_project/alchemlyb/perf/fsizes/32/0059/WORK/dhdl/dhdl.part0003.xvg,583,1,1564264019.145246,1564264019.288455
read,/oasis/scratch/comet/hrlee/temp_project/alchemlyb/perf/fsizes/32/0055/WORK/dhdl/dhdl.part0008.xvg,548,1,1564264019.1281195,1564264019.290831
read,/oasis/scratch/comet/hrlee/temp_project/alchemlyb/perf/fsizes/32/0053/WORK/dhdl/dhdl.part0006.xvg,526,1,1564264019.0563743,1564264019.3249133
read,/oasis/scratch/comet/hrlee/temp_project/alchemlyb/perf/fsizes/32/0051/WORK/dhdl/dhdl.part0002.xvg,502,1,1564264019.1944964,1564264019.352002
read,/oasis/scratch/comet/hrlee/temp_project/alchemlyb/perf/fsizes/32/0058/WORK/dhdl/dhdl.part0005.xvg,575,1,1564264019.2147222,1564264019.4058952
read,/oasis/scratch/comet/hrlee/temp_project/alchemlyb/perf/fsizes/32/0051/WORK/dhdl/dhdl.part0006.xvg,506,1,1564264019.2047474,1564264019.4141178
read,/oasis/scratch/comet/hrlee/temp_project/alchemlyb/perf/fsizes/32/0054/WORK/dhdl/dhdl.part0003.xvg,533,1,1564264019.2607255,1564264019.4285982
read,/oasis/scratch/comet/hrlee/temp_project/alchemlyb/perf/fsizes/32/0052/WORK/dhdl/dhdl.part0004.xvg,514,1,1564264019.2205153,1564264019.4308846
read,/oasis/scratch/comet/hrlee/temp_project/alchemlyb/perf/fsizes/32/0057/WORK/dhdl/dhdl.part0002.xvg,562,1,1564264019.1680906,1564264019.5232286
read,/oasis/scratch/comet/hrlee/temp_project/alchemlyb/perf/fsizes/32/0057/WORK/dhdl/dhdl.part0008.xvg,568,1,1564264019.163747,1564264019.5256195
read,/oasis/scratch/comet/hrlee/temp_project/alchemlyb/perf/fsizes/32/0059/WORK/dhdl/dhdl.part0004.xvg,584,1,1564264019.3747103,1564264019.5820825
read,/oasis/scratch/comet/hrlee/temp_project/alchemlyb/perf/fsizes/32/0059/WORK/dhdl/dhdl.part0009.xvg,589,1,1564264018.9913678,1564264019.6053696
read,/oasis/scratch/comet/hrlee/temp_project/alchemlyb/perf/fsizes/32/0052/WORK/dhdl/dhdl.part0005.xvg,515,1,1564264019.449854,1564264019.6318703
read,/oasis/scratch/comet/hrlee/temp_project/alchemlyb/perf/fsizes/32/0057/WORK/dhdl/dhdl.part0003.xvg,563,1,1564264019.566655,1564264019.736289
read,/oasis/scratch/comet/hrlee/temp_project/alchemlyb/perf/fsizes/32/0051/WORK/dhdl/dhdl.part0007.xvg,507,1,1564264019.4445696,1564264019.7696857
read,/oasis/scratch/comet/hrlee/temp_project/alchemlyb/perf/fsizes/32/0059/WORK/dhdl/dhdl.part0005.xvg,585,1,1564264019.6231344,1564264019.7960548
read,/oasis/scratch/comet/hrlee/temp_project/alchemlyb/perf/fsizes/32/0060/WORK/dhdl/dhdl.part0000.xvg,590,1,1564264019.6318898,1564264019.8867733
read,/oasis/scratch/comet/hrlee/temp_project/alchemlyb/perf/fsizes/32/0052/WORK/dhdl/dhdl.part0006.xvg,516,1,1564264019.657869,1564264019.8904028
read,/oasis/scratch/comet/hrlee/temp_project/alchemlyb/perf/fsizes/32/0051/WORK/dhdl/dhdl.part0008.xvg,508,1,1564264019.7917757,1564264019.929243
read,/oasis/scratch/comet/hrlee/temp_project/alchemlyb/perf/fsizes/32/0054/WORK/dhdl/dhdl.part0004.xvg,534,1,1564264019.4744444,1564264019.9788291
read,/oasis/scratch/comet/hrlee/temp_project/alchemlyb/perf/fsizes/32/0060/WORK/dhdl/dhdl.part0007.xvg,597,1,1564264019.184997,1564264020.0154636
read,/oasis/scratch/comet/hrlee/temp_project/alchemlyb/perf/fsizes/32/0057/WORK/dhdl/dhdl.part0004.xvg,564,1,1564264019.7909608,1564264020.0166042
read,/oasis/scratch/comet/hrlee/temp_project/alchemlyb/perf/fsizes/32/0055/WORK/dhdl/dhdl.part0009.xvg,549,1,1564264019.3144479,1564264020.075499
read,/oasis/scratch/comet/hrlee/temp_project/alchemlyb/perf/fsizes/32/0059/WORK/dhdl/dhdl.part0006.xvg,586,1,1564264019.9303572,1564264020.1253479
read,/oasis/scratch/comet/hrlee/temp_project/alchemlyb/perf/fsizes/32/0060/WORK/dhdl/dhdl.part0001.xvg,591,1,1564264019.926955,1564264020.1385202
read,/oasis/scratch/comet/hrlee/temp_project/alchemlyb/perf/fsizes/32/0057/WORK/dhdl/dhdl.part0005.xvg,565,1,1564264020.0327086,1564264020.1673288
read,/oasis/scratch/comet/hrlee/temp_project/alchemlyb/perf/fsizes/32/0060/WORK/dhdl/dhdl.part0008.xvg,598,1,1564264020.0411136,1564264020.2145383
read,/oasis/scratch/comet/hrlee/temp_project/alchemlyb/perf/fsizes/32/0052/WORK/dhdl/dhdl.part0007.xvg,517,1,1564264019.9467323,1564264020.2333221
read,/oasis/scratch/comet/hrlee/temp_project/alchemlyb/perf/fsizes/32/0056/WORK/dhdl/dhdl.part0003.xvg,553,1,1564264019.3086846,1564264020.2427888
read,/oasis/scratch/comet/hrlee/temp_project/alchemlyb/perf/fsizes/32/0055/WORK/dhdl/dhdl.part0000.xvg,540,1,1564264019.2988834,1564264020.251921
read,/oasis/scratch/comet/hrlee/temp_project/alchemlyb/perf/fsizes/32/0059/WORK/dhdl/dhdl.part0007.xvg,587,1,1564264020.154479,1564264020.2826846
read,/oasis/scratch/comet/hrlee/temp_project/alchemlyb/perf/fsizes/32/0056/WORK/dhdl/dhdl.part0000.xvg,550,1,1564264020.0860488,1564264020.383035
read,/oasis/scratch/comet/hrlee/temp_project/alchemlyb/perf/fsizes/32/0057/WORK/dhdl/dhdl.part0009.xvg,569,1,1564264019.7145703,1564264020.4576054
read,/oasis/scratch/comet/hrlee/temp_project/alchemlyb/perf/fsizes/32/0060/WORK/dhdl/dhdl.part0002.xvg,592,1,1564264020.3075068,1564264020.6046438
read,/oasis/scratch/comet/hrlee/temp_project/alchemlyb/perf/fsizes/32/0051/WORK/dhdl/dhdl.part0009.xvg,509,1,1564264019.9540665,1564264020.6073177
read,/oasis/scratch/comet/hrlee/temp_project/alchemlyb/perf/fsizes/32/0056/WORK/dhdl/dhdl.part0004.xvg,554,1,1564264020.2883916,1564264020.6390514
read,/oasis/scratch/comet/hrlee/temp_project/alchemlyb/perf/fsizes/32/0056/WORK/dhdl/dhdl.part0001.xvg,551,1,1564264020.4624,1564264020.6533995
read,/oasis/scratch/comet/hrlee/temp_project/alchemlyb/perf/fsizes/32/0055/WORK/dhdl/dhdl.part0001.xvg,541,1,1564264020.3870683,1564264020.7983394
read,/oasis/scratch/comet/hrlee/temp_project/alchemlyb/perf/fsizes/32/0056/WORK/dhdl/dhdl.part0005.xvg,555,1,1564264020.672464,1564264020.8186104
read,/oasis/scratch/comet/hrlee/temp_project/alchemlyb/perf/fsizes/32/0056/WORK/dhdl/dhdl.part0002.xvg,552,1,1564264020.6880789,1564264020.9227917
read,/oasis/scratch/comet/hrlee/temp_project/alchemlyb/perf/fsizes/32/0060/WORK/dhdl/dhdl.part0003.xvg,593,1,1564264020.6792028,1564264020.9445236
read,/oasis/scratch/comet/hrlee/temp_project/alchemlyb/perf/fsizes/32/0055/WORK/dhdl/dhdl.part0002.xvg,542,1,1564264020.827935,1564264021.033085
read,/oasis/scratch/comet/hrlee/temp_project/alchemlyb/perf/fsizes/32/0060/WORK/dhdl/dhdl.part0009.xvg,599,1,1564264020.9132907,1564264021.0771654
read,/oasis/scratch/comet/hrlee/temp_project/alchemlyb/perf/fsizes/32/0052/WORK/dhdl/dhdl.part0000.xvg,510,1,1564264020.6416478,1564264021.0789533
read,/oasis/scratch/comet/hrlee/temp_project/alchemlyb/perf/fsizes/32/0057/WORK/dhdl/dhdl.part0006.xvg,566,1,1564264020.2260716,1564264021.1040967
read,/oasis/scratch/comet/hrlee/temp_project/alchemlyb/perf/fsizes/32/0058/WORK/dhdl/dhdl.part0006.xvg,576,1,1564264019.4754395,1564264021.106108
read,/oasis/scratch/comet/hrlee/temp_project/alchemlyb/perf/fsizes/32/0056/WORK/dhdl/dhdl.part0006.xvg,556,1,1564264020.8652496,1564264021.1817007
read,/oasis/scratch/comet/hrlee/temp_project/alchemlyb/perf/fsizes/32/0060/WORK/dhdl/dhdl.part0004.xvg,594,1,1564264020.9798598,1564264021.1996179
read,/oasis/scratch/comet/hrlee/temp_project/alchemlyb/perf/fsizes/32/0055/WORK/dhdl/dhdl.part0003.xvg,543,1,1564264021.0668108,1564264021.2059188
read,/oasis/scratch/comet/hrlee/temp_project/alchemlyb/perf/fsizes/32/0058/WORK/dhdl/dhdl.part0007.xvg,577,1,1564264021.1329062,1564264021.282489
read,/oasis/scratch/comet/hrlee/temp_project/alchemlyb/perf/fsizes/32/0055/WORK/dhdl/dhdl.part0004.xvg,544,1,1564264021.2248673,1564264021.3392034
read,/oasis/scratch/comet/hrlee/temp_project/alchemlyb/perf/fsizes/32/0054/WORK/dhdl/dhdl.part0005.xvg,535,1,1564264020.490628,1564264021.3454013
read,/oasis/scratch/comet/hrlee/temp_project/alchemlyb/perf/fsizes/32/0056/WORK/dhdl/dhdl.part0007.xvg,557,1,1564264021.2088263,1564264021.4158392
read,/oasis/scratch/comet/hrlee/temp_project/alchemlyb/perf/fsizes/32/0058/WORK/dhdl/dhdl.part0008.xvg,578,1,1564264021.347133,1564264021.5884178
read,/oasis/scratch/comet/hrlee/temp_project/alchemlyb/perf/fsizes/32/0056/WORK/dhdl/dhdl.part0008.xvg,558,1,1564264021.4530416,1564264021.8412428
read,/oasis/scratch/comet/hrlee/temp_project/alchemlyb/perf/fsizes/32/0054/WORK/dhdl/dhdl.part0006.xvg,536,1,1564264021.3722122,1564264021.9220335
read,/oasis/scratch/comet/hrlee/temp_project/alchemlyb/perf/fsizes/32/0055/WORK/dhdl/dhdl.part0005.xvg,545,1,1564264021.4871693,1564264022.0639539
read,/oasis/scratch/comet/hrlee/temp_project/alchemlyb/perf/fsizes/32/0058/WORK/dhdl/dhdl.part0009.xvg,579,1,1564264021.6305394,1564264022.0892303
read,/oasis/scratch/comet/hrlee/temp_project/alchemlyb/perf/fsizes/32/0054/WORK/dhdl/dhdl.part0007.xvg,537,1,1564264022.0234535,1564264022.2682757
read,/oasis/scratch/comet/hrlee/temp_project/alchemlyb/perf/fsizes/32/0054/WORK/dhdl/dhdl.part0008.xvg,538,1,1564264022.2960796,1564264022.5122604
read,/oasis/scratch/comet/hrlee/temp_project/alchemlyb/perf/fsizes/32/0059/WORK/dhdl/dhdl.part0000.xvg,580,1,1564264022.1243217,1564264022.699782
read,/oasis/scratch/comet/hrlee/temp_project/alchemlyb/perf/fsizes/32/0056/WORK/dhdl/dhdl.part0009.xvg,559,1,1564264021.878701,1564264022.7032719
read,/oasis/scratch/comet/hrlee/temp_project/alchemlyb/perf/fsizes/32/0053/WORK/dhdl/dhdl.part0007.xvg,527,1,1564264020.9403589,1564264023.1059616
read,/oasis/scratch/comet/hrlee/temp_project/alchemlyb/perf/fsizes/32/0052/WORK/dhdl/dhdl.part0009.xvg,519,1,1564264019.18718,1564264023.1133823
read,/oasis/scratch/comet/hrlee/temp_project/alchemlyb/perf/fsizes/32/0051/WORK/dhdl/dhdl.part0003.xvg,503,1,1564264020.9403589,1564264023.206911
read,/oasis/scratch/comet/hrlee/temp_project/alchemlyb/perf/fsizes/32/0058/WORK/dhdl/dhdl.part0000.xvg,570,1,1564264020.9403589,1564264023.2173388
read,/oasis/scratch/comet/hrlee/temp_project/alchemlyb/perf/fsizes/32/0053/WORK/dhdl/dhdl.part0008.xvg,528,1,1564264023.1352534,1564264023.2480853
read,/oasis/scratch/comet/hrlee/temp_project/alchemlyb/perf/fsizes/32/0053/WORK/dhdl/dhdl.part0000.xvg,520,1,1564264023.1712997,1564264023.3191493
read,/oasis/scratch/comet/hrlee/temp_project/alchemlyb/perf/fsizes/32/0058/WORK/dhdl/dhdl.part0001.xvg,571,1,1564264023.2414765,1564264023.3442156
read,/oasis/scratch/comet/hrlee/temp_project/alchemlyb/perf/fsizes/32/0053/WORK/dhdl/dhdl.part0009.xvg,529,1,1564264023.277685,1564264023.4391127
read,/oasis/scratch/comet/hrlee/temp_project/alchemlyb/perf/fsizes/32/0058/WORK/dhdl/dhdl.part0002.xvg,572,1,1564264023.3811457,1564264023.544108
read,/oasis/scratch/comet/hrlee/temp_project/alchemlyb/perf/fsizes/32/0058/WORK/dhdl/dhdl.part0003.xvg,573,1,1564264023.6258032,1564264023.8030329
read,/oasis/scratch/comet/hrlee/temp_project/alchemlyb/perf/fsizes/32/0054/WORK/dhdl/dhdl.part0000.xvg,530,1,1564264023.49893,1564264023.8515015
read,/oasis/scratch/comet/hrlee/temp_project/alchemlyb/perf/fsizes/32/0053/WORK/dhdl/dhdl.part0001.xvg,521,1,1564264023.361484,1564264023.8538709
read,/oasis/scratch/comet/hrlee/temp_project/alchemlyb/perf/fsizes/32/0053/WORK/dhdl/dhdl.part0002.xvg,522,1,1564264023.876008,1564264023.9792647
read,/oasis/scratch/comet/hrlee/temp_project/alchemlyb/perf/fsizes/32/0053/WORK/dhdl/dhdl.part0003.xvg,523,1,1564264024.085435,1564264025.435447
read,/oasis/scratch/comet/hrlee/temp_project/alchemlyb/perf/fsizes/32/0054/WORK/dhdl/dhdl.part0001.xvg,531,1,1564264023.977355,1564264025.4421766
read,/oasis/scratch/comet/hrlee/temp_project/alchemlyb/perf/fsizes/32/0053/WORK/dhdl/dhdl.part0004.xvg,524,1,1564264025.481014,1564264025.6894886
