read,/oasis/scratch/comet/hrlee/temp_project/alchemlyb/perf/fsizes/32/0009/WORK/dhdl/dhdl.part0004.xvg,84,1,1564266577.8927755,1564266577.9230917
read,/oasis/scratch/comet/hrlee/temp_project/alchemlyb/perf/fsizes/32/0007/WORK/dhdl/dhdl.part0008.xvg,68,1,1564266577.8924928,1564266577.9230475
read,/oasis/scratch/comet/hrlee/temp_project/alchemlyb/perf/fsizes/32/0008/WORK/dhdl/dhdl.part0006.xvg,76,1,1564266577.8926616,1564266577.9236574
read,/oasis/scratch/comet/hrlee/temp_project/alchemlyb/perf/fsizes/32/0001/WORK/dhdl/dhdl.part0000.xvg,0,1,1564266577.8916051,1564266577.9533367
read,/oasis/scratch/comet/hrlee/temp_project/alchemlyb/perf/fsizes/32/0007/WORK/dhdl/dhdl.part0004.xvg,64,1,1564266577.8923917,1564266577.9531677
read,/oasis/scratch/comet/hrlee/temp_project/alchemlyb/perf/fsizes/32/0008/WORK/dhdl/dhdl.part0002.xvg,72,1,1564266577.892569,1564266577.9534883
read,/oasis/scratch/comet/hrlee/temp_project/alchemlyb/perf/fsizes/32/0001/WORK/dhdl/dhdl.part0008.xvg,8,1,1564266577.8915827,1564266577.953822
read,/oasis/scratch/comet/hrlee/temp_project/alchemlyb/perf/fsizes/32/0004/WORK/dhdl/dhdl.part0002.xvg,32,1,1564266577.8919868,1564266577.9538524
read,/oasis/scratch/comet/hrlee/temp_project/alchemlyb/perf/fsizes/32/0001/WORK/dhdl/dhdl.part0004.xvg,4,1,1564266577.8916252,1564266577.953871
read,/oasis/scratch/comet/hrlee/temp_project/alchemlyb/perf/fsizes/32/0002/WORK/dhdl/dhdl.part0002.xvg,12,1,1564266577.891681,1564266577.9540362
read,/oasis/scratch/comet/hrlee/temp_project/alchemlyb/perf/fsizes/32/0003/WORK/dhdl/dhdl.part0004.xvg,24,1,1564266577.8919604,1564266577.9540823
read,/oasis/scratch/comet/hrlee/temp_project/alchemlyb/perf/fsizes/32/0002/WORK/dhdl/dhdl.part0006.xvg,16,1,1564266577.8916695,1564266577.954068
read,/oasis/scratch/comet/hrlee/temp_project/alchemlyb/perf/fsizes/32/0005/WORK/dhdl/dhdl.part0000.xvg,40,1,1564266577.8920898,1564266577.9541795
read,/oasis/scratch/comet/hrlee/temp_project/alchemlyb/perf/fsizes/32/0006/WORK/dhdl/dhdl.part0006.xvg,56,1,1564266577.8922577,1564266577.9542177
read,/oasis/scratch/comet/hrlee/temp_project/alchemlyb/perf/fsizes/32/0003/WORK/dhdl/dhdl.part0000.xvg,20,1,1564266577.8920057,1564266577.9543188
read,/oasis/scratch/comet/hrlee/temp_project/alchemlyb/perf/fsizes/32/0005/WORK/dhdl/dhdl.part0008.xvg,48,1,1564266577.892361,1564266577.954374
read,/oasis/scratch/comet/hrlee/temp_project/alchemlyb/perf/fsizes/32/0009/WORK/dhdl/dhdl.part0000.xvg,80,1,1564266577.8927577,1564266577.9544773
read,/oasis/scratch/comet/hrlee/temp_project/alchemlyb/perf/fsizes/32/0003/WORK/dhdl/dhdl.part0008.xvg,28,1,1564266577.892029,1564266577.9545915
read,/oasis/scratch/comet/hrlee/temp_project/alchemlyb/perf/fsizes/32/0009/WORK/dhdl/dhdl.part0008.xvg,88,1,1564266577.8928757,1564266577.954787
read,/oasis/scratch/comet/hrlee/temp_project/alchemlyb/perf/fsizes/32/0004/WORK/dhdl/dhdl.part0006.xvg,36,1,1564266577.8920946,1564266577.9548738
read,/oasis/scratch/comet/hrlee/temp_project/alchemlyb/perf/fsizes/32/0005/WORK/dhdl/dhdl.part0004.xvg,44,1,1564266577.8921487,1564266577.954852
read,/oasis/scratch/comet/hrlee/temp_project/alchemlyb/perf/fsizes/32/0007/WORK/dhdl/dhdl.part0000.xvg,60,1,1564266577.8923624,1564266577.9550648
read,/oasis/scratch/comet/hrlee/temp_project/alchemlyb/perf/fsizes/32/0006/WORK/dhdl/dhdl.part0002.xvg,52,1,1564266577.89244,1564266577.9551167
read,/oasis/scratch/comet/hrlee/temp_project/alchemlyb/perf/fsizes/32/0010/WORK/dhdl/dhdl.part0002.xvg,92,1,1564266577.8977468,1564266577.9572177
read,/oasis/scratch/comet/hrlee/temp_project/alchemlyb/perf/fsizes/32/0007/WORK/dhdl/dhdl.part0009.xvg,69,1,1564266577.9247434,1564266577.9702964
read,/oasis/scratch/comet/hrlee/temp_project/alchemlyb/perf/fsizes/32/0008/WORK/dhdl/dhdl.part0007.xvg,77,1,1564266577.925035,1564266577.970789
read,/oasis/scratch/comet/hrlee/temp_project/alchemlyb/perf/fsizes/32/0009/WORK/dhdl/dhdl.part0005.xvg,85,1,1564266577.932907,1564266577.9740982
read,/oasis/scratch/comet/hrlee/temp_project/alchemlyb/perf/fsizes/32/0003/WORK/dhdl/dhdl.part0001.xvg,21,1,1564266577.9557085,1564266577.986065
read,/oasis/scratch/comet/hrlee/temp_project/alchemlyb/perf/fsizes/32/0008/WORK/dhdl/dhdl.part0003.xvg,73,1,1564266577.955062,1564266578.0159357
read,/oasis/scratch/comet/hrlee/temp_project/alchemlyb/perf/fsizes/32/0007/WORK/dhdl/dhdl.part0005.xvg,65,1,1564266577.9550614,1564266578.0166233
read,/oasis/scratch/comet/hrlee/temp_project/alchemlyb/perf/fsizes/32/0001/WORK/dhdl/dhdl.part0001.xvg,1,1,1564266577.9550612,1564266578.0173059
read,/oasis/scratch/comet/hrlee/temp_project/alchemlyb/perf/fsizes/32/0001/WORK/dhdl/dhdl.part0009.xvg,9,1,1564266577.955061,1564266578.0174809
read,/oasis/scratch/comet/hrlee/temp_project/alchemlyb/perf/fsizes/32/0002/WORK/dhdl/dhdl.part0007.xvg,17,1,1564266577.9555466,1564266578.017578
read,/oasis/scratch/comet/hrlee/temp_project/alchemlyb/perf/fsizes/32/0004/WORK/dhdl/dhdl.part0003.xvg,33,1,1564266577.9552712,1564266578.0176349
read,/oasis/scratch/comet/hrlee/temp_project/alchemlyb/perf/fsizes/32/0003/WORK/dhdl/dhdl.part0005.xvg,25,1,1564266577.955209,1564266578.017653
read,/oasis/scratch/comet/hrlee/temp_project/alchemlyb/perf/fsizes/32/0006/WORK/dhdl/dhdl.part0007.xvg,57,1,1564266577.9555097,1564266578.0177426
read,/oasis/scratch/comet/hrlee/temp_project/alchemlyb/perf/fsizes/32/0005/WORK/dhdl/dhdl.part0001.xvg,41,1,1564266577.955523,1564266578.0178187
read,/oasis/scratch/comet/hrlee/temp_project/alchemlyb/perf/fsizes/32/0009/WORK/dhdl/dhdl.part0001.xvg,81,1,1564266577.9557111,1564266578.0178185
read,/oasis/scratch/comet/hrlee/temp_project/alchemlyb/perf/fsizes/32/0005/WORK/dhdl/dhdl.part0009.xvg,49,1,1564266577.9556766,1564266578.0179842
read,/oasis/scratch/comet/hrlee/temp_project/alchemlyb/perf/fsizes/32/0009/WORK/dhdl/dhdl.part0009.xvg,89,1,1564266577.9559352,1564266578.0183372
read,/oasis/scratch/comet/hrlee/temp_project/alchemlyb/perf/fsizes/32/0003/WORK/dhdl/dhdl.part0009.xvg,29,1,1564266577.9557493,1564266578.0185072
read,/oasis/scratch/comet/hrlee/temp_project/alchemlyb/perf/fsizes/32/0002/WORK/dhdl/dhdl.part0003.xvg,13,1,1564266577.9552965,1564266578.018687
read,/oasis/scratch/comet/hrlee/temp_project/alchemlyb/perf/fsizes/32/0005/WORK/dhdl/dhdl.part0005.xvg,45,1,1564266577.9560826,1564266578.0200331
read,/oasis/scratch/comet/hrlee/temp_project/alchemlyb/perf/fsizes/32/0006/WORK/dhdl/dhdl.part0003.xvg,53,1,1564266577.9562285,1564266578.02052
read,/oasis/scratch/comet/hrlee/temp_project/alchemlyb/perf/fsizes/32/0004/WORK/dhdl/dhdl.part0007.xvg,37,1,1564266577.9559839,1564266578.0211186
read,/oasis/scratch/comet/hrlee/temp_project/alchemlyb/perf/fsizes/32/0007/WORK/dhdl/dhdl.part0001.xvg,61,1,1564266577.9561858,1564266578.0213463
read,/oasis/scratch/comet/hrlee/temp_project/alchemlyb/perf/fsizes/32/0001/WORK/dhdl/dhdl.part0005.xvg,5,1,1564266577.9562428,1564266578.02163
read,/oasis/scratch/comet/hrlee/temp_project/alchemlyb/perf/fsizes/32/0010/WORK/dhdl/dhdl.part0003.xvg,93,1,1564266577.9589436,1564266578.023031
read,/oasis/scratch/comet/hrlee/temp_project/alchemlyb/perf/fsizes/32/0008/WORK/dhdl/dhdl.part0000.xvg,70,1,1564266577.9715216,1564266578.0342584
read,/oasis/scratch/comet/hrlee/temp_project/alchemlyb/perf/fsizes/32/0008/WORK/dhdl/dhdl.part0008.xvg,78,1,1564266577.9746556,1564266578.0388641
read,/oasis/scratch/comet/hrlee/temp_project/alchemlyb/perf/fsizes/32/0003/WORK/dhdl/dhdl.part0002.xvg,22,1,1564266577.9873638,1564266578.0412953
read,/oasis/scratch/comet/hrlee/temp_project/alchemlyb/perf/fsizes/32/0009/WORK/dhdl/dhdl.part0006.xvg,86,1,1564266577.985565,1564266578.0444937
read,/oasis/scratch/comet/hrlee/temp_project/alchemlyb/perf/fsizes/32/0008/WORK/dhdl/dhdl.part0004.xvg,74,1,1564266578.0176473,1564266578.0476708
read,/oasis/scratch/comet/hrlee/temp_project/alchemlyb/perf/fsizes/32/0009/WORK/dhdl/dhdl.part0002.xvg,82,1,1564266578.0187016,1564266578.0490062
read,/oasis/scratch/comet/hrlee/temp_project/alchemlyb/perf/fsizes/32/0004/WORK/dhdl/dhdl.part0000.xvg,30,1,1564266578.0196133,1564266578.0759642
read,/oasis/scratch/comet/hrlee/temp_project/alchemlyb/perf/fsizes/32/0002/WORK/dhdl/dhdl.part0004.xvg,14,1,1564266578.0196881,1564266578.0760496
read,/oasis/scratch/comet/hrlee/temp_project/alchemlyb/perf/fsizes/32/0005/WORK/dhdl/dhdl.part0006.xvg,46,1,1564266578.0211694,1564266578.077751
read,/oasis/scratch/comet/hrlee/temp_project/alchemlyb/perf/fsizes/32/0006/WORK/dhdl/dhdl.part0004.xvg,54,1,1564266578.0215077,1564266578.078183
read,/oasis/scratch/comet/hrlee/temp_project/alchemlyb/perf/fsizes/32/0010/WORK/dhdl/dhdl.part0004.xvg,94,1,1564266578.0245485,1564266578.0782337
read,/oasis/scratch/comet/hrlee/temp_project/alchemlyb/perf/fsizes/32/0001/WORK/dhdl/dhdl.part0006.xvg,6,1,1564266578.0226204,1564266578.0783331
read,/oasis/scratch/comet/hrlee/temp_project/alchemlyb/perf/fsizes/32/0007/WORK/dhdl/dhdl.part0002.xvg,62,1,1564266578.0224807,1564266578.0785072
read,/oasis/scratch/comet/hrlee/temp_project/alchemlyb/perf/fsizes/32/0004/WORK/dhdl/dhdl.part0008.xvg,38,1,1564266578.022172,1564266578.0787976
read,/oasis/scratch/comet/hrlee/temp_project/alchemlyb/perf/fsizes/32/0008/WORK/dhdl/dhdl.part0001.xvg,71,1,1564266578.0361013,1564266578.085333
read,/oasis/scratch/comet/hrlee/temp_project/alchemlyb/perf/fsizes/32/0001/WORK/dhdl/dhdl.part0002.xvg,2,1,1564266578.01832,1564266578.089302
read,/oasis/scratch/comet/hrlee/temp_project/alchemlyb/perf/fsizes/32/0002/WORK/dhdl/dhdl.part0008.xvg,18,1,1564266578.01848,1564266578.0893233
read,/oasis/scratch/comet/hrlee/temp_project/alchemlyb/perf/fsizes/32/0007/WORK/dhdl/dhdl.part0006.xvg,66,1,1564266578.0180902,1564266578.0893614
read,/oasis/scratch/comet/hrlee/temp_project/alchemlyb/perf/fsizes/32/0002/WORK/dhdl/dhdl.part0000.xvg,10,1,1564266578.0184348,1564266578.0895226
read,/oasis/scratch/comet/hrlee/temp_project/alchemlyb/perf/fsizes/32/0003/WORK/dhdl/dhdl.part0006.xvg,26,1,1564266578.0186038,1564266578.0897825
read,/oasis/scratch/comet/hrlee/temp_project/alchemlyb/perf/fsizes/32/0004/WORK/dhdl/dhdl.part0004.xvg,34,1,1564266578.0185292,1564266578.0898192
read,/oasis/scratch/comet/hrlee/temp_project/alchemlyb/perf/fsizes/32/0006/WORK/dhdl/dhdl.part0008.xvg,58,1,1564266578.0186467,1564266578.089907
read,/oasis/scratch/comet/hrlee/temp_project/alchemlyb/perf/fsizes/32/0010/WORK/dhdl/dhdl.part0000.xvg,90,1,1564266578.0191824,1564266578.0902848
read,/oasis/scratch/comet/hrlee/temp_project/alchemlyb/perf/fsizes/32/0005/WORK/dhdl/dhdl.part0002.xvg,42,1,1564266578.018752,1564266578.0903254
read,/oasis/scratch/comet/hrlee/temp_project/alchemlyb/perf/fsizes/32/0008/WORK/dhdl/dhdl.part0009.xvg,79,1,1564266578.0407803,1564266578.0905848
read,/oasis/scratch/comet/hrlee/temp_project/alchemlyb/perf/fsizes/32/0006/WORK/dhdl/dhdl.part0000.xvg,50,1,1564266578.0188348,1564266578.0906463
read,/oasis/scratch/comet/hrlee/temp_project/alchemlyb/perf/fsizes/32/0003/WORK/dhdl/dhdl.part0003.xvg,23,1,1564266578.0429945,1564266578.0938864
read,/oasis/scratch/comet/hrlee/temp_project/alchemlyb/perf/fsizes/32/0008/WORK/dhdl/dhdl.part0005.xvg,75,1,1564266578.0497892,1564266578.0958555
read,/oasis/scratch/comet/hrlee/temp_project/alchemlyb/perf/fsizes/32/0009/WORK/dhdl/dhdl.part0003.xvg,83,1,1564266578.0506206,1564266578.0964675
read,/oasis/scratch/comet/hrlee/temp_project/alchemlyb/perf/fsizes/32/0009/WORK/dhdl/dhdl.part0007.xvg,87,1,1564266578.0458968,1564266578.096918
read,/oasis/scratch/comet/hrlee/temp_project/alchemlyb/perf/fsizes/32/0004/WORK/dhdl/dhdl.part0001.xvg,31,1,1564266578.0778742,1564266578.1331758
read,/oasis/scratch/comet/hrlee/temp_project/alchemlyb/perf/fsizes/32/0005/WORK/dhdl/dhdl.part0007.xvg,47,1,1564266578.0788467,1564266578.1346617
read,/oasis/scratch/comet/hrlee/temp_project/alchemlyb/perf/fsizes/32/0006/WORK/dhdl/dhdl.part0005.xvg,55,1,1564266578.0792284,1564266578.1352172
read,/oasis/scratch/comet/hrlee/temp_project/alchemlyb/perf/fsizes/32/0001/WORK/dhdl/dhdl.part0007.xvg,7,1,1564266578.0792906,1564266578.135246
read,/oasis/scratch/comet/hrlee/temp_project/alchemlyb/perf/fsizes/32/0004/WORK/dhdl/dhdl.part0009.xvg,39,1,1564266578.0796912,1564266578.1355636
read,/oasis/scratch/comet/hrlee/temp_project/alchemlyb/perf/fsizes/32/0010/WORK/dhdl/dhdl.part0005.xvg,95,1,1564266578.0792177,1564266578.135951
read,/oasis/scratch/comet/hrlee/temp_project/alchemlyb/perf/fsizes/32/0010/WORK/dhdl/dhdl.part0006.xvg,96,1,1564266578.0873582,1564266578.1406963
read,/oasis/scratch/comet/hrlee/temp_project/alchemlyb/perf/fsizes/32/0007/WORK/dhdl/dhdl.part0003.xvg,63,1,1564266578.085932,1564266578.140903
read,/oasis/scratch/comet/hrlee/temp_project/alchemlyb/perf/fsizes/32/0002/WORK/dhdl/dhdl.part0005.xvg,15,1,1564266578.0859363,1564266578.142575
read,/oasis/scratch/comet/hrlee/temp_project/alchemlyb/perf/fsizes/32/0011/WORK/dhdl/dhdl.part0000.xvg,100,1,1564266578.0922348,1564266578.1432846
read,/oasis/scratch/comet/hrlee/temp_project/alchemlyb/perf/fsizes/32/0011/WORK/dhdl/dhdl.part0004.xvg,104,1,1564266578.095994,1564266578.144675
read,/oasis/scratch/comet/hrlee/temp_project/alchemlyb/perf/fsizes/32/0012/WORK/dhdl/dhdl.part0006.xvg,116,1,1564266578.0984955,1564266578.147247
read,/oasis/scratch/comet/hrlee/temp_project/alchemlyb/perf/fsizes/32/0013/WORK/dhdl/dhdl.part0004.xvg,124,1,1564266578.1363032,1564266578.1663544
read,/oasis/scratch/comet/hrlee/temp_project/alchemlyb/perf/fsizes/32/0002/WORK/dhdl/dhdl.part0009.xvg,19,1,1564266578.0906913,1564266578.169132
read,/oasis/scratch/comet/hrlee/temp_project/alchemlyb/perf/fsizes/32/0001/WORK/dhdl/dhdl.part0003.xvg,3,1,1564266578.0906916,1564266578.1698651
read,/oasis/scratch/comet/hrlee/temp_project/alchemlyb/perf/fsizes/32/0002/WORK/dhdl/dhdl.part0001.xvg,11,1,1564266578.0906913,1564266578.1701355
read,/oasis/scratch/comet/hrlee/temp_project/alchemlyb/perf/fsizes/32/0004/WORK/dhdl/dhdl.part0005.xvg,35,1,1564266578.0907423,1564266578.170158
read,/oasis/scratch/comet/hrlee/temp_project/alchemlyb/perf/fsizes/32/0007/WORK/dhdl/dhdl.part0007.xvg,67,1,1564266578.090692,1564266578.170178
read,/oasis/scratch/comet/hrlee/temp_project/alchemlyb/perf/fsizes/32/0006/WORK/dhdl/dhdl.part0009.xvg,59,1,1564266578.0907505,1564266578.170335
read,/oasis/scratch/comet/hrlee/temp_project/alchemlyb/perf/fsizes/32/0005/WORK/dhdl/dhdl.part0003.xvg,43,1,1564266578.0914145,1564266578.1704192
read,/oasis/scratch/comet/hrlee/temp_project/alchemlyb/perf/fsizes/32/0003/WORK/dhdl/dhdl.part0007.xvg,27,1,1564266578.0907538,1564266578.170433
read,/oasis/scratch/comet/hrlee/temp_project/alchemlyb/perf/fsizes/32/0010/WORK/dhdl/dhdl.part0001.xvg,91,1,1564266578.0914145,1564266578.1705265
read,/oasis/scratch/comet/hrlee/temp_project/alchemlyb/perf/fsizes/32/0006/WORK/dhdl/dhdl.part0001.xvg,51,1,1564266578.0915153,1564266578.1710463
read,/oasis/scratch/comet/hrlee/temp_project/alchemlyb/perf/fsizes/32/0011/WORK/dhdl/dhdl.part0008.xvg,108,1,1564266578.0980637,1564266578.172582
read,/oasis/scratch/comet/hrlee/temp_project/alchemlyb/perf/fsizes/32/0012/WORK/dhdl/dhdl.part0002.xvg,112,1,1564266578.0980637,1564266578.1729155
read,/oasis/scratch/comet/hrlee/temp_project/alchemlyb/perf/fsizes/32/0012/WORK/dhdl/dhdl.part0007.xvg,117,1,1564266578.1485143,1564266578.1878123
read,/oasis/scratch/comet/hrlee/temp_project/alchemlyb/perf/fsizes/32/0017/WORK/dhdl/dhdl.part0008.xvg,168,1,1564266578.171393,1564266578.2008307
read,/oasis/scratch/comet/hrlee/temp_project/alchemlyb/perf/fsizes/32/0019/WORK/dhdl/dhdl.part0004.xvg,184,1,1564266578.171683,1564266578.2008307
read,/oasis/scratch/comet/hrlee/temp_project/alchemlyb/perf/fsizes/32/0013/WORK/dhdl/dhdl.part0000.xvg,120,1,1564266578.135548,1564266578.2018397
read,/oasis/scratch/comet/hrlee/temp_project/alchemlyb/perf/fsizes/32/0015/WORK/dhdl/dhdl.part0008.xvg,148,1,1564266578.1546514,1564266578.2022634
read,/oasis/scratch/comet/hrlee/temp_project/alchemlyb/perf/fsizes/32/0013/WORK/dhdl/dhdl.part0008.xvg,128,1,1564266578.136412,1564266578.203609
read,/oasis/scratch/comet/hrlee/temp_project/alchemlyb/perf/fsizes/32/0014/WORK/dhdl/dhdl.part0006.xvg,136,1,1564266578.1367126,1564266578.2041566
read,/oasis/scratch/comet/hrlee/temp_project/alchemlyb/perf/fsizes/32/0015/WORK/dhdl/dhdl.part0000.xvg,140,1,1564266578.1371522,1564266578.2044249
read,/oasis/scratch/comet/hrlee/temp_project/alchemlyb/perf/fsizes/32/0014/WORK/dhdl/dhdl.part0002.xvg,132,1,1564266578.1412957,1564266578.2077358
read,/oasis/scratch/comet/hrlee/temp_project/alchemlyb/perf/fsizes/32/0010/WORK/dhdl/dhdl.part0007.xvg,97,1,1564266578.1425092,1564266578.2084603
read,/oasis/scratch/comet/hrlee/temp_project/alchemlyb/perf/fsizes/32/0011/WORK/dhdl/dhdl.part0001.xvg,101,1,1564266578.1441863,1564266578.2089126
read,/oasis/scratch/comet/hrlee/temp_project/alchemlyb/perf/fsizes/32/0015/WORK/dhdl/dhdl.part0004.xvg,144,1,1564266578.1438303,1564266578.2093906
read,/oasis/scratch/comet/hrlee/temp_project/alchemlyb/perf/fsizes/32/0011/WORK/dhdl/dhdl.part0005.xvg,105,1,1564266578.1458204,1564266578.2094707
read,/oasis/scratch/comet/hrlee/temp_project/alchemlyb/perf/fsizes/32/0013/WORK/dhdl/dhdl.part0005.xvg,125,1,1564266578.167952,1564266578.216954
read,/oasis/scratch/comet/hrlee/temp_project/alchemlyb/perf/fsizes/32/0012/WORK/dhdl/dhdl.part0008.xvg,118,1,1564266578.189945,1564266578.22801
read,/oasis/scratch/comet/hrlee/temp_project/alchemlyb/perf/fsizes/32/0013/WORK/dhdl/dhdl.part0009.xvg,129,1,1564266578.2051725,1564266578.2391703
read,/oasis/scratch/comet/hrlee/temp_project/alchemlyb/perf/fsizes/32/0010/WORK/dhdl/dhdl.part0008.xvg,98,1,1564266578.2094064,1564266578.2424626
read,/oasis/scratch/comet/hrlee/temp_project/alchemlyb/perf/fsizes/32/0016/WORK/dhdl/dhdl.part0002.xvg,152,1,1564266578.170801,1564266578.2449138
read,/oasis/scratch/comet/hrlee/temp_project/alchemlyb/perf/fsizes/32/0016/WORK/dhdl/dhdl.part0006.xvg,156,1,1564266578.1712847,1564266578.2455704
read,/oasis/scratch/comet/hrlee/temp_project/alchemlyb/perf/fsizes/32/0018/WORK/dhdl/dhdl.part0002.xvg,172,1,1564266578.1714845,1564266578.2457724
read,/oasis/scratch/comet/hrlee/temp_project/alchemlyb/perf/fsizes/32/0017/WORK/dhdl/dhdl.part0004.xvg,164,1,1564266578.1713786,1564266578.2459254
read,/oasis/scratch/comet/hrlee/temp_project/alchemlyb/perf/fsizes/32/0017/WORK/dhdl/dhdl.part0000.xvg,160,1,1564266578.171334,1564266578.2461681
read,/oasis/scratch/comet/hrlee/temp_project/alchemlyb/perf/fsizes/32/0019/WORK/dhdl/dhdl.part0000.xvg,180,1,1564266578.1715853,1564266578.2462673
read,/oasis/scratch/comet/hrlee/temp_project/alchemlyb/perf/fsizes/32/0018/WORK/dhdl/dhdl.part0006.xvg,176,1,1564266578.1715243,1564266578.2465158
read,/oasis/scratch/comet/hrlee/temp_project/alchemlyb/perf/fsizes/32/0019/WORK/dhdl/dhdl.part0008.xvg,188,1,1564266578.1720777,1564266578.2465603
read,/oasis/scratch/comet/hrlee/temp_project/alchemlyb/perf/fsizes/32/0011/WORK/dhdl/dhdl.part0009.xvg,109,1,1564266578.1741698,1564266578.2468076
read,/oasis/scratch/comet/hrlee/temp_project/alchemlyb/perf/fsizes/32/0012/WORK/dhdl/dhdl.part0003.xvg,113,1,1564266578.1741698,1564266578.246817
read,/oasis/scratch/comet/hrlee/temp_project/alchemlyb/perf/fsizes/32/0015/WORK/dhdl/dhdl.part0009.xvg,149,1,1564266578.203728,1564266578.2476964
read,/oasis/scratch/comet/hrlee/temp_project/alchemlyb/perf/fsizes/32/0019/WORK/dhdl/dhdl.part0005.xvg,185,1,1564266578.2030668,1564266578.2511482
read,/oasis/scratch/comet/hrlee/temp_project/alchemlyb/perf/fsizes/32/0017/WORK/dhdl/dhdl.part0009.xvg,169,1,1564266578.2030668,1564266578.2511508
read,/oasis/scratch/comet/hrlee/temp_project/alchemlyb/perf/fsizes/32/0013/WORK/dhdl/dhdl.part0001.xvg,121,1,1564266578.203344,1564266578.2538004
read,/oasis/scratch/comet/hrlee/temp_project/alchemlyb/perf/fsizes/32/0014/WORK/dhdl/dhdl.part0007.xvg,137,1,1564266578.205187,1564266578.2616062
read,/oasis/scratch/comet/hrlee/temp_project/alchemlyb/perf/fsizes/32/0014/WORK/dhdl/dhdl.part0003.xvg,133,1,1564266578.2096958,1564266578.27335
read,/oasis/scratch/comet/hrlee/temp_project/alchemlyb/perf/fsizes/32/0015/WORK/dhdl/dhdl.part0001.xvg,141,1,1564266578.2088423,1564266578.2733593
read,/oasis/scratch/comet/hrlee/temp_project/alchemlyb/perf/fsizes/32/0011/WORK/dhdl/dhdl.part0002.xvg,102,1,1564266578.2098262,1564266578.2733457
read,/oasis/scratch/comet/hrlee/temp_project/alchemlyb/perf/fsizes/32/0015/WORK/dhdl/dhdl.part0005.xvg,145,1,1564266578.2104568,1564266578.2739022
read,/oasis/scratch/comet/hrlee/temp_project/alchemlyb/perf/fsizes/32/0017/WORK/dhdl/dhdl.part0005.xvg,165,1,1564266578.246888,1564266578.2763064
read,/oasis/scratch/comet/hrlee/temp_project/alchemlyb/perf/fsizes/32/0012/WORK/dhdl/dhdl.part0009.xvg,119,1,1564266578.2296174,1564266578.2766163
read,/oasis/scratch/comet/hrlee/temp_project/alchemlyb/perf/fsizes/32/0011/WORK/dhdl/dhdl.part0006.xvg,106,1,1564266578.2175608,1564266578.2783096
read,/oasis/scratch/comet/hrlee/temp_project/alchemlyb/perf/fsizes/32/0013/WORK/dhdl/dhdl.part0006.xvg,126,1,1564266578.2184253,1564266578.2792456
read,/oasis/scratch/comet/hrlee/temp_project/alchemlyb/perf/fsizes/32/0018/WORK/dhdl/dhdl.part0000.xvg,170,1,1564266578.2529762,1564266578.2836092
read,/oasis/scratch/comet/hrlee/temp_project/alchemlyb/perf/fsizes/32/0014/WORK/dhdl/dhdl.part0000.xvg,130,1,1564266578.2410247,1564266578.2906547
read,/oasis/scratch/comet/hrlee/temp_project/alchemlyb/perf/fsizes/32/0010/WORK/dhdl/dhdl.part0009.xvg,99,1,1564266578.2443068,1564266578.2931151
read,/oasis/scratch/comet/hrlee/temp_project/alchemlyb/perf/fsizes/32/0016/WORK/dhdl/dhdl.part0000.xvg,150,1,1564266578.2492712,1564266578.2977374
read,/oasis/scratch/comet/hrlee/temp_project/alchemlyb/perf/fsizes/32/0013/WORK/dhdl/dhdl.part0002.xvg,122,1,1564266578.2557998,1564266578.2979
read,/oasis/scratch/comet/hrlee/temp_project/alchemlyb/perf/fsizes/32/0014/WORK/dhdl/dhdl.part0008.xvg,138,1,1564266578.2636151,1564266578.303212
read,/oasis/scratch/comet/hrlee/temp_project/alchemlyb/perf/fsizes/32/0016/WORK/dhdl/dhdl.part0003.xvg,153,1,1564266578.246567,1564266578.3184242
read,/oasis/scratch/comet/hrlee/temp_project/alchemlyb/perf/fsizes/32/0018/WORK/dhdl/dhdl.part0003.xvg,173,1,1564266578.2468388,1564266578.3201337
read,/oasis/scratch/comet/hrlee/temp_project/alchemlyb/perf/fsizes/32/0016/WORK/dhdl/dhdl.part0007.xvg,157,1,1564266578.24684,1564266578.3201506
read,/oasis/scratch/comet/hrlee/temp_project/alchemlyb/perf/fsizes/32/0019/WORK/dhdl/dhdl.part0001.xvg,181,1,1564266578.2471673,1564266578.3202503
read,/oasis/scratch/comet/hrlee/temp_project/alchemlyb/perf/fsizes/32/0017/WORK/dhdl/dhdl.part0001.xvg,161,1,1564266578.2471323,1564266578.3203442
read,/oasis/scratch/comet/hrlee/temp_project/alchemlyb/perf/fsizes/32/0012/WORK/dhdl/dhdl.part0000.xvg,110,1,1564266578.247722,1564266578.3205044
read,/oasis/scratch/comet/hrlee/temp_project/alchemlyb/perf/fsizes/32/0012/WORK/dhdl/dhdl.part0004.xvg,114,1,1564266578.2477257,1564266578.3205965
read,/oasis/scratch/comet/hrlee/temp_project/alchemlyb/perf/fsizes/32/0018/WORK/dhdl/dhdl.part0007.xvg,177,1,1564266578.247713,1564266578.3206558
read,/oasis/scratch/comet/hrlee/temp_project/alchemlyb/perf/fsizes/32/0019/WORK/dhdl/dhdl.part0009.xvg,189,1,1564266578.2477186,1564266578.3206508
read,/oasis/scratch/comet/hrlee/temp_project/alchemlyb/perf/fsizes/32/0019/WORK/dhdl/dhdl.part0006.xvg,186,1,1564266578.2529767,1564266578.321492
read,/oasis/scratch/comet/hrlee/temp_project/alchemlyb/perf/fsizes/32/0017/WORK/dhdl/dhdl.part0006.xvg,166,1,1564266578.2783618,1564266578.3255928
read,/oasis/scratch/comet/hrlee/temp_project/alchemlyb/perf/fsizes/32/0018/WORK/dhdl/dhdl.part0001.xvg,171,1,1564266578.2853348,1564266578.3321302
read,/oasis/scratch/comet/hrlee/temp_project/alchemlyb/perf/fsizes/32/0014/WORK/dhdl/dhdl.part0004.xvg,134,1,1564266578.2747374,1564266578.3353188
read,/oasis/scratch/comet/hrlee/temp_project/alchemlyb/perf/fsizes/32/0015/WORK/dhdl/dhdl.part0006.xvg,146,1,1564266578.2749622,1564266578.3356218
read,/oasis/scratch/comet/hrlee/temp_project/alchemlyb/perf/fsizes/32/0011/WORK/dhdl/dhdl.part0003.xvg,103,1,1564266578.2747638,1564266578.3357952
read,/oasis/scratch/comet/hrlee/temp_project/alchemlyb/perf/fsizes/32/0015/WORK/dhdl/dhdl.part0002.xvg,142,1,1564266578.2747374,1564266578.3358586
read,/oasis/scratch/comet/hrlee/temp_project/alchemlyb/perf/fsizes/32/0020/WORK/dhdl/dhdl.part0002.xvg,192,1,1564266578.2782202,1564266578.339199
read,/oasis/scratch/comet/hrlee/temp_project/alchemlyb/perf/fsizes/32/0011/WORK/dhdl/dhdl.part0007.xvg,107,1,1564266578.2796686,1564266578.34042
read,/oasis/scratch/comet/hrlee/temp_project/alchemlyb/perf/fsizes/32/0014/WORK/dhdl/dhdl.part0001.xvg,131,1,1564266578.2923722,1564266578.3409486
read,/oasis/scratch/comet/hrlee/temp_project/alchemlyb/perf/fsizes/32/0013/WORK/dhdl/dhdl.part0007.xvg,127,1,1564266578.2804828,1564266578.3416173
read,/oasis/scratch/comet/hrlee/temp_project/alchemlyb/perf/fsizes/32/0020/WORK/dhdl/dhdl.part0006.xvg,196,1,1564266578.2949216,1564266578.3444448
read,/oasis/scratch/comet/hrlee/temp_project/alchemlyb/perf/fsizes/32/0016/WORK/dhdl/dhdl.part0001.xvg,151,1,1564266578.299163,1564266578.3514016
read,/oasis/scratch/comet/hrlee/temp_project/alchemlyb/perf/fsizes/32/0013/WORK/dhdl/dhdl.part0003.xvg,123,1,1564266578.299163,1564266578.3537426
read,/oasis/scratch/comet/hrlee/temp_project/alchemlyb/perf/fsizes/32/0017/WORK/dhdl/dhdl.part0007.xvg,167,1,1564266578.3281248,1564266578.3570867
read,/oasis/scratch/comet/hrlee/temp_project/alchemlyb/perf/fsizes/32/0014/WORK/dhdl/dhdl.part0009.xvg,139,1,1564266578.3047035,1564266578.3589392
read,/oasis/scratch/comet/hrlee/temp_project/alchemlyb/perf/fsizes/32/0014/WORK/dhdl/dhdl.part0005.xvg,135,1,1564266578.336786,1564266578.38869
read,/oasis/scratch/comet/hrlee/temp_project/alchemlyb/perf/fsizes/32/0015/WORK/dhdl/dhdl.part0003.xvg,143,1,1564266578.3369339,1564266578.3899062
read,/oasis/scratch/comet/hrlee/temp_project/alchemlyb/perf/fsizes/32/0015/WORK/dhdl/dhdl.part0007.xvg,147,1,1564266578.336786,1564266578.3909345
read,/oasis/scratch/comet/hrlee/temp_project/alchemlyb/perf/fsizes/32/0021/WORK/dhdl/dhdl.part0004.xvg,204,1,1564266578.3371332,1564266578.3910677
read,/oasis/scratch/comet/hrlee/temp_project/alchemlyb/perf/fsizes/32/0020/WORK/dhdl/dhdl.part0003.xvg,193,1,1564266578.3409276,1564266578.3925123
read,/oasis/scratch/comet/hrlee/temp_project/alchemlyb/perf/fsizes/32/0016/WORK/dhdl/dhdl.part0004.xvg,154,1,1564266578.3202834,1564266578.3942425
read,/oasis/scratch/comet/hrlee/temp_project/alchemlyb/perf/fsizes/32/0018/WORK/dhdl/dhdl.part0004.xvg,174,1,1564266578.3214211,1564266578.394482
read,/oasis/scratch/comet/hrlee/temp_project/alchemlyb/perf/fsizes/32/0018/WORK/dhdl/dhdl.part0008.xvg,178,1,1564266578.321566,1564266578.3946877
read,/oasis/scratch/comet/hrlee/temp_project/alchemlyb/perf/fsizes/32/0017/WORK/dhdl/dhdl.part0002.xvg,162,1,1564266578.32142,1564266578.3947127
read,/oasis/scratch/comet/hrlee/temp_project/alchemlyb/perf/fsizes/32/0019/WORK/dhdl/dhdl.part0007.xvg,187,1,1564266578.322494,1564266578.394954
read,/oasis/scratch/comet/hrlee/temp_project/alchemlyb/perf/fsizes/32/0016/WORK/dhdl/dhdl.part0008.xvg,158,1,1564266578.3214202,1564266578.3950498
read,/oasis/scratch/comet/hrlee/temp_project/alchemlyb/perf/fsizes/32/0019/WORK/dhdl/dhdl.part0002.xvg,182,1,1564266578.3214204,1564266578.3951137
read,/oasis/scratch/comet/hrlee/temp_project/alchemlyb/perf/fsizes/32/0021/WORK/dhdl/dhdl.part0008.xvg,208,1,1564266578.34201,1564266578.395147
read,/oasis/scratch/comet/hrlee/temp_project/alchemlyb/perf/fsizes/32/0012/WORK/dhdl/dhdl.part0005.xvg,115,1,1564266578.3215585,1564266578.3953986
read,/oasis/scratch/comet/hrlee/temp_project/alchemlyb/perf/fsizes/32/0012/WORK/dhdl/dhdl.part0001.xvg,111,1,1564266578.3214273,1564266578.395448
read,/oasis/scratch/comet/hrlee/temp_project/alchemlyb/perf/fsizes/32/0020/WORK/dhdl/dhdl.part0000.xvg,190,1,1564266578.3216164,1564266578.3957233
read,/oasis/scratch/comet/hrlee/temp_project/alchemlyb/perf/fsizes/32/0022/WORK/dhdl/dhdl.part0002.xvg,212,1,1564266578.3422892,1564266578.3959658
read,/oasis/scratch/comet/hrlee/temp_project/alchemlyb/perf/fsizes/32/0022/WORK/dhdl/dhdl.part0006.xvg,216,1,1564266578.3431091,1564266578.3961074
read,/oasis/scratch/comet/hrlee/temp_project/alchemlyb/perf/fsizes/32/0021/WORK/dhdl/dhdl.part0000.xvg,200,1,1564266578.335063,1564266578.3986194
read,/oasis/scratch/comet/hrlee/temp_project/alchemlyb/perf/fsizes/32/0020/WORK/dhdl/dhdl.part0007.xvg,197,1,1564266578.3460922,1564266578.3996007
read,/oasis/scratch/comet/hrlee/temp_project/alchemlyb/perf/fsizes/32/0023/WORK/dhdl/dhdl.part0000.xvg,220,1,1564266578.3536534,1564266578.406265
read,/oasis/scratch/comet/hrlee/temp_project/alchemlyb/perf/fsizes/32/0023/WORK/dhdl/dhdl.part0008.xvg,228,1,1564266578.3597524,1564266578.4083815
read,/oasis/scratch/comet/hrlee/temp_project/alchemlyb/perf/fsizes/32/0023/WORK/dhdl/dhdl.part0004.xvg,224,1,1564266578.355791,1564266578.4117167
read,/oasis/scratch/comet/hrlee/temp_project/alchemlyb/perf/fsizes/32/0024/WORK/dhdl/dhdl.part0002.xvg,232,1,1564266578.3608828,1564266578.414387
read,/oasis/scratch/comet/hrlee/temp_project/alchemlyb/perf/fsizes/32/0019/WORK/dhdl/dhdl.part0003.xvg,183,1,1564266578.3961127,1564266578.4286005
read,/oasis/scratch/comet/hrlee/temp_project/alchemlyb/perf/fsizes/32/0026/WORK/dhdl/dhdl.part0002.xvg,252,1,1564266578.3968532,1564266578.4295828
read,/oasis/scratch/comet/hrlee/temp_project/alchemlyb/perf/fsizes/32/0026/WORK/dhdl/dhdl.part0006.xvg,256,1,1564266578.3968828,1564266578.4296384
read,/oasis/scratch/comet/hrlee/temp_project/alchemlyb/perf/fsizes/32/0024/WORK/dhdl/dhdl.part0006.xvg,236,1,1564266578.3909473,1564266578.4462974
read,/oasis/scratch/comet/hrlee/temp_project/alchemlyb/perf/fsizes/32/0025/WORK/dhdl/dhdl.part0004.xvg,244,1,1564266578.392537,1564266578.4473388
read,/oasis/scratch/comet/hrlee/temp_project/alchemlyb/perf/fsizes/32/0025/WORK/dhdl/dhdl.part0000.xvg,240,1,1564266578.3918436,1564266578.4473023
read,/oasis/scratch/comet/hrlee/temp_project/alchemlyb/perf/fsizes/32/0021/WORK/dhdl/dhdl.part0005.xvg,205,1,1564266578.392438,1564266578.4481518
read,/oasis/scratch/comet/hrlee/temp_project/alchemlyb/perf/fsizes/32/0020/WORK/dhdl/dhdl.part0004.xvg,194,1,1564266578.3941069,1564266578.44969
read,/oasis/scratch/comet/hrlee/temp_project/alchemlyb/perf/fsizes/32/0021/WORK/dhdl/dhdl.part0009.xvg,209,1,1564266578.3965256,1564266578.4505253
read,/oasis/scratch/comet/hrlee/temp_project/alchemlyb/perf/fsizes/32/0022/WORK/dhdl/dhdl.part0003.xvg,213,1,1564266578.397105,1564266578.4511619
read,/oasis/scratch/comet/hrlee/temp_project/alchemlyb/perf/fsizes/32/0022/WORK/dhdl/dhdl.part0007.xvg,217,1,1564266578.397119,1564266578.451703
read,/oasis/scratch/comet/hrlee/temp_project/alchemlyb/perf/fsizes/32/0020/WORK/dhdl/dhdl.part0008.xvg,198,1,1564266578.4012895,1564266578.454085
read,/oasis/scratch/comet/hrlee/temp_project/alchemlyb/perf/fsizes/32/0017/WORK/dhdl/dhdl.part0003.xvg,163,1,1564266578.3956504,1564266578.459643
read,/oasis/scratch/comet/hrlee/temp_project/alchemlyb/perf/fsizes/32/0016/WORK/dhdl/dhdl.part0005.xvg,155,1,1564266578.3956523,1564266578.4598317
read,/oasis/scratch/comet/hrlee/temp_project/alchemlyb/perf/fsizes/32/0018/WORK/dhdl/dhdl.part0005.xvg,175,1,1564266578.395651,1564266578.4599054
read,/oasis/scratch/comet/hrlee/temp_project/alchemlyb/perf/fsizes/32/0023/WORK/dhdl/dhdl.part0001.xvg,221,1,1564266578.4081182,1564266578.4598784
read,/oasis/scratch/comet/hrlee/temp_project/alchemlyb/perf/fsizes/32/0018/WORK/dhdl/dhdl.part0009.xvg,179,1,1564266578.3957062,1564266578.4602315
read,/oasis/scratch/comet/hrlee/temp_project/alchemlyb/perf/fsizes/32/0025/WORK/dhdl/dhdl.part0008.xvg,248,1,1564266578.3961265,1564266578.4605734
read,/oasis/scratch/comet/hrlee/temp_project/alchemlyb/perf/fsizes/32/0020/WORK/dhdl/dhdl.part0001.xvg,191,1,1564266578.396668,1564266578.4609394
read,/oasis/scratch/comet/hrlee/temp_project/alchemlyb/perf/fsizes/32/0016/WORK/dhdl/dhdl.part0009.xvg,159,1,1564266578.396161,1564266578.4610717
read,/oasis/scratch/comet/hrlee/temp_project/alchemlyb/perf/fsizes/32/0021/WORK/dhdl/dhdl.part0001.xvg,201,1,1564266578.4006922,1564266578.462975
read,/oasis/scratch/comet/hrlee/temp_project/alchemlyb/perf/fsizes/32/0023/WORK/dhdl/dhdl.part0005.xvg,225,1,1564266578.4135764,1564266578.468552
read,/oasis/scratch/comet/hrlee/temp_project/alchemlyb/perf/fsizes/32/0024/WORK/dhdl/dhdl.part0003.xvg,233,1,1564266578.4160771,1564266578.4688032
read,/oasis/scratch/comet/hrlee/temp_project/alchemlyb/perf/fsizes/32/0023/WORK/dhdl/dhdl.part0009.xvg,229,1,1564266578.4106793,1564266578.4709814
read,/oasis/scratch/comet/hrlee/temp_project/alchemlyb/perf/fsizes/32/0027/WORK/dhdl/dhdl.part0000.xvg,260,1,1564266578.4306161,1564266578.4836216
read,/oasis/scratch/comet/hrlee/temp_project/alchemlyb/perf/fsizes/32/0026/WORK/dhdl/dhdl.part0003.xvg,253,1,1564266578.431257,1564266578.483707
read,/oasis/scratch/comet/hrlee/temp_project/alchemlyb/perf/fsizes/32/0026/WORK/dhdl/dhdl.part0007.xvg,257,1,1564266578.4312587,1564266578.484006
read,/oasis/scratch/comet/hrlee/temp_project/alchemlyb/perf/fsizes/32/0025/WORK/dhdl/dhdl.part0005.xvg,245,1,1564266578.4487977,1564266578.501708
read,/oasis/scratch/comet/hrlee/temp_project/alchemlyb/perf/fsizes/32/0025/WORK/dhdl/dhdl.part0001.xvg,241,1,1564266578.448811,1564266578.502452
read,/oasis/scratch/comet/hrlee/temp_project/alchemlyb/perf/fsizes/32/0020/WORK/dhdl/dhdl.part0005.xvg,195,1,1564266578.451245,1564266578.5045817
read,/oasis/scratch/comet/hrlee/temp_project/alchemlyb/perf/fsizes/32/0024/WORK/dhdl/dhdl.part0007.xvg,237,1,1564266578.448202,1564266578.5047166
read,/oasis/scratch/comet/hrlee/temp_project/alchemlyb/perf/fsizes/32/0022/WORK/dhdl/dhdl.part0000.xvg,210,1,1564266578.4517944,1564266578.5050776
read,/oasis/scratch/comet/hrlee/temp_project/alchemlyb/perf/fsizes/32/0022/WORK/dhdl/dhdl.part0004.xvg,214,1,1564266578.4523675,1564266578.505475
read,/oasis/scratch/comet/hrlee/temp_project/alchemlyb/perf/fsizes/32/0021/WORK/dhdl/dhdl.part0006.xvg,206,1,1564266578.4492512,1564266578.506118
read,/oasis/scratch/comet/hrlee/temp_project/alchemlyb/perf/fsizes/32/0022/WORK/dhdl/dhdl.part0008.xvg,218,1,1564266578.4531763,1564266578.5061402
read,/oasis/scratch/comet/hrlee/temp_project/alchemlyb/perf/fsizes/32/0020/WORK/dhdl/dhdl.part0009.xvg,199,1,1564266578.4557178,1564266578.5103683
read,/oasis/scratch/comet/hrlee/temp_project/alchemlyb/perf/fsizes/32/0027/WORK/dhdl/dhdl.part0008.xvg,268,1,1564266578.4613774,1564266578.512893
read,/oasis/scratch/comet/hrlee/temp_project/alchemlyb/perf/fsizes/32/0028/WORK/dhdl/dhdl.part0002.xvg,272,1,1564266578.4613767,1564266578.5130649
read,/oasis/scratch/comet/hrlee/temp_project/alchemlyb/perf/fsizes/32/0028/WORK/dhdl/dhdl.part0006.xvg,276,1,1564266578.4613984,1564266578.5133164
read,/oasis/scratch/comet/hrlee/temp_project/alchemlyb/perf/fsizes/32/0029/WORK/dhdl/dhdl.part0004.xvg,284,1,1564266578.4622176,1564266578.5134463
read,/oasis/scratch/comet/hrlee/temp_project/alchemlyb/perf/fsizes/32/0023/WORK/dhdl/dhdl.part0002.xvg,222,1,1564266578.4615,1564266578.5139613
read,/oasis/scratch/comet/hrlee/temp_project/alchemlyb/perf/fsizes/32/0027/WORK/dhdl/dhdl.part0004.xvg,264,1,1564266578.461376,1564266578.5183852
read,/oasis/scratch/comet/hrlee/temp_project/alchemlyb/perf/fsizes/32/0025/WORK/dhdl/dhdl.part0009.xvg,249,1,1564266578.4616299,1564266578.5188498
read,/oasis/scratch/comet/hrlee/temp_project/alchemlyb/perf/fsizes/32/0029/WORK/dhdl/dhdl.part0000.xvg,280,1,1564266578.462066,1564266578.5197582
read,/oasis/scratch/comet/hrlee/temp_project/alchemlyb/perf/fsizes/32/0024/WORK/dhdl/dhdl.part0004.xvg,234,1,1564266578.469958,1564266578.5199447
read,/oasis/scratch/comet/hrlee/temp_project/alchemlyb/perf/fsizes/32/0023/WORK/dhdl/dhdl.part0006.xvg,226,1,1564266578.4699583,1564266578.5213253
read,/oasis/scratch/comet/hrlee/temp_project/alchemlyb/perf/fsizes/32/0021/WORK/dhdl/dhdl.part0002.xvg,202,1,1564266578.46499,1564266578.5222743
read,/oasis/scratch/comet/hrlee/temp_project/alchemlyb/perf/fsizes/32/0024/WORK/dhdl/dhdl.part0000.xvg,230,1,1564266578.4729884,1564266578.5286372
read,/oasis/scratch/comet/hrlee/temp_project/alchemlyb/perf/fsizes/32/0026/WORK/dhdl/dhdl.part0008.xvg,258,1,1564266578.485205,1564266578.5360985
read,/oasis/scratch/comet/hrlee/temp_project/alchemlyb/perf/fsizes/32/0026/WORK/dhdl/dhdl.part0004.xvg,254,1,1564266578.4852052,1564266578.5360293
read,/oasis/scratch/comet/hrlee/temp_project/alchemlyb/perf/fsizes/32/0027/WORK/dhdl/dhdl.part0001.xvg,261,1,1564266578.4852052,1564266578.536301
read,/oasis/scratch/comet/hrlee/temp_project/alchemlyb/perf/fsizes/32/0025/WORK/dhdl/dhdl.part0006.xvg,246,1,1564266578.503356,1564266578.5520768
read,/oasis/scratch/comet/hrlee/temp_project/alchemlyb/perf/fsizes/32/0022/WORK/dhdl/dhdl.part0001.xvg,211,1,1564266578.5060792,1564266578.5534275
read,/oasis/scratch/comet/hrlee/temp_project/alchemlyb/perf/fsizes/32/0022/WORK/dhdl/dhdl.part0005.xvg,215,1,1564266578.5063334,1564266578.5542626
read,/oasis/scratch/comet/hrlee/temp_project/alchemlyb/perf/fsizes/32/0025/WORK/dhdl/dhdl.part0002.xvg,242,1,1564266578.5039182,1564266578.554809
read,/oasis/scratch/comet/hrlee/temp_project/alchemlyb/perf/fsizes/32/0022/WORK/dhdl/dhdl.part0009.xvg,219,1,1564266578.5073137,1564266578.5553384
read,/oasis/scratch/comet/hrlee/temp_project/alchemlyb/perf/fsizes/32/0030/WORK/dhdl/dhdl.part0002.xvg,292,1,1564266578.5119274,1564266578.5602205
read,/oasis/scratch/comet/hrlee/temp_project/alchemlyb/perf/fsizes/32/0021/WORK/dhdl/dhdl.part0007.xvg,207,1,1564266578.5071924,1564266578.5602982
read,/oasis/scratch/comet/hrlee/temp_project/alchemlyb/perf/fsizes/32/0028/WORK/dhdl/dhdl.part0003.xvg,273,1,1564266578.514245,1564266578.5628457
read,/oasis/scratch/comet/hrlee/temp_project/alchemlyb/perf/fsizes/32/0027/WORK/dhdl/dhdl.part0009.xvg,269,1,1564266578.514245,1564266578.5633547
read,/oasis/scratch/comet/hrlee/temp_project/alchemlyb/perf/fsizes/32/0029/WORK/dhdl/dhdl.part0005.xvg,285,1,1564266578.5144103,1564266578.5640552
read,/oasis/scratch/comet/hrlee/temp_project/alchemlyb/perf/fsizes/32/0028/WORK/dhdl/dhdl.part0007.xvg,277,1,1564266578.5144124,1564266578.5642035
read,/oasis/scratch/comet/hrlee/temp_project/alchemlyb/perf/fsizes/32/0023/WORK/dhdl/dhdl.part0003.xvg,223,1,1564266578.5151415,1564266578.5650377
read,/oasis/scratch/comet/hrlee/temp_project/alchemlyb/perf/fsizes/32/0029/WORK/dhdl/dhdl.part0008.xvg,288,1,1564266578.5166864,1564266578.5660806
read,/oasis/scratch/comet/hrlee/temp_project/alchemlyb/perf/fsizes/32/0024/WORK/dhdl/dhdl.part0005.xvg,235,1,1564266578.5211132,1564266578.567254
read,/oasis/scratch/comet/hrlee/temp_project/alchemlyb/perf/fsizes/32/0024/WORK/dhdl/dhdl.part0008.xvg,238,1,1564266578.5061297,1564266578.5678697
read,/oasis/scratch/comet/hrlee/temp_project/alchemlyb/perf/fsizes/32/0023/WORK/dhdl/dhdl.part0007.xvg,227,1,1564266578.5225,1564266578.568449
read,/oasis/scratch/comet/hrlee/temp_project/alchemlyb/perf/fsizes/32/0027/WORK/dhdl/dhdl.part0005.xvg,265,1,1564266578.5198321,1564266578.5763052
read,/oasis/scratch/comet/hrlee/temp_project/alchemlyb/perf/fsizes/32/0026/WORK/dhdl/dhdl.part0000.xvg,250,1,1564266578.5200408,1564266578.5768876
read,/oasis/scratch/comet/hrlee/temp_project/alchemlyb/perf/fsizes/32/0029/WORK/dhdl/dhdl.part0001.xvg,281,1,1564266578.5210526,1564266578.5790334
read,/oasis/scratch/comet/hrlee/temp_project/alchemlyb/perf/fsizes/32/0021/WORK/dhdl/dhdl.part0003.xvg,203,1,1564266578.5238118,1564266578.5808117
read,/oasis/scratch/comet/hrlee/temp_project/alchemlyb/perf/fsizes/32/0025/WORK/dhdl/dhdl.part0007.xvg,247,1,1564266578.5537539,1564266578.5845232
read,/oasis/scratch/comet/hrlee/temp_project/alchemlyb/perf/fsizes/32/0030/WORK/dhdl/dhdl.part0006.xvg,296,1,1564266578.554995,1564266578.5849924
read,/oasis/scratch/comet/hrlee/temp_project/alchemlyb/perf/fsizes/32/0024/WORK/dhdl/dhdl.part0001.xvg,231,1,1564266578.530467,1564266578.5855522
read,/oasis/scratch/comet/hrlee/temp_project/alchemlyb/perf/fsizes/32/0026/WORK/dhdl/dhdl.part0009.xvg,259,1,1564266578.5374835,1564266578.587227
read,/oasis/scratch/comet/hrlee/temp_project/alchemlyb/perf/fsizes/32/0027/WORK/dhdl/dhdl.part0002.xvg,262,1,1564266578.5374835,1564266578.5877178
read,/oasis/scratch/comet/hrlee/temp_project/alchemlyb/perf/fsizes/32/0026/WORK/dhdl/dhdl.part0005.xvg,255,1,1564266578.5374837,1564266578.5877223
read,/oasis/scratch/comet/hrlee/temp_project/alchemlyb/perf/fsizes/32/0030/WORK/dhdl/dhdl.part0003.xvg,293,1,1564266578.5614407,1564266578.5904863
read,/oasis/scratch/comet/hrlee/temp_project/alchemlyb/perf/fsizes/32/0025/WORK/dhdl/dhdl.part0003.xvg,243,1,1564266578.5558543,1564266578.5909197
read,/oasis/scratch/comet/hrlee/temp_project/alchemlyb/perf/fsizes/32/0029/WORK/dhdl/dhdl.part0009.xvg,289,1,1564266578.5671363,1564266578.6015089
read,/oasis/scratch/comet/hrlee/temp_project/alchemlyb/perf/fsizes/32/0024/WORK/dhdl/dhdl.part0009.xvg,239,1,1564266578.5688858,1564266578.6025946
read,/oasis/scratch/comet/hrlee/temp_project/alchemlyb/perf/fsizes/32/0028/WORK/dhdl/dhdl.part0004.xvg,274,1,1564266578.5644233,1564266578.603537
read,/oasis/scratch/comet/hrlee/temp_project/alchemlyb/perf/fsizes/32/0028/WORK/dhdl/dhdl.part0000.xvg,270,1,1564266578.5645835,1564266578.6041334
read,/oasis/scratch/comet/hrlee/temp_project/alchemlyb/perf/fsizes/32/0029/WORK/dhdl/dhdl.part0006.xvg,286,1,1564266578.5652544,1564266578.6042452
read,/oasis/scratch/comet/hrlee/temp_project/alchemlyb/perf/fsizes/32/0028/WORK/dhdl/dhdl.part0008.xvg,278,1,1564266578.5654192,1564266578.6063397
read,/oasis/scratch/comet/hrlee/temp_project/alchemlyb/perf/fsizes/32/0027/WORK/dhdl/dhdl.part0006.xvg,266,1,1564266578.5777767,1564266578.6119514
read,/oasis/scratch/comet/hrlee/temp_project/alchemlyb/perf/fsizes/32/0026/WORK/dhdl/dhdl.part0001.xvg,251,1,1564266578.5782728,1564266578.6121888
read,/oasis/scratch/comet/hrlee/temp_project/alchemlyb/perf/fsizes/32/0030/WORK/dhdl/dhdl.part0007.xvg,297,1,1564266578.585975,1564266578.6129844
read,/oasis/scratch/comet/hrlee/temp_project/alchemlyb/perf/fsizes/32/0029/WORK/dhdl/dhdl.part0002.xvg,282,1,1564266578.580561,1564266578.614232
read,/oasis/scratch/comet/hrlee/temp_project/alchemlyb/perf/fsizes/32/0030/WORK/dhdl/dhdl.part0004.xvg,294,1,1564266578.5914912,1564266578.6188204
read,/oasis/scratch/comet/hrlee/temp_project/alchemlyb/perf/fsizes/32/0027/WORK/dhdl/dhdl.part0003.xvg,263,1,1564266578.5889764,1564266578.6188047
read,/oasis/scratch/comet/hrlee/temp_project/alchemlyb/perf/fsizes/32/0030/WORK/dhdl/dhdl.part0000.xvg,290,1,1564266578.6026955,1564266578.6322021
read,/oasis/scratch/comet/hrlee/temp_project/alchemlyb/perf/fsizes/32/0028/WORK/dhdl/dhdl.part0005.xvg,275,1,1564266578.6047435,1564266578.6330626
read,/oasis/scratch/comet/hrlee/temp_project/alchemlyb/perf/fsizes/32/0029/WORK/dhdl/dhdl.part0007.xvg,287,1,1564266578.6050909,1564266578.6337008
read,/oasis/scratch/comet/hrlee/temp_project/alchemlyb/perf/fsizes/32/0028/WORK/dhdl/dhdl.part0001.xvg,271,1,1564266578.605091,1564266578.6337318
read,/oasis/scratch/comet/hrlee/temp_project/alchemlyb/perf/fsizes/32/0028/WORK/dhdl/dhdl.part0009.xvg,279,1,1564266578.6073985,1564266578.636911
read,/oasis/scratch/comet/hrlee/temp_project/alchemlyb/perf/fsizes/32/0030/WORK/dhdl/dhdl.part0008.xvg,298,1,1564266578.613882,1564266578.64048
read,/oasis/scratch/comet/hrlee/temp_project/alchemlyb/perf/fsizes/32/0027/WORK/dhdl/dhdl.part0007.xvg,267,1,1564266578.6132379,1564266578.6419914
read,/oasis/scratch/comet/hrlee/temp_project/alchemlyb/perf/fsizes/32/0029/WORK/dhdl/dhdl.part0003.xvg,283,1,1564266578.6153543,1564266578.6444433
read,/oasis/scratch/comet/hrlee/temp_project/alchemlyb/perf/fsizes/32/0030/WORK/dhdl/dhdl.part0005.xvg,295,1,1564266578.6198812,1564266578.6468375
read,/oasis/scratch/comet/hrlee/temp_project/alchemlyb/perf/fsizes/32/0030/WORK/dhdl/dhdl.part0001.xvg,291,1,1564266578.6333997,1564266578.660577
read,/oasis/scratch/comet/hrlee/temp_project/alchemlyb/perf/fsizes/32/0030/WORK/dhdl/dhdl.part0009.xvg,299,1,1564266578.6414504,1564266578.6665444
