read,/oasis/scratch/comet/hrlee/temp_project/alchemlyb/perf/fsizes/32/0001/WORK/dhdl/dhdl.part0000.xvg,0,1,1564266579.7216187,1564266579.7704682
read,/oasis/scratch/comet/hrlee/temp_project/alchemlyb/perf/fsizes/32/0005/WORK/dhdl/dhdl.part0000.xvg,40,1,1564266579.7220027,1564266579.7708194
read,/oasis/scratch/comet/hrlee/temp_project/alchemlyb/perf/fsizes/32/0003/WORK/dhdl/dhdl.part0000.xvg,20,1,1564266579.7217512,1564266579.7709184
read,/oasis/scratch/comet/hrlee/temp_project/alchemlyb/perf/fsizes/32/0007/WORK/dhdl/dhdl.part0000.xvg,60,1,1564266579.72228,1564266579.770974
read,/oasis/scratch/comet/hrlee/temp_project/alchemlyb/perf/fsizes/32/0008/WORK/dhdl/dhdl.part0000.xvg,70,1,1564266579.7223895,1564266579.7713447
read,/oasis/scratch/comet/hrlee/temp_project/alchemlyb/perf/fsizes/32/0009/WORK/dhdl/dhdl.part0000.xvg,80,1,1564266579.7225454,1564266579.7714548
read,/oasis/scratch/comet/hrlee/temp_project/alchemlyb/perf/fsizes/32/0011/WORK/dhdl/dhdl.part0000.xvg,100,1,1564266579.722883,1564266579.771843
read,/oasis/scratch/comet/hrlee/temp_project/alchemlyb/perf/fsizes/32/0002/WORK/dhdl/dhdl.part0000.xvg,10,1,1564266579.7216187,1564266579.7723148
read,/oasis/scratch/comet/hrlee/temp_project/alchemlyb/perf/fsizes/32/0004/WORK/dhdl/dhdl.part0000.xvg,30,1,1564266579.7218406,1564266579.772861
read,/oasis/scratch/comet/hrlee/temp_project/alchemlyb/perf/fsizes/32/0006/WORK/dhdl/dhdl.part0000.xvg,50,1,1564266579.7221417,1564266579.7732599
read,/oasis/scratch/comet/hrlee/temp_project/alchemlyb/perf/fsizes/32/0012/WORK/dhdl/dhdl.part0000.xvg,110,1,1564266579.722964,1564266579.7732983
read,/oasis/scratch/comet/hrlee/temp_project/alchemlyb/perf/fsizes/32/0004/WORK/dhdl/dhdl.part0005.xvg,35,1,1564266579.7219372,1564266579.7746701
read,/oasis/scratch/comet/hrlee/temp_project/alchemlyb/perf/fsizes/32/0002/WORK/dhdl/dhdl.part0005.xvg,15,1,1564266579.7217407,1564266579.7746325
read,/oasis/scratch/comet/hrlee/temp_project/alchemlyb/perf/fsizes/32/0006/WORK/dhdl/dhdl.part0005.xvg,55,1,1564266579.7222178,1564266579.774876
read,/oasis/scratch/comet/hrlee/temp_project/alchemlyb/perf/fsizes/32/0007/WORK/dhdl/dhdl.part0005.xvg,65,1,1564266579.7223344,1564266579.7754152
read,/oasis/scratch/comet/hrlee/temp_project/alchemlyb/perf/fsizes/32/0010/WORK/dhdl/dhdl.part0000.xvg,90,1,1564266579.7227094,1564266579.7764995
read,/oasis/scratch/comet/hrlee/temp_project/alchemlyb/perf/fsizes/32/0012/WORK/dhdl/dhdl.part0005.xvg,115,1,1564266579.723034,1564266579.7773516
read,/oasis/scratch/comet/hrlee/temp_project/alchemlyb/perf/fsizes/32/0001/WORK/dhdl/dhdl.part0005.xvg,5,1,1564266579.72164,1564266579.7782505
read,/oasis/scratch/comet/hrlee/temp_project/alchemlyb/perf/fsizes/32/0003/WORK/dhdl/dhdl.part0005.xvg,25,1,1564266579.7218504,1564266579.7789366
read,/oasis/scratch/comet/hrlee/temp_project/alchemlyb/perf/fsizes/32/0005/WORK/dhdl/dhdl.part0005.xvg,45,1,1564266579.7220762,1564266579.77941
read,/oasis/scratch/comet/hrlee/temp_project/alchemlyb/perf/fsizes/32/0010/WORK/dhdl/dhdl.part0005.xvg,95,1,1564266579.7227626,1564266579.7797682
read,/oasis/scratch/comet/hrlee/temp_project/alchemlyb/perf/fsizes/32/0011/WORK/dhdl/dhdl.part0005.xvg,105,1,1564266579.7229028,1564266579.7806096
read,/oasis/scratch/comet/hrlee/temp_project/alchemlyb/perf/fsizes/32/0009/WORK/dhdl/dhdl.part0005.xvg,85,1,1564266579.7327418,1564266579.7909503
read,/oasis/scratch/comet/hrlee/temp_project/alchemlyb/perf/fsizes/32/0008/WORK/dhdl/dhdl.part0005.xvg,75,1,1564266579.7224894,1564266579.8117554
read,/oasis/scratch/comet/hrlee/temp_project/alchemlyb/perf/fsizes/32/0005/WORK/dhdl/dhdl.part0001.xvg,41,1,1564266579.772403,1564266579.8247468
read,/oasis/scratch/comet/hrlee/temp_project/alchemlyb/perf/fsizes/32/0001/WORK/dhdl/dhdl.part0001.xvg,1,1,1564266579.7724042,1564266579.825098
read,/oasis/scratch/comet/hrlee/temp_project/alchemlyb/perf/fsizes/32/0007/WORK/dhdl/dhdl.part0001.xvg,61,1,1564266579.7724054,1564266579.8253622
read,/oasis/scratch/comet/hrlee/temp_project/alchemlyb/perf/fsizes/32/0009/WORK/dhdl/dhdl.part0001.xvg,81,1,1564266579.7726047,1564266579.8253987
read,/oasis/scratch/comet/hrlee/temp_project/alchemlyb/perf/fsizes/32/0008/WORK/dhdl/dhdl.part0001.xvg,71,1,1564266579.7726169,1564266579.8258202
read,/oasis/scratch/comet/hrlee/temp_project/alchemlyb/perf/fsizes/32/0011/WORK/dhdl/dhdl.part0001.xvg,101,1,1564266579.7729952,1564266579.8259265
read,/oasis/scratch/comet/hrlee/temp_project/alchemlyb/perf/fsizes/32/0007/WORK/dhdl/dhdl.part0006.xvg,66,1,1564266579.776646,1564266579.827737
read,/oasis/scratch/comet/hrlee/temp_project/alchemlyb/perf/fsizes/32/0003/WORK/dhdl/dhdl.part0001.xvg,21,1,1564266579.7724035,1564266579.828877
read,/oasis/scratch/comet/hrlee/temp_project/alchemlyb/perf/fsizes/32/0002/WORK/dhdl/dhdl.part0001.xvg,11,1,1564266579.7736192,1564266579.8296545
read,/oasis/scratch/comet/hrlee/temp_project/alchemlyb/perf/fsizes/32/0004/WORK/dhdl/dhdl.part0001.xvg,31,1,1564266579.7741337,1564266579.829922
read,/oasis/scratch/comet/hrlee/temp_project/alchemlyb/perf/fsizes/32/0012/WORK/dhdl/dhdl.part0001.xvg,111,1,1564266579.7745306,1564266579.8299563
read,/oasis/scratch/comet/hrlee/temp_project/alchemlyb/perf/fsizes/32/0010/WORK/dhdl/dhdl.part0001.xvg,91,1,1564266579.7779417,1564266579.8302333
read,/oasis/scratch/comet/hrlee/temp_project/alchemlyb/perf/fsizes/32/0006/WORK/dhdl/dhdl.part0001.xvg,51,1,1564266579.7744925,1564266579.8303144
read,/oasis/scratch/comet/hrlee/temp_project/alchemlyb/perf/fsizes/32/0001/WORK/dhdl/dhdl.part0006.xvg,6,1,1564266579.7797606,1564266579.831796
read,/oasis/scratch/comet/hrlee/temp_project/alchemlyb/perf/fsizes/32/0012/WORK/dhdl/dhdl.part0006.xvg,116,1,1564266579.7788484,1564266579.832457
read,/oasis/scratch/comet/hrlee/temp_project/alchemlyb/perf/fsizes/32/0006/WORK/dhdl/dhdl.part0006.xvg,56,1,1564266579.776383,1564266579.832791
read,/oasis/scratch/comet/hrlee/temp_project/alchemlyb/perf/fsizes/32/0003/WORK/dhdl/dhdl.part0006.xvg,26,1,1564266579.7805564,1564266579.832943
read,/oasis/scratch/comet/hrlee/temp_project/alchemlyb/perf/fsizes/32/0002/WORK/dhdl/dhdl.part0006.xvg,16,1,1564266579.7763824,1564266579.8331592
read,/oasis/scratch/comet/hrlee/temp_project/alchemlyb/perf/fsizes/32/0004/WORK/dhdl/dhdl.part0006.xvg,36,1,1564266579.776535,1564266579.8331735
read,/oasis/scratch/comet/hrlee/temp_project/alchemlyb/perf/fsizes/32/0005/WORK/dhdl/dhdl.part0006.xvg,46,1,1564266579.7819393,1564266579.834397
read,/oasis/scratch/comet/hrlee/temp_project/alchemlyb/perf/fsizes/32/0010/WORK/dhdl/dhdl.part0006.xvg,96,1,1564266579.7809799,1564266579.838198
read,/oasis/scratch/comet/hrlee/temp_project/alchemlyb/perf/fsizes/32/0011/WORK/dhdl/dhdl.part0006.xvg,106,1,1564266579.7819695,1564266579.8388793
read,/oasis/scratch/comet/hrlee/temp_project/alchemlyb/perf/fsizes/32/0009/WORK/dhdl/dhdl.part0006.xvg,86,1,1564266579.7931354,1564266579.8483098
read,/oasis/scratch/comet/hrlee/temp_project/alchemlyb/perf/fsizes/32/0008/WORK/dhdl/dhdl.part0006.xvg,76,1,1564266579.8139732,1564266579.8709013
read,/oasis/scratch/comet/hrlee/temp_project/alchemlyb/perf/fsizes/32/0009/WORK/dhdl/dhdl.part0002.xvg,82,1,1564266579.8263612,1564266579.8754234
read,/oasis/scratch/comet/hrlee/temp_project/alchemlyb/perf/fsizes/32/0011/WORK/dhdl/dhdl.part0002.xvg,102,1,1564266579.8269582,1564266579.8758056
read,/oasis/scratch/comet/hrlee/temp_project/alchemlyb/perf/fsizes/32/0007/WORK/dhdl/dhdl.part0007.xvg,67,1,1564266579.8293602,1564266579.8760688
read,/oasis/scratch/comet/hrlee/temp_project/alchemlyb/perf/fsizes/32/0001/WORK/dhdl/dhdl.part0007.xvg,7,1,1564266579.8333735,1564266579.8796206
read,/oasis/scratch/comet/hrlee/temp_project/alchemlyb/perf/fsizes/32/0003/WORK/dhdl/dhdl.part0007.xvg,27,1,1564266579.8337226,1564266579.8806517
read,/oasis/scratch/comet/hrlee/temp_project/alchemlyb/perf/fsizes/32/0012/WORK/dhdl/dhdl.part0007.xvg,117,1,1564266579.8334932,1564266579.8808315
read,/oasis/scratch/comet/hrlee/temp_project/alchemlyb/perf/fsizes/32/0004/WORK/dhdl/dhdl.part0002.xvg,32,1,1564266579.831192,1564266579.8808668
read,/oasis/scratch/comet/hrlee/temp_project/alchemlyb/perf/fsizes/32/0002/WORK/dhdl/dhdl.part0002.xvg,12,1,1564266579.8312109,1564266579.8813822
read,/oasis/scratch/comet/hrlee/temp_project/alchemlyb/perf/fsizes/32/0006/WORK/dhdl/dhdl.part0002.xvg,52,1,1564266579.8316176,1564266579.8817966
read,/oasis/scratch/comet/hrlee/temp_project/alchemlyb/perf/fsizes/32/0005/WORK/dhdl/dhdl.part0007.xvg,47,1,1564266579.8356495,1564266579.882361
read,/oasis/scratch/comet/hrlee/temp_project/alchemlyb/perf/fsizes/32/0010/WORK/dhdl/dhdl.part0002.xvg,92,1,1564266579.8315938,1564266579.883598
read,/oasis/scratch/comet/hrlee/temp_project/alchemlyb/perf/fsizes/32/0005/WORK/dhdl/dhdl.part0002.xvg,42,1,1564266579.826362,1564266579.8843842
read,/oasis/scratch/comet/hrlee/temp_project/alchemlyb/perf/fsizes/32/0001/WORK/dhdl/dhdl.part0002.xvg,2,1,1564266579.8263624,1564266579.8848925
read,/oasis/scratch/comet/hrlee/temp_project/alchemlyb/perf/fsizes/32/0008/WORK/dhdl/dhdl.part0002.xvg,72,1,1564266579.8267214,1564266579.8850713
read,/oasis/scratch/comet/hrlee/temp_project/alchemlyb/perf/fsizes/32/0007/WORK/dhdl/dhdl.part0002.xvg,62,1,1564266579.8263738,1564266579.8851976
read,/oasis/scratch/comet/hrlee/temp_project/alchemlyb/perf/fsizes/32/0012/WORK/dhdl/dhdl.part0002.xvg,112,1,1564266579.8311934,1564266579.886806
read,/oasis/scratch/comet/hrlee/temp_project/alchemlyb/perf/fsizes/32/0003/WORK/dhdl/dhdl.part0002.xvg,22,1,1564266579.8303232,1564266579.8869834
read,/oasis/scratch/comet/hrlee/temp_project/alchemlyb/perf/fsizes/32/0004/WORK/dhdl/dhdl.part0007.xvg,37,1,1564266579.8339524,1564266579.8886776
read,/oasis/scratch/comet/hrlee/temp_project/alchemlyb/perf/fsizes/32/0006/WORK/dhdl/dhdl.part0007.xvg,57,1,1564266579.8336203,1564266579.8898048
read,/oasis/scratch/comet/hrlee/temp_project/alchemlyb/perf/fsizes/32/0002/WORK/dhdl/dhdl.part0007.xvg,17,1,1564266579.835704,1564266579.8905752
read,/oasis/scratch/comet/hrlee/temp_project/alchemlyb/perf/fsizes/32/0010/WORK/dhdl/dhdl.part0007.xvg,97,1,1564266579.8398805,1564266579.895294
read,/oasis/scratch/comet/hrlee/temp_project/alchemlyb/perf/fsizes/32/0011/WORK/dhdl/dhdl.part0007.xvg,107,1,1564266579.8405194,1564266579.895488
read,/oasis/scratch/comet/hrlee/temp_project/alchemlyb/perf/fsizes/32/0009/WORK/dhdl/dhdl.part0007.xvg,87,1,1564266579.8499346,1564266579.9032469
read,/oasis/scratch/comet/hrlee/temp_project/alchemlyb/perf/fsizes/32/0011/WORK/dhdl/dhdl.part0003.xvg,103,1,1564266579.8772867,1564266579.921106
read,/oasis/scratch/comet/hrlee/temp_project/alchemlyb/perf/fsizes/32/0009/WORK/dhdl/dhdl.part0003.xvg,83,1,1564266579.8772867,1564266579.922029
read,/oasis/scratch/comet/hrlee/temp_project/alchemlyb/perf/fsizes/32/0008/WORK/dhdl/dhdl.part0007.xvg,77,1,1564266579.8727932,1564266579.9241517
read,/oasis/scratch/comet/hrlee/temp_project/alchemlyb/perf/fsizes/32/0004/WORK/dhdl/dhdl.part0003.xvg,33,1,1564266579.881971,1564266579.9254022
read,/oasis/scratch/comet/hrlee/temp_project/alchemlyb/perf/fsizes/32/0002/WORK/dhdl/dhdl.part0003.xvg,13,1,1564266579.8823972,1564266579.9259353
read,/oasis/scratch/comet/hrlee/temp_project/alchemlyb/perf/fsizes/32/0006/WORK/dhdl/dhdl.part0003.xvg,53,1,1564266579.8827236,1564266579.9262588
read,/oasis/scratch/comet/hrlee/temp_project/alchemlyb/perf/fsizes/32/0007/WORK/dhdl/dhdl.part0008.xvg,68,1,1564266579.8774,1564266579.9283264
read,/oasis/scratch/comet/hrlee/temp_project/alchemlyb/perf/fsizes/32/0012/WORK/dhdl/dhdl.part0008.xvg,118,1,1564266579.8819935,1564266579.932574
read,/oasis/scratch/comet/hrlee/temp_project/alchemlyb/perf/fsizes/32/0001/WORK/dhdl/dhdl.part0008.xvg,8,1,1564266579.8814306,1564266579.936175
read,/oasis/scratch/comet/hrlee/temp_project/alchemlyb/perf/fsizes/32/0003/WORK/dhdl/dhdl.part0008.xvg,28,1,1564266579.8819854,1564266579.9372575
read,/oasis/scratch/comet/hrlee/temp_project/alchemlyb/perf/fsizes/32/0005/WORK/dhdl/dhdl.part0008.xvg,48,1,1564266579.883505,1564266579.9378233
read,/oasis/scratch/comet/hrlee/temp_project/alchemlyb/perf/fsizes/32/0010/WORK/dhdl/dhdl.part0003.xvg,93,1,1564266579.8851383,1564266579.939583
read,/oasis/scratch/comet/hrlee/temp_project/alchemlyb/perf/fsizes/32/0005/WORK/dhdl/dhdl.part0003.xvg,43,1,1564266579.8856573,1564266579.9405596
read,/oasis/scratch/comet/hrlee/temp_project/alchemlyb/perf/fsizes/32/0001/WORK/dhdl/dhdl.part0003.xvg,3,1,1564266579.885799,1564266579.9409437
read,/oasis/scratch/comet/hrlee/temp_project/alchemlyb/perf/fsizes/32/0004/WORK/dhdl/dhdl.part0008.xvg,38,1,1564266579.8901658,1564266579.9412568
read,/oasis/scratch/comet/hrlee/temp_project/alchemlyb/perf/fsizes/32/0007/WORK/dhdl/dhdl.part0003.xvg,63,1,1564266579.8860922,1564266579.9414506
read,/oasis/scratch/comet/hrlee/temp_project/alchemlyb/perf/fsizes/32/0008/WORK/dhdl/dhdl.part0003.xvg,73,1,1564266579.885948,1564266579.9417837
read,/oasis/scratch/comet/hrlee/temp_project/alchemlyb/perf/fsizes/32/0006/WORK/dhdl/dhdl.part0008.xvg,58,1,1564266579.8911273,1564266579.9424753
read,/oasis/scratch/comet/hrlee/temp_project/alchemlyb/perf/fsizes/32/0012/WORK/dhdl/dhdl.part0003.xvg,113,1,1564266579.8884203,1564266579.9425192
read,/oasis/scratch/comet/hrlee/temp_project/alchemlyb/perf/fsizes/32/0003/WORK/dhdl/dhdl.part0003.xvg,23,1,1564266579.8884203,1564266579.942673
read,/oasis/scratch/comet/hrlee/temp_project/alchemlyb/perf/fsizes/32/0002/WORK/dhdl/dhdl.part0008.xvg,18,1,1564266579.8919215,1564266579.9445066
read,/oasis/scratch/comet/hrlee/temp_project/alchemlyb/perf/fsizes/32/0011/WORK/dhdl/dhdl.part0008.xvg,108,1,1564266579.8968077,1564266579.946861
read,/oasis/scratch/comet/hrlee/temp_project/alchemlyb/perf/fsizes/32/0010/WORK/dhdl/dhdl.part0008.xvg,98,1,1564266579.9038897,1564266579.9551513
read,/oasis/scratch/comet/hrlee/temp_project/alchemlyb/perf/fsizes/32/0009/WORK/dhdl/dhdl.part0008.xvg,88,1,1564266579.9047475,1564266579.9552975
read,/oasis/scratch/comet/hrlee/temp_project/alchemlyb/perf/fsizes/32/0011/WORK/dhdl/dhdl.part0004.xvg,104,1,1564266579.9228055,1564266579.9731288
read,/oasis/scratch/comet/hrlee/temp_project/alchemlyb/perf/fsizes/32/0007/WORK/dhdl/dhdl.part0009.xvg,69,1,1564266579.930166,1564266579.9751844
read,/oasis/scratch/comet/hrlee/temp_project/alchemlyb/perf/fsizes/32/0008/WORK/dhdl/dhdl.part0008.xvg,78,1,1564266579.9259717,1564266579.9760919
read,/oasis/scratch/comet/hrlee/temp_project/alchemlyb/perf/fsizes/32/0012/WORK/dhdl/dhdl.part0009.xvg,119,1,1564266579.9342241,1564266579.9792798
read,/oasis/scratch/comet/hrlee/temp_project/alchemlyb/perf/fsizes/32/0009/WORK/dhdl/dhdl.part0004.xvg,84,1,1564266579.923591,1564266579.9820375
read,/oasis/scratch/comet/hrlee/temp_project/alchemlyb/perf/fsizes/32/0004/WORK/dhdl/dhdl.part0004.xvg,34,1,1564266579.9266603,1564266579.9847817
read,/oasis/scratch/comet/hrlee/temp_project/alchemlyb/perf/fsizes/32/0002/WORK/dhdl/dhdl.part0004.xvg,14,1,1564266579.9269989,1564266579.984806
read,/oasis/scratch/comet/hrlee/temp_project/alchemlyb/perf/fsizes/32/0006/WORK/dhdl/dhdl.part0004.xvg,54,1,1564266579.9271889,1564266579.985353
read,/oasis/scratch/comet/hrlee/temp_project/alchemlyb/perf/fsizes/32/0001/WORK/dhdl/dhdl.part0009.xvg,9,1,1564266579.9379027,1564266579.9880755
read,/oasis/scratch/comet/hrlee/temp_project/alchemlyb/perf/fsizes/32/0004/WORK/dhdl/dhdl.part0009.xvg,39,1,1564266579.9423902,1564266579.990226
read,/oasis/scratch/comet/hrlee/temp_project/alchemlyb/perf/fsizes/32/0006/WORK/dhdl/dhdl.part0009.xvg,59,1,1564266579.943644,1564266579.9909344
read,/oasis/scratch/comet/hrlee/temp_project/alchemlyb/perf/fsizes/32/0010/WORK/dhdl/dhdl.part0004.xvg,94,1,1564266579.9411101,1564266579.9911852
read,/oasis/scratch/comet/hrlee/temp_project/alchemlyb/perf/fsizes/32/0005/WORK/dhdl/dhdl.part0004.xvg,44,1,1564266579.9419222,1564266579.993238
read,/oasis/scratch/comet/hrlee/temp_project/alchemlyb/perf/fsizes/32/0001/WORK/dhdl/dhdl.part0004.xvg,4,1,1564266579.9419212,1564266579.9932375
read,/oasis/scratch/comet/hrlee/temp_project/alchemlyb/perf/fsizes/32/0002/WORK/dhdl/dhdl.part0009.xvg,19,1,1564266579.9459465,1564266579.9934185
read,/oasis/scratch/comet/hrlee/temp_project/alchemlyb/perf/fsizes/32/0008/WORK/dhdl/dhdl.part0004.xvg,74,1,1564266579.9426894,1564266579.9946542
read,/oasis/scratch/comet/hrlee/temp_project/alchemlyb/perf/fsizes/32/0003/WORK/dhdl/dhdl.part0004.xvg,24,1,1564266579.9435759,1564266579.9947789
read,/oasis/scratch/comet/hrlee/temp_project/alchemlyb/perf/fsizes/32/0011/WORK/dhdl/dhdl.part0009.xvg,109,1,1564266579.948434,1564266579.9957998
read,/oasis/scratch/comet/hrlee/temp_project/alchemlyb/perf/fsizes/32/0007/WORK/dhdl/dhdl.part0004.xvg,64,1,1564266579.942345,1564266579.9959269
read,/oasis/scratch/comet/hrlee/temp_project/alchemlyb/perf/fsizes/32/0012/WORK/dhdl/dhdl.part0004.xvg,114,1,1564266579.9435382,1564266579.9961252
read,/oasis/scratch/comet/hrlee/temp_project/alchemlyb/perf/fsizes/32/0005/WORK/dhdl/dhdl.part0009.xvg,49,1,1564266579.9496741,1564266580.0008574
read,/oasis/scratch/comet/hrlee/temp_project/alchemlyb/perf/fsizes/32/0003/WORK/dhdl/dhdl.part0009.xvg,29,1,1564266579.938891,1564266580.0011783
read,/oasis/scratch/comet/hrlee/temp_project/alchemlyb/perf/fsizes/32/0010/WORK/dhdl/dhdl.part0009.xvg,99,1,1564266579.9566417,1564266580.0046523
read,/oasis/scratch/comet/hrlee/temp_project/alchemlyb/perf/fsizes/32/0009/WORK/dhdl/dhdl.part0009.xvg,89,1,1564266579.9566417,1564266580.0080583
read,/oasis/scratch/comet/hrlee/temp_project/alchemlyb/perf/fsizes/32/0013/WORK/dhdl/dhdl.part0000.xvg,120,1,1564266579.975679,1564266580.0190194
read,/oasis/scratch/comet/hrlee/temp_project/alchemlyb/perf/fsizes/32/0008/WORK/dhdl/dhdl.part0009.xvg,79,1,1564266579.9777234,1564266580.020188
read,/oasis/scratch/comet/hrlee/temp_project/alchemlyb/perf/fsizes/32/0014/WORK/dhdl/dhdl.part0005.xvg,135,1,1564266579.984375,1564266580.0251422
read,/oasis/scratch/comet/hrlee/temp_project/alchemlyb/perf/fsizes/32/0015/WORK/dhdl/dhdl.part0005.xvg,145,1,1564266579.9867399,1564266580.0261934
read,/oasis/scratch/comet/hrlee/temp_project/alchemlyb/perf/fsizes/32/0015/WORK/dhdl/dhdl.part0000.xvg,140,1,1564266579.9867435,1564266580.026272
read,/oasis/scratch/comet/hrlee/temp_project/alchemlyb/perf/fsizes/32/0013/WORK/dhdl/dhdl.part0005.xvg,125,1,1564266579.9773016,1564266580.0264366
read,/oasis/scratch/comet/hrlee/temp_project/alchemlyb/perf/fsizes/32/0014/WORK/dhdl/dhdl.part0000.xvg,130,1,1564266579.9816802,1564266580.0304384
read,/oasis/scratch/comet/hrlee/temp_project/alchemlyb/perf/fsizes/32/0016/WORK/dhdl/dhdl.part0005.xvg,155,1,1564266579.9904933,1564266580.0395062
read,/oasis/scratch/comet/hrlee/temp_project/alchemlyb/perf/fsizes/32/0016/WORK/dhdl/dhdl.part0000.xvg,150,1,1564266579.9867399,1564266580.040749
read,/oasis/scratch/comet/hrlee/temp_project/alchemlyb/perf/fsizes/32/0017/WORK/dhdl/dhdl.part0000.xvg,160,1,1564266579.9918597,1564266580.0414884
read,/oasis/scratch/comet/hrlee/temp_project/alchemlyb/perf/fsizes/32/0018/WORK/dhdl/dhdl.part0000.xvg,170,1,1564266579.992958,1564266580.0451689
read,/oasis/scratch/comet/hrlee/temp_project/alchemlyb/perf/fsizes/32/0019/WORK/dhdl/dhdl.part0005.xvg,185,1,1564266579.994992,1564266580.0480707
read,/oasis/scratch/comet/hrlee/temp_project/alchemlyb/perf/fsizes/32/0021/WORK/dhdl/dhdl.part0005.xvg,205,1,1564266579.997503,1564266580.0495505
read,/oasis/scratch/comet/hrlee/temp_project/alchemlyb/perf/fsizes/32/0022/WORK/dhdl/dhdl.part0005.xvg,215,1,1564266580.0025973,1564266580.05356
read,/oasis/scratch/comet/hrlee/temp_project/alchemlyb/perf/fsizes/32/0018/WORK/dhdl/dhdl.part0005.xvg,175,1,1564266579.994925,1564266580.0536432
read,/oasis/scratch/comet/hrlee/temp_project/alchemlyb/perf/fsizes/32/0019/WORK/dhdl/dhdl.part0000.xvg,180,1,1564266579.9949253,1564266580.0538316
read,/oasis/scratch/comet/hrlee/temp_project/alchemlyb/perf/fsizes/32/0017/WORK/dhdl/dhdl.part0005.xvg,165,1,1564266580.00144,1564266580.0541527
read,/oasis/scratch/comet/hrlee/temp_project/alchemlyb/perf/fsizes/32/0020/WORK/dhdl/dhdl.part0000.xvg,190,1,1564266579.9961433,1564266580.0562232
read,/oasis/scratch/comet/hrlee/temp_project/alchemlyb/perf/fsizes/32/0022/WORK/dhdl/dhdl.part0000.xvg,210,1,1564266579.9974756,1564266580.0563204
read,/oasis/scratch/comet/hrlee/temp_project/alchemlyb/perf/fsizes/32/0020/WORK/dhdl/dhdl.part0005.xvg,195,1,1564266579.9961438,1564266580.0563781
read,/oasis/scratch/comet/hrlee/temp_project/alchemlyb/perf/fsizes/32/0021/WORK/dhdl/dhdl.part0000.xvg,200,1,1564266579.9974797,1564266580.0567749
read,/oasis/scratch/comet/hrlee/temp_project/alchemlyb/perf/fsizes/32/0023/WORK/dhdl/dhdl.part0005.xvg,225,1,1564266580.0069737,1564266580.0578823
read,/oasis/scratch/comet/hrlee/temp_project/alchemlyb/perf/fsizes/32/0023/WORK/dhdl/dhdl.part0000.xvg,220,1,1564266580.0047064,1564266580.059311
read,/oasis/scratch/comet/hrlee/temp_project/alchemlyb/perf/fsizes/32/0024/WORK/dhdl/dhdl.part0000.xvg,230,1,1564266580.010218,1564266580.0622382
read,/oasis/scratch/comet/hrlee/temp_project/alchemlyb/perf/fsizes/32/0013/WORK/dhdl/dhdl.part0001.xvg,121,1,1564266580.0209906,1564266580.0677578
read,/oasis/scratch/comet/hrlee/temp_project/alchemlyb/perf/fsizes/32/0024/WORK/dhdl/dhdl.part0005.xvg,235,1,1564266580.0225468,1564266580.071833
read,/oasis/scratch/comet/hrlee/temp_project/alchemlyb/perf/fsizes/32/0015/WORK/dhdl/dhdl.part0001.xvg,141,1,1564266580.0273812,1564266580.0743983
read,/oasis/scratch/comet/hrlee/temp_project/alchemlyb/perf/fsizes/32/0014/WORK/dhdl/dhdl.part0006.xvg,136,1,1564266580.0266688,1564266580.0744026
read,/oasis/scratch/comet/hrlee/temp_project/alchemlyb/perf/fsizes/32/0015/WORK/dhdl/dhdl.part0006.xvg,146,1,1564266580.027381,1564266580.0745044
read,/oasis/scratch/comet/hrlee/temp_project/alchemlyb/perf/fsizes/32/0013/WORK/dhdl/dhdl.part0006.xvg,126,1,1564266580.0277154,1564266580.0806437
read,/oasis/scratch/comet/hrlee/temp_project/alchemlyb/perf/fsizes/32/0014/WORK/dhdl/dhdl.part0001.xvg,131,1,1564266580.0321608,1564266580.0837474
read,/oasis/scratch/comet/hrlee/temp_project/alchemlyb/perf/fsizes/32/0016/WORK/dhdl/dhdl.part0001.xvg,151,1,1564266580.042428,1564266580.0882661
read,/oasis/scratch/comet/hrlee/temp_project/alchemlyb/perf/fsizes/32/0016/WORK/dhdl/dhdl.part0006.xvg,156,1,1564266580.04152,1564266580.093833
read,/oasis/scratch/comet/hrlee/temp_project/alchemlyb/perf/fsizes/32/0017/WORK/dhdl/dhdl.part0001.xvg,161,1,1564266580.04306,1564266580.0942953
read,/oasis/scratch/comet/hrlee/temp_project/alchemlyb/perf/fsizes/32/0018/WORK/dhdl/dhdl.part0001.xvg,171,1,1564266580.047092,1564266580.1003757
read,/oasis/scratch/comet/hrlee/temp_project/alchemlyb/perf/fsizes/32/0019/WORK/dhdl/dhdl.part0006.xvg,186,1,1564266580.049994,1564266580.1022768
read,/oasis/scratch/comet/hrlee/temp_project/alchemlyb/perf/fsizes/32/0021/WORK/dhdl/dhdl.part0006.xvg,206,1,1564266580.0509908,1564266580.1038902
read,/oasis/scratch/comet/hrlee/temp_project/alchemlyb/perf/fsizes/32/0022/WORK/dhdl/dhdl.part0006.xvg,216,1,1564266580.0549934,1564266580.106889
read,/oasis/scratch/comet/hrlee/temp_project/alchemlyb/perf/fsizes/32/0017/WORK/dhdl/dhdl.part0006.xvg,166,1,1564266580.0554042,1564266580.107566
read,/oasis/scratch/comet/hrlee/temp_project/alchemlyb/perf/fsizes/32/0023/WORK/dhdl/dhdl.part0006.xvg,226,1,1564266580.0595293,1564266580.1115913
read,/oasis/scratch/comet/hrlee/temp_project/alchemlyb/perf/fsizes/32/0023/WORK/dhdl/dhdl.part0001.xvg,221,1,1564266580.0608659,1564266580.1132023
read,/oasis/scratch/comet/hrlee/temp_project/alchemlyb/perf/fsizes/32/0024/WORK/dhdl/dhdl.part0001.xvg,231,1,1564266580.0638864,1564266580.115367
read,/oasis/scratch/comet/hrlee/temp_project/alchemlyb/perf/fsizes/32/0018/WORK/dhdl/dhdl.part0006.xvg,176,1,1564266580.0549912,1564266580.1164303
read,/oasis/scratch/comet/hrlee/temp_project/alchemlyb/perf/fsizes/32/0013/WORK/dhdl/dhdl.part0002.xvg,122,1,1564266580.0696247,1564266580.1170433
read,/oasis/scratch/comet/hrlee/temp_project/alchemlyb/perf/fsizes/32/0019/WORK/dhdl/dhdl.part0001.xvg,181,1,1564266580.055228,1564266580.1170642
read,/oasis/scratch/comet/hrlee/temp_project/alchemlyb/perf/fsizes/32/0022/WORK/dhdl/dhdl.part0001.xvg,211,1,1564266580.0576687,1564266580.1190126
read,/oasis/scratch/comet/hrlee/temp_project/alchemlyb/perf/fsizes/32/0020/WORK/dhdl/dhdl.part0001.xvg,191,1,1564266580.0576708,1564266580.1190958
read,/oasis/scratch/comet/hrlee/temp_project/alchemlyb/perf/fsizes/32/0020/WORK/dhdl/dhdl.part0006.xvg,196,1,1564266580.0576756,1564266580.1198642
read,/oasis/scratch/comet/hrlee/temp_project/alchemlyb/perf/fsizes/32/0021/WORK/dhdl/dhdl.part0001.xvg,201,1,1564266580.0577729,1564266580.1203332
read,/oasis/scratch/comet/hrlee/temp_project/alchemlyb/perf/fsizes/32/0024/WORK/dhdl/dhdl.part0006.xvg,236,1,1564266580.073994,1564266580.1207623
read,/oasis/scratch/comet/hrlee/temp_project/alchemlyb/perf/fsizes/32/0015/WORK/dhdl/dhdl.part0002.xvg,142,1,1564266580.076173,1564266580.1225996
read,/oasis/scratch/comet/hrlee/temp_project/alchemlyb/perf/fsizes/32/0014/WORK/dhdl/dhdl.part0007.xvg,137,1,1564266580.076173,1564266580.1237867
read,/oasis/scratch/comet/hrlee/temp_project/alchemlyb/perf/fsizes/32/0015/WORK/dhdl/dhdl.part0007.xvg,147,1,1564266580.0761735,1564266580.1291451
read,/oasis/scratch/comet/hrlee/temp_project/alchemlyb/perf/fsizes/32/0013/WORK/dhdl/dhdl.part0007.xvg,127,1,1564266580.0827384,1564266580.1348987
read,/oasis/scratch/comet/hrlee/temp_project/alchemlyb/perf/fsizes/32/0016/WORK/dhdl/dhdl.part0002.xvg,152,1,1564266580.0900533,1564266580.137497
read,/oasis/scratch/comet/hrlee/temp_project/alchemlyb/perf/fsizes/32/0014/WORK/dhdl/dhdl.part0002.xvg,132,1,1564266580.0856922,1564266580.1391144
read,/oasis/scratch/comet/hrlee/temp_project/alchemlyb/perf/fsizes/32/0016/WORK/dhdl/dhdl.part0007.xvg,157,1,1564266580.0957544,1564266580.1468964
read,/oasis/scratch/comet/hrlee/temp_project/alchemlyb/perf/fsizes/32/0017/WORK/dhdl/dhdl.part0002.xvg,162,1,1564266580.0957544,1564266580.1473184
read,/oasis/scratch/comet/hrlee/temp_project/alchemlyb/perf/fsizes/32/0018/WORK/dhdl/dhdl.part0002.xvg,172,1,1564266580.1023486,1564266580.1540973
read,/oasis/scratch/comet/hrlee/temp_project/alchemlyb/perf/fsizes/32/0019/WORK/dhdl/dhdl.part0007.xvg,187,1,1564266580.1038353,1564266580.1556005
read,/oasis/scratch/comet/hrlee/temp_project/alchemlyb/perf/fsizes/32/0020/WORK/dhdl/dhdl.part0002.xvg,192,1,1564266580.1205392,1564266580.1592672
read,/oasis/scratch/comet/hrlee/temp_project/alchemlyb/perf/fsizes/32/0024/WORK/dhdl/dhdl.part0007.xvg,237,1,1564266580.1218085,1564266580.1597679
read,/oasis/scratch/comet/hrlee/temp_project/alchemlyb/perf/fsizes/32/0021/WORK/dhdl/dhdl.part0007.xvg,207,1,1564266580.1054447,1564266580.1602101
read,/oasis/scratch/comet/hrlee/temp_project/alchemlyb/perf/fsizes/32/0022/WORK/dhdl/dhdl.part0007.xvg,217,1,1564266580.1082995,1564266580.1610851
read,/oasis/scratch/comet/hrlee/temp_project/alchemlyb/perf/fsizes/32/0015/WORK/dhdl/dhdl.part0003.xvg,143,1,1564266580.1243408,1564266580.162225
read,/oasis/scratch/comet/hrlee/temp_project/alchemlyb/perf/fsizes/32/0017/WORK/dhdl/dhdl.part0007.xvg,167,1,1564266580.1089678,1564266580.1629398
read,/oasis/scratch/comet/hrlee/temp_project/alchemlyb/perf/fsizes/32/0014/WORK/dhdl/dhdl.part0008.xvg,138,1,1564266580.125132,1564266580.1642535
read,/oasis/scratch/comet/hrlee/temp_project/alchemlyb/perf/fsizes/32/0023/WORK/dhdl/dhdl.part0007.xvg,227,1,1564266580.113709,1564266580.1663032
read,/oasis/scratch/comet/hrlee/temp_project/alchemlyb/perf/fsizes/32/0023/WORK/dhdl/dhdl.part0002.xvg,222,1,1564266580.1147811,1564266580.169214
read,/oasis/scratch/comet/hrlee/temp_project/alchemlyb/perf/fsizes/32/0024/WORK/dhdl/dhdl.part0002.xvg,232,1,1564266580.1169426,1564266580.1700761
read,/oasis/scratch/comet/hrlee/temp_project/alchemlyb/perf/fsizes/32/0018/WORK/dhdl/dhdl.part0007.xvg,177,1,1564266580.1176798,1564266580.1754775
read,/oasis/scratch/comet/hrlee/temp_project/alchemlyb/perf/fsizes/32/0019/WORK/dhdl/dhdl.part0002.xvg,182,1,1564266580.1182566,1564266580.1770964
read,/oasis/scratch/comet/hrlee/temp_project/alchemlyb/perf/fsizes/32/0013/WORK/dhdl/dhdl.part0003.xvg,123,1,1564266580.1182616,1564266580.178987
read,/oasis/scratch/comet/hrlee/temp_project/alchemlyb/perf/fsizes/32/0022/WORK/dhdl/dhdl.part0002.xvg,212,1,1564266580.1205394,1564266580.1799963
read,/oasis/scratch/comet/hrlee/temp_project/alchemlyb/perf/fsizes/32/0020/WORK/dhdl/dhdl.part0007.xvg,197,1,1564266580.1208396,1564266580.1810572
read,/oasis/scratch/comet/hrlee/temp_project/alchemlyb/perf/fsizes/32/0021/WORK/dhdl/dhdl.part0002.xvg,202,1,1564266580.121247,1564266580.1812766
read,/oasis/scratch/comet/hrlee/temp_project/alchemlyb/perf/fsizes/32/0015/WORK/dhdl/dhdl.part0008.xvg,148,1,1564266580.1310287,1564266580.187713
read,/oasis/scratch/comet/hrlee/temp_project/alchemlyb/perf/fsizes/32/0013/WORK/dhdl/dhdl.part0008.xvg,128,1,1564266580.137099,1564266580.1885889
read,/oasis/scratch/comet/hrlee/temp_project/alchemlyb/perf/fsizes/32/0016/WORK/dhdl/dhdl.part0003.xvg,153,1,1564266580.1392822,1564266580.1926792
read,/oasis/scratch/comet/hrlee/temp_project/alchemlyb/perf/fsizes/32/0014/WORK/dhdl/dhdl.part0003.xvg,133,1,1564266580.1408544,1564266580.1931589
read,/oasis/scratch/comet/hrlee/temp_project/alchemlyb/perf/fsizes/32/0016/WORK/dhdl/dhdl.part0008.xvg,158,1,1564266580.1486664,1564266580.2000282
read,/oasis/scratch/comet/hrlee/temp_project/alchemlyb/perf/fsizes/32/0017/WORK/dhdl/dhdl.part0003.xvg,163,1,1564266580.1486664,1564266580.2001812
read,/oasis/scratch/comet/hrlee/temp_project/alchemlyb/perf/fsizes/32/0020/WORK/dhdl/dhdl.part0003.xvg,193,1,1564266580.1608417,1564266580.2052844
read,/oasis/scratch/comet/hrlee/temp_project/alchemlyb/perf/fsizes/32/0024/WORK/dhdl/dhdl.part0008.xvg,238,1,1564266580.1608572,1564266580.2055385
read,/oasis/scratch/comet/hrlee/temp_project/alchemlyb/perf/fsizes/32/0015/WORK/dhdl/dhdl.part0004.xvg,144,1,1564266580.1639793,1564266580.2069824
read,/oasis/scratch/comet/hrlee/temp_project/alchemlyb/perf/fsizes/32/0018/WORK/dhdl/dhdl.part0003.xvg,173,1,1564266580.156041,1564266580.2081075
read,/oasis/scratch/comet/hrlee/temp_project/alchemlyb/perf/fsizes/32/0014/WORK/dhdl/dhdl.part0009.xvg,139,1,1564266580.165957,1564266580.208918
read,/oasis/scratch/comet/hrlee/temp_project/alchemlyb/perf/fsizes/32/0019/WORK/dhdl/dhdl.part0008.xvg,188,1,1564266580.1571183,1564266580.209401
read,/oasis/scratch/comet/hrlee/temp_project/alchemlyb/perf/fsizes/32/0021/WORK/dhdl/dhdl.part0008.xvg,208,1,1564266580.161595,1564266580.2140584
read,/oasis/scratch/comet/hrlee/temp_project/alchemlyb/perf/fsizes/32/0022/WORK/dhdl/dhdl.part0008.xvg,218,1,1564266580.1625645,1564266580.2148006
read,/oasis/scratch/comet/hrlee/temp_project/alchemlyb/perf/fsizes/32/0017/WORK/dhdl/dhdl.part0008.xvg,168,1,1564266580.1641834,1564266580.2184682
read,/oasis/scratch/comet/hrlee/temp_project/alchemlyb/perf/fsizes/32/0023/WORK/dhdl/dhdl.part0008.xvg,228,1,1564266580.1680589,1564266580.2198086
read,/oasis/scratch/comet/hrlee/temp_project/alchemlyb/perf/fsizes/32/0019/WORK/dhdl/dhdl.part0003.xvg,183,1,1564266580.1786473,1564266580.2221055
read,/oasis/scratch/comet/hrlee/temp_project/alchemlyb/perf/fsizes/32/0024/WORK/dhdl/dhdl.part0003.xvg,233,1,1564266580.171367,1564266580.225246
read,/oasis/scratch/comet/hrlee/temp_project/alchemlyb/perf/fsizes/32/0023/WORK/dhdl/dhdl.part0003.xvg,223,1,1564266580.1708128,1564266580.2258132
read,/oasis/scratch/comet/hrlee/temp_project/alchemlyb/perf/fsizes/32/0020/WORK/dhdl/dhdl.part0008.xvg,198,1,1564266580.1823506,1564266580.226805
read,/oasis/scratch/comet/hrlee/temp_project/alchemlyb/perf/fsizes/32/0018/WORK/dhdl/dhdl.part0008.xvg,178,1,1564266580.1772876,1564266580.2293115
read,/oasis/scratch/comet/hrlee/temp_project/alchemlyb/perf/fsizes/32/0013/WORK/dhdl/dhdl.part0004.xvg,124,1,1564266580.1805348,1564266580.2364268
read,/oasis/scratch/comet/hrlee/temp_project/alchemlyb/perf/fsizes/32/0022/WORK/dhdl/dhdl.part0003.xvg,213,1,1564266580.181364,1564266580.2364984
read,/oasis/scratch/comet/hrlee/temp_project/alchemlyb/perf/fsizes/32/0021/WORK/dhdl/dhdl.part0003.xvg,203,1,1564266580.1823506,1564266580.2379596
read,/oasis/scratch/comet/hrlee/temp_project/alchemlyb/perf/fsizes/32/0013/WORK/dhdl/dhdl.part0009.xvg,129,1,1564266580.1904564,1564266580.2431293
read,/oasis/scratch/comet/hrlee/temp_project/alchemlyb/perf/fsizes/32/0015/WORK/dhdl/dhdl.part0009.xvg,149,1,1564266580.1896055,1564266580.2431345
read,/oasis/scratch/comet/hrlee/temp_project/alchemlyb/perf/fsizes/32/0014/WORK/dhdl/dhdl.part0004.xvg,134,1,1564266580.194758,1564266580.2460794
read,/oasis/scratch/comet/hrlee/temp_project/alchemlyb/perf/fsizes/32/0016/WORK/dhdl/dhdl.part0004.xvg,154,1,1564266580.1947596,1564266580.2489827
read,/oasis/scratch/comet/hrlee/temp_project/alchemlyb/perf/fsizes/32/0024/WORK/dhdl/dhdl.part0009.xvg,239,1,1564266580.2072108,1564266580.253448
read,/oasis/scratch/comet/hrlee/temp_project/alchemlyb/perf/fsizes/32/0020/WORK/dhdl/dhdl.part0004.xvg,194,1,1564266580.2072065,1564266580.254012
read,/oasis/scratch/comet/hrlee/temp_project/alchemlyb/perf/fsizes/32/0016/WORK/dhdl/dhdl.part0009.xvg,159,1,1564266580.2019613,1564266580.2548974
read,/oasis/scratch/comet/hrlee/temp_project/alchemlyb/perf/fsizes/32/0017/WORK/dhdl/dhdl.part0004.xvg,164,1,1564266580.2019536,1564266580.2550728
read,/oasis/scratch/comet/hrlee/temp_project/alchemlyb/perf/fsizes/32/0025/WORK/dhdl/dhdl.part0000.xvg,240,1,1564266580.2089422,1564266580.2571151
read,/oasis/scratch/comet/hrlee/temp_project/alchemlyb/perf/fsizes/32/0025/WORK/dhdl/dhdl.part0005.xvg,245,1,1564266580.2107954,1564266580.2604213
read,/oasis/scratch/comet/hrlee/temp_project/alchemlyb/perf/fsizes/32/0018/WORK/dhdl/dhdl.part0004.xvg,174,1,1564266580.2098346,1564266580.2624466
read,/oasis/scratch/comet/hrlee/temp_project/alchemlyb/perf/fsizes/32/0019/WORK/dhdl/dhdl.part0009.xvg,189,1,1564266580.2107368,1564266580.2636766
read,/oasis/scratch/comet/hrlee/temp_project/alchemlyb/perf/fsizes/32/0019/WORK/dhdl/dhdl.part0004.xvg,184,1,1564266580.2239804,1564266580.2672687
read,/oasis/scratch/comet/hrlee/temp_project/alchemlyb/perf/fsizes/32/0022/WORK/dhdl/dhdl.part0009.xvg,219,1,1564266580.2160854,1564266580.2683306
read,/oasis/scratch/comet/hrlee/temp_project/alchemlyb/perf/fsizes/32/0021/WORK/dhdl/dhdl.part0009.xvg,209,1,1564266580.2156625,1564266580.268623
read,/oasis/scratch/comet/hrlee/temp_project/alchemlyb/perf/fsizes/32/0020/WORK/dhdl/dhdl.part0009.xvg,199,1,1564266580.2284641,1564266580.2725573
read,/oasis/scratch/comet/hrlee/temp_project/alchemlyb/perf/fsizes/32/0017/WORK/dhdl/dhdl.part0009.xvg,169,1,1564266580.2204216,1564266580.2729278
read,/oasis/scratch/comet/hrlee/temp_project/alchemlyb/perf/fsizes/32/0023/WORK/dhdl/dhdl.part0009.xvg,229,1,1564266580.2212255,1564266580.2729862
read,/oasis/scratch/comet/hrlee/temp_project/alchemlyb/perf/fsizes/32/0024/WORK/dhdl/dhdl.part0004.xvg,234,1,1564266580.2266762,1564266580.2774088
read,/oasis/scratch/comet/hrlee/temp_project/alchemlyb/perf/fsizes/32/0023/WORK/dhdl/dhdl.part0004.xvg,224,1,1564266580.2272072,1564266580.2789297
read,/oasis/scratch/comet/hrlee/temp_project/alchemlyb/perf/fsizes/32/0018/WORK/dhdl/dhdl.part0009.xvg,179,1,1564266580.2310057,1564266580.2845743
read,/oasis/scratch/comet/hrlee/temp_project/alchemlyb/perf/fsizes/32/0027/WORK/dhdl/dhdl.part0000.xvg,260,1,1564266580.2451994,1564266580.2911801
read,/oasis/scratch/comet/hrlee/temp_project/alchemlyb/perf/fsizes/32/0026/WORK/dhdl/dhdl.part0005.xvg,255,1,1564266580.245203,1564266580.292945
read,/oasis/scratch/comet/hrlee/temp_project/alchemlyb/perf/fsizes/32/0027/WORK/dhdl/dhdl.part0005.xvg,265,1,1564266580.2483118,1564266580.2933345
read,/oasis/scratch/comet/hrlee/temp_project/alchemlyb/perf/fsizes/32/0022/WORK/dhdl/dhdl.part0004.xvg,214,1,1564266580.2382846,1564266580.295214
read,/oasis/scratch/comet/hrlee/temp_project/alchemlyb/perf/fsizes/32/0026/WORK/dhdl/dhdl.part0000.xvg,250,1,1564266580.2382846,1564266580.2954137
read,/oasis/scratch/comet/hrlee/temp_project/alchemlyb/perf/fsizes/32/0021/WORK/dhdl/dhdl.part0004.xvg,204,1,1564266580.2394316,1564266580.296859
read,/oasis/scratch/comet/hrlee/temp_project/alchemlyb/perf/fsizes/32/0028/WORK/dhdl/dhdl.part0000.xvg,270,1,1564266580.2514853,1564266580.299024
read,/oasis/scratch/comet/hrlee/temp_project/alchemlyb/perf/fsizes/32/0028/WORK/dhdl/dhdl.part0005.xvg,275,1,1564266580.2555702,1564266580.303652
read,/oasis/scratch/comet/hrlee/temp_project/alchemlyb/perf/fsizes/32/0029/WORK/dhdl/dhdl.part0000.xvg,280,1,1564266580.255564,1564266580.3092852
read,/oasis/scratch/comet/hrlee/temp_project/alchemlyb/perf/fsizes/32/0029/WORK/dhdl/dhdl.part0005.xvg,285,1,1564266580.256707,1564266580.3096106
read,/oasis/scratch/comet/hrlee/temp_project/alchemlyb/perf/fsizes/32/0030/WORK/dhdl/dhdl.part0005.xvg,295,1,1564266580.2644513,1564266580.3100762
read,/oasis/scratch/comet/hrlee/temp_project/alchemlyb/perf/fsizes/32/0030/WORK/dhdl/dhdl.part0000.xvg,290,1,1564266580.2568593,1564266580.3111975
read,/oasis/scratch/comet/hrlee/temp_project/alchemlyb/perf/fsizes/32/0025/WORK/dhdl/dhdl.part0001.xvg,241,1,1564266580.2587883,1564266580.3115182
read,/oasis/scratch/comet/hrlee/temp_project/alchemlyb/perf/fsizes/32/0025/WORK/dhdl/dhdl.part0006.xvg,246,1,1564266580.2625191,1564266580.3143098
read,/oasis/scratch/comet/hrlee/temp_project/alchemlyb/perf/fsizes/32/0031/WORK/dhdl/dhdl.part0005.xvg,305,1,1564266580.2693665,1564266580.3176527
read,/oasis/scratch/comet/hrlee/temp_project/alchemlyb/perf/fsizes/32/0031/WORK/dhdl/dhdl.part0000.xvg,300,1,1564266580.265501,1564266580.3190827
read,/oasis/scratch/comet/hrlee/temp_project/alchemlyb/perf/fsizes/32/0033/WORK/dhdl/dhdl.part0005.xvg,325,1,1564266580.2745373,1564266580.3227546
read,/oasis/scratch/comet/hrlee/temp_project/alchemlyb/perf/fsizes/32/0032/WORK/dhdl/dhdl.part0005.xvg,315,1,1564266580.2699316,1564266580.3236837
read,/oasis/scratch/comet/hrlee/temp_project/alchemlyb/perf/fsizes/32/0032/WORK/dhdl/dhdl.part0000.xvg,310,1,1564266580.2699306,1564266580.3237386
read,/oasis/scratch/comet/hrlee/temp_project/alchemlyb/perf/fsizes/32/0033/WORK/dhdl/dhdl.part0000.xvg,320,1,1564266580.2747195,1564266580.3241804
read,/oasis/scratch/comet/hrlee/temp_project/alchemlyb/perf/fsizes/32/0034/WORK/dhdl/dhdl.part0005.xvg,335,1,1564266580.279035,1564266580.3255942
read,/oasis/scratch/comet/hrlee/temp_project/alchemlyb/perf/fsizes/32/0035/WORK/dhdl/dhdl.part0000.xvg,340,1,1564266580.2803917,1564266580.3272557
read,/oasis/scratch/comet/hrlee/temp_project/alchemlyb/perf/fsizes/32/0034/WORK/dhdl/dhdl.part0000.xvg,330,1,1564266580.2848933,1564266580.3315792
read,/oasis/scratch/comet/hrlee/temp_project/alchemlyb/perf/fsizes/32/0035/WORK/dhdl/dhdl.part0005.xvg,345,1,1564266580.2867112,1564266580.3323622
read,/oasis/scratch/comet/hrlee/temp_project/alchemlyb/perf/fsizes/32/0027/WORK/dhdl/dhdl.part0001.xvg,261,1,1564266580.2930636,1564266580.3383472
read,/oasis/scratch/comet/hrlee/temp_project/alchemlyb/perf/fsizes/32/0027/WORK/dhdl/dhdl.part0006.xvg,266,1,1564266580.2946978,1564266580.3393378
read,/oasis/scratch/comet/hrlee/temp_project/alchemlyb/perf/fsizes/32/0026/WORK/dhdl/dhdl.part0006.xvg,256,1,1564266580.2945826,1564266580.3418052
read,/oasis/scratch/comet/hrlee/temp_project/alchemlyb/perf/fsizes/32/0028/WORK/dhdl/dhdl.part0001.xvg,271,1,1564266580.3006601,1564266580.3503885
read,/oasis/scratch/comet/hrlee/temp_project/alchemlyb/perf/fsizes/32/0036/WORK/dhdl/dhdl.part0000.xvg,350,1,1564266580.2969038,1564266580.3537219
read,/oasis/scratch/comet/hrlee/temp_project/alchemlyb/perf/fsizes/32/0026/WORK/dhdl/dhdl.part0001.xvg,251,1,1564266580.2969038,1564266580.354064
read,/oasis/scratch/comet/hrlee/temp_project/alchemlyb/perf/fsizes/32/0028/WORK/dhdl/dhdl.part0006.xvg,276,1,1564266580.3056304,1564266580.3548334
read,/oasis/scratch/comet/hrlee/temp_project/alchemlyb/perf/fsizes/32/0036/WORK/dhdl/dhdl.part0005.xvg,355,1,1564266580.2989082,1564266580.3561394
read,/oasis/scratch/comet/hrlee/temp_project/alchemlyb/perf/fsizes/32/0030/WORK/dhdl/dhdl.part0001.xvg,291,1,1564266580.312517,1564266580.360242
read,/oasis/scratch/comet/hrlee/temp_project/alchemlyb/perf/fsizes/32/0030/WORK/dhdl/dhdl.part0006.xvg,296,1,1564266580.321742,1564266580.3633945
read,/oasis/scratch/comet/hrlee/temp_project/alchemlyb/perf/fsizes/32/0029/WORK/dhdl/dhdl.part0001.xvg,281,1,1564266580.3110414,1564266580.3670459
read,/oasis/scratch/comet/hrlee/temp_project/alchemlyb/perf/fsizes/32/0025/WORK/dhdl/dhdl.part0002.xvg,242,1,1564266580.3130252,1564266580.3673997
read,/oasis/scratch/comet/hrlee/temp_project/alchemlyb/perf/fsizes/32/0031/WORK/dhdl/dhdl.part0006.xvg,306,1,1564266580.3196647,1564266580.369959
read,/oasis/scratch/comet/hrlee/temp_project/alchemlyb/perf/fsizes/32/0025/WORK/dhdl/dhdl.part0007.xvg,247,1,1564266580.31621,1564266580.3704946
read,/oasis/scratch/comet/hrlee/temp_project/alchemlyb/perf/fsizes/32/0034/WORK/dhdl/dhdl.part0006.xvg,336,1,1564266580.3269649,1564266580.3720288
read,/oasis/scratch/comet/hrlee/temp_project/alchemlyb/perf/fsizes/32/0035/WORK/dhdl/dhdl.part0001.xvg,341,1,1564266580.3286774,1564266580.3741515
read,/oasis/scratch/comet/hrlee/temp_project/alchemlyb/perf/fsizes/32/0033/WORK/dhdl/dhdl.part0001.xvg,321,1,1564266580.3252757,1564266580.3747532
read,/oasis/scratch/comet/hrlee/temp_project/alchemlyb/perf/fsizes/32/0031/WORK/dhdl/dhdl.part0001.xvg,301,1,1564266580.3205686,1564266580.3756912
read,/oasis/scratch/comet/hrlee/temp_project/alchemlyb/perf/fsizes/32/0033/WORK/dhdl/dhdl.part0006.xvg,326,1,1564266580.3245823,1564266580.3761928
read,/oasis/scratch/comet/hrlee/temp_project/alchemlyb/perf/fsizes/32/0029/WORK/dhdl/dhdl.part0006.xvg,286,1,1564266580.311309,1564266580.3804271
read,/oasis/scratch/comet/hrlee/temp_project/alchemlyb/perf/fsizes/32/0032/WORK/dhdl/dhdl.part0001.xvg,311,1,1564266580.3252757,1564266580.3813202
read,/oasis/scratch/comet/hrlee/temp_project/alchemlyb/perf/fsizes/32/0035/WORK/dhdl/dhdl.part0006.xvg,346,1,1564266580.333981,1564266580.3813508
read,/oasis/scratch/comet/hrlee/temp_project/alchemlyb/perf/fsizes/32/0032/WORK/dhdl/dhdl.part0006.xvg,316,1,1564266580.3252757,1564266580.3822544
read,/oasis/scratch/comet/hrlee/temp_project/alchemlyb/perf/fsizes/32/0034/WORK/dhdl/dhdl.part0001.xvg,331,1,1564266580.3331141,1564266580.3868349
read,/oasis/scratch/comet/hrlee/temp_project/alchemlyb/perf/fsizes/32/0027/WORK/dhdl/dhdl.part0007.xvg,267,1,1564266580.3406332,1564266580.387662
read,/oasis/scratch/comet/hrlee/temp_project/alchemlyb/perf/fsizes/32/0026/WORK/dhdl/dhdl.part0007.xvg,257,1,1564266580.3435473,1564266580.3918946
read,/oasis/scratch/comet/hrlee/temp_project/alchemlyb/perf/fsizes/32/0027/WORK/dhdl/dhdl.part0002.xvg,262,1,1564266580.3399441,1564266580.3924026
read,/oasis/scratch/comet/hrlee/temp_project/alchemlyb/perf/fsizes/32/0028/WORK/dhdl/dhdl.part0002.xvg,272,1,1564266580.35215,1564266580.4015627
read,/oasis/scratch/comet/hrlee/temp_project/alchemlyb/perf/fsizes/32/0026/WORK/dhdl/dhdl.part0002.xvg,252,1,1564266580.3555255,1564266580.4053326
read,/oasis/scratch/comet/hrlee/temp_project/alchemlyb/perf/fsizes/32/0028/WORK/dhdl/dhdl.part0007.xvg,277,1,1564266580.356313,1564266580.406136
read,/oasis/scratch/comet/hrlee/temp_project/alchemlyb/perf/fsizes/32/0030/WORK/dhdl/dhdl.part0002.xvg,292,1,1564266580.362055,1564266580.4067245
read,/oasis/scratch/comet/hrlee/temp_project/alchemlyb/perf/fsizes/32/0030/WORK/dhdl/dhdl.part0007.xvg,297,1,1564266580.3656065,1564266580.4079998
read,/oasis/scratch/comet/hrlee/temp_project/alchemlyb/perf/fsizes/32/0036/WORK/dhdl/dhdl.part0001.xvg,351,1,1564266580.3555255,1564266580.411307
read,/oasis/scratch/comet/hrlee/temp_project/alchemlyb/perf/fsizes/32/0034/WORK/dhdl/dhdl.part0007.xvg,337,1,1564266580.3737273,1564266580.414332
read,/oasis/scratch/comet/hrlee/temp_project/alchemlyb/perf/fsizes/32/0036/WORK/dhdl/dhdl.part0006.xvg,356,1,1564266580.3577123,1564266580.414416
read,/oasis/scratch/comet/hrlee/temp_project/alchemlyb/perf/fsizes/32/0035/WORK/dhdl/dhdl.part0002.xvg,342,1,1564266580.3757174,1564266580.416841
read,/oasis/scratch/comet/hrlee/temp_project/alchemlyb/perf/fsizes/32/0033/WORK/dhdl/dhdl.part0002.xvg,322,1,1564266580.376203,1564266580.4173396
read,/oasis/scratch/comet/hrlee/temp_project/alchemlyb/perf/fsizes/32/0025/WORK/dhdl/dhdl.part0003.xvg,243,1,1564266580.3688238,1564266580.4176354
read,/oasis/scratch/comet/hrlee/temp_project/alchemlyb/perf/fsizes/32/0031/WORK/dhdl/dhdl.part0007.xvg,307,1,1564266580.3717885,1564266580.4226542
read,/oasis/scratch/comet/hrlee/temp_project/alchemlyb/perf/fsizes/32/0029/WORK/dhdl/dhdl.part0002.xvg,282,1,1564266580.3688238,1564266580.424133
read,/oasis/scratch/comet/hrlee/temp_project/alchemlyb/perf/fsizes/32/0025/WORK/dhdl/dhdl.part0008.xvg,248,1,1564266580.371788,1564266580.425811
read,/oasis/scratch/comet/hrlee/temp_project/alchemlyb/perf/fsizes/32/0033/WORK/dhdl/dhdl.part0007.xvg,327,1,1564266580.3777597,1564266580.4289544
read,/oasis/scratch/comet/hrlee/temp_project/alchemlyb/perf/fsizes/32/0035/WORK/dhdl/dhdl.part0007.xvg,347,1,1564266580.3831618,1564266580.4318976
read,/oasis/scratch/comet/hrlee/temp_project/alchemlyb/perf/fsizes/32/0034/WORK/dhdl/dhdl.part0002.xvg,332,1,1564266580.3885317,1564266580.4358702
read,/oasis/scratch/comet/hrlee/temp_project/alchemlyb/perf/fsizes/32/0026/WORK/dhdl/dhdl.part0008.xvg,258,1,1564266580.3938234,1564266580.4391232
read,/oasis/scratch/comet/hrlee/temp_project/alchemlyb/perf/fsizes/32/0029/WORK/dhdl/dhdl.part0007.xvg,287,1,1564266580.3822393,1564266580.4414237
read,/oasis/scratch/comet/hrlee/temp_project/alchemlyb/perf/fsizes/32/0032/WORK/dhdl/dhdl.part0002.xvg,312,1,1564266580.3824592,1564266580.4415019
read,/oasis/scratch/comet/hrlee/temp_project/alchemlyb/perf/fsizes/32/0031/WORK/dhdl/dhdl.part0002.xvg,302,1,1564266580.381933,1564266580.4422455
read,/oasis/scratch/comet/hrlee/temp_project/alchemlyb/perf/fsizes/32/0032/WORK/dhdl/dhdl.part0007.xvg,317,1,1564266580.3834386,1564266580.4427855
read,/oasis/scratch/comet/hrlee/temp_project/alchemlyb/perf/fsizes/32/0028/WORK/dhdl/dhdl.part0003.xvg,273,1,1564266580.4034913,1564266580.4470212
read,/oasis/scratch/comet/hrlee/temp_project/alchemlyb/perf/fsizes/32/0027/WORK/dhdl/dhdl.part0008.xvg,268,1,1564266580.3892488,1564266580.4472213
read,/oasis/scratch/comet/hrlee/temp_project/alchemlyb/perf/fsizes/32/0027/WORK/dhdl/dhdl.part0003.xvg,263,1,1564266580.3938327,1564266580.4499679
read,/oasis/scratch/comet/hrlee/temp_project/alchemlyb/perf/fsizes/32/0026/WORK/dhdl/dhdl.part0003.xvg,253,1,1564266580.4068696,1564266580.4503045
read,/oasis/scratch/comet/hrlee/temp_project/alchemlyb/perf/fsizes/32/0028/WORK/dhdl/dhdl.part0008.xvg,278,1,1564266580.4075444,1564266580.450825
read,/oasis/scratch/comet/hrlee/temp_project/alchemlyb/perf/fsizes/32/0030/WORK/dhdl/dhdl.part0003.xvg,293,1,1564266580.407896,1564266580.4569902
read,/oasis/scratch/comet/hrlee/temp_project/alchemlyb/perf/fsizes/32/0030/WORK/dhdl/dhdl.part0008.xvg,298,1,1564266580.4094477,1564266580.458246
read,/oasis/scratch/comet/hrlee/temp_project/alchemlyb/perf/fsizes/32/0034/WORK/dhdl/dhdl.part0008.xvg,338,1,1564266580.4163759,1564266580.4650695
read,/oasis/scratch/comet/hrlee/temp_project/alchemlyb/perf/fsizes/32/0035/WORK/dhdl/dhdl.part0003.xvg,343,1,1564266580.4185,1564266580.4664588
read,/oasis/scratch/comet/hrlee/temp_project/alchemlyb/perf/fsizes/32/0033/WORK/dhdl/dhdl.part0003.xvg,323,1,1564266580.4185603,1564266580.4669955
read,/oasis/scratch/comet/hrlee/temp_project/alchemlyb/perf/fsizes/32/0036/WORK/dhdl/dhdl.part0002.xvg,352,1,1564266580.4130564,1564266580.4684086
read,/oasis/scratch/comet/hrlee/temp_project/alchemlyb/perf/fsizes/32/0031/WORK/dhdl/dhdl.part0008.xvg,308,1,1564266580.4246383,1564266580.4711545
read,/oasis/scratch/comet/hrlee/temp_project/alchemlyb/perf/fsizes/32/0036/WORK/dhdl/dhdl.part0007.xvg,357,1,1564266580.4163642,1564266580.474211
read,/oasis/scratch/comet/hrlee/temp_project/alchemlyb/perf/fsizes/32/0025/WORK/dhdl/dhdl.part0004.xvg,244,1,1564266580.4190364,1564266580.4765081
read,/oasis/scratch/comet/hrlee/temp_project/alchemlyb/perf/fsizes/32/0034/WORK/dhdl/dhdl.part0003.xvg,333,1,1564266580.4380705,1564266580.4807408
read,/oasis/scratch/comet/hrlee/temp_project/alchemlyb/perf/fsizes/32/0029/WORK/dhdl/dhdl.part0003.xvg,283,1,1564266580.4256942,1564266580.4826045
read,/oasis/scratch/comet/hrlee/temp_project/alchemlyb/perf/fsizes/32/0035/WORK/dhdl/dhdl.part0008.xvg,348,1,1564266580.4341416,1564266580.4827378
read,/oasis/scratch/comet/hrlee/temp_project/alchemlyb/perf/fsizes/32/0025/WORK/dhdl/dhdl.part0009.xvg,249,1,1564266580.4276698,1564266580.4846847
read,/oasis/scratch/comet/hrlee/temp_project/alchemlyb/perf/fsizes/32/0033/WORK/dhdl/dhdl.part0008.xvg,328,1,1564266580.4310608,1564266580.486892
read,/oasis/scratch/comet/hrlee/temp_project/alchemlyb/perf/fsizes/32/0026/WORK/dhdl/dhdl.part0009.xvg,259,1,1564266580.4410956,1564266580.4906867
read,/oasis/scratch/comet/hrlee/temp_project/alchemlyb/perf/fsizes/32/0032/WORK/dhdl/dhdl.part0003.xvg,313,1,1564266580.4428508,1564266580.4980583
read,/oasis/scratch/comet/hrlee/temp_project/alchemlyb/perf/fsizes/32/0027/WORK/dhdl/dhdl.part0004.xvg,264,1,1564266580.4517024,1564266580.498162
read,/oasis/scratch/comet/hrlee/temp_project/alchemlyb/perf/fsizes/32/0029/WORK/dhdl/dhdl.part0008.xvg,288,1,1564266580.4431763,1564266580.498682
read,/oasis/scratch/comet/hrlee/temp_project/alchemlyb/perf/fsizes/32/0028/WORK/dhdl/dhdl.part0004.xvg,274,1,1564266580.4487994,1564266580.499309
read,/oasis/scratch/comet/hrlee/temp_project/alchemlyb/perf/fsizes/32/0032/WORK/dhdl/dhdl.part0008.xvg,318,1,1564266580.4438276,1564266580.4996297
read,/oasis/scratch/comet/hrlee/temp_project/alchemlyb/perf/fsizes/32/0026/WORK/dhdl/dhdl.part0004.xvg,254,1,1564266580.4519055,1564266580.5021036
read,/oasis/scratch/comet/hrlee/temp_project/alchemlyb/perf/fsizes/32/0028/WORK/dhdl/dhdl.part0009.xvg,279,1,1564266580.4519894,1564266580.5024884
read,/oasis/scratch/comet/hrlee/temp_project/alchemlyb/perf/fsizes/32/0027/WORK/dhdl/dhdl.part0009.xvg,269,1,1564266580.4487915,1564266580.504153
read,/oasis/scratch/comet/hrlee/temp_project/alchemlyb/perf/fsizes/32/0030/WORK/dhdl/dhdl.part0004.xvg,294,1,1564266580.4583695,1564266580.5046093
read,/oasis/scratch/comet/hrlee/temp_project/alchemlyb/perf/fsizes/32/0030/WORK/dhdl/dhdl.part0009.xvg,299,1,1564266580.4596226,1564266580.5054297
read,/oasis/scratch/comet/hrlee/temp_project/alchemlyb/perf/fsizes/32/0031/WORK/dhdl/dhdl.part0003.xvg,303,1,1564266580.4477952,1564266580.5060482
read,/oasis/scratch/comet/hrlee/temp_project/alchemlyb/perf/fsizes/32/0034/WORK/dhdl/dhdl.part0009.xvg,339,1,1564266580.4668896,1564266580.5118508
read,/oasis/scratch/comet/hrlee/temp_project/alchemlyb/perf/fsizes/32/0035/WORK/dhdl/dhdl.part0004.xvg,344,1,1564266580.4680746,1564266580.5144985
read,/oasis/scratch/comet/hrlee/temp_project/alchemlyb/perf/fsizes/32/0033/WORK/dhdl/dhdl.part0004.xvg,324,1,1564266580.478793,1564266580.5195947
read,/oasis/scratch/comet/hrlee/temp_project/alchemlyb/perf/fsizes/32/0034/WORK/dhdl/dhdl.part0004.xvg,334,1,1564266580.4829357,1564266580.522083
read,/oasis/scratch/comet/hrlee/temp_project/alchemlyb/perf/fsizes/32/0031/WORK/dhdl/dhdl.part0009.xvg,309,1,1564266580.4729726,1564266580.5237143
read,/oasis/scratch/comet/hrlee/temp_project/alchemlyb/perf/fsizes/32/0036/WORK/dhdl/dhdl.part0003.xvg,353,1,1564266580.470036,1564266580.5243504
read,/oasis/scratch/comet/hrlee/temp_project/alchemlyb/perf/fsizes/32/0037/WORK/dhdl/dhdl.part0000.xvg,360,1,1564266580.4785633,1564266580.5293267
read,/oasis/scratch/comet/hrlee/temp_project/alchemlyb/perf/fsizes/32/0038/WORK/dhdl/dhdl.part0005.xvg,375,1,1564266580.4997375,1564266580.529947
read,/oasis/scratch/comet/hrlee/temp_project/alchemlyb/perf/fsizes/32/0036/WORK/dhdl/dhdl.part0008.xvg,358,1,1564266580.4759772,1564266580.5308323
read,/oasis/scratch/comet/hrlee/temp_project/alchemlyb/perf/fsizes/32/0035/WORK/dhdl/dhdl.part0009.xvg,349,1,1564266580.4841533,1564266580.5337992
read,/oasis/scratch/comet/hrlee/temp_project/alchemlyb/perf/fsizes/32/0029/WORK/dhdl/dhdl.part0004.xvg,284,1,1564266580.4841533,1564266580.5345836
read,/oasis/scratch/comet/hrlee/temp_project/alchemlyb/perf/fsizes/32/0037/WORK/dhdl/dhdl.part0005.xvg,365,1,1564266580.4870143,1564266580.5361438
read,/oasis/scratch/comet/hrlee/temp_project/alchemlyb/perf/fsizes/32/0033/WORK/dhdl/dhdl.part0009.xvg,329,1,1564266580.4885206,1564266580.5389287
read,/oasis/scratch/comet/hrlee/temp_project/alchemlyb/perf/fsizes/32/0038/WORK/dhdl/dhdl.part0000.xvg,370,1,1564266580.493167,1564266580.5400312
read,/oasis/scratch/comet/hrlee/temp_project/alchemlyb/perf/fsizes/32/0032/WORK/dhdl/dhdl.part0004.xvg,314,1,1564266580.4996207,1564266580.5407584
read,/oasis/scratch/comet/hrlee/temp_project/alchemlyb/perf/fsizes/32/0029/WORK/dhdl/dhdl.part0009.xvg,289,1,1564266580.4998293,1564266580.540791
read,/oasis/scratch/comet/hrlee/temp_project/alchemlyb/perf/fsizes/32/0032/WORK/dhdl/dhdl.part0009.xvg,319,1,1564266580.5006804,1564266580.5415747
read,/oasis/scratch/comet/hrlee/temp_project/alchemlyb/perf/fsizes/32/0039/WORK/dhdl/dhdl.part0000.xvg,380,1,1564266580.5009055,1564266580.5453694
read,/oasis/scratch/comet/hrlee/temp_project/alchemlyb/perf/fsizes/32/0040/WORK/dhdl/dhdl.part0005.xvg,395,1,1564266580.5057695,1564266580.5454438
read,/oasis/scratch/comet/hrlee/temp_project/alchemlyb/perf/fsizes/32/0031/WORK/dhdl/dhdl.part0004.xvg,304,1,1564266580.50721,1564266580.5461836
read,/oasis/scratch/comet/hrlee/temp_project/alchemlyb/perf/fsizes/32/0040/WORK/dhdl/dhdl.part0000.xvg,390,1,1564266580.504049,1564266580.5472734
read,/oasis/scratch/comet/hrlee/temp_project/alchemlyb/perf/fsizes/32/0039/WORK/dhdl/dhdl.part0005.xvg,385,1,1564266580.5040455,1564266580.547639
read,/oasis/scratch/comet/hrlee/temp_project/alchemlyb/perf/fsizes/32/0038/WORK/dhdl/dhdl.part0006.xvg,376,1,1564266580.5310035,1564266580.558629
read,/oasis/scratch/comet/hrlee/temp_project/alchemlyb/perf/fsizes/32/0036/WORK/dhdl/dhdl.part0004.xvg,354,1,1564266580.5256038,1564266580.5593855
read,/oasis/scratch/comet/hrlee/temp_project/alchemlyb/perf/fsizes/32/0037/WORK/dhdl/dhdl.part0001.xvg,361,1,1564266580.5306604,1564266580.5626104
read,/oasis/scratch/comet/hrlee/temp_project/alchemlyb/perf/fsizes/32/0036/WORK/dhdl/dhdl.part0009.xvg,359,1,1564266580.5320845,1564266580.5649347
read,/oasis/scratch/comet/hrlee/temp_project/alchemlyb/perf/fsizes/32/0037/WORK/dhdl/dhdl.part0006.xvg,366,1,1564266580.5375857,1564266580.5680842
read,/oasis/scratch/comet/hrlee/temp_project/alchemlyb/perf/fsizes/32/0038/WORK/dhdl/dhdl.part0001.xvg,371,1,1564266580.5413415,1564266580.5713387
read,/oasis/scratch/comet/hrlee/temp_project/alchemlyb/perf/fsizes/32/0040/WORK/dhdl/dhdl.part0006.xvg,396,1,1564266580.5465443,1564266580.5756524
read,/oasis/scratch/comet/hrlee/temp_project/alchemlyb/perf/fsizes/32/0039/WORK/dhdl/dhdl.part0001.xvg,381,1,1564266580.5465622,1564266580.5764036
read,/oasis/scratch/comet/hrlee/temp_project/alchemlyb/perf/fsizes/32/0040/WORK/dhdl/dhdl.part0001.xvg,391,1,1564266580.5483844,1564266580.5781548
read,/oasis/scratch/comet/hrlee/temp_project/alchemlyb/perf/fsizes/32/0039/WORK/dhdl/dhdl.part0006.xvg,386,1,1564266580.5484433,1564266580.57828
read,/oasis/scratch/comet/hrlee/temp_project/alchemlyb/perf/fsizes/32/0038/WORK/dhdl/dhdl.part0007.xvg,377,1,1564266580.5597832,1564266580.5854874
read,/oasis/scratch/comet/hrlee/temp_project/alchemlyb/perf/fsizes/32/0037/WORK/dhdl/dhdl.part0002.xvg,362,1,1564266580.5638678,1564266580.5916228
read,/oasis/scratch/comet/hrlee/temp_project/alchemlyb/perf/fsizes/32/0037/WORK/dhdl/dhdl.part0007.xvg,367,1,1564266580.5693843,1564266580.598834
read,/oasis/scratch/comet/hrlee/temp_project/alchemlyb/perf/fsizes/32/0038/WORK/dhdl/dhdl.part0002.xvg,372,1,1564266580.5724504,1564266580.6010866
read,/oasis/scratch/comet/hrlee/temp_project/alchemlyb/perf/fsizes/32/0040/WORK/dhdl/dhdl.part0007.xvg,397,1,1564266580.5767667,1564266580.605141
read,/oasis/scratch/comet/hrlee/temp_project/alchemlyb/perf/fsizes/32/0039/WORK/dhdl/dhdl.part0002.xvg,382,1,1564266580.5774589,1564266580.6055682
read,/oasis/scratch/comet/hrlee/temp_project/alchemlyb/perf/fsizes/32/0039/WORK/dhdl/dhdl.part0007.xvg,387,1,1564266580.5793731,1564266580.6073866
read,/oasis/scratch/comet/hrlee/temp_project/alchemlyb/perf/fsizes/32/0040/WORK/dhdl/dhdl.part0002.xvg,392,1,1564266580.5793736,1564266580.6074007
read,/oasis/scratch/comet/hrlee/temp_project/alchemlyb/perf/fsizes/32/0038/WORK/dhdl/dhdl.part0008.xvg,378,1,1564266580.5865173,1564266580.6125312
read,/oasis/scratch/comet/hrlee/temp_project/alchemlyb/perf/fsizes/32/0037/WORK/dhdl/dhdl.part0003.xvg,363,1,1564266580.5927246,1564266580.6200697
read,/oasis/scratch/comet/hrlee/temp_project/alchemlyb/perf/fsizes/32/0037/WORK/dhdl/dhdl.part0008.xvg,368,1,1564266580.6000922,1564266580.6288974
read,/oasis/scratch/comet/hrlee/temp_project/alchemlyb/perf/fsizes/32/0038/WORK/dhdl/dhdl.part0003.xvg,373,1,1564266580.6023107,1564266580.6307533
read,/oasis/scratch/comet/hrlee/temp_project/alchemlyb/perf/fsizes/32/0039/WORK/dhdl/dhdl.part0003.xvg,383,1,1564266580.6065886,1564266580.6343575
read,/oasis/scratch/comet/hrlee/temp_project/alchemlyb/perf/fsizes/32/0040/WORK/dhdl/dhdl.part0008.xvg,398,1,1564266580.606202,1564266580.634528
read,/oasis/scratch/comet/hrlee/temp_project/alchemlyb/perf/fsizes/32/0040/WORK/dhdl/dhdl.part0003.xvg,393,1,1564266580.6084847,1564266580.6362283
read,/oasis/scratch/comet/hrlee/temp_project/alchemlyb/perf/fsizes/32/0039/WORK/dhdl/dhdl.part0008.xvg,388,1,1564266580.6084843,1564266580.636275
read,/oasis/scratch/comet/hrlee/temp_project/alchemlyb/perf/fsizes/32/0038/WORK/dhdl/dhdl.part0009.xvg,379,1,1564266580.6135473,1564266580.6396794
read,/oasis/scratch/comet/hrlee/temp_project/alchemlyb/perf/fsizes/32/0037/WORK/dhdl/dhdl.part0004.xvg,364,1,1564266580.621205,1564266580.649729
read,/oasis/scratch/comet/hrlee/temp_project/alchemlyb/perf/fsizes/32/0037/WORK/dhdl/dhdl.part0009.xvg,369,1,1564266580.6300237,1564266580.6584294
read,/oasis/scratch/comet/hrlee/temp_project/alchemlyb/perf/fsizes/32/0038/WORK/dhdl/dhdl.part0004.xvg,374,1,1564266580.6318946,1564266580.6601372
read,/oasis/scratch/comet/hrlee/temp_project/alchemlyb/perf/fsizes/32/0039/WORK/dhdl/dhdl.part0004.xvg,384,1,1564266580.6354532,1564266580.6630306
read,/oasis/scratch/comet/hrlee/temp_project/alchemlyb/perf/fsizes/32/0040/WORK/dhdl/dhdl.part0009.xvg,399,1,1564266580.6354544,1564266580.6633103
read,/oasis/scratch/comet/hrlee/temp_project/alchemlyb/perf/fsizes/32/0039/WORK/dhdl/dhdl.part0009.xvg,389,1,1564266580.637274,1564266580.6646407
read,/oasis/scratch/comet/hrlee/temp_project/alchemlyb/perf/fsizes/32/0040/WORK/dhdl/dhdl.part0004.xvg,394,1,1564266580.6372752,1564266580.6646466
