read,/oasis/scratch/comet/hrlee/temp_project/alchemlyb/perf/fsizes/32/0001/WORK/dhdl/dhdl.part0000.xvg,0,1,1564266583.987691,1564266584.0337775
read,/oasis/scratch/comet/hrlee/temp_project/alchemlyb/perf/fsizes/32/0003/WORK/dhdl/dhdl.part0008.xvg,28,1,1564266583.9877462,1564266584.0343962
read,/oasis/scratch/comet/hrlee/temp_project/alchemlyb/perf/fsizes/32/0006/WORK/dhdl/dhdl.part0006.xvg,56,1,1564266583.9880373,1564266584.0344121
read,/oasis/scratch/comet/hrlee/temp_project/alchemlyb/perf/fsizes/32/0008/WORK/dhdl/dhdl.part0000.xvg,70,1,1564266583.9881003,1564266584.0345366
read,/oasis/scratch/comet/hrlee/temp_project/alchemlyb/perf/fsizes/32/0013/WORK/dhdl/dhdl.part0006.xvg,126,1,1564266583.9886038,1564266584.0346992
read,/oasis/scratch/comet/hrlee/temp_project/alchemlyb/perf/fsizes/32/0015/WORK/dhdl/dhdl.part0000.xvg,140,1,1564266583.9887578,1564266584.0351837
read,/oasis/scratch/comet/hrlee/temp_project/alchemlyb/perf/fsizes/32/0005/WORK/dhdl/dhdl.part0002.xvg,42,1,1564266583.9878516,1564266584.0410588
read,/oasis/scratch/comet/hrlee/temp_project/alchemlyb/perf/fsizes/32/0002/WORK/dhdl/dhdl.part0004.xvg,14,1,1564266583.9876912,1564266584.0413384
read,/oasis/scratch/comet/hrlee/temp_project/alchemlyb/perf/fsizes/32/0012/WORK/dhdl/dhdl.part0002.xvg,112,1,1564266583.9884949,1564266584.042064
read,/oasis/scratch/comet/hrlee/temp_project/alchemlyb/perf/fsizes/32/0010/WORK/dhdl/dhdl.part0008.xvg,98,1,1564266583.988356,1564266584.0421755
read,/oasis/scratch/comet/hrlee/temp_project/alchemlyb/perf/fsizes/32/0004/WORK/dhdl/dhdl.part0005.xvg,35,1,1564266583.987852,1564266584.0444334
read,/oasis/scratch/comet/hrlee/temp_project/alchemlyb/perf/fsizes/32/0001/WORK/dhdl/dhdl.part0007.xvg,7,1,1564266583.9877353,1564266584.0443702
read,/oasis/scratch/comet/hrlee/temp_project/alchemlyb/perf/fsizes/32/0007/WORK/dhdl/dhdl.part0003.xvg,63,1,1564266583.988062,1564266584.0445118
read,/oasis/scratch/comet/hrlee/temp_project/alchemlyb/perf/fsizes/32/0009/WORK/dhdl/dhdl.part0004.xvg,84,1,1564266583.9882517,1564266584.0446603
read,/oasis/scratch/comet/hrlee/temp_project/alchemlyb/perf/fsizes/32/0012/WORK/dhdl/dhdl.part0009.xvg,119,1,1564266583.9885461,1564266584.0448952
read,/oasis/scratch/comet/hrlee/temp_project/alchemlyb/perf/fsizes/32/0008/WORK/dhdl/dhdl.part0007.xvg,77,1,1564266583.9881678,1564266584.0449018
read,/oasis/scratch/comet/hrlee/temp_project/alchemlyb/perf/fsizes/32/0010/WORK/dhdl/dhdl.part0001.xvg,91,1,1564266583.9883127,1564266584.0449104
read,/oasis/scratch/comet/hrlee/temp_project/alchemlyb/perf/fsizes/32/0005/WORK/dhdl/dhdl.part0009.xvg,49,1,1564266583.9879122,1564266584.0450804
read,/oasis/scratch/comet/hrlee/temp_project/alchemlyb/perf/fsizes/32/0014/WORK/dhdl/dhdl.part0003.xvg,133,1,1564266583.9886708,1564266584.0452251
read,/oasis/scratch/comet/hrlee/temp_project/alchemlyb/perf/fsizes/32/0011/WORK/dhdl/dhdl.part0005.xvg,105,1,1564266583.9884334,1564266584.0452824
read,/oasis/scratch/comet/hrlee/temp_project/alchemlyb/perf/fsizes/32/0003/WORK/dhdl/dhdl.part0001.xvg,21,1,1564266583.9877322,1564266584.0479496
read,/oasis/scratch/comet/hrlee/temp_project/alchemlyb/perf/fsizes/32/0015/WORK/dhdl/dhdl.part0007.xvg,147,1,1564266583.9984758,1564266584.0503862
read,/oasis/scratch/comet/hrlee/temp_project/alchemlyb/perf/fsizes/32/0017/WORK/dhdl/dhdl.part0001.xvg,161,1,1564266583.9986994,1564266584.0523102
read,/oasis/scratch/comet/hrlee/temp_project/alchemlyb/perf/fsizes/32/0016/WORK/dhdl/dhdl.part0004.xvg,154,1,1564266583.9985497,1564266584.052418
read,/oasis/scratch/comet/hrlee/temp_project/alchemlyb/perf/fsizes/32/0009/WORK/dhdl/dhdl.part0005.xvg,85,1,1564266584.0459707,1564266584.0849438
read,/oasis/scratch/comet/hrlee/temp_project/alchemlyb/perf/fsizes/32/0006/WORK/dhdl/dhdl.part0000.xvg,50,1,1564266584.0462155,1564266584.0855
read,/oasis/scratch/comet/hrlee/temp_project/alchemlyb/perf/fsizes/32/0007/WORK/dhdl/dhdl.part0004.xvg,64,1,1564266584.0459902,1564266584.086026
read,/oasis/scratch/comet/hrlee/temp_project/alchemlyb/perf/fsizes/32/0006/WORK/dhdl/dhdl.part0007.xvg,57,1,1564266584.035945,1564266584.086544
read,/oasis/scratch/comet/hrlee/temp_project/alchemlyb/perf/fsizes/32/0008/WORK/dhdl/dhdl.part0001.xvg,71,1,1564266584.036004,1564266584.0866253
read,/oasis/scratch/comet/hrlee/temp_project/alchemlyb/perf/fsizes/32/0001/WORK/dhdl/dhdl.part0001.xvg,1,1,1564266584.0359206,1564266584.0868044
read,/oasis/scratch/comet/hrlee/temp_project/alchemlyb/perf/fsizes/32/0003/WORK/dhdl/dhdl.part0009.xvg,29,1,1564266584.0359411,1564266584.0873177
read,/oasis/scratch/comet/hrlee/temp_project/alchemlyb/perf/fsizes/32/0013/WORK/dhdl/dhdl.part0007.xvg,127,1,1564266584.0360706,1564266584.0874488
read,/oasis/scratch/comet/hrlee/temp_project/alchemlyb/perf/fsizes/32/0015/WORK/dhdl/dhdl.part0001.xvg,141,1,1564266584.0366397,1564266584.0875618
read,/oasis/scratch/comet/hrlee/temp_project/alchemlyb/perf/fsizes/32/0015/WORK/dhdl/dhdl.part0008.xvg,148,1,1564266584.0520935,1564266584.094726
read,/oasis/scratch/comet/hrlee/temp_project/alchemlyb/perf/fsizes/32/0005/WORK/dhdl/dhdl.part0003.xvg,43,1,1564266584.0432246,1564266584.096781
read,/oasis/scratch/comet/hrlee/temp_project/alchemlyb/perf/fsizes/32/0012/WORK/dhdl/dhdl.part0003.xvg,113,1,1564266584.0437987,1564266584.0970404
read,/oasis/scratch/comet/hrlee/temp_project/alchemlyb/perf/fsizes/32/0010/WORK/dhdl/dhdl.part0009.xvg,99,1,1564266584.0437996,1564266584.0973253
read,/oasis/scratch/comet/hrlee/temp_project/alchemlyb/perf/fsizes/32/0002/WORK/dhdl/dhdl.part0005.xvg,15,1,1564266584.0432246,1564266584.0974817
read,/oasis/scratch/comet/hrlee/temp_project/alchemlyb/perf/fsizes/32/0004/WORK/dhdl/dhdl.part0006.xvg,36,1,1564266584.0459702,1564266584.1027799
read,/oasis/scratch/comet/hrlee/temp_project/alchemlyb/perf/fsizes/32/0013/WORK/dhdl/dhdl.part0000.xvg,120,1,1564266584.0462341,1564266584.1032336
read,/oasis/scratch/comet/hrlee/temp_project/alchemlyb/perf/fsizes/32/0010/WORK/dhdl/dhdl.part0002.xvg,92,1,1564266584.046242,1564266584.1038115
read,/oasis/scratch/comet/hrlee/temp_project/alchemlyb/perf/fsizes/32/0011/WORK/dhdl/dhdl.part0006.xvg,106,1,1564266584.0463269,1564266584.1039567
read,/oasis/scratch/comet/hrlee/temp_project/alchemlyb/perf/fsizes/32/0008/WORK/dhdl/dhdl.part0008.xvg,78,1,1564266584.04623,1564266584.1041203
read,/oasis/scratch/comet/hrlee/temp_project/alchemlyb/perf/fsizes/32/0001/WORK/dhdl/dhdl.part0008.xvg,8,1,1564266584.0489733,1564266584.1053128
read,/oasis/scratch/comet/hrlee/temp_project/alchemlyb/perf/fsizes/32/0017/WORK/dhdl/dhdl.part0002.xvg,162,1,1564266584.0542617,1564266584.1058795
read,/oasis/scratch/comet/hrlee/temp_project/alchemlyb/perf/fsizes/32/0014/WORK/dhdl/dhdl.part0004.xvg,134,1,1564266584.0489733,1564266584.1060708
read,/oasis/scratch/comet/hrlee/temp_project/alchemlyb/perf/fsizes/32/0016/WORK/dhdl/dhdl.part0005.xvg,155,1,1564266584.0542617,1564266584.1061187
read,/oasis/scratch/comet/hrlee/temp_project/alchemlyb/perf/fsizes/32/0003/WORK/dhdl/dhdl.part0002.xvg,22,1,1564266584.0604758,1564266584.106831
read,/oasis/scratch/comet/hrlee/temp_project/alchemlyb/perf/fsizes/32/0006/WORK/dhdl/dhdl.part0001.xvg,51,1,1564266584.0867589,1564266584.1259985
read,/oasis/scratch/comet/hrlee/temp_project/alchemlyb/perf/fsizes/32/0009/WORK/dhdl/dhdl.part0006.xvg,86,1,1564266584.0870242,1564266584.1278188
read,/oasis/scratch/comet/hrlee/temp_project/alchemlyb/perf/fsizes/32/0015/WORK/dhdl/dhdl.part0009.xvg,149,1,1564266584.096453,1564266584.1343093
read,/oasis/scratch/comet/hrlee/temp_project/alchemlyb/perf/fsizes/32/0013/WORK/dhdl/dhdl.part0008.xvg,128,1,1564266584.0883763,1564266584.136986
read,/oasis/scratch/comet/hrlee/temp_project/alchemlyb/perf/fsizes/32/0015/WORK/dhdl/dhdl.part0002.xvg,142,1,1564266584.096453,1564266584.1423867
read,/oasis/scratch/comet/hrlee/temp_project/alchemlyb/perf/fsizes/32/0003/WORK/dhdl/dhdl.part0003.xvg,23,1,1564266584.1078548,1564266584.1447027
read,/oasis/scratch/comet/hrlee/temp_project/alchemlyb/perf/fsizes/32/0006/WORK/dhdl/dhdl.part0008.xvg,58,1,1564266584.0878654,1564266584.1493118
read,/oasis/scratch/comet/hrlee/temp_project/alchemlyb/perf/fsizes/32/0008/WORK/dhdl/dhdl.part0002.xvg,72,1,1564266584.0878844,1564266584.1502314
read,/oasis/scratch/comet/hrlee/temp_project/alchemlyb/perf/fsizes/32/0001/WORK/dhdl/dhdl.part0002.xvg,2,1,1564266584.0878747,1564266584.1507044
read,/oasis/scratch/comet/hrlee/temp_project/alchemlyb/perf/fsizes/32/0004/WORK/dhdl/dhdl.part0000.xvg,30,1,1564266584.0883145,1564266584.150703
read,/oasis/scratch/comet/hrlee/temp_project/alchemlyb/perf/fsizes/32/0005/WORK/dhdl/dhdl.part0004.xvg,44,1,1564266584.0984488,1564266584.150746
read,/oasis/scratch/comet/hrlee/temp_project/alchemlyb/perf/fsizes/32/0002/WORK/dhdl/dhdl.part0006.xvg,16,1,1564266584.0984483,1564266584.1510592
read,/oasis/scratch/comet/hrlee/temp_project/alchemlyb/perf/fsizes/32/0007/WORK/dhdl/dhdl.part0005.xvg,65,1,1564266584.087889,1564266584.151013
read,/oasis/scratch/comet/hrlee/temp_project/alchemlyb/perf/fsizes/32/0011/WORK/dhdl/dhdl.part0000.xvg,100,1,1564266584.0984483,1564266584.151156
read,/oasis/scratch/comet/hrlee/temp_project/alchemlyb/perf/fsizes/32/0012/WORK/dhdl/dhdl.part0004.xvg,114,1,1564266584.0984514,1564266584.1545262
read,/oasis/scratch/comet/hrlee/temp_project/alchemlyb/perf/fsizes/32/0017/WORK/dhdl/dhdl.part0003.xvg,163,1,1564266584.107193,1564266584.1592386
read,/oasis/scratch/comet/hrlee/temp_project/alchemlyb/perf/fsizes/32/0016/WORK/dhdl/dhdl.part0006.xvg,156,1,1564266584.107193,1564266584.159792
read,/oasis/scratch/comet/hrlee/temp_project/alchemlyb/perf/fsizes/32/0004/WORK/dhdl/dhdl.part0007.xvg,37,1,1564266584.1043026,1564266584.1611524
read,/oasis/scratch/comet/hrlee/temp_project/alchemlyb/perf/fsizes/32/0013/WORK/dhdl/dhdl.part0001.xvg,121,1,1564266584.1046484,1564266584.161459
read,/oasis/scratch/comet/hrlee/temp_project/alchemlyb/perf/fsizes/32/0011/WORK/dhdl/dhdl.part0007.xvg,107,1,1564266584.1048622,1564266584.1617966
read,/oasis/scratch/comet/hrlee/temp_project/alchemlyb/perf/fsizes/32/0008/WORK/dhdl/dhdl.part0009.xvg,79,1,1564266584.1049814,1564266584.163358
read,/oasis/scratch/comet/hrlee/temp_project/alchemlyb/perf/fsizes/32/0010/WORK/dhdl/dhdl.part0003.xvg,93,1,1564266584.104861,1564266584.1636763
read,/oasis/scratch/comet/hrlee/temp_project/alchemlyb/perf/fsizes/32/0001/WORK/dhdl/dhdl.part0009.xvg,9,1,1564266584.1069038,1564266584.1679661
read,/oasis/scratch/comet/hrlee/temp_project/alchemlyb/perf/fsizes/32/0014/WORK/dhdl/dhdl.part0005.xvg,135,1,1564266584.1178367,1564266584.1781604
read,/oasis/scratch/comet/hrlee/temp_project/alchemlyb/perf/fsizes/32/0013/WORK/dhdl/dhdl.part0009.xvg,129,1,1564266584.139113,1564266584.1843224
read,/oasis/scratch/comet/hrlee/temp_project/alchemlyb/perf/fsizes/32/0006/WORK/dhdl/dhdl.part0002.xvg,52,1,1564266584.1276023,1564266584.1857467
read,/oasis/scratch/comet/hrlee/temp_project/alchemlyb/perf/fsizes/32/0009/WORK/dhdl/dhdl.part0007.xvg,87,1,1564266584.1292343,1564266584.1862957
read,/oasis/scratch/comet/hrlee/temp_project/alchemlyb/perf/fsizes/32/0005/WORK/dhdl/dhdl.part0005.xvg,45,1,1564266584.1516495,1564266584.186654
read,/oasis/scratch/comet/hrlee/temp_project/alchemlyb/perf/fsizes/32/0002/WORK/dhdl/dhdl.part0007.xvg,17,1,1564266584.1519396,1564266584.1868732
read,/oasis/scratch/comet/hrlee/temp_project/alchemlyb/perf/fsizes/32/0011/WORK/dhdl/dhdl.part0001.xvg,101,1,1564266584.1519969,1564266584.1876235
read,/oasis/scratch/comet/hrlee/temp_project/alchemlyb/perf/fsizes/32/0016/WORK/dhdl/dhdl.part0000.xvg,150,1,1564266584.135906,1564266584.1877909
read,/oasis/scratch/comet/hrlee/temp_project/alchemlyb/perf/fsizes/32/0015/WORK/dhdl/dhdl.part0003.xvg,143,1,1564266584.1443613,1564266584.197457
read,/oasis/scratch/comet/hrlee/temp_project/alchemlyb/perf/fsizes/32/0003/WORK/dhdl/dhdl.part0004.xvg,24,1,1564266584.146442,1564266584.2011735
read,/oasis/scratch/comet/hrlee/temp_project/alchemlyb/perf/fsizes/32/0006/WORK/dhdl/dhdl.part0009.xvg,59,1,1564266584.1509497,1564266584.210903
read,/oasis/scratch/comet/hrlee/temp_project/alchemlyb/perf/fsizes/32/0008/WORK/dhdl/dhdl.part0003.xvg,73,1,1564266584.1513057,1564266584.2127032
read,/oasis/scratch/comet/hrlee/temp_project/alchemlyb/perf/fsizes/32/0004/WORK/dhdl/dhdl.part0001.xvg,31,1,1564266584.1516864,1564266584.2128448
read,/oasis/scratch/comet/hrlee/temp_project/alchemlyb/perf/fsizes/32/0001/WORK/dhdl/dhdl.part0003.xvg,3,1,1564266584.1516936,1564266584.2130818
read,/oasis/scratch/comet/hrlee/temp_project/alchemlyb/perf/fsizes/32/0007/WORK/dhdl/dhdl.part0006.xvg,66,1,1564266584.151976,1564266584.213211
read,/oasis/scratch/comet/hrlee/temp_project/alchemlyb/perf/fsizes/32/0013/WORK/dhdl/dhdl.part0002.xvg,122,1,1564266584.162525,1564266584.2137136
read,/oasis/scratch/comet/hrlee/temp_project/alchemlyb/perf/fsizes/32/0004/WORK/dhdl/dhdl.part0008.xvg,38,1,1564266584.1625237,1564266584.2140062
read,/oasis/scratch/comet/hrlee/temp_project/alchemlyb/perf/fsizes/32/0011/WORK/dhdl/dhdl.part0008.xvg,108,1,1564266584.1628344,1564266584.214257
read,/oasis/scratch/comet/hrlee/temp_project/alchemlyb/perf/fsizes/32/0012/WORK/dhdl/dhdl.part0005.xvg,115,1,1564266584.1566386,1564266584.2159445
read,/oasis/scratch/comet/hrlee/temp_project/alchemlyb/perf/fsizes/32/0010/WORK/dhdl/dhdl.part0004.xvg,94,1,1564266584.16491,1564266584.2171862
read,/oasis/scratch/comet/hrlee/temp_project/alchemlyb/perf/fsizes/32/0009/WORK/dhdl/dhdl.part0000.xvg,80,1,1564266584.1649072,1564266584.2173574
read,/oasis/scratch/comet/hrlee/temp_project/alchemlyb/perf/fsizes/32/0002/WORK/dhdl/dhdl.part0000.xvg,10,1,1564266584.1697085,1564266584.2192197
read,/oasis/scratch/comet/hrlee/temp_project/alchemlyb/perf/fsizes/32/0016/WORK/dhdl/dhdl.part0007.xvg,157,1,1564266584.1611524,1564266584.2215035
read,/oasis/scratch/comet/hrlee/temp_project/alchemlyb/perf/fsizes/32/0017/WORK/dhdl/dhdl.part0004.xvg,164,1,1564266584.1611524,1564266584.2216299
read,/oasis/scratch/comet/hrlee/temp_project/alchemlyb/perf/fsizes/32/0014/WORK/dhdl/dhdl.part0006.xvg,136,1,1564266584.1800346,1564266584.2308288
read,/oasis/scratch/comet/hrlee/temp_project/alchemlyb/perf/fsizes/32/0016/WORK/dhdl/dhdl.part0001.xvg,151,1,1564266584.1889873,1564266584.2361348
read,/oasis/scratch/comet/hrlee/temp_project/alchemlyb/perf/fsizes/32/0006/WORK/dhdl/dhdl.part0003.xvg,53,1,1564266584.1870012,1564266584.237472
read,/oasis/scratch/comet/hrlee/temp_project/alchemlyb/perf/fsizes/32/0009/WORK/dhdl/dhdl.part0008.xvg,88,1,1564266584.1873345,1564266584.23854
read,/oasis/scratch/comet/hrlee/temp_project/alchemlyb/perf/fsizes/32/0014/WORK/dhdl/dhdl.part0000.xvg,130,1,1564266584.1862924,1564266584.243349
read,/oasis/scratch/comet/hrlee/temp_project/alchemlyb/perf/fsizes/32/0011/WORK/dhdl/dhdl.part0002.xvg,102,1,1564266584.188989,1564266584.2436872
read,/oasis/scratch/comet/hrlee/temp_project/alchemlyb/perf/fsizes/32/0005/WORK/dhdl/dhdl.part0006.xvg,46,1,1564266584.1877742,1564266584.2446373
read,/oasis/scratch/comet/hrlee/temp_project/alchemlyb/perf/fsizes/32/0002/WORK/dhdl/dhdl.part0008.xvg,18,1,1564266584.188035,1564266584.2446942
read,/oasis/scratch/comet/hrlee/temp_project/alchemlyb/perf/fsizes/32/0015/WORK/dhdl/dhdl.part0004.xvg,144,1,1564266584.199376,1564266584.252762
read,/oasis/scratch/comet/hrlee/temp_project/alchemlyb/perf/fsizes/32/0003/WORK/dhdl/dhdl.part0005.xvg,25,1,1564266584.203252,1564266584.2583177
read,/oasis/scratch/comet/hrlee/temp_project/alchemlyb/perf/fsizes/32/0013/WORK/dhdl/dhdl.part0003.xvg,123,1,1564266584.2148693,1564266584.262604
read,/oasis/scratch/comet/hrlee/temp_project/alchemlyb/perf/fsizes/32/0011/WORK/dhdl/dhdl.part0009.xvg,109,1,1564266584.215134,1564266584.2627923
read,/oasis/scratch/comet/hrlee/temp_project/alchemlyb/perf/fsizes/32/0007/WORK/dhdl/dhdl.part0000.xvg,60,1,1564266584.2128003,1564266584.2649527
read,/oasis/scratch/comet/hrlee/temp_project/alchemlyb/perf/fsizes/32/0001/WORK/dhdl/dhdl.part0004.xvg,4,1,1564266584.214,1564266584.2669148
read,/oasis/scratch/comet/hrlee/temp_project/alchemlyb/perf/fsizes/32/0008/WORK/dhdl/dhdl.part0004.xvg,74,1,1564266584.2140012,1564266584.26737
read,/oasis/scratch/comet/hrlee/temp_project/alchemlyb/perf/fsizes/32/0004/WORK/dhdl/dhdl.part0002.xvg,32,1,1564266584.2159927,1564266584.268091
read,/oasis/scratch/comet/hrlee/temp_project/alchemlyb/perf/fsizes/32/0007/WORK/dhdl/dhdl.part0007.xvg,67,1,1564266584.2141743,1564266584.2683244
read,/oasis/scratch/comet/hrlee/temp_project/alchemlyb/perf/fsizes/32/0004/WORK/dhdl/dhdl.part0009.xvg,39,1,1564266584.219674,1564266584.268948
read,/oasis/scratch/comet/hrlee/temp_project/alchemlyb/perf/fsizes/32/0010/WORK/dhdl/dhdl.part0005.xvg,95,1,1564266584.218493,1564266584.2699888
read,/oasis/scratch/comet/hrlee/temp_project/alchemlyb/perf/fsizes/32/0009/WORK/dhdl/dhdl.part0001.xvg,81,1,1564266584.2184901,1564266584.2707915
read,/oasis/scratch/comet/hrlee/temp_project/alchemlyb/perf/fsizes/32/0012/WORK/dhdl/dhdl.part0006.xvg,116,1,1564266584.2177103,1564266584.2712524
read,/oasis/scratch/comet/hrlee/temp_project/alchemlyb/perf/fsizes/32/0017/WORK/dhdl/dhdl.part0005.xvg,165,1,1564266584.2232332,1564266584.274403
read,/oasis/scratch/comet/hrlee/temp_project/alchemlyb/perf/fsizes/32/0016/WORK/dhdl/dhdl.part0008.xvg,158,1,1564266584.2232332,1564266584.2767017
read,/oasis/scratch/comet/hrlee/temp_project/alchemlyb/perf/fsizes/32/0002/WORK/dhdl/dhdl.part0001.xvg,11,1,1564266584.2313614,1564266584.2824981
read,/oasis/scratch/comet/hrlee/temp_project/alchemlyb/perf/fsizes/32/0014/WORK/dhdl/dhdl.part0007.xvg,137,1,1564266584.232112,1564266584.28412
read,/oasis/scratch/comet/hrlee/temp_project/alchemlyb/perf/fsizes/32/0016/WORK/dhdl/dhdl.part0002.xvg,152,1,1564266584.2378469,1564266584.2876863
read,/oasis/scratch/comet/hrlee/temp_project/alchemlyb/perf/fsizes/32/0006/WORK/dhdl/dhdl.part0004.xvg,54,1,1564266584.2388046,1564266584.2888691
read,/oasis/scratch/comet/hrlee/temp_project/alchemlyb/perf/fsizes/32/0009/WORK/dhdl/dhdl.part0009.xvg,89,1,1564266584.2400546,1564266584.2912824
read,/oasis/scratch/comet/hrlee/temp_project/alchemlyb/perf/fsizes/32/0011/WORK/dhdl/dhdl.part0003.xvg,103,1,1564266584.244904,1564266584.2979393
read,/oasis/scratch/comet/hrlee/temp_project/alchemlyb/perf/fsizes/32/0014/WORK/dhdl/dhdl.part0001.xvg,131,1,1564266584.244905,1564266584.3018627
read,/oasis/scratch/comet/hrlee/temp_project/alchemlyb/perf/fsizes/32/0005/WORK/dhdl/dhdl.part0007.xvg,47,1,1564266584.245982,1564266584.302464
read,/oasis/scratch/comet/hrlee/temp_project/alchemlyb/perf/fsizes/32/0002/WORK/dhdl/dhdl.part0009.xvg,19,1,1564266584.245982,1564266584.3034337
read,/oasis/scratch/comet/hrlee/temp_project/alchemlyb/perf/fsizes/32/0015/WORK/dhdl/dhdl.part0005.xvg,145,1,1564266584.2547183,1564266584.3047712
read,/oasis/scratch/comet/hrlee/temp_project/alchemlyb/perf/fsizes/32/0003/WORK/dhdl/dhdl.part0006.xvg,26,1,1564266584.2601645,1564266584.3108156
read,/oasis/scratch/comet/hrlee/temp_project/alchemlyb/perf/fsizes/32/0013/WORK/dhdl/dhdl.part0004.xvg,124,1,1564266584.2641695,1564266584.3134587
read,/oasis/scratch/comet/hrlee/temp_project/alchemlyb/perf/fsizes/32/0012/WORK/dhdl/dhdl.part0000.xvg,110,1,1564266584.2685251,1564266584.3157635
read,/oasis/scratch/comet/hrlee/temp_project/alchemlyb/perf/fsizes/32/0007/WORK/dhdl/dhdl.part0001.xvg,61,1,1564266584.266888,1564266584.3185666
read,/oasis/scratch/comet/hrlee/temp_project/alchemlyb/perf/fsizes/32/0008/WORK/dhdl/dhdl.part0005.xvg,75,1,1564266584.2684176,1564266584.3217099
read,/oasis/scratch/comet/hrlee/temp_project/alchemlyb/perf/fsizes/32/0001/WORK/dhdl/dhdl.part0005.xvg,5,1,1564266584.2684188,1564266584.3216634
read,/oasis/scratch/comet/hrlee/temp_project/alchemlyb/perf/fsizes/32/0004/WORK/dhdl/dhdl.part0003.xvg,33,1,1564266584.269112,1564266584.3219085
read,/oasis/scratch/comet/hrlee/temp_project/alchemlyb/perf/fsizes/32/0007/WORK/dhdl/dhdl.part0008.xvg,68,1,1564266584.2693632,1564266584.3234668
read,/oasis/scratch/comet/hrlee/temp_project/alchemlyb/perf/fsizes/32/0005/WORK/dhdl/dhdl.part0000.xvg,40,1,1564266584.2702131,1564266584.3235753
read,/oasis/scratch/comet/hrlee/temp_project/alchemlyb/perf/fsizes/32/0009/WORK/dhdl/dhdl.part0002.xvg,82,1,1564266584.2720802,1564266584.3263102
read,/oasis/scratch/comet/hrlee/temp_project/alchemlyb/perf/fsizes/32/0010/WORK/dhdl/dhdl.part0006.xvg,96,1,1564266584.2714207,1564266584.3263516
read,/oasis/scratch/comet/hrlee/temp_project/alchemlyb/perf/fsizes/32/0012/WORK/dhdl/dhdl.part0007.xvg,117,1,1564266584.272876,1564266584.3262985
read,/oasis/scratch/comet/hrlee/temp_project/alchemlyb/perf/fsizes/32/0017/WORK/dhdl/dhdl.part0006.xvg,166,1,1564266584.2762506,1564266584.327979
read,/oasis/scratch/comet/hrlee/temp_project/alchemlyb/perf/fsizes/32/0016/WORK/dhdl/dhdl.part0009.xvg,159,1,1564266584.278378,1564266584.3306859
read,/oasis/scratch/comet/hrlee/temp_project/alchemlyb/perf/fsizes/32/0002/WORK/dhdl/dhdl.part0002.xvg,12,1,1564266584.28412,1564266584.3398077
read,/oasis/scratch/comet/hrlee/temp_project/alchemlyb/perf/fsizes/32/0016/WORK/dhdl/dhdl.part0003.xvg,153,1,1564266584.289075,1564266584.339875
read,/oasis/scratch/comet/hrlee/temp_project/alchemlyb/perf/fsizes/32/0006/WORK/dhdl/dhdl.part0005.xvg,55,1,1564266584.2901397,1564266584.3407536
read,/oasis/scratch/comet/hrlee/temp_project/alchemlyb/perf/fsizes/32/0014/WORK/dhdl/dhdl.part0008.xvg,138,1,1564266584.285633,1564266584.3411648
read,/oasis/scratch/comet/hrlee/temp_project/alchemlyb/perf/fsizes/32/0010/WORK/dhdl/dhdl.part0000.xvg,90,1,1564266584.2930007,1564266584.3430657
read,/oasis/scratch/comet/hrlee/temp_project/alchemlyb/perf/fsizes/32/0011/WORK/dhdl/dhdl.part0004.xvg,104,1,1564266584.2998738,1564266584.3456655
read,/oasis/scratch/comet/hrlee/temp_project/alchemlyb/perf/fsizes/32/0014/WORK/dhdl/dhdl.part0002.xvg,132,1,1564266584.303609,1564266584.347745
read,/oasis/scratch/comet/hrlee/temp_project/alchemlyb/perf/fsizes/32/0005/WORK/dhdl/dhdl.part0008.xvg,48,1,1564266584.3038409,1564266584.348342
read,/oasis/scratch/comet/hrlee/temp_project/alchemlyb/perf/fsizes/32/0003/WORK/dhdl/dhdl.part0000.xvg,20,1,1564266584.3048146,1564266584.3487227
read,/oasis/scratch/comet/hrlee/temp_project/alchemlyb/perf/fsizes/32/0015/WORK/dhdl/dhdl.part0006.xvg,146,1,1564266584.3065689,1564266584.358769
read,/oasis/scratch/comet/hrlee/temp_project/alchemlyb/perf/fsizes/32/0013/WORK/dhdl/dhdl.part0005.xvg,125,1,1564266584.315121,1564266584.3669708
read,/oasis/scratch/comet/hrlee/temp_project/alchemlyb/perf/fsizes/32/0003/WORK/dhdl/dhdl.part0007.xvg,27,1,1564266584.3125105,1564266584.3671608
read,/oasis/scratch/comet/hrlee/temp_project/alchemlyb/perf/fsizes/32/0012/WORK/dhdl/dhdl.part0001.xvg,111,1,1564266584.317581,1564266584.3693206
read,/oasis/scratch/comet/hrlee/temp_project/alchemlyb/perf/fsizes/32/0007/WORK/dhdl/dhdl.part0002.xvg,62,1,1564266584.3202064,1564266584.371893
read,/oasis/scratch/comet/hrlee/temp_project/alchemlyb/perf/fsizes/32/0017/WORK/dhdl/dhdl.part0007.xvg,167,1,1564266584.3299627,1564266584.3722346
read,/oasis/scratch/comet/hrlee/temp_project/alchemlyb/perf/fsizes/32/0008/WORK/dhdl/dhdl.part0006.xvg,76,1,1564266584.3231823,1564266584.3770957
read,/oasis/scratch/comet/hrlee/temp_project/alchemlyb/perf/fsizes/32/0001/WORK/dhdl/dhdl.part0006.xvg,6,1,1564266584.3231823,1564266584.377987
read,/oasis/scratch/comet/hrlee/temp_project/alchemlyb/perf/fsizes/32/0004/WORK/dhdl/dhdl.part0004.xvg,34,1,1564266584.3231823,1564266584.3780913
read,/oasis/scratch/comet/hrlee/temp_project/alchemlyb/perf/fsizes/32/0005/WORK/dhdl/dhdl.part0001.xvg,41,1,1564266584.3252766,1564266584.3795693
read,/oasis/scratch/comet/hrlee/temp_project/alchemlyb/perf/fsizes/32/0007/WORK/dhdl/dhdl.part0009.xvg,69,1,1564266584.3253067,1564266584.3799758
read,/oasis/scratch/comet/hrlee/temp_project/alchemlyb/perf/fsizes/32/0012/WORK/dhdl/dhdl.part0008.xvg,118,1,1564266584.328019,1564266584.3823144
read,/oasis/scratch/comet/hrlee/temp_project/alchemlyb/perf/fsizes/32/0009/WORK/dhdl/dhdl.part0003.xvg,83,1,1564266584.3279164,1564266584.3827808
read,/oasis/scratch/comet/hrlee/temp_project/alchemlyb/perf/fsizes/32/0010/WORK/dhdl/dhdl.part0007.xvg,97,1,1564266584.3279183,1564266584.3827746
read,/oasis/scratch/comet/hrlee/temp_project/alchemlyb/perf/fsizes/32/0017/WORK/dhdl/dhdl.part0000.xvg,160,1,1564266584.3329964,1564266584.387959
read,/oasis/scratch/comet/hrlee/temp_project/alchemlyb/perf/fsizes/32/0018/WORK/dhdl/dhdl.part0005.xvg,175,1,1564266584.3420448,1564266584.3948624
read,/oasis/scratch/comet/hrlee/temp_project/alchemlyb/perf/fsizes/32/0002/WORK/dhdl/dhdl.part0003.xvg,13,1,1564266584.341466,1564266584.3951616
read,/oasis/scratch/comet/hrlee/temp_project/alchemlyb/perf/fsizes/32/0014/WORK/dhdl/dhdl.part0009.xvg,139,1,1564266584.342086,1564266584.3959954
read,/oasis/scratch/comet/hrlee/temp_project/alchemlyb/perf/fsizes/32/0017/WORK/dhdl/dhdl.part0008.xvg,168,1,1564266584.341497,1564266584.396065
read,/oasis/scratch/comet/hrlee/temp_project/alchemlyb/perf/fsizes/32/0019/WORK/dhdl/dhdl.part0002.xvg,182,1,1564266584.3452365,1564266584.397177
read,/oasis/scratch/comet/hrlee/temp_project/alchemlyb/perf/fsizes/32/0019/WORK/dhdl/dhdl.part0009.xvg,189,1,1564266584.348212,1564266584.4058983
read,/oasis/scratch/comet/hrlee/temp_project/alchemlyb/perf/fsizes/32/0020/WORK/dhdl/dhdl.part0006.xvg,196,1,1564266584.349623,1564266584.4059649
read,/oasis/scratch/comet/hrlee/temp_project/alchemlyb/perf/fsizes/32/0021/WORK/dhdl/dhdl.part0003.xvg,203,1,1564266584.349623,1564266584.4064424
read,/oasis/scratch/comet/hrlee/temp_project/alchemlyb/perf/fsizes/32/0022/WORK/dhdl/dhdl.part0000.xvg,210,1,1564266584.3500872,1564266584.4074328
read,/oasis/scratch/comet/hrlee/temp_project/alchemlyb/perf/fsizes/32/0022/WORK/dhdl/dhdl.part0007.xvg,217,1,1564266584.3613946,1564266584.4097779
read,/oasis/scratch/comet/hrlee/temp_project/alchemlyb/perf/fsizes/32/0024/WORK/dhdl/dhdl.part0001.xvg,231,1,1564266584.369064,1564266584.4193037
read,/oasis/scratch/comet/hrlee/temp_project/alchemlyb/perf/fsizes/32/0023/WORK/dhdl/dhdl.part0004.xvg,224,1,1564266584.369064,1564266584.4214008
read,/oasis/scratch/comet/hrlee/temp_project/alchemlyb/perf/fsizes/32/0024/WORK/dhdl/dhdl.part0008.xvg,238,1,1564266584.3716586,1564266584.4215877
read,/oasis/scratch/comet/hrlee/temp_project/alchemlyb/perf/fsizes/32/0026/WORK/dhdl/dhdl.part0002.xvg,252,1,1564266584.374141,1564266584.4235017
read,/oasis/scratch/comet/hrlee/temp_project/alchemlyb/perf/fsizes/32/0025/WORK/dhdl/dhdl.part0005.xvg,245,1,1564266584.374141,1564266584.4267633
read,/oasis/scratch/comet/hrlee/temp_project/alchemlyb/perf/fsizes/32/0026/WORK/dhdl/dhdl.part0009.xvg,259,1,1564266584.3791823,1564266584.429241
read,/oasis/scratch/comet/hrlee/temp_project/alchemlyb/perf/fsizes/32/0028/WORK/dhdl/dhdl.part0003.xvg,273,1,1564266584.3797011,1564266584.4298046
read,/oasis/scratch/comet/hrlee/temp_project/alchemlyb/perf/fsizes/32/0027/WORK/dhdl/dhdl.part0006.xvg,266,1,1564266584.3797019,1564266584.43059
read,/oasis/scratch/comet/hrlee/temp_project/alchemlyb/perf/fsizes/32/0029/WORK/dhdl/dhdl.part0000.xvg,280,1,1564266584.3818326,1564266584.4310386
read,/oasis/scratch/comet/hrlee/temp_project/alchemlyb/perf/fsizes/32/0029/WORK/dhdl/dhdl.part0007.xvg,287,1,1564266584.3819258,1564266584.4316404
read,/oasis/scratch/comet/hrlee/temp_project/alchemlyb/perf/fsizes/32/0030/WORK/dhdl/dhdl.part0004.xvg,294,1,1564266584.3845563,1564266584.433951
read,/oasis/scratch/comet/hrlee/temp_project/alchemlyb/perf/fsizes/32/0032/WORK/dhdl/dhdl.part0005.xvg,315,1,1564266584.3906474,1564266584.4366605
read,/oasis/scratch/comet/hrlee/temp_project/alchemlyb/perf/fsizes/32/0031/WORK/dhdl/dhdl.part0001.xvg,301,1,1564266584.3845527,1564266584.4395084
read,/oasis/scratch/comet/hrlee/temp_project/alchemlyb/perf/fsizes/32/0031/WORK/dhdl/dhdl.part0008.xvg,308,1,1564266584.3845527,1564266584.4396198
read,/oasis/scratch/comet/hrlee/temp_project/alchemlyb/perf/fsizes/32/0033/WORK/dhdl/dhdl.part0002.xvg,322,1,1564266584.3963487,1564266584.4460218
read,/oasis/scratch/comet/hrlee/temp_project/alchemlyb/perf/fsizes/32/0018/WORK/dhdl/dhdl.part0006.xvg,176,1,1564266584.3962264,1564266584.4461074
read,/oasis/scratch/comet/hrlee/temp_project/alchemlyb/perf/fsizes/32/0017/WORK/dhdl/dhdl.part0009.xvg,169,1,1564266584.396987,1564266584.4498992
read,/oasis/scratch/comet/hrlee/temp_project/alchemlyb/perf/fsizes/32/0019/WORK/dhdl/dhdl.part0003.xvg,183,1,1564266584.3987114,1564266584.4517837
read,/oasis/scratch/comet/hrlee/temp_project/alchemlyb/perf/fsizes/32/0033/WORK/dhdl/dhdl.part0009.xvg,329,1,1564266584.408029,1564266584.4589338
read,/oasis/scratch/comet/hrlee/temp_project/alchemlyb/perf/fsizes/32/0022/WORK/dhdl/dhdl.part0008.xvg,218,1,1564266584.4116418,1564266584.4627695
read,/oasis/scratch/comet/hrlee/temp_project/alchemlyb/perf/fsizes/32/0020/WORK/dhdl/dhdl.part0007.xvg,197,1,1564266584.4079533,1564266584.4661534
read,/oasis/scratch/comet/hrlee/temp_project/alchemlyb/perf/fsizes/32/0021/WORK/dhdl/dhdl.part0004.xvg,204,1,1564266584.4079533,1564266584.46704
read,/oasis/scratch/comet/hrlee/temp_project/alchemlyb/perf/fsizes/32/0020/WORK/dhdl/dhdl.part0000.xvg,190,1,1564266584.4079537,1564266584.4678671
read,/oasis/scratch/comet/hrlee/temp_project/alchemlyb/perf/fsizes/32/0022/WORK/dhdl/dhdl.part0001.xvg,211,1,1564266584.4088345,1564266584.4680643
read,/oasis/scratch/comet/hrlee/temp_project/alchemlyb/perf/fsizes/32/0024/WORK/dhdl/dhdl.part0002.xvg,232,1,1564266584.421188,1564266584.4715965
read,/oasis/scratch/comet/hrlee/temp_project/alchemlyb/perf/fsizes/32/0023/WORK/dhdl/dhdl.part0005.xvg,225,1,1564266584.422866,1564266584.4731643
read,/oasis/scratch/comet/hrlee/temp_project/alchemlyb/perf/fsizes/32/0026/WORK/dhdl/dhdl.part0003.xvg,253,1,1564266584.4253612,1564266584.4736416
read,/oasis/scratch/comet/hrlee/temp_project/alchemlyb/perf/fsizes/32/0024/WORK/dhdl/dhdl.part0009.xvg,239,1,1564266584.422866,1564266584.4757438
read,/oasis/scratch/comet/hrlee/temp_project/alchemlyb/perf/fsizes/32/0027/WORK/dhdl/dhdl.part0000.xvg,260,1,1564266584.4311879,1564266584.481547
read,/oasis/scratch/comet/hrlee/temp_project/alchemlyb/perf/fsizes/32/0028/WORK/dhdl/dhdl.part0004.xvg,274,1,1564266584.4312816,1564266584.481664
read,/oasis/scratch/comet/hrlee/temp_project/alchemlyb/perf/fsizes/32/0029/WORK/dhdl/dhdl.part0001.xvg,281,1,1564266584.4325485,1564266584.4822302
read,/oasis/scratch/comet/hrlee/temp_project/alchemlyb/perf/fsizes/32/0025/WORK/dhdl/dhdl.part0006.xvg,246,1,1564266584.4285862,1564266584.4834235
read,/oasis/scratch/comet/hrlee/temp_project/alchemlyb/perf/fsizes/32/0029/WORK/dhdl/dhdl.part0008.xvg,288,1,1564266584.4336483,1564266584.4838252
read,/oasis/scratch/comet/hrlee/temp_project/alchemlyb/perf/fsizes/32/0027/WORK/dhdl/dhdl.part0007.xvg,267,1,1564266584.4317718,1564266584.4858823
read,/oasis/scratch/comet/hrlee/temp_project/alchemlyb/perf/fsizes/32/0030/WORK/dhdl/dhdl.part0005.xvg,295,1,1564266584.4361055,1564266584.4881973
read,/oasis/scratch/comet/hrlee/temp_project/alchemlyb/perf/fsizes/32/0032/WORK/dhdl/dhdl.part0006.xvg,316,1,1564266584.4387467,1564266584.4897125
read,/oasis/scratch/comet/hrlee/temp_project/alchemlyb/perf/fsizes/32/0031/WORK/dhdl/dhdl.part0009.xvg,309,1,1564266584.441133,1564266584.4967694
read,/oasis/scratch/comet/hrlee/temp_project/alchemlyb/perf/fsizes/32/0031/WORK/dhdl/dhdl.part0002.xvg,302,1,1564266584.441133,1564266584.4970236
read,/oasis/scratch/comet/hrlee/temp_project/alchemlyb/perf/fsizes/32/0018/WORK/dhdl/dhdl.part0007.xvg,177,1,1564266584.447454,1564266584.4986193
read,/oasis/scratch/comet/hrlee/temp_project/alchemlyb/perf/fsizes/32/0033/WORK/dhdl/dhdl.part0003.xvg,323,1,1564266584.4475927,1564266584.498917
read,/oasis/scratch/comet/hrlee/temp_project/alchemlyb/perf/fsizes/32/0018/WORK/dhdl/dhdl.part0000.xvg,170,1,1564266584.4518368,1564266584.5055609
read,/oasis/scratch/comet/hrlee/temp_project/alchemlyb/perf/fsizes/32/0019/WORK/dhdl/dhdl.part0004.xvg,184,1,1564266584.4535062,1564266584.50729
read,/oasis/scratch/comet/hrlee/temp_project/alchemlyb/perf/fsizes/32/0034/WORK/dhdl/dhdl.part0000.xvg,330,1,1564266584.4607642,1564266584.5100784
read,/oasis/scratch/comet/hrlee/temp_project/alchemlyb/perf/fsizes/32/0022/WORK/dhdl/dhdl.part0009.xvg,219,1,1564266584.4646738,1564266584.5147374
read,/oasis/scratch/comet/hrlee/temp_project/alchemlyb/perf/fsizes/32/0020/WORK/dhdl/dhdl.part0008.xvg,198,1,1564266584.4678674,1564266584.5174246
read,/oasis/scratch/comet/hrlee/temp_project/alchemlyb/perf/fsizes/32/0024/WORK/dhdl/dhdl.part0003.xvg,233,1,1564266584.4734223,1564266584.521109
read,/oasis/scratch/comet/hrlee/temp_project/alchemlyb/perf/fsizes/32/0023/WORK/dhdl/dhdl.part0006.xvg,226,1,1564266584.4746728,1564266584.5214465
read,/oasis/scratch/comet/hrlee/temp_project/alchemlyb/perf/fsizes/32/0021/WORK/dhdl/dhdl.part0005.xvg,205,1,1564266584.4684122,1564266584.521438
read,/oasis/scratch/comet/hrlee/temp_project/alchemlyb/perf/fsizes/32/0025/WORK/dhdl/dhdl.part0000.xvg,240,1,1564266584.4774938,1564266584.5248966
read,/oasis/scratch/comet/hrlee/temp_project/alchemlyb/perf/fsizes/32/0026/WORK/dhdl/dhdl.part0004.xvg,254,1,1564266584.4753296,1564266584.5263493
read,/oasis/scratch/comet/hrlee/temp_project/alchemlyb/perf/fsizes/32/0029/WORK/dhdl/dhdl.part0002.xvg,282,1,1564266584.4838316,1564266584.527773
read,/oasis/scratch/comet/hrlee/temp_project/alchemlyb/perf/fsizes/32/0020/WORK/dhdl/dhdl.part0001.xvg,191,1,1564266584.4692183,1564266584.5278482
read,/oasis/scratch/comet/hrlee/temp_project/alchemlyb/perf/fsizes/32/0022/WORK/dhdl/dhdl.part0002.xvg,212,1,1564266584.4692218,1564266584.5282147
read,/oasis/scratch/comet/hrlee/temp_project/alchemlyb/perf/fsizes/32/0028/WORK/dhdl/dhdl.part0005.xvg,275,1,1564266584.483511,1564266584.534584
read,/oasis/scratch/comet/hrlee/temp_project/alchemlyb/perf/fsizes/32/0027/WORK/dhdl/dhdl.part0001.xvg,261,1,1564266584.4835105,1564266584.5346508
read,/oasis/scratch/comet/hrlee/temp_project/alchemlyb/perf/fsizes/32/0029/WORK/dhdl/dhdl.part0009.xvg,289,1,1564266584.4851193,1564266584.5360994
read,/oasis/scratch/comet/hrlee/temp_project/alchemlyb/perf/fsizes/32/0027/WORK/dhdl/dhdl.part0008.xvg,268,1,1564266584.487613,1564266584.5381143
read,/oasis/scratch/comet/hrlee/temp_project/alchemlyb/perf/fsizes/32/0025/WORK/dhdl/dhdl.part0007.xvg,247,1,1564266584.4847417,1564266584.5394292
read,/oasis/scratch/comet/hrlee/temp_project/alchemlyb/perf/fsizes/32/0030/WORK/dhdl/dhdl.part0006.xvg,296,1,1564266584.4899888,1564266584.54233
read,/oasis/scratch/comet/hrlee/temp_project/alchemlyb/perf/fsizes/32/0032/WORK/dhdl/dhdl.part0007.xvg,317,1,1564266584.4914289,1564266584.5427415
read,/oasis/scratch/comet/hrlee/temp_project/alchemlyb/perf/fsizes/32/0018/WORK/dhdl/dhdl.part0008.xvg,178,1,1564266584.4999084,1564266584.5436363
read,/oasis/scratch/comet/hrlee/temp_project/alchemlyb/perf/fsizes/32/0033/WORK/dhdl/dhdl.part0004.xvg,324,1,1564266584.506191,1564266584.5516584
read,/oasis/scratch/comet/hrlee/temp_project/alchemlyb/perf/fsizes/32/0031/WORK/dhdl/dhdl.part0003.xvg,303,1,1564266584.4982166,1564266584.5521257
read,/oasis/scratch/comet/hrlee/temp_project/alchemlyb/perf/fsizes/32/0032/WORK/dhdl/dhdl.part0000.xvg,310,1,1564266584.498219,1564266584.5523539
read,/oasis/scratch/comet/hrlee/temp_project/alchemlyb/perf/fsizes/32/0018/WORK/dhdl/dhdl.part0001.xvg,171,1,1564266584.5071108,1564266584.5587842
read,/oasis/scratch/comet/hrlee/temp_project/alchemlyb/perf/fsizes/32/0019/WORK/dhdl/dhdl.part0005.xvg,185,1,1564266584.5089035,1564266584.5653667
read,/oasis/scratch/comet/hrlee/temp_project/alchemlyb/perf/fsizes/32/0034/WORK/dhdl/dhdl.part0001.xvg,331,1,1564266584.5118494,1564266584.5657864
read,/oasis/scratch/comet/hrlee/temp_project/alchemlyb/perf/fsizes/32/0020/WORK/dhdl/dhdl.part0009.xvg,199,1,1564266584.5192463,1564266584.5689197
read,/oasis/scratch/comet/hrlee/temp_project/alchemlyb/perf/fsizes/32/0023/WORK/dhdl/dhdl.part0000.xvg,220,1,1564266584.5166008,1564266584.570402
read,/oasis/scratch/comet/hrlee/temp_project/alchemlyb/perf/fsizes/32/0021/WORK/dhdl/dhdl.part0006.xvg,206,1,1564266584.5230687,1564266584.573574
read,/oasis/scratch/comet/hrlee/temp_project/alchemlyb/perf/fsizes/32/0023/WORK/dhdl/dhdl.part0007.xvg,227,1,1564266584.5224726,1564266584.574666
read,/oasis/scratch/comet/hrlee/temp_project/alchemlyb/perf/fsizes/32/0025/WORK/dhdl/dhdl.part0001.xvg,241,1,1564266584.5263505,1564266584.5748515
read,/oasis/scratch/comet/hrlee/temp_project/alchemlyb/perf/fsizes/32/0029/WORK/dhdl/dhdl.part0003.xvg,283,1,1564266584.5291378,1564266584.5771518
read,/oasis/scratch/comet/hrlee/temp_project/alchemlyb/perf/fsizes/32/0024/WORK/dhdl/dhdl.part0004.xvg,234,1,1564266584.5327554,1564266584.5794003
read,/oasis/scratch/comet/hrlee/temp_project/alchemlyb/perf/fsizes/32/0026/WORK/dhdl/dhdl.part0005.xvg,255,1,1564266584.5280788,1564266584.5796046
read,/oasis/scratch/comet/hrlee/temp_project/alchemlyb/perf/fsizes/32/0020/WORK/dhdl/dhdl.part0002.xvg,192,1,1564266584.529138,1564266584.5803993
read,/oasis/scratch/comet/hrlee/temp_project/alchemlyb/perf/fsizes/32/0022/WORK/dhdl/dhdl.part0003.xvg,213,1,1564266584.529387,1564266584.5835345
read,/oasis/scratch/comet/hrlee/temp_project/alchemlyb/perf/fsizes/32/0028/WORK/dhdl/dhdl.part0006.xvg,276,1,1564266584.5361173,1564266584.5865245
read,/oasis/scratch/comet/hrlee/temp_project/alchemlyb/perf/fsizes/32/0027/WORK/dhdl/dhdl.part0002.xvg,262,1,1564266584.5361178,1564266584.5872488
read,/oasis/scratch/comet/hrlee/temp_project/alchemlyb/perf/fsizes/32/0030/WORK/dhdl/dhdl.part0000.xvg,290,1,1564266584.537799,1564266584.5883179
read,/oasis/scratch/comet/hrlee/temp_project/alchemlyb/perf/fsizes/32/0027/WORK/dhdl/dhdl.part0009.xvg,269,1,1564266584.539689,1564266584.59019
read,/oasis/scratch/comet/hrlee/temp_project/alchemlyb/perf/fsizes/32/0018/WORK/dhdl/dhdl.part0009.xvg,179,1,1564266584.5451248,1564266584.5917726
read,/oasis/scratch/comet/hrlee/temp_project/alchemlyb/perf/fsizes/32/0025/WORK/dhdl/dhdl.part0008.xvg,248,1,1564266584.540782,1564266584.5941653
read,/oasis/scratch/comet/hrlee/temp_project/alchemlyb/perf/fsizes/32/0032/WORK/dhdl/dhdl.part0008.xvg,318,1,1564266584.5439954,1564266584.5951843
read,/oasis/scratch/comet/hrlee/temp_project/alchemlyb/perf/fsizes/32/0030/WORK/dhdl/dhdl.part0007.xvg,297,1,1564266584.5439954,1564266584.5965416
read,/oasis/scratch/comet/hrlee/temp_project/alchemlyb/perf/fsizes/32/0033/WORK/dhdl/dhdl.part0005.xvg,325,1,1564266584.553093,1564266584.598368
read,/oasis/scratch/comet/hrlee/temp_project/alchemlyb/perf/fsizes/32/0031/WORK/dhdl/dhdl.part0004.xvg,304,1,1564266584.5531597,1564266584.6015701
read,/oasis/scratch/comet/hrlee/temp_project/alchemlyb/perf/fsizes/32/0032/WORK/dhdl/dhdl.part0001.xvg,311,1,1564266584.5532584,1564266584.6022973
read,/oasis/scratch/comet/hrlee/temp_project/alchemlyb/perf/fsizes/32/0018/WORK/dhdl/dhdl.part0002.xvg,172,1,1564266584.5604703,1564266584.60417
read,/oasis/scratch/comet/hrlee/temp_project/alchemlyb/perf/fsizes/32/0019/WORK/dhdl/dhdl.part0006.xvg,186,1,1564266584.5668547,1564266584.6089735
read,/oasis/scratch/comet/hrlee/temp_project/alchemlyb/perf/fsizes/32/0023/WORK/dhdl/dhdl.part0001.xvg,221,1,1564266584.5718215,1564266584.6215444
read,/oasis/scratch/comet/hrlee/temp_project/alchemlyb/perf/fsizes/32/0021/WORK/dhdl/dhdl.part0000.xvg,200,1,1564266584.5708103,1564266584.6232438
read,/oasis/scratch/comet/hrlee/temp_project/alchemlyb/perf/fsizes/32/0034/WORK/dhdl/dhdl.part0002.xvg,332,1,1564266584.575213,1564266584.6233532
read,/oasis/scratch/comet/hrlee/temp_project/alchemlyb/perf/fsizes/32/0021/WORK/dhdl/dhdl.part0007.xvg,207,1,1564266584.575452,1564266584.6260247
read,/oasis/scratch/comet/hrlee/temp_project/alchemlyb/perf/fsizes/32/0024/WORK/dhdl/dhdl.part0005.xvg,235,1,1564266584.5807576,1564266584.6270242
read,/oasis/scratch/comet/hrlee/temp_project/alchemlyb/perf/fsizes/32/0029/WORK/dhdl/dhdl.part0004.xvg,284,1,1564266584.5786338,1564266584.6285832
read,/oasis/scratch/comet/hrlee/temp_project/alchemlyb/perf/fsizes/32/0026/WORK/dhdl/dhdl.part0006.xvg,256,1,1564266584.580907,1564266584.6320977
read,/oasis/scratch/comet/hrlee/temp_project/alchemlyb/perf/fsizes/32/0020/WORK/dhdl/dhdl.part0003.xvg,193,1,1564266584.5816293,1564266584.633399
read,/oasis/scratch/comet/hrlee/temp_project/alchemlyb/perf/fsizes/32/0025/WORK/dhdl/dhdl.part0002.xvg,242,1,1564266584.5866952,1564266584.6380026
read,/oasis/scratch/comet/hrlee/temp_project/alchemlyb/perf/fsizes/32/0022/WORK/dhdl/dhdl.part0004.xvg,214,1,1564266584.5851626,1564266584.6391454
read,/oasis/scratch/comet/hrlee/temp_project/alchemlyb/perf/fsizes/32/0028/WORK/dhdl/dhdl.part0007.xvg,277,1,1564266584.587984,1564266584.6392827
read,/oasis/scratch/comet/hrlee/temp_project/alchemlyb/perf/fsizes/32/0027/WORK/dhdl/dhdl.part0003.xvg,263,1,1564266584.5884578,1564266584.6394446
read,/oasis/scratch/comet/hrlee/temp_project/alchemlyb/perf/fsizes/32/0019/WORK/dhdl/dhdl.part0000.xvg,180,1,1564266584.5931964,1564266584.640556
read,/oasis/scratch/comet/hrlee/temp_project/alchemlyb/perf/fsizes/32/0030/WORK/dhdl/dhdl.part0001.xvg,291,1,1564266584.5898304,1564266584.6411223
read,/oasis/scratch/comet/hrlee/temp_project/alchemlyb/perf/fsizes/32/0028/WORK/dhdl/dhdl.part0000.xvg,270,1,1564266584.5918288,1564266584.6423872
read,/oasis/scratch/comet/hrlee/temp_project/alchemlyb/perf/fsizes/32/0023/WORK/dhdl/dhdl.part0008.xvg,228,1,1564266584.576085,1564266584.6453364
read,/oasis/scratch/comet/hrlee/temp_project/alchemlyb/perf/fsizes/32/0025/WORK/dhdl/dhdl.part0009.xvg,249,1,1564266584.5957544,1564266584.6481116
read,/oasis/scratch/comet/hrlee/temp_project/alchemlyb/perf/fsizes/32/0032/WORK/dhdl/dhdl.part0009.xvg,319,1,1564266584.5965605,1564266584.6481843
read,/oasis/scratch/comet/hrlee/temp_project/alchemlyb/perf/fsizes/32/0033/WORK/dhdl/dhdl.part0006.xvg,326,1,1564266584.5997374,1564266584.648757
read,/oasis/scratch/comet/hrlee/temp_project/alchemlyb/perf/fsizes/32/0030/WORK/dhdl/dhdl.part0008.xvg,298,1,1564266584.598191,1564266584.6495388
read,/oasis/scratch/comet/hrlee/temp_project/alchemlyb/perf/fsizes/32/0031/WORK/dhdl/dhdl.part0005.xvg,305,1,1564266584.602949,1564266584.6560314
read,/oasis/scratch/comet/hrlee/temp_project/alchemlyb/perf/fsizes/32/0018/WORK/dhdl/dhdl.part0003.xvg,173,1,1564266584.6056259,1564266584.6562302
read,/oasis/scratch/comet/hrlee/temp_project/alchemlyb/perf/fsizes/32/0032/WORK/dhdl/dhdl.part0002.xvg,312,1,1564266584.6034467,1564266584.656991
read,/oasis/scratch/comet/hrlee/temp_project/alchemlyb/perf/fsizes/32/0019/WORK/dhdl/dhdl.part0007.xvg,187,1,1564266584.610619,1564266584.6614518
read,/oasis/scratch/comet/hrlee/temp_project/alchemlyb/perf/fsizes/32/0021/WORK/dhdl/dhdl.part0001.xvg,201,1,1564266584.625039,1564266584.6736424
read,/oasis/scratch/comet/hrlee/temp_project/alchemlyb/perf/fsizes/32/0026/WORK/dhdl/dhdl.part0007.xvg,257,1,1564266584.6341174,1564266584.676916
read,/oasis/scratch/comet/hrlee/temp_project/alchemlyb/perf/fsizes/32/0021/WORK/dhdl/dhdl.part0008.xvg,208,1,1564266584.6280682,1564266584.6770997
read,/oasis/scratch/comet/hrlee/temp_project/alchemlyb/perf/fsizes/32/0020/WORK/dhdl/dhdl.part0004.xvg,194,1,1564266584.6350222,1564266584.6773477
read,/oasis/scratch/comet/hrlee/temp_project/alchemlyb/perf/fsizes/32/0023/WORK/dhdl/dhdl.part0002.xvg,222,1,1564266584.623452,1564266584.6800246
read,/oasis/scratch/comet/hrlee/temp_project/alchemlyb/perf/fsizes/32/0034/WORK/dhdl/dhdl.part0003.xvg,333,1,1564266584.6250644,1564266584.6812668
read,/oasis/scratch/comet/hrlee/temp_project/alchemlyb/perf/fsizes/32/0028/WORK/dhdl/dhdl.part0008.xvg,278,1,1564266584.6404915,1564266584.6818604
read,/oasis/scratch/comet/hrlee/temp_project/alchemlyb/perf/fsizes/32/0024/WORK/dhdl/dhdl.part0006.xvg,236,1,1564266584.6284716,1564266584.683335
read,/oasis/scratch/comet/hrlee/temp_project/alchemlyb/perf/fsizes/32/0029/WORK/dhdl/dhdl.part0005.xvg,285,1,1564266584.630149,1564266584.6860223
read,/oasis/scratch/comet/hrlee/temp_project/alchemlyb/perf/fsizes/32/0028/WORK/dhdl/dhdl.part0001.xvg,271,1,1564266584.6439104,1564266584.6864734
read,/oasis/scratch/comet/hrlee/temp_project/alchemlyb/perf/fsizes/32/0025/WORK/dhdl/dhdl.part0003.xvg,243,1,1564266584.6397943,1564266584.6936853
read,/oasis/scratch/comet/hrlee/temp_project/alchemlyb/perf/fsizes/32/0027/WORK/dhdl/dhdl.part0004.xvg,264,1,1564266584.6404915,1564266584.6949534
read,/oasis/scratch/comet/hrlee/temp_project/alchemlyb/perf/fsizes/32/0019/WORK/dhdl/dhdl.part0001.xvg,181,1,1564266584.6419895,1564266584.6954572
read,/oasis/scratch/comet/hrlee/temp_project/alchemlyb/perf/fsizes/32/0022/WORK/dhdl/dhdl.part0005.xvg,215,1,1564266584.6404915,1564266584.696132
read,/oasis/scratch/comet/hrlee/temp_project/alchemlyb/perf/fsizes/32/0030/WORK/dhdl/dhdl.part0002.xvg,292,1,1564266584.6429346,1564266584.6974099
read,/oasis/scratch/comet/hrlee/temp_project/alchemlyb/perf/fsizes/32/0023/WORK/dhdl/dhdl.part0009.xvg,229,1,1564266584.6469016,1564266584.6989336
read,/oasis/scratch/comet/hrlee/temp_project/alchemlyb/perf/fsizes/32/0033/WORK/dhdl/dhdl.part0007.xvg,327,1,1564266584.6499715,1564266584.7023227
read,/oasis/scratch/comet/hrlee/temp_project/alchemlyb/perf/fsizes/32/0026/WORK/dhdl/dhdl.part0000.xvg,250,1,1564266584.649759,1564266584.7033792
read,/oasis/scratch/comet/hrlee/temp_project/alchemlyb/perf/fsizes/32/0030/WORK/dhdl/dhdl.part0009.xvg,299,1,1564266584.6510043,1564266584.7037058
read,/oasis/scratch/comet/hrlee/temp_project/alchemlyb/perf/fsizes/32/0033/WORK/dhdl/dhdl.part0000.xvg,320,1,1564266584.6497538,1564266584.7044232
read,/oasis/scratch/comet/hrlee/temp_project/alchemlyb/perf/fsizes/32/0018/WORK/dhdl/dhdl.part0004.xvg,174,1,1564266584.6575727,1564266584.7118738
read,/oasis/scratch/comet/hrlee/temp_project/alchemlyb/perf/fsizes/32/0031/WORK/dhdl/dhdl.part0006.xvg,306,1,1564266584.6575727,1564266584.7121742
read,/oasis/scratch/comet/hrlee/temp_project/alchemlyb/perf/fsizes/32/0032/WORK/dhdl/dhdl.part0003.xvg,313,1,1564266584.658371,1564266584.7131262
read,/oasis/scratch/comet/hrlee/temp_project/alchemlyb/perf/fsizes/32/0019/WORK/dhdl/dhdl.part0008.xvg,188,1,1564266584.6630888,1564266584.7156296
read,/oasis/scratch/comet/hrlee/temp_project/alchemlyb/perf/fsizes/32/0026/WORK/dhdl/dhdl.part0008.xvg,258,1,1564266584.6787758,1564266584.7273684
read,/oasis/scratch/comet/hrlee/temp_project/alchemlyb/perf/fsizes/32/0021/WORK/dhdl/dhdl.part0002.xvg,202,1,1564266584.6756501,1564266584.7275205
read,/oasis/scratch/comet/hrlee/temp_project/alchemlyb/perf/fsizes/32/0028/WORK/dhdl/dhdl.part0009.xvg,279,1,1564266584.6834583,1564266584.730709
read,/oasis/scratch/comet/hrlee/temp_project/alchemlyb/perf/fsizes/32/0021/WORK/dhdl/dhdl.part0009.xvg,209,1,1564266584.6787758,1564266584.731689
read,/oasis/scratch/comet/hrlee/temp_project/alchemlyb/perf/fsizes/32/0020/WORK/dhdl/dhdl.part0005.xvg,195,1,1564266584.6787758,1564266584.731926
read,/oasis/scratch/comet/hrlee/temp_project/alchemlyb/perf/fsizes/32/0028/WORK/dhdl/dhdl.part0002.xvg,272,1,1564266584.6879175,1564266584.7327724
read,/oasis/scratch/comet/hrlee/temp_project/alchemlyb/perf/fsizes/32/0023/WORK/dhdl/dhdl.part0003.xvg,223,1,1564266584.6817582,1564266584.7370772
read,/oasis/scratch/comet/hrlee/temp_project/alchemlyb/perf/fsizes/32/0034/WORK/dhdl/dhdl.part0004.xvg,334,1,1564266584.6825945,1564266584.7391782
read,/oasis/scratch/comet/hrlee/temp_project/alchemlyb/perf/fsizes/32/0024/WORK/dhdl/dhdl.part0007.xvg,237,1,1564266584.6847682,1564266584.7394404
read,/oasis/scratch/comet/hrlee/temp_project/alchemlyb/perf/fsizes/32/0029/WORK/dhdl/dhdl.part0006.xvg,286,1,1564266584.6877246,1564266584.741691
read,/oasis/scratch/comet/hrlee/temp_project/alchemlyb/perf/fsizes/32/0025/WORK/dhdl/dhdl.part0004.xvg,244,1,1564266584.6954618,1564266584.7484322
read,/oasis/scratch/comet/hrlee/temp_project/alchemlyb/perf/fsizes/32/0027/WORK/dhdl/dhdl.part0005.xvg,265,1,1564266584.6966505,1564266584.7507427
read,/oasis/scratch/comet/hrlee/temp_project/alchemlyb/perf/fsizes/32/0034/WORK/dhdl/dhdl.part0006.xvg,336,1,1564266584.697113,1564266584.7508368
read,/oasis/scratch/comet/hrlee/temp_project/alchemlyb/perf/fsizes/32/0022/WORK/dhdl/dhdl.part0006.xvg,216,1,1564266584.6975563,1564266584.7510078
read,/oasis/scratch/comet/hrlee/temp_project/alchemlyb/perf/fsizes/32/0031/WORK/dhdl/dhdl.part0000.xvg,300,1,1564266584.7047627,1564266584.752148
read,/oasis/scratch/comet/hrlee/temp_project/alchemlyb/perf/fsizes/32/0024/WORK/dhdl/dhdl.part0000.xvg,230,1,1564266584.7005053,1564266584.7526145
read,/oasis/scratch/comet/hrlee/temp_project/alchemlyb/perf/fsizes/32/0030/WORK/dhdl/dhdl.part0003.xvg,293,1,1564266584.699305,1564266584.7527263
read,/oasis/scratch/comet/hrlee/temp_project/alchemlyb/perf/fsizes/32/0033/WORK/dhdl/dhdl.part0008.xvg,328,1,1564266584.7039702,1564266584.7558827
read,/oasis/scratch/comet/hrlee/temp_project/alchemlyb/perf/fsizes/32/0026/WORK/dhdl/dhdl.part0001.xvg,251,1,1564266584.7047567,1564266584.7567325
read,/oasis/scratch/comet/hrlee/temp_project/alchemlyb/perf/fsizes/32/0033/WORK/dhdl/dhdl.part0001.xvg,321,1,1564266584.7055964,1564266584.7579365
read,/oasis/scratch/comet/hrlee/temp_project/alchemlyb/perf/fsizes/32/0031/WORK/dhdl/dhdl.part0007.xvg,307,1,1564266584.7134817,1564266584.76662
read,/oasis/scratch/comet/hrlee/temp_project/alchemlyb/perf/fsizes/32/0035/WORK/dhdl/dhdl.part0003.xvg,343,1,1564266584.7135177,1564266584.7666993
read,/oasis/scratch/comet/hrlee/temp_project/alchemlyb/perf/fsizes/32/0032/WORK/dhdl/dhdl.part0004.xvg,314,1,1564266584.7145097,1564266584.7676115
read,/oasis/scratch/comet/hrlee/temp_project/alchemlyb/perf/fsizes/32/0036/WORK/dhdl/dhdl.part0000.xvg,350,1,1564266584.717649,1564266584.769763
read,/oasis/scratch/comet/hrlee/temp_project/alchemlyb/perf/fsizes/32/0039/WORK/dhdl/dhdl.part0005.xvg,385,1,1564266584.7333379,1564266584.782014
read,/oasis/scratch/comet/hrlee/temp_project/alchemlyb/perf/fsizes/32/0040/WORK/dhdl/dhdl.part0002.xvg,392,1,1564266584.7343771,1564266584.7828512
read,/oasis/scratch/comet/hrlee/temp_project/alchemlyb/perf/fsizes/32/0036/WORK/dhdl/dhdl.part0007.xvg,357,1,1564266584.7291772,1564266584.7854478
read,/oasis/scratch/comet/hrlee/temp_project/alchemlyb/perf/fsizes/32/0037/WORK/dhdl/dhdl.part0004.xvg,364,1,1564266584.7291772,1564266584.7854478
read,/oasis/scratch/comet/hrlee/temp_project/alchemlyb/perf/fsizes/32/0038/WORK/dhdl/dhdl.part0001.xvg,371,1,1564266584.7327328,1564266584.7893717
read,/oasis/scratch/comet/hrlee/temp_project/alchemlyb/perf/fsizes/32/0038/WORK/dhdl/dhdl.part0008.xvg,378,1,1564266584.7333565,1564266584.789892
read,/oasis/scratch/comet/hrlee/temp_project/alchemlyb/perf/fsizes/32/0040/WORK/dhdl/dhdl.part0009.xvg,399,1,1564266584.739013,1564266584.7899659
read,/oasis/scratch/comet/hrlee/temp_project/alchemlyb/perf/fsizes/32/0041/WORK/dhdl/dhdl.part0006.xvg,406,1,1564266584.7406414,1564266584.7909691
read,/oasis/scratch/comet/hrlee/temp_project/alchemlyb/perf/fsizes/32/0034/WORK/dhdl/dhdl.part0005.xvg,335,1,1564266584.7405014,1564266584.7926962
read,/oasis/scratch/comet/hrlee/temp_project/alchemlyb/perf/fsizes/32/0042/WORK/dhdl/dhdl.part0003.xvg,413,1,1564266584.7438319,1564266584.7932622
read,/oasis/scratch/comet/hrlee/temp_project/alchemlyb/perf/fsizes/32/0043/WORK/dhdl/dhdl.part0007.xvg,427,1,1564266584.7526755,1564266584.8013363
read,/oasis/scratch/comet/hrlee/temp_project/alchemlyb/perf/fsizes/32/0034/WORK/dhdl/dhdl.part0007.xvg,337,1,1564266584.7527266,1564266584.8020341
read,/oasis/scratch/comet/hrlee/temp_project/alchemlyb/perf/fsizes/32/0043/WORK/dhdl/dhdl.part0000.xvg,420,1,1564266584.750751,1564266584.802145
read,/oasis/scratch/comet/hrlee/temp_project/alchemlyb/perf/fsizes/32/0045/WORK/dhdl/dhdl.part0008.xvg,448,1,1564266584.7542675,1564266584.8028462
read,/oasis/scratch/comet/hrlee/temp_project/alchemlyb/perf/fsizes/32/0047/WORK/dhdl/dhdl.part0002.xvg,462,1,1564266584.7577999,1564266584.8072872
read,/oasis/scratch/comet/hrlee/temp_project/alchemlyb/perf/fsizes/32/0045/WORK/dhdl/dhdl.part0001.xvg,441,1,1564266584.7537496,1564266584.8089674
read,/oasis/scratch/comet/hrlee/temp_project/alchemlyb/perf/fsizes/32/0044/WORK/dhdl/dhdl.part0004.xvg,434,1,1564266584.7526844,1564266584.8089674
read,/oasis/scratch/comet/hrlee/temp_project/alchemlyb/perf/fsizes/32/0046/WORK/dhdl/dhdl.part0005.xvg,455,1,1564266584.7543385,1564266584.8100421
read,/oasis/scratch/comet/hrlee/temp_project/alchemlyb/perf/fsizes/32/0048/WORK/dhdl/dhdl.part0006.xvg,476,1,1564266584.7598572,1564266584.8117769
read,/oasis/scratch/comet/hrlee/temp_project/alchemlyb/perf/fsizes/32/0047/WORK/dhdl/dhdl.part0009.xvg,469,1,1564266584.758707,1564266584.812684
read,/oasis/scratch/comet/hrlee/temp_project/alchemlyb/perf/fsizes/32/0035/WORK/dhdl/dhdl.part0004.xvg,344,1,1564266584.7684565,1564266584.8180034
read,/oasis/scratch/comet/hrlee/temp_project/alchemlyb/perf/fsizes/32/0050/WORK/dhdl/dhdl.part0000.xvg,490,1,1564266584.7688556,1564266584.8187983
read,/oasis/scratch/comet/hrlee/temp_project/alchemlyb/perf/fsizes/32/0036/WORK/dhdl/dhdl.part0001.xvg,351,1,1564266584.771417,1564266584.8192434
read,/oasis/scratch/comet/hrlee/temp_project/alchemlyb/perf/fsizes/32/0049/WORK/dhdl/dhdl.part0003.xvg,483,1,1564266584.7787433,1564266584.830029
read,/oasis/scratch/comet/hrlee/temp_project/alchemlyb/perf/fsizes/32/0039/WORK/dhdl/dhdl.part0006.xvg,386,1,1564266584.7836666,1564266584.835476
read,/oasis/scratch/comet/hrlee/temp_project/alchemlyb/perf/fsizes/32/0040/WORK/dhdl/dhdl.part0003.xvg,393,1,1564266584.7842023,1564266584.8359246
read,/oasis/scratch/comet/hrlee/temp_project/alchemlyb/perf/fsizes/32/0041/WORK/dhdl/dhdl.part0000.xvg,400,1,1564266584.7912421,1564266584.837786
read,/oasis/scratch/comet/hrlee/temp_project/alchemlyb/perf/fsizes/32/0037/WORK/dhdl/dhdl.part0005.xvg,365,1,1564266584.7871854,1564266584.8393142
read,/oasis/scratch/comet/hrlee/temp_project/alchemlyb/perf/fsizes/32/0036/WORK/dhdl/dhdl.part0008.xvg,358,1,1564266584.7871857,1564266584.8418403
read,/oasis/scratch/comet/hrlee/temp_project/alchemlyb/perf/fsizes/32/0041/WORK/dhdl/dhdl.part0007.xvg,407,1,1564266584.7922473,1564266584.843903
read,/oasis/scratch/comet/hrlee/temp_project/alchemlyb/perf/fsizes/32/0042/WORK/dhdl/dhdl.part0004.xvg,414,1,1564266584.7946072,1564266584.8462791
read,/oasis/scratch/comet/hrlee/temp_project/alchemlyb/perf/fsizes/32/0038/WORK/dhdl/dhdl.part0002.xvg,372,1,1564266584.7910953,1564266584.8466523
read,/oasis/scratch/comet/hrlee/temp_project/alchemlyb/perf/fsizes/32/0038/WORK/dhdl/dhdl.part0009.xvg,379,1,1564266584.7911124,1564266584.8472607
read,/oasis/scratch/comet/hrlee/temp_project/alchemlyb/perf/fsizes/32/0050/WORK/dhdl/dhdl.part0007.xvg,497,1,1564266584.7942746,1564266584.8484106
read,/oasis/scratch/comet/hrlee/temp_project/alchemlyb/perf/fsizes/32/0034/WORK/dhdl/dhdl.part0008.xvg,338,1,1564266584.803448,1564266584.8497162
read,/oasis/scratch/comet/hrlee/temp_project/alchemlyb/perf/fsizes/32/0045/WORK/dhdl/dhdl.part0009.xvg,449,1,1564266584.8037422,1564266584.8501635
read,/oasis/scratch/comet/hrlee/temp_project/alchemlyb/perf/fsizes/32/0043/WORK/dhdl/dhdl.part0008.xvg,428,1,1564266584.8030214,1564266584.8527
read,/oasis/scratch/comet/hrlee/temp_project/alchemlyb/perf/fsizes/32/0043/WORK/dhdl/dhdl.part0001.xvg,421,1,1564266584.807917,1564266584.8628356
read,/oasis/scratch/comet/hrlee/temp_project/alchemlyb/perf/fsizes/32/0047/WORK/dhdl/dhdl.part0003.xvg,463,1,1564266584.8085926,1564266584.863053
read,/oasis/scratch/comet/hrlee/temp_project/alchemlyb/perf/fsizes/32/0046/WORK/dhdl/dhdl.part0006.xvg,456,1,1564266584.8114858,1564266584.863941
read,/oasis/scratch/comet/hrlee/temp_project/alchemlyb/perf/fsizes/32/0045/WORK/dhdl/dhdl.part0002.xvg,442,1,1564266584.8104591,1564266584.8654118
read,/oasis/scratch/comet/hrlee/temp_project/alchemlyb/perf/fsizes/32/0048/WORK/dhdl/dhdl.part0007.xvg,477,1,1564266584.8133726,1564266584.8660657
read,/oasis/scratch/comet/hrlee/temp_project/alchemlyb/perf/fsizes/32/0044/WORK/dhdl/dhdl.part0005.xvg,435,1,1564266584.8104603,1564266584.8661244
read,/oasis/scratch/comet/hrlee/temp_project/alchemlyb/perf/fsizes/32/0048/WORK/dhdl/dhdl.part0000.xvg,470,1,1564266584.8139782,1564266584.8678603
read,/oasis/scratch/comet/hrlee/temp_project/alchemlyb/perf/fsizes/32/0036/WORK/dhdl/dhdl.part0002.xvg,352,1,1564266584.8202422,1564266584.8707
read,/oasis/scratch/comet/hrlee/temp_project/alchemlyb/perf/fsizes/32/0035/WORK/dhdl/dhdl.part0005.xvg,345,1,1564266584.8194966,1564266584.8746896
read,/oasis/scratch/comet/hrlee/temp_project/alchemlyb/perf/fsizes/32/0050/WORK/dhdl/dhdl.part0001.xvg,491,1,1564266584.8199236,1564266584.8749886
read,/oasis/scratch/comet/hrlee/temp_project/alchemlyb/perf/fsizes/32/0049/WORK/dhdl/dhdl.part0004.xvg,484,1,1564266584.831936,1564266584.88559
read,/oasis/scratch/comet/hrlee/temp_project/alchemlyb/perf/fsizes/32/0039/WORK/dhdl/dhdl.part0007.xvg,387,1,1564266584.8372176,1564266584.8888028
read,/oasis/scratch/comet/hrlee/temp_project/alchemlyb/perf/fsizes/32/0040/WORK/dhdl/dhdl.part0004.xvg,394,1,1564266584.8372176,1564266584.8890133
read,/oasis/scratch/comet/hrlee/temp_project/alchemlyb/perf/fsizes/32/0041/WORK/dhdl/dhdl.part0001.xvg,401,1,1564266584.8397014,1564266584.8894744
read,/oasis/scratch/comet/hrlee/temp_project/alchemlyb/perf/fsizes/32/0037/WORK/dhdl/dhdl.part0006.xvg,366,1,1564266584.840966,1564266584.8926857
read,/oasis/scratch/comet/hrlee/temp_project/alchemlyb/perf/fsizes/32/0041/WORK/dhdl/dhdl.part0008.xvg,408,1,1564266584.8454337,1564266584.8950493
read,/oasis/scratch/comet/hrlee/temp_project/alchemlyb/perf/fsizes/32/0036/WORK/dhdl/dhdl.part0009.xvg,359,1,1564266584.843816,1564266584.8978252
read,/oasis/scratch/comet/hrlee/temp_project/alchemlyb/perf/fsizes/32/0042/WORK/dhdl/dhdl.part0005.xvg,415,1,1564266584.847984,1564266584.8987284
read,/oasis/scratch/comet/hrlee/temp_project/alchemlyb/perf/fsizes/32/0039/WORK/dhdl/dhdl.part0000.xvg,380,1,1564266584.848539,1564266584.9000223
read,/oasis/scratch/comet/hrlee/temp_project/alchemlyb/perf/fsizes/32/0034/WORK/dhdl/dhdl.part0009.xvg,339,1,1564266584.8510056,1564266584.9003289
read,/oasis/scratch/comet/hrlee/temp_project/alchemlyb/perf/fsizes/32/0046/WORK/dhdl/dhdl.part0000.xvg,450,1,1564266584.8512006,1564266584.9006724
read,/oasis/scratch/comet/hrlee/temp_project/alchemlyb/perf/fsizes/32/0050/WORK/dhdl/dhdl.part0008.xvg,498,1,1564266584.8499877,1564266584.9016795
read,/oasis/scratch/comet/hrlee/temp_project/alchemlyb/perf/fsizes/32/0038/WORK/dhdl/dhdl.part0003.xvg,373,1,1564266584.8479838,1564266584.9027271
read,/oasis/scratch/comet/hrlee/temp_project/alchemlyb/perf/fsizes/32/0043/WORK/dhdl/dhdl.part0009.xvg,429,1,1564266584.8546045,1564266584.9058316
read,/oasis/scratch/comet/hrlee/temp_project/alchemlyb/perf/fsizes/32/0047/WORK/dhdl/dhdl.part0004.xvg,464,1,1564266584.8644538,1564266584.9155254
read,/oasis/scratch/comet/hrlee/temp_project/alchemlyb/perf/fsizes/32/0043/WORK/dhdl/dhdl.part0002.xvg,422,1,1564266584.8644538,1564266584.9160533
read,/oasis/scratch/comet/hrlee/temp_project/alchemlyb/perf/fsizes/32/0036/WORK/dhdl/dhdl.part0003.xvg,353,1,1564266584.8724377,1564266584.9192324
read,/oasis/scratch/comet/hrlee/temp_project/alchemlyb/perf/fsizes/32/0046/WORK/dhdl/dhdl.part0007.xvg,457,1,1564266584.8658605,1564266584.9193037
read,/oasis/scratch/comet/hrlee/temp_project/alchemlyb/perf/fsizes/32/0048/WORK/dhdl/dhdl.part0008.xvg,478,1,1564266584.8675332,1564266584.921136
read,/oasis/scratch/comet/hrlee/temp_project/alchemlyb/perf/fsizes/32/0045/WORK/dhdl/dhdl.part0003.xvg,443,1,1564266584.8668334,1564266584.922042
read,/oasis/scratch/comet/hrlee/temp_project/alchemlyb/perf/fsizes/32/0044/WORK/dhdl/dhdl.part0006.xvg,436,1,1564266584.8675332,1564266584.9231467
read,/oasis/scratch/comet/hrlee/temp_project/alchemlyb/perf/fsizes/32/0048/WORK/dhdl/dhdl.part0001.xvg,471,1,1564266584.8696117,1564266584.9236085
read,/oasis/scratch/comet/hrlee/temp_project/alchemlyb/perf/fsizes/32/0035/WORK/dhdl/dhdl.part0006.xvg,346,1,1564266584.8761828,1564266584.931807
read,/oasis/scratch/comet/hrlee/temp_project/alchemlyb/perf/fsizes/32/0050/WORK/dhdl/dhdl.part0002.xvg,492,1,1564266584.8761826,1564266584.9317443
read,/oasis/scratch/comet/hrlee/temp_project/alchemlyb/perf/fsizes/32/0049/WORK/dhdl/dhdl.part0005.xvg,485,1,1564266584.8875554,1564266584.9415529
read,/oasis/scratch/comet/hrlee/temp_project/alchemlyb/perf/fsizes/32/0039/WORK/dhdl/dhdl.part0008.xvg,388,1,1564266584.89059,1564266584.942862
read,/oasis/scratch/comet/hrlee/temp_project/alchemlyb/perf/fsizes/32/0040/WORK/dhdl/dhdl.part0005.xvg,395,1,1564266584.89059,1564266584.943062
read,/oasis/scratch/comet/hrlee/temp_project/alchemlyb/perf/fsizes/32/0041/WORK/dhdl/dhdl.part0009.xvg,409,1,1564266584.8966267,1564266584.9445522
read,/oasis/scratch/comet/hrlee/temp_project/alchemlyb/perf/fsizes/32/0041/WORK/dhdl/dhdl.part0002.xvg,402,1,1564266584.8908708,1564266584.9452715
read,/oasis/scratch/comet/hrlee/temp_project/alchemlyb/perf/fsizes/32/0037/WORK/dhdl/dhdl.part0007.xvg,367,1,1564266584.8945704,1564266584.9470131
read,/oasis/scratch/comet/hrlee/temp_project/alchemlyb/perf/fsizes/32/0046/WORK/dhdl/dhdl.part0001.xvg,451,1,1564266584.9016628,1564266584.9499176
read,/oasis/scratch/comet/hrlee/temp_project/alchemlyb/perf/fsizes/32/0035/WORK/dhdl/dhdl.part0000.xvg,340,1,1564266584.9014468,1564266584.9506323
read,/oasis/scratch/comet/hrlee/temp_project/alchemlyb/perf/fsizes/32/0037/WORK/dhdl/dhdl.part0000.xvg,360,1,1564266584.8995528,1564266584.951068
read,/oasis/scratch/comet/hrlee/temp_project/alchemlyb/perf/fsizes/32/0042/WORK/dhdl/dhdl.part0006.xvg,416,1,1564266584.9000597,1564266584.9524155
read,/oasis/scratch/comet/hrlee/temp_project/alchemlyb/perf/fsizes/32/0039/WORK/dhdl/dhdl.part0001.xvg,381,1,1564266584.9016438,1564266584.953487
read,/oasis/scratch/comet/hrlee/temp_project/alchemlyb/perf/fsizes/32/0050/WORK/dhdl/dhdl.part0009.xvg,499,1,1564266584.9029403,1564266584.9540708
read,/oasis/scratch/comet/hrlee/temp_project/alchemlyb/perf/fsizes/32/0038/WORK/dhdl/dhdl.part0004.xvg,374,1,1564266584.9044464,1564266584.956715
read,/oasis/scratch/comet/hrlee/temp_project/alchemlyb/perf/fsizes/32/0044/WORK/dhdl/dhdl.part0000.xvg,430,1,1564266584.9076953,1564266584.95875
read,/oasis/scratch/comet/hrlee/temp_project/alchemlyb/perf/fsizes/32/0043/WORK/dhdl/dhdl.part0003.xvg,423,1,1564266584.9171386,1564266584.9664986
read,/oasis/scratch/comet/hrlee/temp_project/alchemlyb/perf/fsizes/32/0047/WORK/dhdl/dhdl.part0005.xvg,465,1,1564266584.9170675,1564266584.967375
read,/oasis/scratch/comet/hrlee/temp_project/alchemlyb/perf/fsizes/32/0036/WORK/dhdl/dhdl.part0004.xvg,354,1,1564266584.9211166,1564266584.9679677
read,/oasis/scratch/comet/hrlee/temp_project/alchemlyb/perf/fsizes/32/0046/WORK/dhdl/dhdl.part0008.xvg,458,1,1564266584.9211164,1564266584.9748652
read,/oasis/scratch/comet/hrlee/temp_project/alchemlyb/perf/fsizes/32/0048/WORK/dhdl/dhdl.part0009.xvg,479,1,1564266584.9227636,1564266584.9764667
read,/oasis/scratch/comet/hrlee/temp_project/alchemlyb/perf/fsizes/32/0045/WORK/dhdl/dhdl.part0004.xvg,444,1,1564266584.9233637,1564266584.979625
read,/oasis/scratch/comet/hrlee/temp_project/alchemlyb/perf/fsizes/32/0044/WORK/dhdl/dhdl.part0007.xvg,437,1,1564266584.9243913,1564266584.980558
read,/oasis/scratch/comet/hrlee/temp_project/alchemlyb/perf/fsizes/32/0048/WORK/dhdl/dhdl.part0002.xvg,472,1,1564266584.9247844,1564266584.9806836
read,/oasis/scratch/comet/hrlee/temp_project/alchemlyb/perf/fsizes/32/0035/WORK/dhdl/dhdl.part0007.xvg,347,1,1564266584.9335895,1564266584.989256
read,/oasis/scratch/comet/hrlee/temp_project/alchemlyb/perf/fsizes/32/0050/WORK/dhdl/dhdl.part0003.xvg,493,1,1564266584.9335883,1564266584.9893968
read,/oasis/scratch/comet/hrlee/temp_project/alchemlyb/perf/fsizes/32/0042/WORK/dhdl/dhdl.part0000.xvg,410,1,1564266584.946002,1564266584.9927928
read,/oasis/scratch/comet/hrlee/temp_project/alchemlyb/perf/fsizes/32/0039/WORK/dhdl/dhdl.part0009.xvg,389,1,1564266584.9444842,1564266584.9959908
read,/oasis/scratch/comet/hrlee/temp_project/alchemlyb/perf/fsizes/32/0040/WORK/dhdl/dhdl.part0006.xvg,396,1,1564266584.9444838,1564266584.9963071
read,/oasis/scratch/comet/hrlee/temp_project/alchemlyb/perf/fsizes/32/0049/WORK/dhdl/dhdl.part0006.xvg,486,1,1564266584.9433699,1564266584.9964907
read,/oasis/scratch/comet/hrlee/temp_project/alchemlyb/perf/fsizes/32/0046/WORK/dhdl/dhdl.part0002.xvg,452,1,1564266584.951361,1564266584.9990125
read,/oasis/scratch/comet/hrlee/temp_project/alchemlyb/perf/fsizes/32/0035/WORK/dhdl/dhdl.part0001.xvg,341,1,1564266584.9517448,1564266584.9994836
read,/oasis/scratch/comet/hrlee/temp_project/alchemlyb/perf/fsizes/32/0041/WORK/dhdl/dhdl.part0003.xvg,403,1,1564266584.9466496,1564266585.000265
read,/oasis/scratch/comet/hrlee/temp_project/alchemlyb/perf/fsizes/32/0037/WORK/dhdl/dhdl.part0008.xvg,368,1,1564266584.9491203,1564266585.0014303
read,/oasis/scratch/comet/hrlee/temp_project/alchemlyb/perf/fsizes/32/0051/WORK/dhdl/dhdl.part0000.xvg,500,1,1564266584.9555001,1564266585.0044901
read,/oasis/scratch/comet/hrlee/temp_project/alchemlyb/perf/fsizes/32/0037/WORK/dhdl/dhdl.part0001.xvg,361,1,1564266584.952512,1564266585.0047512
read,/oasis/scratch/comet/hrlee/temp_project/alchemlyb/perf/fsizes/32/0042/WORK/dhdl/dhdl.part0007.xvg,417,1,1564266584.9538348,1564266585.005743
read,/oasis/scratch/comet/hrlee/temp_project/alchemlyb/perf/fsizes/32/0039/WORK/dhdl/dhdl.part0002.xvg,382,1,1564266584.955194,1564266585.0073245
read,/oasis/scratch/comet/hrlee/temp_project/alchemlyb/perf/fsizes/32/0038/WORK/dhdl/dhdl.part0005.xvg,375,1,1564266584.9586442,1564266585.01005
read,/oasis/scratch/comet/hrlee/temp_project/alchemlyb/perf/fsizes/32/0044/WORK/dhdl/dhdl.part0001.xvg,431,1,1564266584.9605799,1564266585.0110502
read,/oasis/scratch/comet/hrlee/temp_project/alchemlyb/perf/fsizes/32/0043/WORK/dhdl/dhdl.part0004.xvg,424,1,1564266584.9681365,1564266585.0164614
read,/oasis/scratch/comet/hrlee/temp_project/alchemlyb/perf/fsizes/32/0036/WORK/dhdl/dhdl.part0005.xvg,355,1,1564266584.9693613,1564266585.0167363
read,/oasis/scratch/comet/hrlee/temp_project/alchemlyb/perf/fsizes/32/0047/WORK/dhdl/dhdl.part0006.xvg,466,1,1564266584.9686751,1564266585.0170105
read,/oasis/scratch/comet/hrlee/temp_project/alchemlyb/perf/fsizes/32/0046/WORK/dhdl/dhdl.part0009.xvg,459,1,1564266584.9769833,1564266585.0299318
read,/oasis/scratch/comet/hrlee/temp_project/alchemlyb/perf/fsizes/32/0049/WORK/dhdl/dhdl.part0000.xvg,480,1,1564266584.9781272,1564266585.0315664
read,/oasis/scratch/comet/hrlee/temp_project/alchemlyb/perf/fsizes/32/0042/WORK/dhdl/dhdl.part0001.xvg,411,1,1564266584.9944732,1564266585.033359
read,/oasis/scratch/comet/hrlee/temp_project/alchemlyb/perf/fsizes/32/0045/WORK/dhdl/dhdl.part0005.xvg,445,1,1564266584.981484,1564266585.0367548
read,/oasis/scratch/comet/hrlee/temp_project/alchemlyb/perf/fsizes/32/0048/WORK/dhdl/dhdl.part0003.xvg,473,1,1564266584.9821308,1564266585.0372863
read,/oasis/scratch/comet/hrlee/temp_project/alchemlyb/perf/fsizes/32/0044/WORK/dhdl/dhdl.part0008.xvg,438,1,1564266584.9821308,1564266585.0378501
read,/oasis/scratch/comet/hrlee/temp_project/alchemlyb/perf/fsizes/32/0046/WORK/dhdl/dhdl.part0003.xvg,453,1,1564266585.000512,1564266585.04175
read,/oasis/scratch/comet/hrlee/temp_project/alchemlyb/perf/fsizes/32/0035/WORK/dhdl/dhdl.part0002.xvg,342,1,1564266585.0005114,1564266585.0419297
read,/oasis/scratch/comet/hrlee/temp_project/alchemlyb/perf/fsizes/32/0051/WORK/dhdl/dhdl.part0001.xvg,501,1,1564266585.0060883,1564266585.047551
read,/oasis/scratch/comet/hrlee/temp_project/alchemlyb/perf/fsizes/32/0049/WORK/dhdl/dhdl.part0007.xvg,487,1,1564266584.9978762,1564266585.0477889
read,/oasis/scratch/comet/hrlee/temp_project/alchemlyb/perf/fsizes/32/0040/WORK/dhdl/dhdl.part0000.xvg,390,1,1564266584.9977608,1564266585.0501778
read,/oasis/scratch/comet/hrlee/temp_project/alchemlyb/perf/fsizes/32/0040/WORK/dhdl/dhdl.part0007.xvg,397,1,1564266584.997761,1564266585.0501778
read,/oasis/scratch/comet/hrlee/temp_project/alchemlyb/perf/fsizes/32/0041/WORK/dhdl/dhdl.part0004.xvg,404,1,1564266585.0014458,1564266585.0528572
read,/oasis/scratch/comet/hrlee/temp_project/alchemlyb/perf/fsizes/32/0035/WORK/dhdl/dhdl.part0008.xvg,348,1,1564266585.0017018,1564266585.0542974
read,/oasis/scratch/comet/hrlee/temp_project/alchemlyb/perf/fsizes/32/0037/WORK/dhdl/dhdl.part0009.xvg,369,1,1564266585.003203,1564266585.0549738
read,/oasis/scratch/comet/hrlee/temp_project/alchemlyb/perf/fsizes/32/0037/WORK/dhdl/dhdl.part0002.xvg,362,1,1564266585.006232,1564266585.0588877
read,/oasis/scratch/comet/hrlee/temp_project/alchemlyb/perf/fsizes/32/0050/WORK/dhdl/dhdl.part0004.xvg,494,1,1564266584.9911907,1564266585.0589008
read,/oasis/scratch/comet/hrlee/temp_project/alchemlyb/perf/fsizes/32/0042/WORK/dhdl/dhdl.part0008.xvg,418,1,1564266585.0070782,1564266585.0599275
read,/oasis/scratch/comet/hrlee/temp_project/alchemlyb/perf/fsizes/32/0039/WORK/dhdl/dhdl.part0003.xvg,383,1,1564266585.0091236,1564266585.0626624
read,/oasis/scratch/comet/hrlee/temp_project/alchemlyb/perf/fsizes/32/0038/WORK/dhdl/dhdl.part0006.xvg,376,1,1564266585.0118854,1564266585.0643365
read,/oasis/scratch/comet/hrlee/temp_project/alchemlyb/perf/fsizes/32/0044/WORK/dhdl/dhdl.part0002.xvg,432,1,1564266585.0125034,1564266585.0645428
read,/oasis/scratch/comet/hrlee/temp_project/alchemlyb/perf/fsizes/32/0047/WORK/dhdl/dhdl.part0007.xvg,467,1,1564266585.0179029,1564266585.0683904
read,/oasis/scratch/comet/hrlee/temp_project/alchemlyb/perf/fsizes/32/0043/WORK/dhdl/dhdl.part0005.xvg,425,1,1564266585.01791,1564266585.070224
read,/oasis/scratch/comet/hrlee/temp_project/alchemlyb/perf/fsizes/32/0036/WORK/dhdl/dhdl.part0006.xvg,356,1,1564266585.0288472,1564266585.073688
read,/oasis/scratch/comet/hrlee/temp_project/alchemlyb/perf/fsizes/32/0042/WORK/dhdl/dhdl.part0002.xvg,412,1,1564266585.0350053,1564266585.078357
read,/oasis/scratch/comet/hrlee/temp_project/alchemlyb/perf/fsizes/32/0047/WORK/dhdl/dhdl.part0000.xvg,460,1,1564266585.0320296,1564266585.0845158
read,/oasis/scratch/comet/hrlee/temp_project/alchemlyb/perf/fsizes/32/0046/WORK/dhdl/dhdl.part0004.xvg,454,1,1564266585.0438168,1564266585.0857537
read,/oasis/scratch/comet/hrlee/temp_project/alchemlyb/perf/fsizes/32/0049/WORK/dhdl/dhdl.part0001.xvg,481,1,1564266585.0331812,1564266585.08587
read,/oasis/scratch/comet/hrlee/temp_project/alchemlyb/perf/fsizes/32/0048/WORK/dhdl/dhdl.part0004.xvg,474,1,1564266585.0384881,1564266585.0911238
read,/oasis/scratch/comet/hrlee/temp_project/alchemlyb/perf/fsizes/32/0051/WORK/dhdl/dhdl.part0002.xvg,502,1,1564266585.0490775,1564266585.0919912
read,/oasis/scratch/comet/hrlee/temp_project/alchemlyb/perf/fsizes/32/0044/WORK/dhdl/dhdl.part0009.xvg,439,1,1564266585.0390165,1564266585.094486
read,/oasis/scratch/comet/hrlee/temp_project/alchemlyb/perf/fsizes/32/0045/WORK/dhdl/dhdl.part0006.xvg,446,1,1564266585.0383525,1564266585.0945375
read,/oasis/scratch/comet/hrlee/temp_project/alchemlyb/perf/fsizes/32/0051/WORK/dhdl/dhdl.part0004.xvg,504,1,1564266585.0481653,1564266585.0972102
read,/oasis/scratch/comet/hrlee/temp_project/alchemlyb/perf/fsizes/32/0049/WORK/dhdl/dhdl.part0008.xvg,488,1,1564266585.0490775,1564266585.0989501
read,/oasis/scratch/comet/hrlee/temp_project/alchemlyb/perf/fsizes/32/0040/WORK/dhdl/dhdl.part0008.xvg,398,1,1564266585.0521252,1564266585.1038554
read,/oasis/scratch/comet/hrlee/temp_project/alchemlyb/perf/fsizes/32/0040/WORK/dhdl/dhdl.part0001.xvg,391,1,1564266585.0521252,1564266585.1038716
read,/oasis/scratch/comet/hrlee/temp_project/alchemlyb/perf/fsizes/32/0041/WORK/dhdl/dhdl.part0005.xvg,405,1,1564266585.0545068,1564266585.1061168
read,/oasis/scratch/comet/hrlee/temp_project/alchemlyb/perf/fsizes/32/0035/WORK/dhdl/dhdl.part0009.xvg,349,1,1564266585.0555375,1564266585.1076508
read,/oasis/scratch/comet/hrlee/temp_project/alchemlyb/perf/fsizes/32/0038/WORK/dhdl/dhdl.part0000.xvg,370,1,1564266585.0565174,1564266585.10912
read,/oasis/scratch/comet/hrlee/temp_project/alchemlyb/perf/fsizes/32/0037/WORK/dhdl/dhdl.part0003.xvg,363,1,1564266585.0605469,1564266585.1121516
read,/oasis/scratch/comet/hrlee/temp_project/alchemlyb/perf/fsizes/32/0047/WORK/dhdl/dhdl.part0008.xvg,468,1,1564266585.0699205,1564266585.1139529
read,/oasis/scratch/comet/hrlee/temp_project/alchemlyb/perf/fsizes/32/0050/WORK/dhdl/dhdl.part0005.xvg,495,1,1564266585.0609236,1564266585.1140444
read,/oasis/scratch/comet/hrlee/temp_project/alchemlyb/perf/fsizes/32/0039/WORK/dhdl/dhdl.part0004.xvg,384,1,1564266585.064429,1564266585.1157105
read,/oasis/scratch/comet/hrlee/temp_project/alchemlyb/perf/fsizes/32/0038/WORK/dhdl/dhdl.part0007.xvg,377,1,1564266585.0659504,1564266585.11724
read,/oasis/scratch/comet/hrlee/temp_project/alchemlyb/perf/fsizes/32/0044/WORK/dhdl/dhdl.part0003.xvg,433,1,1564266585.0659504,1564266585.1173017
read,/oasis/scratch/comet/hrlee/temp_project/alchemlyb/perf/fsizes/32/0042/WORK/dhdl/dhdl.part0009.xvg,419,1,1564266585.063806,1564266585.1198046
read,/oasis/scratch/comet/hrlee/temp_project/alchemlyb/perf/fsizes/32/0043/WORK/dhdl/dhdl.part0006.xvg,426,1,1564266585.0716193,1564266585.1240458
read,/oasis/scratch/comet/hrlee/temp_project/alchemlyb/perf/fsizes/32/0052/WORK/dhdl/dhdl.part0001.xvg,511,1,1564266585.0756867,1564266585.1276712
read,/oasis/scratch/comet/hrlee/temp_project/alchemlyb/perf/fsizes/32/0052/WORK/dhdl/dhdl.part0008.xvg,518,1,1564266585.08048,1564266585.1303818
read,/oasis/scratch/comet/hrlee/temp_project/alchemlyb/perf/fsizes/32/0053/WORK/dhdl/dhdl.part0005.xvg,525,1,1564266585.0874522,1564266585.131592
read,/oasis/scratch/comet/hrlee/temp_project/alchemlyb/perf/fsizes/32/0047/WORK/dhdl/dhdl.part0001.xvg,461,1,1564266585.0866766,1564266585.1328783
read,/oasis/scratch/comet/hrlee/temp_project/alchemlyb/perf/fsizes/32/0049/WORK/dhdl/dhdl.part0002.xvg,482,1,1564266585.087365,1564266585.1340203
read,/oasis/scratch/comet/hrlee/temp_project/alchemlyb/perf/fsizes/32/0051/WORK/dhdl/dhdl.part0003.xvg,503,1,1564266585.093831,1564266585.137871
read,/oasis/scratch/comet/hrlee/temp_project/alchemlyb/perf/fsizes/32/0048/WORK/dhdl/dhdl.part0005.xvg,475,1,1564266585.0933952,1564266585.1389716
read,/oasis/scratch/comet/hrlee/temp_project/alchemlyb/perf/fsizes/32/0051/WORK/dhdl/dhdl.part0005.xvg,505,1,1564266585.099182,1564266585.1427972
read,/oasis/scratch/comet/hrlee/temp_project/alchemlyb/perf/fsizes/32/0049/WORK/dhdl/dhdl.part0009.xvg,489,1,1564266585.1005278,1564266585.1443956
read,/oasis/scratch/comet/hrlee/temp_project/alchemlyb/perf/fsizes/32/0045/WORK/dhdl/dhdl.part0000.xvg,440,1,1564266585.09626,1564266585.1450124
read,/oasis/scratch/comet/hrlee/temp_project/alchemlyb/perf/fsizes/32/0045/WORK/dhdl/dhdl.part0007.xvg,447,1,1564266585.09626,1564266585.1456676
read,/oasis/scratch/comet/hrlee/temp_project/alchemlyb/perf/fsizes/32/0054/WORK/dhdl/dhdl.part0002.xvg,532,1,1564266585.1057224,1564266585.1465964
read,/oasis/scratch/comet/hrlee/temp_project/alchemlyb/perf/fsizes/32/0056/WORK/dhdl/dhdl.part0003.xvg,553,1,1564266585.1093664,1564266585.1478925
read,/oasis/scratch/comet/hrlee/temp_project/alchemlyb/perf/fsizes/32/0055/WORK/dhdl/dhdl.part0006.xvg,546,1,1564266585.1081405,1564266585.148989
read,/oasis/scratch/comet/hrlee/temp_project/alchemlyb/perf/fsizes/32/0054/WORK/dhdl/dhdl.part0009.xvg,539,1,1564266585.1057172,1564266585.1516318
read,/oasis/scratch/comet/hrlee/temp_project/alchemlyb/perf/fsizes/32/0050/WORK/dhdl/dhdl.part0006.xvg,496,1,1564266585.1154077,1564266585.15422
read,/oasis/scratch/comet/hrlee/temp_project/alchemlyb/perf/fsizes/32/0058/WORK/dhdl/dhdl.part0004.xvg,574,1,1564266585.1198328,1564266585.1543915
read,/oasis/scratch/comet/hrlee/temp_project/alchemlyb/perf/fsizes/32/0057/WORK/dhdl/dhdl.part0000.xvg,560,1,1564266585.111402,1564266585.156358
read,/oasis/scratch/comet/hrlee/temp_project/alchemlyb/perf/fsizes/32/0060/WORK/dhdl/dhdl.part0005.xvg,595,1,1564266585.1190317,1564266585.1571903
read,/oasis/scratch/comet/hrlee/temp_project/alchemlyb/perf/fsizes/32/0059/WORK/dhdl/dhdl.part0008.xvg,588,1,1564266585.1190317,1564266585.1576245
read,/oasis/scratch/comet/hrlee/temp_project/alchemlyb/perf/fsizes/32/0057/WORK/dhdl/dhdl.part0007.xvg,567,1,1564266585.1146836,1564266585.1578877
read,/oasis/scratch/comet/hrlee/temp_project/alchemlyb/perf/fsizes/32/0059/WORK/dhdl/dhdl.part0001.xvg,581,1,1564266585.118135,1564266585.1593754
read,/oasis/scratch/comet/hrlee/temp_project/alchemlyb/perf/fsizes/32/0053/WORK/dhdl/dhdl.part0006.xvg,526,1,1564266585.132961,1564266585.164823
read,/oasis/scratch/comet/hrlee/temp_project/alchemlyb/perf/fsizes/32/0052/WORK/dhdl/dhdl.part0002.xvg,512,1,1564266585.1293392,1564266585.1659029
read,/oasis/scratch/comet/hrlee/temp_project/alchemlyb/perf/fsizes/32/0052/WORK/dhdl/dhdl.part0009.xvg,519,1,1564266585.132028,1564266585.1674306
read,/oasis/scratch/comet/hrlee/temp_project/alchemlyb/perf/fsizes/32/0054/WORK/dhdl/dhdl.part0003.xvg,533,1,1564266585.1477842,1564266585.1764848
read,/oasis/scratch/comet/hrlee/temp_project/alchemlyb/perf/fsizes/32/0051/WORK/dhdl/dhdl.part0006.xvg,506,1,1564266585.1443172,1564266585.1768284
read,/oasis/scratch/comet/hrlee/temp_project/alchemlyb/perf/fsizes/32/0056/WORK/dhdl/dhdl.part0004.xvg,554,1,1564266585.1490443,1564266585.1785822
read,/oasis/scratch/comet/hrlee/temp_project/alchemlyb/perf/fsizes/32/0055/WORK/dhdl/dhdl.part0007.xvg,547,1,1564266585.150034,1564266585.1809397
read,/oasis/scratch/comet/hrlee/temp_project/alchemlyb/perf/fsizes/32/0058/WORK/dhdl/dhdl.part0005.xvg,575,1,1564266585.1555567,1564266585.1848357
read,/oasis/scratch/comet/hrlee/temp_project/alchemlyb/perf/fsizes/32/0055/WORK/dhdl/dhdl.part0000.xvg,540,1,1564266585.1531155,1564266585.1862564
read,/oasis/scratch/comet/hrlee/temp_project/alchemlyb/perf/fsizes/32/0060/WORK/dhdl/dhdl.part0006.xvg,596,1,1564266585.1583307,1564266585.1883812
read,/oasis/scratch/comet/hrlee/temp_project/alchemlyb/perf/fsizes/32/0059/WORK/dhdl/dhdl.part0009.xvg,589,1,1564266585.158539,1564266585.188533
read,/oasis/scratch/comet/hrlee/temp_project/alchemlyb/perf/fsizes/32/0057/WORK/dhdl/dhdl.part0001.xvg,561,1,1564266585.1577942,1564266585.1923447
read,/oasis/scratch/comet/hrlee/temp_project/alchemlyb/perf/fsizes/32/0057/WORK/dhdl/dhdl.part0008.xvg,568,1,1564266585.1587162,1564266585.19312
read,/oasis/scratch/comet/hrlee/temp_project/alchemlyb/perf/fsizes/32/0059/WORK/dhdl/dhdl.part0002.xvg,582,1,1564266585.160551,1564266585.194627
read,/oasis/scratch/comet/hrlee/temp_project/alchemlyb/perf/fsizes/32/0053/WORK/dhdl/dhdl.part0007.xvg,527,1,1564266585.1659856,1564266585.1951377
read,/oasis/scratch/comet/hrlee/temp_project/alchemlyb/perf/fsizes/32/0052/WORK/dhdl/dhdl.part0003.xvg,513,1,1564266585.166793,1564266585.1992447
read,/oasis/scratch/comet/hrlee/temp_project/alchemlyb/perf/fsizes/32/0053/WORK/dhdl/dhdl.part0000.xvg,520,1,1564266585.1685355,1564266585.2013645
read,/oasis/scratch/comet/hrlee/temp_project/alchemlyb/perf/fsizes/32/0054/WORK/dhdl/dhdl.part0004.xvg,534,1,1564266585.177658,1564266585.2068324
read,/oasis/scratch/comet/hrlee/temp_project/alchemlyb/perf/fsizes/32/0056/WORK/dhdl/dhdl.part0005.xvg,555,1,1564266585.179816,1564266585.2095122
read,/oasis/scratch/comet/hrlee/temp_project/alchemlyb/perf/fsizes/32/0051/WORK/dhdl/dhdl.part0007.xvg,507,1,1564266585.1777685,1564266585.2102568
read,/oasis/scratch/comet/hrlee/temp_project/alchemlyb/perf/fsizes/32/0055/WORK/dhdl/dhdl.part0008.xvg,548,1,1564266585.1823478,1564266585.2138588
read,/oasis/scratch/comet/hrlee/temp_project/alchemlyb/perf/fsizes/32/0058/WORK/dhdl/dhdl.part0006.xvg,576,1,1564266585.1860278,1564266585.2154896
read,/oasis/scratch/comet/hrlee/temp_project/alchemlyb/perf/fsizes/32/0055/WORK/dhdl/dhdl.part0001.xvg,541,1,1564266585.1875453,1564266585.2200432
read,/oasis/scratch/comet/hrlee/temp_project/alchemlyb/perf/fsizes/32/0060/WORK/dhdl/dhdl.part0000.xvg,590,1,1564266585.1896172,1564266585.2201207
read,/oasis/scratch/comet/hrlee/temp_project/alchemlyb/perf/fsizes/32/0060/WORK/dhdl/dhdl.part0007.xvg,597,1,1564266585.1896172,1564266585.2201385
read,/oasis/scratch/comet/hrlee/temp_project/alchemlyb/perf/fsizes/32/0053/WORK/dhdl/dhdl.part0008.xvg,528,1,1564266585.196272,1564266585.2256742
read,/oasis/scratch/comet/hrlee/temp_project/alchemlyb/perf/fsizes/32/0057/WORK/dhdl/dhdl.part0002.xvg,562,1,1564266585.1937277,1564266585.2274265
read,/oasis/scratch/comet/hrlee/temp_project/alchemlyb/perf/fsizes/32/0057/WORK/dhdl/dhdl.part0009.xvg,569,1,1564266585.1942346,1564266585.2281997
read,/oasis/scratch/comet/hrlee/temp_project/alchemlyb/perf/fsizes/32/0059/WORK/dhdl/dhdl.part0003.xvg,583,1,1564266585.1958344,1564266585.2294362
read,/oasis/scratch/comet/hrlee/temp_project/alchemlyb/perf/fsizes/32/0052/WORK/dhdl/dhdl.part0004.xvg,514,1,1564266585.2004693,1564266585.2319639
read,/oasis/scratch/comet/hrlee/temp_project/alchemlyb/perf/fsizes/32/0053/WORK/dhdl/dhdl.part0001.xvg,521,1,1564266585.2026672,1564266585.234481
read,/oasis/scratch/comet/hrlee/temp_project/alchemlyb/perf/fsizes/32/0054/WORK/dhdl/dhdl.part0005.xvg,535,1,1564266585.2083526,1564266585.2376325
read,/oasis/scratch/comet/hrlee/temp_project/alchemlyb/perf/fsizes/32/0056/WORK/dhdl/dhdl.part0006.xvg,556,1,1564266585.2107563,1564266585.240348
read,/oasis/scratch/comet/hrlee/temp_project/alchemlyb/perf/fsizes/32/0051/WORK/dhdl/dhdl.part0008.xvg,508,1,1564266585.2112012,1564266585.2439802
read,/oasis/scratch/comet/hrlee/temp_project/alchemlyb/perf/fsizes/32/0058/WORK/dhdl/dhdl.part0007.xvg,577,1,1564266585.2165215,1564266585.2466393
read,/oasis/scratch/comet/hrlee/temp_project/alchemlyb/perf/fsizes/32/0055/WORK/dhdl/dhdl.part0009.xvg,549,1,1564266585.2149916,1564266585.247042
read,/oasis/scratch/comet/hrlee/temp_project/alchemlyb/perf/fsizes/32/0060/WORK/dhdl/dhdl.part0001.xvg,591,1,1564266585.2212489,1564266585.2517643
read,/oasis/scratch/comet/hrlee/temp_project/alchemlyb/perf/fsizes/32/0060/WORK/dhdl/dhdl.part0008.xvg,598,1,1564266585.2212489,1564266585.2518058
read,/oasis/scratch/comet/hrlee/temp_project/alchemlyb/perf/fsizes/32/0055/WORK/dhdl/dhdl.part0002.xvg,542,1,1564266585.2212486,1564266585.2533436
read,/oasis/scratch/comet/hrlee/temp_project/alchemlyb/perf/fsizes/32/0053/WORK/dhdl/dhdl.part0009.xvg,529,1,1564266585.2269876,1564266585.2565243
read,/oasis/scratch/comet/hrlee/temp_project/alchemlyb/perf/fsizes/32/0058/WORK/dhdl/dhdl.part0000.xvg,570,1,1564266585.229323,1564266585.2624738
read,/oasis/scratch/comet/hrlee/temp_project/alchemlyb/perf/fsizes/32/0057/WORK/dhdl/dhdl.part0003.xvg,563,1,1564266585.228837,1564266585.2624993
read,/oasis/scratch/comet/hrlee/temp_project/alchemlyb/perf/fsizes/32/0059/WORK/dhdl/dhdl.part0004.xvg,584,1,1564266585.2305381,1564266585.263362
read,/oasis/scratch/comet/hrlee/temp_project/alchemlyb/perf/fsizes/32/0052/WORK/dhdl/dhdl.part0005.xvg,515,1,1564266585.2331638,1564266585.2647052
read,/oasis/scratch/comet/hrlee/temp_project/alchemlyb/perf/fsizes/32/0053/WORK/dhdl/dhdl.part0002.xvg,522,1,1564266585.23564,1564266585.2672906
read,/oasis/scratch/comet/hrlee/temp_project/alchemlyb/perf/fsizes/32/0054/WORK/dhdl/dhdl.part0006.xvg,536,1,1564266585.2390735,1564266585.268296
read,/oasis/scratch/comet/hrlee/temp_project/alchemlyb/perf/fsizes/32/0056/WORK/dhdl/dhdl.part0007.xvg,557,1,1564266585.2415218,1564266585.2709205
read,/oasis/scratch/comet/hrlee/temp_project/alchemlyb/perf/fsizes/32/0058/WORK/dhdl/dhdl.part0008.xvg,578,1,1564266585.2477636,1564266585.2776084
read,/oasis/scratch/comet/hrlee/temp_project/alchemlyb/perf/fsizes/32/0051/WORK/dhdl/dhdl.part0009.xvg,509,1,1564266585.2452636,1564266585.2777443
read,/oasis/scratch/comet/hrlee/temp_project/alchemlyb/perf/fsizes/32/0056/WORK/dhdl/dhdl.part0000.xvg,550,1,1564266585.2479608,1564266585.2802372
read,/oasis/scratch/comet/hrlee/temp_project/alchemlyb/perf/fsizes/32/0060/WORK/dhdl/dhdl.part0002.xvg,592,1,1564266585.2530854,1564266585.2831728
read,/oasis/scratch/comet/hrlee/temp_project/alchemlyb/perf/fsizes/32/0060/WORK/dhdl/dhdl.part0009.xvg,599,1,1564266585.2530854,1564266585.2831616
read,/oasis/scratch/comet/hrlee/temp_project/alchemlyb/perf/fsizes/32/0055/WORK/dhdl/dhdl.part0003.xvg,543,1,1564266585.2545538,1564266585.2864676
read,/oasis/scratch/comet/hrlee/temp_project/alchemlyb/perf/fsizes/32/0054/WORK/dhdl/dhdl.part0000.xvg,530,1,1564266585.2576864,1564266585.2868478
read,/oasis/scratch/comet/hrlee/temp_project/alchemlyb/perf/fsizes/32/0058/WORK/dhdl/dhdl.part0001.xvg,571,1,1564266585.263943,1564266585.2961829
read,/oasis/scratch/comet/hrlee/temp_project/alchemlyb/perf/fsizes/32/0057/WORK/dhdl/dhdl.part0004.xvg,564,1,1564266585.2639432,1564266585.29651
read,/oasis/scratch/comet/hrlee/temp_project/alchemlyb/perf/fsizes/32/0059/WORK/dhdl/dhdl.part0005.xvg,585,1,1564266585.2643666,1564266585.2967684
read,/oasis/scratch/comet/hrlee/temp_project/alchemlyb/perf/fsizes/32/0052/WORK/dhdl/dhdl.part0006.xvg,516,1,1564266585.2660348,1564266585.297875
read,/oasis/scratch/comet/hrlee/temp_project/alchemlyb/perf/fsizes/32/0054/WORK/dhdl/dhdl.part0007.xvg,537,1,1564266585.269607,1564266585.2983892
read,/oasis/scratch/comet/hrlee/temp_project/alchemlyb/perf/fsizes/32/0053/WORK/dhdl/dhdl.part0003.xvg,523,1,1564266585.2686322,1564266585.3005965
read,/oasis/scratch/comet/hrlee/temp_project/alchemlyb/perf/fsizes/32/0056/WORK/dhdl/dhdl.part0008.xvg,558,1,1564266585.272001,1564266585.3015954
read,/oasis/scratch/comet/hrlee/temp_project/alchemlyb/perf/fsizes/32/0058/WORK/dhdl/dhdl.part0009.xvg,579,1,1564266585.2786694,1564266585.3086874
read,/oasis/scratch/comet/hrlee/temp_project/alchemlyb/perf/fsizes/32/0052/WORK/dhdl/dhdl.part0000.xvg,510,1,1564266585.2786665,1564266585.3106115
read,/oasis/scratch/comet/hrlee/temp_project/alchemlyb/perf/fsizes/32/0056/WORK/dhdl/dhdl.part0001.xvg,551,1,1564266585.2813158,1564266585.3127596
read,/oasis/scratch/comet/hrlee/temp_project/alchemlyb/perf/fsizes/32/0060/WORK/dhdl/dhdl.part0003.xvg,593,1,1564266585.2843885,1564266585.3129098
read,/oasis/scratch/comet/hrlee/temp_project/alchemlyb/perf/fsizes/32/0054/WORK/dhdl/dhdl.part0001.xvg,531,1,1564266585.287879,1564266585.3169475
read,/oasis/scratch/comet/hrlee/temp_project/alchemlyb/perf/fsizes/32/0055/WORK/dhdl/dhdl.part0004.xvg,544,1,1564266585.2876859,1564266585.3188922
read,/oasis/scratch/comet/hrlee/temp_project/alchemlyb/perf/fsizes/32/0054/WORK/dhdl/dhdl.part0008.xvg,538,1,1564266585.299375,1564266585.3279705
read,/oasis/scratch/comet/hrlee/temp_project/alchemlyb/perf/fsizes/32/0052/WORK/dhdl/dhdl.part0007.xvg,517,1,1564266585.299075,1564266585.3293822
read,/oasis/scratch/comet/hrlee/temp_project/alchemlyb/perf/fsizes/32/0058/WORK/dhdl/dhdl.part0002.xvg,572,1,1564266585.2973375,1564266585.3294587
read,/oasis/scratch/comet/hrlee/temp_project/alchemlyb/perf/fsizes/32/0059/WORK/dhdl/dhdl.part0006.xvg,586,1,1564266585.2975442,1564266585.3299923
read,/oasis/scratch/comet/hrlee/temp_project/alchemlyb/perf/fsizes/32/0057/WORK/dhdl/dhdl.part0005.xvg,565,1,1564266585.2974098,1564266585.330141
read,/oasis/scratch/comet/hrlee/temp_project/alchemlyb/perf/fsizes/32/0056/WORK/dhdl/dhdl.part0009.xvg,559,1,1564266585.3024776,1564266585.330645
read,/oasis/scratch/comet/hrlee/temp_project/alchemlyb/perf/fsizes/32/0053/WORK/dhdl/dhdl.part0004.xvg,524,1,1564266585.301634,1564266585.3313897
read,/oasis/scratch/comet/hrlee/temp_project/alchemlyb/perf/fsizes/32/0059/WORK/dhdl/dhdl.part0000.xvg,580,1,1564266585.3099785,1564266585.3375793
read,/oasis/scratch/comet/hrlee/temp_project/alchemlyb/perf/fsizes/32/0060/WORK/dhdl/dhdl.part0004.xvg,594,1,1564266585.3139157,1564266585.3419163
read,/oasis/scratch/comet/hrlee/temp_project/alchemlyb/perf/fsizes/32/0056/WORK/dhdl/dhdl.part0002.xvg,552,1,1564266585.3138864,1564266585.34243
read,/oasis/scratch/comet/hrlee/temp_project/alchemlyb/perf/fsizes/32/0055/WORK/dhdl/dhdl.part0005.xvg,545,1,1564266585.320248,1564266585.3492756
read,/oasis/scratch/comet/hrlee/temp_project/alchemlyb/perf/fsizes/32/0058/WORK/dhdl/dhdl.part0003.xvg,573,1,1564266585.3307412,1564266585.359749
read,/oasis/scratch/comet/hrlee/temp_project/alchemlyb/perf/fsizes/32/0059/WORK/dhdl/dhdl.part0007.xvg,587,1,1564266585.3310173,1564266585.3601706
read,/oasis/scratch/comet/hrlee/temp_project/alchemlyb/perf/fsizes/32/0057/WORK/dhdl/dhdl.part0006.xvg,566,1,1564266585.3310442,1564266585.360475
