read,/oasis/scratch/comet/hrlee/temp_project/alchemlyb/perf/fsizes/32/0001/WORK/dhdl/dhdl.part0006.xvg,6,1,1564266581.7551084,1564266581.8114994
read,/oasis/scratch/comet/hrlee/temp_project/alchemlyb/perf/fsizes/32/0002/WORK/dhdl/dhdl.part0008.xvg,18,1,1564266581.7551095,1564266581.8116286
read,/oasis/scratch/comet/hrlee/temp_project/alchemlyb/perf/fsizes/32/0005/WORK/dhdl/dhdl.part0002.xvg,42,1,1564266581.7554765,1564266581.8117383
read,/oasis/scratch/comet/hrlee/temp_project/alchemlyb/perf/fsizes/32/0004/WORK/dhdl/dhdl.part0000.xvg,30,1,1564266581.7553072,1564266581.8117545
read,/oasis/scratch/comet/hrlee/temp_project/alchemlyb/perf/fsizes/32/0006/WORK/dhdl/dhdl.part0004.xvg,54,1,1564266581.7556396,1564266581.811969
read,/oasis/scratch/comet/hrlee/temp_project/alchemlyb/perf/fsizes/32/0007/WORK/dhdl/dhdl.part0006.xvg,66,1,1564266581.7557254,1564266581.8120482
read,/oasis/scratch/comet/hrlee/temp_project/alchemlyb/perf/fsizes/32/0010/WORK/dhdl/dhdl.part0000.xvg,90,1,1564266581.756,1564266581.812397
read,/oasis/scratch/comet/hrlee/temp_project/alchemlyb/perf/fsizes/32/0002/WORK/dhdl/dhdl.part0002.xvg,12,1,1564266581.755095,1564266581.812422
read,/oasis/scratch/comet/hrlee/temp_project/alchemlyb/perf/fsizes/32/0012/WORK/dhdl/dhdl.part0004.xvg,114,1,1564266581.7562382,1564266581.812552
read,/oasis/scratch/comet/hrlee/temp_project/alchemlyb/perf/fsizes/32/0001/WORK/dhdl/dhdl.part0000.xvg,0,1,1564266581.7550945,1564266581.8129249
read,/oasis/scratch/comet/hrlee/temp_project/alchemlyb/perf/fsizes/32/0003/WORK/dhdl/dhdl.part0004.xvg,24,1,1564266581.755236,1564266581.812925
read,/oasis/scratch/comet/hrlee/temp_project/alchemlyb/perf/fsizes/32/0008/WORK/dhdl/dhdl.part0008.xvg,78,1,1564266581.7558897,1564266581.8132682
read,/oasis/scratch/comet/hrlee/temp_project/alchemlyb/perf/fsizes/32/0004/WORK/dhdl/dhdl.part0006.xvg,36,1,1564266581.7553613,1564266581.8132403
read,/oasis/scratch/comet/hrlee/temp_project/alchemlyb/perf/fsizes/32/0005/WORK/dhdl/dhdl.part0008.xvg,48,1,1564266581.7555366,1564266581.813279
read,/oasis/scratch/comet/hrlee/temp_project/alchemlyb/perf/fsizes/32/0007/WORK/dhdl/dhdl.part0000.xvg,60,1,1564266581.7556293,1564266581.8135962
read,/oasis/scratch/comet/hrlee/temp_project/alchemlyb/perf/fsizes/32/0011/WORK/dhdl/dhdl.part0002.xvg,102,1,1564266581.7560687,1564266581.8137052
read,/oasis/scratch/comet/hrlee/temp_project/alchemlyb/perf/fsizes/32/0013/WORK/dhdl/dhdl.part0006.xvg,126,1,1564266581.75717,1564266581.8140597
read,/oasis/scratch/comet/hrlee/temp_project/alchemlyb/perf/fsizes/32/0008/WORK/dhdl/dhdl.part0002.xvg,72,1,1564266581.755815,1564266581.8141563
read,/oasis/scratch/comet/hrlee/temp_project/alchemlyb/perf/fsizes/32/0014/WORK/dhdl/dhdl.part0008.xvg,138,1,1564266581.757229,1564266581.8144836
read,/oasis/scratch/comet/hrlee/temp_project/alchemlyb/perf/fsizes/32/0010/WORK/dhdl/dhdl.part0006.xvg,96,1,1564266581.7570794,1564266581.8145485
read,/oasis/scratch/comet/hrlee/temp_project/alchemlyb/perf/fsizes/32/0013/WORK/dhdl/dhdl.part0000.xvg,120,1,1564266581.7571223,1564266581.8145578
read,/oasis/scratch/comet/hrlee/temp_project/alchemlyb/perf/fsizes/32/0009/WORK/dhdl/dhdl.part0004.xvg,84,1,1564266581.7559323,1564266581.8145976
read,/oasis/scratch/comet/hrlee/temp_project/alchemlyb/perf/fsizes/32/0014/WORK/dhdl/dhdl.part0002.xvg,132,1,1564266581.7571242,1564266581.81468
read,/oasis/scratch/comet/hrlee/temp_project/alchemlyb/perf/fsizes/32/0011/WORK/dhdl/dhdl.part0008.xvg,108,1,1564266581.7561443,1564266581.8150737
read,/oasis/scratch/comet/hrlee/temp_project/alchemlyb/perf/fsizes/32/0007/WORK/dhdl/dhdl.part0007.xvg,67,1,1564266581.8133981,1564266581.8598793
read,/oasis/scratch/comet/hrlee/temp_project/alchemlyb/perf/fsizes/32/0005/WORK/dhdl/dhdl.part0003.xvg,43,1,1564266581.8133981,1564266581.8599699
read,/oasis/scratch/comet/hrlee/temp_project/alchemlyb/perf/fsizes/32/0001/WORK/dhdl/dhdl.part0007.xvg,7,1,1564266581.8134084,1564266581.8600867
read,/oasis/scratch/comet/hrlee/temp_project/alchemlyb/perf/fsizes/32/0002/WORK/dhdl/dhdl.part0009.xvg,19,1,1564266581.8135767,1564266581.8601186
read,/oasis/scratch/comet/hrlee/temp_project/alchemlyb/perf/fsizes/32/0004/WORK/dhdl/dhdl.part0001.xvg,31,1,1564266581.813399,1564266581.860197
read,/oasis/scratch/comet/hrlee/temp_project/alchemlyb/perf/fsizes/32/0010/WORK/dhdl/dhdl.part0001.xvg,91,1,1564266581.813714,1564266581.8604603
read,/oasis/scratch/comet/hrlee/temp_project/alchemlyb/perf/fsizes/32/0012/WORK/dhdl/dhdl.part0005.xvg,115,1,1564266581.8138337,1564266581.860509
read,/oasis/scratch/comet/hrlee/temp_project/alchemlyb/perf/fsizes/32/0008/WORK/dhdl/dhdl.part0009.xvg,79,1,1564266581.814516,1564266581.8633864
read,/oasis/scratch/comet/hrlee/temp_project/alchemlyb/perf/fsizes/32/0005/WORK/dhdl/dhdl.part0009.xvg,49,1,1564266581.814642,1564266581.8637948
read,/oasis/scratch/comet/hrlee/temp_project/alchemlyb/perf/fsizes/32/0011/WORK/dhdl/dhdl.part0003.xvg,103,1,1564266581.814978,1564266581.8643749
read,/oasis/scratch/comet/hrlee/temp_project/alchemlyb/perf/fsizes/32/0014/WORK/dhdl/dhdl.part0009.xvg,139,1,1564266581.8158042,1564266581.864648
read,/oasis/scratch/comet/hrlee/temp_project/alchemlyb/perf/fsizes/32/0002/WORK/dhdl/dhdl.part0003.xvg,13,1,1564266581.8139045,1564266581.8711512
read,/oasis/scratch/comet/hrlee/temp_project/alchemlyb/perf/fsizes/32/0003/WORK/dhdl/dhdl.part0005.xvg,25,1,1564266581.8143265,1564266581.8715944
read,/oasis/scratch/comet/hrlee/temp_project/alchemlyb/perf/fsizes/32/0001/WORK/dhdl/dhdl.part0001.xvg,1,1,1564266581.8143036,1564266581.8717568
read,/oasis/scratch/comet/hrlee/temp_project/alchemlyb/perf/fsizes/32/0004/WORK/dhdl/dhdl.part0007.xvg,37,1,1564266581.8145669,1564266581.8724813
read,/oasis/scratch/comet/hrlee/temp_project/alchemlyb/perf/fsizes/32/0007/WORK/dhdl/dhdl.part0001.xvg,61,1,1564266581.814878,1564266581.8725722
read,/oasis/scratch/comet/hrlee/temp_project/alchemlyb/perf/fsizes/32/0013/WORK/dhdl/dhdl.part0001.xvg,121,1,1564266581.816008,1564266581.8734632
read,/oasis/scratch/comet/hrlee/temp_project/alchemlyb/perf/fsizes/32/0006/WORK/dhdl/dhdl.part0005.xvg,55,1,1564266581.8147602,1564266581.8736627
read,/oasis/scratch/comet/hrlee/temp_project/alchemlyb/perf/fsizes/32/0010/WORK/dhdl/dhdl.part0007.xvg,97,1,1564266581.815958,1564266581.8737247
read,/oasis/scratch/comet/hrlee/temp_project/alchemlyb/perf/fsizes/32/0014/WORK/dhdl/dhdl.part0003.xvg,133,1,1564266581.8159983,1564266581.8738706
read,/oasis/scratch/comet/hrlee/temp_project/alchemlyb/perf/fsizes/32/0008/WORK/dhdl/dhdl.part0003.xvg,73,1,1564266581.8154075,1564266581.8742216
read,/oasis/scratch/comet/hrlee/temp_project/alchemlyb/perf/fsizes/32/0009/WORK/dhdl/dhdl.part0005.xvg,85,1,1564266581.815957,1564266581.8744516
read,/oasis/scratch/comet/hrlee/temp_project/alchemlyb/perf/fsizes/32/0013/WORK/dhdl/dhdl.part0007.xvg,127,1,1564266581.816162,1564266581.8943517
read,/oasis/scratch/comet/hrlee/temp_project/alchemlyb/perf/fsizes/32/0007/WORK/dhdl/dhdl.part0008.xvg,68,1,1564266581.8613553,1564266581.894715
read,/oasis/scratch/comet/hrlee/temp_project/alchemlyb/perf/fsizes/32/0011/WORK/dhdl/dhdl.part0009.xvg,109,1,1564266581.8270035,1564266581.897243
read,/oasis/scratch/comet/hrlee/temp_project/alchemlyb/perf/fsizes/32/0012/WORK/dhdl/dhdl.part0006.xvg,116,1,1564266581.8636334,1564266581.8994973
read,/oasis/scratch/comet/hrlee/temp_project/alchemlyb/perf/fsizes/32/0006/WORK/dhdl/dhdl.part0000.xvg,50,1,1564266581.8650675,1564266581.9007475
read,/oasis/scratch/comet/hrlee/temp_project/alchemlyb/perf/fsizes/32/0001/WORK/dhdl/dhdl.part0008.xvg,8,1,1564266581.8613694,1564266581.9227571
read,/oasis/scratch/comet/hrlee/temp_project/alchemlyb/perf/fsizes/32/0003/WORK/dhdl/dhdl.part0000.xvg,20,1,1564266581.8613553,1564266581.9227393
read,/oasis/scratch/comet/hrlee/temp_project/alchemlyb/perf/fsizes/32/0005/WORK/dhdl/dhdl.part0004.xvg,44,1,1564266581.861375,1564266581.9229724
read,/oasis/scratch/comet/hrlee/temp_project/alchemlyb/perf/fsizes/32/0010/WORK/dhdl/dhdl.part0002.xvg,92,1,1564266581.861478,1564266581.9229782
read,/oasis/scratch/comet/hrlee/temp_project/alchemlyb/perf/fsizes/32/0009/WORK/dhdl/dhdl.part0000.xvg,80,1,1564266581.8647878,1564266581.9249156
read,/oasis/scratch/comet/hrlee/temp_project/alchemlyb/perf/fsizes/32/0011/WORK/dhdl/dhdl.part0004.xvg,104,1,1564266581.8653457,1564266581.9251606
read,/oasis/scratch/comet/hrlee/temp_project/alchemlyb/perf/fsizes/32/0004/WORK/dhdl/dhdl.part0002.xvg,32,1,1564266581.8649447,1564266581.92536
read,/oasis/scratch/comet/hrlee/temp_project/alchemlyb/perf/fsizes/32/0015/WORK/dhdl/dhdl.part0000.xvg,140,1,1564266581.8726344,1564266581.9285824
read,/oasis/scratch/comet/hrlee/temp_project/alchemlyb/perf/fsizes/32/0006/WORK/dhdl/dhdl.part0006.xvg,56,1,1564266581.8746037,1564266581.9300134
read,/oasis/scratch/comet/hrlee/temp_project/alchemlyb/perf/fsizes/32/0013/WORK/dhdl/dhdl.part0002.xvg,122,1,1564266581.874457,1564266581.9302468
read,/oasis/scratch/comet/hrlee/temp_project/alchemlyb/perf/fsizes/32/0008/WORK/dhdl/dhdl.part0004.xvg,74,1,1564266581.8751738,1564266581.9304261
read,/oasis/scratch/comet/hrlee/temp_project/alchemlyb/perf/fsizes/32/0014/WORK/dhdl/dhdl.part0004.xvg,134,1,1564266581.8748095,1564266581.9308553
read,/oasis/scratch/comet/hrlee/temp_project/alchemlyb/perf/fsizes/32/0009/WORK/dhdl/dhdl.part0006.xvg,86,1,1564266581.875387,1564266581.9310331
read,/oasis/scratch/comet/hrlee/temp_project/alchemlyb/perf/fsizes/32/0003/WORK/dhdl/dhdl.part0006.xvg,26,1,1564266581.8728404,1564266581.9321823
read,/oasis/scratch/comet/hrlee/temp_project/alchemlyb/perf/fsizes/32/0002/WORK/dhdl/dhdl.part0004.xvg,14,1,1564266581.8727994,1564266581.9322162
read,/oasis/scratch/comet/hrlee/temp_project/alchemlyb/perf/fsizes/32/0001/WORK/dhdl/dhdl.part0002.xvg,2,1,1564266581.8728857,1564266581.9326508
read,/oasis/scratch/comet/hrlee/temp_project/alchemlyb/perf/fsizes/32/0004/WORK/dhdl/dhdl.part0008.xvg,38,1,1564266581.873637,1564266581.9330466
read,/oasis/scratch/comet/hrlee/temp_project/alchemlyb/perf/fsizes/32/0007/WORK/dhdl/dhdl.part0002.xvg,62,1,1564266581.8736074,1564266581.933519
read,/oasis/scratch/comet/hrlee/temp_project/alchemlyb/perf/fsizes/32/0010/WORK/dhdl/dhdl.part0008.xvg,98,1,1564266581.8746428,1564266581.9338899
read,/oasis/scratch/comet/hrlee/temp_project/alchemlyb/perf/fsizes/32/0007/WORK/dhdl/dhdl.part0009.xvg,69,1,1564266581.896297,1564266581.9426327
read,/oasis/scratch/comet/hrlee/temp_project/alchemlyb/perf/fsizes/32/0012/WORK/dhdl/dhdl.part0000.xvg,110,1,1564266581.8994772,1564266581.9449556
read,/oasis/scratch/comet/hrlee/temp_project/alchemlyb/perf/fsizes/32/0006/WORK/dhdl/dhdl.part0001.xvg,51,1,1564266581.9023528,1564266581.947135
read,/oasis/scratch/comet/hrlee/temp_project/alchemlyb/perf/fsizes/32/0012/WORK/dhdl/dhdl.part0007.xvg,117,1,1564266581.9012372,1564266581.9474795
read,/oasis/scratch/comet/hrlee/temp_project/alchemlyb/perf/fsizes/32/0013/WORK/dhdl/dhdl.part0008.xvg,128,1,1564266581.8963265,1564266581.9504328
read,/oasis/scratch/comet/hrlee/temp_project/alchemlyb/perf/fsizes/32/0003/WORK/dhdl/dhdl.part0001.xvg,21,1,1564266581.924087,1564266581.9669135
read,/oasis/scratch/comet/hrlee/temp_project/alchemlyb/perf/fsizes/32/0005/WORK/dhdl/dhdl.part0005.xvg,45,1,1564266581.9240165,1564266581.9790912
read,/oasis/scratch/comet/hrlee/temp_project/alchemlyb/perf/fsizes/32/0001/WORK/dhdl/dhdl.part0009.xvg,9,1,1564266581.924041,1564266581.9793935
read,/oasis/scratch/comet/hrlee/temp_project/alchemlyb/perf/fsizes/32/0010/WORK/dhdl/dhdl.part0003.xvg,93,1,1564266581.925689,1564266581.9812076
read,/oasis/scratch/comet/hrlee/temp_project/alchemlyb/perf/fsizes/32/0008/WORK/dhdl/dhdl.part0005.xvg,75,1,1564266581.931377,1564266581.981196
read,/oasis/scratch/comet/hrlee/temp_project/alchemlyb/perf/fsizes/32/0015/WORK/dhdl/dhdl.part0001.xvg,141,1,1564266581.9312809,1564266581.981196
read,/oasis/scratch/comet/hrlee/temp_project/alchemlyb/perf/fsizes/32/0009/WORK/dhdl/dhdl.part0001.xvg,81,1,1564266581.9260163,1564266581.9815748
read,/oasis/scratch/comet/hrlee/temp_project/alchemlyb/perf/fsizes/32/0011/WORK/dhdl/dhdl.part0005.xvg,105,1,1564266581.926064,1564266581.9816523
read,/oasis/scratch/comet/hrlee/temp_project/alchemlyb/perf/fsizes/32/0009/WORK/dhdl/dhdl.part0007.xvg,87,1,1564266581.932022,1564266581.9816518
read,/oasis/scratch/comet/hrlee/temp_project/alchemlyb/perf/fsizes/32/0014/WORK/dhdl/dhdl.part0005.xvg,135,1,1564266581.9318671,1564266581.982037
read,/oasis/scratch/comet/hrlee/temp_project/alchemlyb/perf/fsizes/32/0006/WORK/dhdl/dhdl.part0007.xvg,57,1,1564266581.932595,1564266581.9820342
read,/oasis/scratch/comet/hrlee/temp_project/alchemlyb/perf/fsizes/32/0004/WORK/dhdl/dhdl.part0003.xvg,33,1,1564266581.930157,1564266581.9836771
read,/oasis/scratch/comet/hrlee/temp_project/alchemlyb/perf/fsizes/32/0013/WORK/dhdl/dhdl.part0003.xvg,123,1,1564266581.9313946,1564266581.9859664
read,/oasis/scratch/comet/hrlee/temp_project/alchemlyb/perf/fsizes/32/0001/WORK/dhdl/dhdl.part0003.xvg,3,1,1564266581.9433312,1564266581.989314
read,/oasis/scratch/comet/hrlee/temp_project/alchemlyb/perf/fsizes/32/0002/WORK/dhdl/dhdl.part0005.xvg,15,1,1564266581.9335113,1564266581.9903116
read,/oasis/scratch/comet/hrlee/temp_project/alchemlyb/perf/fsizes/32/0003/WORK/dhdl/dhdl.part0007.xvg,27,1,1564266581.9336343,1564266581.9908724
read,/oasis/scratch/comet/hrlee/temp_project/alchemlyb/perf/fsizes/32/0007/WORK/dhdl/dhdl.part0003.xvg,63,1,1564266581.9344704,1564266581.9912705
read,/oasis/scratch/comet/hrlee/temp_project/alchemlyb/perf/fsizes/32/0004/WORK/dhdl/dhdl.part0009.xvg,39,1,1564266581.9340007,1564266581.9914145
read,/oasis/scratch/comet/hrlee/temp_project/alchemlyb/perf/fsizes/32/0010/WORK/dhdl/dhdl.part0009.xvg,99,1,1564266581.9348094,1564266581.9916046
read,/oasis/scratch/comet/hrlee/temp_project/alchemlyb/perf/fsizes/32/0012/WORK/dhdl/dhdl.part0001.xvg,111,1,1564266581.9465318,1564266581.9933186
read,/oasis/scratch/comet/hrlee/temp_project/alchemlyb/perf/fsizes/32/0008/WORK/dhdl/dhdl.part0000.xvg,70,1,1564266581.9439895,1564266581.9947135
read,/oasis/scratch/comet/hrlee/temp_project/alchemlyb/perf/fsizes/32/0006/WORK/dhdl/dhdl.part0002.xvg,52,1,1564266581.9486961,1564266581.9994056
read,/oasis/scratch/comet/hrlee/temp_project/alchemlyb/perf/fsizes/32/0012/WORK/dhdl/dhdl.part0008.xvg,118,1,1564266581.9550705,1564266582.0020044
read,/oasis/scratch/comet/hrlee/temp_project/alchemlyb/perf/fsizes/32/0013/WORK/dhdl/dhdl.part0009.xvg,129,1,1564266581.9521382,1564266582.007052
read,/oasis/scratch/comet/hrlee/temp_project/alchemlyb/perf/fsizes/32/0003/WORK/dhdl/dhdl.part0002.xvg,22,1,1564266581.9688556,1564266582.0120523
read,/oasis/scratch/comet/hrlee/temp_project/alchemlyb/perf/fsizes/32/0005/WORK/dhdl/dhdl.part0006.xvg,46,1,1564266581.9809206,1564266582.0265138
read,/oasis/scratch/comet/hrlee/temp_project/alchemlyb/perf/fsizes/32/0002/WORK/dhdl/dhdl.part0000.xvg,10,1,1564266581.9818556,1564266582.0274508
read,/oasis/scratch/comet/hrlee/temp_project/alchemlyb/perf/fsizes/32/0011/WORK/dhdl/dhdl.part0006.xvg,106,1,1564266581.9827216,1564266582.0347478
read,/oasis/scratch/comet/hrlee/temp_project/alchemlyb/perf/fsizes/32/0009/WORK/dhdl/dhdl.part0002.xvg,82,1,1564266581.9827213,1564266582.0349314
read,/oasis/scratch/comet/hrlee/temp_project/alchemlyb/perf/fsizes/32/0004/WORK/dhdl/dhdl.part0004.xvg,34,1,1564266581.989934,1564266582.0353332
read,/oasis/scratch/comet/hrlee/temp_project/alchemlyb/perf/fsizes/32/0009/WORK/dhdl/dhdl.part0008.xvg,88,1,1564266581.982602,1564266582.0363495
read,/oasis/scratch/comet/hrlee/temp_project/alchemlyb/perf/fsizes/32/0014/WORK/dhdl/dhdl.part0006.xvg,136,1,1564266581.9831107,1564266582.0367944
read,/oasis/scratch/comet/hrlee/temp_project/alchemlyb/perf/fsizes/32/0015/WORK/dhdl/dhdl.part0002.xvg,142,1,1564266581.9826007,1564266582.0368924
read,/oasis/scratch/comet/hrlee/temp_project/alchemlyb/perf/fsizes/32/0010/WORK/dhdl/dhdl.part0004.xvg,94,1,1564266581.9853473,1564266582.0370128
read,/oasis/scratch/comet/hrlee/temp_project/alchemlyb/perf/fsizes/32/0006/WORK/dhdl/dhdl.part0008.xvg,58,1,1564266581.9831069,1564266582.0387275
read,/oasis/scratch/comet/hrlee/temp_project/alchemlyb/perf/fsizes/32/0008/WORK/dhdl/dhdl.part0006.xvg,76,1,1564266581.9826016,1564266582.0387428
read,/oasis/scratch/comet/hrlee/temp_project/alchemlyb/perf/fsizes/32/0012/WORK/dhdl/dhdl.part0002.xvg,112,1,1564266581.9948606,1564266582.04096
read,/oasis/scratch/comet/hrlee/temp_project/alchemlyb/perf/fsizes/32/0013/WORK/dhdl/dhdl.part0004.xvg,124,1,1564266581.987648,1564266582.042522
read,/oasis/scratch/comet/hrlee/temp_project/alchemlyb/perf/fsizes/32/0002/WORK/dhdl/dhdl.part0006.xvg,16,1,1564266581.991706,1564266582.044685
read,/oasis/scratch/comet/hrlee/temp_project/alchemlyb/perf/fsizes/32/0003/WORK/dhdl/dhdl.part0008.xvg,28,1,1564266581.9919057,1564266582.0452948
read,/oasis/scratch/comet/hrlee/temp_project/alchemlyb/perf/fsizes/32/0011/WORK/dhdl/dhdl.part0000.xvg,100,1,1564266581.992454,1564266582.0456142
read,/oasis/scratch/comet/hrlee/temp_project/alchemlyb/perf/fsizes/32/0005/WORK/dhdl/dhdl.part0000.xvg,40,1,1564266581.992304,1564266582.046263
read,/oasis/scratch/comet/hrlee/temp_project/alchemlyb/perf/fsizes/32/0007/WORK/dhdl/dhdl.part0004.xvg,64,1,1564266581.992138,1564266582.0472724
read,/oasis/scratch/comet/hrlee/temp_project/alchemlyb/perf/fsizes/32/0008/WORK/dhdl/dhdl.part0001.xvg,71,1,1564266581.9959283,1564266582.0490682
read,/oasis/scratch/comet/hrlee/temp_project/alchemlyb/perf/fsizes/32/0001/WORK/dhdl/dhdl.part0004.xvg,4,1,1564266582.0007493,1564266582.0548549
read,/oasis/scratch/comet/hrlee/temp_project/alchemlyb/perf/fsizes/32/0006/WORK/dhdl/dhdl.part0003.xvg,53,1,1564266582.002672,1564266582.0550013
read,/oasis/scratch/comet/hrlee/temp_project/alchemlyb/perf/fsizes/32/0012/WORK/dhdl/dhdl.part0009.xvg,119,1,1564266582.008709,1564266582.0582101
read,/oasis/scratch/comet/hrlee/temp_project/alchemlyb/perf/fsizes/32/0003/WORK/dhdl/dhdl.part0003.xvg,23,1,1564266582.0137956,1564266582.0618114
read,/oasis/scratch/comet/hrlee/temp_project/alchemlyb/perf/fsizes/32/0014/WORK/dhdl/dhdl.part0000.xvg,130,1,1564266582.0087092,1564266582.062272
read,/oasis/scratch/comet/hrlee/temp_project/alchemlyb/perf/fsizes/32/0002/WORK/dhdl/dhdl.part0001.xvg,11,1,1564266582.0289311,1564266582.0752637
read,/oasis/scratch/comet/hrlee/temp_project/alchemlyb/perf/fsizes/32/0005/WORK/dhdl/dhdl.part0007.xvg,47,1,1564266582.0282753,1564266582.0752838
read,/oasis/scratch/comet/hrlee/temp_project/alchemlyb/perf/fsizes/32/0004/WORK/dhdl/dhdl.part0005.xvg,35,1,1564266582.036359,1564266582.082421
read,/oasis/scratch/comet/hrlee/temp_project/alchemlyb/perf/fsizes/32/0009/WORK/dhdl/dhdl.part0003.xvg,83,1,1564266582.036188,1564266582.0860994
read,/oasis/scratch/comet/hrlee/temp_project/alchemlyb/perf/fsizes/32/0011/WORK/dhdl/dhdl.part0007.xvg,107,1,1564266582.0361884,1564266582.0863564
read,/oasis/scratch/comet/hrlee/temp_project/alchemlyb/perf/fsizes/32/0010/WORK/dhdl/dhdl.part0005.xvg,95,1,1564266582.0382595,1564266582.08749
read,/oasis/scratch/comet/hrlee/temp_project/alchemlyb/perf/fsizes/32/0012/WORK/dhdl/dhdl.part0003.xvg,113,1,1564266582.042788,1564266582.0876055
read,/oasis/scratch/comet/hrlee/temp_project/alchemlyb/perf/fsizes/32/0014/WORK/dhdl/dhdl.part0007.xvg,137,1,1564266582.037902,1564266582.090185
read,/oasis/scratch/comet/hrlee/temp_project/alchemlyb/perf/fsizes/32/0009/WORK/dhdl/dhdl.part0009.xvg,89,1,1564266582.0376575,1564266582.090295
read,/oasis/scratch/comet/hrlee/temp_project/alchemlyb/perf/fsizes/32/0015/WORK/dhdl/dhdl.part0003.xvg,143,1,1564266582.037952,1564266582.0903933
read,/oasis/scratch/comet/hrlee/temp_project/alchemlyb/perf/fsizes/32/0006/WORK/dhdl/dhdl.part0009.xvg,59,1,1564266582.040204,1564266582.0960052
read,/oasis/scratch/comet/hrlee/temp_project/alchemlyb/perf/fsizes/32/0008/WORK/dhdl/dhdl.part0007.xvg,77,1,1564266582.040204,1564266582.0964997
read,/oasis/scratch/comet/hrlee/temp_project/alchemlyb/perf/fsizes/32/0015/WORK/dhdl/dhdl.part0004.xvg,144,1,1564266582.0510416,1564266582.0981655
read,/oasis/scratch/comet/hrlee/temp_project/alchemlyb/perf/fsizes/32/0002/WORK/dhdl/dhdl.part0007.xvg,17,1,1564266582.0462031,1564266582.0984197
read,/oasis/scratch/comet/hrlee/temp_project/alchemlyb/perf/fsizes/32/0003/WORK/dhdl/dhdl.part0009.xvg,29,1,1564266582.0463016,1564266582.0985684
read,/oasis/scratch/comet/hrlee/temp_project/alchemlyb/perf/fsizes/32/0011/WORK/dhdl/dhdl.part0001.xvg,101,1,1564266582.046571,1564266582.0988865
read,/oasis/scratch/comet/hrlee/temp_project/alchemlyb/perf/fsizes/32/0013/WORK/dhdl/dhdl.part0005.xvg,125,1,1564266582.0440269,1564266582.098992
read,/oasis/scratch/comet/hrlee/temp_project/alchemlyb/perf/fsizes/32/0005/WORK/dhdl/dhdl.part0001.xvg,41,1,1564266582.0475636,1564266582.0997057
read,/oasis/scratch/comet/hrlee/temp_project/alchemlyb/perf/fsizes/32/0007/WORK/dhdl/dhdl.part0005.xvg,65,1,1564266582.0487072,1564266582.1020257
read,/oasis/scratch/comet/hrlee/temp_project/alchemlyb/perf/fsizes/32/0016/WORK/dhdl/dhdl.part0000.xvg,150,1,1564266582.0588026,1564266582.1036985
read,/oasis/scratch/comet/hrlee/temp_project/alchemlyb/perf/fsizes/32/0001/WORK/dhdl/dhdl.part0005.xvg,5,1,1564266582.0571477,1564266582.1046367
read,/oasis/scratch/comet/hrlee/temp_project/alchemlyb/perf/fsizes/32/0014/WORK/dhdl/dhdl.part0001.xvg,131,1,1564266582.0636756,1564266582.111114
read,/oasis/scratch/comet/hrlee/temp_project/alchemlyb/perf/fsizes/32/0017/WORK/dhdl/dhdl.part0002.xvg,162,1,1564266582.0635378,1564266582.1153574
read,/oasis/scratch/comet/hrlee/temp_project/alchemlyb/perf/fsizes/32/0016/WORK/dhdl/dhdl.part0006.xvg,156,1,1564266582.0736737,1564266582.1220188
read,/oasis/scratch/comet/hrlee/temp_project/alchemlyb/perf/fsizes/32/0020/WORK/dhdl/dhdl.part0008.xvg,198,1,1564266582.0908742,1564266582.129259
read,/oasis/scratch/comet/hrlee/temp_project/alchemlyb/perf/fsizes/32/0017/WORK/dhdl/dhdl.part0008.xvg,168,1,1564266582.077351,1564266582.131385
read,/oasis/scratch/comet/hrlee/temp_project/alchemlyb/perf/fsizes/32/0018/WORK/dhdl/dhdl.part0004.xvg,174,1,1564266582.0831094,1564266582.1329908
read,/oasis/scratch/comet/hrlee/temp_project/alchemlyb/perf/fsizes/32/0019/WORK/dhdl/dhdl.part0000.xvg,180,1,1564266582.0854735,1564266582.1360173
read,/oasis/scratch/comet/hrlee/temp_project/alchemlyb/perf/fsizes/32/0019/WORK/dhdl/dhdl.part0006.xvg,186,1,1564266582.0880275,1564266582.138404
read,/oasis/scratch/comet/hrlee/temp_project/alchemlyb/perf/fsizes/32/0021/WORK/dhdl/dhdl.part0004.xvg,204,1,1564266582.089137,1564266582.1393929
read,/oasis/scratch/comet/hrlee/temp_project/alchemlyb/perf/fsizes/32/0020/WORK/dhdl/dhdl.part0002.xvg,192,1,1564266582.0880272,1564266582.1400676
read,/oasis/scratch/comet/hrlee/temp_project/alchemlyb/perf/fsizes/32/0026/WORK/dhdl/dhdl.part0008.xvg,258,1,1564266582.1001987,1564266582.1420887
read,/oasis/scratch/comet/hrlee/temp_project/alchemlyb/perf/fsizes/32/0026/WORK/dhdl/dhdl.part0002.xvg,252,1,1564266582.1001987,1564266582.142592
read,/oasis/scratch/comet/hrlee/temp_project/alchemlyb/perf/fsizes/32/0022/WORK/dhdl/dhdl.part0000.xvg,210,1,1564266582.091955,1564266582.1480486
read,/oasis/scratch/comet/hrlee/temp_project/alchemlyb/perf/fsizes/32/0028/WORK/dhdl/dhdl.part0000.xvg,270,1,1564266582.104325,1564266582.148832
read,/oasis/scratch/comet/hrlee/temp_project/alchemlyb/perf/fsizes/32/0022/WORK/dhdl/dhdl.part0006.xvg,216,1,1564266582.0919628,1564266582.1488297
read,/oasis/scratch/comet/hrlee/temp_project/alchemlyb/perf/fsizes/32/0015/WORK/dhdl/dhdl.part0005.xvg,145,1,1564266582.0995305,1564266582.1505687
read,/oasis/scratch/comet/hrlee/temp_project/alchemlyb/perf/fsizes/32/0023/WORK/dhdl/dhdl.part0002.xvg,222,1,1564266582.1066005,1564266582.151558
read,/oasis/scratch/comet/hrlee/temp_project/alchemlyb/perf/fsizes/32/0025/WORK/dhdl/dhdl.part0006.xvg,246,1,1564266582.0998156,1564266582.1521633
read,/oasis/scratch/comet/hrlee/temp_project/alchemlyb/perf/fsizes/32/0023/WORK/dhdl/dhdl.part0008.xvg,228,1,1564266582.0979793,1564266582.1551075
read,/oasis/scratch/comet/hrlee/temp_project/alchemlyb/perf/fsizes/32/0024/WORK/dhdl/dhdl.part0004.xvg,234,1,1564266582.0985208,1564266582.1552792
read,/oasis/scratch/comet/hrlee/temp_project/alchemlyb/perf/fsizes/32/0016/WORK/dhdl/dhdl.part0001.xvg,151,1,1564266582.1052027,1564266582.1563418
read,/oasis/scratch/comet/hrlee/temp_project/alchemlyb/perf/fsizes/32/0028/WORK/dhdl/dhdl.part0006.xvg,276,1,1564266582.1065037,1564266582.1565328
read,/oasis/scratch/comet/hrlee/temp_project/alchemlyb/perf/fsizes/32/0025/WORK/dhdl/dhdl.part0000.xvg,240,1,1564266582.0997827,1564266582.1569042
read,/oasis/scratch/comet/hrlee/temp_project/alchemlyb/perf/fsizes/32/0027/WORK/dhdl/dhdl.part0004.xvg,264,1,1564266582.1013982,1564266582.1592412
read,/oasis/scratch/comet/hrlee/temp_project/alchemlyb/perf/fsizes/32/0029/WORK/dhdl/dhdl.part0002.xvg,282,1,1564266582.114193,1564266582.1657262
read,/oasis/scratch/comet/hrlee/temp_project/alchemlyb/perf/fsizes/32/0017/WORK/dhdl/dhdl.part0003.xvg,163,1,1564266582.1175425,1564266582.171602
read,/oasis/scratch/comet/hrlee/temp_project/alchemlyb/perf/fsizes/32/0016/WORK/dhdl/dhdl.part0007.xvg,157,1,1564266582.1240754,1564266582.1749642
read,/oasis/scratch/comet/hrlee/temp_project/alchemlyb/perf/fsizes/32/0020/WORK/dhdl/dhdl.part0009.xvg,199,1,1564266582.1311512,1564266582.1752815
read,/oasis/scratch/comet/hrlee/temp_project/alchemlyb/perf/fsizes/32/0026/WORK/dhdl/dhdl.part0009.xvg,259,1,1564266582.1436453,1564266582.1835601
read,/oasis/scratch/comet/hrlee/temp_project/alchemlyb/perf/fsizes/32/0026/WORK/dhdl/dhdl.part0003.xvg,253,1,1564266582.1436586,1564266582.1838074
read,/oasis/scratch/comet/hrlee/temp_project/alchemlyb/perf/fsizes/32/0018/WORK/dhdl/dhdl.part0005.xvg,175,1,1564266582.1346524,1564266582.1868691
read,/oasis/scratch/comet/hrlee/temp_project/alchemlyb/perf/fsizes/32/0028/WORK/dhdl/dhdl.part0001.xvg,271,1,1564266582.150132,1564266582.1881292
read,/oasis/scratch/comet/hrlee/temp_project/alchemlyb/perf/fsizes/32/0017/WORK/dhdl/dhdl.part0009.xvg,169,1,1564266582.133124,1564266582.1881034
read,/oasis/scratch/comet/hrlee/temp_project/alchemlyb/perf/fsizes/32/0019/WORK/dhdl/dhdl.part0001.xvg,181,1,1564266582.1379807,1564266582.1905518
read,/oasis/scratch/comet/hrlee/temp_project/alchemlyb/perf/fsizes/32/0023/WORK/dhdl/dhdl.part0003.xvg,223,1,1564266582.1531446,1564266582.1907718
read,/oasis/scratch/comet/hrlee/temp_project/alchemlyb/perf/fsizes/32/0019/WORK/dhdl/dhdl.part0007.xvg,187,1,1564266582.1402,1564266582.1922066
read,/oasis/scratch/comet/hrlee/temp_project/alchemlyb/perf/fsizes/32/0021/WORK/dhdl/dhdl.part0005.xvg,205,1,1564266582.1407347,1564266582.1939933
read,/oasis/scratch/comet/hrlee/temp_project/alchemlyb/perf/fsizes/32/0020/WORK/dhdl/dhdl.part0003.xvg,193,1,1564266582.1412897,1564266582.1977005
read,/oasis/scratch/comet/hrlee/temp_project/alchemlyb/perf/fsizes/32/0022/WORK/dhdl/dhdl.part0001.xvg,211,1,1564266582.1496828,1564266582.199406
read,/oasis/scratch/comet/hrlee/temp_project/alchemlyb/perf/fsizes/32/0022/WORK/dhdl/dhdl.part0007.xvg,217,1,1564266582.1501555,1564266582.2027514
read,/oasis/scratch/comet/hrlee/temp_project/alchemlyb/perf/fsizes/32/0015/WORK/dhdl/dhdl.part0006.xvg,146,1,1564266582.1523206,1564266582.2055995
read,/oasis/scratch/comet/hrlee/temp_project/alchemlyb/perf/fsizes/32/0025/WORK/dhdl/dhdl.part0007.xvg,247,1,1564266582.153604,1564266582.205979
read,/oasis/scratch/comet/hrlee/temp_project/alchemlyb/perf/fsizes/32/0016/WORK/dhdl/dhdl.part0002.xvg,152,1,1564266582.1576035,1564266582.2087169
read,/oasis/scratch/comet/hrlee/temp_project/alchemlyb/perf/fsizes/32/0028/WORK/dhdl/dhdl.part0007.xvg,277,1,1564266582.1576078,1564266582.2087169
read,/oasis/scratch/comet/hrlee/temp_project/alchemlyb/perf/fsizes/32/0024/WORK/dhdl/dhdl.part0005.xvg,235,1,1564266582.1566682,1564266582.2134647
read,/oasis/scratch/comet/hrlee/temp_project/alchemlyb/perf/fsizes/32/0023/WORK/dhdl/dhdl.part0009.xvg,229,1,1564266582.1566532,1564266582.214553
read,/oasis/scratch/comet/hrlee/temp_project/alchemlyb/perf/fsizes/32/0025/WORK/dhdl/dhdl.part0001.xvg,241,1,1564266582.1582956,1564266582.216013
read,/oasis/scratch/comet/hrlee/temp_project/alchemlyb/perf/fsizes/32/0027/WORK/dhdl/dhdl.part0005.xvg,265,1,1564266582.161254,1564266582.2185116
read,/oasis/scratch/comet/hrlee/temp_project/alchemlyb/perf/fsizes/32/0029/WORK/dhdl/dhdl.part0003.xvg,283,1,1564266582.1679814,1564266582.223274
read,/oasis/scratch/comet/hrlee/temp_project/alchemlyb/perf/fsizes/32/0016/WORK/dhdl/dhdl.part0008.xvg,158,1,1564266582.1768847,1564266582.2265422
read,/oasis/scratch/comet/hrlee/temp_project/alchemlyb/perf/fsizes/32/0017/WORK/dhdl/dhdl.part0004.xvg,164,1,1564266582.17389,1564266582.2267516
read,/oasis/scratch/comet/hrlee/temp_project/alchemlyb/perf/fsizes/32/0021/WORK/dhdl/dhdl.part0000.xvg,200,1,1564266582.1770337,1564266582.2306461
read,/oasis/scratch/comet/hrlee/temp_project/alchemlyb/perf/fsizes/32/0027/WORK/dhdl/dhdl.part0000.xvg,260,1,1564266582.1855695,1564266582.2319205
read,/oasis/scratch/comet/hrlee/temp_project/alchemlyb/perf/fsizes/32/0026/WORK/dhdl/dhdl.part0004.xvg,254,1,1564266582.1855702,1564266582.2324142
read,/oasis/scratch/comet/hrlee/temp_project/alchemlyb/perf/fsizes/32/0028/WORK/dhdl/dhdl.part0002.xvg,272,1,1564266582.1897163,1564266582.2369397
read,/oasis/scratch/comet/hrlee/temp_project/alchemlyb/perf/fsizes/32/0018/WORK/dhdl/dhdl.part0006.xvg,176,1,1564266582.1888638,1564266582.2376509
read,/oasis/scratch/comet/hrlee/temp_project/alchemlyb/perf/fsizes/32/0019/WORK/dhdl/dhdl.part0002.xvg,182,1,1564266582.1923912,1564266582.2412868
read,/oasis/scratch/comet/hrlee/temp_project/alchemlyb/perf/fsizes/32/0019/WORK/dhdl/dhdl.part0008.xvg,188,1,1564266582.1938276,1564266582.2429183
read,/oasis/scratch/comet/hrlee/temp_project/alchemlyb/perf/fsizes/32/0018/WORK/dhdl/dhdl.part0000.xvg,170,1,1564266582.1897235,1564266582.2429097
read,/oasis/scratch/comet/hrlee/temp_project/alchemlyb/perf/fsizes/32/0023/WORK/dhdl/dhdl.part0004.xvg,224,1,1564266582.1923988,1564266582.242824
read,/oasis/scratch/comet/hrlee/temp_project/alchemlyb/perf/fsizes/32/0021/WORK/dhdl/dhdl.part0006.xvg,206,1,1564266582.1957037,1564266582.247867
read,/oasis/scratch/comet/hrlee/temp_project/alchemlyb/perf/fsizes/32/0020/WORK/dhdl/dhdl.part0004.xvg,194,1,1564266582.199487,1564266582.2516184
read,/oasis/scratch/comet/hrlee/temp_project/alchemlyb/perf/fsizes/32/0022/WORK/dhdl/dhdl.part0002.xvg,212,1,1564266582.201209,1564266582.2534637
read,/oasis/scratch/comet/hrlee/temp_project/alchemlyb/perf/fsizes/32/0015/WORK/dhdl/dhdl.part0007.xvg,147,1,1564266582.2072976,1564266582.2550647
read,/oasis/scratch/comet/hrlee/temp_project/alchemlyb/perf/fsizes/32/0016/WORK/dhdl/dhdl.part0003.xvg,153,1,1564266582.210072,1564266582.2583208
read,/oasis/scratch/comet/hrlee/temp_project/alchemlyb/perf/fsizes/32/0022/WORK/dhdl/dhdl.part0008.xvg,218,1,1564266582.2048566,1564266582.2583654
read,/oasis/scratch/comet/hrlee/temp_project/alchemlyb/perf/fsizes/32/0028/WORK/dhdl/dhdl.part0008.xvg,278,1,1564266582.210072,1564266582.2591243
read,/oasis/scratch/comet/hrlee/temp_project/alchemlyb/perf/fsizes/32/0025/WORK/dhdl/dhdl.part0008.xvg,248,1,1564266582.2143147,1564266582.2634342
read,/oasis/scratch/comet/hrlee/temp_project/alchemlyb/perf/fsizes/32/0024/WORK/dhdl/dhdl.part0006.xvg,236,1,1564266582.2153509,1564266582.263439
read,/oasis/scratch/comet/hrlee/temp_project/alchemlyb/perf/fsizes/32/0024/WORK/dhdl/dhdl.part0000.xvg,230,1,1564266582.216068,1564266582.2695014
read,/oasis/scratch/comet/hrlee/temp_project/alchemlyb/perf/fsizes/32/0025/WORK/dhdl/dhdl.part0002.xvg,242,1,1564266582.2176073,1564266582.2696009
read,/oasis/scratch/comet/hrlee/temp_project/alchemlyb/perf/fsizes/32/0029/WORK/dhdl/dhdl.part0004.xvg,284,1,1564266582.225225,1564266582.2735553
read,/oasis/scratch/comet/hrlee/temp_project/alchemlyb/perf/fsizes/32/0027/WORK/dhdl/dhdl.part0006.xvg,266,1,1564266582.2207701,1564266582.2746491
read,/oasis/scratch/comet/hrlee/temp_project/alchemlyb/perf/fsizes/32/0016/WORK/dhdl/dhdl.part0009.xvg,159,1,1564266582.2286074,1564266582.280556
read,/oasis/scratch/comet/hrlee/temp_project/alchemlyb/perf/fsizes/32/0027/WORK/dhdl/dhdl.part0001.xvg,261,1,1564266582.233355,1564266582.2820094
read,/oasis/scratch/comet/hrlee/temp_project/alchemlyb/perf/fsizes/32/0026/WORK/dhdl/dhdl.part0005.xvg,255,1,1564266582.2336023,1564266582.2822502
read,/oasis/scratch/comet/hrlee/temp_project/alchemlyb/perf/fsizes/32/0017/WORK/dhdl/dhdl.part0005.xvg,165,1,1564266582.2297728,1564266582.2823877
read,/oasis/scratch/comet/hrlee/temp_project/alchemlyb/perf/fsizes/32/0021/WORK/dhdl/dhdl.part0001.xvg,201,1,1564266582.2327576,1564266582.283912
read,/oasis/scratch/comet/hrlee/temp_project/alchemlyb/perf/fsizes/32/0028/WORK/dhdl/dhdl.part0003.xvg,273,1,1564266582.2387273,1564266582.2868514
read,/oasis/scratch/comet/hrlee/temp_project/alchemlyb/perf/fsizes/32/0018/WORK/dhdl/dhdl.part0007.xvg,177,1,1564266582.2394474,1564266582.2887654
read,/oasis/scratch/comet/hrlee/temp_project/alchemlyb/perf/fsizes/32/0023/WORK/dhdl/dhdl.part0005.xvg,225,1,1564266582.2444394,1564266582.2951772
read,/oasis/scratch/comet/hrlee/temp_project/alchemlyb/perf/fsizes/32/0019/WORK/dhdl/dhdl.part0009.xvg,189,1,1564266582.2486188,1564266582.298902
read,/oasis/scratch/comet/hrlee/temp_project/alchemlyb/perf/fsizes/32/0018/WORK/dhdl/dhdl.part0001.xvg,171,1,1564266582.244439,1564266582.2991388
read,/oasis/scratch/comet/hrlee/temp_project/alchemlyb/perf/fsizes/32/0019/WORK/dhdl/dhdl.part0003.xvg,183,1,1564266582.2430348,1564266582.2993042
read,/oasis/scratch/comet/hrlee/temp_project/alchemlyb/perf/fsizes/32/0021/WORK/dhdl/dhdl.part0007.xvg,207,1,1564266582.2494788,1564266582.303392
read,/oasis/scratch/comet/hrlee/temp_project/alchemlyb/perf/fsizes/32/0020/WORK/dhdl/dhdl.part0005.xvg,195,1,1564266582.2533894,1564266582.304164
read,/oasis/scratch/comet/hrlee/temp_project/alchemlyb/perf/fsizes/32/0022/WORK/dhdl/dhdl.part0003.xvg,213,1,1564266582.2552495,1564266582.3074806
read,/oasis/scratch/comet/hrlee/temp_project/alchemlyb/perf/fsizes/32/0015/WORK/dhdl/dhdl.part0008.xvg,148,1,1564266582.2569435,1564266582.3079202
read,/oasis/scratch/comet/hrlee/temp_project/alchemlyb/perf/fsizes/32/0016/WORK/dhdl/dhdl.part0004.xvg,154,1,1564266582.2599766,1564266582.3109431
read,/oasis/scratch/comet/hrlee/temp_project/alchemlyb/perf/fsizes/32/0028/WORK/dhdl/dhdl.part0009.xvg,279,1,1564266582.2603536,1564266582.311995
read,/oasis/scratch/comet/hrlee/temp_project/alchemlyb/perf/fsizes/32/0024/WORK/dhdl/dhdl.part0007.xvg,237,1,1564266582.2654965,1564266582.3126068
read,/oasis/scratch/comet/hrlee/temp_project/alchemlyb/perf/fsizes/32/0022/WORK/dhdl/dhdl.part0009.xvg,219,1,1564266582.2600012,1564266582.3132744
read,/oasis/scratch/comet/hrlee/temp_project/alchemlyb/perf/fsizes/32/0025/WORK/dhdl/dhdl.part0009.xvg,249,1,1564266582.2655065,1564266582.3169994
read,/oasis/scratch/comet/hrlee/temp_project/alchemlyb/perf/fsizes/32/0025/WORK/dhdl/dhdl.part0003.xvg,243,1,1564266582.2711205,1564266582.318595
read,/oasis/scratch/comet/hrlee/temp_project/alchemlyb/perf/fsizes/32/0029/WORK/dhdl/dhdl.part0005.xvg,285,1,1564266582.2755897,1564266582.3240924
read,/oasis/scratch/comet/hrlee/temp_project/alchemlyb/perf/fsizes/32/0024/WORK/dhdl/dhdl.part0001.xvg,231,1,1564266582.2711205,1564266582.3249931
read,/oasis/scratch/comet/hrlee/temp_project/alchemlyb/perf/fsizes/32/0027/WORK/dhdl/dhdl.part0007.xvg,267,1,1564266582.2763896,1564266582.3301103
read,/oasis/scratch/comet/hrlee/temp_project/alchemlyb/perf/fsizes/32/0026/WORK/dhdl/dhdl.part0006.xvg,256,1,1564266582.2835693,1564266582.3321748
read,/oasis/scratch/comet/hrlee/temp_project/alchemlyb/perf/fsizes/32/0027/WORK/dhdl/dhdl.part0002.xvg,262,1,1564266582.2835658,1564266582.3325186
read,/oasis/scratch/comet/hrlee/temp_project/alchemlyb/perf/fsizes/32/0028/WORK/dhdl/dhdl.part0004.xvg,274,1,1564266582.2887008,1564266582.3373127
read,/oasis/scratch/comet/hrlee/temp_project/alchemlyb/perf/fsizes/32/0021/WORK/dhdl/dhdl.part0002.xvg,202,1,1564266582.2855551,1564266582.3374135
read,/oasis/scratch/comet/hrlee/temp_project/alchemlyb/perf/fsizes/32/0017/WORK/dhdl/dhdl.part0006.xvg,166,1,1564266582.2836487,1564266582.3379056
read,/oasis/scratch/comet/hrlee/temp_project/alchemlyb/perf/fsizes/32/0017/WORK/dhdl/dhdl.part0000.xvg,160,1,1564266582.2825341,1564266582.3379376
read,/oasis/scratch/comet/hrlee/temp_project/alchemlyb/perf/fsizes/32/0018/WORK/dhdl/dhdl.part0008.xvg,178,1,1564266582.2905836,1564266582.3418283
read,/oasis/scratch/comet/hrlee/temp_project/alchemlyb/perf/fsizes/32/0023/WORK/dhdl/dhdl.part0006.xvg,226,1,1564266582.297317,1564266582.3487191
read,/oasis/scratch/comet/hrlee/temp_project/alchemlyb/perf/fsizes/32/0020/WORK/dhdl/dhdl.part0000.xvg,190,1,1564266582.3005161,1564266582.3529835
read,/oasis/scratch/comet/hrlee/temp_project/alchemlyb/perf/fsizes/32/0019/WORK/dhdl/dhdl.part0004.xvg,184,1,1564266582.3004699,1564266582.3544724
read,/oasis/scratch/comet/hrlee/temp_project/alchemlyb/perf/fsizes/32/0018/WORK/dhdl/dhdl.part0002.xvg,172,1,1564266582.3040676,1564266582.3563962
read,/oasis/scratch/comet/hrlee/temp_project/alchemlyb/perf/fsizes/32/0021/WORK/dhdl/dhdl.part0008.xvg,208,1,1564266582.3049054,1564266582.3568802
read,/oasis/scratch/comet/hrlee/temp_project/alchemlyb/perf/fsizes/32/0020/WORK/dhdl/dhdl.part0006.xvg,196,1,1564266582.3053734,1564266582.3577752
read,/oasis/scratch/comet/hrlee/temp_project/alchemlyb/perf/fsizes/32/0022/WORK/dhdl/dhdl.part0004.xvg,214,1,1564266582.3092158,1564266582.3614454
read,/oasis/scratch/comet/hrlee/temp_project/alchemlyb/perf/fsizes/32/0015/WORK/dhdl/dhdl.part0009.xvg,149,1,1564266582.3092673,1564266582.3620045
read,/oasis/scratch/comet/hrlee/temp_project/alchemlyb/perf/fsizes/32/0024/WORK/dhdl/dhdl.part0008.xvg,238,1,1564266582.3141148,1564266582.3630636
read,/oasis/scratch/comet/hrlee/temp_project/alchemlyb/perf/fsizes/32/0023/WORK/dhdl/dhdl.part0000.xvg,220,1,1564266582.3147361,1564266582.364631
read,/oasis/scratch/comet/hrlee/temp_project/alchemlyb/perf/fsizes/32/0016/WORK/dhdl/dhdl.part0005.xvg,155,1,1564266582.312607,1564266582.3651583
read,/oasis/scratch/comet/hrlee/temp_project/alchemlyb/perf/fsizes/32/0029/WORK/dhdl/dhdl.part0000.xvg,280,1,1564266582.313467,1564266582.3662395
read,/oasis/scratch/comet/hrlee/temp_project/alchemlyb/perf/fsizes/32/0026/WORK/dhdl/dhdl.part0000.xvg,250,1,1564266582.3190162,1564266582.3708367
read,/oasis/scratch/comet/hrlee/temp_project/alchemlyb/perf/fsizes/32/0025/WORK/dhdl/dhdl.part0004.xvg,244,1,1564266582.3201346,1564266582.3730094
read,/oasis/scratch/comet/hrlee/temp_project/alchemlyb/perf/fsizes/32/0029/WORK/dhdl/dhdl.part0006.xvg,286,1,1564266582.3257954,1564266582.3749158
read,/oasis/scratch/comet/hrlee/temp_project/alchemlyb/perf/fsizes/32/0024/WORK/dhdl/dhdl.part0002.xvg,232,1,1564266582.3264635,1564266582.3792884
read,/oasis/scratch/comet/hrlee/temp_project/alchemlyb/perf/fsizes/32/0027/WORK/dhdl/dhdl.part0008.xvg,268,1,1564266582.332343,1564266582.3821883
read,/oasis/scratch/comet/hrlee/temp_project/alchemlyb/perf/fsizes/32/0027/WORK/dhdl/dhdl.part0003.xvg,263,1,1564266582.333649,1564266582.3826087
read,/oasis/scratch/comet/hrlee/temp_project/alchemlyb/perf/fsizes/32/0026/WORK/dhdl/dhdl.part0007.xvg,257,1,1564266582.333649,1564266582.382994
read,/oasis/scratch/comet/hrlee/temp_project/alchemlyb/perf/fsizes/32/0028/WORK/dhdl/dhdl.part0005.xvg,275,1,1564266582.3390787,1564266582.3877914
read,/oasis/scratch/comet/hrlee/temp_project/alchemlyb/perf/fsizes/32/0021/WORK/dhdl/dhdl.part0003.xvg,203,1,1564266582.339079,1564266582.390143
read,/oasis/scratch/comet/hrlee/temp_project/alchemlyb/perf/fsizes/32/0017/WORK/dhdl/dhdl.part0007.xvg,167,1,1564266582.3392386,1564266582.393173
read,/oasis/scratch/comet/hrlee/temp_project/alchemlyb/perf/fsizes/32/0017/WORK/dhdl/dhdl.part0001.xvg,161,1,1564266582.3392732,1564266582.3939533
read,/oasis/scratch/comet/hrlee/temp_project/alchemlyb/perf/fsizes/32/0018/WORK/dhdl/dhdl.part0009.xvg,179,1,1564266582.3437262,1564266582.3945143
read,/oasis/scratch/comet/hrlee/temp_project/alchemlyb/perf/fsizes/32/0023/WORK/dhdl/dhdl.part0007.xvg,227,1,1564266582.3510482,1564266582.4026883
read,/oasis/scratch/comet/hrlee/temp_project/alchemlyb/perf/fsizes/32/0020/WORK/dhdl/dhdl.part0001.xvg,191,1,1564266582.354898,1564266582.405319
read,/oasis/scratch/comet/hrlee/temp_project/alchemlyb/perf/fsizes/32/0018/WORK/dhdl/dhdl.part0003.xvg,173,1,1564266582.3578172,1564266582.408447
read,/oasis/scratch/comet/hrlee/temp_project/alchemlyb/perf/fsizes/32/0021/WORK/dhdl/dhdl.part0009.xvg,209,1,1564266582.3581357,1564266582.4084759
read,/oasis/scratch/comet/hrlee/temp_project/alchemlyb/perf/fsizes/32/0019/WORK/dhdl/dhdl.part0005.xvg,185,1,1564266582.3560307,1564266582.4091551
read,/oasis/scratch/comet/hrlee/temp_project/alchemlyb/perf/fsizes/32/0020/WORK/dhdl/dhdl.part0007.xvg,197,1,1564266582.358991,1564266582.4097958
read,/oasis/scratch/comet/hrlee/temp_project/alchemlyb/perf/fsizes/32/0024/WORK/dhdl/dhdl.part0009.xvg,239,1,1564266582.3647335,1564266582.4137213
read,/oasis/scratch/comet/hrlee/temp_project/alchemlyb/perf/fsizes/32/0022/WORK/dhdl/dhdl.part0005.xvg,215,1,1564266582.3631625,1564266582.4152675
read,/oasis/scratch/comet/hrlee/temp_project/alchemlyb/perf/fsizes/32/0029/WORK/dhdl/dhdl.part0008.xvg,288,1,1564266582.3637235,1564266582.4154418
read,/oasis/scratch/comet/hrlee/temp_project/alchemlyb/perf/fsizes/32/0023/WORK/dhdl/dhdl.part0001.xvg,221,1,1564266582.366198,1564266582.416177
read,/oasis/scratch/comet/hrlee/temp_project/alchemlyb/perf/fsizes/32/0030/WORK/dhdl/dhdl.part0004.xvg,294,1,1564266582.3669703,1564266582.416826
read,/oasis/scratch/comet/hrlee/temp_project/alchemlyb/perf/fsizes/32/0029/WORK/dhdl/dhdl.part0001.xvg,281,1,1564266582.3676527,1564266582.4172359
read,/oasis/scratch/comet/hrlee/temp_project/alchemlyb/perf/fsizes/32/0026/WORK/dhdl/dhdl.part0001.xvg,251,1,1564266582.3726676,1564266582.4223797
read,/oasis/scratch/comet/hrlee/temp_project/alchemlyb/perf/fsizes/32/0029/WORK/dhdl/dhdl.part0007.xvg,287,1,1564266582.3764963,1564266582.4266672
read,/oasis/scratch/comet/hrlee/temp_project/alchemlyb/perf/fsizes/32/0025/WORK/dhdl/dhdl.part0005.xvg,245,1,1564266582.3747466,1564266582.4287748
read,/oasis/scratch/comet/hrlee/temp_project/alchemlyb/perf/fsizes/32/0027/WORK/dhdl/dhdl.part0009.xvg,269,1,1564266582.383809,1564266582.4356394
read,/oasis/scratch/comet/hrlee/temp_project/alchemlyb/perf/fsizes/32/0031/WORK/dhdl/dhdl.part0000.xvg,300,1,1564266582.3843095,1564266582.4358253
read,/oasis/scratch/comet/hrlee/temp_project/alchemlyb/perf/fsizes/32/0031/WORK/dhdl/dhdl.part0006.xvg,306,1,1564266582.3843095,1564266582.4359233
read,/oasis/scratch/comet/hrlee/temp_project/alchemlyb/perf/fsizes/32/0024/WORK/dhdl/dhdl.part0003.xvg,233,1,1564266582.3812325,1564266582.436216
read,/oasis/scratch/comet/hrlee/temp_project/alchemlyb/perf/fsizes/32/0033/WORK/dhdl/dhdl.part0004.xvg,324,1,1564266582.3950102,1564266582.437951
read,/oasis/scratch/comet/hrlee/temp_project/alchemlyb/perf/fsizes/32/0034/WORK/dhdl/dhdl.part0000.xvg,330,1,1564266582.3956792,1564266582.43899
read,/oasis/scratch/comet/hrlee/temp_project/alchemlyb/perf/fsizes/32/0032/WORK/dhdl/dhdl.part0002.xvg,312,1,1564266582.390145,1564266582.4409876
read,/oasis/scratch/comet/hrlee/temp_project/alchemlyb/perf/fsizes/32/0032/WORK/dhdl/dhdl.part0008.xvg,318,1,1564266582.3923304,1564266582.4431198
read,/oasis/scratch/comet/hrlee/temp_project/alchemlyb/perf/fsizes/32/0034/WORK/dhdl/dhdl.part0006.xvg,336,1,1564266582.405066,1564266582.4491358
read,/oasis/scratch/comet/hrlee/temp_project/alchemlyb/perf/fsizes/32/0036/WORK/dhdl/dhdl.part0004.xvg,354,1,1564266582.4103646,1564266582.4518173
read,/oasis/scratch/comet/hrlee/temp_project/alchemlyb/perf/fsizes/32/0038/WORK/dhdl/dhdl.part0002.xvg,372,1,1564266582.4110541,1564266582.4535203
read,/oasis/scratch/comet/hrlee/temp_project/alchemlyb/perf/fsizes/32/0035/WORK/dhdl/dhdl.part0002.xvg,342,1,1564266582.405628,1564266582.457655
read,/oasis/scratch/comet/hrlee/temp_project/alchemlyb/perf/fsizes/32/0035/WORK/dhdl/dhdl.part0008.xvg,348,1,1564266582.407191,1564266582.4587512
read,/oasis/scratch/comet/hrlee/temp_project/alchemlyb/perf/fsizes/32/0030/WORK/dhdl/dhdl.part0005.xvg,295,1,1564266582.4180045,1564266582.4610405
read,/oasis/scratch/comet/hrlee/temp_project/alchemlyb/perf/fsizes/32/0037/WORK/dhdl/dhdl.part0000.xvg,360,1,1564266582.410509,1564266582.4621043
read,/oasis/scratch/comet/hrlee/temp_project/alchemlyb/perf/fsizes/32/0037/WORK/dhdl/dhdl.part0006.xvg,366,1,1564266582.4105318,1564266582.4624822
read,/oasis/scratch/comet/hrlee/temp_project/alchemlyb/perf/fsizes/32/0038/WORK/dhdl/dhdl.part0008.xvg,378,1,1564266582.415878,1564266582.4685893
read,/oasis/scratch/comet/hrlee/temp_project/alchemlyb/perf/fsizes/32/0029/WORK/dhdl/dhdl.part0009.xvg,289,1,1564266582.4167087,1564266582.4690576
read,/oasis/scratch/comet/hrlee/temp_project/alchemlyb/perf/fsizes/32/0039/WORK/dhdl/dhdl.part0004.xvg,384,1,1564266582.416824,1564266582.4691167
read,/oasis/scratch/comet/hrlee/temp_project/alchemlyb/perf/fsizes/32/0040/WORK/dhdl/dhdl.part0000.xvg,390,1,1564266582.417753,1564266582.4697442
read,/oasis/scratch/comet/hrlee/temp_project/alchemlyb/perf/fsizes/32/0040/WORK/dhdl/dhdl.part0006.xvg,396,1,1564266582.4187646,1564266582.4709518
read,/oasis/scratch/comet/hrlee/temp_project/alchemlyb/perf/fsizes/32/0041/WORK/dhdl/dhdl.part0002.xvg,402,1,1564266582.4247677,1564266582.475156
read,/oasis/scratch/comet/hrlee/temp_project/alchemlyb/perf/fsizes/32/0042/WORK/dhdl/dhdl.part0004.xvg,414,1,1564266582.430641,1564266582.4815516
read,/oasis/scratch/comet/hrlee/temp_project/alchemlyb/perf/fsizes/32/0041/WORK/dhdl/dhdl.part0008.xvg,408,1,1564266582.4290638,1564266582.4819362
read,/oasis/scratch/comet/hrlee/temp_project/alchemlyb/perf/fsizes/32/0033/WORK/dhdl/dhdl.part0005.xvg,325,1,1564266582.439539,1564266582.4845662
read,/oasis/scratch/comet/hrlee/temp_project/alchemlyb/perf/fsizes/32/0031/WORK/dhdl/dhdl.part0001.xvg,301,1,1564266582.4372563,1564266582.4891822
read,/oasis/scratch/comet/hrlee/temp_project/alchemlyb/perf/fsizes/32/0043/WORK/dhdl/dhdl.part0006.xvg,426,1,1564266582.437368,1564266582.490607
read,/oasis/scratch/comet/hrlee/temp_project/alchemlyb/perf/fsizes/32/0031/WORK/dhdl/dhdl.part0007.xvg,307,1,1564266582.4372563,1564266582.4913414
read,/oasis/scratch/comet/hrlee/temp_project/alchemlyb/perf/fsizes/32/0032/WORK/dhdl/dhdl.part0003.xvg,313,1,1564266582.4426408,1564266582.4949856
read,/oasis/scratch/comet/hrlee/temp_project/alchemlyb/perf/fsizes/32/0034/WORK/dhdl/dhdl.part0001.xvg,331,1,1564266582.4504335,1564266582.4949543
read,/oasis/scratch/comet/hrlee/temp_project/alchemlyb/perf/fsizes/32/0036/WORK/dhdl/dhdl.part0005.xvg,355,1,1564266582.4534519,1564266582.4965708
read,/oasis/scratch/comet/hrlee/temp_project/alchemlyb/perf/fsizes/32/0034/WORK/dhdl/dhdl.part0007.xvg,337,1,1564266582.4525332,1564266582.4974976
read,/oasis/scratch/comet/hrlee/temp_project/alchemlyb/perf/fsizes/32/0043/WORK/dhdl/dhdl.part0000.xvg,420,1,1564266582.4426408,1564266582.4975133
read,/oasis/scratch/comet/hrlee/temp_project/alchemlyb/perf/fsizes/32/0032/WORK/dhdl/dhdl.part0009.xvg,319,1,1564266582.4448261,1564266582.4975665
read,/oasis/scratch/comet/hrlee/temp_project/alchemlyb/perf/fsizes/32/0038/WORK/dhdl/dhdl.part0003.xvg,373,1,1564266582.4551914,1564266582.4985094
read,/oasis/scratch/comet/hrlee/temp_project/alchemlyb/perf/fsizes/32/0030/WORK/dhdl/dhdl.part0006.xvg,296,1,1564266582.4627373,1564266582.507615
read,/oasis/scratch/comet/hrlee/temp_project/alchemlyb/perf/fsizes/32/0035/WORK/dhdl/dhdl.part0003.xvg,343,1,1564266582.45965,1564266582.5123677
read,/oasis/scratch/comet/hrlee/temp_project/alchemlyb/perf/fsizes/32/0035/WORK/dhdl/dhdl.part0009.xvg,349,1,1564266582.46045,1564266582.5139153
read,/oasis/scratch/comet/hrlee/temp_project/alchemlyb/perf/fsizes/32/0037/WORK/dhdl/dhdl.part0001.xvg,361,1,1564266582.4633453,1564266582.520263
read,/oasis/scratch/comet/hrlee/temp_project/alchemlyb/perf/fsizes/32/0037/WORK/dhdl/dhdl.part0007.xvg,367,1,1564266582.4636073,1564266582.5202518
read,/oasis/scratch/comet/hrlee/temp_project/alchemlyb/perf/fsizes/32/0038/WORK/dhdl/dhdl.part0009.xvg,379,1,1564266582.4701676,1564266582.5222578
read,/oasis/scratch/comet/hrlee/temp_project/alchemlyb/perf/fsizes/32/0039/WORK/dhdl/dhdl.part0005.xvg,385,1,1564266582.4703035,1564266582.522828
read,/oasis/scratch/comet/hrlee/temp_project/alchemlyb/perf/fsizes/32/0040/WORK/dhdl/dhdl.part0001.xvg,391,1,1564266582.4709356,1564266582.5231378
read,/oasis/scratch/comet/hrlee/temp_project/alchemlyb/perf/fsizes/32/0030/WORK/dhdl/dhdl.part0000.xvg,290,1,1564266582.4705067,1564266582.5262048
read,/oasis/scratch/comet/hrlee/temp_project/alchemlyb/perf/fsizes/32/0040/WORK/dhdl/dhdl.part0007.xvg,397,1,1564266582.472517,1564266582.5277524
read,/oasis/scratch/comet/hrlee/temp_project/alchemlyb/perf/fsizes/32/0041/WORK/dhdl/dhdl.part0003.xvg,403,1,1564266582.477067,1564266582.5305214
read,/oasis/scratch/comet/hrlee/temp_project/alchemlyb/perf/fsizes/32/0033/WORK/dhdl/dhdl.part0006.xvg,326,1,1564266582.486288,1564266582.5332422
read,/oasis/scratch/comet/hrlee/temp_project/alchemlyb/perf/fsizes/32/0042/WORK/dhdl/dhdl.part0005.xvg,415,1,1564266582.48333,1564266582.5340166
read,/oasis/scratch/comet/hrlee/temp_project/alchemlyb/perf/fsizes/32/0041/WORK/dhdl/dhdl.part0009.xvg,409,1,1564266582.48333,1564266582.5364215
read,/oasis/scratch/comet/hrlee/temp_project/alchemlyb/perf/fsizes/32/0034/WORK/dhdl/dhdl.part0002.xvg,332,1,1564266582.4966414,1564266582.5425286
read,/oasis/scratch/comet/hrlee/temp_project/alchemlyb/perf/fsizes/32/0031/WORK/dhdl/dhdl.part0002.xvg,302,1,1564266582.4910276,1564266582.5427837
read,/oasis/scratch/comet/hrlee/temp_project/alchemlyb/perf/fsizes/32/0036/WORK/dhdl/dhdl.part0006.xvg,356,1,1564266582.4980032,1564266582.5432198
read,/oasis/scratch/comet/hrlee/temp_project/alchemlyb/perf/fsizes/32/0043/WORK/dhdl/dhdl.part0007.xvg,427,1,1564266582.491983,1564266582.545058
read,/oasis/scratch/comet/hrlee/temp_project/alchemlyb/perf/fsizes/32/0031/WORK/dhdl/dhdl.part0008.xvg,308,1,1564266582.4924934,1564266582.5451593
read,/oasis/scratch/comet/hrlee/temp_project/alchemlyb/perf/fsizes/32/0034/WORK/dhdl/dhdl.part0008.xvg,338,1,1564266582.4989514,1564266582.545175
read,/oasis/scratch/comet/hrlee/temp_project/alchemlyb/perf/fsizes/32/0038/WORK/dhdl/dhdl.part0004.xvg,374,1,1564266582.4998758,1564266582.5453353
read,/oasis/scratch/comet/hrlee/temp_project/alchemlyb/perf/fsizes/32/0032/WORK/dhdl/dhdl.part0004.xvg,314,1,1564266582.4966304,1564266582.5488868
read,/oasis/scratch/comet/hrlee/temp_project/alchemlyb/perf/fsizes/32/0030/WORK/dhdl/dhdl.part0007.xvg,297,1,1564266582.5095913,1564266582.552768
read,/oasis/scratch/comet/hrlee/temp_project/alchemlyb/perf/fsizes/32/0043/WORK/dhdl/dhdl.part0001.xvg,421,1,1564266582.4989643,1564266582.553546
read,/oasis/scratch/comet/hrlee/temp_project/alchemlyb/perf/fsizes/32/0033/WORK/dhdl/dhdl.part0000.xvg,320,1,1564266582.4989643,1564266582.5550144
read,/oasis/scratch/comet/hrlee/temp_project/alchemlyb/perf/fsizes/32/0036/WORK/dhdl/dhdl.part0000.xvg,350,1,1564266582.5158377,1564266582.5569665
read,/oasis/scratch/comet/hrlee/temp_project/alchemlyb/perf/fsizes/32/0035/WORK/dhdl/dhdl.part0004.xvg,344,1,1564266582.5143933,1564266582.5688477
read,/oasis/scratch/comet/hrlee/temp_project/alchemlyb/perf/fsizes/32/0039/WORK/dhdl/dhdl.part0000.xvg,380,1,1564266582.5238552,1564266582.5772557
read,/oasis/scratch/comet/hrlee/temp_project/alchemlyb/perf/fsizes/32/0039/WORK/dhdl/dhdl.part0006.xvg,386,1,1564266582.5242271,1564266582.5775023
read,/oasis/scratch/comet/hrlee/temp_project/alchemlyb/perf/fsizes/32/0040/WORK/dhdl/dhdl.part0002.xvg,392,1,1564266582.5242271,1564266582.577839
read,/oasis/scratch/comet/hrlee/temp_project/alchemlyb/perf/fsizes/32/0033/WORK/dhdl/dhdl.part0007.xvg,327,1,1564266582.5346174,1564266582.5846083
read,/oasis/scratch/comet/hrlee/temp_project/alchemlyb/perf/fsizes/32/0030/WORK/dhdl/dhdl.part0001.xvg,291,1,1564266582.527964,1564266582.5861113
read,/oasis/scratch/comet/hrlee/temp_project/alchemlyb/perf/fsizes/32/0040/WORK/dhdl/dhdl.part0008.xvg,398,1,1564266582.529145,1564266582.586426
read,/oasis/scratch/comet/hrlee/temp_project/alchemlyb/perf/fsizes/32/0042/WORK/dhdl/dhdl.part0006.xvg,416,1,1564266582.535625,1564266582.5865161
read,/oasis/scratch/comet/hrlee/temp_project/alchemlyb/perf/fsizes/32/0037/WORK/dhdl/dhdl.part0008.xvg,368,1,1564266582.5219703,1564266582.5881367
read,/oasis/scratch/comet/hrlee/temp_project/alchemlyb/perf/fsizes/32/0041/WORK/dhdl/dhdl.part0004.xvg,404,1,1564266582.5321004,1564266582.588702
read,/oasis/scratch/comet/hrlee/temp_project/alchemlyb/perf/fsizes/32/0042/WORK/dhdl/dhdl.part0000.xvg,410,1,1564266582.5380657,1564266582.588847
read,/oasis/scratch/comet/hrlee/temp_project/alchemlyb/perf/fsizes/32/0037/WORK/dhdl/dhdl.part0002.xvg,362,1,1564266582.5327008,1564266582.5893369
read,/oasis/scratch/comet/hrlee/temp_project/alchemlyb/perf/fsizes/32/0034/WORK/dhdl/dhdl.part0003.xvg,333,1,1564266582.5440037,1564266582.5925307
read,/oasis/scratch/comet/hrlee/temp_project/alchemlyb/perf/fsizes/32/0036/WORK/dhdl/dhdl.part0007.xvg,357,1,1564266582.544347,1564266582.5926867
read,/oasis/scratch/comet/hrlee/temp_project/alchemlyb/perf/fsizes/32/0038/WORK/dhdl/dhdl.part0005.xvg,375,1,1564266582.5464768,1564266582.5952218
read,/oasis/scratch/comet/hrlee/temp_project/alchemlyb/perf/fsizes/32/0031/WORK/dhdl/dhdl.part0003.xvg,303,1,1564266582.5441923,1564266582.595965
read,/oasis/scratch/comet/hrlee/temp_project/alchemlyb/perf/fsizes/32/0034/WORK/dhdl/dhdl.part0009.xvg,339,1,1564266582.5465064,1564266582.596261
read,/oasis/scratch/comet/hrlee/temp_project/alchemlyb/perf/fsizes/32/0031/WORK/dhdl/dhdl.part0009.xvg,309,1,1564266582.5465157,1564266582.598616
read,/oasis/scratch/comet/hrlee/temp_project/alchemlyb/perf/fsizes/32/0043/WORK/dhdl/dhdl.part0008.xvg,428,1,1564266582.5465488,1564266582.5993745
read,/oasis/scratch/comet/hrlee/temp_project/alchemlyb/perf/fsizes/32/0032/WORK/dhdl/dhdl.part0005.xvg,315,1,1564266582.5503473,1564266582.6021223
read,/oasis/scratch/comet/hrlee/temp_project/alchemlyb/perf/fsizes/32/0030/WORK/dhdl/dhdl.part0008.xvg,298,1,1564266582.554403,1564266582.6040695
read,/oasis/scratch/comet/hrlee/temp_project/alchemlyb/perf/fsizes/32/0036/WORK/dhdl/dhdl.part0001.xvg,351,1,1564266582.558491,1564266582.6072614
read,/oasis/scratch/comet/hrlee/temp_project/alchemlyb/perf/fsizes/32/0043/WORK/dhdl/dhdl.part0002.xvg,422,1,1564266582.5555274,1564266582.6085842
read,/oasis/scratch/comet/hrlee/temp_project/alchemlyb/perf/fsizes/32/0033/WORK/dhdl/dhdl.part0001.xvg,321,1,1564266582.556596,1564266582.6103172
read,/oasis/scratch/comet/hrlee/temp_project/alchemlyb/perf/fsizes/32/0035/WORK/dhdl/dhdl.part0005.xvg,345,1,1564266582.570784,1564266582.6235409
read,/oasis/scratch/comet/hrlee/temp_project/alchemlyb/perf/fsizes/32/0033/WORK/dhdl/dhdl.part0008.xvg,328,1,1564266582.5864105,1564266582.6297562
read,/oasis/scratch/comet/hrlee/temp_project/alchemlyb/perf/fsizes/32/0039/WORK/dhdl/dhdl.part0001.xvg,381,1,1564266582.5789602,1564266582.6314628
read,/oasis/scratch/comet/hrlee/temp_project/alchemlyb/perf/fsizes/32/0039/WORK/dhdl/dhdl.part0007.xvg,387,1,1564266582.5789578,1564266582.631799
read,/oasis/scratch/comet/hrlee/temp_project/alchemlyb/perf/fsizes/32/0030/WORK/dhdl/dhdl.part0002.xvg,292,1,1564266582.5874078,1564266582.6320827
read,/oasis/scratch/comet/hrlee/temp_project/alchemlyb/perf/fsizes/32/0040/WORK/dhdl/dhdl.part0003.xvg,393,1,1564266582.5789578,1564266582.6324322
read,/oasis/scratch/comet/hrlee/temp_project/alchemlyb/perf/fsizes/32/0040/WORK/dhdl/dhdl.part0009.xvg,399,1,1564266582.587476,1564266582.6389198
read,/oasis/scratch/comet/hrlee/temp_project/alchemlyb/perf/fsizes/32/0042/WORK/dhdl/dhdl.part0007.xvg,417,1,1564266582.5879014,1564266582.6391275
read,/oasis/scratch/comet/hrlee/temp_project/alchemlyb/perf/fsizes/32/0034/WORK/dhdl/dhdl.part0004.xvg,334,1,1564266582.594014,1564266582.6392279
read,/oasis/scratch/comet/hrlee/temp_project/alchemlyb/perf/fsizes/32/0036/WORK/dhdl/dhdl.part0008.xvg,358,1,1564266582.5941048,1564266582.6394346
read,/oasis/scratch/comet/hrlee/temp_project/alchemlyb/perf/fsizes/32/0037/WORK/dhdl/dhdl.part0003.xvg,363,1,1564266582.590422,1564266582.641063
read,/oasis/scratch/comet/hrlee/temp_project/alchemlyb/perf/fsizes/32/0042/WORK/dhdl/dhdl.part0001.xvg,411,1,1564266582.5903368,1564266582.6417248
read,/oasis/scratch/comet/hrlee/temp_project/alchemlyb/perf/fsizes/32/0038/WORK/dhdl/dhdl.part0006.xvg,376,1,1564266582.5966012,1564266582.6430035
read,/oasis/scratch/comet/hrlee/temp_project/alchemlyb/perf/fsizes/32/0035/WORK/dhdl/dhdl.part0000.xvg,340,1,1564266582.5973635,1564266582.643264
read,/oasis/scratch/comet/hrlee/temp_project/alchemlyb/perf/fsizes/32/0031/WORK/dhdl/dhdl.part0004.xvg,304,1,1564266582.5973682,1564266582.6482909
read,/oasis/scratch/comet/hrlee/temp_project/alchemlyb/perf/fsizes/32/0032/WORK/dhdl/dhdl.part0000.xvg,310,1,1564266582.6001854,1564266582.6517043
read,/oasis/scratch/comet/hrlee/temp_project/alchemlyb/perf/fsizes/32/0043/WORK/dhdl/dhdl.part0009.xvg,429,1,1564266582.6006052,1564266582.652575
read,/oasis/scratch/comet/hrlee/temp_project/alchemlyb/perf/fsizes/32/0030/WORK/dhdl/dhdl.part0009.xvg,299,1,1564266582.6054308,1564266582.6536098
read,/oasis/scratch/comet/hrlee/temp_project/alchemlyb/perf/fsizes/32/0032/WORK/dhdl/dhdl.part0006.xvg,316,1,1564266582.6036766,1564266582.6552916
read,/oasis/scratch/comet/hrlee/temp_project/alchemlyb/perf/fsizes/32/0037/WORK/dhdl/dhdl.part0009.xvg,369,1,1564266582.589788,1564266582.6554358
read,/oasis/scratch/comet/hrlee/temp_project/alchemlyb/perf/fsizes/32/0036/WORK/dhdl/dhdl.part0002.xvg,352,1,1564266582.608956,1564266582.6585593
read,/oasis/scratch/comet/hrlee/temp_project/alchemlyb/perf/fsizes/32/0043/WORK/dhdl/dhdl.part0003.xvg,423,1,1564266582.6103199,1564266582.6616583
read,/oasis/scratch/comet/hrlee/temp_project/alchemlyb/perf/fsizes/32/0041/WORK/dhdl/dhdl.part0005.xvg,405,1,1564266582.6009974,1564266582.6621337
read,/oasis/scratch/comet/hrlee/temp_project/alchemlyb/perf/fsizes/32/0033/WORK/dhdl/dhdl.part0002.xvg,322,1,1564266582.6118863,1564266582.663442
read,/oasis/scratch/comet/hrlee/temp_project/alchemlyb/perf/fsizes/32/0035/WORK/dhdl/dhdl.part0006.xvg,346,1,1564266582.6256022,1564266582.6766243
read,/oasis/scratch/comet/hrlee/temp_project/alchemlyb/perf/fsizes/32/0033/WORK/dhdl/dhdl.part0009.xvg,329,1,1564266582.6318727,1564266582.683821
read,/oasis/scratch/comet/hrlee/temp_project/alchemlyb/perf/fsizes/32/0039/WORK/dhdl/dhdl.part0008.xvg,388,1,1564266582.6330788,1564266582.684337
read,/oasis/scratch/comet/hrlee/temp_project/alchemlyb/perf/fsizes/32/0039/WORK/dhdl/dhdl.part0002.xvg,382,1,1564266582.633083,1564266582.6843946
read,/oasis/scratch/comet/hrlee/temp_project/alchemlyb/perf/fsizes/32/0040/WORK/dhdl/dhdl.part0004.xvg,394,1,1564266582.6335797,1564266582.6849487
read,/oasis/scratch/comet/hrlee/temp_project/alchemlyb/perf/fsizes/32/0030/WORK/dhdl/dhdl.part0003.xvg,293,1,1564266582.6334562,1564266582.6854355
read,/oasis/scratch/comet/hrlee/temp_project/alchemlyb/perf/fsizes/32/0042/WORK/dhdl/dhdl.part0008.xvg,418,1,1564266582.640981,1564266582.6906712
read,/oasis/scratch/comet/hrlee/temp_project/alchemlyb/perf/fsizes/32/0041/WORK/dhdl/dhdl.part0000.xvg,400,1,1564266582.6405036,1564266582.6913033
read,/oasis/scratch/comet/hrlee/temp_project/alchemlyb/perf/fsizes/32/0036/WORK/dhdl/dhdl.part0009.xvg,359,1,1564266582.6406553,1564266582.6914263
read,/oasis/scratch/comet/hrlee/temp_project/alchemlyb/perf/fsizes/32/0034/WORK/dhdl/dhdl.part0005.xvg,335,1,1564266582.6404934,1564266582.6918209
read,/oasis/scratch/comet/hrlee/temp_project/alchemlyb/perf/fsizes/32/0037/WORK/dhdl/dhdl.part0004.xvg,364,1,1564266582.6424906,1564266582.692747
read,/oasis/scratch/comet/hrlee/temp_project/alchemlyb/perf/fsizes/32/0038/WORK/dhdl/dhdl.part0007.xvg,377,1,1564266582.6442962,1564266582.6940665
read,/oasis/scratch/comet/hrlee/temp_project/alchemlyb/perf/fsizes/32/0042/WORK/dhdl/dhdl.part0002.xvg,412,1,1564266582.643414,1564266582.6949258
read,/oasis/scratch/comet/hrlee/temp_project/alchemlyb/perf/fsizes/32/0035/WORK/dhdl/dhdl.part0001.xvg,341,1,1564266582.6491027,1564266582.6987932
read,/oasis/scratch/comet/hrlee/temp_project/alchemlyb/perf/fsizes/32/0031/WORK/dhdl/dhdl.part0005.xvg,305,1,1564266582.6500423,1564266582.7003667
read,/oasis/scratch/comet/hrlee/temp_project/alchemlyb/perf/fsizes/32/0032/WORK/dhdl/dhdl.part0001.xvg,311,1,1564266582.653497,1564266582.703906
read,/oasis/scratch/comet/hrlee/temp_project/alchemlyb/perf/fsizes/32/0044/WORK/dhdl/dhdl.part0002.xvg,432,1,1564266582.655376,1564266582.7045867
read,/oasis/scratch/comet/hrlee/temp_project/alchemlyb/perf/fsizes/32/0044/WORK/dhdl/dhdl.part0000.xvg,430,1,1564266582.6542811,1564266582.7059062
read,/oasis/scratch/comet/hrlee/temp_project/alchemlyb/perf/fsizes/32/0038/WORK/dhdl/dhdl.part0000.xvg,370,1,1564266582.6566632,1564266582.707267
read,/oasis/scratch/comet/hrlee/temp_project/alchemlyb/perf/fsizes/32/0032/WORK/dhdl/dhdl.part0007.xvg,317,1,1564266582.6566164,1564266582.7079551
read,/oasis/scratch/comet/hrlee/temp_project/alchemlyb/perf/fsizes/32/0036/WORK/dhdl/dhdl.part0003.xvg,353,1,1564266582.6605396,1564266582.7094939
read,/oasis/scratch/comet/hrlee/temp_project/alchemlyb/perf/fsizes/32/0041/WORK/dhdl/dhdl.part0006.xvg,406,1,1564266582.6636796,1564266582.7120154
read,/oasis/scratch/comet/hrlee/temp_project/alchemlyb/perf/fsizes/32/0043/WORK/dhdl/dhdl.part0004.xvg,424,1,1564266582.6636732,1564266582.7158482
read,/oasis/scratch/comet/hrlee/temp_project/alchemlyb/perf/fsizes/32/0033/WORK/dhdl/dhdl.part0003.xvg,323,1,1564266582.6650863,1564266582.717963
read,/oasis/scratch/comet/hrlee/temp_project/alchemlyb/perf/fsizes/32/0044/WORK/dhdl/dhdl.part0008.xvg,438,1,1564266582.686618,1564266582.7309554
read,/oasis/scratch/comet/hrlee/temp_project/alchemlyb/perf/fsizes/32/0035/WORK/dhdl/dhdl.part0007.xvg,347,1,1564266582.6788633,1564266582.731444
read,/oasis/scratch/comet/hrlee/temp_project/alchemlyb/perf/fsizes/32/0045/WORK/dhdl/dhdl.part0004.xvg,444,1,1564266582.6914442,1564266582.7367766
read,/oasis/scratch/comet/hrlee/temp_project/alchemlyb/perf/fsizes/32/0046/WORK/dhdl/dhdl.part0000.xvg,450,1,1564266582.6926076,1564266582.7370853
read,/oasis/scratch/comet/hrlee/temp_project/alchemlyb/perf/fsizes/32/0041/WORK/dhdl/dhdl.part0001.xvg,401,1,1564266582.6925495,1564266582.7371871
read,/oasis/scratch/comet/hrlee/temp_project/alchemlyb/perf/fsizes/32/0039/WORK/dhdl/dhdl.part0003.xvg,383,1,1564266582.6860006,1564266582.7372947
read,/oasis/scratch/comet/hrlee/temp_project/alchemlyb/perf/fsizes/32/0040/WORK/dhdl/dhdl.part0005.xvg,395,1,1564266582.6860657,1564266582.7381463
read,/oasis/scratch/comet/hrlee/temp_project/alchemlyb/perf/fsizes/32/0039/WORK/dhdl/dhdl.part0009.xvg,389,1,1564266582.6860006,1564266582.738289
read,/oasis/scratch/comet/hrlee/temp_project/alchemlyb/perf/fsizes/32/0042/WORK/dhdl/dhdl.part0009.xvg,419,1,1564266582.6925175,1564266582.7406697
read,/oasis/scratch/comet/hrlee/temp_project/alchemlyb/perf/fsizes/32/0042/WORK/dhdl/dhdl.part0003.xvg,413,1,1564266582.6966736,1564266582.7435675
read,/oasis/scratch/comet/hrlee/temp_project/alchemlyb/perf/fsizes/32/0046/WORK/dhdl/dhdl.part0006.xvg,456,1,1564266582.693644,1564266582.7445986
read,/oasis/scratch/comet/hrlee/temp_project/alchemlyb/perf/fsizes/32/0047/WORK/dhdl/dhdl.part0008.xvg,468,1,1564266582.7028685,1564266582.746689
read,/oasis/scratch/comet/hrlee/temp_project/alchemlyb/perf/fsizes/32/0047/WORK/dhdl/dhdl.part0002.xvg,462,1,1564266582.695745,1564266582.7475085
read,/oasis/scratch/comet/hrlee/temp_project/alchemlyb/perf/fsizes/32/0049/WORK/dhdl/dhdl.part0000.xvg,480,1,1564266582.7060232,1564266582.7488434
read,/oasis/scratch/comet/hrlee/temp_project/alchemlyb/perf/fsizes/32/0044/WORK/dhdl/dhdl.part0001.xvg,431,1,1564266582.70771,1564266582.7499564
read,/oasis/scratch/comet/hrlee/temp_project/alchemlyb/perf/fsizes/32/0037/WORK/dhdl/dhdl.part0005.xvg,365,1,1564266582.6994536,1564266582.7506506
read,/oasis/scratch/comet/hrlee/temp_project/alchemlyb/perf/fsizes/32/0049/WORK/dhdl/dhdl.part0006.xvg,486,1,1564266582.7096126,1564266582.7509348
read,/oasis/scratch/comet/hrlee/temp_project/alchemlyb/perf/fsizes/32/0044/WORK/dhdl/dhdl.part0003.xvg,433,1,1564266582.7060885,1564266582.75173
read,/oasis/scratch/comet/hrlee/temp_project/alchemlyb/perf/fsizes/32/0038/WORK/dhdl/dhdl.part0001.xvg,371,1,1564266582.7088165,1564266582.7546718
read,/oasis/scratch/comet/hrlee/temp_project/alchemlyb/perf/fsizes/32/0048/WORK/dhdl/dhdl.part0004.xvg,474,1,1564266582.7037213,1564266582.7548354
read,/oasis/scratch/comet/hrlee/temp_project/alchemlyb/perf/fsizes/32/0043/WORK/dhdl/dhdl.part0005.xvg,425,1,1564266582.7181523,1564266582.7559576
read,/oasis/scratch/comet/hrlee/temp_project/alchemlyb/perf/fsizes/32/0050/WORK/dhdl/dhdl.part0008.xvg,498,1,1564266582.720181,1564266582.7584121
read,/oasis/scratch/comet/hrlee/temp_project/alchemlyb/perf/fsizes/32/0050/WORK/dhdl/dhdl.part0002.xvg,492,1,1564266582.7112682,1564266582.7591805
read,/oasis/scratch/comet/hrlee/temp_project/alchemlyb/perf/fsizes/32/0041/WORK/dhdl/dhdl.part0007.xvg,407,1,1564266582.7139156,1564266582.7602084
read,/oasis/scratch/comet/hrlee/temp_project/alchemlyb/perf/fsizes/32/0044/WORK/dhdl/dhdl.part0009.xvg,439,1,1564266582.7328458,1564266582.769311
read,/oasis/scratch/comet/hrlee/temp_project/alchemlyb/perf/fsizes/32/0046/WORK/dhdl/dhdl.part0001.xvg,451,1,1564266582.738205,1564266582.7728634
read,/oasis/scratch/comet/hrlee/temp_project/alchemlyb/perf/fsizes/32/0045/WORK/dhdl/dhdl.part0005.xvg,445,1,1564266582.738205,1564266582.773485
read,/oasis/scratch/comet/hrlee/temp_project/alchemlyb/perf/fsizes/32/0049/WORK/dhdl/dhdl.part0001.xvg,481,1,1564266582.7499907,1564266582.7778769
read,/oasis/scratch/comet/hrlee/temp_project/alchemlyb/perf/fsizes/32/0047/WORK/dhdl/dhdl.part0009.xvg,469,1,1564266582.7481325,1564266582.7784402
read,/oasis/scratch/comet/hrlee/temp_project/alchemlyb/perf/fsizes/32/0046/WORK/dhdl/dhdl.part0007.xvg,457,1,1564266582.7463787,1564266582.7795875
read,/oasis/scratch/comet/hrlee/temp_project/alchemlyb/perf/fsizes/32/0049/WORK/dhdl/dhdl.part0007.xvg,487,1,1564266582.7518897,1564266582.7796092
read,/oasis/scratch/comet/hrlee/temp_project/alchemlyb/perf/fsizes/32/0047/WORK/dhdl/dhdl.part0003.xvg,463,1,1564266582.7489796,1564266582.7819657
read,/oasis/scratch/comet/hrlee/temp_project/alchemlyb/perf/fsizes/32/0044/WORK/dhdl/dhdl.part0004.xvg,434,1,1564266582.752794,1564266582.7839267
read,/oasis/scratch/comet/hrlee/temp_project/alchemlyb/perf/fsizes/32/0048/WORK/dhdl/dhdl.part0005.xvg,475,1,1564266582.755952,1564266582.7882075
read,/oasis/scratch/comet/hrlee/temp_project/alchemlyb/perf/fsizes/32/0050/WORK/dhdl/dhdl.part0009.xvg,499,1,1564266582.759901,1564266582.7894084
read,/oasis/scratch/comet/hrlee/temp_project/alchemlyb/perf/fsizes/32/0050/WORK/dhdl/dhdl.part0003.xvg,493,1,1564266582.7604578,1564266582.7925222
read,/oasis/scratch/comet/hrlee/temp_project/alchemlyb/perf/fsizes/32/0045/WORK/dhdl/dhdl.part0000.xvg,440,1,1564266582.7708097,1564266582.8011656
read,/oasis/scratch/comet/hrlee/temp_project/alchemlyb/perf/fsizes/32/0046/WORK/dhdl/dhdl.part0002.xvg,452,1,1564266582.7741334,1564266582.8039312
read,/oasis/scratch/comet/hrlee/temp_project/alchemlyb/perf/fsizes/32/0045/WORK/dhdl/dhdl.part0006.xvg,446,1,1564266582.7744734,1564266582.8046982
read,/oasis/scratch/comet/hrlee/temp_project/alchemlyb/perf/fsizes/32/0049/WORK/dhdl/dhdl.part0002.xvg,482,1,1564266582.7791944,1564266582.8068562
read,/oasis/scratch/comet/hrlee/temp_project/alchemlyb/perf/fsizes/32/0049/WORK/dhdl/dhdl.part0008.xvg,488,1,1564266582.7805874,1564266582.8082676
read,/oasis/scratch/comet/hrlee/temp_project/alchemlyb/perf/fsizes/32/0048/WORK/dhdl/dhdl.part0000.xvg,470,1,1564266582.7794805,1564266582.8086255
read,/oasis/scratch/comet/hrlee/temp_project/alchemlyb/perf/fsizes/32/0046/WORK/dhdl/dhdl.part0008.xvg,458,1,1564266582.7808,1564266582.8115704
read,/oasis/scratch/comet/hrlee/temp_project/alchemlyb/perf/fsizes/32/0047/WORK/dhdl/dhdl.part0004.xvg,464,1,1564266582.7833664,1564266582.8141892
read,/oasis/scratch/comet/hrlee/temp_project/alchemlyb/perf/fsizes/32/0044/WORK/dhdl/dhdl.part0005.xvg,435,1,1564266582.7851367,1564266582.8146677
read,/oasis/scratch/comet/hrlee/temp_project/alchemlyb/perf/fsizes/32/0048/WORK/dhdl/dhdl.part0006.xvg,476,1,1564266582.789277,1564266582.8196366
read,/oasis/scratch/comet/hrlee/temp_project/alchemlyb/perf/fsizes/32/0050/WORK/dhdl/dhdl.part0004.xvg,494,1,1564266582.793852,1564266582.8242702
read,/oasis/scratch/comet/hrlee/temp_project/alchemlyb/perf/fsizes/32/0045/WORK/dhdl/dhdl.part0001.xvg,441,1,1564266582.8025618,1564266582.8314836
read,/oasis/scratch/comet/hrlee/temp_project/alchemlyb/perf/fsizes/32/0046/WORK/dhdl/dhdl.part0003.xvg,453,1,1564266582.805275,1564266582.8336635
read,/oasis/scratch/comet/hrlee/temp_project/alchemlyb/perf/fsizes/32/0045/WORK/dhdl/dhdl.part0007.xvg,447,1,1564266582.805718,1564266582.8346155
read,/oasis/scratch/comet/hrlee/temp_project/alchemlyb/perf/fsizes/32/0049/WORK/dhdl/dhdl.part0003.xvg,483,1,1564266582.8081458,1564266582.8358111
read,/oasis/scratch/comet/hrlee/temp_project/alchemlyb/perf/fsizes/32/0049/WORK/dhdl/dhdl.part0009.xvg,489,1,1564266582.8092887,1564266582.8372025
read,/oasis/scratch/comet/hrlee/temp_project/alchemlyb/perf/fsizes/32/0048/WORK/dhdl/dhdl.part0001.xvg,471,1,1564266582.80947,1564266582.8384638
read,/oasis/scratch/comet/hrlee/temp_project/alchemlyb/perf/fsizes/32/0046/WORK/dhdl/dhdl.part0009.xvg,459,1,1564266582.812971,1564266582.8432865
read,/oasis/scratch/comet/hrlee/temp_project/alchemlyb/perf/fsizes/32/0047/WORK/dhdl/dhdl.part0005.xvg,465,1,1564266582.815654,1564266582.8432426
read,/oasis/scratch/comet/hrlee/temp_project/alchemlyb/perf/fsizes/32/0044/WORK/dhdl/dhdl.part0006.xvg,436,1,1564266582.8157945,1564266582.845109
read,/oasis/scratch/comet/hrlee/temp_project/alchemlyb/perf/fsizes/32/0048/WORK/dhdl/dhdl.part0007.xvg,477,1,1564266582.8210478,1564266582.8520057
read,/oasis/scratch/comet/hrlee/temp_project/alchemlyb/perf/fsizes/32/0050/WORK/dhdl/dhdl.part0005.xvg,495,1,1564266582.825595,1564266582.856488
read,/oasis/scratch/comet/hrlee/temp_project/alchemlyb/perf/fsizes/32/0045/WORK/dhdl/dhdl.part0002.xvg,442,1,1564266582.832822,1564266582.8618512
read,/oasis/scratch/comet/hrlee/temp_project/alchemlyb/perf/fsizes/32/0046/WORK/dhdl/dhdl.part0004.xvg,454,1,1564266582.8349595,1564266582.8634417
read,/oasis/scratch/comet/hrlee/temp_project/alchemlyb/perf/fsizes/32/0049/WORK/dhdl/dhdl.part0004.xvg,484,1,1564266582.8370743,1564266582.8648252
read,/oasis/scratch/comet/hrlee/temp_project/alchemlyb/perf/fsizes/32/0045/WORK/dhdl/dhdl.part0008.xvg,448,1,1564266582.835664,1564266582.86495
read,/oasis/scratch/comet/hrlee/temp_project/alchemlyb/perf/fsizes/32/0050/WORK/dhdl/dhdl.part0000.xvg,490,1,1564266582.8383532,1564266582.8660703
read,/oasis/scratch/comet/hrlee/temp_project/alchemlyb/perf/fsizes/32/0048/WORK/dhdl/dhdl.part0002.xvg,472,1,1564266582.8394597,1564266582.868659
read,/oasis/scratch/comet/hrlee/temp_project/alchemlyb/perf/fsizes/32/0047/WORK/dhdl/dhdl.part0006.xvg,466,1,1564266582.8446271,1564266582.8721838
read,/oasis/scratch/comet/hrlee/temp_project/alchemlyb/perf/fsizes/32/0047/WORK/dhdl/dhdl.part0000.xvg,460,1,1564266582.8446229,1564266582.8747835
read,/oasis/scratch/comet/hrlee/temp_project/alchemlyb/perf/fsizes/32/0044/WORK/dhdl/dhdl.part0007.xvg,437,1,1564266582.846296,1564266582.8751981
read,/oasis/scratch/comet/hrlee/temp_project/alchemlyb/perf/fsizes/32/0048/WORK/dhdl/dhdl.part0008.xvg,478,1,1564266582.8533847,1564266582.8836257
read,/oasis/scratch/comet/hrlee/temp_project/alchemlyb/perf/fsizes/32/0050/WORK/dhdl/dhdl.part0006.xvg,496,1,1564266582.8577983,1564266582.8878756
read,/oasis/scratch/comet/hrlee/temp_project/alchemlyb/perf/fsizes/32/0045/WORK/dhdl/dhdl.part0003.xvg,443,1,1564266582.8633657,1564266582.8912992
read,/oasis/scratch/comet/hrlee/temp_project/alchemlyb/perf/fsizes/32/0046/WORK/dhdl/dhdl.part0005.xvg,455,1,1564266582.8645968,1564266582.8920622
read,/oasis/scratch/comet/hrlee/temp_project/alchemlyb/perf/fsizes/32/0049/WORK/dhdl/dhdl.part0005.xvg,485,1,1564266582.866017,1564266582.893977
read,/oasis/scratch/comet/hrlee/temp_project/alchemlyb/perf/fsizes/32/0050/WORK/dhdl/dhdl.part0001.xvg,491,1,1564266582.8670726,1564266582.895103
read,/oasis/scratch/comet/hrlee/temp_project/alchemlyb/perf/fsizes/32/0045/WORK/dhdl/dhdl.part0009.xvg,449,1,1564266582.866036,1564266582.8966384
read,/oasis/scratch/comet/hrlee/temp_project/alchemlyb/perf/fsizes/32/0048/WORK/dhdl/dhdl.part0003.xvg,473,1,1564266582.8699763,1564266582.8993683
read,/oasis/scratch/comet/hrlee/temp_project/alchemlyb/perf/fsizes/32/0047/WORK/dhdl/dhdl.part0007.xvg,467,1,1564266582.8736682,1564266582.900991
read,/oasis/scratch/comet/hrlee/temp_project/alchemlyb/perf/fsizes/32/0047/WORK/dhdl/dhdl.part0001.xvg,461,1,1564266582.87594,1564266582.9045172
read,/oasis/scratch/comet/hrlee/temp_project/alchemlyb/perf/fsizes/32/0048/WORK/dhdl/dhdl.part0009.xvg,479,1,1564266582.885011,1564266582.9136908
read,/oasis/scratch/comet/hrlee/temp_project/alchemlyb/perf/fsizes/32/0050/WORK/dhdl/dhdl.part0007.xvg,497,1,1564266582.8890808,1564266582.917372
