read,/oasis/scratch/comet/hrlee/temp_project/alchemlyb/perf/fsizes/32/0002/WORK/dhdl/dhdl.part0008.xvg,18,1,1564264000.154896,1564264000.209576
read,/oasis/scratch/comet/hrlee/temp_project/alchemlyb/perf/fsizes/32/0007/WORK/dhdl/dhdl.part0006.xvg,66,1,1564264000.1554062,1564264000.210153
read,/oasis/scratch/comet/hrlee/temp_project/alchemlyb/perf/fsizes/32/0005/WORK/dhdl/dhdl.part0002.xvg,42,1,1564264000.1552541,1564264000.2102573
read,/oasis/scratch/comet/hrlee/temp_project/alchemlyb/perf/fsizes/32/0006/WORK/dhdl/dhdl.part0004.xvg,54,1,1564264000.1552687,1564264000.21048
read,/oasis/scratch/comet/hrlee/temp_project/alchemlyb/perf/fsizes/32/0010/WORK/dhdl/dhdl.part0000.xvg,90,1,1564264000.155607,1564264000.210504
read,/oasis/scratch/comet/hrlee/temp_project/alchemlyb/perf/fsizes/32/0012/WORK/dhdl/dhdl.part0004.xvg,114,1,1564264000.1558957,1564264000.2105398
read,/oasis/scratch/comet/hrlee/temp_project/alchemlyb/perf/fsizes/32/0004/WORK/dhdl/dhdl.part0000.xvg,30,1,1564264000.1549008,1564264000.2107522
read,/oasis/scratch/comet/hrlee/temp_project/alchemlyb/perf/fsizes/32/0001/WORK/dhdl/dhdl.part0006.xvg,6,1,1564264000.1547174,1564264000.211446
read,/oasis/scratch/comet/hrlee/temp_project/alchemlyb/perf/fsizes/32/0013/WORK/dhdl/dhdl.part0006.xvg,126,1,1564264000.1560497,1564264000.212216
read,/oasis/scratch/comet/hrlee/temp_project/alchemlyb/perf/fsizes/32/0008/WORK/dhdl/dhdl.part0008.xvg,78,1,1564264000.1555276,1564264000.2125053
read,/oasis/scratch/comet/hrlee/temp_project/alchemlyb/perf/fsizes/32/0014/WORK/dhdl/dhdl.part0008.xvg,138,1,1564264000.1579607,1564264000.2130368
read,/oasis/scratch/comet/hrlee/temp_project/alchemlyb/perf/fsizes/32/0001/WORK/dhdl/dhdl.part0000.xvg,0,1,1564264000.15471,1564264000.2143068
read,/oasis/scratch/comet/hrlee/temp_project/alchemlyb/perf/fsizes/32/0002/WORK/dhdl/dhdl.part0002.xvg,12,1,1564264000.1547244,1564264000.2142992
read,/oasis/scratch/comet/hrlee/temp_project/alchemlyb/perf/fsizes/32/0004/WORK/dhdl/dhdl.part0006.xvg,36,1,1564264000.1549308,1564264000.2142687
read,/oasis/scratch/comet/hrlee/temp_project/alchemlyb/perf/fsizes/32/0007/WORK/dhdl/dhdl.part0000.xvg,60,1,1564264000.15534,1564264000.2148778
read,/oasis/scratch/comet/hrlee/temp_project/alchemlyb/perf/fsizes/32/0003/WORK/dhdl/dhdl.part0004.xvg,24,1,1564264000.1549318,1564264000.2149248
read,/oasis/scratch/comet/hrlee/temp_project/alchemlyb/perf/fsizes/32/0005/WORK/dhdl/dhdl.part0008.xvg,48,1,1564264000.1552768,1564264000.215436
read,/oasis/scratch/comet/hrlee/temp_project/alchemlyb/perf/fsizes/32/0010/WORK/dhdl/dhdl.part0006.xvg,96,1,1564264000.1556711,1564264000.2156155
read,/oasis/scratch/comet/hrlee/temp_project/alchemlyb/perf/fsizes/32/0013/WORK/dhdl/dhdl.part0000.xvg,120,1,1564264000.1559808,1564264000.215677
read,/oasis/scratch/comet/hrlee/temp_project/alchemlyb/perf/fsizes/32/0014/WORK/dhdl/dhdl.part0002.xvg,132,1,1564264000.1561928,1564264000.2156928
read,/oasis/scratch/comet/hrlee/temp_project/alchemlyb/perf/fsizes/32/0008/WORK/dhdl/dhdl.part0002.xvg,72,1,1564264000.1553922,1564264000.2158382
read,/oasis/scratch/comet/hrlee/temp_project/alchemlyb/perf/fsizes/32/0009/WORK/dhdl/dhdl.part0004.xvg,84,1,1564264000.1556349,1564264000.215847
read,/oasis/scratch/comet/hrlee/temp_project/alchemlyb/perf/fsizes/32/0011/WORK/dhdl/dhdl.part0008.xvg,108,1,1564264000.15581,1564264000.2158659
read,/oasis/scratch/comet/hrlee/temp_project/alchemlyb/perf/fsizes/32/0011/WORK/dhdl/dhdl.part0002.xvg,102,1,1564264000.1658294,1564264000.2204516
read,/oasis/scratch/comet/hrlee/temp_project/alchemlyb/perf/fsizes/32/0005/WORK/dhdl/dhdl.part0003.xvg,43,1,1564264000.211589,1564264000.2662973
read,/oasis/scratch/comet/hrlee/temp_project/alchemlyb/perf/fsizes/32/0002/WORK/dhdl/dhdl.part0009.xvg,19,1,1564264000.2114778,1564264000.2663295
read,/oasis/scratch/comet/hrlee/temp_project/alchemlyb/perf/fsizes/32/0007/WORK/dhdl/dhdl.part0007.xvg,67,1,1564264000.2116296,1564264000.2663815
read,/oasis/scratch/comet/hrlee/temp_project/alchemlyb/perf/fsizes/32/0006/WORK/dhdl/dhdl.part0005.xvg,55,1,1564264000.2117372,1564264000.2666767
read,/oasis/scratch/comet/hrlee/temp_project/alchemlyb/perf/fsizes/32/0012/WORK/dhdl/dhdl.part0005.xvg,115,1,1564264000.2117703,1564264000.26688
read,/oasis/scratch/comet/hrlee/temp_project/alchemlyb/perf/fsizes/32/0010/WORK/dhdl/dhdl.part0001.xvg,91,1,1564264000.2130287,1564264000.2680883
read,/oasis/scratch/comet/hrlee/temp_project/alchemlyb/perf/fsizes/32/0001/WORK/dhdl/dhdl.part0007.xvg,7,1,1564264000.2125955,1564264000.268301
read,/oasis/scratch/comet/hrlee/temp_project/alchemlyb/perf/fsizes/32/0013/WORK/dhdl/dhdl.part0007.xvg,127,1,1564264000.2134516,1564264000.2691274
read,/oasis/scratch/comet/hrlee/temp_project/alchemlyb/perf/fsizes/32/0004/WORK/dhdl/dhdl.part0001.xvg,31,1,1564264000.2136142,1564264000.2693439
read,/oasis/scratch/comet/hrlee/temp_project/alchemlyb/perf/fsizes/32/0008/WORK/dhdl/dhdl.part0009.xvg,79,1,1564264000.2136393,1564264000.2693408
read,/oasis/scratch/comet/hrlee/temp_project/alchemlyb/perf/fsizes/32/0011/WORK/dhdl/dhdl.part0003.xvg,103,1,1564264000.222356,1564264000.2737405
read,/oasis/scratch/comet/hrlee/temp_project/alchemlyb/perf/fsizes/32/0009/WORK/dhdl/dhdl.part0005.xvg,85,1,1564264000.2215557,1564264000.2739644
read,/oasis/scratch/comet/hrlee/temp_project/alchemlyb/perf/fsizes/32/0014/WORK/dhdl/dhdl.part0009.xvg,139,1,1564264000.2159123,1564264000.275588
read,/oasis/scratch/comet/hrlee/temp_project/alchemlyb/perf/fsizes/32/0004/WORK/dhdl/dhdl.part0007.xvg,37,1,1564264000.215905,1564264000.2761087
read,/oasis/scratch/comet/hrlee/temp_project/alchemlyb/perf/fsizes/32/0007/WORK/dhdl/dhdl.part0001.xvg,61,1,1564264000.2161472,1564264000.2761893
read,/oasis/scratch/comet/hrlee/temp_project/alchemlyb/perf/fsizes/32/0002/WORK/dhdl/dhdl.part0003.xvg,13,1,1564264000.2159047,1564264000.2762148
read,/oasis/scratch/comet/hrlee/temp_project/alchemlyb/perf/fsizes/32/0003/WORK/dhdl/dhdl.part0005.xvg,25,1,1564264000.2162158,1564264000.276615
read,/oasis/scratch/comet/hrlee/temp_project/alchemlyb/perf/fsizes/32/0001/WORK/dhdl/dhdl.part0001.xvg,1,1,1564264000.2162137,1564264000.2768612
read,/oasis/scratch/comet/hrlee/temp_project/alchemlyb/perf/fsizes/32/0010/WORK/dhdl/dhdl.part0007.xvg,97,1,1564264000.2167935,1564264000.2770512
read,/oasis/scratch/comet/hrlee/temp_project/alchemlyb/perf/fsizes/32/0014/WORK/dhdl/dhdl.part0003.xvg,133,1,1564264000.216856,1564264000.2770798
read,/oasis/scratch/comet/hrlee/temp_project/alchemlyb/perf/fsizes/32/0013/WORK/dhdl/dhdl.part0001.xvg,121,1,1564264000.2172291,1564264000.2774036
read,/oasis/scratch/comet/hrlee/temp_project/alchemlyb/perf/fsizes/32/0005/WORK/dhdl/dhdl.part0009.xvg,49,1,1564264000.2166817,1564264000.2774582
read,/oasis/scratch/comet/hrlee/temp_project/alchemlyb/perf/fsizes/32/0011/WORK/dhdl/dhdl.part0009.xvg,109,1,1564264000.2171266,1564264000.277666
read,/oasis/scratch/comet/hrlee/temp_project/alchemlyb/perf/fsizes/32/0008/WORK/dhdl/dhdl.part0003.xvg,73,1,1564264000.2171617,1564264000.2780373
read,/oasis/scratch/comet/hrlee/temp_project/alchemlyb/perf/fsizes/32/0007/WORK/dhdl/dhdl.part0008.xvg,68,1,1564264000.2676675,1564264000.2996016
read,/oasis/scratch/comet/hrlee/temp_project/alchemlyb/perf/fsizes/32/0012/WORK/dhdl/dhdl.part0006.xvg,116,1,1564264000.2688756,1564264000.3026443
read,/oasis/scratch/comet/hrlee/temp_project/alchemlyb/perf/fsizes/32/0005/WORK/dhdl/dhdl.part0004.xvg,44,1,1564264000.2676675,1564264000.323887
read,/oasis/scratch/comet/hrlee/temp_project/alchemlyb/perf/fsizes/32/0003/WORK/dhdl/dhdl.part0000.xvg,20,1,1564264000.2676675,1564264000.3241
read,/oasis/scratch/comet/hrlee/temp_project/alchemlyb/perf/fsizes/32/0006/WORK/dhdl/dhdl.part0006.xvg,56,1,1564264000.267838,1564264000.3241951
read,/oasis/scratch/comet/hrlee/temp_project/alchemlyb/perf/fsizes/32/0010/WORK/dhdl/dhdl.part0002.xvg,92,1,1564264000.2691753,1564264000.3243668
read,/oasis/scratch/comet/hrlee/temp_project/alchemlyb/perf/fsizes/32/0013/WORK/dhdl/dhdl.part0008.xvg,128,1,1564264000.2701304,1564264000.3250763
read,/oasis/scratch/comet/hrlee/temp_project/alchemlyb/perf/fsizes/32/0015/WORK/dhdl/dhdl.part0000.xvg,140,1,1564264000.276985,1564264000.326026
read,/oasis/scratch/comet/hrlee/temp_project/alchemlyb/perf/fsizes/32/0001/WORK/dhdl/dhdl.part0008.xvg,8,1,1564264000.26998,1564264000.3266504
read,/oasis/scratch/comet/hrlee/temp_project/alchemlyb/perf/fsizes/32/0014/WORK/dhdl/dhdl.part0004.xvg,134,1,1564264000.2779117,1564264000.3284316
read,/oasis/scratch/comet/hrlee/temp_project/alchemlyb/perf/fsizes/32/0009/WORK/dhdl/dhdl.part0000.xvg,80,1,1564264000.2742977,1564264000.3285823
read,/oasis/scratch/comet/hrlee/temp_project/alchemlyb/perf/fsizes/32/0011/WORK/dhdl/dhdl.part0004.xvg,104,1,1564264000.2750313,1564264000.3287618
read,/oasis/scratch/comet/hrlee/temp_project/alchemlyb/perf/fsizes/32/0004/WORK/dhdl/dhdl.part0002.xvg,32,1,1564264000.2742972,1564264000.3293488
read,/oasis/scratch/comet/hrlee/temp_project/alchemlyb/perf/fsizes/32/0013/WORK/dhdl/dhdl.part0002.xvg,122,1,1564264000.278173,1564264000.3293478
read,/oasis/scratch/comet/hrlee/temp_project/alchemlyb/perf/fsizes/32/0009/WORK/dhdl/dhdl.part0006.xvg,86,1,1564264000.2751284,1564264000.3293822
read,/oasis/scratch/comet/hrlee/temp_project/alchemlyb/perf/fsizes/32/0008/WORK/dhdl/dhdl.part0004.xvg,74,1,1564264000.278839,1564264000.329972
read,/oasis/scratch/comet/hrlee/temp_project/alchemlyb/perf/fsizes/32/0007/WORK/dhdl/dhdl.part0002.xvg,62,1,1564264000.277295,1564264000.3367043
read,/oasis/scratch/comet/hrlee/temp_project/alchemlyb/perf/fsizes/32/0002/WORK/dhdl/dhdl.part0004.xvg,14,1,1564264000.2773023,1564264000.3368943
read,/oasis/scratch/comet/hrlee/temp_project/alchemlyb/perf/fsizes/32/0004/WORK/dhdl/dhdl.part0008.xvg,38,1,1564264000.2772925,1564264000.3377275
read,/oasis/scratch/comet/hrlee/temp_project/alchemlyb/perf/fsizes/32/0001/WORK/dhdl/dhdl.part0002.xvg,2,1,1564264000.2776573,1564264000.3377073
read,/oasis/scratch/comet/hrlee/temp_project/alchemlyb/perf/fsizes/32/0003/WORK/dhdl/dhdl.part0006.xvg,26,1,1564264000.2775362,1564264000.3378274
read,/oasis/scratch/comet/hrlee/temp_project/alchemlyb/perf/fsizes/32/0012/WORK/dhdl/dhdl.part0000.xvg,110,1,1564264000.278425,1564264000.3380637
read,/oasis/scratch/comet/hrlee/temp_project/alchemlyb/perf/fsizes/32/0010/WORK/dhdl/dhdl.part0008.xvg,98,1,1564264000.2779102,1564264000.3381412
read,/oasis/scratch/comet/hrlee/temp_project/alchemlyb/perf/fsizes/32/0006/WORK/dhdl/dhdl.part0000.xvg,50,1,1564264000.2782521,1564264000.3382766
read,/oasis/scratch/comet/hrlee/temp_project/alchemlyb/perf/fsizes/32/0007/WORK/dhdl/dhdl.part0009.xvg,69,1,1564264000.3163753,1564264000.3569958
read,/oasis/scratch/comet/hrlee/temp_project/alchemlyb/perf/fsizes/32/0012/WORK/dhdl/dhdl.part0007.xvg,117,1,1564264000.3189337,1564264000.362
read,/oasis/scratch/comet/hrlee/temp_project/alchemlyb/perf/fsizes/32/0015/WORK/dhdl/dhdl.part0001.xvg,141,1,1564264000.327278,1564264000.363236
read,/oasis/scratch/comet/hrlee/temp_project/alchemlyb/perf/fsizes/32/0014/WORK/dhdl/dhdl.part0005.xvg,135,1,1564264000.329707,1564264000.3649812
read,/oasis/scratch/comet/hrlee/temp_project/alchemlyb/perf/fsizes/32/0008/WORK/dhdl/dhdl.part0005.xvg,75,1,1564264000.3309157,1564264000.365857
read,/oasis/scratch/comet/hrlee/temp_project/alchemlyb/perf/fsizes/32/0003/WORK/dhdl/dhdl.part0001.xvg,21,1,1564264000.3254833,1564264000.37053
read,/oasis/scratch/comet/hrlee/temp_project/alchemlyb/perf/fsizes/32/0013/WORK/dhdl/dhdl.part0009.xvg,129,1,1564264000.3259146,1564264000.3711796
read,/oasis/scratch/comet/hrlee/temp_project/alchemlyb/perf/fsizes/32/0013/WORK/dhdl/dhdl.part0003.xvg,123,1,1564264000.3303597,1564264000.3735826
read,/oasis/scratch/comet/hrlee/temp_project/alchemlyb/perf/fsizes/32/0005/WORK/dhdl/dhdl.part0005.xvg,45,1,1564264000.325483,1564264000.384485
read,/oasis/scratch/comet/hrlee/temp_project/alchemlyb/perf/fsizes/32/0010/WORK/dhdl/dhdl.part0003.xvg,93,1,1564264000.3254836,1564264000.3844833
read,/oasis/scratch/comet/hrlee/temp_project/alchemlyb/perf/fsizes/32/0006/WORK/dhdl/dhdl.part0007.xvg,57,1,1564264000.3255308,1564264000.3844833
read,/oasis/scratch/comet/hrlee/temp_project/alchemlyb/perf/fsizes/32/0001/WORK/dhdl/dhdl.part0009.xvg,9,1,1564264000.3278863,1564264000.3872344
read,/oasis/scratch/comet/hrlee/temp_project/alchemlyb/perf/fsizes/32/0009/WORK/dhdl/dhdl.part0001.xvg,81,1,1564264000.3297029,1564264000.3875206
read,/oasis/scratch/comet/hrlee/temp_project/alchemlyb/perf/fsizes/32/0004/WORK/dhdl/dhdl.part0003.xvg,33,1,1564264000.3302994,1564264000.3883462
read,/oasis/scratch/comet/hrlee/temp_project/alchemlyb/perf/fsizes/32/0009/WORK/dhdl/dhdl.part0007.xvg,87,1,1564264000.330317,1564264000.3892572
read,/oasis/scratch/comet/hrlee/temp_project/alchemlyb/perf/fsizes/32/0011/WORK/dhdl/dhdl.part0005.xvg,105,1,1564264000.337461,1564264000.3929658
read,/oasis/scratch/comet/hrlee/temp_project/alchemlyb/perf/fsizes/32/0002/WORK/dhdl/dhdl.part0005.xvg,15,1,1564264000.3380144,1564264000.4044535
read,/oasis/scratch/comet/hrlee/temp_project/alchemlyb/perf/fsizes/32/0007/WORK/dhdl/dhdl.part0003.xvg,63,1,1564264000.3380291,1564264000.4048636
read,/oasis/scratch/comet/hrlee/temp_project/alchemlyb/perf/fsizes/32/0004/WORK/dhdl/dhdl.part0009.xvg,39,1,1564264000.3385289,1564264000.4057164
read,/oasis/scratch/comet/hrlee/temp_project/alchemlyb/perf/fsizes/32/0001/WORK/dhdl/dhdl.part0003.xvg,3,1,1564264000.3384936,1564264000.4057407
read,/oasis/scratch/comet/hrlee/temp_project/alchemlyb/perf/fsizes/32/0003/WORK/dhdl/dhdl.part0007.xvg,27,1,1564264000.3385894,1564264000.405906
read,/oasis/scratch/comet/hrlee/temp_project/alchemlyb/perf/fsizes/32/0010/WORK/dhdl/dhdl.part0009.xvg,99,1,1564264000.338862,1564264000.4061313
read,/oasis/scratch/comet/hrlee/temp_project/alchemlyb/perf/fsizes/32/0012/WORK/dhdl/dhdl.part0001.xvg,111,1,1564264000.3387651,1564264000.4061596
read,/oasis/scratch/comet/hrlee/temp_project/alchemlyb/perf/fsizes/32/0006/WORK/dhdl/dhdl.part0001.xvg,51,1,1564264000.339052,1564264000.406406
read,/oasis/scratch/comet/hrlee/temp_project/alchemlyb/perf/fsizes/32/0008/WORK/dhdl/dhdl.part0000.xvg,70,1,1564264000.3588176,1564264000.4086168
read,/oasis/scratch/comet/hrlee/temp_project/alchemlyb/perf/fsizes/32/0012/WORK/dhdl/dhdl.part0008.xvg,118,1,1564264000.363912,1564264000.4147933
read,/oasis/scratch/comet/hrlee/temp_project/alchemlyb/perf/fsizes/32/0015/WORK/dhdl/dhdl.part0002.xvg,142,1,1564264000.365153,1564264000.4159858
read,/oasis/scratch/comet/hrlee/temp_project/alchemlyb/perf/fsizes/32/0014/WORK/dhdl/dhdl.part0006.xvg,136,1,1564264000.3668122,1564264000.4189792
read,/oasis/scratch/comet/hrlee/temp_project/alchemlyb/perf/fsizes/32/0003/WORK/dhdl/dhdl.part0002.xvg,22,1,1564264000.3721824,1564264000.421895
read,/oasis/scratch/comet/hrlee/temp_project/alchemlyb/perf/fsizes/32/0014/WORK/dhdl/dhdl.part0000.xvg,130,1,1564264000.3725703,1564264000.4222567
read,/oasis/scratch/comet/hrlee/temp_project/alchemlyb/perf/fsizes/32/0008/WORK/dhdl/dhdl.part0006.xvg,76,1,1564264000.3669302,1564264000.4239135
read,/oasis/scratch/comet/hrlee/temp_project/alchemlyb/perf/fsizes/32/0013/WORK/dhdl/dhdl.part0004.xvg,124,1,1564264000.3751493,1564264000.4296014
read,/oasis/scratch/comet/hrlee/temp_project/alchemlyb/perf/fsizes/32/0005/WORK/dhdl/dhdl.part0006.xvg,46,1,1564264000.3861523,1564264000.437171
read,/oasis/scratch/comet/hrlee/temp_project/alchemlyb/perf/fsizes/32/0006/WORK/dhdl/dhdl.part0008.xvg,58,1,1564264000.38649,1564264000.4381237
read,/oasis/scratch/comet/hrlee/temp_project/alchemlyb/perf/fsizes/32/0002/WORK/dhdl/dhdl.part0000.xvg,10,1,1564264000.388369,1564264000.4405136
read,/oasis/scratch/comet/hrlee/temp_project/alchemlyb/perf/fsizes/32/0010/WORK/dhdl/dhdl.part0004.xvg,94,1,1564264000.3862376,1564264000.4411244
read,/oasis/scratch/comet/hrlee/temp_project/alchemlyb/perf/fsizes/32/0004/WORK/dhdl/dhdl.part0004.xvg,34,1,1564264000.3893085,1564264000.441657
read,/oasis/scratch/comet/hrlee/temp_project/alchemlyb/perf/fsizes/32/0009/WORK/dhdl/dhdl.part0002.xvg,82,1,1564264000.3883688,1564264000.4426231
read,/oasis/scratch/comet/hrlee/temp_project/alchemlyb/perf/fsizes/32/0009/WORK/dhdl/dhdl.part0008.xvg,88,1,1564264000.3902855,1564264000.4462883
read,/oasis/scratch/comet/hrlee/temp_project/alchemlyb/perf/fsizes/32/0011/WORK/dhdl/dhdl.part0006.xvg,106,1,1564264000.3943117,1564264000.44774
read,/oasis/scratch/comet/hrlee/temp_project/alchemlyb/perf/fsizes/32/0008/WORK/dhdl/dhdl.part0001.xvg,71,1,1564264000.4109151,1564264000.4586363
read,/oasis/scratch/comet/hrlee/temp_project/alchemlyb/perf/fsizes/32/0002/WORK/dhdl/dhdl.part0006.xvg,16,1,1564264000.4056594,1564264000.4610322
read,/oasis/scratch/comet/hrlee/temp_project/alchemlyb/perf/fsizes/32/0012/WORK/dhdl/dhdl.part0009.xvg,119,1,1564264000.4162214,1564264000.4624817
read,/oasis/scratch/comet/hrlee/temp_project/alchemlyb/perf/fsizes/32/0003/WORK/dhdl/dhdl.part0008.xvg,28,1,1564264000.406691,1564264000.4630773
read,/oasis/scratch/comet/hrlee/temp_project/alchemlyb/perf/fsizes/32/0001/WORK/dhdl/dhdl.part0004.xvg,4,1,1564264000.4066634,1564264000.4631507
read,/oasis/scratch/comet/hrlee/temp_project/alchemlyb/perf/fsizes/32/0005/WORK/dhdl/dhdl.part0000.xvg,40,1,1564264000.4066665,1564264000.4633925
read,/oasis/scratch/comet/hrlee/temp_project/alchemlyb/perf/fsizes/32/0011/WORK/dhdl/dhdl.part0000.xvg,100,1,1564264000.4068193,1564264000.4634333
read,/oasis/scratch/comet/hrlee/temp_project/alchemlyb/perf/fsizes/32/0007/WORK/dhdl/dhdl.part0004.xvg,64,1,1564264000.4056947,1564264000.4635367
read,/oasis/scratch/comet/hrlee/temp_project/alchemlyb/perf/fsizes/32/0006/WORK/dhdl/dhdl.part0002.xvg,52,1,1564264000.4071903,1564264000.4644625
read,/oasis/scratch/comet/hrlee/temp_project/alchemlyb/perf/fsizes/32/0012/WORK/dhdl/dhdl.part0002.xvg,112,1,1564264000.4068515,1564264000.4649067
read,/oasis/scratch/comet/hrlee/temp_project/alchemlyb/perf/fsizes/32/0003/WORK/dhdl/dhdl.part0003.xvg,23,1,1564264000.423159,1564264000.4673502
read,/oasis/scratch/comet/hrlee/temp_project/alchemlyb/perf/fsizes/32/0014/WORK/dhdl/dhdl.part0001.xvg,131,1,1564264000.4303992,1564264000.4724813
read,/oasis/scratch/comet/hrlee/temp_project/alchemlyb/perf/fsizes/32/0015/WORK/dhdl/dhdl.part0003.xvg,143,1,1564264000.417283,1564264000.4725788
read,/oasis/scratch/comet/hrlee/temp_project/alchemlyb/perf/fsizes/32/0014/WORK/dhdl/dhdl.part0007.xvg,137,1,1564264000.4204352,1564264000.476168
read,/oasis/scratch/comet/hrlee/temp_project/alchemlyb/perf/fsizes/32/0008/WORK/dhdl/dhdl.part0007.xvg,77,1,1564264000.4252858,1564264000.4810379
read,/oasis/scratch/comet/hrlee/temp_project/alchemlyb/perf/fsizes/32/0005/WORK/dhdl/dhdl.part0007.xvg,47,1,1564264000.4386308,1564264000.4822857
read,/oasis/scratch/comet/hrlee/temp_project/alchemlyb/perf/fsizes/32/0006/WORK/dhdl/dhdl.part0009.xvg,59,1,1564264000.439861,1564264000.483503
read,/oasis/scratch/comet/hrlee/temp_project/alchemlyb/perf/fsizes/32/0013/WORK/dhdl/dhdl.part0005.xvg,125,1,1564264000.430936,1564264000.4851656
read,/oasis/scratch/comet/hrlee/temp_project/alchemlyb/perf/fsizes/32/0002/WORK/dhdl/dhdl.part0001.xvg,11,1,1564264000.4421484,1564264000.48691
read,/oasis/scratch/comet/hrlee/temp_project/alchemlyb/perf/fsizes/32/0004/WORK/dhdl/dhdl.part0005.xvg,35,1,1564264000.4441063,1564264000.4897668
read,/oasis/scratch/comet/hrlee/temp_project/alchemlyb/perf/fsizes/32/0009/WORK/dhdl/dhdl.part0009.xvg,89,1,1564264000.4475398,1564264000.502319
read,/oasis/scratch/comet/hrlee/temp_project/alchemlyb/perf/fsizes/32/0009/WORK/dhdl/dhdl.part0003.xvg,83,1,1564264000.4475563,1564264000.5027888
read,/oasis/scratch/comet/hrlee/temp_project/alchemlyb/perf/fsizes/32/0010/WORK/dhdl/dhdl.part0005.xvg,95,1,1564264000.4481924,1564264000.5032604
read,/oasis/scratch/comet/hrlee/temp_project/alchemlyb/perf/fsizes/32/0011/WORK/dhdl/dhdl.part0007.xvg,107,1,1564264000.459214,1564264000.5125344
read,/oasis/scratch/comet/hrlee/temp_project/alchemlyb/perf/fsizes/32/0016/WORK/dhdl/dhdl.part0000.xvg,150,1,1564264000.4641712,1564264000.5132625
read,/oasis/scratch/comet/hrlee/temp_project/alchemlyb/perf/fsizes/32/0002/WORK/dhdl/dhdl.part0007.xvg,17,1,1564264000.4623384,1564264000.5147278
read,/oasis/scratch/comet/hrlee/temp_project/alchemlyb/perf/fsizes/32/0015/WORK/dhdl/dhdl.part0004.xvg,144,1,1564264000.4602468,1564264000.515307
read,/oasis/scratch/comet/hrlee/temp_project/alchemlyb/perf/fsizes/32/0003/WORK/dhdl/dhdl.part0009.xvg,29,1,1564264000.4640763,1564264000.5164213
read,/oasis/scratch/comet/hrlee/temp_project/alchemlyb/perf/fsizes/32/0001/WORK/dhdl/dhdl.part0005.xvg,5,1,1564264000.464076,1564264000.516643
read,/oasis/scratch/comet/hrlee/temp_project/alchemlyb/perf/fsizes/32/0011/WORK/dhdl/dhdl.part0001.xvg,101,1,1564264000.4641984,1564264000.5168254
read,/oasis/scratch/comet/hrlee/temp_project/alchemlyb/perf/fsizes/32/0005/WORK/dhdl/dhdl.part0001.xvg,41,1,1564264000.46421,1564264000.5170062
read,/oasis/scratch/comet/hrlee/temp_project/alchemlyb/perf/fsizes/32/0006/WORK/dhdl/dhdl.part0003.xvg,53,1,1564264000.465491,1564264000.518827
read,/oasis/scratch/comet/hrlee/temp_project/alchemlyb/perf/fsizes/32/0016/WORK/dhdl/dhdl.part0006.xvg,156,1,1564264000.4692514,1564264000.518771
read,/oasis/scratch/comet/hrlee/temp_project/alchemlyb/perf/fsizes/32/0007/WORK/dhdl/dhdl.part0005.xvg,65,1,1564264000.464297,1564264000.5194573
read,/oasis/scratch/comet/hrlee/temp_project/alchemlyb/perf/fsizes/32/0012/WORK/dhdl/dhdl.part0003.xvg,113,1,1564264000.4657023,1564264000.5208719
read,/oasis/scratch/comet/hrlee/temp_project/alchemlyb/perf/fsizes/32/0017/WORK/dhdl/dhdl.part0008.xvg,168,1,1564264000.4744287,1564264000.526812
read,/oasis/scratch/comet/hrlee/temp_project/alchemlyb/perf/fsizes/32/0017/WORK/dhdl/dhdl.part0002.xvg,162,1,1564264000.4743552,1564264000.52827
read,/oasis/scratch/comet/hrlee/temp_project/alchemlyb/perf/fsizes/32/0018/WORK/dhdl/dhdl.part0004.xvg,174,1,1564264000.4781966,1564264000.5317237
read,/oasis/scratch/comet/hrlee/temp_project/alchemlyb/perf/fsizes/32/0019/WORK/dhdl/dhdl.part0006.xvg,186,1,1564264000.4840066,1564264000.5341895
read,/oasis/scratch/comet/hrlee/temp_project/alchemlyb/perf/fsizes/32/0019/WORK/dhdl/dhdl.part0000.xvg,180,1,1564264000.4832854,1564264000.535165
read,/oasis/scratch/comet/hrlee/temp_project/alchemlyb/perf/fsizes/32/0020/WORK/dhdl/dhdl.part0008.xvg,198,1,1564264000.4872534,1564264000.536057
read,/oasis/scratch/comet/hrlee/temp_project/alchemlyb/perf/fsizes/32/0020/WORK/dhdl/dhdl.part0002.xvg,192,1,1564264000.4850507,1564264000.5378397
read,/oasis/scratch/comet/hrlee/temp_project/alchemlyb/perf/fsizes/32/0021/WORK/dhdl/dhdl.part0004.xvg,204,1,1564264000.4888425,1564264000.5409808
read,/oasis/scratch/comet/hrlee/temp_project/alchemlyb/perf/fsizes/32/0022/WORK/dhdl/dhdl.part0000.xvg,210,1,1564264000.4916928,1564264000.543585
read,/oasis/scratch/comet/hrlee/temp_project/alchemlyb/perf/fsizes/32/0022/WORK/dhdl/dhdl.part0006.xvg,216,1,1564264000.5040073,1564264000.5564532
read,/oasis/scratch/comet/hrlee/temp_project/alchemlyb/perf/fsizes/32/0023/WORK/dhdl/dhdl.part0008.xvg,228,1,1564264000.5044706,1564264000.5585132
read,/oasis/scratch/comet/hrlee/temp_project/alchemlyb/perf/fsizes/32/0026/WORK/dhdl/dhdl.part0008.xvg,258,1,1564264000.5182068,1564264000.5624216
read,/oasis/scratch/comet/hrlee/temp_project/alchemlyb/perf/fsizes/32/0026/WORK/dhdl/dhdl.part0002.xvg,252,1,1564264000.5181153,1564264000.5629077
read,/oasis/scratch/comet/hrlee/temp_project/alchemlyb/perf/fsizes/32/0028/WORK/dhdl/dhdl.part0006.xvg,276,1,1564264000.521268,1564264000.5672035
read,/oasis/scratch/comet/hrlee/temp_project/alchemlyb/perf/fsizes/32/0024/WORK/dhdl/dhdl.part0004.xvg,234,1,1564264000.5140705,1564264000.5677752
read,/oasis/scratch/comet/hrlee/temp_project/alchemlyb/perf/fsizes/32/0028/WORK/dhdl/dhdl.part0000.xvg,270,1,1564264000.5212688,1564264000.568092
read,/oasis/scratch/comet/hrlee/temp_project/alchemlyb/perf/fsizes/32/0016/WORK/dhdl/dhdl.part0001.xvg,151,1,1564264000.5143988,1564264000.5683904
read,/oasis/scratch/comet/hrlee/temp_project/alchemlyb/perf/fsizes/32/0023/WORK/dhdl/dhdl.part0002.xvg,222,1,1564264000.5132365,1564264000.5683784
read,/oasis/scratch/comet/hrlee/temp_project/alchemlyb/perf/fsizes/32/0015/WORK/dhdl/dhdl.part0005.xvg,145,1,1564264000.516779,1564264000.5726385
read,/oasis/scratch/comet/hrlee/temp_project/alchemlyb/perf/fsizes/32/0016/WORK/dhdl/dhdl.part0007.xvg,157,1,1564264000.520305,1564264000.5730286
read,/oasis/scratch/comet/hrlee/temp_project/alchemlyb/perf/fsizes/32/0025/WORK/dhdl/dhdl.part0000.xvg,240,1,1564264000.5173488,1564264000.5746365
read,/oasis/scratch/comet/hrlee/temp_project/alchemlyb/perf/fsizes/32/0025/WORK/dhdl/dhdl.part0006.xvg,246,1,1564264000.518115,1564264000.5755687
read,/oasis/scratch/comet/hrlee/temp_project/alchemlyb/perf/fsizes/32/0027/WORK/dhdl/dhdl.part0004.xvg,264,1,1564264000.518542,1564264000.5762916
read,/oasis/scratch/comet/hrlee/temp_project/alchemlyb/perf/fsizes/32/0017/WORK/dhdl/dhdl.part0009.xvg,169,1,1564264000.5283566,1564264000.58077
read,/oasis/scratch/comet/hrlee/temp_project/alchemlyb/perf/fsizes/32/0029/WORK/dhdl/dhdl.part0002.xvg,282,1,1564264000.5226793,1564264000.5808785
read,/oasis/scratch/comet/hrlee/temp_project/alchemlyb/perf/fsizes/32/0020/WORK/dhdl/dhdl.part0009.xvg,199,1,1564264000.537023,1564264000.5861752
read,/oasis/scratch/comet/hrlee/temp_project/alchemlyb/perf/fsizes/32/0017/WORK/dhdl/dhdl.part0003.xvg,163,1,1564264000.5297468,1564264000.586568
read,/oasis/scratch/comet/hrlee/temp_project/alchemlyb/perf/fsizes/32/0019/WORK/dhdl/dhdl.part0007.xvg,187,1,1564264000.535707,1564264000.5869339
read,/oasis/scratch/comet/hrlee/temp_project/alchemlyb/perf/fsizes/32/0018/WORK/dhdl/dhdl.part0005.xvg,175,1,1564264000.5332847,1564264000.5892708
read,/oasis/scratch/comet/hrlee/temp_project/alchemlyb/perf/fsizes/32/0019/WORK/dhdl/dhdl.part0001.xvg,181,1,1564264000.5365515,1564264000.5905197
read,/oasis/scratch/comet/hrlee/temp_project/alchemlyb/perf/fsizes/32/0020/WORK/dhdl/dhdl.part0003.xvg,193,1,1564264000.5393498,1564264000.5915213
read,/oasis/scratch/comet/hrlee/temp_project/alchemlyb/perf/fsizes/32/0022/WORK/dhdl/dhdl.part0001.xvg,211,1,1564264000.5450065,1564264000.5962665
read,/oasis/scratch/comet/hrlee/temp_project/alchemlyb/perf/fsizes/32/0021/WORK/dhdl/dhdl.part0005.xvg,205,1,1564264000.542424,1564264000.5967696
read,/oasis/scratch/comet/hrlee/temp_project/alchemlyb/perf/fsizes/32/0026/WORK/dhdl/dhdl.part0003.xvg,253,1,1564264000.5637784,1564264000.6050038
read,/oasis/scratch/comet/hrlee/temp_project/alchemlyb/perf/fsizes/32/0026/WORK/dhdl/dhdl.part0009.xvg,259,1,1564264000.563777,1564264000.6057472
read,/oasis/scratch/comet/hrlee/temp_project/alchemlyb/perf/fsizes/32/0028/WORK/dhdl/dhdl.part0007.xvg,277,1,1564264000.5685332,1564264000.6078076
read,/oasis/scratch/comet/hrlee/temp_project/alchemlyb/perf/fsizes/32/0028/WORK/dhdl/dhdl.part0001.xvg,271,1,1564264000.5691028,1564264000.6096892
read,/oasis/scratch/comet/hrlee/temp_project/alchemlyb/perf/fsizes/32/0022/WORK/dhdl/dhdl.part0007.xvg,217,1,1564264000.558157,1564264000.6100643
read,/oasis/scratch/comet/hrlee/temp_project/alchemlyb/perf/fsizes/32/0023/WORK/dhdl/dhdl.part0009.xvg,229,1,1564264000.5599499,1564264000.6129985
read,/oasis/scratch/comet/hrlee/temp_project/alchemlyb/perf/fsizes/32/0024/WORK/dhdl/dhdl.part0005.xvg,235,1,1564264000.5687869,1564264000.6213794
read,/oasis/scratch/comet/hrlee/temp_project/alchemlyb/perf/fsizes/32/0016/WORK/dhdl/dhdl.part0002.xvg,152,1,1564264000.5692189,1564264000.6216419
read,/oasis/scratch/comet/hrlee/temp_project/alchemlyb/perf/fsizes/32/0023/WORK/dhdl/dhdl.part0003.xvg,223,1,1564264000.5738451,1564264000.6273243
read,/oasis/scratch/comet/hrlee/temp_project/alchemlyb/perf/fsizes/32/0015/WORK/dhdl/dhdl.part0006.xvg,146,1,1564264000.5738451,1564264000.6299055
read,/oasis/scratch/comet/hrlee/temp_project/alchemlyb/perf/fsizes/32/0025/WORK/dhdl/dhdl.part0001.xvg,241,1,1564264000.576008,1564264000.6322362
read,/oasis/scratch/comet/hrlee/temp_project/alchemlyb/perf/fsizes/32/0016/WORK/dhdl/dhdl.part0008.xvg,158,1,1564264000.5814304,1564264000.6340168
read,/oasis/scratch/comet/hrlee/temp_project/alchemlyb/perf/fsizes/32/0025/WORK/dhdl/dhdl.part0007.xvg,247,1,1564264000.5766108,1564264000.634127
read,/oasis/scratch/comet/hrlee/temp_project/alchemlyb/perf/fsizes/32/0018/WORK/dhdl/dhdl.part0000.xvg,170,1,1564264000.5819452,1564264000.6347353
read,/oasis/scratch/comet/hrlee/temp_project/alchemlyb/perf/fsizes/32/0027/WORK/dhdl/dhdl.part0005.xvg,265,1,1564264000.577273,1564264000.6348343
read,/oasis/scratch/comet/hrlee/temp_project/alchemlyb/perf/fsizes/32/0019/WORK/dhdl/dhdl.part0008.xvg,188,1,1564264000.58834,1564264000.640237
read,/oasis/scratch/comet/hrlee/temp_project/alchemlyb/perf/fsizes/32/0029/WORK/dhdl/dhdl.part0003.xvg,283,1,1564264000.5819852,1564264000.6436613
read,/oasis/scratch/comet/hrlee/temp_project/alchemlyb/perf/fsizes/32/0020/WORK/dhdl/dhdl.part0004.xvg,194,1,1564264000.592962,1564264000.6440513
read,/oasis/scratch/comet/hrlee/temp_project/alchemlyb/perf/fsizes/32/0017/WORK/dhdl/dhdl.part0004.xvg,164,1,1564264000.5883381,1564264000.6486988
read,/oasis/scratch/comet/hrlee/temp_project/alchemlyb/perf/fsizes/32/0022/WORK/dhdl/dhdl.part0002.xvg,212,1,1564264000.597563,1564264000.6493475
read,/oasis/scratch/comet/hrlee/temp_project/alchemlyb/perf/fsizes/32/0021/WORK/dhdl/dhdl.part0000.xvg,200,1,1564264000.5883381,1564264000.6496074
read,/oasis/scratch/comet/hrlee/temp_project/alchemlyb/perf/fsizes/32/0021/WORK/dhdl/dhdl.part0006.xvg,206,1,1564264000.597786,1564264000.650434
read,/oasis/scratch/comet/hrlee/temp_project/alchemlyb/perf/fsizes/32/0018/WORK/dhdl/dhdl.part0006.xvg,176,1,1564264000.5907576,1564264000.6509662
read,/oasis/scratch/comet/hrlee/temp_project/alchemlyb/perf/fsizes/32/0019/WORK/dhdl/dhdl.part0002.xvg,182,1,1564264000.5917091,1564264000.6515653
read,/oasis/scratch/comet/hrlee/temp_project/alchemlyb/perf/fsizes/32/0026/WORK/dhdl/dhdl.part0004.xvg,254,1,1564264000.6073408,1564264000.6570327
read,/oasis/scratch/comet/hrlee/temp_project/alchemlyb/perf/fsizes/32/0027/WORK/dhdl/dhdl.part0000.xvg,260,1,1564264000.6073408,1564264000.6572442
read,/oasis/scratch/comet/hrlee/temp_project/alchemlyb/perf/fsizes/32/0028/WORK/dhdl/dhdl.part0008.xvg,278,1,1564264000.6094508,1564264000.6591494
read,/oasis/scratch/comet/hrlee/temp_project/alchemlyb/perf/fsizes/32/0028/WORK/dhdl/dhdl.part0002.xvg,272,1,1564264000.6112342,1564264000.6614885
read,/oasis/scratch/comet/hrlee/temp_project/alchemlyb/perf/fsizes/32/0022/WORK/dhdl/dhdl.part0008.xvg,218,1,1564264000.611279,1564264000.662594
read,/oasis/scratch/comet/hrlee/temp_project/alchemlyb/perf/fsizes/32/0024/WORK/dhdl/dhdl.part0000.xvg,230,1,1564264000.6144128,1564264000.6658792
read,/oasis/scratch/comet/hrlee/temp_project/alchemlyb/perf/fsizes/32/0024/WORK/dhdl/dhdl.part0006.xvg,236,1,1564264000.622654,1564264000.6773436
read,/oasis/scratch/comet/hrlee/temp_project/alchemlyb/perf/fsizes/32/0016/WORK/dhdl/dhdl.part0003.xvg,153,1,1564264000.626822,1564264000.679323
read,/oasis/scratch/comet/hrlee/temp_project/alchemlyb/perf/fsizes/32/0023/WORK/dhdl/dhdl.part0004.xvg,224,1,1564264000.6287582,1564264000.6809177
read,/oasis/scratch/comet/hrlee/temp_project/alchemlyb/perf/fsizes/32/0015/WORK/dhdl/dhdl.part0007.xvg,147,1,1564264000.6315932,1564264000.6863353
read,/oasis/scratch/comet/hrlee/temp_project/alchemlyb/perf/fsizes/32/0025/WORK/dhdl/dhdl.part0002.xvg,242,1,1564264000.6337323,1564264000.68669
read,/oasis/scratch/comet/hrlee/temp_project/alchemlyb/perf/fsizes/32/0016/WORK/dhdl/dhdl.part0009.xvg,159,1,1564264000.6353626,1564264000.6882985
read,/oasis/scratch/comet/hrlee/temp_project/alchemlyb/perf/fsizes/32/0025/WORK/dhdl/dhdl.part0008.xvg,248,1,1564264000.6353612,1564264000.692681
read,/oasis/scratch/comet/hrlee/temp_project/alchemlyb/perf/fsizes/32/0027/WORK/dhdl/dhdl.part0006.xvg,266,1,1564264000.6359353,1564264000.6943521
read,/oasis/scratch/comet/hrlee/temp_project/alchemlyb/perf/fsizes/32/0019/WORK/dhdl/dhdl.part0009.xvg,189,1,1564264000.64155,1564264000.6946244
read,/oasis/scratch/comet/hrlee/temp_project/alchemlyb/perf/fsizes/32/0029/WORK/dhdl/dhdl.part0004.xvg,284,1,1564264000.64515,1564264000.6952195
read,/oasis/scratch/comet/hrlee/temp_project/alchemlyb/perf/fsizes/32/0018/WORK/dhdl/dhdl.part0001.xvg,171,1,1564264000.64155,1564264000.695314
read,/oasis/scratch/comet/hrlee/temp_project/alchemlyb/perf/fsizes/32/0020/WORK/dhdl/dhdl.part0005.xvg,195,1,1564264000.645205,1564264000.699303
read,/oasis/scratch/comet/hrlee/temp_project/alchemlyb/perf/fsizes/32/0017/WORK/dhdl/dhdl.part0005.xvg,165,1,1564264000.6502693,1564264000.7013476
read,/oasis/scratch/comet/hrlee/temp_project/alchemlyb/perf/fsizes/32/0019/WORK/dhdl/dhdl.part0003.xvg,183,1,1564264000.6524065,1564264000.7041512
read,/oasis/scratch/comet/hrlee/temp_project/alchemlyb/perf/fsizes/32/0022/WORK/dhdl/dhdl.part0003.xvg,213,1,1564264000.6505156,1564264000.7047024
read,/oasis/scratch/comet/hrlee/temp_project/alchemlyb/perf/fsizes/32/0021/WORK/dhdl/dhdl.part0007.xvg,207,1,1564264000.651628,1564264000.705806
read,/oasis/scratch/comet/hrlee/temp_project/alchemlyb/perf/fsizes/32/0021/WORK/dhdl/dhdl.part0001.xvg,201,1,1564264000.6506166,1564264000.70731
read,/oasis/scratch/comet/hrlee/temp_project/alchemlyb/perf/fsizes/32/0018/WORK/dhdl/dhdl.part0007.xvg,177,1,1564264000.6520607,1564264000.7082489
read,/oasis/scratch/comet/hrlee/temp_project/alchemlyb/perf/fsizes/32/0027/WORK/dhdl/dhdl.part0001.xvg,261,1,1564264000.6585352,1564264000.7107127
read,/oasis/scratch/comet/hrlee/temp_project/alchemlyb/perf/fsizes/32/0026/WORK/dhdl/dhdl.part0005.xvg,255,1,1564264000.6585352,1564264000.7112303
read,/oasis/scratch/comet/hrlee/temp_project/alchemlyb/perf/fsizes/32/0028/WORK/dhdl/dhdl.part0009.xvg,279,1,1564264000.660919,1564264000.7127242
read,/oasis/scratch/comet/hrlee/temp_project/alchemlyb/perf/fsizes/32/0028/WORK/dhdl/dhdl.part0003.xvg,273,1,1564264000.6631095,1564264000.7144966
read,/oasis/scratch/comet/hrlee/temp_project/alchemlyb/perf/fsizes/32/0022/WORK/dhdl/dhdl.part0009.xvg,219,1,1564264000.6639707,1564264000.7173598
read,/oasis/scratch/comet/hrlee/temp_project/alchemlyb/perf/fsizes/32/0024/WORK/dhdl/dhdl.part0001.xvg,231,1,1564264000.6675448,1564264000.7203681
read,/oasis/scratch/comet/hrlee/temp_project/alchemlyb/perf/fsizes/32/0025/WORK/dhdl/dhdl.part0003.xvg,243,1,1564264000.687831,1564264000.734983
read,/oasis/scratch/comet/hrlee/temp_project/alchemlyb/perf/fsizes/32/0016/WORK/dhdl/dhdl.part0004.xvg,154,1,1564264000.680826,1564264000.7353287
read,/oasis/scratch/comet/hrlee/temp_project/alchemlyb/perf/fsizes/32/0024/WORK/dhdl/dhdl.part0007.xvg,237,1,1564264000.6790013,1564264000.7355623
read,/oasis/scratch/comet/hrlee/temp_project/alchemlyb/perf/fsizes/32/0023/WORK/dhdl/dhdl.part0005.xvg,225,1,1564264000.6822586,1564264000.7363398
read,/oasis/scratch/comet/hrlee/temp_project/alchemlyb/perf/fsizes/32/0015/WORK/dhdl/dhdl.part0008.xvg,148,1,1564264000.6878536,1564264000.7430177
read,/oasis/scratch/comet/hrlee/temp_project/alchemlyb/perf/fsizes/32/0017/WORK/dhdl/dhdl.part0000.xvg,160,1,1564264000.6897113,1564264000.7435057
read,/oasis/scratch/comet/hrlee/temp_project/alchemlyb/perf/fsizes/32/0029/WORK/dhdl/dhdl.part0005.xvg,285,1,1564264000.696203,1564264000.7446456
read,/oasis/scratch/comet/hrlee/temp_project/alchemlyb/perf/fsizes/32/0020/WORK/dhdl/dhdl.part0000.xvg,190,1,1564264000.6957304,1564264000.7476072
read,/oasis/scratch/comet/hrlee/temp_project/alchemlyb/perf/fsizes/32/0018/WORK/dhdl/dhdl.part0002.xvg,172,1,1564264000.6963658,1564264000.749339
read,/oasis/scratch/comet/hrlee/temp_project/alchemlyb/perf/fsizes/32/0025/WORK/dhdl/dhdl.part0009.xvg,249,1,1564264000.6942098,1564264000.7505946
read,/oasis/scratch/comet/hrlee/temp_project/alchemlyb/perf/fsizes/32/0017/WORK/dhdl/dhdl.part0006.xvg,166,1,1564264000.703018,1564264000.751535
read,/oasis/scratch/comet/hrlee/temp_project/alchemlyb/perf/fsizes/32/0027/WORK/dhdl/dhdl.part0007.xvg,267,1,1564264000.6955552,1564264000.752882
read,/oasis/scratch/comet/hrlee/temp_project/alchemlyb/perf/fsizes/32/0020/WORK/dhdl/dhdl.part0006.xvg,196,1,1564264000.7008533,1564264000.754297
read,/oasis/scratch/comet/hrlee/temp_project/alchemlyb/perf/fsizes/32/0019/WORK/dhdl/dhdl.part0004.xvg,184,1,1564264000.705643,1564264000.754844
read,/oasis/scratch/comet/hrlee/temp_project/alchemlyb/perf/fsizes/32/0022/WORK/dhdl/dhdl.part0004.xvg,214,1,1564264000.7060711,1564264000.7611477
read,/oasis/scratch/comet/hrlee/temp_project/alchemlyb/perf/fsizes/32/0021/WORK/dhdl/dhdl.part0008.xvg,208,1,1564264000.7069726,1564264000.7620425
read,/oasis/scratch/comet/hrlee/temp_project/alchemlyb/perf/fsizes/32/0026/WORK/dhdl/dhdl.part0006.xvg,256,1,1564264000.7121594,1564264000.7631679
read,/oasis/scratch/comet/hrlee/temp_project/alchemlyb/perf/fsizes/32/0027/WORK/dhdl/dhdl.part0002.xvg,262,1,1564264000.712149,1564264000.7631679
read,/oasis/scratch/comet/hrlee/temp_project/alchemlyb/perf/fsizes/32/0021/WORK/dhdl/dhdl.part0002.xvg,202,1,1564264000.7086391,1564264000.7647345
read,/oasis/scratch/comet/hrlee/temp_project/alchemlyb/perf/fsizes/32/0018/WORK/dhdl/dhdl.part0008.xvg,178,1,1564264000.70937,1564264000.7650578
read,/oasis/scratch/comet/hrlee/temp_project/alchemlyb/perf/fsizes/32/0028/WORK/dhdl/dhdl.part0004.xvg,274,1,1564264000.7161958,1564264000.768222
read,/oasis/scratch/comet/hrlee/temp_project/alchemlyb/perf/fsizes/32/0029/WORK/dhdl/dhdl.part0000.xvg,280,1,1564264000.7142122,1564264000.7685435
read,/oasis/scratch/comet/hrlee/temp_project/alchemlyb/perf/fsizes/32/0023/WORK/dhdl/dhdl.part0000.xvg,220,1,1564264000.718941,1564264000.7728317
read,/oasis/scratch/comet/hrlee/temp_project/alchemlyb/perf/fsizes/32/0024/WORK/dhdl/dhdl.part0002.xvg,232,1,1564264000.7220323,1564264000.7760806
read,/oasis/scratch/comet/hrlee/temp_project/alchemlyb/perf/fsizes/32/0025/WORK/dhdl/dhdl.part0004.xvg,244,1,1564264000.7364106,1564264000.787356
read,/oasis/scratch/comet/hrlee/temp_project/alchemlyb/perf/fsizes/32/0016/WORK/dhdl/dhdl.part0005.xvg,155,1,1564264000.7364159,1564264000.7899125
read,/oasis/scratch/comet/hrlee/temp_project/alchemlyb/perf/fsizes/32/0023/WORK/dhdl/dhdl.part0006.xvg,226,1,1564264000.737421,1564264000.7903297
read,/oasis/scratch/comet/hrlee/temp_project/alchemlyb/perf/fsizes/32/0024/WORK/dhdl/dhdl.part0008.xvg,238,1,1564264000.736438,1564264000.7914565
read,/oasis/scratch/comet/hrlee/temp_project/alchemlyb/perf/fsizes/32/0029/WORK/dhdl/dhdl.part0006.xvg,286,1,1564264000.7461054,1564264000.7944007
read,/oasis/scratch/comet/hrlee/temp_project/alchemlyb/perf/fsizes/32/0017/WORK/dhdl/dhdl.part0001.xvg,161,1,1564264000.7444704,1564264000.7984107
read,/oasis/scratch/comet/hrlee/temp_project/alchemlyb/perf/fsizes/32/0015/WORK/dhdl/dhdl.part0009.xvg,149,1,1564264000.7444055,1564264000.7995048
read,/oasis/scratch/comet/hrlee/temp_project/alchemlyb/perf/fsizes/32/0020/WORK/dhdl/dhdl.part0001.xvg,191,1,1564264000.749304,1564264000.8017693
read,/oasis/scratch/comet/hrlee/temp_project/alchemlyb/perf/fsizes/32/0017/WORK/dhdl/dhdl.part0007.xvg,167,1,1564264000.7527854,1564264000.8023002
read,/oasis/scratch/comet/hrlee/temp_project/alchemlyb/perf/fsizes/32/0018/WORK/dhdl/dhdl.part0003.xvg,173,1,1564264000.750772,1564264000.8025854
read,/oasis/scratch/comet/hrlee/temp_project/alchemlyb/perf/fsizes/32/0027/WORK/dhdl/dhdl.part0008.xvg,268,1,1564264000.7543147,1564264000.8054762
read,/oasis/scratch/comet/hrlee/temp_project/alchemlyb/perf/fsizes/32/0026/WORK/dhdl/dhdl.part0000.xvg,250,1,1564264000.7518704,1564264000.806002
read,/oasis/scratch/comet/hrlee/temp_project/alchemlyb/perf/fsizes/32/0020/WORK/dhdl/dhdl.part0007.xvg,197,1,1564264000.7557583,1564264000.806081
read,/oasis/scratch/comet/hrlee/temp_project/alchemlyb/perf/fsizes/32/0019/WORK/dhdl/dhdl.part0005.xvg,185,1,1564264000.7564807,1564264000.8066037
read,/oasis/scratch/comet/hrlee/temp_project/alchemlyb/perf/fsizes/32/0022/WORK/dhdl/dhdl.part0005.xvg,215,1,1564264000.762767,1564264000.8119783
read,/oasis/scratch/comet/hrlee/temp_project/alchemlyb/perf/fsizes/32/0021/WORK/dhdl/dhdl.part0009.xvg,209,1,1564264000.7631865,1564264000.8123176
read,/oasis/scratch/comet/hrlee/temp_project/alchemlyb/perf/fsizes/32/0027/WORK/dhdl/dhdl.part0003.xvg,263,1,1564264000.7644448,1564264000.8151135
read,/oasis/scratch/comet/hrlee/temp_project/alchemlyb/perf/fsizes/32/0026/WORK/dhdl/dhdl.part0007.xvg,257,1,1564264000.7644448,1564264000.8154747
read,/oasis/scratch/comet/hrlee/temp_project/alchemlyb/perf/fsizes/32/0023/WORK/dhdl/dhdl.part0001.xvg,221,1,1564264000.774611,1564264000.8192387
read,/oasis/scratch/comet/hrlee/temp_project/alchemlyb/perf/fsizes/32/0018/WORK/dhdl/dhdl.part0009.xvg,179,1,1564264000.7659466,1564264000.8204076
read,/oasis/scratch/comet/hrlee/temp_project/alchemlyb/perf/fsizes/32/0024/WORK/dhdl/dhdl.part0003.xvg,233,1,1564264000.7776525,1564264000.8207133
read,/oasis/scratch/comet/hrlee/temp_project/alchemlyb/perf/fsizes/32/0021/WORK/dhdl/dhdl.part0003.xvg,203,1,1564264000.765947,1564264000.820713
read,/oasis/scratch/comet/hrlee/temp_project/alchemlyb/perf/fsizes/32/0028/WORK/dhdl/dhdl.part0005.xvg,275,1,1564264000.7697742,1564264000.8212438
read,/oasis/scratch/comet/hrlee/temp_project/alchemlyb/perf/fsizes/32/0029/WORK/dhdl/dhdl.part0001.xvg,281,1,1564264000.7697747,1564264000.8221273
read,/oasis/scratch/comet/hrlee/temp_project/alchemlyb/perf/fsizes/32/0023/WORK/dhdl/dhdl.part0007.xvg,227,1,1564264000.7915974,1564264000.8275402
read,/oasis/scratch/comet/hrlee/temp_project/alchemlyb/perf/fsizes/32/0025/WORK/dhdl/dhdl.part0005.xvg,245,1,1564264000.7891066,1564264000.8310933
read,/oasis/scratch/comet/hrlee/temp_project/alchemlyb/perf/fsizes/32/0029/WORK/dhdl/dhdl.part0008.xvg,288,1,1564264000.7915952,1564264000.8332875
read,/oasis/scratch/comet/hrlee/temp_project/alchemlyb/perf/fsizes/32/0024/WORK/dhdl/dhdl.part0009.xvg,239,1,1564264000.7927573,1564264000.8341548
read,/oasis/scratch/comet/hrlee/temp_project/alchemlyb/perf/fsizes/32/0029/WORK/dhdl/dhdl.part0007.xvg,287,1,1564264000.7960277,1564264000.8342936
read,/oasis/scratch/comet/hrlee/temp_project/alchemlyb/perf/fsizes/32/0030/WORK/dhdl/dhdl.part0004.xvg,294,1,1564264000.8006248,1564264000.835219
read,/oasis/scratch/comet/hrlee/temp_project/alchemlyb/perf/fsizes/32/0027/WORK/dhdl/dhdl.part0009.xvg,269,1,1564264000.8067386,1564264000.8402789
read,/oasis/scratch/comet/hrlee/temp_project/alchemlyb/perf/fsizes/32/0026/WORK/dhdl/dhdl.part0001.xvg,251,1,1564264000.80703,1564264000.8416584
read,/oasis/scratch/comet/hrlee/temp_project/alchemlyb/perf/fsizes/32/0033/WORK/dhdl/dhdl.part0004.xvg,324,1,1564264000.8073115,1564264000.8583033
read,/oasis/scratch/comet/hrlee/temp_project/alchemlyb/perf/fsizes/32/0034/WORK/dhdl/dhdl.part0000.xvg,330,1,1564264000.8079088,1564264000.8649738
read,/oasis/scratch/comet/hrlee/temp_project/alchemlyb/perf/fsizes/32/0030/WORK/dhdl/dhdl.part0005.xvg,295,1,1564264000.8360019,1564264000.8657968
read,/oasis/scratch/comet/hrlee/temp_project/alchemlyb/perf/fsizes/32/0029/WORK/dhdl/dhdl.part0009.xvg,289,1,1564264000.8343794,1564264000.8664675
read,/oasis/scratch/comet/hrlee/temp_project/alchemlyb/perf/fsizes/32/0034/WORK/dhdl/dhdl.part0006.xvg,336,1,1564264000.813347,1564264000.8723629
read,/oasis/scratch/comet/hrlee/temp_project/alchemlyb/perf/fsizes/32/0031/WORK/dhdl/dhdl.part0006.xvg,306,1,1564264000.8031945,1564264000.8732011
read,/oasis/scratch/comet/hrlee/temp_project/alchemlyb/perf/fsizes/32/0032/WORK/dhdl/dhdl.part0008.xvg,318,1,1564264000.8036911,1564264000.873577
read,/oasis/scratch/comet/hrlee/temp_project/alchemlyb/perf/fsizes/32/0036/WORK/dhdl/dhdl.part0004.xvg,354,1,1564264000.816591,1564264000.8748784
read,/oasis/scratch/comet/hrlee/temp_project/alchemlyb/perf/fsizes/32/0032/WORK/dhdl/dhdl.part0002.xvg,312,1,1564264000.8036315,1564264000.8775616
read,/oasis/scratch/comet/hrlee/temp_project/alchemlyb/perf/fsizes/32/0038/WORK/dhdl/dhdl.part0008.xvg,378,1,1564264000.8217015,1564264000.8784916
read,/oasis/scratch/comet/hrlee/temp_project/alchemlyb/perf/fsizes/32/0035/WORK/dhdl/dhdl.part0002.xvg,342,1,1564264000.8198938,1564264000.8800433
read,/oasis/scratch/comet/hrlee/temp_project/alchemlyb/perf/fsizes/32/0038/WORK/dhdl/dhdl.part0002.xvg,372,1,1564264000.8217182,1564264000.8809838
read,/oasis/scratch/comet/hrlee/temp_project/alchemlyb/perf/fsizes/32/0031/WORK/dhdl/dhdl.part0000.xvg,300,1,1564264000.8108182,1564264000.8889995
read,/oasis/scratch/comet/hrlee/temp_project/alchemlyb/perf/fsizes/32/0033/WORK/dhdl/dhdl.part0005.xvg,325,1,1564264000.8595362,1564264000.8929052
read,/oasis/scratch/comet/hrlee/temp_project/alchemlyb/perf/fsizes/32/0030/WORK/dhdl/dhdl.part0006.xvg,296,1,1564264000.8667276,1564264000.8972225
read,/oasis/scratch/comet/hrlee/temp_project/alchemlyb/perf/fsizes/32/0030/WORK/dhdl/dhdl.part0000.xvg,290,1,1564264000.8673015,1564264000.8990846
read,/oasis/scratch/comet/hrlee/temp_project/alchemlyb/perf/fsizes/32/0035/WORK/dhdl/dhdl.part0008.xvg,348,1,1564264000.8165908,1564264000.8992667
read,/oasis/scratch/comet/hrlee/temp_project/alchemlyb/perf/fsizes/32/0037/WORK/dhdl/dhdl.part0006.xvg,366,1,1564264000.8216057,1564264000.905749
read,/oasis/scratch/comet/hrlee/temp_project/alchemlyb/perf/fsizes/32/0039/WORK/dhdl/dhdl.part0004.xvg,384,1,1564264000.8223116,1564264000.9072564
read,/oasis/scratch/comet/hrlee/temp_project/alchemlyb/perf/fsizes/32/0040/WORK/dhdl/dhdl.part0000.xvg,390,1,1564264000.8233044,1564264000.9073856
read,/oasis/scratch/comet/hrlee/temp_project/alchemlyb/perf/fsizes/32/0037/WORK/dhdl/dhdl.part0000.xvg,360,1,1564264000.8207886,1564264000.9092646
read,/oasis/scratch/comet/hrlee/temp_project/alchemlyb/perf/fsizes/32/0040/WORK/dhdl/dhdl.part0006.xvg,396,1,1564264000.828916,1564264000.913915
read,/oasis/scratch/comet/hrlee/temp_project/alchemlyb/perf/fsizes/32/0034/WORK/dhdl/dhdl.part0007.xvg,337,1,1564264000.873503,1564264000.9227576
read,/oasis/scratch/comet/hrlee/temp_project/alchemlyb/perf/fsizes/32/0030/WORK/dhdl/dhdl.part0007.xvg,297,1,1564264000.8982913,1564264000.9281619
read,/oasis/scratch/comet/hrlee/temp_project/alchemlyb/perf/fsizes/32/0036/WORK/dhdl/dhdl.part0005.xvg,355,1,1564264000.8759813,1564264000.9296925
read,/oasis/scratch/comet/hrlee/temp_project/alchemlyb/perf/fsizes/32/0030/WORK/dhdl/dhdl.part0001.xvg,291,1,1564264000.900276,1564264000.9312956
read,/oasis/scratch/comet/hrlee/temp_project/alchemlyb/perf/fsizes/32/0038/WORK/dhdl/dhdl.part0009.xvg,379,1,1564264000.879637,1564264000.9363928
read,/oasis/scratch/comet/hrlee/temp_project/alchemlyb/perf/fsizes/32/0034/WORK/dhdl/dhdl.part0001.xvg,331,1,1564264000.8664842,1564264000.936469
read,/oasis/scratch/comet/hrlee/temp_project/alchemlyb/perf/fsizes/32/0035/WORK/dhdl/dhdl.part0003.xvg,343,1,1564264000.881092,1564264000.9388828
read,/oasis/scratch/comet/hrlee/temp_project/alchemlyb/perf/fsizes/32/0038/WORK/dhdl/dhdl.part0003.xvg,373,1,1564264000.881846,1564264000.938991
read,/oasis/scratch/comet/hrlee/temp_project/alchemlyb/perf/fsizes/32/0032/WORK/dhdl/dhdl.part0009.xvg,319,1,1564264000.8745112,1564264000.943868
read,/oasis/scratch/comet/hrlee/temp_project/alchemlyb/perf/fsizes/32/0033/WORK/dhdl/dhdl.part0006.xvg,326,1,1564264000.8940933,1564264000.9441977
read,/oasis/scratch/comet/hrlee/temp_project/alchemlyb/perf/fsizes/32/0031/WORK/dhdl/dhdl.part0007.xvg,307,1,1564264000.8740144,1564264000.9495986
read,/oasis/scratch/comet/hrlee/temp_project/alchemlyb/perf/fsizes/32/0032/WORK/dhdl/dhdl.part0003.xvg,313,1,1564264000.8786435,1564264000.9532616
read,/oasis/scratch/comet/hrlee/temp_project/alchemlyb/perf/fsizes/32/0034/WORK/dhdl/dhdl.part0008.xvg,338,1,1564264000.923659,1564264000.9600403
read,/oasis/scratch/comet/hrlee/temp_project/alchemlyb/perf/fsizes/32/0031/WORK/dhdl/dhdl.part0001.xvg,301,1,1564264000.8901043,1564264000.960451
read,/oasis/scratch/comet/hrlee/temp_project/alchemlyb/perf/fsizes/32/0030/WORK/dhdl/dhdl.part0008.xvg,298,1,1564264000.9293327,1564264000.9606767
read,/oasis/scratch/comet/hrlee/temp_project/alchemlyb/perf/fsizes/32/0030/WORK/dhdl/dhdl.part0002.xvg,292,1,1564264000.9329739,1564264000.9642181
read,/oasis/scratch/comet/hrlee/temp_project/alchemlyb/perf/fsizes/32/0035/WORK/dhdl/dhdl.part0009.xvg,349,1,1564264000.9002745,1564264000.9697964
read,/oasis/scratch/comet/hrlee/temp_project/alchemlyb/perf/fsizes/32/0037/WORK/dhdl/dhdl.part0007.xvg,367,1,1564264000.9070175,1564264000.981343
read,/oasis/scratch/comet/hrlee/temp_project/alchemlyb/perf/fsizes/32/0036/WORK/dhdl/dhdl.part0006.xvg,356,1,1564264000.93105,1564264000.9817708
read,/oasis/scratch/comet/hrlee/temp_project/alchemlyb/perf/fsizes/32/0040/WORK/dhdl/dhdl.part0001.xvg,391,1,1564264000.9085896,1564264000.983091
read,/oasis/scratch/comet/hrlee/temp_project/alchemlyb/perf/fsizes/32/0039/WORK/dhdl/dhdl.part0005.xvg,385,1,1564264000.9086044,1564264000.983783
read,/oasis/scratch/comet/hrlee/temp_project/alchemlyb/perf/fsizes/32/0037/WORK/dhdl/dhdl.part0001.xvg,361,1,1564264000.9106145,1564264000.9861455
read,/oasis/scratch/comet/hrlee/temp_project/alchemlyb/perf/fsizes/32/0040/WORK/dhdl/dhdl.part0007.xvg,397,1,1564264000.9148655,1564264000.9901233
read,/oasis/scratch/comet/hrlee/temp_project/alchemlyb/perf/fsizes/32/0030/WORK/dhdl/dhdl.part0009.xvg,299,1,1564264000.962044,1564264000.9928305
read,/oasis/scratch/comet/hrlee/temp_project/alchemlyb/perf/fsizes/32/0039/WORK/dhdl/dhdl.part0000.xvg,380,1,1564264000.9375646,1564264000.9953628
read,/oasis/scratch/comet/hrlee/temp_project/alchemlyb/perf/fsizes/32/0034/WORK/dhdl/dhdl.part0002.xvg,332,1,1564264000.937581,1564264000.9959807
read,/oasis/scratch/comet/hrlee/temp_project/alchemlyb/perf/fsizes/32/0030/WORK/dhdl/dhdl.part0003.xvg,293,1,1564264000.9656022,1564264000.9978244
read,/oasis/scratch/comet/hrlee/temp_project/alchemlyb/perf/fsizes/32/0038/WORK/dhdl/dhdl.part0004.xvg,374,1,1564264000.939834,1564264001.0030406
read,/oasis/scratch/comet/hrlee/temp_project/alchemlyb/perf/fsizes/32/0035/WORK/dhdl/dhdl.part0004.xvg,344,1,1564264000.9398344,1564264001.003624
read,/oasis/scratch/comet/hrlee/temp_project/alchemlyb/perf/fsizes/32/0031/WORK/dhdl/dhdl.part0008.xvg,308,1,1564264000.9507544,1564264001.006207
read,/oasis/scratch/comet/hrlee/temp_project/alchemlyb/perf/fsizes/32/0033/WORK/dhdl/dhdl.part0000.xvg,320,1,1564264000.9449906,1564264001.0070436
read,/oasis/scratch/comet/hrlee/temp_project/alchemlyb/perf/fsizes/32/0033/WORK/dhdl/dhdl.part0007.xvg,327,1,1564264000.9451106,1564264001.0087323
read,/oasis/scratch/comet/hrlee/temp_project/alchemlyb/perf/fsizes/32/0032/WORK/dhdl/dhdl.part0004.xvg,314,1,1564264000.9543886,1564264001.010429
read,/oasis/scratch/comet/hrlee/temp_project/alchemlyb/perf/fsizes/32/0031/WORK/dhdl/dhdl.part0002.xvg,302,1,1564264000.9613295,1564264001.015148
read,/oasis/scratch/comet/hrlee/temp_project/alchemlyb/perf/fsizes/32/0043/WORK/dhdl/dhdl.part0000.xvg,420,1,1564264000.8628597,1564264001.015487
read,/oasis/scratch/comet/hrlee/temp_project/alchemlyb/perf/fsizes/32/0034/WORK/dhdl/dhdl.part0009.xvg,339,1,1564264000.9610605,1564264001.0159733
read,/oasis/scratch/comet/hrlee/temp_project/alchemlyb/perf/fsizes/32/0036/WORK/dhdl/dhdl.part0000.xvg,350,1,1564264000.9708178,1564264001.0203447
read,/oasis/scratch/comet/hrlee/temp_project/alchemlyb/perf/fsizes/32/0036/WORK/dhdl/dhdl.part0007.xvg,357,1,1564264000.9824672,1564264001.025232
read,/oasis/scratch/comet/hrlee/temp_project/alchemlyb/perf/fsizes/32/0043/WORK/dhdl/dhdl.part0006.xvg,426,1,1564264000.8630335,1564264001.040932
read,/oasis/scratch/comet/hrlee/temp_project/alchemlyb/perf/fsizes/32/0034/WORK/dhdl/dhdl.part0003.xvg,333,1,1564264000.9968047,1564264001.041137
read,/oasis/scratch/comet/hrlee/temp_project/alchemlyb/perf/fsizes/32/0038/WORK/dhdl/dhdl.part0005.xvg,375,1,1564264001.004013,1564264001.0550091
read,/oasis/scratch/comet/hrlee/temp_project/alchemlyb/perf/fsizes/32/0037/WORK/dhdl/dhdl.part0008.xvg,368,1,1564264000.9823961,1564264001.0557463
read,/oasis/scratch/comet/hrlee/temp_project/alchemlyb/perf/fsizes/32/0040/WORK/dhdl/dhdl.part0002.xvg,392,1,1564264000.9839554,1564264001.0579507
read,/oasis/scratch/comet/hrlee/temp_project/alchemlyb/perf/fsizes/32/0039/WORK/dhdl/dhdl.part0006.xvg,386,1,1564264000.9844892,1564264001.0599985
read,/oasis/scratch/comet/hrlee/temp_project/alchemlyb/perf/fsizes/32/0033/WORK/dhdl/dhdl.part0001.xvg,321,1,1564264001.008003,1564264001.0605357
read,/oasis/scratch/comet/hrlee/temp_project/alchemlyb/perf/fsizes/32/0033/WORK/dhdl/dhdl.part0008.xvg,328,1,1564264001.009524,1564264001.0631595
read,/oasis/scratch/comet/hrlee/temp_project/alchemlyb/perf/fsizes/32/0037/WORK/dhdl/dhdl.part0002.xvg,362,1,1564264000.9871528,1564264001.0649776
read,/oasis/scratch/comet/hrlee/temp_project/alchemlyb/perf/fsizes/32/0040/WORK/dhdl/dhdl.part0008.xvg,398,1,1564264000.991141,1564264001.0676665
read,/oasis/scratch/comet/hrlee/temp_project/alchemlyb/perf/fsizes/32/0035/WORK/dhdl/dhdl.part0000.xvg,340,1,1564264001.0166276,1564264001.0691307
read,/oasis/scratch/comet/hrlee/temp_project/alchemlyb/perf/fsizes/32/0039/WORK/dhdl/dhdl.part0001.xvg,381,1,1564264000.9964147,1564264001.0702615
read,/oasis/scratch/comet/hrlee/temp_project/alchemlyb/perf/fsizes/32/0036/WORK/dhdl/dhdl.part0001.xvg,351,1,1564264001.0212996,1564264001.070609
read,/oasis/scratch/comet/hrlee/temp_project/alchemlyb/perf/fsizes/32/0036/WORK/dhdl/dhdl.part0008.xvg,358,1,1564264001.0261908,1564264001.0732036
read,/oasis/scratch/comet/hrlee/temp_project/alchemlyb/perf/fsizes/32/0035/WORK/dhdl/dhdl.part0005.xvg,345,1,1564264001.004383,1564264001.075404
read,/oasis/scratch/comet/hrlee/temp_project/alchemlyb/perf/fsizes/32/0031/WORK/dhdl/dhdl.part0009.xvg,309,1,1564264001.0070727,1564264001.0757086
read,/oasis/scratch/comet/hrlee/temp_project/alchemlyb/perf/fsizes/32/0032/WORK/dhdl/dhdl.part0005.xvg,315,1,1564264001.0112264,1564264001.077527
read,/oasis/scratch/comet/hrlee/temp_project/alchemlyb/perf/fsizes/32/0031/WORK/dhdl/dhdl.part0003.xvg,303,1,1564264001.0162594,1564264001.0792053
read,/oasis/scratch/comet/hrlee/temp_project/alchemlyb/perf/fsizes/32/0034/WORK/dhdl/dhdl.part0004.xvg,334,1,1564264001.0419385,1564264001.0809364
read,/oasis/scratch/comet/hrlee/temp_project/alchemlyb/perf/fsizes/32/0038/WORK/dhdl/dhdl.part0006.xvg,376,1,1564264001.0561786,1564264001.0984392
read,/oasis/scratch/comet/hrlee/temp_project/alchemlyb/perf/fsizes/32/0037/WORK/dhdl/dhdl.part0009.xvg,369,1,1564264001.0568807,1564264001.106303
read,/oasis/scratch/comet/hrlee/temp_project/alchemlyb/perf/fsizes/32/0033/WORK/dhdl/dhdl.part0002.xvg,322,1,1564264001.0612698,1564264001.1116593
read,/oasis/scratch/comet/hrlee/temp_project/alchemlyb/perf/fsizes/32/0040/WORK/dhdl/dhdl.part0003.xvg,393,1,1564264001.0589914,1564264001.1138258
read,/oasis/scratch/comet/hrlee/temp_project/alchemlyb/perf/fsizes/32/0033/WORK/dhdl/dhdl.part0009.xvg,329,1,1564264001.0641994,1564264001.1148074
read,/oasis/scratch/comet/hrlee/temp_project/alchemlyb/perf/fsizes/32/0039/WORK/dhdl/dhdl.part0007.xvg,387,1,1564264001.061104,1564264001.1178544
read,/oasis/scratch/comet/hrlee/temp_project/alchemlyb/perf/fsizes/32/0035/WORK/dhdl/dhdl.part0001.xvg,341,1,1564264001.069958,1564264001.1217124
read,/oasis/scratch/comet/hrlee/temp_project/alchemlyb/perf/fsizes/32/0036/WORK/dhdl/dhdl.part0002.xvg,352,1,1564264001.0713131,1564264001.1242776
read,/oasis/scratch/comet/hrlee/temp_project/alchemlyb/perf/fsizes/32/0036/WORK/dhdl/dhdl.part0009.xvg,359,1,1564264001.0773718,1564264001.1289783
read,/oasis/scratch/comet/hrlee/temp_project/alchemlyb/perf/fsizes/32/0037/WORK/dhdl/dhdl.part0003.xvg,363,1,1564264001.066033,1564264001.1319447
read,/oasis/scratch/comet/hrlee/temp_project/alchemlyb/perf/fsizes/32/0034/WORK/dhdl/dhdl.part0005.xvg,335,1,1564264001.0818343,1564264001.1322153
read,/oasis/scratch/comet/hrlee/temp_project/alchemlyb/perf/fsizes/32/0040/WORK/dhdl/dhdl.part0009.xvg,399,1,1564264001.068617,1564264001.139749
read,/oasis/scratch/comet/hrlee/temp_project/alchemlyb/perf/fsizes/32/0038/WORK/dhdl/dhdl.part0007.xvg,377,1,1564264001.0993247,1564264001.1402752
read,/oasis/scratch/comet/hrlee/temp_project/alchemlyb/perf/fsizes/32/0039/WORK/dhdl/dhdl.part0002.xvg,382,1,1564264001.0711918,1564264001.1414437
read,/oasis/scratch/comet/hrlee/temp_project/alchemlyb/perf/fsizes/32/0038/WORK/dhdl/dhdl.part0000.xvg,370,1,1564264001.1073415,1564264001.1445181
read,/oasis/scratch/comet/hrlee/temp_project/alchemlyb/perf/fsizes/32/0033/WORK/dhdl/dhdl.part0003.xvg,323,1,1564264001.1129367,1564264001.147233
read,/oasis/scratch/comet/hrlee/temp_project/alchemlyb/perf/fsizes/32/0032/WORK/dhdl/dhdl.part0006.xvg,316,1,1564264001.0782347,1564264001.1482625
read,/oasis/scratch/comet/hrlee/temp_project/alchemlyb/perf/fsizes/32/0031/WORK/dhdl/dhdl.part0004.xvg,304,1,1564264001.0799823,1564264001.1483114
read,/oasis/scratch/comet/hrlee/temp_project/alchemlyb/perf/fsizes/32/0035/WORK/dhdl/dhdl.part0006.xvg,346,1,1564264001.0778084,1564264001.1485164
read,/oasis/scratch/comet/hrlee/temp_project/alchemlyb/perf/fsizes/32/0032/WORK/dhdl/dhdl.part0000.xvg,310,1,1564264001.0778093,1564264001.1490684
read,/oasis/scratch/comet/hrlee/temp_project/alchemlyb/perf/fsizes/32/0040/WORK/dhdl/dhdl.part0004.xvg,394,1,1564264001.1150084,1564264001.1565955
read,/oasis/scratch/comet/hrlee/temp_project/alchemlyb/perf/fsizes/32/0039/WORK/dhdl/dhdl.part0008.xvg,388,1,1564264001.118933,1564264001.1577077
read,/oasis/scratch/comet/hrlee/temp_project/alchemlyb/perf/fsizes/32/0036/WORK/dhdl/dhdl.part0003.xvg,353,1,1564264001.1252449,1564264001.1588964
read,/oasis/scratch/comet/hrlee/temp_project/alchemlyb/perf/fsizes/32/0037/WORK/dhdl/dhdl.part0004.xvg,364,1,1564264001.1333826,1564264001.164837
read,/oasis/scratch/comet/hrlee/temp_project/alchemlyb/perf/fsizes/32/0038/WORK/dhdl/dhdl.part0001.xvg,371,1,1564264001.1453717,1564264001.175358
read,/oasis/scratch/comet/hrlee/temp_project/alchemlyb/perf/fsizes/32/0039/WORK/dhdl/dhdl.part0003.xvg,383,1,1564264001.1423347,1564264001.181491
read,/oasis/scratch/comet/hrlee/temp_project/alchemlyb/perf/fsizes/32/0031/WORK/dhdl/dhdl.part0005.xvg,305,1,1564264001.1490138,1564264001.2060564
read,/oasis/scratch/comet/hrlee/temp_project/alchemlyb/perf/fsizes/32/0032/WORK/dhdl/dhdl.part0007.xvg,317,1,1564264001.1490102,1564264001.206189
read,/oasis/scratch/comet/hrlee/temp_project/alchemlyb/perf/fsizes/32/0035/WORK/dhdl/dhdl.part0007.xvg,347,1,1564264001.1491547,1564264001.2068045
read,/oasis/scratch/comet/hrlee/temp_project/alchemlyb/perf/fsizes/32/0032/WORK/dhdl/dhdl.part0001.xvg,311,1,1564264001.1497023,1564264001.206906
read,/oasis/scratch/comet/hrlee/temp_project/alchemlyb/perf/fsizes/32/0040/WORK/dhdl/dhdl.part0005.xvg,395,1,1564264001.157503,1564264001.2114635
read,/oasis/scratch/comet/hrlee/temp_project/alchemlyb/perf/fsizes/32/0039/WORK/dhdl/dhdl.part0009.xvg,389,1,1564264001.1584783,1564264001.211992
read,/oasis/scratch/comet/hrlee/temp_project/alchemlyb/perf/fsizes/32/0037/WORK/dhdl/dhdl.part0005.xvg,365,1,1564264001.1656022,1564264001.2141101
read,/oasis/scratch/comet/hrlee/temp_project/alchemlyb/perf/fsizes/32/0044/WORK/dhdl/dhdl.part0002.xvg,432,1,1564264001.0255795,1564264001.3817563
read,/oasis/scratch/comet/hrlee/temp_project/alchemlyb/perf/fsizes/32/0047/WORK/dhdl/dhdl.part0008.xvg,468,1,1564264001.2359643,1564264001.3957043
read,/oasis/scratch/comet/hrlee/temp_project/alchemlyb/perf/fsizes/32/0050/WORK/dhdl/dhdl.part0008.xvg,498,1,1564264001.2351968,1564264001.4133196
read,/oasis/scratch/comet/hrlee/temp_project/alchemlyb/perf/fsizes/32/0041/WORK/dhdl/dhdl.part0002.xvg,402,1,1564264000.8629422,1564264001.49563
read,/oasis/scratch/comet/hrlee/temp_project/alchemlyb/perf/fsizes/32/0049/WORK/dhdl/dhdl.part0000.xvg,480,1,1564264001.1940126,1564264001.502571
read,/oasis/scratch/comet/hrlee/temp_project/alchemlyb/perf/fsizes/32/0042/WORK/dhdl/dhdl.part0004.xvg,414,1,1564264001.0175993,1564264001.5293994
read,/oasis/scratch/comet/hrlee/temp_project/alchemlyb/perf/fsizes/32/0043/WORK/dhdl/dhdl.part0007.xvg,427,1,1564264001.0712085,1564264001.5370064
read,/oasis/scratch/comet/hrlee/temp_project/alchemlyb/perf/fsizes/32/0050/WORK/dhdl/dhdl.part0002.xvg,492,1,1564264001.3686962,1564264001.5385628
read,/oasis/scratch/comet/hrlee/temp_project/alchemlyb/perf/fsizes/32/0045/WORK/dhdl/dhdl.part0004.xvg,444,1,1564264001.144188,1564264001.5541322
read,/oasis/scratch/comet/hrlee/temp_project/alchemlyb/perf/fsizes/32/0044/WORK/dhdl/dhdl.part0003.xvg,433,1,1564264001.4210656,1564264001.6317208
read,/oasis/scratch/comet/hrlee/temp_project/alchemlyb/perf/fsizes/32/0050/WORK/dhdl/dhdl.part0003.xvg,493,1,1564264001.5953853,1564264001.7767065
read,/oasis/scratch/comet/hrlee/temp_project/alchemlyb/perf/fsizes/32/0048/WORK/dhdl/dhdl.part0004.xvg,474,1,1564264001.311133,1564264001.8704822
read,/oasis/scratch/comet/hrlee/temp_project/alchemlyb/perf/fsizes/32/0050/WORK/dhdl/dhdl.part0009.xvg,499,1,1564264001.4447095,1564264001.892973
read,/oasis/scratch/comet/hrlee/temp_project/alchemlyb/perf/fsizes/32/0041/WORK/dhdl/dhdl.part0003.xvg,403,1,1564264001.551153,1564264001.945597
read,/oasis/scratch/comet/hrlee/temp_project/alchemlyb/perf/fsizes/32/0042/WORK/dhdl/dhdl.part0005.xvg,415,1,1564264001.5426366,1564264002.0326495
read,/oasis/scratch/comet/hrlee/temp_project/alchemlyb/perf/fsizes/32/0046/WORK/dhdl/dhdl.part0000.xvg,450,1,1564264001.4337008,1564264002.0983207
read,/oasis/scratch/comet/hrlee/temp_project/alchemlyb/perf/fsizes/32/0050/WORK/dhdl/dhdl.part0004.xvg,494,1,1564264001.8368783,1564264002.0986466
read,/oasis/scratch/comet/hrlee/temp_project/alchemlyb/perf/fsizes/32/0047/WORK/dhdl/dhdl.part0009.xvg,469,1,1564264001.4423606,1564264002.1276095
read,/oasis/scratch/comet/hrlee/temp_project/alchemlyb/perf/fsizes/32/0041/WORK/dhdl/dhdl.part0004.xvg,404,1,1564264001.9799857,1564264002.1462567
read,/oasis/scratch/comet/hrlee/temp_project/alchemlyb/perf/fsizes/32/0046/WORK/dhdl/dhdl.part0001.xvg,451,1,1564264002.1243432,1564264002.26447
read,/oasis/scratch/comet/hrlee/temp_project/alchemlyb/perf/fsizes/32/0041/WORK/dhdl/dhdl.part0005.xvg,405,1,1564264002.1651266,1564264002.3147395
read,/oasis/scratch/comet/hrlee/temp_project/alchemlyb/perf/fsizes/32/0050/WORK/dhdl/dhdl.part0005.xvg,495,1,1564264002.1407473,1564264002.3329716
read,/oasis/scratch/comet/hrlee/temp_project/alchemlyb/perf/fsizes/32/0041/WORK/dhdl/dhdl.part0008.xvg,408,1,1564264000.8984814,1564264002.3890245
read,/oasis/scratch/comet/hrlee/temp_project/alchemlyb/perf/fsizes/32/0041/WORK/dhdl/dhdl.part0000.xvg,400,1,1564264001.3224068,1564264002.4689991
read,/oasis/scratch/comet/hrlee/temp_project/alchemlyb/perf/fsizes/32/0041/WORK/dhdl/dhdl.part0006.xvg,406,1,1564264002.337975,1564264002.586697
read,/oasis/scratch/comet/hrlee/temp_project/alchemlyb/perf/fsizes/32/0045/WORK/dhdl/dhdl.part0005.xvg,445,1,1564264001.6164424,1564264002.7166476
read,/oasis/scratch/comet/hrlee/temp_project/alchemlyb/perf/fsizes/32/0048/WORK/dhdl/dhdl.part0000.xvg,470,1,1564264002.1555045,1564264002.802888
read,/oasis/scratch/comet/hrlee/temp_project/alchemlyb/perf/fsizes/32/0041/WORK/dhdl/dhdl.part0009.xvg,409,1,1564264002.4748359,1564264002.8252056
read,/oasis/scratch/comet/hrlee/temp_project/alchemlyb/perf/fsizes/32/0041/WORK/dhdl/dhdl.part0001.xvg,401,1,1564264002.5482237,1564264002.8313498
read,/oasis/scratch/comet/hrlee/temp_project/alchemlyb/perf/fsizes/32/0048/WORK/dhdl/dhdl.part0005.xvg,475,1,1564264001.936091,1564264002.8366299
read,/oasis/scratch/comet/hrlee/temp_project/alchemlyb/perf/fsizes/32/0046/WORK/dhdl/dhdl.part0002.xvg,452,1,1564264002.3368616,1564264002.84114
read,/oasis/scratch/comet/hrlee/temp_project/alchemlyb/perf/fsizes/32/0047/WORK/dhdl/dhdl.part0002.xvg,462,1,1564264001.450653,1564264002.882577
read,/oasis/scratch/comet/hrlee/temp_project/alchemlyb/perf/fsizes/32/0048/WORK/dhdl/dhdl.part0001.xvg,471,1,1564264002.832233,1564264002.9860234
read,/oasis/scratch/comet/hrlee/temp_project/alchemlyb/perf/fsizes/32/0041/WORK/dhdl/dhdl.part0007.xvg,407,1,1564264002.7086074,1564264002.9939442
read,/oasis/scratch/comet/hrlee/temp_project/alchemlyb/perf/fsizes/32/0046/WORK/dhdl/dhdl.part0003.xvg,453,1,1564264002.8833246,1564264003.0165277
read,/oasis/scratch/comet/hrlee/temp_project/alchemlyb/perf/fsizes/32/0044/WORK/dhdl/dhdl.part0004.xvg,434,1,1564264001.693563,1564264003.0612478
read,/oasis/scratch/comet/hrlee/temp_project/alchemlyb/perf/fsizes/32/0042/WORK/dhdl/dhdl.part0000.xvg,410,1,1564264002.9229624,1564264003.1250005
read,/oasis/scratch/comet/hrlee/temp_project/alchemlyb/perf/fsizes/32/0044/WORK/dhdl/dhdl.part0008.xvg,438,1,1564264001.0289466,1564264003.1352315
read,/oasis/scratch/comet/hrlee/temp_project/alchemlyb/perf/fsizes/32/0048/WORK/dhdl/dhdl.part0006.xvg,476,1,1564264002.879202,1564264003.1445973
read,/oasis/scratch/comet/hrlee/temp_project/alchemlyb/perf/fsizes/32/0048/WORK/dhdl/dhdl.part0002.xvg,472,1,1564264003.020947,1564264003.2183132
read,/oasis/scratch/comet/hrlee/temp_project/alchemlyb/perf/fsizes/32/0049/WORK/dhdl/dhdl.part0001.xvg,481,1,1564264001.569976,1564264003.2385375
read,/oasis/scratch/comet/hrlee/temp_project/alchemlyb/perf/fsizes/32/0044/WORK/dhdl/dhdl.part0009.xvg,439,1,1564264003.1908677,1564264003.2767909
read,/oasis/scratch/comet/hrlee/temp_project/alchemlyb/perf/fsizes/32/0050/WORK/dhdl/dhdl.part0006.xvg,496,1,1564264002.4539192,1564264003.2864532
read,/oasis/scratch/comet/hrlee/temp_project/alchemlyb/perf/fsizes/32/0044/WORK/dhdl/dhdl.part0005.xvg,435,1,1564264003.0979407,1564264003.2874944
read,/oasis/scratch/comet/hrlee/temp_project/alchemlyb/perf/fsizes/32/0042/WORK/dhdl/dhdl.part0001.xvg,411,1,1564264003.1498158,1564264003.3029974
read,/oasis/scratch/comet/hrlee/temp_project/alchemlyb/perf/fsizes/32/0047/WORK/dhdl/dhdl.part0003.xvg,463,1,1564264003.0553951,1564264003.3360627
read,/oasis/scratch/comet/hrlee/temp_project/alchemlyb/perf/fsizes/32/0046/WORK/dhdl/dhdl.part0004.xvg,454,1,1564264003.0427494,1564264003.3965786
read,/oasis/scratch/comet/hrlee/temp_project/alchemlyb/perf/fsizes/32/0048/WORK/dhdl/dhdl.part0007.xvg,477,1,1564264003.2397966,1564264003.6011097
read,/oasis/scratch/comet/hrlee/temp_project/alchemlyb/perf/fsizes/32/0050/WORK/dhdl/dhdl.part0007.xvg,497,1,1564264003.3494027,1564264003.6374018
read,/oasis/scratch/comet/hrlee/temp_project/alchemlyb/perf/fsizes/32/0046/WORK/dhdl/dhdl.part0005.xvg,455,1,1564264003.4219928,1564264003.6884952
read,/oasis/scratch/comet/hrlee/temp_project/alchemlyb/perf/fsizes/32/0049/WORK/dhdl/dhdl.part0002.xvg,482,1,1564264003.2878103,1564264003.8901386
read,/oasis/scratch/comet/hrlee/temp_project/alchemlyb/perf/fsizes/32/0045/WORK/dhdl/dhdl.part0000.xvg,440,1,1564264003.3140776,1564264003.9886348
read,/oasis/scratch/comet/hrlee/temp_project/alchemlyb/perf/fsizes/32/0047/WORK/dhdl/dhdl.part0004.xvg,464,1,1564264003.4117491,1564264003.9897559
read,/oasis/scratch/comet/hrlee/temp_project/alchemlyb/perf/fsizes/32/0044/WORK/dhdl/dhdl.part0006.xvg,436,1,1564264003.4769409,1564264004.0150535
read,/oasis/scratch/comet/hrlee/temp_project/alchemlyb/perf/fsizes/32/0042/WORK/dhdl/dhdl.part0002.xvg,412,1,1564264003.4145858,1564264004.0699413
read,/oasis/scratch/comet/hrlee/temp_project/alchemlyb/perf/fsizes/32/0045/WORK/dhdl/dhdl.part0001.xvg,441,1,1564264004.013674,1564264004.163226
read,/oasis/scratch/comet/hrlee/temp_project/alchemlyb/perf/fsizes/32/0047/WORK/dhdl/dhdl.part0005.xvg,465,1,1564264004.0132022,1564264004.2222986
read,/oasis/scratch/comet/hrlee/temp_project/alchemlyb/perf/fsizes/32/0044/WORK/dhdl/dhdl.part0007.xvg,437,1,1564264004.0471737,1564264004.2882473
read,/oasis/scratch/comet/hrlee/temp_project/alchemlyb/perf/fsizes/32/0046/WORK/dhdl/dhdl.part0006.xvg,456,1,1564264001.1781611,1564264004.3107672
read,/oasis/scratch/comet/hrlee/temp_project/alchemlyb/perf/fsizes/32/0042/WORK/dhdl/dhdl.part0003.xvg,413,1,1564264004.0942724,1564264004.3704228
read,/oasis/scratch/comet/hrlee/temp_project/alchemlyb/perf/fsizes/32/0045/WORK/dhdl/dhdl.part0002.xvg,442,1,1564264004.294579,1564264004.4559994
read,/oasis/scratch/comet/hrlee/temp_project/alchemlyb/perf/fsizes/32/0049/WORK/dhdl/dhdl.part0006.xvg,486,1,1564264001.3668044,1564264004.464024
read,/oasis/scratch/comet/hrlee/temp_project/alchemlyb/perf/fsizes/32/0049/WORK/dhdl/dhdl.part0003.xvg,483,1,1564264004.0110393,1564264004.4653392
read,/oasis/scratch/comet/hrlee/temp_project/alchemlyb/perf/fsizes/32/0047/WORK/dhdl/dhdl.part0006.xvg,466,1,1564264004.2945895,1564264004.6002243
read,/oasis/scratch/comet/hrlee/temp_project/alchemlyb/perf/fsizes/32/0049/WORK/dhdl/dhdl.part0004.xvg,484,1,1564264004.5059955,1564264004.7433493
read,/oasis/scratch/comet/hrlee/temp_project/alchemlyb/perf/fsizes/32/0047/WORK/dhdl/dhdl.part0007.xvg,467,1,1564264004.7881076,1564264005.121147
read,/oasis/scratch/comet/hrlee/temp_project/alchemlyb/perf/fsizes/32/0043/WORK/dhdl/dhdl.part0001.xvg,421,1,1564264001.220148,1564264005.6185515
read,/oasis/scratch/comet/hrlee/temp_project/alchemlyb/perf/fsizes/32/0048/WORK/dhdl/dhdl.part0008.xvg,478,1,1564264003.8218515,1564264005.6212387
read,/oasis/scratch/comet/hrlee/temp_project/alchemlyb/perf/fsizes/32/0046/WORK/dhdl/dhdl.part0007.xvg,457,1,1564264004.3820486,1564264005.8545578
read,/oasis/scratch/comet/hrlee/temp_project/alchemlyb/perf/fsizes/32/0048/WORK/dhdl/dhdl.part0009.xvg,479,1,1564264005.6365983,1564264005.8549116
read,/oasis/scratch/comet/hrlee/temp_project/alchemlyb/perf/fsizes/32/0046/WORK/dhdl/dhdl.part0008.xvg,458,1,1564264005.9812837,1564264006.1730406
read,/oasis/scratch/comet/hrlee/temp_project/alchemlyb/perf/fsizes/32/0042/WORK/dhdl/dhdl.part0006.xvg,416,1,1564264002.396227,1564264006.8755057
read,/oasis/scratch/comet/hrlee/temp_project/alchemlyb/perf/fsizes/32/0049/WORK/dhdl/dhdl.part0007.xvg,487,1,1564264004.521041,1564264006.9023697
read,/oasis/scratch/comet/hrlee/temp_project/alchemlyb/perf/fsizes/32/0046/WORK/dhdl/dhdl.part0009.xvg,459,1,1564264006.269161,1564264007.040483
read,/oasis/scratch/comet/hrlee/temp_project/alchemlyb/perf/fsizes/32/0049/WORK/dhdl/dhdl.part0005.xvg,485,1,1564264005.599411,1564264007.041934
read,/oasis/scratch/comet/hrlee/temp_project/alchemlyb/perf/fsizes/32/0049/WORK/dhdl/dhdl.part0008.xvg,488,1,1564264006.9346912,1564264007.0621321
read,/oasis/scratch/comet/hrlee/temp_project/alchemlyb/perf/fsizes/32/0045/WORK/dhdl/dhdl.part0003.xvg,443,1,1564264004.5209837,1564264007.0938292
read,/oasis/scratch/comet/hrlee/temp_project/alchemlyb/perf/fsizes/32/0049/WORK/dhdl/dhdl.part0009.xvg,489,1,1564264007.200896,1564264007.4615016
read,/oasis/scratch/comet/hrlee/temp_project/alchemlyb/perf/fsizes/32/0050/WORK/dhdl/dhdl.part0000.xvg,490,1,1564264007.5199606,1564264007.6972916
read,/oasis/scratch/comet/hrlee/temp_project/alchemlyb/perf/fsizes/32/0050/WORK/dhdl/dhdl.part0001.xvg,491,1,1564264007.717603,1564264007.9526587
read,/oasis/scratch/comet/hrlee/temp_project/alchemlyb/perf/fsizes/32/0043/WORK/dhdl/dhdl.part0008.xvg,428,1,1564264003.7370462,1564264008.1299374
read,/oasis/scratch/comet/hrlee/temp_project/alchemlyb/perf/fsizes/32/0043/WORK/dhdl/dhdl.part0009.xvg,429,1,1564264008.264312,1564264008.4062378
read,/oasis/scratch/comet/hrlee/temp_project/alchemlyb/perf/fsizes/32/0048/WORK/dhdl/dhdl.part0003.xvg,473,1,1564264004.2963626,1564264009.4410167
read,/oasis/scratch/comet/hrlee/temp_project/alchemlyb/perf/fsizes/32/0042/WORK/dhdl/dhdl.part0007.xvg,417,1,1564264007.023786,1564264009.44173
read,/oasis/scratch/comet/hrlee/temp_project/alchemlyb/perf/fsizes/32/0047/WORK/dhdl/dhdl.part0000.xvg,460,1,1564264007.0684938,1564264009.4927201
read,/oasis/scratch/comet/hrlee/temp_project/alchemlyb/perf/fsizes/32/0044/WORK/dhdl/dhdl.part0000.xvg,430,1,1564264008.462616,1564264009.5330591
read,/oasis/scratch/comet/hrlee/temp_project/alchemlyb/perf/fsizes/32/0047/WORK/dhdl/dhdl.part0001.xvg,461,1,1564264009.5266247,1564264009.7476408
read,/oasis/scratch/comet/hrlee/temp_project/alchemlyb/perf/fsizes/32/0042/WORK/dhdl/dhdl.part0008.xvg,418,1,1564264009.6526325,1564264009.9196944
read,/oasis/scratch/comet/hrlee/temp_project/alchemlyb/perf/fsizes/32/0042/WORK/dhdl/dhdl.part0009.xvg,419,1,1564264009.9681954,1564264010.0950432
read,/oasis/scratch/comet/hrlee/temp_project/alchemlyb/perf/fsizes/32/0043/WORK/dhdl/dhdl.part0002.xvg,422,1,1564264006.8574784,1564264012.627197
read,/oasis/scratch/comet/hrlee/temp_project/alchemlyb/perf/fsizes/32/0043/WORK/dhdl/dhdl.part0003.xvg,423,1,1564264012.694313,1564264012.910927
read,/oasis/scratch/comet/hrlee/temp_project/alchemlyb/perf/fsizes/32/0045/WORK/dhdl/dhdl.part0006.xvg,446,1,1564264004.2963533,1564264013.952597
read,/oasis/scratch/comet/hrlee/temp_project/alchemlyb/perf/fsizes/32/0043/WORK/dhdl/dhdl.part0004.xvg,424,1,1564264013.0990632,1564264014.01125
read,/oasis/scratch/comet/hrlee/temp_project/alchemlyb/perf/fsizes/32/0043/WORK/dhdl/dhdl.part0005.xvg,425,1,1564264014.0516806,1564264014.2528727
read,/oasis/scratch/comet/hrlee/temp_project/alchemlyb/perf/fsizes/32/0045/WORK/dhdl/dhdl.part0007.xvg,447,1,1564264014.036952,1564264015.1909282
read,/oasis/scratch/comet/hrlee/temp_project/alchemlyb/perf/fsizes/32/0044/WORK/dhdl/dhdl.part0001.xvg,431,1,1564264011.9300406,1564264015.192708
read,/oasis/scratch/comet/hrlee/temp_project/alchemlyb/perf/fsizes/32/0045/WORK/dhdl/dhdl.part0008.xvg,448,1,1564264015.2053812,1564264015.3328962
read,/oasis/scratch/comet/hrlee/temp_project/alchemlyb/perf/fsizes/32/0045/WORK/dhdl/dhdl.part0009.xvg,449,1,1564264015.3731976,1564264016.3289893
