read,/oasis/scratch/comet/hrlee/temp_project/alchemlyb/perf/fsizes/32/0007/WORK/dhdl/dhdl.part0008.xvg,68,1,1564265025.7312412,1564265025.7604644
read,/oasis/scratch/comet/hrlee/temp_project/alchemlyb/perf/fsizes/32/0003/WORK/dhdl/dhdl.part0004.xvg,24,1,1564265025.7302685,1564265025.789453
read,/oasis/scratch/comet/hrlee/temp_project/alchemlyb/perf/fsizes/32/0005/WORK/dhdl/dhdl.part0000.xvg,40,1,1564265025.7307627,1564265025.7897868
read,/oasis/scratch/comet/hrlee/temp_project/alchemlyb/perf/fsizes/32/0001/WORK/dhdl/dhdl.part0008.xvg,8,1,1564265025.7300324,1564265025.7897496
read,/oasis/scratch/comet/hrlee/temp_project/alchemlyb/perf/fsizes/32/0007/WORK/dhdl/dhdl.part0004.xvg,64,1,1564265025.7311249,1564265025.7898405
read,/oasis/scratch/comet/hrlee/temp_project/alchemlyb/perf/fsizes/32/0004/WORK/dhdl/dhdl.part0002.xvg,32,1,1564265025.7304444,1564265025.7898722
read,/oasis/scratch/comet/hrlee/temp_project/alchemlyb/perf/fsizes/32/0006/WORK/dhdl/dhdl.part0006.xvg,56,1,1564265025.7309613,1564265025.7899878
read,/oasis/scratch/comet/hrlee/temp_project/alchemlyb/perf/fsizes/32/0008/WORK/dhdl/dhdl.part0002.xvg,72,1,1564265025.7315657,1564265025.7901757
read,/oasis/scratch/comet/hrlee/temp_project/alchemlyb/perf/fsizes/32/0005/WORK/dhdl/dhdl.part0008.xvg,48,1,1564265025.7307978,1564265025.7902803
read,/oasis/scratch/comet/hrlee/temp_project/alchemlyb/perf/fsizes/32/0008/WORK/dhdl/dhdl.part0006.xvg,76,1,1564265025.7315774,1564265025.7903192
read,/oasis/scratch/comet/hrlee/temp_project/alchemlyb/perf/fsizes/32/0001/WORK/dhdl/dhdl.part0000.xvg,0,1,1564265025.7299256,1564265025.7905173
read,/oasis/scratch/comet/hrlee/temp_project/alchemlyb/perf/fsizes/32/0001/WORK/dhdl/dhdl.part0004.xvg,4,1,1564265025.7299256,1564265025.7914903
read,/oasis/scratch/comet/hrlee/temp_project/alchemlyb/perf/fsizes/32/0003/WORK/dhdl/dhdl.part0008.xvg,28,1,1564265025.730349,1564265025.791437
read,/oasis/scratch/comet/hrlee/temp_project/alchemlyb/perf/fsizes/32/0004/WORK/dhdl/dhdl.part0006.xvg,36,1,1564265025.7307637,1564265025.7918274
read,/oasis/scratch/comet/hrlee/temp_project/alchemlyb/perf/fsizes/32/0006/WORK/dhdl/dhdl.part0002.xvg,52,1,1564265025.7308898,1564265025.7920966
read,/oasis/scratch/comet/hrlee/temp_project/alchemlyb/perf/fsizes/32/0003/WORK/dhdl/dhdl.part0000.xvg,20,1,1564265025.7301984,1564265025.7921026
read,/oasis/scratch/comet/hrlee/temp_project/alchemlyb/perf/fsizes/32/0010/WORK/dhdl/dhdl.part0002.xvg,92,1,1564265025.73487,1564265025.7925482
read,/oasis/scratch/comet/hrlee/temp_project/alchemlyb/perf/fsizes/32/0014/WORK/dhdl/dhdl.part0002.xvg,132,1,1564265025.748672,1564265025.8340473
read,/oasis/scratch/comet/hrlee/temp_project/alchemlyb/perf/fsizes/32/0017/WORK/dhdl/dhdl.part0004.xvg,164,1,1564265025.7680051,1564265025.840284
read,/oasis/scratch/comet/hrlee/temp_project/alchemlyb/perf/fsizes/32/0009/WORK/dhdl/dhdl.part0004.xvg,84,1,1564265025.73487,1564265025.8426836
read,/oasis/scratch/comet/hrlee/temp_project/alchemlyb/perf/fsizes/32/0004/WORK/dhdl/dhdl.part0003.xvg,33,1,1564265025.7922173,1564265025.8483264
read,/oasis/scratch/comet/hrlee/temp_project/alchemlyb/perf/fsizes/32/0008/WORK/dhdl/dhdl.part0003.xvg,73,1,1564265025.791322,1564265025.8497002
read,/oasis/scratch/comet/hrlee/temp_project/alchemlyb/perf/fsizes/32/0008/WORK/dhdl/dhdl.part0007.xvg,77,1,1564265025.7916193,1564265025.8496819
read,/oasis/scratch/comet/hrlee/temp_project/alchemlyb/perf/fsizes/32/0011/WORK/dhdl/dhdl.part0000.xvg,100,1,1564265025.7417352,1564265025.849268
read,/oasis/scratch/comet/hrlee/temp_project/alchemlyb/perf/fsizes/32/0007/WORK/dhdl/dhdl.part0005.xvg,65,1,1564265025.7913752,1564265025.8500516
read,/oasis/scratch/comet/hrlee/temp_project/alchemlyb/perf/fsizes/32/0006/WORK/dhdl/dhdl.part0003.xvg,53,1,1564265025.7932405,1564265025.8508224
read,/oasis/scratch/comet/hrlee/temp_project/alchemlyb/perf/fsizes/32/0002/WORK/dhdl/dhdl.part0006.xvg,16,1,1564265025.730139,1564265025.8537216
read,/oasis/scratch/comet/hrlee/temp_project/alchemlyb/perf/fsizes/32/0016/WORK/dhdl/dhdl.part0006.xvg,156,1,1564265025.7589746,1564265025.8539438
read,/oasis/scratch/comet/hrlee/temp_project/alchemlyb/perf/fsizes/32/0016/WORK/dhdl/dhdl.part0002.xvg,152,1,1564265025.7577345,1564265025.8632486
read,/oasis/scratch/comet/hrlee/temp_project/alchemlyb/perf/fsizes/32/0009/WORK/dhdl/dhdl.part0000.xvg,80,1,1564265025.731721,1564265025.8656297
read,/oasis/scratch/comet/hrlee/temp_project/alchemlyb/perf/fsizes/32/0001/WORK/dhdl/dhdl.part0009.xvg,9,1,1564265025.798155,1564265025.8725967
read,/oasis/scratch/comet/hrlee/temp_project/alchemlyb/perf/fsizes/32/0010/WORK/dhdl/dhdl.part0006.xvg,96,1,1564265025.7427733,1564265025.8732393
read,/oasis/scratch/comet/hrlee/temp_project/alchemlyb/perf/fsizes/32/0006/WORK/dhdl/dhdl.part0007.xvg,57,1,1564265025.8022122,1564265025.8746824
read,/oasis/scratch/comet/hrlee/temp_project/alchemlyb/perf/fsizes/32/0015/WORK/dhdl/dhdl.part0008.xvg,148,1,1564265025.7577548,1564265025.8775542
read,/oasis/scratch/comet/hrlee/temp_project/alchemlyb/perf/fsizes/32/0017/WORK/dhdl/dhdl.part0000.xvg,160,1,1564265025.758966,1564265025.8812153
read,/oasis/scratch/comet/hrlee/temp_project/alchemlyb/perf/fsizes/32/0012/WORK/dhdl/dhdl.part0006.xvg,116,1,1564265025.7420137,1564265025.873471
read,/oasis/scratch/comet/hrlee/temp_project/alchemlyb/perf/fsizes/32/0005/WORK/dhdl/dhdl.part0009.xvg,49,1,1564265025.792126,1564265025.8843596
read,/oasis/scratch/comet/hrlee/temp_project/alchemlyb/perf/fsizes/32/0010/WORK/dhdl/dhdl.part0003.xvg,93,1,1564265025.8047807,1564265025.8852658
read,/oasis/scratch/comet/hrlee/temp_project/alchemlyb/perf/fsizes/32/0003/WORK/dhdl/dhdl.part0005.xvg,25,1,1564265025.7911377,1564265025.8891675
read,/oasis/scratch/comet/hrlee/temp_project/alchemlyb/perf/fsizes/32/0011/WORK/dhdl/dhdl.part0008.xvg,108,1,1564265025.7416992,1564265025.8889425
read,/oasis/scratch/comet/hrlee/temp_project/alchemlyb/perf/fsizes/32/0017/WORK/dhdl/dhdl.part0008.xvg,168,1,1564265025.7636552,1564265025.8910692
read,/oasis/scratch/comet/hrlee/temp_project/alchemlyb/perf/fsizes/32/0014/WORK/dhdl/dhdl.part0003.xvg,133,1,1564265025.8468559,1564265025.8935552
read,/oasis/scratch/comet/hrlee/temp_project/alchemlyb/perf/fsizes/32/0007/WORK/dhdl/dhdl.part0000.xvg,60,1,1564265025.7315812,1564265025.895708
read,/oasis/scratch/comet/hrlee/temp_project/alchemlyb/perf/fsizes/32/0003/WORK/dhdl/dhdl.part0001.xvg,21,1,1564265025.80367,1564265025.8971627
read,/oasis/scratch/comet/hrlee/temp_project/alchemlyb/perf/fsizes/32/0013/WORK/dhdl/dhdl.part0004.xvg,124,1,1564265025.7476919,1564265025.8967307
read,/oasis/scratch/comet/hrlee/temp_project/alchemlyb/perf/fsizes/32/0013/WORK/dhdl/dhdl.part0000.xvg,120,1,1564265025.7475586,1564265025.8976357
read,/oasis/scratch/comet/hrlee/temp_project/alchemlyb/perf/fsizes/32/0001/WORK/dhdl/dhdl.part0001.xvg,1,1,1564265025.7981596,1564265025.8980882
read,/oasis/scratch/comet/hrlee/temp_project/alchemlyb/perf/fsizes/32/0017/WORK/dhdl/dhdl.part0005.xvg,165,1,1564265025.8510065,1564265025.8983023
read,/oasis/scratch/comet/hrlee/temp_project/alchemlyb/perf/fsizes/32/0012/WORK/dhdl/dhdl.part0002.xvg,112,1,1564265025.7416759,1564265025.8986497
read,/oasis/scratch/comet/hrlee/temp_project/alchemlyb/perf/fsizes/32/0013/WORK/dhdl/dhdl.part0008.xvg,128,1,1564265025.748622,1564265025.8988206
read,/oasis/scratch/comet/hrlee/temp_project/alchemlyb/perf/fsizes/32/0009/WORK/dhdl/dhdl.part0005.xvg,85,1,1564265025.851282,1564265025.9026175
read,/oasis/scratch/comet/hrlee/temp_project/alchemlyb/perf/fsizes/32/0005/WORK/dhdl/dhdl.part0001.xvg,41,1,1564265025.798155,1564265025.903622
read,/oasis/scratch/comet/hrlee/temp_project/alchemlyb/perf/fsizes/32/0003/WORK/dhdl/dhdl.part0009.xvg,29,1,1564265025.7928414,1564265025.9069843
read,/oasis/scratch/comet/hrlee/temp_project/alchemlyb/perf/fsizes/32/0018/WORK/dhdl/dhdl.part0002.xvg,172,1,1564265025.772994,1564265025.906872
read,/oasis/scratch/comet/hrlee/temp_project/alchemlyb/perf/fsizes/32/0007/WORK/dhdl/dhdl.part0006.xvg,66,1,1564265025.8549845,1564265025.907864
read,/oasis/scratch/comet/hrlee/temp_project/alchemlyb/perf/fsizes/32/0006/WORK/dhdl/dhdl.part0004.xvg,54,1,1564265025.8522496,1564265025.9092793
read,/oasis/scratch/comet/hrlee/temp_project/alchemlyb/perf/fsizes/32/0019/WORK/dhdl/dhdl.part0000.xvg,180,1,1564265025.7636552,1564265025.9094331
read,/oasis/scratch/comet/hrlee/temp_project/alchemlyb/perf/fsizes/32/0008/WORK/dhdl/dhdl.part0008.xvg,78,1,1564265025.851105,1564265025.9122558
read,/oasis/scratch/comet/hrlee/temp_project/alchemlyb/perf/fsizes/32/0004/WORK/dhdl/dhdl.part0004.xvg,34,1,1564265025.855753,1564265025.9155622
read,/oasis/scratch/comet/hrlee/temp_project/alchemlyb/perf/fsizes/32/0002/WORK/dhdl/dhdl.part0007.xvg,17,1,1564265025.855953,1564265025.916147
read,/oasis/scratch/comet/hrlee/temp_project/alchemlyb/perf/fsizes/32/0014/WORK/dhdl/dhdl.part0006.xvg,136,1,1564265025.752764,1564265025.9164555
read,/oasis/scratch/comet/hrlee/temp_project/alchemlyb/perf/fsizes/32/0011/WORK/dhdl/dhdl.part0001.xvg,101,1,1564265025.8712811,1564265025.917773
read,/oasis/scratch/comet/hrlee/temp_project/alchemlyb/perf/fsizes/32/0005/WORK/dhdl/dhdl.part0004.xvg,44,1,1564265025.73094,1564265025.9180822
read,/oasis/scratch/comet/hrlee/temp_project/alchemlyb/perf/fsizes/32/0015/WORK/dhdl/dhdl.part0004.xvg,144,1,1564265025.7577345,1564265025.9186723
read,/oasis/scratch/comet/hrlee/temp_project/alchemlyb/perf/fsizes/32/0018/WORK/dhdl/dhdl.part0006.xvg,176,1,1564265025.7686808,1564265025.919592
read,/oasis/scratch/comet/hrlee/temp_project/alchemlyb/perf/fsizes/32/0009/WORK/dhdl/dhdl.part0008.xvg,88,1,1564265025.7349362,1564265025.9201112
read,/oasis/scratch/comet/hrlee/temp_project/alchemlyb/perf/fsizes/32/0004/WORK/dhdl/dhdl.part0007.xvg,37,1,1564265025.793049,1564265025.9240685
read,/oasis/scratch/comet/hrlee/temp_project/alchemlyb/perf/fsizes/32/0015/WORK/dhdl/dhdl.part0000.xvg,140,1,1564265025.753714,1564265025.926366
read,/oasis/scratch/comet/hrlee/temp_project/alchemlyb/perf/fsizes/32/0019/WORK/dhdl/dhdl.part0008.xvg,188,1,1564265025.8059473,1564265025.9265451
read,/oasis/scratch/comet/hrlee/temp_project/alchemlyb/perf/fsizes/32/0011/WORK/dhdl/dhdl.part0004.xvg,104,1,1564265025.7521977,1564265025.9292293
read,/oasis/scratch/comet/hrlee/temp_project/alchemlyb/perf/fsizes/32/0007/WORK/dhdl/dhdl.part0009.xvg,69,1,1564265025.7936146,1564265025.930733
read,/oasis/scratch/comet/hrlee/temp_project/alchemlyb/perf/fsizes/32/0002/WORK/dhdl/dhdl.part0002.xvg,12,1,1564265025.7300482,1564265025.9348323
read,/oasis/scratch/comet/hrlee/temp_project/alchemlyb/perf/fsizes/32/0019/WORK/dhdl/dhdl.part0004.xvg,184,1,1564265025.767998,1564265025.9459505
read,/oasis/scratch/comet/hrlee/temp_project/alchemlyb/perf/fsizes/32/0001/WORK/dhdl/dhdl.part0005.xvg,5,1,1564265025.8076885,1564265025.949883
read,/oasis/scratch/comet/hrlee/temp_project/alchemlyb/perf/fsizes/32/0008/WORK/dhdl/dhdl.part0004.xvg,74,1,1564265025.8621051,1564265025.9502718
read,/oasis/scratch/comet/hrlee/temp_project/alchemlyb/perf/fsizes/32/0016/WORK/dhdl/dhdl.part0003.xvg,153,1,1564265025.873597,1564265025.9520726
read,/oasis/scratch/comet/hrlee/temp_project/alchemlyb/perf/fsizes/32/0014/WORK/dhdl/dhdl.part0004.xvg,134,1,1564265025.897777,1564265025.9537978
read,/oasis/scratch/comet/hrlee/temp_project/alchemlyb/perf/fsizes/32/0010/WORK/dhdl/dhdl.part0007.xvg,97,1,1564265025.885747,1564265025.9600954
read,/oasis/scratch/comet/hrlee/temp_project/alchemlyb/perf/fsizes/32/0011/WORK/dhdl/dhdl.part0009.xvg,109,1,1564265025.9000003,1564265025.9606333
read,/oasis/scratch/comet/hrlee/temp_project/alchemlyb/perf/fsizes/32/0009/WORK/dhdl/dhdl.part0001.xvg,81,1,1564265025.8753636,1564265025.9718153
read,/oasis/scratch/comet/hrlee/temp_project/alchemlyb/perf/fsizes/32/0001/WORK/dhdl/dhdl.part0002.xvg,2,1,1564265025.9110942,1564265025.9720926
read,/oasis/scratch/comet/hrlee/temp_project/alchemlyb/perf/fsizes/32/0012/WORK/dhdl/dhdl.part0007.xvg,117,1,1564265025.8856182,1564265025.9736774
read,/oasis/scratch/comet/hrlee/temp_project/alchemlyb/perf/fsizes/32/0010/WORK/dhdl/dhdl.part0004.xvg,94,1,1564265025.897777,1564265025.974254
read,/oasis/scratch/comet/hrlee/temp_project/alchemlyb/perf/fsizes/32/0007/WORK/dhdl/dhdl.part0007.xvg,67,1,1564265025.913116,1564265025.9743173
read,/oasis/scratch/comet/hrlee/temp_project/alchemlyb/perf/fsizes/32/0016/WORK/dhdl/dhdl.part0007.xvg,157,1,1564265025.866116,1564265025.9753888
read,/oasis/scratch/comet/hrlee/temp_project/alchemlyb/perf/fsizes/32/0005/WORK/dhdl/dhdl.part0002.xvg,42,1,1564265025.9160664,1564265025.9755652
read,/oasis/scratch/comet/hrlee/temp_project/alchemlyb/perf/fsizes/32/0003/WORK/dhdl/dhdl.part0006.xvg,26,1,1564265025.895006,1564265025.9832003
read,/oasis/scratch/comet/hrlee/temp_project/alchemlyb/perf/fsizes/32/0002/WORK/dhdl/dhdl.part0000.xvg,10,1,1564265025.8745859,1564265025.9852855
read,/oasis/scratch/comet/hrlee/temp_project/alchemlyb/perf/fsizes/32/0017/WORK/dhdl/dhdl.part0006.xvg,166,1,1564265025.903304,1564265025.9854968
read,/oasis/scratch/comet/hrlee/temp_project/alchemlyb/perf/fsizes/32/0009/WORK/dhdl/dhdl.part0006.xvg,86,1,1564265025.9111722,1564265025.9864407
read,/oasis/scratch/comet/hrlee/temp_project/alchemlyb/perf/fsizes/32/0006/WORK/dhdl/dhdl.part0008.xvg,58,1,1564265025.886864,1564265025.9912975
read,/oasis/scratch/comet/hrlee/temp_project/alchemlyb/perf/fsizes/32/0006/WORK/dhdl/dhdl.part0000.xvg,50,1,1564265025.8858178,1564265025.9914694
read,/oasis/scratch/comet/hrlee/temp_project/alchemlyb/perf/fsizes/32/0015/WORK/dhdl/dhdl.part0005.xvg,145,1,1564265025.9319558,1564265025.9998984
read,/oasis/scratch/comet/hrlee/temp_project/alchemlyb/perf/fsizes/32/0015/WORK/dhdl/dhdl.part0009.xvg,149,1,1564265025.8976994,1564265026.0015867
read,/oasis/scratch/comet/hrlee/temp_project/alchemlyb/perf/fsizes/32/0013/WORK/dhdl/dhdl.part0005.xvg,125,1,1564265025.921045,1564265026.0124428
read,/oasis/scratch/comet/hrlee/temp_project/alchemlyb/perf/fsizes/32/0014/WORK/dhdl/dhdl.part0005.xvg,135,1,1564265025.9554381,1564265026.0130126
read,/oasis/scratch/comet/hrlee/temp_project/alchemlyb/perf/fsizes/32/0013/WORK/dhdl/dhdl.part0001.xvg,121,1,1564265025.9094787,1564265026.0136895
read,/oasis/scratch/comet/hrlee/temp_project/alchemlyb/perf/fsizes/32/0017/WORK/dhdl/dhdl.part0009.xvg,169,1,1564265025.9128284,1564265026.0153348
read,/oasis/scratch/comet/hrlee/temp_project/alchemlyb/perf/fsizes/32/0004/WORK/dhdl/dhdl.part0005.xvg,35,1,1564265025.9319522,1564265026.0165193
read,/oasis/scratch/comet/hrlee/temp_project/alchemlyb/perf/fsizes/32/0002/WORK/dhdl/dhdl.part0008.xvg,18,1,1564265025.924051,1564265026.018633
read,/oasis/scratch/comet/hrlee/temp_project/alchemlyb/perf/fsizes/32/0012/WORK/dhdl/dhdl.part0003.xvg,113,1,1564265025.9164062,1564265026.019885
read,/oasis/scratch/comet/hrlee/temp_project/alchemlyb/perf/fsizes/32/0006/WORK/dhdl/dhdl.part0005.xvg,55,1,1564265025.910532,1564265026.0217202
read,/oasis/scratch/comet/hrlee/temp_project/alchemlyb/perf/fsizes/32/0008/WORK/dhdl/dhdl.part0009.xvg,79,1,1564265025.927566,1564265026.0246706
read,/oasis/scratch/comet/hrlee/temp_project/alchemlyb/perf/fsizes/32/0003/WORK/dhdl/dhdl.part0002.xvg,22,1,1564265025.9135659,1564265026.0269465
read,/oasis/scratch/comet/hrlee/temp_project/alchemlyb/perf/fsizes/32/0018/WORK/dhdl/dhdl.part0007.xvg,177,1,1564265025.921979,1564265026.0269465
read,/oasis/scratch/comet/hrlee/temp_project/alchemlyb/perf/fsizes/32/0016/WORK/dhdl/dhdl.part0008.xvg,158,1,1564265025.9774137,1564265026.02847
read,/oasis/scratch/comet/hrlee/temp_project/alchemlyb/perf/fsizes/32/0018/WORK/dhdl/dhdl.part0003.xvg,173,1,1564265025.909651,1564265026.0290263
read,/oasis/scratch/comet/hrlee/temp_project/alchemlyb/perf/fsizes/32/0004/WORK/dhdl/dhdl.part0000.xvg,30,1,1564265025.931662,1564265026.0314536
read,/oasis/scratch/comet/hrlee/temp_project/alchemlyb/perf/fsizes/32/0017/WORK/dhdl/dhdl.part0001.xvg,161,1,1564265025.902875,1564265026.0316553
read,/oasis/scratch/comet/hrlee/temp_project/alchemlyb/perf/fsizes/32/0020/WORK/dhdl/dhdl.part0002.xvg,192,1,1564265025.9879885,1564265026.0339565
read,/oasis/scratch/comet/hrlee/temp_project/alchemlyb/perf/fsizes/32/0008/WORK/dhdl/dhdl.part0005.xvg,75,1,1564265025.9517744,1564265026.039173
read,/oasis/scratch/comet/hrlee/temp_project/alchemlyb/perf/fsizes/32/0011/WORK/dhdl/dhdl.part0002.xvg,102,1,1564265025.9350626,1564265026.0396152
read,/oasis/scratch/comet/hrlee/temp_project/alchemlyb/perf/fsizes/32/0005/WORK/dhdl/dhdl.part0003.xvg,43,1,1564265025.9879885,1564265026.0407588
read,/oasis/scratch/comet/hrlee/temp_project/alchemlyb/perf/fsizes/32/0001/WORK/dhdl/dhdl.part0003.xvg,3,1,1564265025.9731822,1564265026.0426002
read,/oasis/scratch/comet/hrlee/temp_project/alchemlyb/perf/fsizes/32/0013/WORK/dhdl/dhdl.part0009.xvg,129,1,1564265025.9246597,1564265026.043563
read,/oasis/scratch/comet/hrlee/temp_project/alchemlyb/perf/fsizes/32/0019/WORK/dhdl/dhdl.part0009.xvg,189,1,1564265025.935002,1564265026.0448182
read,/oasis/scratch/comet/hrlee/temp_project/alchemlyb/perf/fsizes/32/0010/WORK/dhdl/dhdl.part0005.xvg,95,1,1564265025.9839227,1564265026.049528
read,/oasis/scratch/comet/hrlee/temp_project/alchemlyb/perf/fsizes/32/0009/WORK/dhdl/dhdl.part0009.xvg,89,1,1564265025.9287143,1564265026.049684
read,/oasis/scratch/comet/hrlee/temp_project/alchemlyb/perf/fsizes/32/0007/WORK/dhdl/dhdl.part0001.xvg,61,1,1564265025.9103634,1564265026.0546136
read,/oasis/scratch/comet/hrlee/temp_project/alchemlyb/perf/fsizes/32/0017/WORK/dhdl/dhdl.part0007.xvg,167,1,1564265025.9980054,1564265026.0547972
read,/oasis/scratch/comet/hrlee/temp_project/alchemlyb/perf/fsizes/32/0008/WORK/dhdl/dhdl.part0000.xvg,70,1,1564265025.9325612,1564265026.0554616
read,/oasis/scratch/comet/hrlee/temp_project/alchemlyb/perf/fsizes/32/0002/WORK/dhdl/dhdl.part0001.xvg,11,1,1564265025.9887753,1564265026.0560136
read,/oasis/scratch/comet/hrlee/temp_project/alchemlyb/perf/fsizes/32/0015/WORK/dhdl/dhdl.part0001.xvg,141,1,1564265025.9353487,1564265026.0566173
read,/oasis/scratch/comet/hrlee/temp_project/alchemlyb/perf/fsizes/32/0006/WORK/dhdl/dhdl.part0001.xvg,51,1,1564265026.002885,1564265026.0658514
read,/oasis/scratch/comet/hrlee/temp_project/alchemlyb/perf/fsizes/32/0012/WORK/dhdl/dhdl.part0000.xvg,110,1,1564265025.9727051,1564265026.0662053
read,/oasis/scratch/comet/hrlee/temp_project/alchemlyb/perf/fsizes/32/0019/WORK/dhdl/dhdl.part0001.xvg,181,1,1564265025.9236841,1564265026.0663443
read,/oasis/scratch/comet/hrlee/temp_project/alchemlyb/perf/fsizes/32/0014/WORK/dhdl/dhdl.part0007.xvg,137,1,1564265025.932545,1564265026.066457
read,/oasis/scratch/comet/hrlee/temp_project/alchemlyb/perf/fsizes/32/0005/WORK/dhdl/dhdl.part0005.xvg,45,1,1564265025.9298184,1564265026.0692525
read,/oasis/scratch/comet/hrlee/temp_project/alchemlyb/perf/fsizes/32/0011/WORK/dhdl/dhdl.part0005.xvg,105,1,1564265025.9365792,1564265026.0696757
read,/oasis/scratch/comet/hrlee/temp_project/alchemlyb/perf/fsizes/32/0016/WORK/dhdl/dhdl.part0004.xvg,154,1,1564265025.9736652,1564265026.071546
read,/oasis/scratch/comet/hrlee/temp_project/alchemlyb/perf/fsizes/32/0009/WORK/dhdl/dhdl.part0007.xvg,87,1,1564265026.002311,1564265026.0826921
read,/oasis/scratch/comet/hrlee/temp_project/alchemlyb/perf/fsizes/32/0020/WORK/dhdl/dhdl.part0006.xvg,196,1,1564265026.0221753,1564265026.083938
read,/oasis/scratch/comet/hrlee/temp_project/alchemlyb/perf/fsizes/32/0015/WORK/dhdl/dhdl.part0006.xvg,146,1,1564265026.013145,1564265026.0875273
read,/oasis/scratch/comet/hrlee/temp_project/alchemlyb/perf/fsizes/32/0006/WORK/dhdl/dhdl.part0009.xvg,59,1,1564265025.998096,1564265026.0899081
read,/oasis/scratch/comet/hrlee/temp_project/alchemlyb/perf/fsizes/32/0004/WORK/dhdl/dhdl.part0008.xvg,38,1,1564265025.946787,1564265026.090869
read,/oasis/scratch/comet/hrlee/temp_project/alchemlyb/perf/fsizes/32/0012/WORK/dhdl/dhdl.part0004.xvg,114,1,1564265026.034633,1564265026.0926714
read,/oasis/scratch/comet/hrlee/temp_project/alchemlyb/perf/fsizes/32/0002/WORK/dhdl/dhdl.part0003.xvg,13,1,1564265025.9446907,1564265026.092872
read,/oasis/scratch/comet/hrlee/temp_project/alchemlyb/perf/fsizes/32/0010/WORK/dhdl/dhdl.part0008.xvg,98,1,1564265025.9724975,1564265026.0950754
read,/oasis/scratch/comet/hrlee/temp_project/alchemlyb/perf/fsizes/32/0003/WORK/dhdl/dhdl.part0007.xvg,27,1,1564265025.9980302,1564265026.096135
read,/oasis/scratch/comet/hrlee/temp_project/alchemlyb/perf/fsizes/32/0009/WORK/dhdl/dhdl.part0002.xvg,82,1,1564265025.983811,1564265026.102143
read,/oasis/scratch/comet/hrlee/temp_project/alchemlyb/perf/fsizes/32/0021/WORK/dhdl/dhdl.part0000.xvg,200,1,1564265026.023677,1564265026.1057642
read,/oasis/scratch/comet/hrlee/temp_project/alchemlyb/perf/fsizes/32/0021/WORK/dhdl/dhdl.part0004.xvg,204,1,1564265026.0396934,1564265026.1085222
read,/oasis/scratch/comet/hrlee/temp_project/alchemlyb/perf/fsizes/32/0023/WORK/dhdl/dhdl.part0004.xvg,224,1,1564265026.0565073,1564265026.108746
read,/oasis/scratch/comet/hrlee/temp_project/alchemlyb/perf/fsizes/32/0016/WORK/dhdl/dhdl.part0009.xvg,159,1,1564265026.0398254,1564265026.1115558
read,/oasis/scratch/comet/hrlee/temp_project/alchemlyb/perf/fsizes/32/0001/WORK/dhdl/dhdl.part0006.xvg,6,1,1564265025.9656847,1564265026.1152413
read,/oasis/scratch/comet/hrlee/temp_project/alchemlyb/perf/fsizes/32/0018/WORK/dhdl/dhdl.part0000.xvg,170,1,1564265026.0168989,1564265026.1173124
read,/oasis/scratch/comet/hrlee/temp_project/alchemlyb/perf/fsizes/32/0019/WORK/dhdl/dhdl.part0005.xvg,185,1,1564265025.951536,1564265026.1202781
read,/oasis/scratch/comet/hrlee/temp_project/alchemlyb/perf/fsizes/32/0022/WORK/dhdl/dhdl.part0006.xvg,216,1,1564265026.0546463,1564265026.1226964
read,/oasis/scratch/comet/hrlee/temp_project/alchemlyb/perf/fsizes/32/0020/WORK/dhdl/dhdl.part0003.xvg,193,1,1564265026.0365481,1564265026.1244261
read,/oasis/scratch/comet/hrlee/temp_project/alchemlyb/perf/fsizes/32/0023/WORK/dhdl/dhdl.part0000.xvg,220,1,1564265026.0551047,1564265026.1243308
read,/oasis/scratch/comet/hrlee/temp_project/alchemlyb/perf/fsizes/32/0013/WORK/dhdl/dhdl.part0002.xvg,122,1,1564265026.0236652,1564265026.1271048
read,/oasis/scratch/comet/hrlee/temp_project/alchemlyb/perf/fsizes/32/0011/WORK/dhdl/dhdl.part0003.xvg,103,1,1564265026.043513,1564265026.1285453
read,/oasis/scratch/comet/hrlee/temp_project/alchemlyb/perf/fsizes/32/0002/WORK/dhdl/dhdl.part0009.xvg,19,1,1564265026.0206182,1564265026.131323
read,/oasis/scratch/comet/hrlee/temp_project/alchemlyb/perf/fsizes/32/0018/WORK/dhdl/dhdl.part0004.xvg,174,1,1564265026.0328932,1564265026.1369007
read,/oasis/scratch/comet/hrlee/temp_project/alchemlyb/perf/fsizes/32/0024/WORK/dhdl/dhdl.part0006.xvg,236,1,1564265026.0683968,1564265026.138153
read,/oasis/scratch/comet/hrlee/temp_project/alchemlyb/perf/fsizes/32/0012/WORK/dhdl/dhdl.part0008.xvg,118,1,1564265025.988795,1564265026.1389232
read,/oasis/scratch/comet/hrlee/temp_project/alchemlyb/perf/fsizes/32/0017/WORK/dhdl/dhdl.part0002.xvg,162,1,1564265026.0417395,1564265026.1451719
read,/oasis/scratch/comet/hrlee/temp_project/alchemlyb/perf/fsizes/32/0004/WORK/dhdl/dhdl.part0001.xvg,31,1,1564265026.049754,1564265026.1454453
read,/oasis/scratch/comet/hrlee/temp_project/alchemlyb/perf/fsizes/32/0020/WORK/dhdl/dhdl.part0007.xvg,197,1,1564265026.0916462,1564265026.146046
read,/oasis/scratch/comet/hrlee/temp_project/alchemlyb/perf/fsizes/32/0003/WORK/dhdl/dhdl.part0003.xvg,23,1,1564265026.0467207,1564265026.1477196
read,/oasis/scratch/comet/hrlee/temp_project/alchemlyb/perf/fsizes/32/0022/WORK/dhdl/dhdl.part0002.xvg,212,1,1564265026.0546484,1564265026.1497855
read,/oasis/scratch/comet/hrlee/temp_project/alchemlyb/perf/fsizes/32/0025/WORK/dhdl/dhdl.part0000.xvg,240,1,1564265026.0902178,1564265026.1509225
read,/oasis/scratch/comet/hrlee/temp_project/alchemlyb/perf/fsizes/32/0018/WORK/dhdl/dhdl.part0008.xvg,178,1,1564265026.0329058,1564265026.1514964
read,/oasis/scratch/comet/hrlee/temp_project/alchemlyb/perf/fsizes/32/0012/WORK/dhdl/dhdl.part0001.xvg,111,1,1564265026.0725482,1564265026.1517699
read,/oasis/scratch/comet/hrlee/temp_project/alchemlyb/perf/fsizes/32/0024/WORK/dhdl/dhdl.part0002.xvg,232,1,1564265026.069102,1564265026.1523561
read,/oasis/scratch/comet/hrlee/temp_project/alchemlyb/perf/fsizes/32/0020/WORK/dhdl/dhdl.part0000.xvg,190,1,1564265026.0478065,1564265026.1572976
read,/oasis/scratch/comet/hrlee/temp_project/alchemlyb/perf/fsizes/32/0023/WORK/dhdl/dhdl.part0008.xvg,228,1,1564265026.0584292,1564265026.1596959
read,/oasis/scratch/comet/hrlee/temp_project/alchemlyb/perf/fsizes/32/0025/WORK/dhdl/dhdl.part0008.xvg,248,1,1564265026.1102026,1564265026.1653464
read,/oasis/scratch/comet/hrlee/temp_project/alchemlyb/perf/fsizes/32/0008/WORK/dhdl/dhdl.part0001.xvg,71,1,1564265026.0572498,1564265026.1677675
read,/oasis/scratch/comet/hrlee/temp_project/alchemlyb/perf/fsizes/32/0016/WORK/dhdl/dhdl.part0000.xvg,150,1,1564265026.0135846,1564265026.1682155
read,/oasis/scratch/comet/hrlee/temp_project/alchemlyb/perf/fsizes/32/0007/WORK/dhdl/dhdl.part0002.xvg,62,1,1564265026.0559633,1564265026.170558
read,/oasis/scratch/comet/hrlee/temp_project/alchemlyb/perf/fsizes/32/0015/WORK/dhdl/dhdl.part0002.xvg,142,1,1564265026.0687883,1564265026.1707618
read,/oasis/scratch/comet/hrlee/temp_project/alchemlyb/perf/fsizes/32/0013/WORK/dhdl/dhdl.part0006.xvg,126,1,1564265026.0277925,1564265026.173965
read,/oasis/scratch/comet/hrlee/temp_project/alchemlyb/perf/fsizes/32/0011/WORK/dhdl/dhdl.part0006.xvg,106,1,1564265026.071395,1564265026.1747622
read,/oasis/scratch/comet/hrlee/temp_project/alchemlyb/perf/fsizes/32/0010/WORK/dhdl/dhdl.part0000.xvg,90,1,1564265026.0512767,1564265026.176931
read,/oasis/scratch/comet/hrlee/temp_project/alchemlyb/perf/fsizes/32/0012/WORK/dhdl/dhdl.part0005.xvg,115,1,1564265026.0987134,1564265026.1783886
read,/oasis/scratch/comet/hrlee/temp_project/alchemlyb/perf/fsizes/32/0016/WORK/dhdl/dhdl.part0005.xvg,155,1,1564265026.083484,1564265026.1812763
read,/oasis/scratch/comet/hrlee/temp_project/alchemlyb/perf/fsizes/32/0027/WORK/dhdl/dhdl.part0000.xvg,260,1,1564265026.1339903,1564265026.1816976
read,/oasis/scratch/comet/hrlee/temp_project/alchemlyb/perf/fsizes/32/0026/WORK/dhdl/dhdl.part0006.xvg,256,1,1564265026.1360002,1564265026.1884067
read,/oasis/scratch/comet/hrlee/temp_project/alchemlyb/perf/fsizes/32/0026/WORK/dhdl/dhdl.part0002.xvg,252,1,1564265026.1243713,1564265026.192663
read,/oasis/scratch/comet/hrlee/temp_project/alchemlyb/perf/fsizes/32/0024/WORK/dhdl/dhdl.part0007.xvg,237,1,1564265026.1503837,1564265026.1988354
read,/oasis/scratch/comet/hrlee/temp_project/alchemlyb/perf/fsizes/32/0014/WORK/dhdl/dhdl.part0000.xvg,130,1,1564265026.0584743,1564265026.201713
read,/oasis/scratch/comet/hrlee/temp_project/alchemlyb/perf/fsizes/32/0021/WORK/dhdl/dhdl.part0008.xvg,208,1,1564265026.0417674,1564265026.2029467
read,/oasis/scratch/comet/hrlee/temp_project/alchemlyb/perf/fsizes/32/0015/WORK/dhdl/dhdl.part0007.xvg,147,1,1564265026.0987165,1564265026.2030916
read,/oasis/scratch/comet/hrlee/temp_project/alchemlyb/perf/fsizes/32/0023/WORK/dhdl/dhdl.part0001.xvg,221,1,1564265026.1359787,1564265026.2043917
read,/oasis/scratch/comet/hrlee/temp_project/alchemlyb/perf/fsizes/32/0020/WORK/dhdl/dhdl.part0004.xvg,194,1,1564265026.1258206,1564265026.2122524
read,/oasis/scratch/comet/hrlee/temp_project/alchemlyb/perf/fsizes/32/0021/WORK/dhdl/dhdl.part0005.xvg,205,1,1564265026.1140041,1564265026.2104785
read,/oasis/scratch/comet/hrlee/temp_project/alchemlyb/perf/fsizes/32/0014/WORK/dhdl/dhdl.part0008.xvg,138,1,1564265026.0817406,1564265026.2238533
read,/oasis/scratch/comet/hrlee/temp_project/alchemlyb/perf/fsizes/32/0025/WORK/dhdl/dhdl.part0004.xvg,244,1,1564265026.112554,1564265026.2247908
read,/oasis/scratch/comet/hrlee/temp_project/alchemlyb/perf/fsizes/32/0001/WORK/dhdl/dhdl.part0007.xvg,7,1,1564265026.1222074,1564265026.225989
read,/oasis/scratch/comet/hrlee/temp_project/alchemlyb/perf/fsizes/32/0018/WORK/dhdl/dhdl.part0001.xvg,171,1,1564265026.1297038,1564265026.2272642
read,/oasis/scratch/comet/hrlee/temp_project/alchemlyb/perf/fsizes/32/0005/WORK/dhdl/dhdl.part0006.xvg,46,1,1564265026.0817997,1564265026.2284732
read,/oasis/scratch/comet/hrlee/temp_project/alchemlyb/perf/fsizes/32/0019/WORK/dhdl/dhdl.part0006.xvg,186,1,1564265026.1327412,1564265026.2299724
read,/oasis/scratch/comet/hrlee/temp_project/alchemlyb/perf/fsizes/32/0019/WORK/dhdl/dhdl.part0002.xvg,182,1,1564265026.0817406,1564265026.230983
read,/oasis/scratch/comet/hrlee/temp_project/alchemlyb/perf/fsizes/32/0022/WORK/dhdl/dhdl.part0007.xvg,217,1,1564265026.125835,1564265026.2318695
read,/oasis/scratch/comet/hrlee/temp_project/alchemlyb/perf/fsizes/32/0023/WORK/dhdl/dhdl.part0005.xvg,225,1,1564265026.112554,1564265026.2338376
read,/oasis/scratch/comet/hrlee/temp_project/alchemlyb/perf/fsizes/32/0025/WORK/dhdl/dhdl.part0009.xvg,249,1,1564265026.178817,1564265026.2348957
read,/oasis/scratch/comet/hrlee/temp_project/alchemlyb/perf/fsizes/32/0020/WORK/dhdl/dhdl.part0008.xvg,198,1,1564265026.157773,1564265026.2360961
read,/oasis/scratch/comet/hrlee/temp_project/alchemlyb/perf/fsizes/32/0021/WORK/dhdl/dhdl.part0001.xvg,201,1,1564265026.114752,1564265026.2376475
read,/oasis/scratch/comet/hrlee/temp_project/alchemlyb/perf/fsizes/32/0029/WORK/dhdl/dhdl.part0000.xvg,280,1,1564265026.183028,1564265026.2389245
read,/oasis/scratch/comet/hrlee/temp_project/alchemlyb/perf/fsizes/32/0013/WORK/dhdl/dhdl.part0003.xvg,123,1,1564265026.135866,1564265026.2408104
read,/oasis/scratch/comet/hrlee/temp_project/alchemlyb/perf/fsizes/32/0010/WORK/dhdl/dhdl.part0009.xvg,99,1,1564265026.1040874,1564265026.2408679
read,/oasis/scratch/comet/hrlee/temp_project/alchemlyb/perf/fsizes/32/0027/WORK/dhdl/dhdl.part0008.xvg,268,1,1564265026.1651473,1564265026.2439432
read,/oasis/scratch/comet/hrlee/temp_project/alchemlyb/perf/fsizes/32/0022/WORK/dhdl/dhdl.part0003.xvg,213,1,1564265026.1617014,1564265026.246599
read,/oasis/scratch/comet/hrlee/temp_project/alchemlyb/perf/fsizes/32/0004/WORK/dhdl/dhdl.part0009.xvg,39,1,1564265026.098708,1564265026.247184
read,/oasis/scratch/comet/hrlee/temp_project/alchemlyb/perf/fsizes/32/0018/WORK/dhdl/dhdl.part0005.xvg,175,1,1564265026.1468964,1564265026.2476964
read,/oasis/scratch/comet/hrlee/temp_project/alchemlyb/perf/fsizes/32/0025/WORK/dhdl/dhdl.part0001.xvg,241,1,1564265026.1570103,1564265026.2486336
read,/oasis/scratch/comet/hrlee/temp_project/alchemlyb/perf/fsizes/32/0009/WORK/dhdl/dhdl.part0003.xvg,83,1,1564265026.1218073,1564265026.2548337
read,/oasis/scratch/comet/hrlee/temp_project/alchemlyb/perf/fsizes/32/0024/WORK/dhdl/dhdl.part0003.xvg,233,1,1564265026.1661692,1564265026.2555676
read,/oasis/scratch/comet/hrlee/temp_project/alchemlyb/perf/fsizes/32/0017/WORK/dhdl/dhdl.part0003.xvg,163,1,1564265026.156813,1564265026.256725
read,/oasis/scratch/comet/hrlee/temp_project/alchemlyb/perf/fsizes/32/0023/WORK/dhdl/dhdl.part0009.xvg,229,1,1564265026.1721468,1564265026.2634065
read,/oasis/scratch/comet/hrlee/temp_project/alchemlyb/perf/fsizes/32/0023/WORK/dhdl/dhdl.part0002.xvg,222,1,1564265026.2059505,1564265026.2641485
read,/oasis/scratch/comet/hrlee/temp_project/alchemlyb/perf/fsizes/32/0028/WORK/dhdl/dhdl.part0002.xvg,272,1,1564265026.159886,1564265026.2655218
read,/oasis/scratch/comet/hrlee/temp_project/alchemlyb/perf/fsizes/32/0027/WORK/dhdl/dhdl.part0001.xvg,261,1,1564265026.1920738,1564265026.2668269
read,/oasis/scratch/comet/hrlee/temp_project/alchemlyb/perf/fsizes/32/0002/WORK/dhdl/dhdl.part0004.xvg,14,1,1564265026.1137908,1564265026.270813
read,/oasis/scratch/comet/hrlee/temp_project/alchemlyb/perf/fsizes/32/0020/WORK/dhdl/dhdl.part0001.xvg,191,1,1564265026.1691597,1564265026.2743337
read,/oasis/scratch/comet/hrlee/temp_project/alchemlyb/perf/fsizes/32/0021/WORK/dhdl/dhdl.part0006.xvg,206,1,1564265026.232668,1564265026.2755477
read,/oasis/scratch/comet/hrlee/temp_project/alchemlyb/perf/fsizes/32/0020/WORK/dhdl/dhdl.part0005.xvg,195,1,1564265026.22311,1564265026.275658
read,/oasis/scratch/comet/hrlee/temp_project/alchemlyb/perf/fsizes/32/0027/WORK/dhdl/dhdl.part0004.xvg,264,1,1564265026.1677039,1564265026.2768834
read,/oasis/scratch/comet/hrlee/temp_project/alchemlyb/perf/fsizes/32/0028/WORK/dhdl/dhdl.part0006.xvg,276,1,1564265026.180656,1564265026.2807698
read,/oasis/scratch/comet/hrlee/temp_project/alchemlyb/perf/fsizes/32/0015/WORK/dhdl/dhdl.part0003.xvg,143,1,1564265026.182912,1564265026.283074
read,/oasis/scratch/comet/hrlee/temp_project/alchemlyb/perf/fsizes/32/0029/WORK/dhdl/dhdl.part0008.xvg,288,1,1564265026.2121866,1564265026.2861805
read,/oasis/scratch/comet/hrlee/temp_project/alchemlyb/perf/fsizes/32/0026/WORK/dhdl/dhdl.part0007.xvg,257,1,1564265026.1986196,1564265026.2880263
read,/oasis/scratch/comet/hrlee/temp_project/alchemlyb/perf/fsizes/32/0012/WORK/dhdl/dhdl.part0009.xvg,119,1,1564265026.1568546,1564265026.2887468
read,/oasis/scratch/comet/hrlee/temp_project/alchemlyb/perf/fsizes/32/0024/WORK/dhdl/dhdl.part0008.xvg,238,1,1564265026.2109356,1564265026.292107
read,/oasis/scratch/comet/hrlee/temp_project/alchemlyb/perf/fsizes/32/0018/WORK/dhdl/dhdl.part0009.xvg,179,1,1564265026.1571767,1564265026.2931807
read,/oasis/scratch/comet/hrlee/temp_project/alchemlyb/perf/fsizes/32/0007/WORK/dhdl/dhdl.part0003.xvg,63,1,1564265026.1788213,1564265026.2977211
read,/oasis/scratch/comet/hrlee/temp_project/alchemlyb/perf/fsizes/32/0021/WORK/dhdl/dhdl.part0002.xvg,202,1,1564265026.24477,1564265026.2992487
read,/oasis/scratch/comet/hrlee/temp_project/alchemlyb/perf/fsizes/32/0026/WORK/dhdl/dhdl.part0003.xvg,253,1,1564265026.2050364,1564265026.3002021
read,/oasis/scratch/comet/hrlee/temp_project/alchemlyb/perf/fsizes/32/0023/WORK/dhdl/dhdl.part0006.xvg,226,1,1564265026.2456262,1564265026.300691
read,/oasis/scratch/comet/hrlee/temp_project/alchemlyb/perf/fsizes/32/0020/WORK/dhdl/dhdl.part0009.xvg,199,1,1564265026.2456207,1564265026.301226
read,/oasis/scratch/comet/hrlee/temp_project/alchemlyb/perf/fsizes/32/0029/WORK/dhdl/dhdl.part0004.xvg,284,1,1564265026.1941695,1564265026.292452
read,/oasis/scratch/comet/hrlee/temp_project/alchemlyb/perf/fsizes/32/0016/WORK/dhdl/dhdl.part0001.xvg,151,1,1564265026.182912,1564265026.3035705
read,/oasis/scratch/comet/hrlee/temp_project/alchemlyb/perf/fsizes/32/0011/WORK/dhdl/dhdl.part0007.xvg,107,1,1564265026.1866286,1564265026.3045387
read,/oasis/scratch/comet/hrlee/temp_project/alchemlyb/perf/fsizes/32/0025/WORK/dhdl/dhdl.part0005.xvg,245,1,1564265026.2267025,1564265026.3050442
read,/oasis/scratch/comet/hrlee/temp_project/alchemlyb/perf/fsizes/32/0010/WORK/dhdl/dhdl.part0001.xvg,91,1,1564265026.1802247,1564265026.308271
read,/oasis/scratch/comet/hrlee/temp_project/alchemlyb/perf/fsizes/32/0014/WORK/dhdl/dhdl.part0001.xvg,131,1,1564265026.2121766,1564265026.3104556
read,/oasis/scratch/comet/hrlee/temp_project/alchemlyb/perf/fsizes/32/0013/WORK/dhdl/dhdl.part0007.xvg,127,1,1564265026.188741,1564265026.313235
read,/oasis/scratch/comet/hrlee/temp_project/alchemlyb/perf/fsizes/32/0014/WORK/dhdl/dhdl.part0009.xvg,139,1,1564265026.232473,1564265026.325874
read,/oasis/scratch/comet/hrlee/temp_project/alchemlyb/perf/fsizes/32/0030/WORK/dhdl/dhdl.part0006.xvg,296,1,1564265026.2389843,1564265026.336649
read,/oasis/scratch/comet/hrlee/temp_project/alchemlyb/perf/fsizes/32/0023/WORK/dhdl/dhdl.part0003.xvg,223,1,1564265026.275887,1564265026.336982
read,/oasis/scratch/comet/hrlee/temp_project/alchemlyb/perf/fsizes/32/0030/WORK/dhdl/dhdl.part0002.xvg,292,1,1564265026.232305,1564265026.3380575
read,/oasis/scratch/comet/hrlee/temp_project/alchemlyb/perf/fsizes/32/0027/WORK/dhdl/dhdl.part0009.xvg,269,1,1564265026.2563424,1564265026.3446286
read,/oasis/scratch/comet/hrlee/temp_project/alchemlyb/perf/fsizes/32/0033/WORK/dhdl/dhdl.part0004.xvg,324,1,1564265026.2880187,1564265026.3446286
read,/oasis/scratch/comet/hrlee/temp_project/alchemlyb/perf/fsizes/32/0019/WORK/dhdl/dhdl.part0007.xvg,187,1,1564265026.2395759,1564265026.3461797
read,/oasis/scratch/comet/hrlee/temp_project/alchemlyb/perf/fsizes/32/0021/WORK/dhdl/dhdl.part0009.xvg,209,1,1564265026.2114408,1564265026.3483043
read,/oasis/scratch/comet/hrlee/temp_project/alchemlyb/perf/fsizes/32/0026/WORK/dhdl/dhdl.part0000.xvg,250,1,1564265026.2501183,1564265026.3489292
read,/oasis/scratch/comet/hrlee/temp_project/alchemlyb/perf/fsizes/32/0025/WORK/dhdl/dhdl.part0002.xvg,242,1,1564265026.2563424,1564265026.353572
read,/oasis/scratch/comet/hrlee/temp_project/alchemlyb/perf/fsizes/32/0033/WORK/dhdl/dhdl.part0000.xvg,320,1,1564265026.2688355,1564265026.3548315
read,/oasis/scratch/comet/hrlee/temp_project/alchemlyb/perf/fsizes/32/0022/WORK/dhdl/dhdl.part0008.xvg,218,1,1564265026.239493,1564265026.354965
read,/oasis/scratch/comet/hrlee/temp_project/alchemlyb/perf/fsizes/32/0021/WORK/dhdl/dhdl.part0007.xvg,207,1,1564265026.2870662,1564265026.3567338
read,/oasis/scratch/comet/hrlee/temp_project/alchemlyb/perf/fsizes/32/0029/WORK/dhdl/dhdl.part0001.xvg,281,1,1564265026.245662,1564265026.3585649
read,/oasis/scratch/comet/hrlee/temp_project/alchemlyb/perf/fsizes/32/0024/WORK/dhdl/dhdl.part0004.xvg,234,1,1564265026.268015,1564265026.3632092
read,/oasis/scratch/comet/hrlee/temp_project/alchemlyb/perf/fsizes/32/0022/WORK/dhdl/dhdl.part0004.xvg,214,1,1564265026.248325,1564265026.3642933
read,/oasis/scratch/comet/hrlee/temp_project/alchemlyb/perf/fsizes/32/0005/WORK/dhdl/dhdl.part0007.xvg,47,1,1564265026.244725,1564265026.367979
read,/oasis/scratch/comet/hrlee/temp_project/alchemlyb/perf/fsizes/32/0036/WORK/dhdl/dhdl.part0002.xvg,352,1,1564265026.313562,1564265026.3770678
read,/oasis/scratch/comet/hrlee/temp_project/alchemlyb/perf/fsizes/32/0019/WORK/dhdl/dhdl.part0003.xvg,183,1,1564265026.2482436,1564265026.377082
read,/oasis/scratch/comet/hrlee/temp_project/alchemlyb/perf/fsizes/32/0027/WORK/dhdl/dhdl.part0002.xvg,262,1,1564265026.2776837,1564265026.3808959
read,/oasis/scratch/comet/hrlee/temp_project/alchemlyb/perf/fsizes/32/0029/WORK/dhdl/dhdl.part0009.xvg,289,1,1564265026.2893412,1564265026.3818288
read,/oasis/scratch/comet/hrlee/temp_project/alchemlyb/perf/fsizes/32/0024/WORK/dhdl/dhdl.part0000.xvg,230,1,1564265026.2766614,1564265026.384674
read,/oasis/scratch/comet/hrlee/temp_project/alchemlyb/perf/fsizes/32/0024/WORK/dhdl/dhdl.part0009.xvg,239,1,1564265026.304249,1564265026.3853533
read,/oasis/scratch/comet/hrlee/temp_project/alchemlyb/perf/fsizes/32/0028/WORK/dhdl/dhdl.part0003.xvg,273,1,1564265026.2816603,1564265026.385292
read,/oasis/scratch/comet/hrlee/temp_project/alchemlyb/perf/fsizes/32/0027/WORK/dhdl/dhdl.part0005.xvg,265,1,1564265026.2885892,1564265026.3854089
read,/oasis/scratch/comet/hrlee/temp_project/alchemlyb/perf/fsizes/32/0026/WORK/dhdl/dhdl.part0008.xvg,258,1,1564265026.2893171,1564265026.3858721
read,/oasis/scratch/comet/hrlee/temp_project/alchemlyb/perf/fsizes/32/0035/WORK/dhdl/dhdl.part0000.xvg,340,1,1564265026.3063514,1564265026.3865514
read,/oasis/scratch/comet/hrlee/temp_project/alchemlyb/perf/fsizes/32/0034/WORK/dhdl/dhdl.part0002.xvg,332,1,1564265026.2904088,1564265026.3872857
read,/oasis/scratch/comet/hrlee/temp_project/alchemlyb/perf/fsizes/32/0033/WORK/dhdl/dhdl.part0008.xvg,328,1,1564265026.2885907,1564265026.3875651
read,/oasis/scratch/comet/hrlee/temp_project/alchemlyb/perf/fsizes/32/0031/WORK/dhdl/dhdl.part0008.xvg,308,1,1564265026.2572334,1564265026.3887708
read,/oasis/scratch/comet/hrlee/temp_project/alchemlyb/perf/fsizes/32/0026/WORK/dhdl/dhdl.part0004.xvg,254,1,1564265026.3042836,1564265026.3897583
read,/oasis/scratch/comet/hrlee/temp_project/alchemlyb/perf/fsizes/32/0002/WORK/dhdl/dhdl.part0005.xvg,15,1,1564265026.293692,1564265026.390088
read,/oasis/scratch/comet/hrlee/temp_project/alchemlyb/perf/fsizes/32/0034/WORK/dhdl/dhdl.part0006.xvg,336,1,1564265026.2950585,1564265026.3993247
read,/oasis/scratch/comet/hrlee/temp_project/alchemlyb/perf/fsizes/32/0028/WORK/dhdl/dhdl.part0000.xvg,270,1,1564265026.3570755,1564265026.4000235
read,/oasis/scratch/comet/hrlee/temp_project/alchemlyb/perf/fsizes/32/0031/WORK/dhdl/dhdl.part0000.xvg,300,1,1564265026.2493956,1564265026.402115
read,/oasis/scratch/comet/hrlee/temp_project/alchemlyb/perf/fsizes/32/0029/WORK/dhdl/dhdl.part0005.xvg,285,1,1564265026.3044426,1564265026.4030488
read,/oasis/scratch/comet/hrlee/temp_project/alchemlyb/perf/fsizes/32/0021/WORK/dhdl/dhdl.part0003.xvg,203,1,1564265026.3065355,1564265026.4036138
read,/oasis/scratch/comet/hrlee/temp_project/alchemlyb/perf/fsizes/32/0032/WORK/dhdl/dhdl.part0002.xvg,312,1,1564265026.2682724,1564265026.4051685
read,/oasis/scratch/comet/hrlee/temp_project/alchemlyb/perf/fsizes/32/0023/WORK/dhdl/dhdl.part0007.xvg,227,1,1564265026.3058388,1564265026.4064734
read,/oasis/scratch/comet/hrlee/temp_project/alchemlyb/perf/fsizes/32/0031/WORK/dhdl/dhdl.part0004.xvg,304,1,1564265026.2567081,1564265026.4085164
read,/oasis/scratch/comet/hrlee/temp_project/alchemlyb/perf/fsizes/32/0025/WORK/dhdl/dhdl.part0006.xvg,246,1,1564265026.3165364,1564265026.4113538
read,/oasis/scratch/comet/hrlee/temp_project/alchemlyb/perf/fsizes/32/0028/WORK/dhdl/dhdl.part0007.xvg,277,1,1564265026.2985468,1564265026.4122262
read,/oasis/scratch/comet/hrlee/temp_project/alchemlyb/perf/fsizes/32/0039/WORK/dhdl/dhdl.part0004.xvg,384,1,1564265026.3593483,1564265026.413243
read,/oasis/scratch/comet/hrlee/temp_project/alchemlyb/perf/fsizes/32/0032/WORK/dhdl/dhdl.part0006.xvg,316,1,1564265026.268272,1564265026.413735
read,/oasis/scratch/comet/hrlee/temp_project/alchemlyb/perf/fsizes/32/0035/WORK/dhdl/dhdl.part0008.xvg,348,1,1564265026.3073726,1564265026.414131
read,/oasis/scratch/comet/hrlee/temp_project/alchemlyb/perf/fsizes/32/0036/WORK/dhdl/dhdl.part0006.xvg,356,1,1564265026.3139174,1564265026.420677
read,/oasis/scratch/comet/hrlee/temp_project/alchemlyb/perf/fsizes/32/0037/WORK/dhdl/dhdl.part0000.xvg,360,1,1564265026.3154368,1564265026.427459
read,/oasis/scratch/comet/hrlee/temp_project/alchemlyb/perf/fsizes/32/0037/WORK/dhdl/dhdl.part0008.xvg,368,1,1564265026.3262317,1564265026.4317186
read,/oasis/scratch/comet/hrlee/temp_project/alchemlyb/perf/fsizes/32/0022/WORK/dhdl/dhdl.part0005.xvg,215,1,1564265026.3725572,1564265026.4328294
read,/oasis/scratch/comet/hrlee/temp_project/alchemlyb/perf/fsizes/32/0030/WORK/dhdl/dhdl.part0007.xvg,297,1,1564265026.3475125,1564265026.435633
read,/oasis/scratch/comet/hrlee/temp_project/alchemlyb/perf/fsizes/32/0037/WORK/dhdl/dhdl.part0004.xvg,364,1,1564265026.3262312,1564265026.4331126
read,/oasis/scratch/comet/hrlee/temp_project/alchemlyb/perf/fsizes/32/0025/WORK/dhdl/dhdl.part0003.xvg,243,1,1564265026.3716078,1564265026.437231
read,/oasis/scratch/comet/hrlee/temp_project/alchemlyb/perf/fsizes/32/0038/WORK/dhdl/dhdl.part0002.xvg,372,1,1564265026.3419263,1564265026.4471924
read,/oasis/scratch/comet/hrlee/temp_project/alchemlyb/perf/fsizes/32/0035/WORK/dhdl/dhdl.part0004.xvg,344,1,1564265026.312851,1564265026.4479706
read,/oasis/scratch/comet/hrlee/temp_project/alchemlyb/perf/fsizes/32/0030/WORK/dhdl/dhdl.part0003.xvg,293,1,1564265026.3480449,1564265026.4483397
read,/oasis/scratch/comet/hrlee/temp_project/alchemlyb/perf/fsizes/32/0039/WORK/dhdl/dhdl.part0000.xvg,380,1,1564265026.3593419,1564265026.4501407
read,/oasis/scratch/comet/hrlee/temp_project/alchemlyb/perf/fsizes/32/0033/WORK/dhdl/dhdl.part0005.xvg,325,1,1564265026.3512309,1564265026.4559138
read,/oasis/scratch/comet/hrlee/temp_project/alchemlyb/perf/fsizes/32/0022/WORK/dhdl/dhdl.part0000.xvg,210,1,1564265026.3607035,1564265026.4588118
read,/oasis/scratch/comet/hrlee/temp_project/alchemlyb/perf/fsizes/32/0033/WORK/dhdl/dhdl.part0001.xvg,321,1,1564265026.3739352,1564265026.46005
read,/oasis/scratch/comet/hrlee/temp_project/alchemlyb/perf/fsizes/32/0038/WORK/dhdl/dhdl.part0006.xvg,376,1,1564265026.345589,1564265026.4603415
read,/oasis/scratch/comet/hrlee/temp_project/alchemlyb/perf/fsizes/32/0026/WORK/dhdl/dhdl.part0009.xvg,259,1,1564265026.3876822,1564265026.4612834
read,/oasis/scratch/comet/hrlee/temp_project/alchemlyb/perf/fsizes/32/0039/WORK/dhdl/dhdl.part0008.xvg,388,1,1564265026.3860466,1564265026.4644115
read,/oasis/scratch/comet/hrlee/temp_project/alchemlyb/perf/fsizes/32/0026/WORK/dhdl/dhdl.part0001.xvg,251,1,1564265026.362076,1564265026.4659243
read,/oasis/scratch/comet/hrlee/temp_project/alchemlyb/perf/fsizes/32/0029/WORK/dhdl/dhdl.part0002.xvg,282,1,1564265026.3634508,1564265026.4708734
read,/oasis/scratch/comet/hrlee/temp_project/alchemlyb/perf/fsizes/32/0041/WORK/dhdl/dhdl.part0000.xvg,400,1,1564265026.4001527,1564265026.4717453
read,/oasis/scratch/comet/hrlee/temp_project/alchemlyb/perf/fsizes/32/0040/WORK/dhdl/dhdl.part0002.xvg,392,1,1564265026.3800962,1564265026.4729118
read,/oasis/scratch/comet/hrlee/temp_project/alchemlyb/perf/fsizes/32/0022/WORK/dhdl/dhdl.part0009.xvg,219,1,1564265026.3649292,1564265026.4776244
read,/oasis/scratch/comet/hrlee/temp_project/alchemlyb/perf/fsizes/32/0033/WORK/dhdl/dhdl.part0009.xvg,329,1,1564265026.3995082,1564265026.478965
read,/oasis/scratch/comet/hrlee/temp_project/alchemlyb/perf/fsizes/32/0034/WORK/dhdl/dhdl.part0003.xvg,333,1,1564265026.3995082,1564265026.479701
read,/oasis/scratch/comet/hrlee/temp_project/alchemlyb/perf/fsizes/32/0024/WORK/dhdl/dhdl.part0005.xvg,235,1,1564265026.3755612,1564265026.481893
read,/oasis/scratch/comet/hrlee/temp_project/alchemlyb/perf/fsizes/32/0027/WORK/dhdl/dhdl.part0003.xvg,263,1,1564265026.3884256,1564265026.4846566
read,/oasis/scratch/comet/hrlee/temp_project/alchemlyb/perf/fsizes/32/0040/WORK/dhdl/dhdl.part0006.xvg,396,1,1564265026.3906112,1564265026.4847474
read,/oasis/scratch/comet/hrlee/temp_project/alchemlyb/perf/fsizes/32/0034/WORK/dhdl/dhdl.part0007.xvg,337,1,1564265026.4077566,1564265026.486957
read,/oasis/scratch/comet/hrlee/temp_project/alchemlyb/perf/fsizes/32/0035/WORK/dhdl/dhdl.part0001.xvg,341,1,1564265026.3879435,1564265026.488044
read,/oasis/scratch/comet/hrlee/temp_project/alchemlyb/perf/fsizes/32/0027/WORK/dhdl/dhdl.part0006.xvg,266,1,1564265026.4077566,1564265026.490233
read,/oasis/scratch/comet/hrlee/temp_project/alchemlyb/perf/fsizes/32/0036/WORK/dhdl/dhdl.part0003.xvg,353,1,1564265026.3885386,1564265026.4946406
read,/oasis/scratch/comet/hrlee/temp_project/alchemlyb/perf/fsizes/32/0030/WORK/dhdl/dhdl.part0000.xvg,290,1,1564265026.3964531,1564265026.4953306
read,/oasis/scratch/comet/hrlee/temp_project/alchemlyb/perf/fsizes/32/0028/WORK/dhdl/dhdl.part0004.xvg,274,1,1564265026.3927052,1564265026.4956324
read,/oasis/scratch/comet/hrlee/temp_project/alchemlyb/perf/fsizes/32/0042/WORK/dhdl/dhdl.part0006.xvg,416,1,1564265026.4494236,1564265026.5024629
read,/oasis/scratch/comet/hrlee/temp_project/alchemlyb/perf/fsizes/32/0028/WORK/dhdl/dhdl.part0001.xvg,271,1,1564265026.4121702,1564265026.5025408
read,/oasis/scratch/comet/hrlee/temp_project/alchemlyb/perf/fsizes/32/0036/WORK/dhdl/dhdl.part0007.xvg,357,1,1564265026.4223623,1564265026.5051136
read,/oasis/scratch/comet/hrlee/temp_project/alchemlyb/perf/fsizes/32/0026/WORK/dhdl/dhdl.part0005.xvg,255,1,1564265026.399614,1564265026.5067246
read,/oasis/scratch/comet/hrlee/temp_project/alchemlyb/perf/fsizes/32/0024/WORK/dhdl/dhdl.part0001.xvg,231,1,1564265026.398794,1564265026.5077534
read,/oasis/scratch/comet/hrlee/temp_project/alchemlyb/perf/fsizes/32/0039/WORK/dhdl/dhdl.part0005.xvg,385,1,1564265026.426976,1564265026.5163817
read,/oasis/scratch/comet/hrlee/temp_project/alchemlyb/perf/fsizes/32/0025/WORK/dhdl/dhdl.part0007.xvg,247,1,1564265026.4183488,1564265026.5170388
read,/oasis/scratch/comet/hrlee/temp_project/alchemlyb/perf/fsizes/32/0041/WORK/dhdl/dhdl.part0004.xvg,404,1,1564265026.413888,1564265026.5200071
read,/oasis/scratch/comet/hrlee/temp_project/alchemlyb/perf/fsizes/32/0041/WORK/dhdl/dhdl.part0008.xvg,408,1,1564265026.418338,1564265026.5217812
read,/oasis/scratch/comet/hrlee/temp_project/alchemlyb/perf/fsizes/32/0029/WORK/dhdl/dhdl.part0006.xvg,286,1,1564265026.4195688,1564265026.5232146
read,/oasis/scratch/comet/hrlee/temp_project/alchemlyb/perf/fsizes/32/0028/WORK/dhdl/dhdl.part0008.xvg,278,1,1564265026.4247956,1564265026.527693
read,/oasis/scratch/comet/hrlee/temp_project/alchemlyb/perf/fsizes/32/0031/WORK/dhdl/dhdl.part0005.xvg,305,1,1564265026.4258113,1564265026.5281165
read,/oasis/scratch/comet/hrlee/temp_project/alchemlyb/perf/fsizes/32/0031/WORK/dhdl/dhdl.part0009.xvg,309,1,1564265026.4058976,1564265026.5283098
read,/oasis/scratch/comet/hrlee/temp_project/alchemlyb/perf/fsizes/32/0042/WORK/dhdl/dhdl.part0002.xvg,412,1,1564265026.4435897,1564265026.5275643
read,/oasis/scratch/comet/hrlee/temp_project/alchemlyb/perf/fsizes/32/0043/WORK/dhdl/dhdl.part0008.xvg,428,1,1564265026.483916,1564265026.5298827
read,/oasis/scratch/comet/hrlee/temp_project/alchemlyb/perf/fsizes/32/0041/WORK/dhdl/dhdl.part0001.xvg,401,1,1564265026.482928,1564265026.5317633
read,/oasis/scratch/comet/hrlee/temp_project/alchemlyb/perf/fsizes/32/0032/WORK/dhdl/dhdl.part0007.xvg,317,1,1564265026.4298759,1564265026.540113
read,/oasis/scratch/comet/hrlee/temp_project/alchemlyb/perf/fsizes/32/0030/WORK/dhdl/dhdl.part0008.xvg,298,1,1564265026.4475975,1564265026.541498
read,/oasis/scratch/comet/hrlee/temp_project/alchemlyb/perf/fsizes/32/0037/WORK/dhdl/dhdl.part0001.xvg,361,1,1564265026.4309669,1564265026.549194
read,/oasis/scratch/comet/hrlee/temp_project/alchemlyb/perf/fsizes/32/0031/WORK/dhdl/dhdl.part0001.xvg,301,1,1564265026.4225733,1564265026.5495815
read,/oasis/scratch/comet/hrlee/temp_project/alchemlyb/perf/fsizes/32/0035/WORK/dhdl/dhdl.part0009.xvg,349,1,1564265026.4284282,1564265026.5518959
read,/oasis/scratch/comet/hrlee/temp_project/alchemlyb/perf/fsizes/32/0028/WORK/dhdl/dhdl.part0005.xvg,275,1,1564265026.5079303,1564265026.557008
read,/oasis/scratch/comet/hrlee/temp_project/alchemlyb/perf/fsizes/32/0038/WORK/dhdl/dhdl.part0003.xvg,373,1,1564265026.461801,1564265026.5575287
read,/oasis/scratch/comet/hrlee/temp_project/alchemlyb/perf/fsizes/32/0043/WORK/dhdl/dhdl.part0004.xvg,424,1,1564265026.4839878,1564265026.5576694
read,/oasis/scratch/comet/hrlee/temp_project/alchemlyb/perf/fsizes/32/0040/WORK/dhdl/dhdl.part0007.xvg,397,1,1564265026.4863882,1564265026.5578523
read,/oasis/scratch/comet/hrlee/temp_project/alchemlyb/perf/fsizes/32/0035/WORK/dhdl/dhdl.part0005.xvg,345,1,1564265026.4494126,1564265026.560012
read,/oasis/scratch/comet/hrlee/temp_project/alchemlyb/perf/fsizes/32/0037/WORK/dhdl/dhdl.part0005.xvg,365,1,1564265026.437257,1564265026.564949
read,/oasis/scratch/comet/hrlee/temp_project/alchemlyb/perf/fsizes/32/0033/WORK/dhdl/dhdl.part0006.xvg,326,1,1564265026.4678676,1564265026.5657258
read,/oasis/scratch/comet/hrlee/temp_project/alchemlyb/perf/fsizes/32/0033/WORK/dhdl/dhdl.part0002.xvg,322,1,1564265026.4716654,1564265026.5704763
read,/oasis/scratch/comet/hrlee/temp_project/alchemlyb/perf/fsizes/32/0022/WORK/dhdl/dhdl.part0001.xvg,211,1,1564265026.4757204,1564265026.576304
read,/oasis/scratch/comet/hrlee/temp_project/alchemlyb/perf/fsizes/32/0030/WORK/dhdl/dhdl.part0004.xvg,294,1,1564265026.4515646,1564265026.5769682
read,/oasis/scratch/comet/hrlee/temp_project/alchemlyb/perf/fsizes/32/0039/WORK/dhdl/dhdl.part0009.xvg,389,1,1564265026.4764464,1564265026.5777938
read,/oasis/scratch/comet/hrlee/temp_project/alchemlyb/perf/fsizes/32/0030/WORK/dhdl/dhdl.part0001.xvg,291,1,1564265026.4971738,1564265026.5783513
read,/oasis/scratch/comet/hrlee/temp_project/alchemlyb/perf/fsizes/32/0042/WORK/dhdl/dhdl.part0007.xvg,417,1,1564265026.5079217,1564265026.5802572
read,/oasis/scratch/comet/hrlee/temp_project/alchemlyb/perf/fsizes/32/0043/WORK/dhdl/dhdl.part0000.xvg,420,1,1564265026.4678676,1564265026.5813315
read,/oasis/scratch/comet/hrlee/temp_project/alchemlyb/perf/fsizes/32/0037/WORK/dhdl/dhdl.part0009.xvg,369,1,1564265026.44484,1564265026.5838172
read,/oasis/scratch/comet/hrlee/temp_project/alchemlyb/perf/fsizes/32/0038/WORK/dhdl/dhdl.part0007.xvg,377,1,1564265026.4682884,1564265026.5847168
read,/oasis/scratch/comet/hrlee/temp_project/alchemlyb/perf/fsizes/32/0044/WORK/dhdl/dhdl.part0002.xvg,432,1,1564265026.4914358,1564265026.5849693
read,/oasis/scratch/comet/hrlee/temp_project/alchemlyb/perf/fsizes/32/0032/WORK/dhdl/dhdl.part0003.xvg,313,1,1564265026.417369,1564265026.586443
read,/oasis/scratch/comet/hrlee/temp_project/alchemlyb/perf/fsizes/32/0029/WORK/dhdl/dhdl.part0003.xvg,283,1,1564265026.4839294,1564265026.5880668
read,/oasis/scratch/comet/hrlee/temp_project/alchemlyb/perf/fsizes/32/0027/WORK/dhdl/dhdl.part0007.xvg,267,1,1564265026.4982188,1564265026.5881722
read,/oasis/scratch/comet/hrlee/temp_project/alchemlyb/perf/fsizes/32/0044/WORK/dhdl/dhdl.part0006.xvg,436,1,1564265026.4864144,1564265026.5903378
read,/oasis/scratch/comet/hrlee/temp_project/alchemlyb/perf/fsizes/32/0034/WORK/dhdl/dhdl.part0000.xvg,330,1,1564265026.4907749,1564265026.5912976
read,/oasis/scratch/comet/hrlee/temp_project/alchemlyb/perf/fsizes/32/0034/WORK/dhdl/dhdl.part0008.xvg,338,1,1564265026.4984663,1564265026.5922902
read,/oasis/scratch/comet/hrlee/temp_project/alchemlyb/perf/fsizes/32/0036/WORK/dhdl/dhdl.part0008.xvg,358,1,1564265026.5168881,1564265026.597141
read,/oasis/scratch/comet/hrlee/temp_project/alchemlyb/perf/fsizes/32/0034/WORK/dhdl/dhdl.part0004.xvg,334,1,1564265026.4912121,1564265026.5975862
read,/oasis/scratch/comet/hrlee/temp_project/alchemlyb/perf/fsizes/32/0042/WORK/dhdl/dhdl.part0003.xvg,413,1,1564265026.5314808,1564265026.6037688
read,/oasis/scratch/comet/hrlee/temp_project/alchemlyb/perf/fsizes/32/0040/WORK/dhdl/dhdl.part0003.xvg,393,1,1564265026.4845283,1564265026.606484
read,/oasis/scratch/comet/hrlee/temp_project/alchemlyb/perf/fsizes/32/0043/WORK/dhdl/dhdl.part0009.xvg,429,1,1564265026.5400093,1564265026.6075938
read,/oasis/scratch/comet/hrlee/temp_project/alchemlyb/perf/fsizes/32/0045/WORK/dhdl/dhdl.part0000.xvg,440,1,1564265026.5101128,1564265026.6160486
read,/oasis/scratch/comet/hrlee/temp_project/alchemlyb/perf/fsizes/32/0039/WORK/dhdl/dhdl.part0001.xvg,381,1,1564265026.4616966,1564265026.6193392
read,/oasis/scratch/comet/hrlee/temp_project/alchemlyb/perf/fsizes/32/0036/WORK/dhdl/dhdl.part0004.xvg,354,1,1564265026.5070603,1564265026.6201398
read,/oasis/scratch/comet/hrlee/temp_project/alchemlyb/perf/fsizes/32/0041/WORK/dhdl/dhdl.part0009.xvg,409,1,1564265026.5303893,1564265026.6207376
read,/oasis/scratch/comet/hrlee/temp_project/alchemlyb/perf/fsizes/32/0029/WORK/dhdl/dhdl.part0007.xvg,287,1,1564265026.5316508,1564265026.6216788
read,/oasis/scratch/comet/hrlee/temp_project/alchemlyb/perf/fsizes/32/0041/WORK/dhdl/dhdl.part0005.xvg,405,1,1564265026.529724,1564265026.6223397
read,/oasis/scratch/comet/hrlee/temp_project/alchemlyb/perf/fsizes/32/0039/WORK/dhdl/dhdl.part0006.xvg,386,1,1564265026.5218992,1564265026.6177719
read,/oasis/scratch/comet/hrlee/temp_project/alchemlyb/perf/fsizes/32/0045/WORK/dhdl/dhdl.part0004.xvg,444,1,1564265026.5217056,1564265026.6251783
read,/oasis/scratch/comet/hrlee/temp_project/alchemlyb/perf/fsizes/32/0046/WORK/dhdl/dhdl.part0002.xvg,452,1,1564265026.5296335,1564265026.6294017
read,/oasis/scratch/comet/hrlee/temp_project/alchemlyb/perf/fsizes/32/0045/WORK/dhdl/dhdl.part0008.xvg,448,1,1564265026.5217056,1564265026.6294017
read,/oasis/scratch/comet/hrlee/temp_project/alchemlyb/perf/fsizes/32/0032/WORK/dhdl/dhdl.part0000.xvg,310,1,1564265026.5296786,1564265026.6315062
read,/oasis/scratch/comet/hrlee/temp_project/alchemlyb/perf/fsizes/32/0030/WORK/dhdl/dhdl.part0009.xvg,299,1,1564265026.5432606,1564265026.6347833
read,/oasis/scratch/comet/hrlee/temp_project/alchemlyb/perf/fsizes/32/0028/WORK/dhdl/dhdl.part0009.xvg,279,1,1564265026.5398028,1564265026.6350017
read,/oasis/scratch/comet/hrlee/temp_project/alchemlyb/perf/fsizes/32/0035/WORK/dhdl/dhdl.part0002.xvg,342,1,1564265026.5106552,1564265026.6387756
read,/oasis/scratch/comet/hrlee/temp_project/alchemlyb/perf/fsizes/32/0041/WORK/dhdl/dhdl.part0002.xvg,402,1,1564265026.540988,1564265026.6396475
read,/oasis/scratch/comet/hrlee/temp_project/alchemlyb/perf/fsizes/32/0031/WORK/dhdl/dhdl.part0006.xvg,306,1,1564265026.5398028,1564265026.64565
read,/oasis/scratch/comet/hrlee/temp_project/alchemlyb/perf/fsizes/32/0032/WORK/dhdl/dhdl.part0008.xvg,318,1,1564265026.551931,1564265026.647004
read,/oasis/scratch/comet/hrlee/temp_project/alchemlyb/perf/fsizes/32/0033/WORK/dhdl/dhdl.part0007.xvg,327,1,1564265026.5779393,1564265026.6480947
read,/oasis/scratch/comet/hrlee/temp_project/alchemlyb/perf/fsizes/32/0038/WORK/dhdl/dhdl.part0004.xvg,374,1,1564265026.5592,1564265026.6525683
read,/oasis/scratch/comet/hrlee/temp_project/alchemlyb/perf/fsizes/32/0044/WORK/dhdl/dhdl.part0007.xvg,437,1,1564265026.6053853,1564265026.6593623
read,/oasis/scratch/comet/hrlee/temp_project/alchemlyb/perf/fsizes/32/0033/WORK/dhdl/dhdl.part0003.xvg,323,1,1564265026.581864,1564265026.6623087
read,/oasis/scratch/comet/hrlee/temp_project/alchemlyb/perf/fsizes/32/0046/WORK/dhdl/dhdl.part0006.xvg,456,1,1564265026.561658,1564265026.6671965
read,/oasis/scratch/comet/hrlee/temp_project/alchemlyb/perf/fsizes/32/0035/WORK/dhdl/dhdl.part0006.xvg,346,1,1564265026.5715568,1564265026.6741252
read,/oasis/scratch/comet/hrlee/temp_project/alchemlyb/perf/fsizes/32/0048/WORK/dhdl/dhdl.part0002.xvg,472,1,1564265026.60079,1564265026.676406
read,/oasis/scratch/comet/hrlee/temp_project/alchemlyb/perf/fsizes/32/0040/WORK/dhdl/dhdl.part0008.xvg,398,1,1564265026.5604563,1564265026.6775455
read,/oasis/scratch/comet/hrlee/temp_project/alchemlyb/perf/fsizes/32/0043/WORK/dhdl/dhdl.part0005.xvg,425,1,1564265026.567866,1564265026.679037
read,/oasis/scratch/comet/hrlee/temp_project/alchemlyb/perf/fsizes/32/0030/WORK/dhdl/dhdl.part0005.xvg,295,1,1564265026.585292,1564265026.679493
read,/oasis/scratch/comet/hrlee/temp_project/alchemlyb/perf/fsizes/32/0047/WORK/dhdl/dhdl.part0008.xvg,468,1,1564265026.6007,1564265026.6871831
read,/oasis/scratch/comet/hrlee/temp_project/alchemlyb/perf/fsizes/32/0038/WORK/dhdl/dhdl.part0008.xvg,378,1,1564265026.5879564,1564265026.6873648
read,/oasis/scratch/comet/hrlee/temp_project/alchemlyb/perf/fsizes/32/0037/WORK/dhdl/dhdl.part0002.xvg,362,1,1564265026.5590754,1564265026.6884606
read,/oasis/scratch/comet/hrlee/temp_project/alchemlyb/perf/fsizes/32/0043/WORK/dhdl/dhdl.part0001.xvg,421,1,1564265026.5930889,1564265026.6787071
read,/oasis/scratch/comet/hrlee/temp_project/alchemlyb/perf/fsizes/32/0036/WORK/dhdl/dhdl.part0000.xvg,350,1,1564265026.5603597,1564265026.6897478
read,/oasis/scratch/comet/hrlee/temp_project/alchemlyb/perf/fsizes/32/0031/WORK/dhdl/dhdl.part0002.xvg,302,1,1564265026.5615315,1564265026.6814337
read,/oasis/scratch/comet/hrlee/temp_project/alchemlyb/perf/fsizes/32/0037/WORK/dhdl/dhdl.part0006.xvg,366,1,1564265026.5717723,1564265026.6915693
read,/oasis/scratch/comet/hrlee/temp_project/alchemlyb/perf/fsizes/32/0032/WORK/dhdl/dhdl.part0004.xvg,314,1,1564265026.5986042,1564265026.6925397
read,/oasis/scratch/comet/hrlee/temp_project/alchemlyb/perf/fsizes/32/0047/WORK/dhdl/dhdl.part0004.xvg,464,1,1564265026.589838,1564265026.6927524
read,/oasis/scratch/comet/hrlee/temp_project/alchemlyb/perf/fsizes/32/0040/WORK/dhdl/dhdl.part0000.xvg,390,1,1564265026.589856,1564265026.693575
read,/oasis/scratch/comet/hrlee/temp_project/alchemlyb/perf/fsizes/32/0044/WORK/dhdl/dhdl.part0003.xvg,433,1,1564265026.5969598,1564265026.6937575
read,/oasis/scratch/comet/hrlee/temp_project/alchemlyb/perf/fsizes/32/0042/WORK/dhdl/dhdl.part0008.xvg,418,1,1564265026.5868018,1564265026.6941276
read,/oasis/scratch/comet/hrlee/temp_project/alchemlyb/perf/fsizes/32/0042/WORK/dhdl/dhdl.part0000.xvg,410,1,1564265026.6232977,1564265026.695139
read,/oasis/scratch/comet/hrlee/temp_project/alchemlyb/perf/fsizes/32/0034/WORK/dhdl/dhdl.part0001.xvg,331,1,1564265026.6026032,1564265026.6986027
read,/oasis/scratch/comet/hrlee/temp_project/alchemlyb/perf/fsizes/32/0034/WORK/dhdl/dhdl.part0009.xvg,339,1,1564265026.6046321,1564265026.7000782
read,/oasis/scratch/comet/hrlee/temp_project/alchemlyb/perf/fsizes/32/0041/WORK/dhdl/dhdl.part0006.xvg,406,1,1564265026.6257117,1564265026.7046
read,/oasis/scratch/comet/hrlee/temp_project/alchemlyb/perf/fsizes/32/0038/WORK/dhdl/dhdl.part0000.xvg,370,1,1564265026.6026032,1564265026.686277
read,/oasis/scratch/comet/hrlee/temp_project/alchemlyb/perf/fsizes/32/0040/WORK/dhdl/dhdl.part0004.xvg,394,1,1564265026.6127803,1564265026.7115963
read,/oasis/scratch/comet/hrlee/temp_project/alchemlyb/perf/fsizes/32/0034/WORK/dhdl/dhdl.part0005.xvg,335,1,1564265026.599046,1564265026.7116692
read,/oasis/scratch/comet/hrlee/temp_project/alchemlyb/perf/fsizes/32/0042/WORK/dhdl/dhdl.part0004.xvg,414,1,1564265026.6084092,1564265026.712729
read,/oasis/scratch/comet/hrlee/temp_project/alchemlyb/perf/fsizes/32/0044/WORK/dhdl/dhdl.part0000.xvg,430,1,1564265026.6137924,1564265026.713076
read,/oasis/scratch/comet/hrlee/temp_project/alchemlyb/perf/fsizes/32/0047/WORK/dhdl/dhdl.part0000.xvg,460,1,1564265026.588701,1564265026.722508
read,/oasis/scratch/comet/hrlee/temp_project/alchemlyb/perf/fsizes/32/0039/WORK/dhdl/dhdl.part0007.xvg,387,1,1564265026.6313176,1564265026.723644
read,/oasis/scratch/comet/hrlee/temp_project/alchemlyb/perf/fsizes/32/0048/WORK/dhdl/dhdl.part0006.xvg,476,1,1564265026.6351695,1564265026.726648
read,/oasis/scratch/comet/hrlee/temp_project/alchemlyb/perf/fsizes/32/0038/WORK/dhdl/dhdl.part0005.xvg,375,1,1564265026.6575837,1564265026.7308996
read,/oasis/scratch/comet/hrlee/temp_project/alchemlyb/perf/fsizes/32/0036/WORK/dhdl/dhdl.part0009.xvg,359,1,1564265026.6067557,1564265026.734515
read,/oasis/scratch/comet/hrlee/temp_project/alchemlyb/perf/fsizes/32/0045/WORK/dhdl/dhdl.part0001.xvg,441,1,1564265026.6257305,1564265026.73655
read,/oasis/scratch/comet/hrlee/temp_project/alchemlyb/perf/fsizes/32/0045/WORK/dhdl/dhdl.part0009.xvg,449,1,1564265026.633249,1564265026.7371428
read,/oasis/scratch/comet/hrlee/temp_project/alchemlyb/perf/fsizes/32/0049/WORK/dhdl/dhdl.part0000.xvg,480,1,1564265026.6467745,1564265026.737989
read,/oasis/scratch/comet/hrlee/temp_project/alchemlyb/perf/fsizes/32/0036/WORK/dhdl/dhdl.part0005.xvg,355,1,1564265026.6234746,1564265026.7379587
read,/oasis/scratch/comet/hrlee/temp_project/alchemlyb/perf/fsizes/32/0045/WORK/dhdl/dhdl.part0005.xvg,445,1,1564265026.6356833,1564265026.738889
read,/oasis/scratch/comet/hrlee/temp_project/alchemlyb/perf/fsizes/32/0032/WORK/dhdl/dhdl.part0001.xvg,311,1,1564265026.647537,1564265026.7405672
read,/oasis/scratch/comet/hrlee/temp_project/alchemlyb/perf/fsizes/32/0049/WORK/dhdl/dhdl.part0004.xvg,484,1,1564265026.6476572,1564265026.7421992
read,/oasis/scratch/comet/hrlee/temp_project/alchemlyb/perf/fsizes/32/0041/WORK/dhdl/dhdl.part0003.xvg,403,1,1564265026.6562307,1564265026.742698
read,/oasis/scratch/comet/hrlee/temp_project/alchemlyb/perf/fsizes/32/0035/WORK/dhdl/dhdl.part0003.xvg,343,1,1564265026.6482537,1564265026.746092
read,/oasis/scratch/comet/hrlee/temp_project/alchemlyb/perf/fsizes/32/0046/WORK/dhdl/dhdl.part0003.xvg,453,1,1564265026.6350672,1564265026.7503064
read,/oasis/scratch/comet/hrlee/temp_project/alchemlyb/perf/fsizes/32/0032/WORK/dhdl/dhdl.part0009.xvg,319,1,1564265026.668893,1564265026.7498279
read,/oasis/scratch/comet/hrlee/temp_project/alchemlyb/perf/fsizes/32/0049/WORK/dhdl/dhdl.part0008.xvg,488,1,1564265026.6574912,1564265026.7615144
read,/oasis/scratch/comet/hrlee/temp_project/alchemlyb/perf/fsizes/32/0050/WORK/dhdl/dhdl.part0002.xvg,492,1,1564265026.682829,1564265026.7672088
read,/oasis/scratch/comet/hrlee/temp_project/alchemlyb/perf/fsizes/32/0039/WORK/dhdl/dhdl.part0002.xvg,382,1,1564265026.6347828,1564265026.769905
read,/oasis/scratch/comet/hrlee/temp_project/alchemlyb/perf/fsizes/32/0044/WORK/dhdl/dhdl.part0008.xvg,438,1,1564265026.6672983,1564265026.7711413
read,/oasis/scratch/comet/hrlee/temp_project/alchemlyb/perf/fsizes/32/0031/WORK/dhdl/dhdl.part0007.xvg,307,1,1564265026.6575508,1564265026.772771
read,/oasis/scratch/comet/hrlee/temp_project/alchemlyb/perf/fsizes/32/0044/WORK/dhdl/dhdl.part0004.xvg,434,1,1564265026.6956897,1564265026.7727783
read,/oasis/scratch/comet/hrlee/temp_project/alchemlyb/perf/fsizes/32/0048/WORK/dhdl/dhdl.part0003.xvg,473,1,1564265026.6858077,1564265026.7795665
read,/oasis/scratch/comet/hrlee/temp_project/alchemlyb/perf/fsizes/32/0038/WORK/dhdl/dhdl.part0009.xvg,379,1,1564265026.6937418,1564265026.784281
read,/oasis/scratch/comet/hrlee/temp_project/alchemlyb/perf/fsizes/32/0046/WORK/dhdl/dhdl.part0007.xvg,457,1,1564265026.6795833,1564265026.7844112
read,/oasis/scratch/comet/hrlee/temp_project/alchemlyb/perf/fsizes/32/0040/WORK/dhdl/dhdl.part0009.xvg,399,1,1564265026.679351,1564265026.784704
read,/oasis/scratch/comet/hrlee/temp_project/alchemlyb/perf/fsizes/32/0043/WORK/dhdl/dhdl.part0006.xvg,426,1,1564265026.6838565,1564265026.784978
read,/oasis/scratch/comet/hrlee/temp_project/alchemlyb/perf/fsizes/32/0051/WORK/dhdl/dhdl.part0000.xvg,500,1,1564265026.711686,1564265026.7880757
read,/oasis/scratch/comet/hrlee/temp_project/alchemlyb/perf/fsizes/32/0043/WORK/dhdl/dhdl.part0002.xvg,422,1,1564265026.6997986,1564265026.7888706
read,/oasis/scratch/comet/hrlee/temp_project/alchemlyb/perf/fsizes/32/0047/WORK/dhdl/dhdl.part0009.xvg,469,1,1564265026.699746,1564265026.7910795
read,/oasis/scratch/comet/hrlee/temp_project/alchemlyb/perf/fsizes/32/0045/WORK/dhdl/dhdl.part0002.xvg,442,1,1564265026.7383811,1564265026.7915144
read,/oasis/scratch/comet/hrlee/temp_project/alchemlyb/perf/fsizes/32/0044/WORK/dhdl/dhdl.part0001.xvg,431,1,1564265026.7208881,1564265026.795005
read,/oasis/scratch/comet/hrlee/temp_project/alchemlyb/perf/fsizes/32/0050/WORK/dhdl/dhdl.part0006.xvg,496,1,1564265026.6875982,1564265026.7988906
read,/oasis/scratch/comet/hrlee/temp_project/alchemlyb/perf/fsizes/32/0032/WORK/dhdl/dhdl.part0005.xvg,315,1,1564265026.7046652,1564265026.8027108
read,/oasis/scratch/comet/hrlee/temp_project/alchemlyb/perf/fsizes/32/0047/WORK/dhdl/dhdl.part0005.xvg,465,1,1564265026.6956975,1564265026.803089
read,/oasis/scratch/comet/hrlee/temp_project/alchemlyb/perf/fsizes/32/0042/WORK/dhdl/dhdl.part0009.xvg,419,1,1564265026.7047644,1564265026.808099
read,/oasis/scratch/comet/hrlee/temp_project/alchemlyb/perf/fsizes/32/0036/WORK/dhdl/dhdl.part0001.xvg,351,1,1564265026.7046652,1564265026.8084106
read,/oasis/scratch/comet/hrlee/temp_project/alchemlyb/perf/fsizes/32/0037/WORK/dhdl/dhdl.part0003.xvg,363,1,1564265026.6927655,1564265026.8097684
read,/oasis/scratch/comet/hrlee/temp_project/alchemlyb/perf/fsizes/32/0040/WORK/dhdl/dhdl.part0001.xvg,391,1,1564265026.6949208,1564265026.808456
read,/oasis/scratch/comet/hrlee/temp_project/alchemlyb/perf/fsizes/32/0042/WORK/dhdl/dhdl.part0001.xvg,411,1,1564265026.7116895,1564265026.8135703
read,/oasis/scratch/comet/hrlee/temp_project/alchemlyb/perf/fsizes/32/0037/WORK/dhdl/dhdl.part0007.xvg,367,1,1564265026.7048721,1564265026.8101735
read,/oasis/scratch/comet/hrlee/temp_project/alchemlyb/perf/fsizes/32/0051/WORK/dhdl/dhdl.part0004.xvg,504,1,1564265026.7116864,1564265026.8147116
read,/oasis/scratch/comet/hrlee/temp_project/alchemlyb/perf/fsizes/32/0052/WORK/dhdl/dhdl.part0006.xvg,516,1,1564265026.7330115,1564265026.8245792
read,/oasis/scratch/comet/hrlee/temp_project/alchemlyb/perf/fsizes/32/0052/WORK/dhdl/dhdl.part0002.xvg,512,1,1564265026.733033,1564265026.8246644
read,/oasis/scratch/comet/hrlee/temp_project/alchemlyb/perf/fsizes/32/0031/WORK/dhdl/dhdl.part0003.xvg,303,1,1564265026.6914008,1564265026.8246686
read,/oasis/scratch/comet/hrlee/temp_project/alchemlyb/perf/fsizes/32/0046/WORK/dhdl/dhdl.part0004.xvg,454,1,1564265026.7619548,1564265026.8247201
read,/oasis/scratch/comet/hrlee/temp_project/alchemlyb/perf/fsizes/32/0041/WORK/dhdl/dhdl.part0007.xvg,407,1,1564265026.7123973,1564265026.8247283
read,/oasis/scratch/comet/hrlee/temp_project/alchemlyb/perf/fsizes/32/0040/WORK/dhdl/dhdl.part0005.xvg,395,1,1564265026.7207654,1564265026.825811
read,/oasis/scratch/comet/hrlee/temp_project/alchemlyb/perf/fsizes/32/0035/WORK/dhdl/dhdl.part0007.xvg,347,1,1564265026.6897748,1564265026.8288286
read,/oasis/scratch/comet/hrlee/temp_project/alchemlyb/perf/fsizes/32/0042/WORK/dhdl/dhdl.part0005.xvg,415,1,1564265026.7147639,1564265026.8323119
read,/oasis/scratch/comet/hrlee/temp_project/alchemlyb/perf/fsizes/32/0049/WORK/dhdl/dhdl.part0009.xvg,489,1,1564265026.7630124,1564265026.8332615
read,/oasis/scratch/comet/hrlee/temp_project/alchemlyb/perf/fsizes/32/0053/WORK/dhdl/dhdl.part0000.xvg,520,1,1564265026.7439153,1564265026.8370893
read,/oasis/scratch/comet/hrlee/temp_project/alchemlyb/perf/fsizes/32/0051/WORK/dhdl/dhdl.part0008.xvg,508,1,1564265026.7239764,1564265026.8382847
read,/oasis/scratch/comet/hrlee/temp_project/alchemlyb/perf/fsizes/32/0038/WORK/dhdl/dhdl.part0001.xvg,371,1,1564265026.7121348,1564265026.8392997
read,/oasis/scratch/comet/hrlee/temp_project/alchemlyb/perf/fsizes/32/0054/WORK/dhdl/dhdl.part0002.xvg,532,1,1564265026.749851,1564265026.840064
read,/oasis/scratch/comet/hrlee/temp_project/alchemlyb/perf/fsizes/32/0048/WORK/dhdl/dhdl.part0007.xvg,477,1,1564265026.738355,1564265026.8413424
read,/oasis/scratch/comet/hrlee/temp_project/alchemlyb/perf/fsizes/32/0053/WORK/dhdl/dhdl.part0004.xvg,524,1,1564265026.7498248,1564265026.8441982
read,/oasis/scratch/comet/hrlee/temp_project/alchemlyb/perf/fsizes/32/0045/WORK/dhdl/dhdl.part0006.xvg,446,1,1564265026.74976,1564265026.8466468
read,/oasis/scratch/comet/hrlee/temp_project/alchemlyb/perf/fsizes/32/0049/WORK/dhdl/dhdl.part0005.xvg,485,1,1564265026.749747,1564265026.8558197
read,/oasis/scratch/comet/hrlee/temp_project/alchemlyb/perf/fsizes/32/0047/WORK/dhdl/dhdl.part0001.xvg,461,1,1564265026.7376156,1564265026.8561006
read,/oasis/scratch/comet/hrlee/temp_project/alchemlyb/perf/fsizes/32/0046/WORK/dhdl/dhdl.part0000.xvg,450,1,1564265026.7490513,1564265026.8563242
read,/oasis/scratch/comet/hrlee/temp_project/alchemlyb/perf/fsizes/32/0044/WORK/dhdl/dhdl.part0005.xvg,435,1,1564265026.7850008,1564265026.8598242
read,/oasis/scratch/comet/hrlee/temp_project/alchemlyb/perf/fsizes/32/0053/WORK/dhdl/dhdl.part0008.xvg,528,1,1564265026.7498877,1564265026.8613834
read,/oasis/scratch/comet/hrlee/temp_project/alchemlyb/perf/fsizes/32/0054/WORK/dhdl/dhdl.part0006.xvg,536,1,1564265026.7500355,1564265026.8617377
read,/oasis/scratch/comet/hrlee/temp_project/alchemlyb/perf/fsizes/32/0048/WORK/dhdl/dhdl.part0004.xvg,474,1,1564265026.7957995,1564265026.8622916
read,/oasis/scratch/comet/hrlee/temp_project/alchemlyb/perf/fsizes/32/0056/WORK/dhdl/dhdl.part0006.xvg,556,1,1564265026.7967286,1564265026.8626087
read,/oasis/scratch/comet/hrlee/temp_project/alchemlyb/perf/fsizes/32/0049/WORK/dhdl/dhdl.part0001.xvg,481,1,1564265026.749747,1564265026.8532686
read,/oasis/scratch/comet/hrlee/temp_project/alchemlyb/perf/fsizes/32/0055/WORK/dhdl/dhdl.part0000.xvg,540,1,1564265026.7719624,1564265026.8655238
read,/oasis/scratch/comet/hrlee/temp_project/alchemlyb/perf/fsizes/32/0055/WORK/dhdl/dhdl.part0008.xvg,548,1,1564265026.7860942,1564265026.8768673
read,/oasis/scratch/comet/hrlee/temp_project/alchemlyb/perf/fsizes/32/0050/WORK/dhdl/dhdl.part0003.xvg,493,1,1564265026.7858207,1564265026.8785856
read,/oasis/scratch/comet/hrlee/temp_project/alchemlyb/perf/fsizes/32/0056/WORK/dhdl/dhdl.part0002.xvg,552,1,1564265026.7966666,1564265026.8834424
read,/oasis/scratch/comet/hrlee/temp_project/alchemlyb/perf/fsizes/32/0043/WORK/dhdl/dhdl.part0007.xvg,427,1,1564265026.7966404,1564265026.8884206
read,/oasis/scratch/comet/hrlee/temp_project/alchemlyb/perf/fsizes/32/0039/WORK/dhdl/dhdl.part0003.xvg,383,1,1564265026.7787588,1564265026.8894618
read,/oasis/scratch/comet/hrlee/temp_project/alchemlyb/perf/fsizes/32/0058/WORK/dhdl/dhdl.part0006.xvg,576,1,1564265026.8230565,1564265026.8909323
read,/oasis/scratch/comet/hrlee/temp_project/alchemlyb/perf/fsizes/32/0044/WORK/dhdl/dhdl.part0009.xvg,439,1,1564265026.7854302,1564265026.891014
read,/oasis/scratch/comet/hrlee/temp_project/alchemlyb/perf/fsizes/32/0048/WORK/dhdl/dhdl.part0000.xvg,470,1,1564265026.7958272,1564265026.8921878
read,/oasis/scratch/comet/hrlee/temp_project/alchemlyb/perf/fsizes/32/0046/WORK/dhdl/dhdl.part0008.xvg,458,1,1564265026.7951083,1564265026.8936198
read,/oasis/scratch/comet/hrlee/temp_project/alchemlyb/perf/fsizes/32/0059/WORK/dhdl/dhdl.part0000.xvg,580,1,1564265026.8230565,1564265026.8953085
read,/oasis/scratch/comet/hrlee/temp_project/alchemlyb/perf/fsizes/32/0053/WORK/dhdl/dhdl.part0005.xvg,525,1,1564265026.8459406,1564265026.8965437
read,/oasis/scratch/comet/hrlee/temp_project/alchemlyb/perf/fsizes/32/0047/WORK/dhdl/dhdl.part0006.xvg,466,1,1564265026.8118038,1564265026.8971727
read,/oasis/scratch/comet/hrlee/temp_project/alchemlyb/perf/fsizes/32/0051/WORK/dhdl/dhdl.part0001.xvg,501,1,1564265026.7994025,1564265026.8982759
read,/oasis/scratch/comet/hrlee/temp_project/alchemlyb/perf/fsizes/32/0043/WORK/dhdl/dhdl.part0003.xvg,423,1,1564265026.7993758,1564265026.9019535
read,/oasis/scratch/comet/hrlee/temp_project/alchemlyb/perf/fsizes/32/0045/WORK/dhdl/dhdl.part0003.xvg,443,1,1564265026.7975507,1564265026.9070482
read,/oasis/scratch/comet/hrlee/temp_project/alchemlyb/perf/fsizes/32/0050/WORK/dhdl/dhdl.part0007.xvg,497,1,1564265026.8150518,1564265026.9085805
read,/oasis/scratch/comet/hrlee/temp_project/alchemlyb/perf/fsizes/32/0045/WORK/dhdl/dhdl.part0007.xvg,447,1,1564265026.8587897,1564265026.912329
read,/oasis/scratch/comet/hrlee/temp_project/alchemlyb/perf/fsizes/32/0050/WORK/dhdl/dhdl.part0000.xvg,490,1,1564265026.8450396,1564265026.913325
read,/oasis/scratch/comet/hrlee/temp_project/alchemlyb/perf/fsizes/32/0057/WORK/dhdl/dhdl.part0004.xvg,564,1,1564265026.8122025,1564265026.9134557
read,/oasis/scratch/comet/hrlee/temp_project/alchemlyb/perf/fsizes/32/0057/WORK/dhdl/dhdl.part0000.xvg,560,1,1564265026.8115182,1564265026.9148867
read,/oasis/scratch/comet/hrlee/temp_project/alchemlyb/perf/fsizes/32/0055/WORK/dhdl/dhdl.part0004.xvg,544,1,1564265026.7888117,1564265026.9156659
read,/oasis/scratch/comet/hrlee/temp_project/alchemlyb/perf/fsizes/32/0059/WORK/dhdl/dhdl.part0008.xvg,588,1,1564265026.8270006,1564265026.9161623
read,/oasis/scratch/comet/hrlee/temp_project/alchemlyb/perf/fsizes/32/0058/WORK/dhdl/dhdl.part0002.xvg,572,1,1564265026.815405,1564265026.9162683
read,/oasis/scratch/comet/hrlee/temp_project/alchemlyb/perf/fsizes/32/0057/WORK/dhdl/dhdl.part0008.xvg,568,1,1564265026.8148792,1564265026.9170303
read,/oasis/scratch/comet/hrlee/temp_project/alchemlyb/perf/fsizes/32/0052/WORK/dhdl/dhdl.part0007.xvg,517,1,1564265026.834944,1564265026.9176278
read,/oasis/scratch/comet/hrlee/temp_project/alchemlyb/perf/fsizes/32/0046/WORK/dhdl/dhdl.part0005.xvg,455,1,1564265026.836885,1564265026.9230902
read,/oasis/scratch/comet/hrlee/temp_project/alchemlyb/perf/fsizes/32/0054/WORK/dhdl/dhdl.part0003.xvg,533,1,1564265026.8619795,1564265026.9235213
read,/oasis/scratch/comet/hrlee/temp_project/alchemlyb/perf/fsizes/32/0059/WORK/dhdl/dhdl.part0004.xvg,584,1,1564265026.8276436,1564265026.9255729
read,/oasis/scratch/comet/hrlee/temp_project/alchemlyb/perf/fsizes/32/0051/WORK/dhdl/dhdl.part0005.xvg,505,1,1564265026.8268044,1564265026.9256704
read,/oasis/scratch/comet/hrlee/temp_project/alchemlyb/perf/fsizes/32/0048/WORK/dhdl/dhdl.part0005.xvg,475,1,1564265026.8727787,1564265026.93083
read,/oasis/scratch/comet/hrlee/temp_project/alchemlyb/perf/fsizes/32/0060/WORK/dhdl/dhdl.part0002.xvg,592,1,1564265026.831356,1564265026.9366062
read,/oasis/scratch/comet/hrlee/temp_project/alchemlyb/perf/fsizes/32/0046/WORK/dhdl/dhdl.part0001.xvg,451,1,1564265026.857874,1564265026.9376264
read,/oasis/scratch/comet/hrlee/temp_project/alchemlyb/perf/fsizes/32/0052/WORK/dhdl/dhdl.part0003.xvg,513,1,1564265026.836885,1564265026.9387074
read,/oasis/scratch/comet/hrlee/temp_project/alchemlyb/perf/fsizes/32/0060/WORK/dhdl/dhdl.part0006.xvg,596,1,1564265026.8422186,1564265026.9390213
read,/oasis/scratch/comet/hrlee/temp_project/alchemlyb/perf/fsizes/32/0056/WORK/dhdl/dhdl.part0003.xvg,553,1,1564265026.8926806,1564265026.9458823
read,/oasis/scratch/comet/hrlee/temp_project/alchemlyb/perf/fsizes/32/0056/WORK/dhdl/dhdl.part0007.xvg,557,1,1564265026.875153,1564265026.9478736
read,/oasis/scratch/comet/hrlee/temp_project/alchemlyb/perf/fsizes/32/0053/WORK/dhdl/dhdl.part0009.xvg,529,1,1564265026.8643842,1564265026.94855
read,/oasis/scratch/comet/hrlee/temp_project/alchemlyb/perf/fsizes/32/0047/WORK/dhdl/dhdl.part0007.xvg,467,1,1564265026.9038854,1564265026.953057
read,/oasis/scratch/comet/hrlee/temp_project/alchemlyb/perf/fsizes/32/0046/WORK/dhdl/dhdl.part0009.xvg,459,1,1564265026.904852,1564265026.9537022
read,/oasis/scratch/comet/hrlee/temp_project/alchemlyb/perf/fsizes/32/0053/WORK/dhdl/dhdl.part0006.xvg,526,1,1564265026.8983917,1564265026.9542475
read,/oasis/scratch/comet/hrlee/temp_project/alchemlyb/perf/fsizes/32/0051/WORK/dhdl/dhdl.part0009.xvg,509,1,1564265026.8400888,1564265026.9551437
read,/oasis/scratch/comet/hrlee/temp_project/alchemlyb/perf/fsizes/32/0048/WORK/dhdl/dhdl.part0008.xvg,478,1,1564265026.8536103,1564265026.9578478
read,/oasis/scratch/comet/hrlee/temp_project/alchemlyb/perf/fsizes/32/0058/WORK/dhdl/dhdl.part0007.xvg,577,1,1564265026.8969116,1564265026.960561
read,/oasis/scratch/comet/hrlee/temp_project/alchemlyb/perf/fsizes/32/0059/WORK/dhdl/dhdl.part0001.xvg,581,1,1564265026.904888,1564265026.9657884
read,/oasis/scratch/comet/hrlee/temp_project/alchemlyb/perf/fsizes/32/0049/WORK/dhdl/dhdl.part0006.xvg,486,1,1564265026.8674893,1564265026.9673052
read,/oasis/scratch/comet/hrlee/temp_project/alchemlyb/perf/fsizes/32/0058/WORK/dhdl/dhdl.part0003.xvg,573,1,1564265026.9190235,1564265026.9688215
read,/oasis/scratch/comet/hrlee/temp_project/alchemlyb/perf/fsizes/32/0059/WORK/dhdl/dhdl.part0009.xvg,589,1,1564265026.9175785,1564265026.970495
read,/oasis/scratch/comet/hrlee/temp_project/alchemlyb/perf/fsizes/32/0053/WORK/dhdl/dhdl.part0001.xvg,521,1,1564265026.85981,1564265026.9715843
read,/oasis/scratch/comet/hrlee/temp_project/alchemlyb/perf/fsizes/32/0050/WORK/dhdl/dhdl.part0001.xvg,491,1,1564265026.9174569,1564265026.9715624
read,/oasis/scratch/comet/hrlee/temp_project/alchemlyb/perf/fsizes/32/0049/WORK/dhdl/dhdl.part0002.xvg,482,1,1564265026.871605,1564265026.9695125
read,/oasis/scratch/comet/hrlee/temp_project/alchemlyb/perf/fsizes/32/0055/WORK/dhdl/dhdl.part0009.xvg,549,1,1564265026.8956745,1564265026.973839
read,/oasis/scratch/comet/hrlee/temp_project/alchemlyb/perf/fsizes/32/0057/WORK/dhdl/dhdl.part0001.xvg,561,1,1564265026.917648,1564265026.9740348
read,/oasis/scratch/comet/hrlee/temp_project/alchemlyb/perf/fsizes/32/0054/WORK/dhdl/dhdl.part0007.xvg,537,1,1564265026.8673615,1564265026.9745815
read,/oasis/scratch/comet/hrlee/temp_project/alchemlyb/perf/fsizes/32/0055/WORK/dhdl/dhdl.part0001.xvg,541,1,1564265026.8778207,1564265026.9781034
read,/oasis/scratch/comet/hrlee/temp_project/alchemlyb/perf/fsizes/32/0047/WORK/dhdl/dhdl.part0002.xvg,462,1,1564265026.8674865,1564265026.9747777
read,/oasis/scratch/comet/hrlee/temp_project/alchemlyb/perf/fsizes/32/0054/WORK/dhdl/dhdl.part0004.xvg,534,1,1564265026.9292848,1564265026.9752903
read,/oasis/scratch/comet/hrlee/temp_project/alchemlyb/perf/fsizes/32/0052/WORK/dhdl/dhdl.part0008.xvg,518,1,1564265026.9253995,1564265026.9769166
read,/oasis/scratch/comet/hrlee/temp_project/alchemlyb/perf/fsizes/32/0048/WORK/dhdl/dhdl.part0001.xvg,471,1,1564265026.9038842,1564265026.9790583
read,/oasis/scratch/comet/hrlee/temp_project/alchemlyb/perf/fsizes/32/0051/WORK/dhdl/dhdl.part0002.xvg,502,1,1564265026.9077437,1564265026.9856462
read,/oasis/scratch/comet/hrlee/temp_project/alchemlyb/perf/fsizes/32/0050/WORK/dhdl/dhdl.part0008.xvg,498,1,1564265026.9171445,1564265026.9870965
read,/oasis/scratch/comet/hrlee/temp_project/alchemlyb/perf/fsizes/32/0050/WORK/dhdl/dhdl.part0004.xvg,494,1,1564265026.8905299,1564265026.9896576
read,/oasis/scratch/comet/hrlee/temp_project/alchemlyb/perf/fsizes/32/0052/WORK/dhdl/dhdl.part0004.xvg,514,1,1564265026.94768,1564265026.9905806
read,/oasis/scratch/comet/hrlee/temp_project/alchemlyb/perf/fsizes/32/0057/WORK/dhdl/dhdl.part0009.xvg,569,1,1564265026.9190235,1564265026.996734
read,/oasis/scratch/comet/hrlee/temp_project/alchemlyb/perf/fsizes/32/0055/WORK/dhdl/dhdl.part0005.xvg,545,1,1564265026.9291763,1564265027.000406
read,/oasis/scratch/comet/hrlee/temp_project/alchemlyb/perf/fsizes/32/0053/WORK/dhdl/dhdl.part0007.xvg,527,1,1564265026.9557633,1564265027.0025392
read,/oasis/scratch/comet/hrlee/temp_project/alchemlyb/perf/fsizes/32/0059/WORK/dhdl/dhdl.part0005.xvg,585,1,1564265026.945858,1564265027.003307
read,/oasis/scratch/comet/hrlee/temp_project/alchemlyb/perf/fsizes/32/0057/WORK/dhdl/dhdl.part0005.xvg,565,1,1564265026.9254184,1564265027.0035303
read,/oasis/scratch/comet/hrlee/temp_project/alchemlyb/perf/fsizes/32/0056/WORK/dhdl/dhdl.part0004.xvg,554,1,1564265026.9490812,1564265027.0036206
read,/oasis/scratch/comet/hrlee/temp_project/alchemlyb/perf/fsizes/32/0056/WORK/dhdl/dhdl.part0008.xvg,558,1,1564265026.9495711,1564265027.0068765
read,/oasis/scratch/comet/hrlee/temp_project/alchemlyb/perf/fsizes/32/0060/WORK/dhdl/dhdl.part0007.xvg,597,1,1564265026.951848,1564265027.008024
read,/oasis/scratch/comet/hrlee/temp_project/alchemlyb/perf/fsizes/32/0054/WORK/dhdl/dhdl.part0000.xvg,530,1,1564265026.9519398,1564265027.0080442
read,/oasis/scratch/comet/hrlee/temp_project/alchemlyb/perf/fsizes/32/0051/WORK/dhdl/dhdl.part0006.xvg,506,1,1564265026.9376493,1564265027.0146873
read,/oasis/scratch/comet/hrlee/temp_project/alchemlyb/perf/fsizes/32/0048/WORK/dhdl/dhdl.part0009.xvg,479,1,1564265026.9697864,1564265027.0186954
read,/oasis/scratch/comet/hrlee/temp_project/alchemlyb/perf/fsizes/32/0052/WORK/dhdl/dhdl.part0000.xvg,510,1,1564265026.972081,1564265027.0214164
read,/oasis/scratch/comet/hrlee/temp_project/alchemlyb/perf/fsizes/32/0058/WORK/dhdl/dhdl.part0008.xvg,578,1,1564265026.9676929,1564265027.0243993
read,/oasis/scratch/comet/hrlee/temp_project/alchemlyb/perf/fsizes/32/0056/WORK/dhdl/dhdl.part0000.xvg,550,1,1564265026.9791868,1564265027.030538
read,/oasis/scratch/comet/hrlee/temp_project/alchemlyb/perf/fsizes/32/0055/WORK/dhdl/dhdl.part0002.xvg,542,1,1564265026.9863808,1564265027.0329611
read,/oasis/scratch/comet/hrlee/temp_project/alchemlyb/perf/fsizes/32/0058/WORK/dhdl/dhdl.part0004.xvg,574,1,1564265026.979159,1564265027.036192
read,/oasis/scratch/comet/hrlee/temp_project/alchemlyb/perf/fsizes/32/0049/WORK/dhdl/dhdl.part0007.xvg,487,1,1564265026.9872108,1564265027.04004
read,/oasis/scratch/comet/hrlee/temp_project/alchemlyb/perf/fsizes/32/0049/WORK/dhdl/dhdl.part0003.xvg,483,1,1564265026.9794338,1564265027.040438
read,/oasis/scratch/comet/hrlee/temp_project/alchemlyb/perf/fsizes/32/0052/WORK/dhdl/dhdl.part0009.xvg,519,1,1564265026.9887161,1564265027.0410974
read,/oasis/scratch/comet/hrlee/temp_project/alchemlyb/perf/fsizes/32/0060/WORK/dhdl/dhdl.part0000.xvg,590,1,1564265026.9830568,1564265027.0424263
read,/oasis/scratch/comet/hrlee/temp_project/alchemlyb/perf/fsizes/32/0060/WORK/dhdl/dhdl.part0003.xvg,593,1,1564265026.9410686,1564265027.042782
read,/oasis/scratch/comet/hrlee/temp_project/alchemlyb/perf/fsizes/32/0057/WORK/dhdl/dhdl.part0002.xvg,562,1,1564265026.979415,1564265027.0436528
read,/oasis/scratch/comet/hrlee/temp_project/alchemlyb/perf/fsizes/32/0052/WORK/dhdl/dhdl.part0005.xvg,515,1,1564265026.9973712,1564265027.0467525
read,/oasis/scratch/comet/hrlee/temp_project/alchemlyb/perf/fsizes/32/0054/WORK/dhdl/dhdl.part0005.xvg,535,1,1564265026.997372,1564265027.0467556
read,/oasis/scratch/comet/hrlee/temp_project/alchemlyb/perf/fsizes/32/0058/WORK/dhdl/dhdl.part0000.xvg,570,1,1564265026.9984922,1564265027.050017
read,/oasis/scratch/comet/hrlee/temp_project/alchemlyb/perf/fsizes/32/0055/WORK/dhdl/dhdl.part0006.xvg,546,1,1564265027.00207,1564265027.051083
read,/oasis/scratch/comet/hrlee/temp_project/alchemlyb/perf/fsizes/32/0059/WORK/dhdl/dhdl.part0002.xvg,582,1,1564265026.9695613,1564265027.0519283
read,/oasis/scratch/comet/hrlee/temp_project/alchemlyb/perf/fsizes/32/0047/WORK/dhdl/dhdl.part0003.xvg,463,1,1564265026.979975,1564265027.0551898
read,/oasis/scratch/comet/hrlee/temp_project/alchemlyb/perf/fsizes/32/0050/WORK/dhdl/dhdl.part0005.xvg,495,1,1564265027.0008483,1564265027.056795
read,/oasis/scratch/comet/hrlee/temp_project/alchemlyb/perf/fsizes/32/0053/WORK/dhdl/dhdl.part0002.xvg,522,1,1564265026.9887476,1564265027.0571754
read,/oasis/scratch/comet/hrlee/temp_project/alchemlyb/perf/fsizes/32/0059/WORK/dhdl/dhdl.part0006.xvg,586,1,1564265027.0078018,1564265027.0592623
read,/oasis/scratch/comet/hrlee/temp_project/alchemlyb/perf/fsizes/32/0054/WORK/dhdl/dhdl.part0008.xvg,538,1,1564265026.9887726,1564265027.0617719
read,/oasis/scratch/comet/hrlee/temp_project/alchemlyb/perf/fsizes/32/0051/WORK/dhdl/dhdl.part0003.xvg,503,1,1564265026.988735,1564265027.0629008
read,/oasis/scratch/comet/hrlee/temp_project/alchemlyb/perf/fsizes/32/0060/WORK/dhdl/dhdl.part0008.xvg,598,1,1564265027.00943,1564265027.0641353
read,/oasis/scratch/comet/hrlee/temp_project/alchemlyb/perf/fsizes/32/0050/WORK/dhdl/dhdl.part0009.xvg,499,1,1564265026.9886696,1564265027.0642307
read,/oasis/scratch/comet/hrlee/temp_project/alchemlyb/perf/fsizes/32/0056/WORK/dhdl/dhdl.part0005.xvg,555,1,1564265027.0162141,1564265027.0676494
read,/oasis/scratch/comet/hrlee/temp_project/alchemlyb/perf/fsizes/32/0051/WORK/dhdl/dhdl.part0007.xvg,507,1,1564265027.0206861,1564265027.0686328
read,/oasis/scratch/comet/hrlee/temp_project/alchemlyb/perf/fsizes/32/0054/WORK/dhdl/dhdl.part0001.xvg,531,1,1564265027.0171034,1564265027.0713687
read,/oasis/scratch/comet/hrlee/temp_project/alchemlyb/perf/fsizes/32/0052/WORK/dhdl/dhdl.part0001.xvg,511,1,1564265027.0315294,1564265027.074218
read,/oasis/scratch/comet/hrlee/temp_project/alchemlyb/perf/fsizes/32/0056/WORK/dhdl/dhdl.part0001.xvg,551,1,1564265027.0319934,1564265027.0756054
read,/oasis/scratch/comet/hrlee/temp_project/alchemlyb/perf/fsizes/32/0057/WORK/dhdl/dhdl.part0006.xvg,566,1,1564265027.008928,1564265027.0763714
read,/oasis/scratch/comet/hrlee/temp_project/alchemlyb/perf/fsizes/32/0056/WORK/dhdl/dhdl.part0009.xvg,559,1,1564265027.0162482,1564265027.0775423
read,/oasis/scratch/comet/hrlee/temp_project/alchemlyb/perf/fsizes/32/0055/WORK/dhdl/dhdl.part0003.xvg,543,1,1564265027.044515,1564265027.080644
read,/oasis/scratch/comet/hrlee/temp_project/alchemlyb/perf/fsizes/32/0060/WORK/dhdl/dhdl.part0001.xvg,591,1,1564265027.0447495,1564265027.0851192
read,/oasis/scratch/comet/hrlee/temp_project/alchemlyb/perf/fsizes/32/0058/WORK/dhdl/dhdl.part0009.xvg,579,1,1564265027.0370326,1564265027.085524
read,/oasis/scratch/comet/hrlee/temp_project/alchemlyb/perf/fsizes/32/0060/WORK/dhdl/dhdl.part0004.xvg,594,1,1564265027.0479126,1564265027.0875459
read,/oasis/scratch/comet/hrlee/temp_project/alchemlyb/perf/fsizes/32/0058/WORK/dhdl/dhdl.part0005.xvg,575,1,1564265027.0443175,1564265027.0892966
read,/oasis/scratch/comet/hrlee/temp_project/alchemlyb/perf/fsizes/32/0059/WORK/dhdl/dhdl.part0007.xvg,587,1,1564265027.060617,1564265027.089672
read,/oasis/scratch/comet/hrlee/temp_project/alchemlyb/perf/fsizes/32/0053/WORK/dhdl/dhdl.part0003.xvg,523,1,1564265027.0584693,1564265027.0913863
read,/oasis/scratch/comet/hrlee/temp_project/alchemlyb/perf/fsizes/32/0055/WORK/dhdl/dhdl.part0007.xvg,547,1,1564265027.052431,1564265027.0919724
read,/oasis/scratch/comet/hrlee/temp_project/alchemlyb/perf/fsizes/32/0054/WORK/dhdl/dhdl.part0009.xvg,539,1,1564265027.0632946,1564265027.092166
read,/oasis/scratch/comet/hrlee/temp_project/alchemlyb/perf/fsizes/32/0057/WORK/dhdl/dhdl.part0003.xvg,563,1,1564265027.0516179,1564265027.0927305
read,/oasis/scratch/comet/hrlee/temp_project/alchemlyb/perf/fsizes/32/0058/WORK/dhdl/dhdl.part0001.xvg,571,1,1564265027.051791,1564265027.0931814
read,/oasis/scratch/comet/hrlee/temp_project/alchemlyb/perf/fsizes/32/0059/WORK/dhdl/dhdl.part0003.xvg,583,1,1564265027.0532064,1564265027.0936396
read,/oasis/scratch/comet/hrlee/temp_project/alchemlyb/perf/fsizes/32/0060/WORK/dhdl/dhdl.part0009.xvg,599,1,1564265027.0655217,1564265027.0966733
read,/oasis/scratch/comet/hrlee/temp_project/alchemlyb/perf/fsizes/32/0057/WORK/dhdl/dhdl.part0007.xvg,567,1,1564265027.077694,1564265027.1069994
read,/oasis/scratch/comet/hrlee/temp_project/alchemlyb/perf/fsizes/32/0060/WORK/dhdl/dhdl.part0005.xvg,595,1,1564265027.0888882,1564265027.1146083
