write,/scratch/hrlee/25200019/temp_project/alchemlyb/perf/fsizes/32/0004_dhdl.part0008.xvg,38,1,1564200373.6701314,1564200373.704864
write,/scratch/hrlee/25200019/temp_project/alchemlyb/perf/fsizes/32/0001_dhdl.part0006.xvg,6,1,1564200373.6701245,1564200373.704864
write,/scratch/hrlee/25200019/temp_project/alchemlyb/perf/fsizes/32/0002_dhdl.part0004.xvg,14,1,1564200373.6701508,1564200373.705018
write,/scratch/hrlee/25200019/temp_project/alchemlyb/perf/fsizes/32/0010_dhdl.part0004.xvg,94,1,1564200373.6701214,1564200373.7057405
write,/scratch/hrlee/25200019/temp_project/alchemlyb/perf/fsizes/32/0003_dhdl.part0000.xvg,20,1,1564200373.6701612,1564200373.7057407
write,/scratch/hrlee/25200019/temp_project/alchemlyb/perf/fsizes/32/0002_dhdl.part0000.xvg,10,1,1564200373.6701486,1564200373.7110362
write,/scratch/hrlee/25200019/temp_project/alchemlyb/perf/fsizes/32/0002_dhdl.part0002.xvg,12,1,1564200373.6701627,1564200373.7140286
write,/scratch/hrlee/25200019/temp_project/alchemlyb/perf/fsizes/32/0002_dhdl.part0006.xvg,16,1,1564200373.67016,1564200373.718963
write,/scratch/hrlee/25200019/temp_project/alchemlyb/perf/fsizes/32/0003_dhdl.part0002.xvg,22,1,1564200373.670732,1564200373.7201276
write,/scratch/hrlee/25200019/temp_project/alchemlyb/perf/fsizes/32/0003_dhdl.part0006.xvg,26,1,1564200373.6807783,1564200373.7235284
write,/scratch/hrlee/25200019/temp_project/alchemlyb/perf/fsizes/32/0003_dhdl.part0008.xvg,28,1,1564200373.6705725,1564200373.727099
write,/scratch/hrlee/25200019/temp_project/alchemlyb/perf/fsizes/32/0010_dhdl.part0006.xvg,96,1,1564200373.670115,1564200373.7283506
write,/scratch/hrlee/25200019/temp_project/alchemlyb/perf/fsizes/32/0012_dhdl.part0008.xvg,118,1,1564200373.6705449,1564200373.7314806
write,/scratch/hrlee/25200019/temp_project/alchemlyb/perf/fsizes/32/0005_dhdl.part0004.xvg,44,1,1564200373.6785488,1564200373.731477
write,/scratch/hrlee/25200019/temp_project/alchemlyb/perf/fsizes/32/0012_dhdl.part0000.xvg,110,1,1564200373.674709,1564200373.7328775
write,/scratch/hrlee/25200019/temp_project/alchemlyb/perf/fsizes/32/0001_dhdl.part0002.xvg,2,1,1564200373.670115,1564200373.7333908
write,/scratch/hrlee/25200019/temp_project/alchemlyb/perf/fsizes/32/0004_dhdl.part0004.xvg,34,1,1564200373.677931,1564200373.7352343
write,/scratch/hrlee/25200019/temp_project/alchemlyb/perf/fsizes/32/0012_dhdl.part0004.xvg,114,1,1564200373.6701632,1564200373.7348924
write,/scratch/hrlee/25200019/temp_project/alchemlyb/perf/fsizes/32/0006_dhdl.part0008.xvg,58,1,1564200373.6746233,1564200373.7359345
write,/scratch/hrlee/25200019/temp_project/alchemlyb/perf/fsizes/32/0011_dhdl.part0004.xvg,104,1,1564200373.6709213,1564200373.7364333
write,/scratch/hrlee/25200019/temp_project/alchemlyb/perf/fsizes/32/0011_dhdl.part0006.xvg,106,1,1564200373.6701353,1564200373.7380517
write,/scratch/hrlee/25200019/temp_project/alchemlyb/perf/fsizes/32/0003_dhdl.part0004.xvg,24,1,1564200373.6703224,1564200373.7391458
write,/scratch/hrlee/25200019/temp_project/alchemlyb/perf/fsizes/32/0007_dhdl.part0006.xvg,66,1,1564200373.6701655,1564200373.7400877
write,/scratch/hrlee/25200019/temp_project/alchemlyb/perf/fsizes/32/0010_dhdl.part0000.xvg,90,1,1564200373.6703289,1564200373.7406132
write,/scratch/hrlee/25200019/temp_project/alchemlyb/perf/fsizes/32/0001_dhdl.part0000.xvg,0,1,1564200373.6705694,1564200373.7430744
write,/scratch/hrlee/25200019/temp_project/alchemlyb/perf/fsizes/32/0002_dhdl.part0008.xvg,18,1,1564200373.680762,1564200373.744277
write,/scratch/hrlee/25200019/temp_project/alchemlyb/perf/fsizes/32/0008_dhdl.part0008.xvg,78,1,1564200373.6701202,1564200373.7454433
write,/scratch/hrlee/25200019/temp_project/alchemlyb/perf/fsizes/32/0008_dhdl.part0002.xvg,72,1,1564200373.6704304,1564200373.7457712
write,/scratch/hrlee/25200019/temp_project/alchemlyb/perf/fsizes/32/0007_dhdl.part0000.xvg,60,1,1564200373.6769576,1564200373.74703
write,/scratch/hrlee/25200019/temp_project/alchemlyb/perf/fsizes/32/0004_dhdl.part0006.xvg,36,1,1564200373.6841116,1564200373.7488937
write,/scratch/hrlee/25200019/temp_project/alchemlyb/perf/fsizes/32/0005_dhdl.part0006.xvg,46,1,1564200373.6704862,1564200373.7493455
write,/scratch/hrlee/25200019/temp_project/alchemlyb/perf/fsizes/32/0006_dhdl.part0004.xvg,54,1,1564200373.6707947,1564200373.749407
write,/scratch/hrlee/25200019/temp_project/alchemlyb/perf/fsizes/32/0004_dhdl.part0002.xvg,32,1,1564200373.684111,1564200373.7500641
write,/scratch/hrlee/25200019/temp_project/alchemlyb/perf/fsizes/32/0012_dhdl.part0002.xvg,112,1,1564200373.6701498,1564200373.7506528
write,/scratch/hrlee/25200019/temp_project/alchemlyb/perf/fsizes/32/0010_dhdl.part0008.xvg,98,1,1564200373.676776,1564200373.7511683
write,/scratch/hrlee/25200019/temp_project/alchemlyb/perf/fsizes/32/0009_dhdl.part0002.xvg,82,1,1564200373.6758478,1564200373.752553
write,/scratch/hrlee/25200019/temp_project/alchemlyb/perf/fsizes/32/0006_dhdl.part0000.xvg,50,1,1564200373.6748056,1564200373.7542334
write,/scratch/hrlee/25200019/temp_project/alchemlyb/perf/fsizes/32/0005_dhdl.part0000.xvg,40,1,1564200373.6707418,1564200373.7542212
write,/scratch/hrlee/25200019/temp_project/alchemlyb/perf/fsizes/32/0005_dhdl.part0002.xvg,42,1,1564200373.6701617,1564200373.755764
write,/scratch/hrlee/25200019/temp_project/alchemlyb/perf/fsizes/32/0004_dhdl.part0000.xvg,30,1,1564200373.677065,1564200373.7567086
write,/scratch/hrlee/25200019/temp_project/alchemlyb/perf/fsizes/32/0001_dhdl.part0008.xvg,8,1,1564200373.6701322,1564200373.7570448
write,/scratch/hrlee/25200019/temp_project/alchemlyb/perf/fsizes/32/0001_dhdl.part0004.xvg,4,1,1564200373.6702049,1564200373.7591999
write,/scratch/hrlee/25200019/temp_project/alchemlyb/perf/fsizes/32/0011_dhdl.part0008.xvg,108,1,1564200373.6778648,1564200373.7592738
write,/scratch/hrlee/25200019/temp_project/alchemlyb/perf/fsizes/32/0006_dhdl.part0001.xvg,51,1,1564200377.9538414,1564200377.9892554
write,/scratch/hrlee/25200019/temp_project/alchemlyb/perf/fsizes/32/0009_dhdl.part0000.xvg,80,1,1564200377.9536786,1564200377.9902313
write,/scratch/hrlee/25200019/temp_project/alchemlyb/perf/fsizes/32/0012_dhdl.part0006.xvg,116,1,1564200377.953679,1564200377.990663
write,/scratch/hrlee/25200019/temp_project/alchemlyb/perf/fsizes/32/0003_dhdl.part0003.xvg,23,1,1564200377.9538558,1564200378.0220876
write,/scratch/hrlee/25200019/temp_project/alchemlyb/perf/fsizes/32/0001_dhdl.part0003.xvg,3,1,1564200377.953842,1564200378.0230556
write,/scratch/hrlee/25200019/temp_project/alchemlyb/perf/fsizes/32/0001_dhdl.part0007.xvg,7,1,1564200377.9538329,1564200378.0293772
write,/scratch/hrlee/25200019/temp_project/alchemlyb/perf/fsizes/32/0009_dhdl.part0004.xvg,84,1,1564200377.9538586,1564200378.0409381
write,/scratch/hrlee/25200019/temp_project/alchemlyb/perf/fsizes/32/0010_dhdl.part0007.xvg,97,1,1564200377.953841,1564200378.0516393
write,/scratch/hrlee/25200019/temp_project/alchemlyb/perf/fsizes/32/0008_dhdl.part0006.xvg,76,1,1564200377.9738603,1564200378.0581403
write,/scratch/hrlee/25200019/temp_project/alchemlyb/perf/fsizes/32/0009_dhdl.part0008.xvg,88,1,1564200377.9645896,1564200378.0646808
write,/scratch/hrlee/25200019/temp_project/alchemlyb/perf/fsizes/32/0008_dhdl.part0004.xvg,74,1,1564200377.953859,1564200378.0753262
write,/scratch/hrlee/25200019/temp_project/alchemlyb/perf/fsizes/32/0007_dhdl.part0004.xvg,64,1,1564200377.9538689,1564200378.0792146
write,/scratch/hrlee/25200019/temp_project/alchemlyb/perf/fsizes/32/0006_dhdl.part0005.xvg,55,1,1564200377.9538538,1564200378.0866673
write,/scratch/hrlee/25200019/temp_project/alchemlyb/perf/fsizes/32/0002_dhdl.part0001.xvg,11,1,1564200377.963927,1564200378.105426
write,/scratch/hrlee/25200019/temp_project/alchemlyb/perf/fsizes/32/0007_dhdl.part0007.xvg,67,1,1564200377.9538198,1564200378.1207032
write,/scratch/hrlee/25200019/temp_project/alchemlyb/perf/fsizes/32/0005_dhdl.part0008.xvg,48,1,1564200377.9821186,1564200378.1207614
write,/scratch/hrlee/25200019/temp_project/alchemlyb/perf/fsizes/32/0002_dhdl.part0007.xvg,17,1,1564200377.9608743,1564200378.126217
write,/scratch/hrlee/25200019/temp_project/alchemlyb/perf/fsizes/32/0010_dhdl.part0009.xvg,99,1,1564200377.9608998,1564200378.1303284
write,/scratch/hrlee/25200019/temp_project/alchemlyb/perf/fsizes/32/0002_dhdl.part0009.xvg,19,1,1564200377.9538405,1564200378.1431196
write,/scratch/hrlee/25200019/temp_project/alchemlyb/perf/fsizes/32/0003_dhdl.part0009.xvg,29,1,1564200377.958868,1564200378.169152
write,/scratch/hrlee/25200019/temp_project/alchemlyb/perf/fsizes/32/0004_dhdl.part0005.xvg,35,1,1564200377.9605832,1564200378.1745243
write,/scratch/hrlee/25200019/temp_project/alchemlyb/perf/fsizes/32/0001_dhdl.part0005.xvg,5,1,1564200377.9648006,1564200378.179444
write,/scratch/hrlee/25200019/temp_project/alchemlyb/perf/fsizes/32/0010_dhdl.part0005.xvg,95,1,1564200377.9605093,1564200378.1836557
write,/scratch/hrlee/25200019/temp_project/alchemlyb/perf/fsizes/32/0012_dhdl.part0005.xvg,115,1,1564200377.958868,1564200378.2110252
write,/scratch/hrlee/25200019/temp_project/alchemlyb/perf/fsizes/32/0005_dhdl.part0001.xvg,41,1,1564200377.9596043,1564200378.2198792
write,/scratch/hrlee/25200019/temp_project/alchemlyb/perf/fsizes/32/0004_dhdl.part0009.xvg,39,1,1564200377.9716187,1564200378.2383046
write,/scratch/hrlee/25200019/temp_project/alchemlyb/perf/fsizes/32/0005_dhdl.part0005.xvg,45,1,1564200377.9538493,1564200378.240096
write,/scratch/hrlee/25200019/temp_project/alchemlyb/perf/fsizes/32/0004_dhdl.part0003.xvg,33,1,1564200377.9636476,1564200378.24199
write,/scratch/hrlee/25200019/temp_project/alchemlyb/perf/fsizes/32/0008_dhdl.part0009.xvg,79,1,1564200377.9538608,1564200378.2451584
write,/scratch/hrlee/25200019/temp_project/alchemlyb/perf/fsizes/32/0012_dhdl.part0009.xvg,119,1,1564200377.9644842,1564200378.2481034
write,/scratch/hrlee/25200019/temp_project/alchemlyb/perf/fsizes/32/0011_dhdl.part0009.xvg,109,1,1564200377.9675276,1564200378.259252
write,/scratch/hrlee/25200019/temp_project/alchemlyb/perf/fsizes/32/0007_dhdl.part0008.xvg,68,1,1564200377.9605784,1564200378.259013
write,/scratch/hrlee/25200019/temp_project/alchemlyb/perf/fsizes/32/0007_dhdl.part0001.xvg,61,1,1564200377.9538436,1564200378.2595356
write,/scratch/hrlee/25200019/temp_project/alchemlyb/perf/fsizes/32/0008_dhdl.part0003.xvg,73,1,1564200377.9820387,1564200378.2601094
write,/scratch/hrlee/25200019/temp_project/alchemlyb/perf/fsizes/32/0001_dhdl.part0009.xvg,9,1,1564200377.9675202,1564200378.2690349
write,/scratch/hrlee/25200019/temp_project/alchemlyb/perf/fsizes/32/0010_dhdl.part0002.xvg,92,1,1564200377.9605625,1564200378.2875087
write,/scratch/hrlee/25200019/temp_project/alchemlyb/perf/fsizes/32/0018_dhdl.part0000.xvg,170,1,1564200378.2697794,1564200378.2950022
write,/scratch/hrlee/25200019/temp_project/alchemlyb/perf/fsizes/32/0009_dhdl.part0003.xvg,83,1,1564200377.9538608,1564200378.29852
write,/scratch/hrlee/25200019/temp_project/alchemlyb/perf/fsizes/32/0005_dhdl.part0003.xvg,43,1,1564200377.9675474,1564200378.2994852
write,/scratch/hrlee/25200019/temp_project/alchemlyb/perf/fsizes/32/0009_dhdl.part0006.xvg,86,1,1564200377.9679663,1564200378.30049
write,/scratch/hrlee/25200019/temp_project/alchemlyb/perf/fsizes/32/0012_dhdl.part0003.xvg,113,1,1564200377.965575,1564200378.3180597
write,/scratch/hrlee/25200019/temp_project/alchemlyb/perf/fsizes/32/0005_dhdl.part0009.xvg,49,1,1564200378.1453524,1564200378.3202
write,/scratch/hrlee/25200019/temp_project/alchemlyb/perf/fsizes/32/0016_dhdl.part0000.xvg,150,1,1564200378.211947,1564200378.3354151
write,/scratch/hrlee/25200019/temp_project/alchemlyb/perf/fsizes/32/0002_dhdl.part0005.xvg,15,1,1564200377.9678886,1564200378.337715
write,/scratch/hrlee/25200019/temp_project/alchemlyb/perf/fsizes/32/0008_dhdl.part0005.xvg,75,1,1564200378.1450067,1564200378.3456964
write,/scratch/hrlee/25200019/temp_project/alchemlyb/perf/fsizes/32/0017_dhdl.part0002.xvg,162,1,1564200378.24879,1564200378.3519852
write,/scratch/hrlee/25200019/temp_project/alchemlyb/perf/fsizes/32/0003_dhdl.part0005.xvg,25,1,1564200377.9608357,1564200378.357538
write,/scratch/hrlee/25200019/temp_project/alchemlyb/perf/fsizes/32/0013_dhdl.part0002.xvg,122,1,1564200378.1448994,1564200378.3585737
write,/scratch/hrlee/25200019/temp_project/alchemlyb/perf/fsizes/32/0003_dhdl.part0001.xvg,21,1,1564200377.9638345,1564200378.3600159
write,/scratch/hrlee/25200019/temp_project/alchemlyb/perf/fsizes/32/0012_dhdl.part0001.xvg,111,1,1564200377.9679372,1564200378.3683333
write,/scratch/hrlee/25200019/temp_project/alchemlyb/perf/fsizes/32/0018_dhdl.part0002.xvg,172,1,1564200378.2990613,1564200378.368772
write,/scratch/hrlee/25200019/temp_project/alchemlyb/perf/fsizes/32/0011_dhdl.part0002.xvg,102,1,1564200377.9689035,1564200378.3780403
write,/scratch/hrlee/25200019/temp_project/alchemlyb/perf/fsizes/32/0011_dhdl.part0000.xvg,100,1,1564200377.9539373,1564200378.383377
write,/scratch/hrlee/25200019/temp_project/alchemlyb/perf/fsizes/32/0008_dhdl.part0000.xvg,70,1,1564200377.967937,1564200378.3894794
write,/scratch/hrlee/25200019/temp_project/alchemlyb/perf/fsizes/32/0004_dhdl.part0007.xvg,37,1,1564200377.953833,1564200378.3937693
write,/scratch/hrlee/25200019/temp_project/alchemlyb/perf/fsizes/32/0017_dhdl.part0004.xvg,164,1,1564200378.2597814,1564200378.3963702
write,/scratch/hrlee/25200019/temp_project/alchemlyb/perf/fsizes/32/0006_dhdl.part0006.xvg,56,1,1564200377.9608188,1564200378.3991125
write,/scratch/hrlee/25200019/temp_project/alchemlyb/perf/fsizes/32/0004_dhdl.part0001.xvg,31,1,1564200377.9646606,1564200378.4022229
write,/scratch/hrlee/25200019/temp_project/alchemlyb/perf/fsizes/32/0008_dhdl.part0007.xvg,77,1,1564200378.14489,1564200378.4050238
write,/scratch/hrlee/25200019/temp_project/alchemlyb/perf/fsizes/32/0009_dhdl.part0001.xvg,81,1,1564200378.1449473,1564200378.4104125
write,/scratch/hrlee/25200019/temp_project/alchemlyb/perf/fsizes/32/0016_dhdl.part0008.xvg,158,1,1564200378.2424908,1564200378.4113019
write,/scratch/hrlee/25200019/temp_project/alchemlyb/perf/fsizes/32/0011_dhdl.part0007.xvg,107,1,1564200377.9538283,1564200378.4184117
write,/scratch/hrlee/25200019/temp_project/alchemlyb/perf/fsizes/32/0011_dhdl.part0005.xvg,105,1,1564200377.960856,1564200378.4223995
write,/scratch/hrlee/25200019/temp_project/alchemlyb/perf/fsizes/32/0015_dhdl.part0002.xvg,142,1,1564200378.16983,1564200378.4267404
write,/scratch/hrlee/25200019/temp_project/alchemlyb/perf/fsizes/32/0005_dhdl.part0007.xvg,47,1,1564200377.9538631,1564200378.4351218
write,/scratch/hrlee/25200019/temp_project/alchemlyb/perf/fsizes/32/0006_dhdl.part0002.xvg,52,1,1564200377.9676347,1564200378.4354863
write,/scratch/hrlee/25200019/temp_project/alchemlyb/perf/fsizes/32/0014_dhdl.part0008.xvg,138,1,1564200378.1506057,1564200378.4549544
write,/scratch/hrlee/25200019/temp_project/alchemlyb/perf/fsizes/32/0014_dhdl.part0000.xvg,130,1,1564200378.145115,1564200378.457466
write,/scratch/hrlee/25200019/temp_project/alchemlyb/perf/fsizes/32/0002_dhdl.part0003.xvg,13,1,1564200377.9708548,1564200378.4847062
write,/scratch/hrlee/25200019/temp_project/alchemlyb/perf/fsizes/32/0007_dhdl.part0005.xvg,65,1,1564200378.1449625,1564200378.5137904
write,/scratch/hrlee/25200019/temp_project/alchemlyb/perf/fsizes/32/0001_dhdl.part0001.xvg,1,1,1564200377.9646435,1564200378.5182223
write,/scratch/hrlee/25200019/temp_project/alchemlyb/perf/fsizes/32/0015_dhdl.part0006.xvg,146,1,1564200378.179979,1564200378.5190938
write,/scratch/hrlee/25200019/temp_project/alchemlyb/perf/fsizes/32/0016_dhdl.part0002.xvg,152,1,1564200378.220397,1564200378.5590768
write,/scratch/hrlee/25200019/temp_project/alchemlyb/perf/fsizes/32/0003_dhdl.part0007.xvg,27,1,1564200377.9538593,1564200378.6007245
write,/scratch/hrlee/25200019/temp_project/alchemlyb/perf/fsizes/32/0013_dhdl.part0006.xvg,126,1,1564200378.1449008,1564200378.602097
write,/scratch/hrlee/25200019/temp_project/alchemlyb/perf/fsizes/32/0014_dhdl.part0002.xvg,132,1,1564200378.1448896,1564200378.6301053
write,/scratch/hrlee/25200019/temp_project/alchemlyb/perf/fsizes/32/0009_dhdl.part0005.xvg,85,1,1564200378.14489,1564200378.65927
write,/scratch/hrlee/25200019/temp_project/alchemlyb/perf/fsizes/32/0010_dhdl.part0003.xvg,93,1,1564200378.2880735,1564200378.7109005
write,/scratch/hrlee/25200019/temp_project/alchemlyb/perf/fsizes/32/0013_dhdl.part0008.xvg,128,1,1564200378.1587083,1564200378.749727
write,/scratch/hrlee/25200019/temp_project/alchemlyb/perf/fsizes/32/0010_dhdl.part0001.xvg,91,1,1564200377.9538257,1564200378.7774212
write,/scratch/hrlee/25200019/temp_project/alchemlyb/perf/fsizes/32/0013_dhdl.part0000.xvg,120,1,1564200378.1449473,1564200378.787507
write,/scratch/hrlee/25200019/temp_project/alchemlyb/perf/fsizes/32/0015_dhdl.part0004.xvg,144,1,1564200378.1751273,1564200378.8082035
write,/scratch/hrlee/25200019/temp_project/alchemlyb/perf/fsizes/32/0017_dhdl.part0000.xvg,160,1,1564200378.2457666,1564200378.8095746
write,/scratch/hrlee/25200019/temp_project/alchemlyb/perf/fsizes/32/0007_dhdl.part0002.xvg,62,1,1564200377.9588702,1564200378.820968
write,/scratch/hrlee/25200019/temp_project/alchemlyb/perf/fsizes/32/0015_dhdl.part0008.xvg,148,1,1564200378.1843574,1564200378.8689077
write,/scratch/hrlee/25200019/temp_project/alchemlyb/perf/fsizes/32/0013_dhdl.part0004.xvg,124,1,1564200378.14489,1564200378.883871
write,/scratch/hrlee/25200019/temp_project/alchemlyb/perf/fsizes/32/0015_dhdl.part0000.xvg,140,1,1564200378.143628,1564200378.9151447
write,/scratch/hrlee/25200019/temp_project/alchemlyb/perf/fsizes/32/0012_dhdl.part0007.xvg,117,1,1564200378.144947,1564200378.9172323
write,/scratch/hrlee/25200019/temp_project/alchemlyb/perf/fsizes/32/0007_dhdl.part0009.xvg,69,1,1564200378.259619,1564200378.9461002
write,/scratch/hrlee/25200019/temp_project/alchemlyb/perf/fsizes/32/0018_dhdl.part0004.xvg,174,1,1564200378.299918,1564200378.9550323
write,/scratch/hrlee/25200019/temp_project/alchemlyb/perf/fsizes/32/0017_dhdl.part0008.xvg,168,1,1564200378.2605705,1564200378.962943
write,/scratch/hrlee/25200019/temp_project/alchemlyb/perf/fsizes/32/0016_dhdl.part0004.xvg,154,1,1564200378.238815,1564200379.0176494
write,/scratch/hrlee/25200019/temp_project/alchemlyb/perf/fsizes/32/0016_dhdl.part0006.xvg,156,1,1564200378.2405329,1564200379.029732
write,/scratch/hrlee/25200019/temp_project/alchemlyb/perf/fsizes/32/0014_dhdl.part0004.xvg,134,1,1564200378.1449986,1564200379.0467315
write,/scratch/hrlee/25200019/temp_project/alchemlyb/perf/fsizes/32/0018_dhdl.part0001.xvg,171,1,1564200378.2953444,1564200379.051465
write,/scratch/hrlee/25200019/temp_project/alchemlyb/perf/fsizes/32/0006_dhdl.part0009.xvg,59,1,1564200377.9686399,1564200379.0543876
write,/scratch/hrlee/25200019/temp_project/alchemlyb/perf/fsizes/32/0009_dhdl.part0009.xvg,89,1,1564200378.1497407,1564200379.085593
write,/scratch/hrlee/25200019/temp_project/alchemlyb/perf/fsizes/32/0017_dhdl.part0006.xvg,166,1,1564200378.2599907,1564200379.0992785
write,/scratch/hrlee/25200019/temp_project/alchemlyb/perf/fsizes/32/0014_dhdl.part0006.xvg,136,1,1564200378.158397,1564200379.1735578
write,/scratch/hrlee/25200019/temp_project/alchemlyb/perf/fsizes/32/0021_dhdl.part0000.xvg,200,1,1564200378.4243495,1564200379.3419485
write,/scratch/hrlee/25200019/temp_project/alchemlyb/perf/fsizes/32/0021_dhdl.part0002.xvg,202,1,1564200378.4373145,1564200379.365482
write,/scratch/hrlee/25200019/temp_project/alchemlyb/perf/fsizes/32/0021_dhdl.part0004.xvg,204,1,1564200378.4877844,1564200379.4361515
write,/scratch/hrlee/25200019/temp_project/alchemlyb/perf/fsizes/32/0021_dhdl.part0006.xvg,206,1,1564200378.517354,1564200379.467793
write,/scratch/hrlee/25200019/temp_project/alchemlyb/perf/fsizes/32/0021_dhdl.part0008.xvg,208,1,1564200378.521756,1564200379.4724464
write,/scratch/hrlee/25200019/temp_project/alchemlyb/perf/fsizes/32/0022_dhdl.part0000.xvg,210,1,1564200378.6048856,1564200379.5528944
write,/scratch/hrlee/25200019/temp_project/alchemlyb/perf/fsizes/32/0022_dhdl.part0002.xvg,212,1,1564200378.6636572,1564200379.6057172
write,/scratch/hrlee/25200019/temp_project/alchemlyb/perf/fsizes/32/0022_dhdl.part0004.xvg,214,1,1564200378.715852,1564200379.6497464
write,/scratch/hrlee/25200019/temp_project/alchemlyb/perf/fsizes/32/0022_dhdl.part0006.xvg,216,1,1564200378.7825472,1564200379.7024035
write,/scratch/hrlee/25200019/temp_project/alchemlyb/perf/fsizes/32/0023_dhdl.part0000.xvg,220,1,1564200378.950593,1564200379.8519855
write,/scratch/hrlee/25200019/temp_project/alchemlyb/perf/fsizes/32/0022_dhdl.part0008.xvg,218,1,1564200378.9215262,1564200379.8535974
write,/scratch/hrlee/25200019/temp_project/alchemlyb/perf/fsizes/32/0023_dhdl.part0002.xvg,222,1,1564200379.055041,1564200379.9615695
write,/scratch/hrlee/25200019/temp_project/alchemlyb/perf/fsizes/32/0023_dhdl.part0004.xvg,224,1,1564200379.0581841,1564200379.965659
write,/scratch/hrlee/25200019/temp_project/alchemlyb/perf/fsizes/32/0023_dhdl.part0006.xvg,226,1,1564200379.0892608,1564200379.9998415
write,/scratch/hrlee/25200019/temp_project/alchemlyb/perf/fsizes/32/0021_dhdl.part0001.xvg,201,1,1564200379.3454702,1564200380.3127909
write,/scratch/hrlee/25200019/temp_project/alchemlyb/perf/fsizes/32/0021_dhdl.part0003.xvg,203,1,1564200379.368928,1564200380.3423965
write,/scratch/hrlee/25200019/temp_project/alchemlyb/perf/fsizes/32/0021_dhdl.part0005.xvg,205,1,1564200379.4394095,1564200380.4276989
write,/scratch/hrlee/25200019/temp_project/alchemlyb/perf/fsizes/32/0021_dhdl.part0007.xvg,207,1,1564200379.4714642,1564200380.4658296
write,/scratch/hrlee/25200019/temp_project/alchemlyb/perf/fsizes/32/0021_dhdl.part0009.xvg,209,1,1564200379.4757454,1564200380.47347
write,/scratch/hrlee/25200019/temp_project/alchemlyb/perf/fsizes/32/0022_dhdl.part0001.xvg,211,1,1564200379.556544,1564200380.566481
write,/scratch/hrlee/25200019/temp_project/alchemlyb/perf/fsizes/32/0022_dhdl.part0003.xvg,213,1,1564200379.609402,1564200380.6243968
write,/scratch/hrlee/25200019/temp_project/alchemlyb/perf/fsizes/32/0022_dhdl.part0005.xvg,215,1,1564200379.653732,1564200380.677122
write,/scratch/hrlee/25200019/temp_project/alchemlyb/perf/fsizes/32/0022_dhdl.part0007.xvg,217,1,1564200379.7061837,1564200380.7348592
write,/scratch/hrlee/25200019/temp_project/alchemlyb/perf/fsizes/32/0023_dhdl.part0001.xvg,221,1,1564200379.8561559,1564200380.9063883
write,/scratch/hrlee/25200019/temp_project/alchemlyb/perf/fsizes/32/0022_dhdl.part0009.xvg,219,1,1564200379.8596601,1564200380.9090464
write,/scratch/hrlee/25200019/temp_project/alchemlyb/perf/fsizes/32/0023_dhdl.part0003.xvg,223,1,1564200379.965727,1564200381.0257213
write,/scratch/hrlee/25200019/temp_project/alchemlyb/perf/fsizes/32/0023_dhdl.part0005.xvg,225,1,1564200379.969336,1564200381.0299258
write,/scratch/hrlee/25200019/temp_project/alchemlyb/perf/fsizes/32/0023_dhdl.part0007.xvg,227,1,1564200380.0038316,1564200381.1111014
write,/scratch/hrlee/25200019/temp_project/alchemlyb/perf/fsizes/32/0023_dhdl.part0008.xvg,228,1,1564200380.3171983,1564200382.5379236
write,/scratch/hrlee/25200019/temp_project/alchemlyb/perf/fsizes/32/0024_dhdl.part0000.xvg,230,1,1564200380.3468547,1564200382.6976638
write,/scratch/hrlee/25200019/temp_project/alchemlyb/perf/fsizes/32/0024_dhdl.part0002.xvg,232,1,1564200380.4321826,1564200383.0931582
write,/scratch/hrlee/25200019/temp_project/alchemlyb/perf/fsizes/32/0024_dhdl.part0004.xvg,234,1,1564200380.470066,1564200383.236476
write,/scratch/hrlee/25200019/temp_project/alchemlyb/perf/fsizes/32/0024_dhdl.part0006.xvg,236,1,1564200380.4774177,1564200383.265249
write,/scratch/hrlee/25200019/temp_project/alchemlyb/perf/fsizes/32/0024_dhdl.part0008.xvg,238,1,1564200380.5707402,1564200383.738151
write,/scratch/hrlee/25200019/temp_project/alchemlyb/perf/fsizes/32/0025_dhdl.part0000.xvg,240,1,1564200380.6286354,1564200383.9955502
write,/scratch/hrlee/25200019/temp_project/alchemlyb/perf/fsizes/32/0025_dhdl.part0002.xvg,242,1,1564200380.6816833,1564200384.216607
write,/scratch/hrlee/25200019/temp_project/alchemlyb/perf/fsizes/32/0025_dhdl.part0004.xvg,244,1,1564200380.739412,1564200384.5089314
write,/scratch/hrlee/25200019/temp_project/alchemlyb/perf/fsizes/32/0025_dhdl.part0006.xvg,246,1,1564200380.9107113,1564200385.275457
write,/scratch/hrlee/25200019/temp_project/alchemlyb/perf/fsizes/32/0025_dhdl.part0008.xvg,248,1,1564200380.9145484,1564200385.4209824
write,/scratch/hrlee/25200019/temp_project/alchemlyb/perf/fsizes/32/0026_dhdl.part0000.xvg,250,1,1564200381.0303817,1564200385.8307703
write,/scratch/hrlee/25200019/temp_project/alchemlyb/perf/fsizes/32/0026_dhdl.part0002.xvg,252,1,1564200381.0342839,1564200385.8611405
write,/scratch/hrlee/25200019/temp_project/alchemlyb/perf/fsizes/32/0014_dhdl.part0009.xvg,139,1,1564200381.092628,1564200385.9378045
write,/scratch/hrlee/25200019/temp_project/alchemlyb/perf/fsizes/32/0019_dhdl.part0004.xvg,184,1,1564200381.0907612,1564200385.9429655
write,/scratch/hrlee/25200019/temp_project/alchemlyb/perf/fsizes/32/0016_dhdl.part0001.xvg,151,1,1564200381.0935454,1564200385.9432182
write,/scratch/hrlee/25200019/temp_project/alchemlyb/perf/fsizes/32/0018_dhdl.part0006.xvg,176,1,1564200381.0923045,1564200385.9457936
write,/scratch/hrlee/25200019/temp_project/alchemlyb/perf/fsizes/32/0019_dhdl.part0000.xvg,180,1,1564200381.0929134,1564200385.9460855
write,/scratch/hrlee/25200019/temp_project/alchemlyb/perf/fsizes/32/0016_dhdl.part0009.xvg,159,1,1564200381.0932257,1564200385.9464033
write,/scratch/hrlee/25200019/temp_project/alchemlyb/perf/fsizes/32/0020_dhdl.part0004.xvg,194,1,1564200381.093847,1564200385.9582918
write,/scratch/hrlee/25200019/temp_project/alchemlyb/perf/fsizes/32/0013_dhdl.part0009.xvg,129,1,1564200381.0941465,1564200385.959815
write,/scratch/hrlee/25200019/temp_project/alchemlyb/perf/fsizes/32/0018_dhdl.part0003.xvg,173,1,1564200381.094784,1564200385.9617882
write,/scratch/hrlee/25200019/temp_project/alchemlyb/perf/fsizes/32/0017_dhdl.part0003.xvg,163,1,1564200381.0914035,1564200385.9633727
write,/scratch/hrlee/25200019/temp_project/alchemlyb/perf/fsizes/32/0006_dhdl.part0007.xvg,57,1,1564200381.0953877,1564200385.9684725
write,/scratch/hrlee/25200019/temp_project/alchemlyb/perf/fsizes/32/0015_dhdl.part0009.xvg,149,1,1564200381.097174,1564200385.9700656
write,/scratch/hrlee/25200019/temp_project/alchemlyb/perf/fsizes/32/0019_dhdl.part0002.xvg,182,1,1564200381.0977533,1564200385.970697
write,/scratch/hrlee/25200019/temp_project/alchemlyb/perf/fsizes/32/0018_dhdl.part0005.xvg,175,1,1564200381.0984323,1564200385.9710348
write,/scratch/hrlee/25200019/temp_project/alchemlyb/perf/fsizes/32/0006_dhdl.part0003.xvg,53,1,1564200381.097424,1564200385.9714017
write,/scratch/hrlee/25200019/temp_project/alchemlyb/perf/fsizes/32/0020_dhdl.part0008.xvg,198,1,1564200381.0980515,1564200385.97332
write,/scratch/hrlee/25200019/temp_project/alchemlyb/perf/fsizes/32/0015_dhdl.part0001.xvg,141,1,1564200381.0984907,1564200385.9739137
write,/scratch/hrlee/25200019/temp_project/alchemlyb/perf/fsizes/32/0020_dhdl.part0006.xvg,196,1,1564200381.0977225,1564200385.9780397
write,/scratch/hrlee/25200019/temp_project/alchemlyb/perf/fsizes/32/0013_dhdl.part0003.xvg,123,1,1564200381.091642,1564200385.9865084
write,/scratch/hrlee/25200019/temp_project/alchemlyb/perf/fsizes/32/0011_dhdl.part0001.xvg,101,1,1564200381.1039548,1564200385.9913375
write,/scratch/hrlee/25200019/temp_project/alchemlyb/perf/fsizes/32/0014_dhdl.part0007.xvg,137,1,1564200381.0995169,1564200385.9916995
write,/scratch/hrlee/25200019/temp_project/alchemlyb/perf/fsizes/32/0016_dhdl.part0005.xvg,155,1,1564200381.0991166,1564200385.9919488
write,/scratch/hrlee/25200019/temp_project/alchemlyb/perf/fsizes/32/0014_dhdl.part0005.xvg,135,1,1564200381.107658,1564200385.9926016
write,/scratch/hrlee/25200019/temp_project/alchemlyb/perf/fsizes/32/0008_dhdl.part0001.xvg,71,1,1564200381.091986,1564200385.9929366
write,/scratch/hrlee/25200019/temp_project/alchemlyb/perf/fsizes/32/0013_dhdl.part0007.xvg,127,1,1564200381.1000314,1564200385.9932814
write,/scratch/hrlee/25200019/temp_project/alchemlyb/perf/fsizes/32/0011_dhdl.part0003.xvg,103,1,1564200381.0944538,1564200385.9936223
write,/scratch/hrlee/25200019/temp_project/alchemlyb/perf/fsizes/32/0009_dhdl.part0007.xvg,87,1,1564200381.0904768,1564200385.9946048
write,/scratch/hrlee/25200019/temp_project/alchemlyb/perf/fsizes/32/0016_dhdl.part0003.xvg,153,1,1564200381.1021364,1564200385.9949012
write,/scratch/hrlee/25200019/temp_project/alchemlyb/perf/fsizes/32/0013_dhdl.part0005.xvg,125,1,1564200381.095399,1564200385.995222
write,/scratch/hrlee/25200019/temp_project/alchemlyb/perf/fsizes/32/0014_dhdl.part0001.xvg,131,1,1564200381.1064522,1564200385.9955504
write,/scratch/hrlee/25200019/temp_project/alchemlyb/perf/fsizes/32/0015_dhdl.part0005.xvg,145,1,1564200381.1122253,1564200385.9958313
write,/scratch/hrlee/25200019/temp_project/alchemlyb/perf/fsizes/32/0007_dhdl.part0003.xvg,63,1,1564200381.1115193,1564200385.9961777
write,/scratch/hrlee/25200019/temp_project/alchemlyb/perf/fsizes/32/0017_dhdl.part0001.xvg,161,1,1564200381.1128325,1564200385.996819
write,/scratch/hrlee/25200019/temp_project/alchemlyb/perf/fsizes/32/0018_dhdl.part0008.xvg,178,1,1564200381.1003559,1564200385.9971747
write,/scratch/hrlee/25200019/temp_project/alchemlyb/perf/fsizes/32/0015_dhdl.part0003.xvg,143,1,1564200381.1066055,1564200385.9974809
write,/scratch/hrlee/25200019/temp_project/alchemlyb/perf/fsizes/32/0014_dhdl.part0003.xvg,133,1,1564200381.1050444,1564200385.9977946
write,/scratch/hrlee/25200019/temp_project/alchemlyb/perf/fsizes/32/0016_dhdl.part0007.xvg,157,1,1564200381.1064918,1564200385.998448
write,/scratch/hrlee/25200019/temp_project/alchemlyb/perf/fsizes/32/0013_dhdl.part0001.xvg,121,1,1564200381.1036422,1564200385.9990952
write,/scratch/hrlee/25200019/temp_project/alchemlyb/perf/fsizes/32/0015_dhdl.part0007.xvg,147,1,1564200381.0960057,1564200386.0010624
write,/scratch/hrlee/25200019/temp_project/alchemlyb/perf/fsizes/32/0017_dhdl.part0009.xvg,169,1,1564200381.1131253,1564200386.0020487
write,/scratch/hrlee/25200019/temp_project/alchemlyb/perf/fsizes/32/0019_dhdl.part0008.xvg,188,1,1564200381.1115966,1564200386.0023923
write,/scratch/hrlee/25200019/temp_project/alchemlyb/perf/fsizes/32/0019_dhdl.part0006.xvg,186,1,1564200381.0981636,1564200386.002628
write,/scratch/hrlee/25200019/temp_project/alchemlyb/perf/fsizes/32/0017_dhdl.part0005.xvg,165,1,1564200381.1106782,1564200386.0030458
write,/scratch/hrlee/25200019/temp_project/alchemlyb/perf/fsizes/32/0017_dhdl.part0007.xvg,167,1,1564200381.10189,1564200386.0033228
write,/scratch/hrlee/25200019/temp_project/alchemlyb/perf/fsizes/32/0026_dhdl.part0004.xvg,254,1,1564200381.115815,1564200386.0046659
write,/scratch/hrlee/25200019/temp_project/alchemlyb/perf/fsizes/32/0020_dhdl.part0000.xvg,190,1,1564200381.097899,1564200386.004964
write,/scratch/hrlee/25200019/temp_project/alchemlyb/perf/fsizes/32/0020_dhdl.part0002.xvg,192,1,1564200381.1123948,1564200386.0056074
write,/scratch/hrlee/25200019/temp_project/alchemlyb/perf/fsizes/32/0023_dhdl.part0009.xvg,229,1,1564200382.5627337,1564200386.8320732
write,/scratch/hrlee/25200019/temp_project/alchemlyb/perf/fsizes/32/0024_dhdl.part0001.xvg,231,1,1564200382.7167857,1564200386.9237297
write,/scratch/hrlee/25200019/temp_project/alchemlyb/perf/fsizes/32/0024_dhdl.part0003.xvg,233,1,1564200383.112211,1564200387.1516716
write,/scratch/hrlee/25200019/temp_project/alchemlyb/perf/fsizes/32/0024_dhdl.part0005.xvg,235,1,1564200383.2554681,1564200387.23253
write,/scratch/hrlee/25200019/temp_project/alchemlyb/perf/fsizes/32/0024_dhdl.part0007.xvg,237,1,1564200383.284045,1564200387.24845
write,/scratch/hrlee/25200019/temp_project/alchemlyb/perf/fsizes/32/0024_dhdl.part0009.xvg,239,1,1564200383.7573612,1564200387.4936562
write,/scratch/hrlee/25200019/temp_project/alchemlyb/perf/fsizes/32/0025_dhdl.part0001.xvg,241,1,1564200384.0147948,1564200387.6250498
write,/scratch/hrlee/25200019/temp_project/alchemlyb/perf/fsizes/32/0025_dhdl.part0003.xvg,243,1,1564200384.2358682,1564200387.730817
write,/scratch/hrlee/25200019/temp_project/alchemlyb/perf/fsizes/32/0025_dhdl.part0005.xvg,245,1,1564200384.528185,1564200387.8685849
write,/scratch/hrlee/25200019/temp_project/alchemlyb/perf/fsizes/32/0025_dhdl.part0007.xvg,247,1,1564200385.2947257,1564200388.2108736
write,/scratch/hrlee/25200019/temp_project/alchemlyb/perf/fsizes/32/0025_dhdl.part0009.xvg,249,1,1564200385.440257,1564200388.2736516
write,/scratch/hrlee/25200019/temp_project/alchemlyb/perf/fsizes/32/0026_dhdl.part0001.xvg,251,1,1564200385.8500426,1564200388.4456377
write,/scratch/hrlee/25200019/temp_project/alchemlyb/perf/fsizes/32/0026_dhdl.part0003.xvg,253,1,1564200385.8800914,1564200388.4567714
write,/scratch/hrlee/25200019/temp_project/alchemlyb/perf/fsizes/32/0026_dhdl.part0006.xvg,256,1,1564200385.9575093,1564200388.4883559
write,/scratch/hrlee/25200019/temp_project/alchemlyb/perf/fsizes/32/0026_dhdl.part0008.xvg,258,1,1564200385.9750936,1564200388.496927
write,/scratch/hrlee/25200019/temp_project/alchemlyb/perf/fsizes/32/0027_dhdl.part0000.xvg,260,1,1564200385.989515,1564200388.5033393
write,/scratch/hrlee/25200019/temp_project/alchemlyb/perf/fsizes/32/0027_dhdl.part0002.xvg,262,1,1564200386.003841,1564200388.5177183
write,/scratch/hrlee/25200019/temp_project/alchemlyb/perf/fsizes/32/0027_dhdl.part0004.xvg,264,1,1564200386.0103433,1564200388.5269833
write,/scratch/hrlee/25200019/temp_project/alchemlyb/perf/fsizes/32/0027_dhdl.part0006.xvg,266,1,1564200386.0158746,1564200388.5326846
write,/scratch/hrlee/25200019/temp_project/alchemlyb/perf/fsizes/32/0027_dhdl.part0008.xvg,268,1,1564200386.0217562,1564200388.5393515
write,/scratch/hrlee/25200019/temp_project/alchemlyb/perf/fsizes/32/0028_dhdl.part0000.xvg,270,1,1564200386.0276089,1564200388.5461044
write,/scratch/hrlee/25200019/temp_project/alchemlyb/perf/fsizes/32/0028_dhdl.part0002.xvg,272,1,1564200386.0338855,1564200388.552468
write,/scratch/hrlee/25200019/temp_project/alchemlyb/perf/fsizes/32/0028_dhdl.part0004.xvg,274,1,1564200386.0402455,1564200388.5588145
write,/scratch/hrlee/25200019/temp_project/alchemlyb/perf/fsizes/32/0028_dhdl.part0006.xvg,276,1,1564200386.0474083,1564200388.564908
write,/scratch/hrlee/25200019/temp_project/alchemlyb/perf/fsizes/32/0028_dhdl.part0008.xvg,278,1,1564200386.05488,1564200388.571265
write,/scratch/hrlee/25200019/temp_project/alchemlyb/perf/fsizes/32/0029_dhdl.part0000.xvg,280,1,1564200386.0627024,1564200388.576934
write,/scratch/hrlee/25200019/temp_project/alchemlyb/perf/fsizes/32/0029_dhdl.part0002.xvg,282,1,1564200386.0707808,1564200388.5826604
write,/scratch/hrlee/25200019/temp_project/alchemlyb/perf/fsizes/32/0029_dhdl.part0004.xvg,284,1,1564200386.0792346,1564200388.5891056
write,/scratch/hrlee/25200019/temp_project/alchemlyb/perf/fsizes/32/0029_dhdl.part0006.xvg,286,1,1564200386.088019,1564200388.596084
write,/scratch/hrlee/25200019/temp_project/alchemlyb/perf/fsizes/32/0029_dhdl.part0008.xvg,288,1,1564200386.0971503,1564200388.6021452
write,/scratch/hrlee/25200019/temp_project/alchemlyb/perf/fsizes/32/0030_dhdl.part0000.xvg,290,1,1564200386.1065192,1564200388.6085615
write,/scratch/hrlee/25200019/temp_project/alchemlyb/perf/fsizes/32/0030_dhdl.part0002.xvg,292,1,1564200386.1162784,1564200388.614905
write,/scratch/hrlee/25200019/temp_project/alchemlyb/perf/fsizes/32/0030_dhdl.part0004.xvg,294,1,1564200386.1263227,1564200388.620985
write,/scratch/hrlee/25200019/temp_project/alchemlyb/perf/fsizes/32/0030_dhdl.part0006.xvg,296,1,1564200386.1367223,1564200388.6273308
write,/scratch/hrlee/25200019/temp_project/alchemlyb/perf/fsizes/32/0030_dhdl.part0008.xvg,298,1,1564200386.1474447,1564200388.6308646
write,/scratch/hrlee/25200019/temp_project/alchemlyb/perf/fsizes/32/0026_dhdl.part0005.xvg,255,1,1564200386.1584613,1564200388.6356602
write,/scratch/hrlee/25200019/temp_project/alchemlyb/perf/fsizes/32/0026_dhdl.part0007.xvg,257,1,1564200388.4958243,1564200390.325318
write,/scratch/hrlee/25200019/temp_project/alchemlyb/perf/fsizes/32/0026_dhdl.part0009.xvg,259,1,1564200388.504205,1564200390.3307562
write,/scratch/hrlee/25200019/temp_project/alchemlyb/perf/fsizes/32/0027_dhdl.part0005.xvg,265,1,1564200388.5340965,1564200390.339083
write,/scratch/hrlee/25200019/temp_project/alchemlyb/perf/fsizes/32/0027_dhdl.part0001.xvg,261,1,1564200388.5108082,1564200390.3513806
write,/scratch/hrlee/25200019/temp_project/alchemlyb/perf/fsizes/32/0027_dhdl.part0003.xvg,263,1,1564200388.5248382,1564200390.3584335
write,/scratch/hrlee/25200019/temp_project/alchemlyb/perf/fsizes/32/0027_dhdl.part0007.xvg,267,1,1564200388.5407605,1564200390.3606195
write,/scratch/hrlee/25200019/temp_project/alchemlyb/perf/fsizes/32/0028_dhdl.part0003.xvg,273,1,1564200388.560818,1564200390.3667097
write,/scratch/hrlee/25200019/temp_project/alchemlyb/perf/fsizes/32/0027_dhdl.part0009.xvg,269,1,1564200388.5475168,1564200390.3705604
write,/scratch/hrlee/25200019/temp_project/alchemlyb/perf/fsizes/32/0028_dhdl.part0001.xvg,271,1,1564200388.5542133,1564200390.3773181
write,/scratch/hrlee/25200019/temp_project/alchemlyb/perf/fsizes/32/0028_dhdl.part0007.xvg,277,1,1564200388.574274,1564200390.3891869
write,/scratch/hrlee/25200019/temp_project/alchemlyb/perf/fsizes/32/0028_dhdl.part0009.xvg,279,1,1564200388.5809758,1564200390.3920493
write,/scratch/hrlee/25200019/temp_project/alchemlyb/perf/fsizes/32/0028_dhdl.part0005.xvg,275,1,1564200388.5676293,1564200390.394728
write,/scratch/hrlee/25200019/temp_project/alchemlyb/perf/fsizes/32/0029_dhdl.part0001.xvg,281,1,1564200388.587687,1564200390.39656
write,/scratch/hrlee/25200019/temp_project/alchemlyb/perf/fsizes/32/0029_dhdl.part0005.xvg,285,1,1564200388.6010673,1564200390.4023378
write,/scratch/hrlee/25200019/temp_project/alchemlyb/perf/fsizes/32/0029_dhdl.part0003.xvg,283,1,1564200388.5943327,1564200390.4046772
write,/scratch/hrlee/25200019/temp_project/alchemlyb/perf/fsizes/32/0029_dhdl.part0007.xvg,287,1,1564200388.6077294,1564200390.4065552
write,/scratch/hrlee/25200019/temp_project/alchemlyb/perf/fsizes/32/0030_dhdl.part0005.xvg,295,1,1564200388.6274712,1564200390.407136
write,/scratch/hrlee/25200019/temp_project/alchemlyb/perf/fsizes/32/0029_dhdl.part0009.xvg,289,1,1564200388.6144204,1564200390.4088295
write,/scratch/hrlee/25200019/temp_project/alchemlyb/perf/fsizes/32/0030_dhdl.part0001.xvg,291,1,1564200388.6212308,1564200390.409397
write,/scratch/hrlee/25200019/temp_project/alchemlyb/perf/fsizes/32/0030_dhdl.part0007.xvg,297,1,1564200388.640263,1564200390.4100237
write,/scratch/hrlee/25200019/temp_project/alchemlyb/perf/fsizes/32/0030_dhdl.part0009.xvg,299,1,1564200388.6466594,1564200390.410678
write,/scratch/hrlee/25200019/temp_project/alchemlyb/perf/fsizes/32/0030_dhdl.part0003.xvg,293,1,1564200388.6338787,1564200390.4109962
write,/scratch/hrlee/25200019/temp_project/alchemlyb/perf/fsizes/32/0018_dhdl.part0007.xvg,177,1,1564200393.8703518,1564200393.905151
write,/scratch/hrlee/25200019/temp_project/alchemlyb/perf/fsizes/32/0020_dhdl.part0003.xvg,193,1,1564200393.870354,1564200393.905152
write,/scratch/hrlee/25200019/temp_project/alchemlyb/perf/fsizes/32/0020_dhdl.part0009.xvg,199,1,1564200393.8703485,1564200393.905151
write,/scratch/hrlee/25200019/temp_project/alchemlyb/perf/fsizes/32/0019_dhdl.part0009.xvg,189,1,1564200393.8703532,1564200393.9052088
write,/scratch/hrlee/25200019/temp_project/alchemlyb/perf/fsizes/32/0018_dhdl.part0009.xvg,179,1,1564200393.8703485,1564200393.9053197
write,/scratch/hrlee/25200019/temp_project/alchemlyb/perf/fsizes/32/0020_dhdl.part0001.xvg,191,1,1564200393.8703592,1564200393.9055903
write,/scratch/hrlee/25200019/temp_project/alchemlyb/perf/fsizes/32/0019_dhdl.part0001.xvg,181,1,1564200393.8703485,1564200393.9056869
write,/scratch/hrlee/25200019/temp_project/alchemlyb/perf/fsizes/32/0020_dhdl.part0005.xvg,195,1,1564200393.870459,1564200393.9083633
write,/scratch/hrlee/25200019/temp_project/alchemlyb/perf/fsizes/32/0020_dhdl.part0007.xvg,197,1,1564200393.870353,1564200393.9101844
write,/scratch/hrlee/25200019/temp_project/alchemlyb/perf/fsizes/32/0019_dhdl.part0005.xvg,185,1,1564200393.8704524,1564200393.912252
write,/scratch/hrlee/25200019/temp_project/alchemlyb/perf/fsizes/32/0019_dhdl.part0007.xvg,187,1,1564200393.8703518,1564200393.9161406
write,/scratch/hrlee/25200019/temp_project/alchemlyb/perf/fsizes/32/0019_dhdl.part0003.xvg,183,1,1564200393.8704581,1564200393.920737
read,/scratch/hrlee/25200019/temp_project/alchemlyb/perf/fsizes/32/0002_dhdl.part0002.xvg,12,1,1564200395.0213215,1564200395.0979297
read,/scratch/hrlee/25200019/temp_project/alchemlyb/perf/fsizes/32/0001_dhdl.part0002.xvg,2,1,1564200395.0208125,1564200395.1023266
read,/scratch/hrlee/25200019/temp_project/alchemlyb/perf/fsizes/32/0002_dhdl.part0006.xvg,16,1,1564200395.0215259,1564200395.1025186
read,/scratch/hrlee/25200019/temp_project/alchemlyb/perf/fsizes/32/0001_dhdl.part0008.xvg,8,1,1564200395.021148,1564200395.1176805
read,/scratch/hrlee/25200019/temp_project/alchemlyb/perf/fsizes/32/0002_dhdl.part0004.xvg,14,1,1564200395.0214071,1564200395.1027653
read,/scratch/hrlee/25200019/temp_project/alchemlyb/perf/fsizes/32/0003_dhdl.part0006.xvg,26,1,1564200395.022004,1564200395.1032753
read,/scratch/hrlee/25200019/temp_project/alchemlyb/perf/fsizes/32/0004_dhdl.part0000.xvg,30,1,1564200395.0221937,1564200395.1032784
read,/scratch/hrlee/25200019/temp_project/alchemlyb/perf/fsizes/32/0004_dhdl.part0004.xvg,34,1,1564200395.0224261,1564200395.103552
read,/scratch/hrlee/25200019/temp_project/alchemlyb/perf/fsizes/32/0004_dhdl.part0006.xvg,36,1,1564200395.0225139,1564200395.1036859
read,/scratch/hrlee/25200019/temp_project/alchemlyb/perf/fsizes/32/0005_dhdl.part0000.xvg,40,1,1564200395.0227673,1564200395.1037025
read,/scratch/hrlee/25200019/temp_project/alchemlyb/perf/fsizes/32/0003_dhdl.part0002.xvg,22,1,1564200395.0217977,1564200395.103195
read,/scratch/hrlee/25200019/temp_project/alchemlyb/perf/fsizes/32/0002_dhdl.part0000.xvg,10,1,1564200395.0212245,1564200395.1097999
read,/scratch/hrlee/25200019/temp_project/alchemlyb/perf/fsizes/32/0001_dhdl.part0000.xvg,0,1,1564200395.0207496,1564200395.110779
read,/scratch/hrlee/25200019/temp_project/alchemlyb/perf/fsizes/32/0003_dhdl.part0004.xvg,24,1,1564200395.021922,1564200395.11088
read,/scratch/hrlee/25200019/temp_project/alchemlyb/perf/fsizes/32/0003_dhdl.part0000.xvg,20,1,1564200395.021726,1564200395.1124074
read,/scratch/hrlee/25200019/temp_project/alchemlyb/perf/fsizes/32/0004_dhdl.part0002.xvg,32,1,1564200395.0223515,1564200395.1157146
read,/scratch/hrlee/25200019/temp_project/alchemlyb/perf/fsizes/32/0005_dhdl.part0006.xvg,46,1,1564200395.0326471,1564200395.1352458
read,/scratch/hrlee/25200019/temp_project/alchemlyb/perf/fsizes/32/0004_dhdl.part0008.xvg,38,1,1564200395.0227222,1564200395.1403964
read,/scratch/hrlee/25200019/temp_project/alchemlyb/perf/fsizes/32/0002_dhdl.part0007.xvg,17,1,1564200395.1195376,1564200395.2027926
read,/scratch/hrlee/25200019/temp_project/alchemlyb/perf/fsizes/32/0001_dhdl.part0004.xvg,4,1,1564200395.020942,1564200395.2018616
read,/scratch/hrlee/25200019/temp_project/alchemlyb/perf/fsizes/32/0007_dhdl.part0000.xvg,60,1,1564200395.045944,1564200395.208147
read,/scratch/hrlee/25200019/temp_project/alchemlyb/perf/fsizes/32/0009_dhdl.part0002.xvg,82,1,1564200395.0640898,1564200395.2187424
read,/scratch/hrlee/25200019/temp_project/alchemlyb/perf/fsizes/32/0003_dhdl.part0008.xvg,28,1,1564200395.0221305,1564200395.2309246
read,/scratch/hrlee/25200019/temp_project/alchemlyb/perf/fsizes/32/0006_dhdl.part0002.xvg,52,1,1564200395.0396886,1564200395.2420657
read,/scratch/hrlee/25200019/temp_project/alchemlyb/perf/fsizes/32/0001_dhdl.part0006.xvg,6,1,1564200395.0210128,1564200395.260417
read,/scratch/hrlee/25200019/temp_project/alchemlyb/perf/fsizes/32/0007_dhdl.part0008.xvg,68,1,1564200395.0529413,1564200395.250315
read,/scratch/hrlee/25200019/temp_project/alchemlyb/perf/fsizes/32/0008_dhdl.part0000.xvg,70,1,1564200395.0533822,1564200395.2639997
read,/scratch/hrlee/25200019/temp_project/alchemlyb/perf/fsizes/32/0007_dhdl.part0004.xvg,64,1,1564200395.0505962,1564200395.264816
read,/scratch/hrlee/25200019/temp_project/alchemlyb/perf/fsizes/32/0011_dhdl.part0006.xvg,106,1,1564200395.0980277,1564200395.268216
read,/scratch/hrlee/25200019/temp_project/alchemlyb/perf/fsizes/32/0006_dhdl.part0008.xvg,58,1,1564200395.0456922,1564200395.2687647
read,/scratch/hrlee/25200019/temp_project/alchemlyb/perf/fsizes/32/0002_dhdl.part0008.xvg,18,1,1564200395.0215876,1564200395.2712028
read,/scratch/hrlee/25200019/temp_project/alchemlyb/perf/fsizes/32/0010_dhdl.part0004.xvg,94,1,1564200395.0737221,1564200395.271769
read,/scratch/hrlee/25200019/temp_project/alchemlyb/perf/fsizes/32/0011_dhdl.part0004.xvg,104,1,1564200395.0925777,1564200395.2850823
read,/scratch/hrlee/25200019/temp_project/alchemlyb/perf/fsizes/32/0008_dhdl.part0004.xvg,74,1,1564200395.0577724,1564200395.2789438
read,/scratch/hrlee/25200019/temp_project/alchemlyb/perf/fsizes/32/0003_dhdl.part0007.xvg,27,1,1564200395.1196437,1564200395.2895544
read,/scratch/hrlee/25200019/temp_project/alchemlyb/perf/fsizes/32/0011_dhdl.part0000.xvg,100,1,1564200395.088057,1564200395.2890973
read,/scratch/hrlee/25200019/temp_project/alchemlyb/perf/fsizes/32/0008_dhdl.part0008.xvg,78,1,1564200395.062771,1564200395.2899463
read,/scratch/hrlee/25200019/temp_project/alchemlyb/perf/fsizes/32/0004_dhdl.part0005.xvg,35,1,1564200395.1196437,1564200395.2918959
read,/scratch/hrlee/25200019/temp_project/alchemlyb/perf/fsizes/32/0009_dhdl.part0004.xvg,84,1,1564200395.0645385,1564200395.2890513
read,/scratch/hrlee/25200019/temp_project/alchemlyb/perf/fsizes/32/0001_dhdl.part0005.xvg,5,1,1564200395.2037597,1564200395.2978656
read,/scratch/hrlee/25200019/temp_project/alchemlyb/perf/fsizes/32/0001_dhdl.part0009.xvg,9,1,1564200395.1195376,1564200395.2994711
read,/scratch/hrlee/25200019/temp_project/alchemlyb/perf/fsizes/32/0013_dhdl.part0000.xvg,120,1,1564200395.204153,1564200395.2998633
read,/scratch/hrlee/25200019/temp_project/alchemlyb/perf/fsizes/32/0008_dhdl.part0002.xvg,72,1,1564200395.0577738,1564200395.3006232
read,/scratch/hrlee/25200019/temp_project/alchemlyb/perf/fsizes/32/0007_dhdl.part0001.xvg,61,1,1564200395.2092466,1564200395.3019147
read,/scratch/hrlee/25200019/temp_project/alchemlyb/perf/fsizes/32/0006_dhdl.part0000.xvg,50,1,1564200395.0396929,1564200395.301923
read,/scratch/hrlee/25200019/temp_project/alchemlyb/perf/fsizes/32/0002_dhdl.part0001.xvg,11,1,1564200395.1287773,1564200395.3056245
read,/scratch/hrlee/25200019/temp_project/alchemlyb/perf/fsizes/32/0012_dhdl.part0004.xvg,114,1,1564200395.0979722,1564200395.3071887
read,/scratch/hrlee/25200019/temp_project/alchemlyb/perf/fsizes/32/0011_dhdl.part0008.xvg,108,1,1564200395.095483,1564200395.296554
read,/scratch/hrlee/25200019/temp_project/alchemlyb/perf/fsizes/32/0001_dhdl.part0003.xvg,3,1,1564200395.1183982,1564200395.3191404
read,/scratch/hrlee/25200019/temp_project/alchemlyb/perf/fsizes/32/0004_dhdl.part0009.xvg,39,1,1564200395.14225,1564200395.3220232
read,/scratch/hrlee/25200019/temp_project/alchemlyb/perf/fsizes/32/0010_dhdl.part0002.xvg,92,1,1564200395.0729852,1564200395.323861
read,/scratch/hrlee/25200019/temp_project/alchemlyb/perf/fsizes/32/0009_dhdl.part0008.xvg,88,1,1564200395.0655928,1564200395.3252683
read,/scratch/hrlee/25200019/temp_project/alchemlyb/perf/fsizes/32/0005_dhdl.part0004.xvg,44,1,1564200395.0326242,1564200395.3263843
read,/scratch/hrlee/25200019/temp_project/alchemlyb/perf/fsizes/32/0009_dhdl.part0003.xvg,83,1,1564200395.220068,1564200395.3290038
read,/scratch/hrlee/25200019/temp_project/alchemlyb/perf/fsizes/32/0009_dhdl.part0000.xvg,80,1,1564200395.064019,1564200395.3317049
read,/scratch/hrlee/25200019/temp_project/alchemlyb/perf/fsizes/32/0010_dhdl.part0000.xvg,90,1,1564200395.0660074,1564200395.3331013
read,/scratch/hrlee/25200019/temp_project/alchemlyb/perf/fsizes/32/0007_dhdl.part0002.xvg,62,1,1564200395.0507126,1564200395.3337126
read,/scratch/hrlee/25200019/temp_project/alchemlyb/perf/fsizes/32/0011_dhdl.part0002.xvg,102,1,1564200395.0925918,1564200395.3340213
read,/scratch/hrlee/25200019/temp_project/alchemlyb/perf/fsizes/32/0009_dhdl.part0006.xvg,86,1,1564200395.0651698,1564200395.3359363
read,/scratch/hrlee/25200019/temp_project/alchemlyb/perf/fsizes/32/0006_dhdl.part0006.xvg,56,1,1564200395.0456922,1564200395.338533
read,/scratch/hrlee/25200019/temp_project/alchemlyb/perf/fsizes/32/0005_dhdl.part0002.xvg,42,1,1564200395.0327156,1564200395.339375
read,/scratch/hrlee/25200019/temp_project/alchemlyb/perf/fsizes/32/0010_dhdl.part0008.xvg,98,1,1564200395.0832484,1564200395.3406327
read,/scratch/hrlee/25200019/temp_project/alchemlyb/perf/fsizes/32/0004_dhdl.part0007.xvg,37,1,1564200395.122,1564200395.3412762
read,/scratch/hrlee/25200019/temp_project/alchemlyb/perf/fsizes/32/0005_dhdl.part0001.xvg,41,1,1564200395.1220005,1564200395.3421757
read,/scratch/hrlee/25200019/temp_project/alchemlyb/perf/fsizes/32/0005_dhdl.part0008.xvg,48,1,1564200395.032768,1564200395.3441868
read,/scratch/hrlee/25200019/temp_project/alchemlyb/perf/fsizes/32/0004_dhdl.part0003.xvg,33,1,1564200395.1294355,1564200395.3425033
read,/scratch/hrlee/25200019/temp_project/alchemlyb/perf/fsizes/32/0002_dhdl.part0005.xvg,15,1,1564200395.1196437,1564200395.3479688
read,/scratch/hrlee/25200019/temp_project/alchemlyb/perf/fsizes/32/0004_dhdl.part0001.xvg,31,1,1564200395.1196437,1564200395.3520634
read,/scratch/hrlee/25200019/temp_project/alchemlyb/perf/fsizes/32/0003_dhdl.part0003.xvg,23,1,1564200395.123311,1564200395.3415186
read,/scratch/hrlee/25200019/temp_project/alchemlyb/perf/fsizes/32/0012_dhdl.part0006.xvg,116,1,1564200395.0995538,1564200395.358192
read,/scratch/hrlee/25200019/temp_project/alchemlyb/perf/fsizes/32/0008_dhdl.part0006.xvg,76,1,1564200395.0579288,1564200395.3520637
read,/scratch/hrlee/25200019/temp_project/alchemlyb/perf/fsizes/32/0012_dhdl.part0008.xvg,118,1,1564200395.11155,1564200395.3616147
read,/scratch/hrlee/25200019/temp_project/alchemlyb/perf/fsizes/32/0011_dhdl.part0005.xvg,105,1,1564200395.2862659,1564200395.3625288
read,/scratch/hrlee/25200019/temp_project/alchemlyb/perf/fsizes/32/0003_dhdl.part0005.xvg,25,1,1564200395.1287773,1564200395.3699768
read,/scratch/hrlee/25200019/temp_project/alchemlyb/perf/fsizes/32/0003_dhdl.part0001.xvg,21,1,1564200395.1290236,1564200395.3701155
read,/scratch/hrlee/25200019/temp_project/alchemlyb/perf/fsizes/32/0007_dhdl.part0006.xvg,66,1,1564200395.0506368,1564200395.3644178
read,/scratch/hrlee/25200019/temp_project/alchemlyb/perf/fsizes/32/0012_dhdl.part0002.xvg,112,1,1564200395.0976028,1564200395.3760226
read,/scratch/hrlee/25200019/temp_project/alchemlyb/perf/fsizes/32/0013_dhdl.part0001.xvg,121,1,1564200395.3007157,1564200395.3839464
read,/scratch/hrlee/25200019/temp_project/alchemlyb/perf/fsizes/32/0005_dhdl.part0007.xvg,47,1,1564200395.1364062,1564200395.3842375
read,/scratch/hrlee/25200019/temp_project/alchemlyb/perf/fsizes/32/0006_dhdl.part0004.xvg,54,1,1564200395.0398746,1564200395.390696
read,/scratch/hrlee/25200019/temp_project/alchemlyb/perf/fsizes/32/0013_dhdl.part0006.xvg,126,1,1564200395.2994654,1564200395.3926742
read,/scratch/hrlee/25200019/temp_project/alchemlyb/perf/fsizes/32/0012_dhdl.part0000.xvg,110,1,1564200395.0976028,1564200395.3939545
read,/scratch/hrlee/25200019/temp_project/alchemlyb/perf/fsizes/32/0010_dhdl.part0006.xvg,96,1,1564200395.0779114,1564200395.3969314
read,/scratch/hrlee/25200019/temp_project/alchemlyb/perf/fsizes/32/0001_dhdl.part0001.xvg,1,1,1564200395.128777,1564200395.4205754
read,/scratch/hrlee/25200019/temp_project/alchemlyb/perf/fsizes/32/0002_dhdl.part0003.xvg,13,1,1564200395.1184013,1564200395.4241369
read,/scratch/hrlee/25200019/temp_project/alchemlyb/perf/fsizes/32/0006_dhdl.part0003.xvg,53,1,1564200395.2437222,1564200395.4246867
read,/scratch/hrlee/25200019/temp_project/alchemlyb/perf/fsizes/32/0014_dhdl.part0000.xvg,130,1,1564200395.302805,1564200395.4383416
read,/scratch/hrlee/25200019/temp_project/alchemlyb/perf/fsizes/32/0003_dhdl.part0009.xvg,29,1,1564200395.2326813,1564200395.454161
read,/scratch/hrlee/25200019/temp_project/alchemlyb/perf/fsizes/32/0001_dhdl.part0007.xvg,7,1,1564200395.2620423,1564200395.462502
read,/scratch/hrlee/25200019/temp_project/alchemlyb/perf/fsizes/32/0009_dhdl.part0005.xvg,85,1,1564200395.294952,1564200395.4650726
read,/scratch/hrlee/25200019/temp_project/alchemlyb/perf/fsizes/32/0013_dhdl.part0004.xvg,124,1,1564200395.2929766,1564200395.46737
read,/scratch/hrlee/25200019/temp_project/alchemlyb/perf/fsizes/32/0010_dhdl.part0005.xvg,95,1,1564200395.273215,1564200395.4705539
read,/scratch/hrlee/25200019/temp_project/alchemlyb/perf/fsizes/32/0010_dhdl.part0007.xvg,97,1,1564200395.4030926,1564200395.4784493
read,/scratch/hrlee/25200019/temp_project/alchemlyb/perf/fsizes/32/0007_dhdl.part0007.xvg,67,1,1564200395.3767905,1564200395.4873946
read,/scratch/hrlee/25200019/temp_project/alchemlyb/perf/fsizes/32/0011_dhdl.part0003.xvg,103,1,1564200395.3349323,1564200395.4976163
read,/scratch/hrlee/25200019/temp_project/alchemlyb/perf/fsizes/32/0010_dhdl.part0003.xvg,93,1,1564200395.324989,1564200395.5012157
read,/scratch/hrlee/25200019/temp_project/alchemlyb/perf/fsizes/32/0014_dhdl.part0006.xvg,136,1,1564200395.3335843,1564200395.5080743
read,/scratch/hrlee/25200019/temp_project/alchemlyb/perf/fsizes/32/0002_dhdl.part0009.xvg,19,1,1564200395.2723129,1564200395.5084088
read,/scratch/hrlee/25200019/temp_project/alchemlyb/perf/fsizes/32/0007_dhdl.part0009.xvg,69,1,1564200395.262395,1564200395.5091746
read,/scratch/hrlee/25200019/temp_project/alchemlyb/perf/fsizes/32/0014_dhdl.part0004.xvg,134,1,1564200395.3202069,1564200395.5095632
read,/scratch/hrlee/25200019/temp_project/alchemlyb/perf/fsizes/32/0012_dhdl.part0009.xvg,119,1,1564200395.3630352,1564200395.5207891
read,/scratch/hrlee/25200019/temp_project/alchemlyb/perf/fsizes/32/0015_dhdl.part0004.xvg,144,1,1564200395.353112,1564200395.5214612
read,/scratch/hrlee/25200019/temp_project/alchemlyb/perf/fsizes/32/0007_dhdl.part0005.xvg,65,1,1564200395.2657506,1564200395.5216913
read,/scratch/hrlee/25200019/temp_project/alchemlyb/perf/fsizes/32/0008_dhdl.part0009.xvg,79,1,1564200395.2968433,1564200395.5219185
read,/scratch/hrlee/25200019/temp_project/alchemlyb/perf/fsizes/32/0014_dhdl.part0001.xvg,131,1,1564200395.439251,1564200395.5225232
read,/scratch/hrlee/25200019/temp_project/alchemlyb/perf/fsizes/32/0016_dhdl.part0002.xvg,152,1,1564200395.3633933,1564200395.5230846
read,/scratch/hrlee/25200019/temp_project/alchemlyb/perf/fsizes/32/0011_dhdl.part0007.xvg,107,1,1564200395.269515,1564200395.5288036
read,/scratch/hrlee/25200019/temp_project/alchemlyb/perf/fsizes/32/0009_dhdl.part0001.xvg,81,1,1564200395.332673,1564200395.5342784
read,/scratch/hrlee/25200019/temp_project/alchemlyb/perf/fsizes/32/0013_dhdl.part0002.xvg,122,1,1564200395.2904396,1564200395.5351303
read,/scratch/hrlee/25200019/temp_project/alchemlyb/perf/fsizes/32/0015_dhdl.part0002.xvg,142,1,1564200395.3488455,1564200395.5351803
read,/scratch/hrlee/25200019/temp_project/alchemlyb/perf/fsizes/32/0008_dhdl.part0003.xvg,73,1,1564200395.3015788,1564200395.5361726
read,/scratch/hrlee/25200019/temp_project/alchemlyb/perf/fsizes/32/0015_dhdl.part0006.xvg,146,1,1564200395.3542604,1564200395.5381489
read,/scratch/hrlee/25200019/temp_project/alchemlyb/perf/fsizes/32/0012_dhdl.part0005.xvg,115,1,1564200395.3082814,1564200395.5394495
read,/scratch/hrlee/25200019/temp_project/alchemlyb/perf/fsizes/32/0010_dhdl.part0009.xvg,99,1,1564200395.341852,1564200395.5403364
read,/scratch/hrlee/25200019/temp_project/alchemlyb/perf/fsizes/32/0013_dhdl.part0008.xvg,128,1,1564200395.3004127,1564200395.5440578
read,/scratch/hrlee/25200019/temp_project/alchemlyb/perf/fsizes/32/0008_dhdl.part0005.xvg,75,1,1564200395.2889202,1564200395.5452054
read,/scratch/hrlee/25200019/temp_project/alchemlyb/perf/fsizes/32/0006_dhdl.part0007.xvg,57,1,1564200395.3464065,1564200395.548993
read,/scratch/hrlee/25200019/temp_project/alchemlyb/perf/fsizes/32/0006_dhdl.part0001.xvg,51,1,1564200395.3033621,1564200395.5498905
read,/scratch/hrlee/25200019/temp_project/alchemlyb/perf/fsizes/32/0011_dhdl.part0009.xvg,109,1,1564200395.3107712,1564200395.5504634
read,/scratch/hrlee/25200019/temp_project/alchemlyb/perf/fsizes/32/0005_dhdl.part0005.xvg,45,1,1564200395.3313885,1564200395.5510168
read,/scratch/hrlee/25200019/temp_project/alchemlyb/perf/fsizes/32/0009_dhdl.part0009.xvg,89,1,1564200395.3262022,1564200395.5571952
read,/scratch/hrlee/25200019/temp_project/alchemlyb/perf/fsizes/32/0012_dhdl.part0003.xvg,113,1,1564200395.3768342,1564200395.5575416
read,/scratch/hrlee/25200019/temp_project/alchemlyb/perf/fsizes/32/0012_dhdl.part0007.xvg,117,1,1564200395.359412,1564200395.5592027
read,/scratch/hrlee/25200019/temp_project/alchemlyb/perf/fsizes/32/0011_dhdl.part0001.xvg,101,1,1564200395.2904665,1564200395.5598044
read,/scratch/hrlee/25200019/temp_project/alchemlyb/perf/fsizes/32/0005_dhdl.part0009.xvg,49,1,1564200395.3453183,1564200395.563919
read,/scratch/hrlee/25200019/temp_project/alchemlyb/perf/fsizes/32/0014_dhdl.part0002.xvg,132,1,1564200395.312146,1564200395.5753481
read,/scratch/hrlee/25200019/temp_project/alchemlyb/perf/fsizes/32/0009_dhdl.part0007.xvg,87,1,1564200395.3371167,1564200395.5778751
read,/scratch/hrlee/25200019/temp_project/alchemlyb/perf/fsizes/32/0018_dhdl.part0008.xvg,178,1,1564200395.4895082,1564200395.5777283
read,/scratch/hrlee/25200019/temp_project/alchemlyb/perf/fsizes/32/0018_dhdl.part0006.xvg,176,1,1564200395.480588,1564200395.5779388
read,/scratch/hrlee/25200019/temp_project/alchemlyb/perf/fsizes/32/0010_dhdl.part0001.xvg,91,1,1564200395.3339422,1564200395.5804062
read,/scratch/hrlee/25200019/temp_project/alchemlyb/perf/fsizes/32/0008_dhdl.part0001.xvg,71,1,1564200395.265657,1564200395.588586
read,/scratch/hrlee/25200019/temp_project/alchemlyb/perf/fsizes/32/0008_dhdl.part0007.xvg,77,1,1564200395.3623147,1564200395.5888295
read,/scratch/hrlee/25200019/temp_project/alchemlyb/perf/fsizes/32/0018_dhdl.part0002.xvg,172,1,1564200395.4721684,1564200395.5950353
read,/scratch/hrlee/25200019/temp_project/alchemlyb/perf/fsizes/32/0005_dhdl.part0003.xvg,43,1,1564200395.3402166,1564200395.5952168
read,/scratch/hrlee/25200019/temp_project/alchemlyb/perf/fsizes/32/0016_dhdl.part0000.xvg,150,1,1564200395.3564718,1564200395.5963004
read,/scratch/hrlee/25200019/temp_project/alchemlyb/perf/fsizes/32/0014_dhdl.part0008.xvg,138,1,1564200395.3403473,1564200395.5976193
read,/scratch/hrlee/25200019/temp_project/alchemlyb/perf/fsizes/32/0017_dhdl.part0000.xvg,160,1,1564200395.3944662,1564200395.6161578
read,/scratch/hrlee/25200019/temp_project/alchemlyb/perf/fsizes/32/0016_dhdl.part0003.xvg,153,1,1564200395.5263758,1564200395.6205685
read,/scratch/hrlee/25200019/temp_project/alchemlyb/perf/fsizes/32/0007_dhdl.part0003.xvg,63,1,1564200395.3349326,1564200395.625452
read,/scratch/hrlee/25200019/temp_project/alchemlyb/perf/fsizes/32/0016_dhdl.part0006.xvg,156,1,1564200395.3749428,1564200395.6330903
read,/scratch/hrlee/25200019/temp_project/alchemlyb/perf/fsizes/32/0018_dhdl.part0007.xvg,177,1,1564200395.5785475,1564200395.6366453
read,/scratch/hrlee/25200019/temp_project/alchemlyb/perf/fsizes/32/0006_dhdl.part0005.xvg,55,1,1564200395.3924434,1564200395.6369405
read,/scratch/hrlee/25200019/temp_project/alchemlyb/perf/fsizes/32/0018_dhdl.part0000.xvg,170,1,1564200395.463868,1564200395.6407416
read,/scratch/hrlee/25200019/temp_project/alchemlyb/perf/fsizes/32/0012_dhdl.part0001.xvg,111,1,1564200395.3955905,1564200395.6443586
read,/scratch/hrlee/25200019/temp_project/alchemlyb/perf/fsizes/32/0016_dhdl.part0008.xvg,158,1,1564200395.3853047,1564200395.6543205
read,/scratch/hrlee/25200019/temp_project/alchemlyb/perf/fsizes/32/0015_dhdl.part0000.xvg,140,1,1564200395.348763,1564200395.6624072
read,/scratch/hrlee/25200019/temp_project/alchemlyb/perf/fsizes/32/0018_dhdl.part0009.xvg,179,1,1564200395.5785499,1564200395.669708
read,/scratch/hrlee/25200019/temp_project/alchemlyb/perf/fsizes/32/0016_dhdl.part0004.xvg,154,1,1564200395.3710194,1564200395.672446
read,/scratch/hrlee/25200019/temp_project/alchemlyb/perf/fsizes/32/0014_dhdl.part0005.xvg,135,1,1564200395.5101035,1564200395.6795676
read,/scratch/hrlee/25200019/temp_project/alchemlyb/perf/fsizes/32/0017_dhdl.part0002.xvg,162,1,1564200395.4222145,1564200395.68148
read,/scratch/hrlee/25200019/temp_project/alchemlyb/perf/fsizes/32/0017_dhdl.part0004.xvg,164,1,1564200395.4253924,1564200395.6846223
read,/scratch/hrlee/25200019/temp_project/alchemlyb/perf/fsizes/32/0013_dhdl.part0005.xvg,125,1,1564200395.4681284,1564200395.6868544
read,/scratch/hrlee/25200019/temp_project/alchemlyb/perf/fsizes/32/0018_dhdl.part0004.xvg,174,1,1564200395.4726605,1564200395.688971
read,/scratch/hrlee/25200019/temp_project/alchemlyb/perf/fsizes/32/0017_dhdl.part0008.xvg,168,1,1564200395.4555292,1564200395.6976862
read,/scratch/hrlee/25200019/temp_project/alchemlyb/perf/fsizes/32/0019_dhdl.part0000.xvg,180,1,1564200395.5105536,1564200395.7003057
read,/scratch/hrlee/25200019/temp_project/alchemlyb/perf/fsizes/32/0015_dhdl.part0003.xvg,143,1,1564200395.5356767,1564200395.709705
read,/scratch/hrlee/25200019/temp_project/alchemlyb/perf/fsizes/32/0019_dhdl.part0004.xvg,184,1,1564200395.5223272,1564200395.7096798
read,/scratch/hrlee/25200019/temp_project/alchemlyb/perf/fsizes/32/0021_dhdl.part0000.xvg,200,1,1564200395.5590327,1564200395.714411
read,/scratch/hrlee/25200019/temp_project/alchemlyb/perf/fsizes/32/0023_dhdl.part0006.xvg,226,1,1564200395.579,1564200395.718292
read,/scratch/hrlee/25200019/temp_project/alchemlyb/perf/fsizes/32/0022_dhdl.part0002.xvg,212,1,1564200395.5639536,1564200395.7227137
read,/scratch/hrlee/25200019/temp_project/alchemlyb/perf/fsizes/32/0023_dhdl.part0000.xvg,220,1,1564200395.5698225,1564200395.727128
read,/scratch/hrlee/25200019/temp_project/alchemlyb/perf/fsizes/32/0019_dhdl.part0006.xvg,186,1,1564200395.5223753,1564200395.728432
read,/scratch/hrlee/25200019/temp_project/alchemlyb/perf/fsizes/32/0021_dhdl.part0002.xvg,202,1,1564200395.5590258,1564200395.7287385
read,/scratch/hrlee/25200019/temp_project/alchemlyb/perf/fsizes/32/0020_dhdl.part0002.xvg,192,1,1564200395.5237043,1564200395.7293952
read,/scratch/hrlee/25200019/temp_project/alchemlyb/perf/fsizes/32/0020_dhdl.part0000.xvg,190,1,1564200395.5232866,1564200395.7331898
read,/scratch/hrlee/25200019/temp_project/alchemlyb/perf/fsizes/32/0024_dhdl.part0006.xvg,236,1,1564200395.6218011,1564200395.745758
read,/scratch/hrlee/25200019/temp_project/alchemlyb/perf/fsizes/32/0019_dhdl.part0002.xvg,182,1,1564200395.510421,1564200395.747844
read,/scratch/hrlee/25200019/temp_project/alchemlyb/perf/fsizes/32/0023_dhdl.part0002.xvg,222,1,1564200395.5708275,1564200395.7496152
read,/scratch/hrlee/25200019/temp_project/alchemlyb/perf/fsizes/32/0018_dhdl.part0003.xvg,173,1,1564200395.5979497,1564200395.7552168
read,/scratch/hrlee/25200019/temp_project/alchemlyb/perf/fsizes/32/0021_dhdl.part0006.xvg,206,1,1564200395.5602937,1564200395.7374828
read,/scratch/hrlee/25200019/temp_project/alchemlyb/perf/fsizes/32/0014_dhdl.part0007.xvg,137,1,1564200395.5087028,1564200395.7620754
read,/scratch/hrlee/25200019/temp_project/alchemlyb/perf/fsizes/32/0015_dhdl.part0005.xvg,145,1,1564200395.522016,1564200395.7631335
read,/scratch/hrlee/25200019/temp_project/alchemlyb/perf/fsizes/32/0020_dhdl.part0004.xvg,194,1,1564200395.5279047,1564200395.764686
read,/scratch/hrlee/25200019/temp_project/alchemlyb/perf/fsizes/32/0022_dhdl.part0000.xvg,210,1,1564200395.5638912,1564200395.766278
read,/scratch/hrlee/25200019/temp_project/alchemlyb/perf/fsizes/32/0020_dhdl.part0008.xvg,198,1,1564200395.5489976,1564200395.7713802
read,/scratch/hrlee/25200019/temp_project/alchemlyb/perf/fsizes/32/0015_dhdl.part0007.xvg,147,1,1564200395.5388498,1564200395.773849
read,/scratch/hrlee/25200019/temp_project/alchemlyb/perf/fsizes/32/0013_dhdl.part0003.xvg,123,1,1564200395.5356762,1564200395.7758133
read,/scratch/hrlee/25200019/temp_project/alchemlyb/perf/fsizes/32/0022_dhdl.part0006.xvg,216,1,1564200395.5648422,1564200395.7781322
read,/scratch/hrlee/25200019/temp_project/alchemlyb/perf/fsizes/32/0013_dhdl.part0007.xvg,127,1,1564200395.3935115,1564200395.783326
read,/scratch/hrlee/25200019/temp_project/alchemlyb/perf/fsizes/32/0015_dhdl.part0008.xvg,148,1,1564200395.3542604,1564200395.786835
read,/scratch/hrlee/25200019/temp_project/alchemlyb/perf/fsizes/32/0021_dhdl.part0008.xvg,208,1,1564200395.5604136,1564200395.7872653
read,/scratch/hrlee/25200019/temp_project/alchemlyb/perf/fsizes/32/0021_dhdl.part0004.xvg,204,1,1564200395.5593758,1564200395.792321
read,/scratch/hrlee/25200019/temp_project/alchemlyb/perf/fsizes/32/0019_dhdl.part0008.xvg,188,1,1564200395.5226097,1564200395.794918
read,/scratch/hrlee/25200019/temp_project/alchemlyb/perf/fsizes/32/0020_dhdl.part0006.xvg,196,1,1564200395.5303493,1564200395.7992907
read,/scratch/hrlee/25200019/temp_project/alchemlyb/perf/fsizes/32/0022_dhdl.part0008.xvg,218,1,1564200395.5651543,1564200395.8020442
read,/scratch/hrlee/25200019/temp_project/alchemlyb/perf/fsizes/32/0013_dhdl.part0009.xvg,129,1,1564200395.5448084,1564200395.811302
read,/scratch/hrlee/25200019/temp_project/alchemlyb/perf/fsizes/32/0024_dhdl.part0004.xvg,234,1,1564200395.5987484,1564200395.8178957
read,/scratch/hrlee/25200019/temp_project/alchemlyb/perf/fsizes/32/0023_dhdl.part0004.xvg,224,1,1564200395.5756035,1564200395.8199553
read,/scratch/hrlee/25200019/temp_project/alchemlyb/perf/fsizes/32/0006_dhdl.part0009.xvg,59,1,1564200395.269514,1564200395.8066983
read,/scratch/hrlee/25200019/temp_project/alchemlyb/perf/fsizes/32/0017_dhdl.part0006.xvg,166,1,1564200395.4362855,1564200395.8070114
read,/scratch/hrlee/25200019/temp_project/alchemlyb/perf/fsizes/32/0022_dhdl.part0004.xvg,214,1,1564200395.5639918,1564200395.8070724
read,/scratch/hrlee/25200019/temp_project/alchemlyb/perf/fsizes/32/0023_dhdl.part0008.xvg,228,1,1564200395.5813713,1564200395.8341517
read,/scratch/hrlee/25200019/temp_project/alchemlyb/perf/fsizes/32/0019_dhdl.part0005.xvg,185,1,1564200395.710655,1564200395.8377485
read,/scratch/hrlee/25200019/temp_project/alchemlyb/perf/fsizes/32/0017_dhdl.part0001.xvg,161,1,1564200395.6173701,1564200395.8407252
read,/scratch/hrlee/25200019/temp_project/alchemlyb/perf/fsizes/32/0022_dhdl.part0003.xvg,213,1,1564200395.7236109,1564200395.841036
read,/scratch/hrlee/25200019/temp_project/alchemlyb/perf/fsizes/32/0019_dhdl.part0001.xvg,181,1,1564200395.7011893,1564200395.8429337
read,/scratch/hrlee/25200019/temp_project/alchemlyb/perf/fsizes/32/0025_dhdl.part0002.xvg,242,1,1564200395.6391807,1564200395.8433657
read,/scratch/hrlee/25200019/temp_project/alchemlyb/perf/fsizes/32/0024_dhdl.part0002.xvg,232,1,1564200395.5961926,1564200395.8434792
read,/scratch/hrlee/25200019/temp_project/alchemlyb/perf/fsizes/32/0024_dhdl.part0000.xvg,230,1,1564200395.5900567,1564200395.8451085
read,/scratch/hrlee/25200019/temp_project/alchemlyb/perf/fsizes/32/0016_dhdl.part0001.xvg,151,1,1564200395.596861,1564200395.8470242
read,/scratch/hrlee/25200019/temp_project/alchemlyb/perf/fsizes/32/0014_dhdl.part0003.xvg,133,1,1564200395.5758402,1564200395.8471
read,/scratch/hrlee/25200019/temp_project/alchemlyb/perf/fsizes/32/0017_dhdl.part0005.xvg,165,1,1564200395.685859,1564200395.8492649
read,/scratch/hrlee/25200019/temp_project/alchemlyb/perf/fsizes/32/0025_dhdl.part0000.xvg,240,1,1564200395.6381037,1564200395.8516915
read,/scratch/hrlee/25200019/temp_project/alchemlyb/perf/fsizes/32/0018_dhdl.part0001.xvg,171,1,1564200395.641606,1564200395.8520164
read,/scratch/hrlee/25200019/temp_project/alchemlyb/perf/fsizes/32/0018_dhdl.part0005.xvg,175,1,1564200395.6946018,1564200395.8614426
read,/scratch/hrlee/25200019/temp_project/alchemlyb/perf/fsizes/32/0026_dhdl.part0004.xvg,254,1,1564200395.7571154,1564200395.8628216
read,/scratch/hrlee/25200019/temp_project/alchemlyb/perf/fsizes/32/0014_dhdl.part0009.xvg,139,1,1564200395.5984132,1564200395.8683171
read,/scratch/hrlee/25200019/temp_project/alchemlyb/perf/fsizes/32/0025_dhdl.part0008.xvg,248,1,1564200395.6907418,1564200395.8709025
read,/scratch/hrlee/25200019/temp_project/alchemlyb/perf/fsizes/32/0026_dhdl.part0000.xvg,250,1,1564200395.6942232,1564200395.8771467
read,/scratch/hrlee/25200019/temp_project/alchemlyb/perf/fsizes/32/0019_dhdl.part0007.xvg,187,1,1564200395.729083,1564200395.8814473
read,/scratch/hrlee/25200019/temp_project/alchemlyb/perf/fsizes/32/0024_dhdl.part0008.xvg,238,1,1564200395.6270275,1564200395.8841918
read,/scratch/hrlee/25200019/temp_project/alchemlyb/perf/fsizes/32/0016_dhdl.part0007.xvg,157,1,1564200395.6337612,1564200395.8949046
read,/scratch/hrlee/25200019/temp_project/alchemlyb/perf/fsizes/32/0025_dhdl.part0006.xvg,246,1,1564200395.6710365,1564200395.9007647
read,/scratch/hrlee/25200019/temp_project/alchemlyb/perf/fsizes/32/0019_dhdl.part0003.xvg,183,1,1564200395.7485623,1564200395.9041364
read,/scratch/hrlee/25200019/temp_project/alchemlyb/perf/fsizes/32/0021_dhdl.part0003.xvg,203,1,1564200395.7293055,1564200395.9074452
read,/scratch/hrlee/25200019/temp_project/alchemlyb/perf/fsizes/32/0025_dhdl.part0004.xvg,244,1,1564200395.6458793,1564200395.9156904
read,/scratch/hrlee/25200019/temp_project/alchemlyb/perf/fsizes/32/0016_dhdl.part0009.xvg,159,1,1564200395.6551473,1564200395.9189596
read,/scratch/hrlee/25200019/temp_project/alchemlyb/perf/fsizes/32/0026_dhdl.part0002.xvg,252,1,1564200395.7217996,1564200395.921301
read,/scratch/hrlee/25200019/temp_project/alchemlyb/perf/fsizes/32/0026_dhdl.part0006.xvg,256,1,1564200395.762881,1564200395.9239244
read,/scratch/hrlee/25200019/temp_project/alchemlyb/perf/fsizes/32/0024_dhdl.part0007.xvg,237,1,1564200395.7465928,1564200395.9268472
read,/scratch/hrlee/25200019/temp_project/alchemlyb/perf/fsizes/32/0020_dhdl.part0003.xvg,193,1,1564200395.7299995,1564200395.9295478
read,/scratch/hrlee/25200019/temp_project/alchemlyb/perf/fsizes/32/0023_dhdl.part0003.xvg,223,1,1564200395.7503216,1564200395.9299297
read,/scratch/hrlee/25200019/temp_project/alchemlyb/perf/fsizes/32/0020_dhdl.part0001.xvg,191,1,1564200395.7423513,1564200395.9358559
read,/scratch/hrlee/25200019/temp_project/alchemlyb/perf/fsizes/32/0023_dhdl.part0007.xvg,227,1,1564200395.7190535,1564200395.9365926
read,/scratch/hrlee/25200019/temp_project/alchemlyb/perf/fsizes/32/0023_dhdl.part0001.xvg,221,1,1564200395.728135,1564200395.9408247
read,/scratch/hrlee/25200019/temp_project/alchemlyb/perf/fsizes/32/0015_dhdl.part0001.xvg,141,1,1564200395.6633337,1564200395.948125
read,/scratch/hrlee/25200019/temp_project/alchemlyb/perf/fsizes/32/0016_dhdl.part0005.xvg,155,1,1564200395.673383,1564200395.9518113
read,/scratch/hrlee/25200019/temp_project/alchemlyb/perf/fsizes/32/0025_dhdl.part0001.xvg,241,1,1564200395.8527505,1564200395.95186
read,/scratch/hrlee/25200019/temp_project/alchemlyb/perf/fsizes/32/0027_dhdl.part0000.xvg,260,1,1564200395.7820144,1564200395.9563622
read,/scratch/hrlee/25200019/temp_project/alchemlyb/perf/fsizes/32/0026_dhdl.part0008.xvg,258,1,1564200395.7639878,1564200395.9589202
read,/scratch/hrlee/25200019/temp_project/alchemlyb/perf/fsizes/32/0019_dhdl.part0009.xvg,189,1,1564200395.795815,1564200395.9608214
read,/scratch/hrlee/25200019/temp_project/alchemlyb/perf/fsizes/32/0020_dhdl.part0009.xvg,199,1,1564200395.772172,1564200395.9629118
read,/scratch/hrlee/25200019/temp_project/alchemlyb/perf/fsizes/32/0020_dhdl.part0007.xvg,197,1,1564200395.8082023,1564200395.9664392
read,/scratch/hrlee/25200019/temp_project/alchemlyb/perf/fsizes/32/0026_dhdl.part0005.xvg,255,1,1564200395.8639848,1564200395.967642
read,/scratch/hrlee/25200019/temp_project/alchemlyb/perf/fsizes/32/0017_dhdl.part0009.xvg,169,1,1564200395.6984496,1564200395.9684687
read,/scratch/hrlee/25200019/temp_project/alchemlyb/perf/fsizes/32/0017_dhdl.part0003.xvg,163,1,1564200395.6824484,1564200395.9730976
read,/scratch/hrlee/25200019/temp_project/alchemlyb/perf/fsizes/32/0021_dhdl.part0007.xvg,207,1,1564200395.762795,1564200395.9733484
read,/scratch/hrlee/25200019/temp_project/alchemlyb/perf/fsizes/32/0022_dhdl.part0001.xvg,211,1,1564200395.766957,1564200395.97943
read,/scratch/hrlee/25200019/temp_project/alchemlyb/perf/fsizes/32/0020_dhdl.part0005.xvg,195,1,1564200395.7653272,1564200395.9799788
read,/scratch/hrlee/25200019/temp_project/alchemlyb/perf/fsizes/32/0022_dhdl.part0007.xvg,217,1,1564200395.7788644,1564200395.9888973
read,/scratch/hrlee/25200019/temp_project/alchemlyb/perf/fsizes/32/0024_dhdl.part0005.xvg,235,1,1564200395.818668,1564200395.9926772
read,/scratch/hrlee/25200019/temp_project/alchemlyb/perf/fsizes/32/0021_dhdl.part0005.xvg,205,1,1564200395.7929864,1564200395.9928923
read,/scratch/hrlee/25200019/temp_project/alchemlyb/perf/fsizes/32/0028_dhdl.part0002.xvg,272,1,1564200395.8548644,1564200395.993688
read,/scratch/hrlee/25200019/temp_project/alchemlyb/perf/fsizes/32/0017_dhdl.part0007.xvg,167,1,1564200395.8240564,1564200395.9944184
read,/scratch/hrlee/25200019/temp_project/alchemlyb/perf/fsizes/32/0028_dhdl.part0000.xvg,270,1,1564200395.8550155,1564200395.9988391
read,/scratch/hrlee/25200019/temp_project/alchemlyb/perf/fsizes/32/0027_dhdl.part0006.xvg,266,1,1564200395.8122723,1564200396.0027473
read,/scratch/hrlee/25200019/temp_project/alchemlyb/perf/fsizes/32/0030_dhdl.part0006.xvg,296,1,1564200395.9125001,1564200396.0078142
read,/scratch/hrlee/25200019/temp_project/alchemlyb/perf/fsizes/32/0027_dhdl.part0004.xvg,264,1,1564200395.792059,1564200396.0087955
read,/scratch/hrlee/25200019/temp_project/alchemlyb/perf/fsizes/32/0025_dhdl.part0009.xvg,249,1,1564200395.8716428,1564200396.0103333
read,/scratch/hrlee/25200019/temp_project/alchemlyb/perf/fsizes/32/0022_dhdl.part0005.xvg,215,1,1564200395.8240523,1564200396.0108418
read,/scratch/hrlee/25200019/temp_project/alchemlyb/perf/fsizes/32/0028_dhdl.part0008.xvg,278,1,1564200395.8643227,1564200396.0135033
read,/scratch/hrlee/25200019/temp_project/alchemlyb/perf/fsizes/32/0027_dhdl.part0002.xvg,262,1,1564200395.790887,1564200396.0161114
read,/scratch/hrlee/25200019/temp_project/alchemlyb/perf/fsizes/32/0026_dhdl.part0001.xvg,251,1,1564200395.8778598,1564200396.0161283
read,/scratch/hrlee/25200019/temp_project/alchemlyb/perf/fsizes/32/0029_dhdl.part0004.xvg,284,1,1564200395.865956,1564200396.0164492
read,/scratch/hrlee/25200019/temp_project/alchemlyb/perf/fsizes/32/0026_dhdl.part0003.xvg,253,1,1564200395.924626,1564200396.0191426
read,/scratch/hrlee/25200019/temp_project/alchemlyb/perf/fsizes/32/0028_dhdl.part0004.xvg,274,1,1564200395.8548644,1564200396.0192869
read,/scratch/hrlee/25200019/temp_project/alchemlyb/perf/fsizes/32/0022_dhdl.part0009.xvg,219,1,1564200395.8082023,1564200396.025506
read,/scratch/hrlee/25200019/temp_project/alchemlyb/perf/fsizes/32/0015_dhdl.part0009.xvg,149,1,1564200395.7874684,1564200396.0300364
read,/scratch/hrlee/25200019/temp_project/alchemlyb/perf/fsizes/32/0030_dhdl.part0000.xvg,290,1,1564200395.8927767,1564200396.0353315
read,/scratch/hrlee/25200019/temp_project/alchemlyb/perf/fsizes/32/0024_dhdl.part0003.xvg,233,1,1564200395.8440826,1564200396.0365696
read,/scratch/hrlee/25200019/temp_project/alchemlyb/perf/fsizes/32/0029_dhdl.part0000.xvg,280,1,1564200395.8639839,1564200396.038385
read,/scratch/hrlee/25200019/temp_project/alchemlyb/perf/fsizes/32/0026_dhdl.part0007.xvg,257,1,1564200395.935635,1564200396.0474784
read,/scratch/hrlee/25200019/temp_project/alchemlyb/perf/fsizes/32/0025_dhdl.part0007.xvg,247,1,1564200395.901814,1564200396.0482094
read,/scratch/hrlee/25200019/temp_project/alchemlyb/perf/fsizes/32/0029_dhdl.part0006.xvg,286,1,1564200395.869514,1564200396.0541003
read,/scratch/hrlee/25200019/temp_project/alchemlyb/perf/fsizes/32/0030_dhdl.part0004.xvg,294,1,1564200395.9051068,1564200396.0564022
read,/scratch/hrlee/25200019/temp_project/alchemlyb/perf/fsizes/32/0028_dhdl.part0003.xvg,273,1,1564200395.9947348,1564200396.0581791
read,/scratch/hrlee/25200019/temp_project/alchemlyb/perf/fsizes/32/0027_dhdl.part0001.xvg,261,1,1564200395.9570851,1564200396.0601912
read,/scratch/hrlee/25200019/temp_project/alchemlyb/perf/fsizes/32/0027_dhdl.part0007.xvg,267,1,1564200396.0034087,1564200396.062109
read,/scratch/hrlee/25200019/temp_project/alchemlyb/perf/fsizes/32/0021_dhdl.part0009.xvg,209,1,1564200395.7879953,1564200396.0626569
read,/scratch/hrlee/25200019/temp_project/alchemlyb/perf/fsizes/32/0025_dhdl.part0003.xvg,243,1,1564200395.8440866,1564200396.0642128
read,/scratch/hrlee/25200019/temp_project/alchemlyb/perf/fsizes/32/0026_dhdl.part0009.xvg,259,1,1564200395.9596553,1564200396.064851
read,/scratch/hrlee/25200019/temp_project/alchemlyb/perf/fsizes/32/0023_dhdl.part0009.xvg,229,1,1564200395.834995,1564200396.064901
read,/scratch/hrlee/25200019/temp_project/alchemlyb/perf/fsizes/32/0030_dhdl.part0007.xvg,297,1,1564200396.0085285,1564200396.0658224
read,/scratch/hrlee/25200019/temp_project/alchemlyb/perf/fsizes/32/0028_dhdl.part0009.xvg,279,1,1564200396.0142384,1564200396.0666854
read,/scratch/hrlee/25200019/temp_project/alchemlyb/perf/fsizes/32/0029_dhdl.part0005.xvg,285,1,1564200396.0169473,1564200396.0671563
read,/scratch/hrlee/25200019/temp_project/alchemlyb/perf/fsizes/32/0028_dhdl.part0005.xvg,275,1,1564200396.019784,1564200396.0686214
read,/scratch/hrlee/25200019/temp_project/alchemlyb/perf/fsizes/32/0028_dhdl.part0006.xvg,276,1,1564200395.8615084,1564200396.0690439
read,/scratch/hrlee/25200019/temp_project/alchemlyb/perf/fsizes/32/0027_dhdl.part0003.xvg,263,1,1564200396.0167615,1564200396.0699923
read,/scratch/hrlee/25200019/temp_project/alchemlyb/perf/fsizes/32/0023_dhdl.part0005.xvg,225,1,1564200395.820908,1564200396.0702507
read,/scratch/hrlee/25200019/temp_project/alchemlyb/perf/fsizes/32/0027_dhdl.part0008.xvg,268,1,1564200395.8256536,1564200396.070867
read,/scratch/hrlee/25200019/temp_project/alchemlyb/perf/fsizes/32/0028_dhdl.part0001.xvg,271,1,1564200395.999909,1564200396.0735734
read,/scratch/hrlee/25200019/temp_project/alchemlyb/perf/fsizes/32/0030_dhdl.part0001.xvg,291,1,1564200396.0360634,1564200396.0758648
read,/scratch/hrlee/25200019/temp_project/alchemlyb/perf/fsizes/32/0024_dhdl.part0009.xvg,239,1,1564200395.8850377,1564200396.077536
read,/scratch/hrlee/25200019/temp_project/alchemlyb/perf/fsizes/32/0027_dhdl.part0005.xvg,265,1,1564200396.009818,1564200396.0775216
read,/scratch/hrlee/25200019/temp_project/alchemlyb/perf/fsizes/32/0025_dhdl.part0005.xvg,245,1,1564200395.9168518,1564200396.079028
read,/scratch/hrlee/25200019/temp_project/alchemlyb/perf/fsizes/32/0024_dhdl.part0001.xvg,231,1,1564200395.8459635,1564200396.0794814
read,/scratch/hrlee/25200019/temp_project/alchemlyb/perf/fsizes/32/0030_dhdl.part0002.xvg,292,1,1564200395.902129,1564200396.0803552
read,/scratch/hrlee/25200019/temp_project/alchemlyb/perf/fsizes/32/0029_dhdl.part0002.xvg,282,1,1564200395.8643978,1564200396.0816061
read,/scratch/hrlee/25200019/temp_project/alchemlyb/perf/fsizes/32/0030_dhdl.part0008.xvg,298,1,1564200395.9345067,1564200396.0839074
read,/scratch/hrlee/25200019/temp_project/alchemlyb/perf/fsizes/32/0029_dhdl.part0008.xvg,288,1,1564200395.8718426,1564200396.0844693
read,/scratch/hrlee/25200019/temp_project/alchemlyb/perf/fsizes/32/0021_dhdl.part0001.xvg,201,1,1564200395.7154212,1564200396.0849488
read,/scratch/hrlee/25200019/temp_project/alchemlyb/perf/fsizes/32/0030_dhdl.part0005.xvg,295,1,1564200396.0569568,1564200396.0876648
read,/scratch/hrlee/25200019/temp_project/alchemlyb/perf/fsizes/32/0029_dhdl.part0001.xvg,281,1,1564200396.0391397,1564200396.0911396
read,/scratch/hrlee/25200019/temp_project/alchemlyb/perf/fsizes/32/0029_dhdl.part0007.xvg,287,1,1564200396.0548255,1564200396.0924282
read,/scratch/hrlee/25200019/temp_project/alchemlyb/perf/fsizes/32/0028_dhdl.part0007.xvg,277,1,1564200396.0696454,1564200396.0970752
read,/scratch/hrlee/25200019/temp_project/alchemlyb/perf/fsizes/32/0027_dhdl.part0009.xvg,269,1,1564200396.0713413,1564200396.1024904
read,/scratch/hrlee/25200019/temp_project/alchemlyb/perf/fsizes/32/0030_dhdl.part0003.xvg,293,1,1564200396.0807703,1564200396.1103172
read,/scratch/hrlee/25200019/temp_project/alchemlyb/perf/fsizes/32/0029_dhdl.part0003.xvg,283,1,1564200396.082018,1564200396.1125252
read,/scratch/hrlee/25200019/temp_project/alchemlyb/perf/fsizes/32/0030_dhdl.part0009.xvg,299,1,1564200396.0843043,1564200396.1139245
read,/scratch/hrlee/25200019/temp_project/alchemlyb/perf/fsizes/32/0029_dhdl.part0009.xvg,289,1,1564200396.0847895,1564200396.1144137
