write,/scratch/hrlee/25200019/temp_project/alchemlyb/perf/fsizes/32/0001_dhdl.part0009.xvg,9,1,1564200348.1434605,1564200352.3614037
write,/scratch/hrlee/25200019/temp_project/alchemlyb/perf/fsizes/32/0001_dhdl.part0003.xvg,3,1,1564200348.14254,1564200352.445239
write,/scratch/hrlee/25200019/temp_project/alchemlyb/perf/fsizes/32/0001_dhdl.part0005.xvg,5,1,1564200348.1449842,1564200352.5438607
write,/scratch/hrlee/25200019/temp_project/alchemlyb/perf/fsizes/32/0001_dhdl.part0000.xvg,0,1,1564200348.1298442,1564200352.701495
write,/scratch/hrlee/25200019/temp_project/alchemlyb/perf/fsizes/32/0004_dhdl.part0008.xvg,38,1,1564200348.147229,1564200352.7148616
write,/scratch/hrlee/25200019/temp_project/alchemlyb/perf/fsizes/32/0003_dhdl.part0002.xvg,22,1,1564200348.1370797,1564200352.7989748
write,/scratch/hrlee/25200019/temp_project/alchemlyb/perf/fsizes/32/0001_dhdl.part0001.xvg,1,1,1564200348.1321762,1564200352.817924
write,/scratch/hrlee/25200019/temp_project/alchemlyb/perf/fsizes/32/0004_dhdl.part0000.xvg,30,1,1564200348.1473153,1564200352.837296
write,/scratch/hrlee/25200019/temp_project/alchemlyb/perf/fsizes/32/0003_dhdl.part0001.xvg,21,1,1564200348.146033,1564200352.8985403
write,/scratch/hrlee/25200019/temp_project/alchemlyb/perf/fsizes/32/0002_dhdl.part0007.xvg,17,1,1564200348.1606112,1564200352.9252846
write,/scratch/hrlee/25200019/temp_project/alchemlyb/perf/fsizes/32/0002_dhdl.part0003.xvg,13,1,1564200348.1614,1564200352.9276307
write,/scratch/hrlee/25200019/temp_project/alchemlyb/perf/fsizes/32/0002_dhdl.part0001.xvg,11,1,1564200348.1619906,1564200352.9346366
write,/scratch/hrlee/25200019/temp_project/alchemlyb/perf/fsizes/32/0001_dhdl.part0004.xvg,4,1,1564200348.140314,1564200352.9450495
write,/scratch/hrlee/25200019/temp_project/alchemlyb/perf/fsizes/32/0002_dhdl.part0009.xvg,19,1,1564200348.1524193,1564200352.959009
write,/scratch/hrlee/25200019/temp_project/alchemlyb/perf/fsizes/32/0005_dhdl.part0006.xvg,46,1,1564200348.1511495,1564200352.9674573
write,/scratch/hrlee/25200019/temp_project/alchemlyb/perf/fsizes/32/0004_dhdl.part0006.xvg,36,1,1564200348.1518285,1564200352.9764202
write,/scratch/hrlee/25200019/temp_project/alchemlyb/perf/fsizes/32/0002_dhdl.part0006.xvg,16,1,1564200348.1600251,1564200352.9768023
write,/scratch/hrlee/25200019/temp_project/alchemlyb/perf/fsizes/32/0005_dhdl.part0003.xvg,43,1,1564200348.1675386,1564200352.9781733
write,/scratch/hrlee/25200019/temp_project/alchemlyb/perf/fsizes/32/0003_dhdl.part0009.xvg,29,1,1564200348.1676235,1564200352.9795969
write,/scratch/hrlee/25200019/temp_project/alchemlyb/perf/fsizes/32/0002_dhdl.part0000.xvg,10,1,1564200348.1488292,1564200352.9814818
write,/scratch/hrlee/25200019/temp_project/alchemlyb/perf/fsizes/32/0002_dhdl.part0008.xvg,18,1,1564200348.1488712,1564200352.9824166
write,/scratch/hrlee/25200019/temp_project/alchemlyb/perf/fsizes/32/0001_dhdl.part0002.xvg,2,1,1564200348.1515932,1564200352.9856827
write,/scratch/hrlee/25200019/temp_project/alchemlyb/perf/fsizes/32/0002_dhdl.part0002.xvg,12,1,1564200348.1480324,1564200352.9898849
write,/scratch/hrlee/25200019/temp_project/alchemlyb/perf/fsizes/32/0001_dhdl.part0008.xvg,8,1,1564200348.143991,1564200352.9913101
write,/scratch/hrlee/25200019/temp_project/alchemlyb/perf/fsizes/32/0002_dhdl.part0004.xvg,14,1,1564200348.1415884,1564200352.994103
write,/scratch/hrlee/25200019/temp_project/alchemlyb/perf/fsizes/32/0005_dhdl.part0002.xvg,42,1,1564200348.1518304,1564200352.9950325
write,/scratch/hrlee/25200019/temp_project/alchemlyb/perf/fsizes/32/0001_dhdl.part0007.xvg,7,1,1564200348.148591,1564200352.996414
write,/scratch/hrlee/25200019/temp_project/alchemlyb/perf/fsizes/32/0003_dhdl.part0000.xvg,20,1,1564200348.1566093,1564200352.9968848
write,/scratch/hrlee/25200019/temp_project/alchemlyb/perf/fsizes/32/0004_dhdl.part0004.xvg,34,1,1564200348.1478817,1564200352.9973447
write,/scratch/hrlee/25200019/temp_project/alchemlyb/perf/fsizes/32/0003_dhdl.part0006.xvg,26,1,1564200348.1568165,1564200352.997825
write,/scratch/hrlee/25200019/temp_project/alchemlyb/perf/fsizes/32/0005_dhdl.part0004.xvg,44,1,1564200348.149696,1564200352.9982958
write,/scratch/hrlee/25200019/temp_project/alchemlyb/perf/fsizes/32/0002_dhdl.part0005.xvg,15,1,1564200348.169259,1564200353.0015275
write,/scratch/hrlee/25200019/temp_project/alchemlyb/perf/fsizes/32/0005_dhdl.part0005.xvg,45,1,1564200348.1705225,1564200353.0024965
write,/scratch/hrlee/25200019/temp_project/alchemlyb/perf/fsizes/32/0001_dhdl.part0006.xvg,6,1,1564200348.1421807,1564200353.0030177
write,/scratch/hrlee/25200019/temp_project/alchemlyb/perf/fsizes/32/0003_dhdl.part0004.xvg,24,1,1564200348.161641,1564200353.0034134
write,/scratch/hrlee/25200019/temp_project/alchemlyb/perf/fsizes/32/0004_dhdl.part0002.xvg,32,1,1564200348.1660345,1564200353.003886
write,/scratch/hrlee/25200019/temp_project/alchemlyb/perf/fsizes/32/0003_dhdl.part0008.xvg,28,1,1564200348.1506588,1564200353.004824
write,/scratch/hrlee/25200019/temp_project/alchemlyb/perf/fsizes/32/0003_dhdl.part0005.xvg,25,1,1564200348.1763544,1564200353.0066555
write,/scratch/hrlee/25200019/temp_project/alchemlyb/perf/fsizes/32/0004_dhdl.part0009.xvg,39,1,1564200348.1742637,1564200353.0071077
write,/scratch/hrlee/25200019/temp_project/alchemlyb/perf/fsizes/32/0005_dhdl.part0001.xvg,41,1,1564200348.175505,1564200353.0080352
write,/scratch/hrlee/25200019/temp_project/alchemlyb/perf/fsizes/32/0005_dhdl.part0000.xvg,40,1,1564200348.15602,1564200353.0085802
write,/scratch/hrlee/25200019/temp_project/alchemlyb/perf/fsizes/32/0004_dhdl.part0001.xvg,31,1,1564200348.1760738,1564200353.0095017
write,/scratch/hrlee/25200019/temp_project/alchemlyb/perf/fsizes/32/0003_dhdl.part0003.xvg,23,1,1564200348.1806233,1564200353.0099347
write,/scratch/hrlee/25200019/temp_project/alchemlyb/perf/fsizes/32/0004_dhdl.part0003.xvg,33,1,1564200348.1808412,1564200353.0103855
write,/scratch/hrlee/25200019/temp_project/alchemlyb/perf/fsizes/32/0004_dhdl.part0005.xvg,35,1,1564200348.1830275,1564200353.0108387
write,/scratch/hrlee/25200019/temp_project/alchemlyb/perf/fsizes/32/0004_dhdl.part0007.xvg,37,1,1564200348.1848161,1564200353.0117624
write,/scratch/hrlee/25200019/temp_project/alchemlyb/perf/fsizes/32/0003_dhdl.part0007.xvg,27,1,1564200348.1924505,1564200353.0127609
write,/scratch/hrlee/25200019/temp_project/alchemlyb/perf/fsizes/32/0011_dhdl.part0000.xvg,100,1,1564200353.012112,1564200353.8243413
write,/scratch/hrlee/25200019/temp_project/alchemlyb/perf/fsizes/32/0011_dhdl.part0001.xvg,101,1,1564200353.0130312,1564200353.825658
write,/scratch/hrlee/25200019/temp_project/alchemlyb/perf/fsizes/32/0011_dhdl.part0002.xvg,102,1,1564200353.013637,1564200353.8281739
write,/scratch/hrlee/25200019/temp_project/alchemlyb/perf/fsizes/32/0011_dhdl.part0003.xvg,103,1,1564200353.0142722,1564200353.8290105
write,/scratch/hrlee/25200019/temp_project/alchemlyb/perf/fsizes/32/0011_dhdl.part0004.xvg,104,1,1564200353.0148818,1564200353.8298616
write,/scratch/hrlee/25200019/temp_project/alchemlyb/perf/fsizes/32/0011_dhdl.part0005.xvg,105,1,1564200353.0155015,1564200353.8307214
write,/scratch/hrlee/25200019/temp_project/alchemlyb/perf/fsizes/32/0011_dhdl.part0006.xvg,106,1,1564200353.0161242,1564200353.8312554
write,/scratch/hrlee/25200019/temp_project/alchemlyb/perf/fsizes/32/0011_dhdl.part0007.xvg,107,1,1564200353.8275664,1564200354.5784562
write,/scratch/hrlee/25200019/temp_project/alchemlyb/perf/fsizes/32/0011_dhdl.part0008.xvg,108,1,1564200353.8301494,1564200354.5872796
write,/scratch/hrlee/25200019/temp_project/alchemlyb/perf/fsizes/32/0012_dhdl.part0001.xvg,111,1,1564200353.8314176,1564200354.591306
write,/scratch/hrlee/25200019/temp_project/alchemlyb/perf/fsizes/32/0011_dhdl.part0009.xvg,109,1,1564200353.8320024,1564200354.592517
write,/scratch/hrlee/25200019/temp_project/alchemlyb/perf/fsizes/32/0012_dhdl.part0000.xvg,110,1,1564200353.8326168,1564200354.593273
write,/scratch/hrlee/25200019/temp_project/alchemlyb/perf/fsizes/32/0012_dhdl.part0002.xvg,112,1,1564200353.8331974,1564200354.5940816
write,/scratch/hrlee/25200019/temp_project/alchemlyb/perf/fsizes/32/0012_dhdl.part0003.xvg,113,1,1564200353.833792,1564200354.5945594
write,/scratch/hrlee/25200019/temp_project/alchemlyb/perf/fsizes/32/0012_dhdl.part0004.xvg,114,1,1564200354.589335,1564200355.2952733
write,/scratch/hrlee/25200019/temp_project/alchemlyb/perf/fsizes/32/0012_dhdl.part0005.xvg,115,1,1564200354.5914938,1564200355.3049312
write,/scratch/hrlee/25200019/temp_project/alchemlyb/perf/fsizes/32/0012_dhdl.part0006.xvg,116,1,1564200354.593444,1564200355.3102937
write,/scratch/hrlee/25200019/temp_project/alchemlyb/perf/fsizes/32/0012_dhdl.part0007.xvg,117,1,1564200354.5947273,1564200355.3117085
write,/scratch/hrlee/25200019/temp_project/alchemlyb/perf/fsizes/32/0012_dhdl.part0008.xvg,118,1,1564200354.5952802,1564200355.313262
write,/scratch/hrlee/25200019/temp_project/alchemlyb/perf/fsizes/32/0012_dhdl.part0009.xvg,119,1,1564200354.5958428,1564200355.313593
write,/scratch/hrlee/25200019/temp_project/alchemlyb/perf/fsizes/32/0013_dhdl.part0000.xvg,120,1,1564200354.5964174,1564200355.3144777
write,/scratch/hrlee/25200019/temp_project/alchemlyb/perf/fsizes/32/0013_dhdl.part0001.xvg,121,1,1564200355.2981296,1564200355.9494271
write,/scratch/hrlee/25200019/temp_project/alchemlyb/perf/fsizes/32/0013_dhdl.part0002.xvg,122,1,1564200355.3073115,1564200355.9712048
write,/scratch/hrlee/25200019/temp_project/alchemlyb/perf/fsizes/32/0013_dhdl.part0003.xvg,123,1,1564200355.312679,1564200355.991267
write,/scratch/hrlee/25200019/temp_project/alchemlyb/perf/fsizes/32/0013_dhdl.part0004.xvg,124,1,1564200355.3144825,1564200355.9945347
write,/scratch/hrlee/25200019/temp_project/alchemlyb/perf/fsizes/32/0013_dhdl.part0005.xvg,125,1,1564200355.315337,1564200355.995958
write,/scratch/hrlee/25200019/temp_project/alchemlyb/perf/fsizes/32/0013_dhdl.part0006.xvg,126,1,1564200355.3160963,1564200355.9962766
write,/scratch/hrlee/25200019/temp_project/alchemlyb/perf/fsizes/32/0013_dhdl.part0007.xvg,127,1,1564200355.316872,1564200355.9966583
write,/scratch/hrlee/25200019/temp_project/alchemlyb/perf/fsizes/32/0013_dhdl.part0008.xvg,128,1,1564200355.9521098,1564200356.579936
write,/scratch/hrlee/25200019/temp_project/alchemlyb/perf/fsizes/32/0013_dhdl.part0009.xvg,129,1,1564200355.973947,1564200356.6010733
write,/scratch/hrlee/25200019/temp_project/alchemlyb/perf/fsizes/32/0014_dhdl.part0000.xvg,130,1,1564200355.9939575,1564200356.635836
write,/scratch/hrlee/25200019/temp_project/alchemlyb/perf/fsizes/32/0014_dhdl.part0001.xvg,131,1,1564200355.9968507,1564200356.6423597
write,/scratch/hrlee/25200019/temp_project/alchemlyb/perf/fsizes/32/0014_dhdl.part0002.xvg,132,1,1564200355.9979494,1564200356.6434157
write,/scratch/hrlee/25200019/temp_project/alchemlyb/perf/fsizes/32/0014_dhdl.part0003.xvg,133,1,1564200355.999011,1564200356.6450887
write,/scratch/hrlee/25200019/temp_project/alchemlyb/perf/fsizes/32/0014_dhdl.part0004.xvg,134,1,1564200356.0001013,1564200356.6457837
write,/scratch/hrlee/25200019/temp_project/alchemlyb/perf/fsizes/32/0014_dhdl.part0005.xvg,135,1,1564200356.5825076,1564200357.1870239
write,/scratch/hrlee/25200019/temp_project/alchemlyb/perf/fsizes/32/0014_dhdl.part0006.xvg,136,1,1564200356.603668,1564200357.2074034
write,/scratch/hrlee/25200019/temp_project/alchemlyb/perf/fsizes/32/0014_dhdl.part0007.xvg,137,1,1564200356.6387148,1564200357.250263
write,/scratch/hrlee/25200019/temp_project/alchemlyb/perf/fsizes/32/0014_dhdl.part0008.xvg,138,1,1564200356.6445816,1564200357.261941
write,/scratch/hrlee/25200019/temp_project/alchemlyb/perf/fsizes/32/0014_dhdl.part0009.xvg,139,1,1564200356.6463013,1564200357.2646112
write,/scratch/hrlee/25200019/temp_project/alchemlyb/perf/fsizes/32/0015_dhdl.part0000.xvg,140,1,1564200356.647333,1564200357.2655506
write,/scratch/hrlee/25200019/temp_project/alchemlyb/perf/fsizes/32/0015_dhdl.part0001.xvg,141,1,1564200356.648383,1564200357.2662098
write,/scratch/hrlee/25200019/temp_project/alchemlyb/perf/fsizes/32/0015_dhdl.part0002.xvg,142,1,1564200357.189482,1564200357.7836308
write,/scratch/hrlee/25200019/temp_project/alchemlyb/perf/fsizes/32/0015_dhdl.part0003.xvg,143,1,1564200357.209912,1564200357.804033
write,/scratch/hrlee/25200019/temp_project/alchemlyb/perf/fsizes/32/0015_dhdl.part0004.xvg,144,1,1564200357.2530463,1564200357.8793514
write,/scratch/hrlee/25200019/temp_project/alchemlyb/perf/fsizes/32/0015_dhdl.part0007.xvg,147,1,1564200357.2677042,1564200357.9185362
write,/scratch/hrlee/25200019/temp_project/alchemlyb/perf/fsizes/32/0015_dhdl.part0008.xvg,148,1,1564200357.2690408,1564200357.9234655
write,/scratch/hrlee/25200019/temp_project/alchemlyb/perf/fsizes/32/0015_dhdl.part0005.xvg,145,1,1564200357.2640526,1564200357.9343567
write,/scratch/hrlee/25200019/temp_project/alchemlyb/perf/fsizes/32/0015_dhdl.part0006.xvg,146,1,1564200357.2664003,1564200358.014758
write,/scratch/hrlee/25200019/temp_project/alchemlyb/perf/fsizes/32/0015_dhdl.part0009.xvg,149,1,1564200357.7863803,1564200362.1844273
write,/scratch/hrlee/25200019/temp_project/alchemlyb/perf/fsizes/32/0016_dhdl.part0000.xvg,150,1,1564200357.8064802,1564200362.3372202
write,/scratch/hrlee/25200019/temp_project/alchemlyb/perf/fsizes/32/0007_dhdl.part0003.xvg,63,1,1564200357.8780835,1564200362.7561383
write,/scratch/hrlee/25200019/temp_project/alchemlyb/perf/fsizes/32/0006_dhdl.part0001.xvg,51,1,1564200357.881939,1564200362.7626219
write,/scratch/hrlee/25200019/temp_project/alchemlyb/perf/fsizes/32/0007_dhdl.part0006.xvg,66,1,1564200357.9015005,1564200362.7701344
write,/scratch/hrlee/25200019/temp_project/alchemlyb/perf/fsizes/32/0010_dhdl.part0008.xvg,98,1,1564200357.8896563,1564200362.7739663
write,/scratch/hrlee/25200019/temp_project/alchemlyb/perf/fsizes/32/0006_dhdl.part0002.xvg,52,1,1564200357.8905725,1564200362.776819
write,/scratch/hrlee/25200019/temp_project/alchemlyb/perf/fsizes/32/0008_dhdl.part0002.xvg,72,1,1564200357.8865798,1564200362.787724
write,/scratch/hrlee/25200019/temp_project/alchemlyb/perf/fsizes/32/0008_dhdl.part0000.xvg,70,1,1564200357.9038978,1564200362.7892656
write,/scratch/hrlee/25200019/temp_project/alchemlyb/perf/fsizes/32/0006_dhdl.part0005.xvg,55,1,1564200357.8901696,1564200362.791812
write,/scratch/hrlee/25200019/temp_project/alchemlyb/perf/fsizes/32/0010_dhdl.part0003.xvg,93,1,1564200357.89705,1564200362.7962565
write,/scratch/hrlee/25200019/temp_project/alchemlyb/perf/fsizes/32/0010_dhdl.part0004.xvg,94,1,1564200357.9079814,1564200362.7994835
write,/scratch/hrlee/25200019/temp_project/alchemlyb/perf/fsizes/32/0005_dhdl.part0007.xvg,47,1,1564200357.8914149,1564200362.8007205
write,/scratch/hrlee/25200019/temp_project/alchemlyb/perf/fsizes/32/0010_dhdl.part0001.xvg,91,1,1564200357.8839056,1564200362.802626
write,/scratch/hrlee/25200019/temp_project/alchemlyb/perf/fsizes/32/0006_dhdl.part0006.xvg,56,1,1564200357.881033,1564200362.8039234
write,/scratch/hrlee/25200019/temp_project/alchemlyb/perf/fsizes/32/0007_dhdl.part0009.xvg,69,1,1564200357.8955195,1564200362.810004
write,/scratch/hrlee/25200019/temp_project/alchemlyb/perf/fsizes/32/0005_dhdl.part0008.xvg,48,1,1564200357.8913944,1564200362.8137574
write,/scratch/hrlee/25200019/temp_project/alchemlyb/perf/fsizes/32/0008_dhdl.part0001.xvg,71,1,1564200357.8899071,1564200362.814188
write,/scratch/hrlee/25200019/temp_project/alchemlyb/perf/fsizes/32/0008_dhdl.part0005.xvg,75,1,1564200357.9035912,1564200362.822365
write,/scratch/hrlee/25200019/temp_project/alchemlyb/perf/fsizes/32/0010_dhdl.part0009.xvg,99,1,1564200357.8881388,1564200362.8233356
write,/scratch/hrlee/25200019/temp_project/alchemlyb/perf/fsizes/32/0007_dhdl.part0000.xvg,60,1,1564200357.8880827,1564200362.823636
write,/scratch/hrlee/25200019/temp_project/alchemlyb/perf/fsizes/32/0010_dhdl.part0007.xvg,97,1,1564200357.892344,1564200362.82395
write,/scratch/hrlee/25200019/temp_project/alchemlyb/perf/fsizes/32/0009_dhdl.part0005.xvg,85,1,1564200357.8959029,1564200362.8271682
write,/scratch/hrlee/25200019/temp_project/alchemlyb/perf/fsizes/32/0007_dhdl.part0001.xvg,61,1,1564200357.8885412,1564200362.8277955
write,/scratch/hrlee/25200019/temp_project/alchemlyb/perf/fsizes/32/0006_dhdl.part0004.xvg,54,1,1564200357.9087412,1564200362.8303351
write,/scratch/hrlee/25200019/temp_project/alchemlyb/perf/fsizes/32/0006_dhdl.part0008.xvg,58,1,1564200357.9104564,1564200362.8306339
write,/scratch/hrlee/25200019/temp_project/alchemlyb/perf/fsizes/32/0008_dhdl.part0008.xvg,78,1,1564200357.8813586,1564200362.8313174
write,/scratch/hrlee/25200019/temp_project/alchemlyb/perf/fsizes/32/0007_dhdl.part0008.xvg,68,1,1564200357.8816292,1564200362.8351219
write,/scratch/hrlee/25200019/temp_project/alchemlyb/perf/fsizes/32/0006_dhdl.part0007.xvg,57,1,1564200357.8896182,1564200362.8357573
write,/scratch/hrlee/25200019/temp_project/alchemlyb/perf/fsizes/32/0010_dhdl.part0002.xvg,92,1,1564200357.880591,1564200362.8366485
write,/scratch/hrlee/25200019/temp_project/alchemlyb/perf/fsizes/32/0007_dhdl.part0004.xvg,64,1,1564200357.9098327,1564200362.838707
write,/scratch/hrlee/25200019/temp_project/alchemlyb/perf/fsizes/32/0010_dhdl.part0000.xvg,90,1,1564200357.9009583,1564200362.8389714
write,/scratch/hrlee/25200019/temp_project/alchemlyb/perf/fsizes/32/0007_dhdl.part0005.xvg,65,1,1564200357.894819,1564200362.839259
write,/scratch/hrlee/25200019/temp_project/alchemlyb/perf/fsizes/32/0016_dhdl.part0001.xvg,151,1,1564200357.9021475,1564200362.8395808
write,/scratch/hrlee/25200019/temp_project/alchemlyb/perf/fsizes/32/0009_dhdl.part0000.xvg,80,1,1564200357.885783,1564200362.83991
write,/scratch/hrlee/25200019/temp_project/alchemlyb/perf/fsizes/32/0009_dhdl.part0007.xvg,87,1,1564200357.9148126,1564200362.8402185
write,/scratch/hrlee/25200019/temp_project/alchemlyb/perf/fsizes/32/0008_dhdl.part0007.xvg,77,1,1564200357.9047852,1564200362.8408554
write,/scratch/hrlee/25200019/temp_project/alchemlyb/perf/fsizes/32/0009_dhdl.part0009.xvg,89,1,1564200357.907743,1564200362.8415148
write,/scratch/hrlee/25200019/temp_project/alchemlyb/perf/fsizes/32/0009_dhdl.part0001.xvg,81,1,1564200357.8793998,1564200362.8418167
write,/scratch/hrlee/25200019/temp_project/alchemlyb/perf/fsizes/32/0009_dhdl.part0008.xvg,88,1,1564200357.9067123,1564200362.842129
write,/scratch/hrlee/25200019/temp_project/alchemlyb/perf/fsizes/32/0010_dhdl.part0005.xvg,95,1,1564200357.907021,1564200362.8424258
write,/scratch/hrlee/25200019/temp_project/alchemlyb/perf/fsizes/32/0009_dhdl.part0006.xvg,86,1,1564200357.8908143,1564200362.8428328
write,/scratch/hrlee/25200019/temp_project/alchemlyb/perf/fsizes/32/0006_dhdl.part0009.xvg,59,1,1564200357.8823445,1564200362.8431532
write,/scratch/hrlee/25200019/temp_project/alchemlyb/perf/fsizes/32/0016_dhdl.part0002.xvg,152,1,1564200357.9226074,1564200362.8436394
write,/scratch/hrlee/25200019/temp_project/alchemlyb/perf/fsizes/32/0009_dhdl.part0003.xvg,83,1,1564200357.9138634,1564200362.8440347
write,/scratch/hrlee/25200019/temp_project/alchemlyb/perf/fsizes/32/0008_dhdl.part0006.xvg,76,1,1564200357.913701,1564200362.8444276
write,/scratch/hrlee/25200019/temp_project/alchemlyb/perf/fsizes/32/0008_dhdl.part0009.xvg,79,1,1564200357.88394,1564200362.8446841
write,/scratch/hrlee/25200019/temp_project/alchemlyb/perf/fsizes/32/0008_dhdl.part0004.xvg,74,1,1564200357.9178307,1564200362.845046
write,/scratch/hrlee/25200019/temp_project/alchemlyb/perf/fsizes/32/0008_dhdl.part0003.xvg,73,1,1564200357.892805,1564200362.8453276
write,/scratch/hrlee/25200019/temp_project/alchemlyb/perf/fsizes/32/0007_dhdl.part0007.xvg,67,1,1564200357.9118507,1564200362.8456857
write,/scratch/hrlee/25200019/temp_project/alchemlyb/perf/fsizes/32/0006_dhdl.part0003.xvg,53,1,1564200357.9179013,1564200362.8459997
write,/scratch/hrlee/25200019/temp_project/alchemlyb/perf/fsizes/32/0010_dhdl.part0006.xvg,96,1,1564200357.899918,1564200362.8462625
write,/scratch/hrlee/25200019/temp_project/alchemlyb/perf/fsizes/32/0005_dhdl.part0009.xvg,49,1,1564200357.9239135,1564200362.8466563
write,/scratch/hrlee/25200019/temp_project/alchemlyb/perf/fsizes/32/0006_dhdl.part0000.xvg,50,1,1564200357.876544,1564200362.846985
write,/scratch/hrlee/25200019/temp_project/alchemlyb/perf/fsizes/32/0009_dhdl.part0004.xvg,84,1,1564200357.9034169,1564200362.847219
write,/scratch/hrlee/25200019/temp_project/alchemlyb/perf/fsizes/32/0007_dhdl.part0002.xvg,62,1,1564200357.897938,1564200362.8475947
write,/scratch/hrlee/25200019/temp_project/alchemlyb/perf/fsizes/32/0009_dhdl.part0002.xvg,82,1,1564200357.92092,1564200362.8485007
write,/scratch/hrlee/25200019/temp_project/alchemlyb/perf/fsizes/32/0016_dhdl.part0003.xvg,153,1,1564200357.9289446,1564200362.8488612
write,/scratch/hrlee/25200019/temp_project/alchemlyb/perf/fsizes/32/0016_dhdl.part0004.xvg,154,1,1564200357.943985,1564200362.8510318
write,/scratch/hrlee/25200019/temp_project/alchemlyb/perf/fsizes/32/0016_dhdl.part0005.xvg,155,1,1564200358.0337913,1564200362.865102
write,/scratch/hrlee/25200019/temp_project/alchemlyb/perf/fsizes/32/0016_dhdl.part0006.xvg,156,1,1564200362.204297,1564200365.7601864
write,/scratch/hrlee/25200019/temp_project/alchemlyb/perf/fsizes/32/0016_dhdl.part0007.xvg,157,1,1564200362.3565369,1564200365.8669114
write,/scratch/hrlee/25200019/temp_project/alchemlyb/perf/fsizes/32/0016_dhdl.part0008.xvg,158,1,1564200362.7753992,1564200366.1605115
write,/scratch/hrlee/25200019/temp_project/alchemlyb/perf/fsizes/32/0016_dhdl.part0009.xvg,159,1,1564200362.7936034,1564200366.1767669
write,/scratch/hrlee/25200019/temp_project/alchemlyb/perf/fsizes/32/0017_dhdl.part0000.xvg,160,1,1564200362.8107746,1564200366.1909077
write,/scratch/hrlee/25200019/temp_project/alchemlyb/perf/fsizes/32/0017_dhdl.part0001.xvg,161,1,1564200362.8263795,1564200366.207703
write,/scratch/hrlee/25200019/temp_project/alchemlyb/perf/fsizes/32/0017_dhdl.part0002.xvg,162,1,1564200362.8403888,1564200366.231304
write,/scratch/hrlee/25200019/temp_project/alchemlyb/perf/fsizes/32/0017_dhdl.part0003.xvg,163,1,1564200362.8502533,1564200366.2772117
write,/scratch/hrlee/25200019/temp_project/alchemlyb/perf/fsizes/32/0017_dhdl.part0004.xvg,164,1,1564200362.8531008,1564200366.2846086
write,/scratch/hrlee/25200019/temp_project/alchemlyb/perf/fsizes/32/0017_dhdl.part0005.xvg,165,1,1564200362.8559544,1564200366.295197
write,/scratch/hrlee/25200019/temp_project/alchemlyb/perf/fsizes/32/0017_dhdl.part0006.xvg,166,1,1564200362.8588223,1564200366.3045762
write,/scratch/hrlee/25200019/temp_project/alchemlyb/perf/fsizes/32/0017_dhdl.part0008.xvg,168,1,1564200362.8645332,1564200366.3213606
write,/scratch/hrlee/25200019/temp_project/alchemlyb/perf/fsizes/32/0017_dhdl.part0009.xvg,169,1,1564200362.8677697,1564200366.327789
write,/scratch/hrlee/25200019/temp_project/alchemlyb/perf/fsizes/32/0017_dhdl.part0007.xvg,167,1,1564200362.861741,1564200366.3304183
write,/scratch/hrlee/25200019/temp_project/alchemlyb/perf/fsizes/32/0018_dhdl.part0000.xvg,170,1,1564200362.870934,1564200366.335194
write,/scratch/hrlee/25200019/temp_project/alchemlyb/perf/fsizes/32/0018_dhdl.part0001.xvg,171,1,1564200362.8747811,1564200366.344291
write,/scratch/hrlee/25200019/temp_project/alchemlyb/perf/fsizes/32/0018_dhdl.part0002.xvg,172,1,1564200362.8789032,1564200366.3545184
write,/scratch/hrlee/25200019/temp_project/alchemlyb/perf/fsizes/32/0018_dhdl.part0003.xvg,173,1,1564200362.8833249,1564200366.3574233
write,/scratch/hrlee/25200019/temp_project/alchemlyb/perf/fsizes/32/0018_dhdl.part0004.xvg,174,1,1564200362.8884385,1564200366.365143
write,/scratch/hrlee/25200019/temp_project/alchemlyb/perf/fsizes/32/0018_dhdl.part0005.xvg,175,1,1564200362.8938663,1564200366.3725338
write,/scratch/hrlee/25200019/temp_project/alchemlyb/perf/fsizes/32/0018_dhdl.part0006.xvg,176,1,1564200362.8995714,1564200366.380248
write,/scratch/hrlee/25200019/temp_project/alchemlyb/perf/fsizes/32/0018_dhdl.part0007.xvg,177,1,1564200362.9056156,1564200366.3867068
write,/scratch/hrlee/25200019/temp_project/alchemlyb/perf/fsizes/32/0018_dhdl.part0009.xvg,179,1,1564200362.9189625,1564200366.4008582
write,/scratch/hrlee/25200019/temp_project/alchemlyb/perf/fsizes/32/0019_dhdl.part0000.xvg,180,1,1564200362.926287,1564200366.4076033
write,/scratch/hrlee/25200019/temp_project/alchemlyb/perf/fsizes/32/0018_dhdl.part0008.xvg,178,1,1564200362.9120054,1564200366.4089847
write,/scratch/hrlee/25200019/temp_project/alchemlyb/perf/fsizes/32/0019_dhdl.part0001.xvg,181,1,1564200362.9339533,1564200366.414059
write,/scratch/hrlee/25200019/temp_project/alchemlyb/perf/fsizes/32/0019_dhdl.part0003.xvg,183,1,1564200362.9501843,1564200366.4253104
write,/scratch/hrlee/25200019/temp_project/alchemlyb/perf/fsizes/32/0019_dhdl.part0004.xvg,184,1,1564200362.95878,1564200366.4278932
write,/scratch/hrlee/25200019/temp_project/alchemlyb/perf/fsizes/32/0019_dhdl.part0002.xvg,182,1,1564200362.941926,1564200366.4295936
write,/scratch/hrlee/25200019/temp_project/alchemlyb/perf/fsizes/32/0019_dhdl.part0005.xvg,185,1,1564200362.9677,1564200366.435934
write,/scratch/hrlee/25200019/temp_project/alchemlyb/perf/fsizes/32/0019_dhdl.part0007.xvg,187,1,1564200362.986535,1564200366.4424386
write,/scratch/hrlee/25200019/temp_project/alchemlyb/perf/fsizes/32/0019_dhdl.part0006.xvg,186,1,1564200362.9769335,1564200366.4447153
write,/scratch/hrlee/25200019/temp_project/alchemlyb/perf/fsizes/32/0019_dhdl.part0008.xvg,188,1,1564200362.9963691,1564200366.4478908
write,/scratch/hrlee/25200019/temp_project/alchemlyb/perf/fsizes/32/0019_dhdl.part0009.xvg,189,1,1564200363.0065985,1564200366.4523704
write,/scratch/hrlee/25200019/temp_project/alchemlyb/perf/fsizes/32/0020_dhdl.part0000.xvg,190,1,1564200363.0171158,1564200366.454902
write,/scratch/hrlee/25200019/temp_project/alchemlyb/perf/fsizes/32/0020_dhdl.part0001.xvg,191,1,1564200363.0279582,1564200366.4613938
write,/scratch/hrlee/25200019/temp_project/alchemlyb/perf/fsizes/32/0020_dhdl.part0002.xvg,192,1,1564200363.0391164,1564200366.4630659
write,/scratch/hrlee/25200019/temp_project/alchemlyb/perf/fsizes/32/0020_dhdl.part0003.xvg,193,1,1564200363.050594,1564200366.4633367
write,/scratch/hrlee/25200019/temp_project/alchemlyb/perf/fsizes/32/0020_dhdl.part0004.xvg,194,1,1564200363.062369,1564200366.4652557
write,/scratch/hrlee/25200019/temp_project/alchemlyb/perf/fsizes/32/0020_dhdl.part0006.xvg,196,1,1564200363.0868979,1564200366.4684525
write,/scratch/hrlee/25200019/temp_project/alchemlyb/perf/fsizes/32/0020_dhdl.part0007.xvg,197,1,1564200363.099937,1564200366.4697075
write,/scratch/hrlee/25200019/temp_project/alchemlyb/perf/fsizes/32/0020_dhdl.part0005.xvg,195,1,1564200363.0744886,1564200366.4703867
write,/scratch/hrlee/25200019/temp_project/alchemlyb/perf/fsizes/32/0020_dhdl.part0009.xvg,199,1,1564200363.1270313,1564200366.47132
write,/scratch/hrlee/25200019/temp_project/alchemlyb/perf/fsizes/32/0020_dhdl.part0008.xvg,198,1,1564200363.1133296,1564200366.4717138
read,/scratch/hrlee/25200019/temp_project/alchemlyb/perf/fsizes/32/0001_dhdl.part0006.xvg,6,1,1564200367.5485418,1564200367.6227093
read,/scratch/hrlee/25200019/temp_project/alchemlyb/perf/fsizes/32/0002_dhdl.part0005.xvg,15,1,1564200367.549501,1564200367.6231406
read,/scratch/hrlee/25200019/temp_project/alchemlyb/perf/fsizes/32/0003_dhdl.part0000.xvg,20,1,1564200367.5504699,1564200367.6245272
read,/scratch/hrlee/25200019/temp_project/alchemlyb/perf/fsizes/32/0002_dhdl.part0007.xvg,17,1,1564200367.5501504,1564200367.6256511
read,/scratch/hrlee/25200019/temp_project/alchemlyb/perf/fsizes/32/0001_dhdl.part0005.xvg,5,1,1564200367.5484376,1564200367.6257162
read,/scratch/hrlee/25200019/temp_project/alchemlyb/perf/fsizes/32/0001_dhdl.part0007.xvg,7,1,1564200367.5486536,1564200367.6369371
read,/scratch/hrlee/25200019/temp_project/alchemlyb/perf/fsizes/32/0001_dhdl.part0008.xvg,8,1,1564200367.5487535,1564200367.6443033
read,/scratch/hrlee/25200019/temp_project/alchemlyb/perf/fsizes/32/0001_dhdl.part0003.xvg,3,1,1564200367.5482297,1564200367.650531
read,/scratch/hrlee/25200019/temp_project/alchemlyb/perf/fsizes/32/0003_dhdl.part0001.xvg,21,1,1564200367.550546,1564200367.6518817
read,/scratch/hrlee/25200019/temp_project/alchemlyb/perf/fsizes/32/0001_dhdl.part0004.xvg,4,1,1564200367.5483325,1564200367.6533217
read,/scratch/hrlee/25200019/temp_project/alchemlyb/perf/fsizes/32/0002_dhdl.part0000.xvg,10,1,1564200367.5489635,1564200367.6544178
read,/scratch/hrlee/25200019/temp_project/alchemlyb/perf/fsizes/32/0002_dhdl.part0002.xvg,12,1,1564200367.5491917,1564200367.6547043
read,/scratch/hrlee/25200019/temp_project/alchemlyb/perf/fsizes/32/0002_dhdl.part0004.xvg,14,1,1564200367.5494273,1564200367.6550062
read,/scratch/hrlee/25200019/temp_project/alchemlyb/perf/fsizes/32/0002_dhdl.part0001.xvg,11,1,1564200367.5490663,1564200367.6573484
read,/scratch/hrlee/25200019/temp_project/alchemlyb/perf/fsizes/32/0002_dhdl.part0008.xvg,18,1,1564200367.550252,1564200367.659784
read,/scratch/hrlee/25200019/temp_project/alchemlyb/perf/fsizes/32/0001_dhdl.part0000.xvg,0,1,1564200367.5479457,1564200367.6806862
read,/scratch/hrlee/25200019/temp_project/alchemlyb/perf/fsizes/32/0002_dhdl.part0006.xvg,16,1,1564200367.5500696,1564200367.6875477
read,/scratch/hrlee/25200019/temp_project/alchemlyb/perf/fsizes/32/0004_dhdl.part0002.xvg,32,1,1564200367.5804746,1564200367.6911101
read,/scratch/hrlee/25200019/temp_project/alchemlyb/perf/fsizes/32/0002_dhdl.part0003.xvg,13,1,1564200367.549272,1564200367.6943154
read,/scratch/hrlee/25200019/temp_project/alchemlyb/perf/fsizes/32/0007_dhdl.part0002.xvg,62,1,1564200367.6271398,1564200367.6988487
read,/scratch/hrlee/25200019/temp_project/alchemlyb/perf/fsizes/32/0001_dhdl.part0001.xvg,1,1,1564200367.5480535,1564200367.702022
read,/scratch/hrlee/25200019/temp_project/alchemlyb/perf/fsizes/32/0007_dhdl.part0000.xvg,60,1,1564200367.626963,1564200367.7148876
read,/scratch/hrlee/25200019/temp_project/alchemlyb/perf/fsizes/32/0003_dhdl.part0008.xvg,28,1,1564200367.564623,1564200367.7154415
read,/scratch/hrlee/25200019/temp_project/alchemlyb/perf/fsizes/32/0003_dhdl.part0004.xvg,24,1,1564200367.556672,1564200367.720992
read,/scratch/hrlee/25200019/temp_project/alchemlyb/perf/fsizes/32/0003_dhdl.part0006.xvg,26,1,1564200367.5581827,1564200367.7343826
read,/scratch/hrlee/25200019/temp_project/alchemlyb/perf/fsizes/32/0005_dhdl.part0002.xvg,42,1,1564200367.605374,1564200367.7347434
read,/scratch/hrlee/25200019/temp_project/alchemlyb/perf/fsizes/32/0004_dhdl.part0003.xvg,33,1,1564200367.5860844,1564200367.741413
read,/scratch/hrlee/25200019/temp_project/alchemlyb/perf/fsizes/32/0002_dhdl.part0009.xvg,19,1,1564200367.550352,1564200367.750653
read,/scratch/hrlee/25200019/temp_project/alchemlyb/perf/fsizes/32/0004_dhdl.part0008.xvg,38,1,1564200367.5948672,1564200367.7585998
read,/scratch/hrlee/25200019/temp_project/alchemlyb/perf/fsizes/32/0003_dhdl.part0009.xvg,29,1,1564200367.570455,1564200367.7583926
read,/scratch/hrlee/25200019/temp_project/alchemlyb/perf/fsizes/32/0004_dhdl.part0007.xvg,37,1,1564200367.593422,1564200367.744938
read,/scratch/hrlee/25200019/temp_project/alchemlyb/perf/fsizes/32/0003_dhdl.part0002.xvg,22,1,1564200367.551168,1564200367.7608178
read,/scratch/hrlee/25200019/temp_project/alchemlyb/perf/fsizes/32/0003_dhdl.part0005.xvg,25,1,1564200367.5567458,1564200367.7642236
read,/scratch/hrlee/25200019/temp_project/alchemlyb/perf/fsizes/32/0004_dhdl.part0006.xvg,36,1,1564200367.5917614,1564200367.7645302
read,/scratch/hrlee/25200019/temp_project/alchemlyb/perf/fsizes/32/0006_dhdl.part0003.xvg,53,1,1564200367.6244292,1564200367.7711463
read,/scratch/hrlee/25200019/temp_project/alchemlyb/perf/fsizes/32/0007_dhdl.part0003.xvg,63,1,1564200367.6311092,1564200367.7717912
read,/scratch/hrlee/25200019/temp_project/alchemlyb/perf/fsizes/32/0005_dhdl.part0000.xvg,40,1,1564200367.5950043,1564200367.7718253
read,/scratch/hrlee/25200019/temp_project/alchemlyb/perf/fsizes/32/0003_dhdl.part0003.xvg,23,1,1564200367.5522504,1564200367.7678597
read,/scratch/hrlee/25200019/temp_project/alchemlyb/perf/fsizes/32/0006_dhdl.part0001.xvg,51,1,1564200367.6228936,1564200367.779221
read,/scratch/hrlee/25200019/temp_project/alchemlyb/perf/fsizes/32/0005_dhdl.part0009.xvg,49,1,1564200367.6177845,1564200367.78116
read,/scratch/hrlee/25200019/temp_project/alchemlyb/perf/fsizes/32/0005_dhdl.part0007.xvg,47,1,1564200367.6175098,1564200367.7880297
read,/scratch/hrlee/25200019/temp_project/alchemlyb/perf/fsizes/32/0004_dhdl.part0000.xvg,30,1,1564200367.5753846,1564200367.7914267
read,/scratch/hrlee/25200019/temp_project/alchemlyb/perf/fsizes/32/0006_dhdl.part0002.xvg,52,1,1564200367.6461296,1564200367.7929032
read,/scratch/hrlee/25200019/temp_project/alchemlyb/perf/fsizes/32/0008_dhdl.part0000.xvg,70,1,1564200367.6555495,1564200367.7929056
read,/scratch/hrlee/25200019/temp_project/alchemlyb/perf/fsizes/32/0006_dhdl.part0006.xvg,56,1,1564200367.6250172,1564200367.7934535
read,/scratch/hrlee/25200019/temp_project/alchemlyb/perf/fsizes/32/0003_dhdl.part0007.xvg,27,1,1564200367.5644095,1564200367.7871456
read,/scratch/hrlee/25200019/temp_project/alchemlyb/perf/fsizes/32/0007_dhdl.part0007.xvg,67,1,1564200367.65177,1564200367.7968757
read,/scratch/hrlee/25200019/temp_project/alchemlyb/perf/fsizes/32/0004_dhdl.part0009.xvg,39,1,1564200367.5949767,1564200367.7995744
read,/scratch/hrlee/25200019/temp_project/alchemlyb/perf/fsizes/32/0006_dhdl.part0005.xvg,55,1,1564200367.6248584,1564200367.8032217
read,/scratch/hrlee/25200019/temp_project/alchemlyb/perf/fsizes/32/0007_dhdl.part0008.xvg,68,1,1564200367.6544626,1564200367.8045847
read,/scratch/hrlee/25200019/temp_project/alchemlyb/perf/fsizes/32/0004_dhdl.part0004.xvg,34,1,1564200367.5902662,1564200367.8044715
read,/scratch/hrlee/25200019/temp_project/alchemlyb/perf/fsizes/32/0006_dhdl.part0009.xvg,59,1,1564200367.6267958,1564200367.8044555
read,/scratch/hrlee/25200019/temp_project/alchemlyb/perf/fsizes/32/0005_dhdl.part0004.xvg,44,1,1564200367.6107817,1564200367.8045855
read,/scratch/hrlee/25200019/temp_project/alchemlyb/perf/fsizes/32/0005_dhdl.part0008.xvg,48,1,1564200367.6176305,1564200367.8055363
read,/scratch/hrlee/25200019/temp_project/alchemlyb/perf/fsizes/32/0001_dhdl.part0002.xvg,2,1,1564200367.5481396,1564200367.806766
read,/scratch/hrlee/25200019/temp_project/alchemlyb/perf/fsizes/32/0004_dhdl.part0001.xvg,31,1,1564200367.5804121,1564200367.8088183
read,/scratch/hrlee/25200019/temp_project/alchemlyb/perf/fsizes/32/0007_dhdl.part0001.xvg,61,1,1564200367.6272376,1564200367.809702
read,/scratch/hrlee/25200019/temp_project/alchemlyb/perf/fsizes/32/0009_dhdl.part0005.xvg,85,1,1564200367.7358384,1564200367.8111384
read,/scratch/hrlee/25200019/temp_project/alchemlyb/perf/fsizes/32/0005_dhdl.part0001.xvg,41,1,1564200367.600509,1564200367.8124285
read,/scratch/hrlee/25200019/temp_project/alchemlyb/perf/fsizes/32/0005_dhdl.part0006.xvg,46,1,1564200367.6161742,1564200367.813894
read,/scratch/hrlee/25200019/temp_project/alchemlyb/perf/fsizes/32/0006_dhdl.part0008.xvg,58,1,1564200367.6264553,1564200367.816353
read,/scratch/hrlee/25200019/temp_project/alchemlyb/perf/fsizes/32/0006_dhdl.part0000.xvg,50,1,1564200367.6226134,1564200367.8196373
read,/scratch/hrlee/25200019/temp_project/alchemlyb/perf/fsizes/32/0006_dhdl.part0007.xvg,57,1,1564200367.6383944,1564200367.822206
read,/scratch/hrlee/25200019/temp_project/alchemlyb/perf/fsizes/32/0006_dhdl.part0004.xvg,54,1,1564200367.635935,1564200367.8224247
read,/scratch/hrlee/25200019/temp_project/alchemlyb/perf/fsizes/32/0001_dhdl.part0009.xvg,9,1,1564200367.548827,1564200367.82234
read,/scratch/hrlee/25200019/temp_project/alchemlyb/perf/fsizes/32/0008_dhdl.part0002.xvg,72,1,1564200367.661553,1564200367.8248138
read,/scratch/hrlee/25200019/temp_project/alchemlyb/perf/fsizes/32/0005_dhdl.part0005.xvg,45,1,1564200367.6108098,1564200367.824724
read,/scratch/hrlee/25200019/temp_project/alchemlyb/perf/fsizes/32/0004_dhdl.part0005.xvg,35,1,1564200367.5905027,1564200367.8270032
read,/scratch/hrlee/25200019/temp_project/alchemlyb/perf/fsizes/32/0007_dhdl.part0006.xvg,66,1,1564200367.6455545,1564200367.8276336
read,/scratch/hrlee/25200019/temp_project/alchemlyb/perf/fsizes/32/0007_dhdl.part0009.xvg,69,1,1564200367.6553633,1564200367.8290591
read,/scratch/hrlee/25200019/temp_project/alchemlyb/perf/fsizes/32/0008_dhdl.part0001.xvg,71,1,1564200367.6558118,1564200367.8290277
read,/scratch/hrlee/25200019/temp_project/alchemlyb/perf/fsizes/32/0008_dhdl.part0003.xvg,73,1,1564200367.6661496,1564200367.832765
read,/scratch/hrlee/25200019/temp_project/alchemlyb/perf/fsizes/32/0005_dhdl.part0003.xvg,43,1,1564200367.6057348,1564200367.8352823
read,/scratch/hrlee/25200019/temp_project/alchemlyb/perf/fsizes/32/0008_dhdl.part0006.xvg,76,1,1564200367.7028024,1564200367.8377745
read,/scratch/hrlee/25200019/temp_project/alchemlyb/perf/fsizes/32/0008_dhdl.part0004.xvg,74,1,1564200367.6818805,1564200367.8395452
read,/scratch/hrlee/25200019/temp_project/alchemlyb/perf/fsizes/32/0008_dhdl.part0005.xvg,75,1,1564200367.6888862,1564200367.8455935
read,/scratch/hrlee/25200019/temp_project/alchemlyb/perf/fsizes/32/0007_dhdl.part0004.xvg,64,1,1564200367.6390083,1564200367.8463378
read,/scratch/hrlee/25200019/temp_project/alchemlyb/perf/fsizes/32/0007_dhdl.part0005.xvg,65,1,1564200367.6453154,1564200367.8474736
read,/scratch/hrlee/25200019/temp_project/alchemlyb/perf/fsizes/32/0009_dhdl.part0004.xvg,84,1,1564200367.7357574,1564200367.8638477
read,/scratch/hrlee/25200019/temp_project/alchemlyb/perf/fsizes/32/0011_dhdl.part0002.xvg,102,1,1564200367.8005724,1564200367.874573
read,/scratch/hrlee/25200019/temp_project/alchemlyb/perf/fsizes/32/0009_dhdl.part0006.xvg,86,1,1564200367.7500796,1564200367.8844566
read,/scratch/hrlee/25200019/temp_project/alchemlyb/perf/fsizes/32/0011_dhdl.part0000.xvg,100,1,1564200367.7998333,1564200367.8950322
read,/scratch/hrlee/25200019/temp_project/alchemlyb/perf/fsizes/32/0011_dhdl.part0001.xvg,101,1,1564200367.8005419,1564200367.9044075
read,/scratch/hrlee/25200019/temp_project/alchemlyb/perf/fsizes/32/0013_dhdl.part0003.xvg,123,1,1564200367.822965,1564200367.9047153
read,/scratch/hrlee/25200019/temp_project/alchemlyb/perf/fsizes/32/0012_dhdl.part0004.xvg,114,1,1564200367.8119457,1564200367.9064617
read,/scratch/hrlee/25200019/temp_project/alchemlyb/perf/fsizes/32/0009_dhdl.part0003.xvg,83,1,1564200367.7259798,1564200367.9066594
read,/scratch/hrlee/25200019/temp_project/alchemlyb/perf/fsizes/32/0011_dhdl.part0009.xvg,109,1,1564200367.8055801,1564200367.9105363
read,/scratch/hrlee/25200019/temp_project/alchemlyb/perf/fsizes/32/0013_dhdl.part0007.xvg,127,1,1564200367.8322399,1564200367.916373
read,/scratch/hrlee/25200019/temp_project/alchemlyb/perf/fsizes/32/0012_dhdl.part0003.xvg,113,1,1564200367.811873,1564200367.9164672
read,/scratch/hrlee/25200019/temp_project/alchemlyb/perf/fsizes/32/0012_dhdl.part0007.xvg,117,1,1564200367.8145213,1564200367.9226868
read,/scratch/hrlee/25200019/temp_project/alchemlyb/perf/fsizes/32/0013_dhdl.part0004.xvg,124,1,1564200367.8233173,1564200367.9231906
read,/scratch/hrlee/25200019/temp_project/alchemlyb/perf/fsizes/32/0009_dhdl.part0000.xvg,80,1,1564200367.715747,1564200367.9258196
read,/scratch/hrlee/25200019/temp_project/alchemlyb/perf/fsizes/32/0012_dhdl.part0009.xvg,119,1,1564200367.8286383,1564200367.9310086
read,/scratch/hrlee/25200019/temp_project/alchemlyb/perf/fsizes/32/0013_dhdl.part0002.xvg,122,1,1564200367.8229659,1564200367.931026
read,/scratch/hrlee/25200019/temp_project/alchemlyb/perf/fsizes/32/0012_dhdl.part0000.xvg,110,1,1564200367.810996,1564200367.939335
read,/scratch/hrlee/25200019/temp_project/alchemlyb/perf/fsizes/32/0012_dhdl.part0006.xvg,116,1,1564200367.814239,1564200367.9398718
read,/scratch/hrlee/25200019/temp_project/alchemlyb/perf/fsizes/32/0014_dhdl.part0009.xvg,139,1,1564200367.8754013,1564200367.942231
read,/scratch/hrlee/25200019/temp_project/alchemlyb/perf/fsizes/32/0012_dhdl.part0002.xvg,112,1,1564200367.811844,1564200367.9427714
read,/scratch/hrlee/25200019/temp_project/alchemlyb/perf/fsizes/32/0015_dhdl.part0000.xvg,140,1,1564200367.8853855,1564200367.9495938
read,/scratch/hrlee/25200019/temp_project/alchemlyb/perf/fsizes/32/0011_dhdl.part0006.xvg,106,1,1564200367.8017535,1564200367.9656093
read,/scratch/hrlee/25200019/temp_project/alchemlyb/perf/fsizes/32/0013_dhdl.part0008.xvg,128,1,1564200367.832433,1564200367.9663742
read,/scratch/hrlee/25200019/temp_project/alchemlyb/perf/fsizes/32/0011_dhdl.part0007.xvg,107,1,1564200367.8047252,1564200367.9686894
read,/scratch/hrlee/25200019/temp_project/alchemlyb/perf/fsizes/32/0015_dhdl.part0004.xvg,144,1,1564200367.9074533,1564200367.9764597
read,/scratch/hrlee/25200019/temp_project/alchemlyb/perf/fsizes/32/0012_dhdl.part0005.xvg,115,1,1564200367.814094,1564200367.9766955
read,/scratch/hrlee/25200019/temp_project/alchemlyb/perf/fsizes/32/0015_dhdl.part0006.xvg,146,1,1564200367.9115448,1564200367.977876
read,/scratch/hrlee/25200019/temp_project/alchemlyb/perf/fsizes/32/0008_dhdl.part0009.xvg,79,1,1564200367.7156587,1564200367.978963
read,/scratch/hrlee/25200019/temp_project/alchemlyb/perf/fsizes/32/0015_dhdl.part0008.xvg,148,1,1564200367.918436,1564200367.9831016
read,/scratch/hrlee/25200019/temp_project/alchemlyb/perf/fsizes/32/0008_dhdl.part0007.xvg,77,1,1564200367.703067,1564200367.9869184
read,/scratch/hrlee/25200019/temp_project/alchemlyb/perf/fsizes/32/0015_dhdl.part0002.xvg,142,1,1564200367.9054472,1564200367.9927862
read,/scratch/hrlee/25200019/temp_project/alchemlyb/perf/fsizes/32/0009_dhdl.part0002.xvg,82,1,1564200367.7225149,1564200367.9929974
read,/scratch/hrlee/25200019/temp_project/alchemlyb/perf/fsizes/32/0010_dhdl.part0001.xvg,91,1,1564200367.7689092,1564200367.995525
read,/scratch/hrlee/25200019/temp_project/alchemlyb/perf/fsizes/32/0011_dhdl.part0004.xvg,104,1,1564200367.8007286,1564200367.9971368
read,/scratch/hrlee/25200019/temp_project/alchemlyb/perf/fsizes/32/0015_dhdl.part0003.xvg,143,1,1564200367.9056234,1564200367.998953
read,/scratch/hrlee/25200019/temp_project/alchemlyb/perf/fsizes/32/0010_dhdl.part0009.xvg,99,1,1564200367.7846882,1564200368.0003674
read,/scratch/hrlee/25200019/temp_project/alchemlyb/perf/fsizes/32/0011_dhdl.part0005.xvg,105,1,1564200367.8010957,1564200368.0045066
read,/scratch/hrlee/25200019/temp_project/alchemlyb/perf/fsizes/32/0010_dhdl.part0007.xvg,97,1,1564200367.778521,1564200368.0046847
read,/scratch/hrlee/25200019/temp_project/alchemlyb/perf/fsizes/32/0009_dhdl.part0001.xvg,81,1,1564200367.716648,1564200368.006731
read,/scratch/hrlee/25200019/temp_project/alchemlyb/perf/fsizes/32/0013_dhdl.part0000.xvg,120,1,1564200367.8176348,1564200368.0074666
read,/scratch/hrlee/25200019/temp_project/alchemlyb/perf/fsizes/32/0011_dhdl.part0008.xvg,108,1,1564200367.8052354,1564200368.0155678
read,/scratch/hrlee/25200019/temp_project/alchemlyb/perf/fsizes/32/0014_dhdl.part0007.xvg,137,1,1564200367.8641675,1564200368.0197752
read,/scratch/hrlee/25200019/temp_project/alchemlyb/perf/fsizes/32/0010_dhdl.part0002.xvg,92,1,1564200367.7698622,1564200368.0204973
read,/scratch/hrlee/25200019/temp_project/alchemlyb/perf/fsizes/32/0013_dhdl.part0006.xvg,126,1,1564200367.826016,1564200368.0217211
read,/scratch/hrlee/25200019/temp_project/alchemlyb/perf/fsizes/32/0008_dhdl.part0008.xvg,78,1,1564200367.7082508,1564200368.025479
read,/scratch/hrlee/25200019/temp_project/alchemlyb/perf/fsizes/32/0014_dhdl.part0003.xvg,133,1,1564200367.838673,1564200368.0258226
read,/scratch/hrlee/25200019/temp_project/alchemlyb/perf/fsizes/32/0010_dhdl.part0006.xvg,96,1,1564200367.7765858,1564200368.0320556
read,/scratch/hrlee/25200019/temp_project/alchemlyb/perf/fsizes/32/0015_dhdl.part0007.xvg,147,1,1564200367.9173477,1564200368.03305
read,/scratch/hrlee/25200019/temp_project/alchemlyb/perf/fsizes/32/0016_dhdl.part0003.xvg,153,1,1564200367.9317474,1564200368.0354154
read,/scratch/hrlee/25200019/temp_project/alchemlyb/perf/fsizes/32/0010_dhdl.part0008.xvg,98,1,1564200367.7825496,1564200368.035682
read,/scratch/hrlee/25200019/temp_project/alchemlyb/perf/fsizes/32/0013_dhdl.part0009.xvg,129,1,1564200367.8328052,1564200368.0379922
read,/scratch/hrlee/25200019/temp_project/alchemlyb/perf/fsizes/32/0013_dhdl.part0001.xvg,121,1,1564200367.8210351,1564200368.0385025
read,/scratch/hrlee/25200019/temp_project/alchemlyb/perf/fsizes/32/0012_dhdl.part0001.xvg,111,1,1564200367.811238,1564200368.045267
read,/scratch/hrlee/25200019/temp_project/alchemlyb/perf/fsizes/32/0010_dhdl.part0003.xvg,93,1,1564200367.7724338,1564200368.0515664
read,/scratch/hrlee/25200019/temp_project/alchemlyb/perf/fsizes/32/0014_dhdl.part0006.xvg,136,1,1564200367.8633585,1564200368.0539064
read,/scratch/hrlee/25200019/temp_project/alchemlyb/perf/fsizes/32/0013_dhdl.part0005.xvg,125,1,1564200367.8257477,1564200368.0548894
read,/scratch/hrlee/25200019/temp_project/alchemlyb/perf/fsizes/32/0012_dhdl.part0008.xvg,118,1,1564200367.8147411,1564200368.0554495
read,/scratch/hrlee/25200019/temp_project/alchemlyb/perf/fsizes/32/0014_dhdl.part0004.xvg,134,1,1564200367.840492,1564200368.0559592
read,/scratch/hrlee/25200019/temp_project/alchemlyb/perf/fsizes/32/0009_dhdl.part0009.xvg,89,1,1564200367.7665014,1564200368.0559723
read,/scratch/hrlee/25200019/temp_project/alchemlyb/perf/fsizes/32/0010_dhdl.part0005.xvg,95,1,1564200367.7754388,1564200368.0559833
read,/scratch/hrlee/25200019/temp_project/alchemlyb/perf/fsizes/32/0014_dhdl.part0008.xvg,138,1,1564200367.864744,1564200368.0600097
read,/scratch/hrlee/25200019/temp_project/alchemlyb/perf/fsizes/32/0009_dhdl.part0007.xvg,87,1,1564200367.7520928,1564200368.0639472
read,/scratch/hrlee/25200019/temp_project/alchemlyb/perf/fsizes/32/0014_dhdl.part0001.xvg,131,1,1564200367.8337147,1564200368.07361
read,/scratch/hrlee/25200019/temp_project/alchemlyb/perf/fsizes/32/0011_dhdl.part0003.xvg,103,1,1564200367.8006551,1564200368.0872958
read,/scratch/hrlee/25200019/temp_project/alchemlyb/perf/fsizes/32/0010_dhdl.part0004.xvg,94,1,1564200367.7729461,1564200368.102372
read,/scratch/hrlee/25200019/temp_project/alchemlyb/perf/fsizes/32/0014_dhdl.part0000.xvg,130,1,1564200367.8330188,1564200368.1047533
read,/scratch/hrlee/25200019/temp_project/alchemlyb/perf/fsizes/32/0015_dhdl.part0001.xvg,141,1,1564200367.8961484,1564200368.108119
read,/scratch/hrlee/25200019/temp_project/alchemlyb/perf/fsizes/32/0014_dhdl.part0002.xvg,132,1,1564200367.837024,1564200368.112905
read,/scratch/hrlee/25200019/temp_project/alchemlyb/perf/fsizes/32/0016_dhdl.part0006.xvg,156,1,1564200367.9430814,1564200368.1149702
read,/scratch/hrlee/25200019/temp_project/alchemlyb/perf/fsizes/32/0016_dhdl.part0000.xvg,150,1,1564200367.924153,1564200368.116867
read,/scratch/hrlee/25200019/temp_project/alchemlyb/perf/fsizes/32/0009_dhdl.part0008.xvg,88,1,1564200367.765694,1564200368.1187263
read,/scratch/hrlee/25200019/temp_project/alchemlyb/perf/fsizes/32/0015_dhdl.part0005.xvg,145,1,1564200367.9077623,1564200368.1218739
read,/scratch/hrlee/25200019/temp_project/alchemlyb/perf/fsizes/32/0016_dhdl.part0007.xvg,157,1,1564200367.9434118,1564200368.1219602
read,/scratch/hrlee/25200019/temp_project/alchemlyb/perf/fsizes/32/0014_dhdl.part0005.xvg,135,1,1564200367.8464928,1564200368.133365
read,/scratch/hrlee/25200019/temp_project/alchemlyb/perf/fsizes/32/0020_dhdl.part0000.xvg,190,1,1564200368.0459175,1564200368.1333444
read,/scratch/hrlee/25200019/temp_project/alchemlyb/perf/fsizes/32/0020_dhdl.part0004.xvg,194,1,1564200368.0558562,1564200368.134306
read,/scratch/hrlee/25200019/temp_project/alchemlyb/perf/fsizes/32/0016_dhdl.part0008.xvg,158,1,1564200367.9504561,1564200368.1344218
read,/scratch/hrlee/25200019/temp_project/alchemlyb/perf/fsizes/32/0019_dhdl.part0000.xvg,180,1,1564200368.021157,1564200368.136116
read,/scratch/hrlee/25200019/temp_project/alchemlyb/perf/fsizes/32/0017_dhdl.part0001.xvg,161,1,1564200367.9694502,1564200368.1368454
read,/scratch/hrlee/25200019/temp_project/alchemlyb/perf/fsizes/32/0016_dhdl.part0005.xvg,155,1,1564200367.9404895,1564200368.1374347
read,/scratch/hrlee/25200019/temp_project/alchemlyb/perf/fsizes/32/0016_dhdl.part0009.xvg,159,1,1564200367.9666524,1564200368.139152
read,/scratch/hrlee/25200019/temp_project/alchemlyb/perf/fsizes/32/0018_dhdl.part0004.xvg,174,1,1564200368.0075877,1564200368.1413002
read,/scratch/hrlee/25200019/temp_project/alchemlyb/perf/fsizes/32/0010_dhdl.part0000.xvg,90,1,1564200367.766533,1564200368.1469963
read,/scratch/hrlee/25200019/temp_project/alchemlyb/perf/fsizes/32/0019_dhdl.part0002.xvg,182,1,1564200368.0264242,1564200368.1586359
read,/scratch/hrlee/25200019/temp_project/alchemlyb/perf/fsizes/32/0019_dhdl.part0006.xvg,186,1,1564200368.0408556,1564200368.1606863
read,/scratch/hrlee/25200019/temp_project/alchemlyb/perf/fsizes/32/0017_dhdl.part0008.xvg,168,1,1564200367.993582,1564200368.1620343
read,/scratch/hrlee/25200019/temp_project/alchemlyb/perf/fsizes/32/0018_dhdl.part0003.xvg,173,1,1564200368.0073402,1564200368.1623697
read,/scratch/hrlee/25200019/temp_project/alchemlyb/perf/fsizes/32/0017_dhdl.part0003.xvg,163,1,1564200367.977647,1564200368.1670744
read,/scratch/hrlee/25200019/temp_project/alchemlyb/perf/fsizes/32/0017_dhdl.part0004.xvg,164,1,1564200367.9786577,1564200368.1719735
read,/scratch/hrlee/25200019/temp_project/alchemlyb/perf/fsizes/32/0016_dhdl.part0001.xvg,151,1,1564200367.926885,1564200368.17292
read,/scratch/hrlee/25200019/temp_project/alchemlyb/perf/fsizes/32/0019_dhdl.part0009.xvg,189,1,1564200368.0432816,1564200368.17917
read,/scratch/hrlee/25200019/temp_project/alchemlyb/perf/fsizes/32/0020_dhdl.part0009.xvg,199,1,1564200368.0644922,1564200368.1876385
read,/scratch/hrlee/25200019/temp_project/alchemlyb/perf/fsizes/32/0019_dhdl.part0007.xvg,187,1,1564200368.042951,1564200368.1884153
read,/scratch/hrlee/25200019/temp_project/alchemlyb/perf/fsizes/32/0020_dhdl.part0007.xvg,197,1,1564200368.056385,1564200368.1922135
read,/scratch/hrlee/25200019/temp_project/alchemlyb/perf/fsizes/32/0020_dhdl.part0001.xvg,191,1,1564200368.052317,1564200368.1924298
read,/scratch/hrlee/25200019/temp_project/alchemlyb/perf/fsizes/32/0017_dhdl.part0000.xvg,160,1,1564200367.9671614,1564200368.1925886
read,/scratch/hrlee/25200019/temp_project/alchemlyb/perf/fsizes/32/0018_dhdl.part0001.xvg,171,1,1564200368.0054016,1564200368.1949852
read,/scratch/hrlee/25200019/temp_project/alchemlyb/perf/fsizes/32/0020_dhdl.part0005.xvg,195,1,1564200368.0563247,1564200368.1967237
read,/scratch/hrlee/25200019/temp_project/alchemlyb/perf/fsizes/32/0015_dhdl.part0009.xvg,149,1,1564200367.923531,1564200368.1983054
read,/scratch/hrlee/25200019/temp_project/alchemlyb/perf/fsizes/32/0017_dhdl.part0007.xvg,167,1,1564200367.987751,1564200368.2054303
read,/scratch/hrlee/25200019/temp_project/alchemlyb/perf/fsizes/32/0017_dhdl.part0005.xvg,165,1,1564200367.9798295,1564200368.2062798
read,/scratch/hrlee/25200019/temp_project/alchemlyb/perf/fsizes/32/0018_dhdl.part0009.xvg,179,1,1564200368.0207615,1564200368.2074966
read,/scratch/hrlee/25200019/temp_project/alchemlyb/perf/fsizes/32/0018_dhdl.part0000.xvg,170,1,1564200368.0053627,1564200368.2077343
read,/scratch/hrlee/25200019/temp_project/alchemlyb/perf/fsizes/32/0016_dhdl.part0002.xvg,152,1,1564200367.9317446,1564200368.209139
read,/scratch/hrlee/25200019/temp_project/alchemlyb/perf/fsizes/32/0020_dhdl.part0003.xvg,193,1,1564200368.0554495,1564200368.2109098
read,/scratch/hrlee/25200019/temp_project/alchemlyb/perf/fsizes/32/0018_dhdl.part0002.xvg,172,1,1564200368.0073402,1564200368.210874
read,/scratch/hrlee/25200019/temp_project/alchemlyb/perf/fsizes/32/0018_dhdl.part0008.xvg,178,1,1564200368.0163972,1564200368.2110028
read,/scratch/hrlee/25200019/temp_project/alchemlyb/perf/fsizes/32/0016_dhdl.part0004.xvg,154,1,1564200367.9404144,1564200368.2121618
read,/scratch/hrlee/25200019/temp_project/alchemlyb/perf/fsizes/32/0019_dhdl.part0004.xvg,184,1,1564200368.032831,1564200368.213591
read,/scratch/hrlee/25200019/temp_project/alchemlyb/perf/fsizes/32/0018_dhdl.part0005.xvg,175,1,1564200368.0075715,1564200368.2147672
read,/scratch/hrlee/25200019/temp_project/alchemlyb/perf/fsizes/32/0017_dhdl.part0006.xvg,166,1,1564200367.9839628,1564200368.215427
read,/scratch/hrlee/25200019/temp_project/alchemlyb/perf/fsizes/32/0020_dhdl.part0006.xvg,196,1,1564200368.056373,1564200368.2159529
read,/scratch/hrlee/25200019/temp_project/alchemlyb/perf/fsizes/32/0017_dhdl.part0002.xvg,162,1,1564200367.977338,1564200368.2165556
read,/scratch/hrlee/25200019/temp_project/alchemlyb/perf/fsizes/32/0019_dhdl.part0001.xvg,181,1,1564200368.0224051,1564200368.2182102
read,/scratch/hrlee/25200019/temp_project/alchemlyb/perf/fsizes/32/0020_dhdl.part0008.xvg,198,1,1564200368.0604897,1564200368.2187681
read,/scratch/hrlee/25200019/temp_project/alchemlyb/perf/fsizes/32/0019_dhdl.part0005.xvg,185,1,1564200368.033749,1564200368.2189429
read,/scratch/hrlee/25200019/temp_project/alchemlyb/perf/fsizes/32/0018_dhdl.part0007.xvg,177,1,1564200368.0092816,1564200368.21959
read,/scratch/hrlee/25200019/temp_project/alchemlyb/perf/fsizes/32/0018_dhdl.part0006.xvg,176,1,1564200368.0080776,1564200368.2202287
read,/scratch/hrlee/25200019/temp_project/alchemlyb/perf/fsizes/32/0020_dhdl.part0002.xvg,192,1,1564200368.0546072,1564200368.2205048
read,/scratch/hrlee/25200019/temp_project/alchemlyb/perf/fsizes/32/0017_dhdl.part0009.xvg,169,1,1564200368.0052,1564200368.222991
read,/scratch/hrlee/25200019/temp_project/alchemlyb/perf/fsizes/32/0019_dhdl.part0003.xvg,183,1,1564200368.0264108,1564200368.2245038
read,/scratch/hrlee/25200019/temp_project/alchemlyb/perf/fsizes/32/0019_dhdl.part0008.xvg,188,1,1564200368.0431788,1564200368.226338
