write,/scratch/hrlee/25200019/temp_project/alchemlyb/perf/fsizes/32/0001_dhdl.part0002.xvg,2,1,1564202335.9908824,1564202336.0203888
write,/scratch/hrlee/25200019/temp_project/alchemlyb/perf/fsizes/32/0001_dhdl.part0000.xvg,0,1,1564202335.989365,1564202336.0225098
write,/scratch/hrlee/25200019/temp_project/alchemlyb/perf/fsizes/32/0001_dhdl.part0004.xvg,4,1,1564202335.9897337,1564202336.0238252
write,/scratch/hrlee/25200019/temp_project/alchemlyb/perf/fsizes/32/0003_dhdl.part0001.xvg,21,1,1564202336.0007026,1564202336.0815678
write,/scratch/hrlee/25200019/temp_project/alchemlyb/perf/fsizes/32/0003_dhdl.part0002.xvg,22,1,1564202336.0007598,1564202336.091825
write,/scratch/hrlee/25200019/temp_project/alchemlyb/perf/fsizes/32/0002_dhdl.part0004.xvg,14,1,1564202335.9909413,1564202336.1074326
write,/scratch/hrlee/25200019/temp_project/alchemlyb/perf/fsizes/32/0004_dhdl.part0009.xvg,39,1,1564202336.0298474,1564202336.1111817
write,/scratch/hrlee/25200019/temp_project/alchemlyb/perf/fsizes/32/0001_dhdl.part0006.xvg,6,1,1564202335.989981,1564202336.1192384
write,/scratch/hrlee/25200019/temp_project/alchemlyb/perf/fsizes/32/0005_dhdl.part0004.xvg,44,1,1564202336.02587,1564202336.120533
write,/scratch/hrlee/25200019/temp_project/alchemlyb/perf/fsizes/32/0005_dhdl.part0007.xvg,47,1,1564202336.0315363,1564202336.1222587
write,/scratch/hrlee/25200019/temp_project/alchemlyb/perf/fsizes/32/0001_dhdl.part0003.xvg,3,1,1564202335.989585,1564202336.1288815
write,/scratch/hrlee/25200019/temp_project/alchemlyb/perf/fsizes/32/0004_dhdl.part0001.xvg,31,1,1564202336.0177007,1564202336.1325114
write,/scratch/hrlee/25200019/temp_project/alchemlyb/perf/fsizes/32/0002_dhdl.part0002.xvg,12,1,1564202335.9906197,1564202336.1352303
write,/scratch/hrlee/25200019/temp_project/alchemlyb/perf/fsizes/32/0002_dhdl.part0007.xvg,17,1,1564202336.0001159,1564202336.1411197
write,/scratch/hrlee/25200019/temp_project/alchemlyb/perf/fsizes/32/0002_dhdl.part0009.xvg,19,1,1564202336.000436,1564202336.147997
write,/scratch/hrlee/25200019/temp_project/alchemlyb/perf/fsizes/32/0004_dhdl.part0006.xvg,36,1,1564202336.0221112,1564202336.157099
write,/scratch/hrlee/25200019/temp_project/alchemlyb/perf/fsizes/32/0001_dhdl.part0007.xvg,7,1,1564202335.9900239,1564202336.158363
write,/scratch/hrlee/25200019/temp_project/alchemlyb/perf/fsizes/32/0003_dhdl.part0009.xvg,29,1,1564202336.017578,1564202336.1588445
write,/scratch/hrlee/25200019/temp_project/alchemlyb/perf/fsizes/32/0003_dhdl.part0003.xvg,23,1,1564202336.0105965,1564202336.1602018
write,/scratch/hrlee/25200019/temp_project/alchemlyb/perf/fsizes/32/0001_dhdl.part0009.xvg,9,1,1564202335.990299,1564202336.1636715
write,/scratch/hrlee/25200019/temp_project/alchemlyb/perf/fsizes/32/0002_dhdl.part0001.xvg,11,1,1564202335.9905756,1564202336.1644268
write,/scratch/hrlee/25200019/temp_project/alchemlyb/perf/fsizes/32/0004_dhdl.part0003.xvg,33,1,1564202336.018493,1564202336.1660578
write,/scratch/hrlee/25200019/temp_project/alchemlyb/perf/fsizes/32/0001_dhdl.part0005.xvg,5,1,1564202335.9898446,1564202336.166622
write,/scratch/hrlee/25200019/temp_project/alchemlyb/perf/fsizes/32/0002_dhdl.part0003.xvg,13,1,1564202335.9908214,1564202336.1705885
write,/scratch/hrlee/25200019/temp_project/alchemlyb/perf/fsizes/32/0005_dhdl.part0008.xvg,48,1,1564202336.0316706,1564202336.1707134
write,/scratch/hrlee/25200019/temp_project/alchemlyb/perf/fsizes/32/0004_dhdl.part0008.xvg,38,1,1564202336.026957,1564202336.175981
write,/scratch/hrlee/25200019/temp_project/alchemlyb/perf/fsizes/32/0005_dhdl.part0003.xvg,43,1,1564202336.0256748,1564202336.1775317
write,/scratch/hrlee/25200019/temp_project/alchemlyb/perf/fsizes/32/0004_dhdl.part0004.xvg,34,1,1564202336.0186026,1564202336.1783721
write,/scratch/hrlee/25200019/temp_project/alchemlyb/perf/fsizes/32/0003_dhdl.part0004.xvg,24,1,1564202336.010641,1564202336.1787643
write,/scratch/hrlee/25200019/temp_project/alchemlyb/perf/fsizes/32/0004_dhdl.part0002.xvg,32,1,1564202336.0177293,1564202336.1791956
write,/scratch/hrlee/25200019/temp_project/alchemlyb/perf/fsizes/32/0006_dhdl.part0007.xvg,57,1,1564202336.123021,1564202336.1877103
write,/scratch/hrlee/25200019/temp_project/alchemlyb/perf/fsizes/32/0005_dhdl.part0006.xvg,46,1,1564202336.0262375,1564202336.1946514
write,/scratch/hrlee/25200019/temp_project/alchemlyb/perf/fsizes/32/0002_dhdl.part0005.xvg,15,1,1564202335.9999733,1564202336.1974938
write,/scratch/hrlee/25200019/temp_project/alchemlyb/perf/fsizes/32/0004_dhdl.part0000.xvg,30,1,1564202336.0175776,1564202336.2186377
write,/scratch/hrlee/25200019/temp_project/alchemlyb/perf/fsizes/32/0003_dhdl.part0006.xvg,26,1,1564202336.0161333,1564202336.2212884
write,/scratch/hrlee/25200019/temp_project/alchemlyb/perf/fsizes/32/0001_dhdl.part0008.xvg,8,1,1564202335.990193,1564202336.2239587
write,/scratch/hrlee/25200019/temp_project/alchemlyb/perf/fsizes/32/0003_dhdl.part0000.xvg,20,1,1564202336.0005429,1564202336.2382455
write,/scratch/hrlee/25200019/temp_project/alchemlyb/perf/fsizes/32/0002_dhdl.part0008.xvg,18,1,1564202336.0002632,1564202336.2473838
write,/scratch/hrlee/25200019/temp_project/alchemlyb/perf/fsizes/32/0006_dhdl.part0002.xvg,52,1,1564202336.0925758,1564202336.2482638
write,/scratch/hrlee/25200019/temp_project/alchemlyb/perf/fsizes/32/0001_dhdl.part0001.xvg,1,1,1564202335.9894469,1564202336.2528582
write,/scratch/hrlee/25200019/temp_project/alchemlyb/perf/fsizes/32/0008_dhdl.part0007.xvg,77,1,1564202336.1797433,1564202336.2610614
write,/scratch/hrlee/25200019/temp_project/alchemlyb/perf/fsizes/32/0004_dhdl.part0005.xvg,35,1,1564202336.021742,1564202336.261333
write,/scratch/hrlee/25200019/temp_project/alchemlyb/perf/fsizes/32/0007_dhdl.part0003.xvg,63,1,1564202336.1989079,1564202336.2709064
write,/scratch/hrlee/25200019/temp_project/alchemlyb/perf/fsizes/32/0005_dhdl.part0000.xvg,40,1,1564202336.0242517,1564202336.273832
write,/scratch/hrlee/25200019/temp_project/alchemlyb/perf/fsizes/32/0008_dhdl.part0002.xvg,72,1,1564202336.1714232,1564202336.2776842
write,/scratch/hrlee/25200019/temp_project/alchemlyb/perf/fsizes/32/0007_dhdl.part0002.xvg,62,1,1564202336.1488552,1564202336.2854497
write,/scratch/hrlee/25200019/temp_project/alchemlyb/perf/fsizes/32/0007_dhdl.part0005.xvg,65,1,1564202336.1997426,1564202336.288058
write,/scratch/hrlee/25200019/temp_project/alchemlyb/perf/fsizes/32/0002_dhdl.part0006.xvg,16,1,1564202336.0011141,1564202336.3006063
write,/scratch/hrlee/25200019/temp_project/alchemlyb/perf/fsizes/32/0005_dhdl.part0009.xvg,49,1,1564202336.1997328,1564202336.311619
write,/scratch/hrlee/25200019/temp_project/alchemlyb/perf/fsizes/32/0008_dhdl.part0009.xvg,79,1,1564202336.195573,1564202336.3177292
write,/scratch/hrlee/25200019/temp_project/alchemlyb/perf/fsizes/32/0003_dhdl.part0007.xvg,27,1,1564202336.0160084,1564202336.3241646
write,/scratch/hrlee/25200019/temp_project/alchemlyb/perf/fsizes/32/0009_dhdl.part0000.xvg,80,1,1564202336.1983628,1564202336.3247862
write,/scratch/hrlee/25200019/temp_project/alchemlyb/perf/fsizes/32/0005_dhdl.part0002.xvg,42,1,1564202336.0371041,1564202336.3308835
write,/scratch/hrlee/25200019/temp_project/alchemlyb/perf/fsizes/32/0003_dhdl.part0005.xvg,25,1,1564202336.0106804,1564202336.3376887
write,/scratch/hrlee/25200019/temp_project/alchemlyb/perf/fsizes/32/0006_dhdl.part0009.xvg,59,1,1564202336.1988752,1564202336.3425431
write,/scratch/hrlee/25200019/temp_project/alchemlyb/perf/fsizes/32/0007_dhdl.part0009.xvg,69,1,1564202336.2044733,1564202336.3437355
write,/scratch/hrlee/25200019/temp_project/alchemlyb/perf/fsizes/32/0008_dhdl.part0001.xvg,71,1,1564202336.198853,1564202336.344664
write,/scratch/hrlee/25200019/temp_project/alchemlyb/perf/fsizes/32/0005_dhdl.part0001.xvg,41,1,1564202336.0241668,1564202336.34846
write,/scratch/hrlee/25200019/temp_project/alchemlyb/perf/fsizes/32/0008_dhdl.part0000.xvg,70,1,1564202336.1988928,1564202336.3527036
write,/scratch/hrlee/25200019/temp_project/alchemlyb/perf/fsizes/32/0006_dhdl.part0000.xvg,50,1,1564202336.1989052,1564202336.3546507
write,/scratch/hrlee/25200019/temp_project/alchemlyb/perf/fsizes/32/0005_dhdl.part0005.xvg,45,1,1564202336.0261676,1564202336.3612893
write,/scratch/hrlee/25200019/temp_project/alchemlyb/perf/fsizes/32/0006_dhdl.part0001.xvg,51,1,1564202336.1989043,1564202336.363381
write,/scratch/hrlee/25200019/temp_project/alchemlyb/perf/fsizes/32/0004_dhdl.part0007.xvg,37,1,1564202336.0270011,1564202336.3631244
write,/scratch/hrlee/25200019/temp_project/alchemlyb/perf/fsizes/32/0006_dhdl.part0004.xvg,54,1,1564202336.198904,1564202336.3673966
write,/scratch/hrlee/25200019/temp_project/alchemlyb/perf/fsizes/32/0006_dhdl.part0006.xvg,56,1,1564202336.204359,1564202336.3676372
write,/scratch/hrlee/25200019/temp_project/alchemlyb/perf/fsizes/32/0009_dhdl.part0002.xvg,82,1,1564202336.2219872,1564202336.3704386
write,/scratch/hrlee/25200019/temp_project/alchemlyb/perf/fsizes/32/0006_dhdl.part0008.xvg,58,1,1564202336.1989086,1564202336.3717928
write,/scratch/hrlee/25200019/temp_project/alchemlyb/perf/fsizes/32/0007_dhdl.part0001.xvg,61,1,1564202336.1988893,1564202336.373991
write,/scratch/hrlee/25200019/temp_project/alchemlyb/perf/fsizes/32/0007_dhdl.part0000.xvg,60,1,1564202336.1997452,1564202336.3765538
write,/scratch/hrlee/25200019/temp_project/alchemlyb/perf/fsizes/32/0007_dhdl.part0008.xvg,68,1,1564202336.1988747,1564202336.3790784
write,/scratch/hrlee/25200019/temp_project/alchemlyb/perf/fsizes/32/0008_dhdl.part0006.xvg,76,1,1564202336.1989079,1564202336.3796582
write,/scratch/hrlee/25200019/temp_project/alchemlyb/perf/fsizes/32/0007_dhdl.part0004.xvg,64,1,1564202336.198857,1564202336.3798454
write,/scratch/hrlee/25200019/temp_project/alchemlyb/perf/fsizes/32/0010_dhdl.part0007.xvg,97,1,1564202336.318152,1564202336.3812733
write,/scratch/hrlee/25200019/temp_project/alchemlyb/perf/fsizes/32/0003_dhdl.part0008.xvg,28,1,1564202336.016329,1564202336.3810678
write,/scratch/hrlee/25200019/temp_project/alchemlyb/perf/fsizes/32/0008_dhdl.part0008.xvg,78,1,1564202336.198853,1564202336.382353
write,/scratch/hrlee/25200019/temp_project/alchemlyb/perf/fsizes/32/0002_dhdl.part0000.xvg,10,1,1564202335.9904213,1564202336.3821187
write,/scratch/hrlee/25200019/temp_project/alchemlyb/perf/fsizes/32/0010_dhdl.part0002.xvg,92,1,1564202336.278095,1564202336.38381
write,/scratch/hrlee/25200019/temp_project/alchemlyb/perf/fsizes/32/0006_dhdl.part0003.xvg,53,1,1564202336.198855,1564202336.3854456
write,/scratch/hrlee/25200019/temp_project/alchemlyb/perf/fsizes/32/0007_dhdl.part0007.xvg,67,1,1564202336.1644373,1564202336.39656
write,/scratch/hrlee/25200019/temp_project/alchemlyb/perf/fsizes/32/0006_dhdl.part0005.xvg,55,1,1564202336.1989987,1564202336.4050486
write,/scratch/hrlee/25200019/temp_project/alchemlyb/perf/fsizes/32/0009_dhdl.part0007.xvg,87,1,1564202336.2535803,1564202336.4066336
write,/scratch/hrlee/25200019/temp_project/alchemlyb/perf/fsizes/32/0009_dhdl.part0008.xvg,88,1,1564202340.0645652,1564202340.0996587
write,/scratch/hrlee/25200019/temp_project/alchemlyb/perf/fsizes/32/0009_dhdl.part0001.xvg,81,1,1564202340.0636926,1564202340.1012013
write,/scratch/hrlee/25200019/temp_project/alchemlyb/perf/fsizes/32/0009_dhdl.part0004.xvg,84,1,1564202340.067713,1564202340.1020687
write,/scratch/hrlee/25200019/temp_project/alchemlyb/perf/fsizes/32/0010_dhdl.part0005.xvg,95,1,1564202340.0637128,1564202340.1033704
write,/scratch/hrlee/25200019/temp_project/alchemlyb/perf/fsizes/32/0008_dhdl.part0004.xvg,74,1,1564202340.0647516,1564202340.103877
write,/scratch/hrlee/25200019/temp_project/alchemlyb/perf/fsizes/32/0010_dhdl.part0006.xvg,96,1,1564202340.070851,1564202340.1052763
write,/scratch/hrlee/25200019/temp_project/alchemlyb/perf/fsizes/32/0010_dhdl.part0004.xvg,94,1,1564202340.0646057,1564202340.1061585
write,/scratch/hrlee/25200019/temp_project/alchemlyb/perf/fsizes/32/0009_dhdl.part0003.xvg,83,1,1564202340.063687,1564202340.1076603
write,/scratch/hrlee/25200019/temp_project/alchemlyb/perf/fsizes/32/0010_dhdl.part0003.xvg,93,1,1564202340.0647254,1564202340.108832
write,/scratch/hrlee/25200019/temp_project/alchemlyb/perf/fsizes/32/0007_dhdl.part0006.xvg,66,1,1564202340.0645847,1564202340.1096551
write,/scratch/hrlee/25200019/temp_project/alchemlyb/perf/fsizes/32/0009_dhdl.part0006.xvg,86,1,1564202340.063725,1564202340.1102881
write,/scratch/hrlee/25200019/temp_project/alchemlyb/perf/fsizes/32/0010_dhdl.part0008.xvg,98,1,1564202340.0659125,1564202340.1131604
write,/scratch/hrlee/25200019/temp_project/alchemlyb/perf/fsizes/32/0010_dhdl.part0009.xvg,99,1,1564202340.0647688,1564202340.1134682
write,/scratch/hrlee/25200019/temp_project/alchemlyb/perf/fsizes/32/0009_dhdl.part0005.xvg,85,1,1564202340.0671804,1564202340.1136105
write,/scratch/hrlee/25200019/temp_project/alchemlyb/perf/fsizes/32/0008_dhdl.part0005.xvg,75,1,1564202340.0636868,1564202340.1155033
write,/scratch/hrlee/25200019/temp_project/alchemlyb/perf/fsizes/32/0010_dhdl.part0000.xvg,90,1,1564202340.0738053,1564202340.1177917
write,/scratch/hrlee/25200019/temp_project/alchemlyb/perf/fsizes/32/0010_dhdl.part0001.xvg,91,1,1564202340.06372,1564202340.1200645
write,/scratch/hrlee/25200019/temp_project/alchemlyb/perf/fsizes/32/0009_dhdl.part0009.xvg,89,1,1564202340.0637069,1564202340.1205294
write,/scratch/hrlee/25200019/temp_project/alchemlyb/perf/fsizes/32/0008_dhdl.part0003.xvg,73,1,1564202340.0737138,1564202340.122308
read,/scratch/hrlee/25200019/temp_project/alchemlyb/perf/fsizes/32/0001_dhdl.part0007.xvg,7,1,1564202341.2529843,1564202341.3399422
read,/scratch/hrlee/25200019/temp_project/alchemlyb/perf/fsizes/32/0002_dhdl.part0006.xvg,16,1,1564202341.253901,1564202341.3400455
read,/scratch/hrlee/25200019/temp_project/alchemlyb/perf/fsizes/32/0001_dhdl.part0008.xvg,8,1,1564202341.2530832,1564202341.3407345
read,/scratch/hrlee/25200019/temp_project/alchemlyb/perf/fsizes/32/0002_dhdl.part0002.xvg,12,1,1564202341.2534873,1564202341.3414915
read,/scratch/hrlee/25200019/temp_project/alchemlyb/perf/fsizes/32/0002_dhdl.part0004.xvg,14,1,1564202341.2536986,1564202341.3416896
read,/scratch/hrlee/25200019/temp_project/alchemlyb/perf/fsizes/32/0001_dhdl.part0000.xvg,0,1,1564202341.252312,1564202341.34569
read,/scratch/hrlee/25200019/temp_project/alchemlyb/perf/fsizes/32/0001_dhdl.part0004.xvg,4,1,1564202341.2527144,1564202341.34615
read,/scratch/hrlee/25200019/temp_project/alchemlyb/perf/fsizes/32/0003_dhdl.part0005.xvg,25,1,1564202341.2595599,1564202341.348447
read,/scratch/hrlee/25200019/temp_project/alchemlyb/perf/fsizes/32/0001_dhdl.part0009.xvg,9,1,1564202341.25317,1564202341.3507674
read,/scratch/hrlee/25200019/temp_project/alchemlyb/perf/fsizes/32/0002_dhdl.part0001.xvg,11,1,1564202341.2533703,1564202341.3549707
read,/scratch/hrlee/25200019/temp_project/alchemlyb/perf/fsizes/32/0002_dhdl.part0008.xvg,18,1,1564202341.254097,1564202341.365316
read,/scratch/hrlee/25200019/temp_project/alchemlyb/perf/fsizes/32/0003_dhdl.part0002.xvg,22,1,1564202341.2549458,1564202341.366723
read,/scratch/hrlee/25200019/temp_project/alchemlyb/perf/fsizes/32/0003_dhdl.part0000.xvg,20,1,1564202341.254318,1564202341.3687873
read,/scratch/hrlee/25200019/temp_project/alchemlyb/perf/fsizes/32/0003_dhdl.part0001.xvg,21,1,1564202341.2549317,1564202341.3688183
read,/scratch/hrlee/25200019/temp_project/alchemlyb/perf/fsizes/32/0002_dhdl.part0003.xvg,13,1,1564202341.2535815,1564202341.3699079
read,/scratch/hrlee/25200019/temp_project/alchemlyb/perf/fsizes/32/0001_dhdl.part0002.xvg,2,1,1564202341.2524903,1564202341.370307
read,/scratch/hrlee/25200019/temp_project/alchemlyb/perf/fsizes/32/0002_dhdl.part0009.xvg,19,1,1564202341.2542384,1564202341.3710666
read,/scratch/hrlee/25200019/temp_project/alchemlyb/perf/fsizes/32/0002_dhdl.part0005.xvg,15,1,1564202341.253783,1564202341.3714082
read,/scratch/hrlee/25200019/temp_project/alchemlyb/perf/fsizes/32/0001_dhdl.part0006.xvg,6,1,1564202341.2528992,1564202341.3786085
read,/scratch/hrlee/25200019/temp_project/alchemlyb/perf/fsizes/32/0002_dhdl.part0007.xvg,17,1,1564202341.254019,1564202341.3798177
read,/scratch/hrlee/25200019/temp_project/alchemlyb/perf/fsizes/32/0006_dhdl.part0001.xvg,51,1,1564202341.3472855,1564202341.4189193
read,/scratch/hrlee/25200019/temp_project/alchemlyb/perf/fsizes/32/0003_dhdl.part0003.xvg,23,1,1564202341.258703,1564202341.4222713
read,/scratch/hrlee/25200019/temp_project/alchemlyb/perf/fsizes/32/0006_dhdl.part0005.xvg,55,1,1564202341.3522804,1564202341.4255836
read,/scratch/hrlee/25200019/temp_project/alchemlyb/perf/fsizes/32/0002_dhdl.part0000.xvg,10,1,1564202341.2532823,1564202341.444812
read,/scratch/hrlee/25200019/temp_project/alchemlyb/perf/fsizes/32/0004_dhdl.part0007.xvg,37,1,1564202341.2947116,1564202341.4491122
read,/scratch/hrlee/25200019/temp_project/alchemlyb/perf/fsizes/32/0006_dhdl.part0002.xvg,52,1,1564202341.3477187,1564202341.453075
read,/scratch/hrlee/25200019/temp_project/alchemlyb/perf/fsizes/32/0005_dhdl.part0007.xvg,47,1,1564202341.3413484,1564202341.4532232
read,/scratch/hrlee/25200019/temp_project/alchemlyb/perf/fsizes/32/0006_dhdl.part0008.xvg,58,1,1564202341.3665507,1564202341.457627
read,/scratch/hrlee/25200019/temp_project/alchemlyb/perf/fsizes/32/0006_dhdl.part0009.xvg,59,1,1564202341.3678966,1564202341.458836
read,/scratch/hrlee/25200019/temp_project/alchemlyb/perf/fsizes/32/0004_dhdl.part0001.xvg,31,1,1564202341.2831905,1564202341.458559
read,/scratch/hrlee/25200019/temp_project/alchemlyb/perf/fsizes/32/0001_dhdl.part0001.xvg,1,1,1564202341.252403,1564202341.4606576
read,/scratch/hrlee/25200019/temp_project/alchemlyb/perf/fsizes/32/0003_dhdl.part0004.xvg,24,1,1564202341.2593873,1564202341.4854097
read,/scratch/hrlee/25200019/temp_project/alchemlyb/perf/fsizes/32/0004_dhdl.part0002.xvg,32,1,1564202341.2840016,1564202341.4860575
read,/scratch/hrlee/25200019/temp_project/alchemlyb/perf/fsizes/32/0006_dhdl.part0007.xvg,57,1,1564202341.356367,1564202341.4883444
read,/scratch/hrlee/25200019/temp_project/alchemlyb/perf/fsizes/32/0005_dhdl.part0002.xvg,42,1,1564202341.3132384,1564202341.4893587
read,/scratch/hrlee/25200019/temp_project/alchemlyb/perf/fsizes/32/0005_dhdl.part0006.xvg,46,1,1564202341.3281484,1564202341.4893546
read,/scratch/hrlee/25200019/temp_project/alchemlyb/perf/fsizes/32/0005_dhdl.part0000.xvg,40,1,1564202341.3082018,1564202341.4903388
read,/scratch/hrlee/25200019/temp_project/alchemlyb/perf/fsizes/32/0003_dhdl.part0006.xvg,26,1,1564202341.265882,1564202341.4925354
read,/scratch/hrlee/25200019/temp_project/alchemlyb/perf/fsizes/32/0005_dhdl.part0004.xvg,44,1,1564202341.323173,1564202341.4932497
read,/scratch/hrlee/25200019/temp_project/alchemlyb/perf/fsizes/32/0004_dhdl.part0006.xvg,36,1,1564202341.2933,1564202341.4984055
read,/scratch/hrlee/25200019/temp_project/alchemlyb/perf/fsizes/32/0003_dhdl.part0008.xvg,28,1,1564202341.272035,1564202341.4985178
read,/scratch/hrlee/25200019/temp_project/alchemlyb/perf/fsizes/32/0004_dhdl.part0004.xvg,34,1,1564202341.2884114,1564202341.4987237
read,/scratch/hrlee/25200019/temp_project/alchemlyb/perf/fsizes/32/0007_dhdl.part0005.xvg,65,1,1564202341.3796258,1564202341.5034845
read,/scratch/hrlee/25200019/temp_project/alchemlyb/perf/fsizes/32/0007_dhdl.part0000.xvg,60,1,1564202341.370143,1564202341.5048883
read,/scratch/hrlee/25200019/temp_project/alchemlyb/perf/fsizes/32/0008_dhdl.part0005.xvg,75,1,1564202341.4582078,1564202341.5115771
read,/scratch/hrlee/25200019/temp_project/alchemlyb/perf/fsizes/32/0007_dhdl.part0006.xvg,66,1,1564202341.3798318,1564202341.5129285
read,/scratch/hrlee/25200019/temp_project/alchemlyb/perf/fsizes/32/0008_dhdl.part0000.xvg,70,1,1564202341.4261193,1564202341.5143235
read,/scratch/hrlee/25200019/temp_project/alchemlyb/perf/fsizes/32/0006_dhdl.part0003.xvg,53,1,1564202341.348804,1564202341.5155976
read,/scratch/hrlee/25200019/temp_project/alchemlyb/perf/fsizes/32/0005_dhdl.part0009.xvg,49,1,1564202341.342717,1564202341.5235443
read,/scratch/hrlee/25200019/temp_project/alchemlyb/perf/fsizes/32/0008_dhdl.part0004.xvg,74,1,1564202341.4554486,1564202341.5261953
read,/scratch/hrlee/25200019/temp_project/alchemlyb/perf/fsizes/32/0004_dhdl.part0003.xvg,33,1,1564202341.2881784,1564202341.5319343
read,/scratch/hrlee/25200019/temp_project/alchemlyb/perf/fsizes/32/0008_dhdl.part0003.xvg,73,1,1564202341.4540002,1564202341.5341663
read,/scratch/hrlee/25200019/temp_project/alchemlyb/perf/fsizes/32/0009_dhdl.part0001.xvg,81,1,1564202341.489215,1564202341.5400617
read,/scratch/hrlee/25200019/temp_project/alchemlyb/perf/fsizes/32/0001_dhdl.part0005.xvg,5,1,1564202341.2527785,1564202341.5416303
read,/scratch/hrlee/25200019/temp_project/alchemlyb/perf/fsizes/32/0005_dhdl.part0003.xvg,43,1,1564202341.31818,1564202341.552215
read,/scratch/hrlee/25200019/temp_project/alchemlyb/perf/fsizes/32/0009_dhdl.part0004.xvg,84,1,1564202341.493735,1564202341.5552077
read,/scratch/hrlee/25200019/temp_project/alchemlyb/perf/fsizes/32/0009_dhdl.part0003.xvg,83,1,1564202341.491601,1564202341.557247
read,/scratch/hrlee/25200019/temp_project/alchemlyb/perf/fsizes/32/0003_dhdl.part0007.xvg,27,1,1564202341.2660682,1564202341.562022
read,/scratch/hrlee/25200019/temp_project/alchemlyb/perf/fsizes/32/0009_dhdl.part0009.xvg,89,1,1564202341.5013676,1564202341.5630198
read,/scratch/hrlee/25200019/temp_project/alchemlyb/perf/fsizes/32/0009_dhdl.part0006.xvg,86,1,1564202341.4994204,1564202341.5648012
read,/scratch/hrlee/25200019/temp_project/alchemlyb/perf/fsizes/32/0001_dhdl.part0003.xvg,3,1,1564202341.2525773,1564202341.5652585
read,/scratch/hrlee/25200019/temp_project/alchemlyb/perf/fsizes/32/0010_dhdl.part0001.xvg,91,1,1564202341.505345,1564202341.5659904
read,/scratch/hrlee/25200019/temp_project/alchemlyb/perf/fsizes/32/0010_dhdl.part0000.xvg,90,1,1564202341.5041268,1564202341.5709693
read,/scratch/hrlee/25200019/temp_project/alchemlyb/perf/fsizes/32/0010_dhdl.part0004.xvg,94,1,1564202341.5148027,1564202341.5712507
read,/scratch/hrlee/25200019/temp_project/alchemlyb/perf/fsizes/32/0007_dhdl.part0009.xvg,69,1,1564202341.4236057,1564202341.572575
read,/scratch/hrlee/25200019/temp_project/alchemlyb/perf/fsizes/32/0005_dhdl.part0008.xvg,48,1,1564202341.341901,1564202341.5778685
read,/scratch/hrlee/25200019/temp_project/alchemlyb/perf/fsizes/32/0007_dhdl.part0004.xvg,64,1,1564202341.3752077,1564202341.5811117
read,/scratch/hrlee/25200019/temp_project/alchemlyb/perf/fsizes/32/0008_dhdl.part0008.xvg,78,1,1564202341.46203,1564202341.5825582
read,/scratch/hrlee/25200019/temp_project/alchemlyb/perf/fsizes/32/0007_dhdl.part0001.xvg,61,1,1564202341.3715298,1564202341.5843823
read,/scratch/hrlee/25200019/temp_project/alchemlyb/perf/fsizes/32/0006_dhdl.part0006.xvg,56,1,1564202341.352356,1564202341.5863056
read,/scratch/hrlee/25200019/temp_project/alchemlyb/perf/fsizes/32/0006_dhdl.part0000.xvg,50,1,1564202341.3435645,1564202341.5924568
read,/scratch/hrlee/25200019/temp_project/alchemlyb/perf/fsizes/32/0006_dhdl.part0004.xvg,54,1,1564202341.3502994,1564202341.5957265
read,/scratch/hrlee/25200019/temp_project/alchemlyb/perf/fsizes/32/0010_dhdl.part0006.xvg,96,1,1564202341.5244377,1564202341.5978854
read,/scratch/hrlee/25200019/temp_project/alchemlyb/perf/fsizes/32/0007_dhdl.part0003.xvg,63,1,1564202341.372139,1564202341.5998976
read,/scratch/hrlee/25200019/temp_project/alchemlyb/perf/fsizes/32/0007_dhdl.part0008.xvg,68,1,1564202341.419691,1564202341.6047804
read,/scratch/hrlee/25200019/temp_project/alchemlyb/perf/fsizes/32/0008_dhdl.part0001.xvg,71,1,1564202341.446314,1564202341.605231
read,/scratch/hrlee/25200019/temp_project/alchemlyb/perf/fsizes/32/0009_dhdl.part0005.xvg,85,1,1564202341.494539,1564202341.6071615
read,/scratch/hrlee/25200019/temp_project/alchemlyb/perf/fsizes/32/0010_dhdl.part0009.xvg,99,1,1564202341.5352714,1564202341.6072507
read,/scratch/hrlee/25200019/temp_project/alchemlyb/perf/fsizes/32/0009_dhdl.part0008.xvg,88,1,1564202341.5011327,1564202341.6100364
read,/scratch/hrlee/25200019/temp_project/alchemlyb/perf/fsizes/32/0008_dhdl.part0006.xvg,76,1,1564202341.4593275,1564202341.6101177
read,/scratch/hrlee/25200019/temp_project/alchemlyb/perf/fsizes/32/0005_dhdl.part0001.xvg,41,1,1564202341.3131518,1564202341.6112783
read,/scratch/hrlee/25200019/temp_project/alchemlyb/perf/fsizes/32/0003_dhdl.part0009.xvg,29,1,1564202341.2726343,1564202341.6137593
read,/scratch/hrlee/25200019/temp_project/alchemlyb/perf/fsizes/32/0010_dhdl.part0005.xvg,95,1,1564202341.5169044,1564202341.61463
read,/scratch/hrlee/25200019/temp_project/alchemlyb/perf/fsizes/32/0004_dhdl.part0009.xvg,39,1,1564202341.302178,1564202341.6161742
read,/scratch/hrlee/25200019/temp_project/alchemlyb/perf/fsizes/32/0009_dhdl.part0002.xvg,82,1,1564202341.4906552,1564202341.6172657
read,/scratch/hrlee/25200019/temp_project/alchemlyb/perf/fsizes/32/0009_dhdl.part0000.xvg,80,1,1564202341.4871116,1564202341.617893
read,/scratch/hrlee/25200019/temp_project/alchemlyb/perf/fsizes/32/0004_dhdl.part0008.xvg,38,1,1564202341.2947805,1564202341.6181197
read,/scratch/hrlee/25200019/temp_project/alchemlyb/perf/fsizes/32/0010_dhdl.part0008.xvg,98,1,1564202341.53433,1564202341.6187713
read,/scratch/hrlee/25200019/temp_project/alchemlyb/perf/fsizes/32/0004_dhdl.part0005.xvg,35,1,1564202341.2931623,1564202341.6191142
read,/scratch/hrlee/25200019/temp_project/alchemlyb/perf/fsizes/32/0008_dhdl.part0007.xvg,77,1,1564202341.459811,1564202341.6197867
read,/scratch/hrlee/25200019/temp_project/alchemlyb/perf/fsizes/32/0004_dhdl.part0000.xvg,30,1,1564202341.2784839,1564202341.620336
read,/scratch/hrlee/25200019/temp_project/alchemlyb/perf/fsizes/32/0005_dhdl.part0005.xvg,45,1,1564202341.323723,1564202341.6204212
read,/scratch/hrlee/25200019/temp_project/alchemlyb/perf/fsizes/32/0007_dhdl.part0002.xvg,62,1,1564202341.3721871,1564202341.6214323
read,/scratch/hrlee/25200019/temp_project/alchemlyb/perf/fsizes/32/0008_dhdl.part0002.xvg,72,1,1564202341.455328,1564202341.6216922
read,/scratch/hrlee/25200019/temp_project/alchemlyb/perf/fsizes/32/0009_dhdl.part0007.xvg,87,1,1564202341.4994354,1564202341.6240993
read,/scratch/hrlee/25200019/temp_project/alchemlyb/perf/fsizes/32/0007_dhdl.part0007.xvg,67,1,1564202341.3921828,1564202341.6250453
read,/scratch/hrlee/25200019/temp_project/alchemlyb/perf/fsizes/32/0010_dhdl.part0003.xvg,93,1,1564202341.513773,1564202341.6282108
read,/scratch/hrlee/25200019/temp_project/alchemlyb/perf/fsizes/32/0010_dhdl.part0002.xvg,92,1,1564202341.5120797,1564202341.6287
read,/scratch/hrlee/25200019/temp_project/alchemlyb/perf/fsizes/32/0008_dhdl.part0009.xvg,79,1,1564202341.4866555,1564202341.6322148
read,/scratch/hrlee/25200019/temp_project/alchemlyb/perf/fsizes/32/0010_dhdl.part0007.xvg,97,1,1564202341.5269854,1564202341.6375844
write,/scratch/hrlee/25200019/temp_project/alchemlyb/perf/fsizes/32/0004_dhdl.part0007.xvg,37,1,1564202989.5794356,1564202989.6281302
write,/scratch/hrlee/25200019/temp_project/alchemlyb/perf/fsizes/32/0002_dhdl.part0002.xvg,12,1,1564202989.5582244,1564202989.654588
write,/scratch/hrlee/25200019/temp_project/alchemlyb/perf/fsizes/32/0003_dhdl.part0001.xvg,21,1,1564202989.559499,1564202989.6643903
write,/scratch/hrlee/25200019/temp_project/alchemlyb/perf/fsizes/32/0003_dhdl.part0004.xvg,24,1,1564202989.5693738,1564202989.6688948
write,/scratch/hrlee/25200019/temp_project/alchemlyb/perf/fsizes/32/0003_dhdl.part0003.xvg,23,1,1564202989.5598629,1564202989.66934
write,/scratch/hrlee/25200019/temp_project/alchemlyb/perf/fsizes/32/0003_dhdl.part0007.xvg,27,1,1564202989.5764275,1564202989.6766176
write,/scratch/hrlee/25200019/temp_project/alchemlyb/perf/fsizes/32/0004_dhdl.part0006.xvg,36,1,1564202989.5793562,1564202989.681929
write,/scratch/hrlee/25200019/temp_project/alchemlyb/perf/fsizes/32/0003_dhdl.part0002.xvg,22,1,1564202989.559669,1564202989.6854868
write,/scratch/hrlee/25200019/temp_project/alchemlyb/perf/fsizes/32/0001_dhdl.part0007.xvg,7,1,1564202989.5575597,1564202989.688115
write,/scratch/hrlee/25200019/temp_project/alchemlyb/perf/fsizes/32/0004_dhdl.part0000.xvg,30,1,1564202989.5781908,1564202989.690509
write,/scratch/hrlee/25200019/temp_project/alchemlyb/perf/fsizes/32/0002_dhdl.part0009.xvg,19,1,1564202989.5591972,1564202989.6946511
write,/scratch/hrlee/25200019/temp_project/alchemlyb/perf/fsizes/32/0003_dhdl.part0008.xvg,28,1,1564202989.5780318,1564202989.6953998
write,/scratch/hrlee/25200019/temp_project/alchemlyb/perf/fsizes/32/0002_dhdl.part0001.xvg,11,1,1564202989.5580828,1564202989.7032838
write,/scratch/hrlee/25200019/temp_project/alchemlyb/perf/fsizes/32/0001_dhdl.part0000.xvg,0,1,1564202989.5567553,1564202989.7040915
write,/scratch/hrlee/25200019/temp_project/alchemlyb/perf/fsizes/32/0001_dhdl.part0004.xvg,4,1,1564202989.5571704,1564202989.7040915
write,/scratch/hrlee/25200019/temp_project/alchemlyb/perf/fsizes/32/0001_dhdl.part0003.xvg,3,1,1564202989.5570476,1564202989.7065432
write,/scratch/hrlee/25200019/temp_project/alchemlyb/perf/fsizes/32/0001_dhdl.part0008.xvg,8,1,1564202989.5576777,1564202989.7077112
write,/scratch/hrlee/25200019/temp_project/alchemlyb/perf/fsizes/32/0002_dhdl.part0007.xvg,17,1,1564202989.5589266,1564202989.712745
write,/scratch/hrlee/25200019/temp_project/alchemlyb/perf/fsizes/32/0001_dhdl.part0002.xvg,2,1,1564202989.5569537,1564202989.7151673
write,/scratch/hrlee/25200019/temp_project/alchemlyb/perf/fsizes/32/0002_dhdl.part0000.xvg,10,1,1564202989.5579615,1564202989.7163632
write,/scratch/hrlee/25200019/temp_project/alchemlyb/perf/fsizes/32/0002_dhdl.part0004.xvg,14,1,1564202989.558472,1564202989.717571
write,/scratch/hrlee/25200019/temp_project/alchemlyb/perf/fsizes/32/0004_dhdl.part0005.xvg,35,1,1564202989.5791414,1564202989.7181277
write,/scratch/hrlee/25200019/temp_project/alchemlyb/perf/fsizes/32/0001_dhdl.part0001.xvg,1,1,1564202989.5568178,1564202989.7192452
write,/scratch/hrlee/25200019/temp_project/alchemlyb/perf/fsizes/32/0003_dhdl.part0009.xvg,29,1,1564202989.5780792,1564202989.71939
write,/scratch/hrlee/25200019/temp_project/alchemlyb/perf/fsizes/32/0002_dhdl.part0006.xvg,16,1,1564202989.558777,1564202989.72047
write,/scratch/hrlee/25200019/temp_project/alchemlyb/perf/fsizes/32/0001_dhdl.part0005.xvg,5,1,1564202989.5572894,1564202989.7210934
write,/scratch/hrlee/25200019/temp_project/alchemlyb/perf/fsizes/32/0002_dhdl.part0003.xvg,13,1,1564202989.5583465,1564202989.7220457
write,/scratch/hrlee/25200019/temp_project/alchemlyb/perf/fsizes/32/0004_dhdl.part0001.xvg,31,1,1564202989.5782988,1564202989.7223191
write,/scratch/hrlee/25200019/temp_project/alchemlyb/perf/fsizes/32/0001_dhdl.part0009.xvg,9,1,1564202989.5578127,1564202989.724322
write,/scratch/hrlee/25200019/temp_project/alchemlyb/perf/fsizes/32/0004_dhdl.part0003.xvg,33,1,1564202989.5788596,1564202989.7267616
write,/scratch/hrlee/25200019/temp_project/alchemlyb/perf/fsizes/32/0002_dhdl.part0005.xvg,15,1,1564202989.55862,1564202989.729065
write,/scratch/hrlee/25200019/temp_project/alchemlyb/perf/fsizes/32/0004_dhdl.part0008.xvg,38,1,1564202989.5835888,1564202989.732323
write,/scratch/hrlee/25200019/temp_project/alchemlyb/perf/fsizes/32/0003_dhdl.part0005.xvg,25,1,1564202989.5695682,1564202989.7330766
write,/scratch/hrlee/25200019/temp_project/alchemlyb/perf/fsizes/32/0001_dhdl.part0006.xvg,6,1,1564202989.5574257,1564202989.733586
write,/scratch/hrlee/25200019/temp_project/alchemlyb/perf/fsizes/32/0003_dhdl.part0006.xvg,26,1,1564202989.5763254,1564202989.7429142
write,/scratch/hrlee/25200019/temp_project/alchemlyb/perf/fsizes/32/0002_dhdl.part0008.xvg,18,1,1564202989.5590792,1564202989.7440221
write,/scratch/hrlee/25200019/temp_project/alchemlyb/perf/fsizes/32/0004_dhdl.part0004.xvg,34,1,1564202989.5790305,1564202989.7474704
write,/scratch/hrlee/25200019/temp_project/alchemlyb/perf/fsizes/32/0003_dhdl.part0000.xvg,20,1,1564202989.5593526,1564202989.747474
write,/scratch/hrlee/25200019/temp_project/alchemlyb/perf/fsizes/32/0004_dhdl.part0002.xvg,32,1,1564202989.578454,1564202989.765844
write,/scratch/hrlee/25200019/temp_project/alchemlyb/perf/fsizes/32/0007_dhdl.part0004.xvg,64,1,1564202989.7419171,1564202989.822448
write,/scratch/hrlee/25200019/temp_project/alchemlyb/perf/fsizes/32/0009_dhdl.part0000.xvg,80,1,1564202989.7486012,1564202989.8278592
write,/scratch/hrlee/25200019/temp_project/alchemlyb/perf/fsizes/32/0006_dhdl.part0008.xvg,58,1,1564202989.7488666,1564202989.829634
write,/scratch/hrlee/25200019/temp_project/alchemlyb/perf/fsizes/32/0009_dhdl.part0001.xvg,81,1,1564202989.7503803,1564202989.8366132
write,/scratch/hrlee/25200019/temp_project/alchemlyb/perf/fsizes/32/0008_dhdl.part0003.xvg,73,1,1564202989.7406273,1564202989.8408046
write,/scratch/hrlee/25200019/temp_project/alchemlyb/perf/fsizes/32/0005_dhdl.part0004.xvg,44,1,1564202989.750444,1564202989.8468502
write,/scratch/hrlee/25200019/temp_project/alchemlyb/perf/fsizes/32/0008_dhdl.part0006.xvg,76,1,1564202989.7425175,1564202989.8543737
write,/scratch/hrlee/25200019/temp_project/alchemlyb/perf/fsizes/32/0005_dhdl.part0007.xvg,47,1,1564202989.7505214,1564202989.8668303
write,/scratch/hrlee/25200019/temp_project/alchemlyb/perf/fsizes/32/0005_dhdl.part0001.xvg,41,1,1564202989.7504926,1564202989.8807251
write,/scratch/hrlee/25200019/temp_project/alchemlyb/perf/fsizes/32/0007_dhdl.part0008.xvg,68,1,1564202989.740742,1564202989.8847952
write,/scratch/hrlee/25200019/temp_project/alchemlyb/perf/fsizes/32/0005_dhdl.part0005.xvg,45,1,1564202989.7505205,1564202989.8898096
write,/scratch/hrlee/25200019/temp_project/alchemlyb/perf/fsizes/32/0007_dhdl.part0001.xvg,61,1,1564202989.7491338,1564202989.8970857
write,/scratch/hrlee/25200019/temp_project/alchemlyb/perf/fsizes/32/0006_dhdl.part0004.xvg,54,1,1564202989.7417972,1564202989.8984852
write,/scratch/hrlee/25200019/temp_project/alchemlyb/perf/fsizes/32/0007_dhdl.part0007.xvg,67,1,1564202989.752909,1564202989.899057
write,/scratch/hrlee/25200019/temp_project/alchemlyb/perf/fsizes/32/0007_dhdl.part0000.xvg,60,1,1564202989.7406244,1564202989.901452
write,/scratch/hrlee/25200019/temp_project/alchemlyb/perf/fsizes/32/0004_dhdl.part0009.xvg,39,1,1564202989.7504919,1564202989.901452
write,/scratch/hrlee/25200019/temp_project/alchemlyb/perf/fsizes/32/0009_dhdl.part0003.xvg,83,1,1564202989.744838,1564202989.9074159
write,/scratch/hrlee/25200019/temp_project/alchemlyb/perf/fsizes/32/0005_dhdl.part0008.xvg,48,1,1564202989.821734,1564202989.910877
write,/scratch/hrlee/25200019/temp_project/alchemlyb/perf/fsizes/32/0005_dhdl.part0002.xvg,42,1,1564202989.7505193,1564202989.9111323
write,/scratch/hrlee/25200019/temp_project/alchemlyb/perf/fsizes/32/0009_dhdl.part0005.xvg,85,1,1564202989.7483134,1564202989.9128678
write,/scratch/hrlee/25200019/temp_project/alchemlyb/perf/fsizes/32/0005_dhdl.part0003.xvg,43,1,1564202989.7505186,1564202989.9176192
write,/scratch/hrlee/25200019/temp_project/alchemlyb/perf/fsizes/32/0006_dhdl.part0000.xvg,50,1,1564202989.7416954,1564202989.917947
write,/scratch/hrlee/25200019/temp_project/alchemlyb/perf/fsizes/32/0005_dhdl.part0006.xvg,46,1,1564202989.751394,1564202989.9280128
write,/scratch/hrlee/25200019/temp_project/alchemlyb/perf/fsizes/32/0008_dhdl.part0002.xvg,72,1,1564202989.7406251,1564202989.9291003
write,/scratch/hrlee/25200019/temp_project/alchemlyb/perf/fsizes/32/0005_dhdl.part0009.xvg,49,1,1564202989.821734,1564202989.9294376
write,/scratch/hrlee/25200019/temp_project/alchemlyb/perf/fsizes/32/0009_dhdl.part0004.xvg,84,1,1564202989.748312,1564202989.9300625
write,/scratch/hrlee/25200019/temp_project/alchemlyb/perf/fsizes/32/0008_dhdl.part0009.xvg,79,1,1564202989.7529,1564202989.9306767
write,/scratch/hrlee/25200019/temp_project/alchemlyb/perf/fsizes/32/0008_dhdl.part0007.xvg,77,1,1564202989.7506375,1564202989.9315774
write,/scratch/hrlee/25200019/temp_project/alchemlyb/perf/fsizes/32/0006_dhdl.part0005.xvg,55,1,1564202989.7418394,1564202989.9347355
write,/scratch/hrlee/25200019/temp_project/alchemlyb/perf/fsizes/32/0009_dhdl.part0002.xvg,82,1,1564202989.7437763,1564202989.934852
write,/scratch/hrlee/25200019/temp_project/alchemlyb/perf/fsizes/32/0007_dhdl.part0005.xvg,65,1,1564202989.7513592,1564202989.9350598
write,/scratch/hrlee/25200019/temp_project/alchemlyb/perf/fsizes/32/0009_dhdl.part0007.xvg,87,1,1564202989.8228965,1564202989.9359384
write,/scratch/hrlee/25200019/temp_project/alchemlyb/perf/fsizes/32/0006_dhdl.part0009.xvg,59,1,1564202989.821734,1564202989.9373133
write,/scratch/hrlee/25200019/temp_project/alchemlyb/perf/fsizes/32/0006_dhdl.part0002.xvg,52,1,1564202989.7504842,1564202989.9389353
write,/scratch/hrlee/25200019/temp_project/alchemlyb/perf/fsizes/32/0005_dhdl.part0000.xvg,40,1,1564202989.7504394,1564202989.939879
write,/scratch/hrlee/25200019/temp_project/alchemlyb/perf/fsizes/32/0008_dhdl.part0005.xvg,75,1,1564202989.8218777,1564202989.9411185
write,/scratch/hrlee/25200019/temp_project/alchemlyb/perf/fsizes/32/0008_dhdl.part0000.xvg,70,1,1564202989.821734,1564202989.9455528
write,/scratch/hrlee/25200019/temp_project/alchemlyb/perf/fsizes/32/0008_dhdl.part0004.xvg,74,1,1564202989.7406244,1564202989.946367
write,/scratch/hrlee/25200019/temp_project/alchemlyb/perf/fsizes/32/0006_dhdl.part0003.xvg,53,1,1564202989.7529283,1564202989.9484951
write,/scratch/hrlee/25200019/temp_project/alchemlyb/perf/fsizes/32/0006_dhdl.part0006.xvg,56,1,1564202993.9733584,1564202994.0124729
write,/scratch/hrlee/25200019/temp_project/alchemlyb/perf/fsizes/32/0007_dhdl.part0002.xvg,62,1,1564202993.9732873,1564202994.0127163
write,/scratch/hrlee/25200019/temp_project/alchemlyb/perf/fsizes/32/0008_dhdl.part0001.xvg,71,1,1564202993.9732873,1564202994.0169086
write,/scratch/hrlee/25200019/temp_project/alchemlyb/perf/fsizes/32/0006_dhdl.part0007.xvg,57,1,1564202993.973777,1564202994.0189512
write,/scratch/hrlee/25200019/temp_project/alchemlyb/perf/fsizes/32/0010_dhdl.part0002.xvg,92,1,1564202993.9732873,1564202994.0281417
write,/scratch/hrlee/25200019/temp_project/alchemlyb/perf/fsizes/32/0008_dhdl.part0008.xvg,78,1,1564202993.9875722,1564202994.0312228
write,/scratch/hrlee/25200019/temp_project/alchemlyb/perf/fsizes/32/0010_dhdl.part0004.xvg,94,1,1564202993.9732873,1564202994.032069
write,/scratch/hrlee/25200019/temp_project/alchemlyb/perf/fsizes/32/0009_dhdl.part0009.xvg,89,1,1564202993.9837153,1564202994.039121
write,/scratch/hrlee/25200019/temp_project/alchemlyb/perf/fsizes/32/0010_dhdl.part0009.xvg,99,1,1564202993.9751039,1564202994.0433857
write,/scratch/hrlee/25200019/temp_project/alchemlyb/perf/fsizes/32/0010_dhdl.part0007.xvg,97,1,1564202993.973287,1564202994.0444841
write,/scratch/hrlee/25200019/temp_project/alchemlyb/perf/fsizes/32/0009_dhdl.part0006.xvg,86,1,1564202993.973287,1564202994.0448494
write,/scratch/hrlee/25200019/temp_project/alchemlyb/perf/fsizes/32/0010_dhdl.part0003.xvg,93,1,1564202993.9836779,1564202994.0449383
write,/scratch/hrlee/25200019/temp_project/alchemlyb/perf/fsizes/32/0010_dhdl.part0005.xvg,95,1,1564202993.9734325,1564202994.0481756
write,/scratch/hrlee/25200019/temp_project/alchemlyb/perf/fsizes/32/0010_dhdl.part0000.xvg,90,1,1564202993.9734454,1564202994.0510907
write,/scratch/hrlee/25200019/temp_project/alchemlyb/perf/fsizes/32/0010_dhdl.part0001.xvg,91,1,1564202993.9795547,1564202994.0528712
write,/scratch/hrlee/25200019/temp_project/alchemlyb/perf/fsizes/32/0010_dhdl.part0008.xvg,98,1,1564202993.9749641,1564202994.053675
write,/scratch/hrlee/25200019/temp_project/alchemlyb/perf/fsizes/32/0010_dhdl.part0006.xvg,96,1,1564202993.9734724,1564202994.0565665
write,/scratch/hrlee/25200019/temp_project/alchemlyb/perf/fsizes/32/0006_dhdl.part0001.xvg,51,1,1564202993.9805665,1564202994.0612578
write,/scratch/hrlee/25200019/temp_project/alchemlyb/perf/fsizes/32/0007_dhdl.part0006.xvg,66,1,1564202993.973287,1564202994.0623417
write,/scratch/hrlee/25200019/temp_project/alchemlyb/perf/fsizes/32/0007_dhdl.part0009.xvg,69,1,1564202993.9802043,1564202994.063592
write,/scratch/hrlee/25200019/temp_project/alchemlyb/perf/fsizes/32/0009_dhdl.part0008.xvg,88,1,1564202993.9875576,1564202994.0653408
write,/scratch/hrlee/25200019/temp_project/alchemlyb/perf/fsizes/32/0007_dhdl.part0003.xvg,63,1,1564202993.9836955,1564202994.0673208
read,/scratch/hrlee/25200019/temp_project/alchemlyb/perf/fsizes/32/0001_dhdl.part0003.xvg,3,1,1564202995.122593,1564202995.1957717
read,/scratch/hrlee/25200019/temp_project/alchemlyb/perf/fsizes/32/0002_dhdl.part0003.xvg,13,1,1564202995.1235645,1564202995.1960592
read,/scratch/hrlee/25200019/temp_project/alchemlyb/perf/fsizes/32/0002_dhdl.part0007.xvg,17,1,1564202995.1240041,1564202995.1966422
read,/scratch/hrlee/25200019/temp_project/alchemlyb/perf/fsizes/32/0003_dhdl.part0001.xvg,21,1,1564202995.1244495,1564202995.1969817
read,/scratch/hrlee/25200019/temp_project/alchemlyb/perf/fsizes/32/0001_dhdl.part0009.xvg,9,1,1564202995.1231742,1564202995.1971838
read,/scratch/hrlee/25200019/temp_project/alchemlyb/perf/fsizes/32/0002_dhdl.part0005.xvg,15,1,1564202995.1237926,1564202995.197216
read,/scratch/hrlee/25200019/temp_project/alchemlyb/perf/fsizes/32/0002_dhdl.part0001.xvg,11,1,1564202995.1233652,1564202995.1976674
read,/scratch/hrlee/25200019/temp_project/alchemlyb/perf/fsizes/32/0002_dhdl.part0009.xvg,19,1,1564202995.124216,1564202995.197851
read,/scratch/hrlee/25200019/temp_project/alchemlyb/perf/fsizes/32/0001_dhdl.part0007.xvg,7,1,1564202995.1229808,1564202995.1985967
read,/scratch/hrlee/25200019/temp_project/alchemlyb/perf/fsizes/32/0001_dhdl.part0008.xvg,8,1,1564202995.1230783,1564202995.2059047
read,/scratch/hrlee/25200019/temp_project/alchemlyb/perf/fsizes/32/0002_dhdl.part0000.xvg,10,1,1564202995.123273,1564202995.206881
read,/scratch/hrlee/25200019/temp_project/alchemlyb/perf/fsizes/32/0002_dhdl.part0002.xvg,12,1,1564202995.1234748,1564202995.2088315
read,/scratch/hrlee/25200019/temp_project/alchemlyb/perf/fsizes/32/0002_dhdl.part0004.xvg,14,1,1564202995.1236928,1564202995.2098975
read,/scratch/hrlee/25200019/temp_project/alchemlyb/perf/fsizes/32/0002_dhdl.part0008.xvg,18,1,1564202995.1241295,1564202995.2100472
read,/scratch/hrlee/25200019/temp_project/alchemlyb/perf/fsizes/32/0001_dhdl.part0004.xvg,4,1,1564202995.1226861,1564202995.2100053
read,/scratch/hrlee/25200019/temp_project/alchemlyb/perf/fsizes/32/0002_dhdl.part0006.xvg,16,1,1564202995.1239102,1564202995.2102914
read,/scratch/hrlee/25200019/temp_project/alchemlyb/perf/fsizes/32/0003_dhdl.part0002.xvg,22,1,1564202995.1245956,1564202995.210764
read,/scratch/hrlee/25200019/temp_project/alchemlyb/perf/fsizes/32/0003_dhdl.part0000.xvg,20,1,1564202995.124354,1564202995.21096
read,/scratch/hrlee/25200019/temp_project/alchemlyb/perf/fsizes/32/0001_dhdl.part0002.xvg,2,1,1564202995.1225073,1564202995.2222333
read,/scratch/hrlee/25200019/temp_project/alchemlyb/perf/fsizes/32/0006_dhdl.part0001.xvg,51,1,1564202995.1979146,1564202995.2359235
read,/scratch/hrlee/25200019/temp_project/alchemlyb/perf/fsizes/32/0006_dhdl.part0006.xvg,56,1,1564202995.2072701,1564202995.2668135
read,/scratch/hrlee/25200019/temp_project/alchemlyb/perf/fsizes/32/0006_dhdl.part0007.xvg,57,1,1564202995.2080119,1564202995.267676
read,/scratch/hrlee/25200019/temp_project/alchemlyb/perf/fsizes/32/0006_dhdl.part0002.xvg,52,1,1564202995.1979744,1564202995.2687504
read,/scratch/hrlee/25200019/temp_project/alchemlyb/perf/fsizes/32/0006_dhdl.part0003.xvg,53,1,1564202995.1983898,1564202995.2712631
read,/scratch/hrlee/25200019/temp_project/alchemlyb/perf/fsizes/32/0007_dhdl.part0002.xvg,62,1,1564202995.2111382,1564202995.2725575
read,/scratch/hrlee/25200019/temp_project/alchemlyb/perf/fsizes/32/0007_dhdl.part0003.xvg,63,1,1564202995.2117143,1564202995.27308
read,/scratch/hrlee/25200019/temp_project/alchemlyb/perf/fsizes/32/0005_dhdl.part0009.xvg,49,1,1564202995.1974783,1564202995.2755015
read,/scratch/hrlee/25200019/temp_project/alchemlyb/perf/fsizes/32/0005_dhdl.part0008.xvg,48,1,1564202995.1972284,1564202995.2770844
read,/scratch/hrlee/25200019/temp_project/alchemlyb/perf/fsizes/32/0005_dhdl.part0007.xvg,47,1,1564202995.1971736,1564202995.2775838
read,/scratch/hrlee/25200019/temp_project/alchemlyb/perf/fsizes/32/0006_dhdl.part0000.xvg,50,1,1564202995.1977618,1564202995.277888
read,/scratch/hrlee/25200019/temp_project/alchemlyb/perf/fsizes/32/0006_dhdl.part0004.xvg,54,1,1564202995.1985781,1564202995.2846138
read,/scratch/hrlee/25200019/temp_project/alchemlyb/perf/fsizes/32/0006_dhdl.part0008.xvg,58,1,1564202995.210165,1564202995.2850394
read,/scratch/hrlee/25200019/temp_project/alchemlyb/perf/fsizes/32/0006_dhdl.part0009.xvg,59,1,1564202995.2109752,1564202995.28572
read,/scratch/hrlee/25200019/temp_project/alchemlyb/perf/fsizes/32/0007_dhdl.part0000.xvg,60,1,1564202995.210985,1564202995.286913
read,/scratch/hrlee/25200019/temp_project/alchemlyb/perf/fsizes/32/0007_dhdl.part0004.xvg,64,1,1564202995.2119522,1564202995.2875845
read,/scratch/hrlee/25200019/temp_project/alchemlyb/perf/fsizes/32/0007_dhdl.part0006.xvg,66,1,1564202995.2239518,1564202995.2929308
read,/scratch/hrlee/25200019/temp_project/alchemlyb/perf/fsizes/32/0006_dhdl.part0005.xvg,55,1,1564202995.1998591,1564202995.2966082
read,/scratch/hrlee/25200019/temp_project/alchemlyb/perf/fsizes/32/0007_dhdl.part0007.xvg,67,1,1564202995.2372596,1564202995.3042507
read,/scratch/hrlee/25200019/temp_project/alchemlyb/perf/fsizes/32/0001_dhdl.part0005.xvg,5,1,1564202995.1227806,1564202995.3114803
read,/scratch/hrlee/25200019/temp_project/alchemlyb/perf/fsizes/32/0008_dhdl.part0001.xvg,71,1,1564202995.2723005,1564202995.325228
read,/scratch/hrlee/25200019/temp_project/alchemlyb/perf/fsizes/32/0007_dhdl.part0009.xvg,69,1,1564202995.2684128,1564202995.332672
read,/scratch/hrlee/25200019/temp_project/alchemlyb/perf/fsizes/32/0008_dhdl.part0000.xvg,70,1,1564202995.269809,1564202995.3335419
read,/scratch/hrlee/25200019/temp_project/alchemlyb/perf/fsizes/32/0008_dhdl.part0004.xvg,74,1,1564202995.2764633,1564202995.3397546
read,/scratch/hrlee/25200019/temp_project/alchemlyb/perf/fsizes/32/0008_dhdl.part0008.xvg,78,1,1564202995.2856226,1564202995.3443592
read,/scratch/hrlee/25200019/temp_project/alchemlyb/perf/fsizes/32/0004_dhdl.part0001.xvg,31,1,1564202995.1633592,1564202995.3492434
read,/scratch/hrlee/25200019/temp_project/alchemlyb/perf/fsizes/32/0008_dhdl.part0006.xvg,76,1,1564202995.2782931,1564202995.3507705
read,/scratch/hrlee/25200019/temp_project/alchemlyb/perf/fsizes/32/0007_dhdl.part0001.xvg,61,1,1564202995.2110558,1564202995.3509886
read,/scratch/hrlee/25200019/temp_project/alchemlyb/perf/fsizes/32/0003_dhdl.part0009.xvg,29,1,1564202995.1510837,1564202995.351542
read,/scratch/hrlee/25200019/temp_project/alchemlyb/perf/fsizes/32/0004_dhdl.part0000.xvg,30,1,1564202995.1572793,1564202995.343971
read,/scratch/hrlee/25200019/temp_project/alchemlyb/perf/fsizes/32/0008_dhdl.part0002.xvg,72,1,1564202995.2735455,1564202995.3532336
read,/scratch/hrlee/25200019/temp_project/alchemlyb/perf/fsizes/32/0008_dhdl.part0003.xvg,73,1,1564202995.2737117,1564202995.3560855
read,/scratch/hrlee/25200019/temp_project/alchemlyb/perf/fsizes/32/0005_dhdl.part0005.xvg,45,1,1564202995.1902838,1564202995.3632753
read,/scratch/hrlee/25200019/temp_project/alchemlyb/perf/fsizes/32/0008_dhdl.part0009.xvg,79,1,1564202995.2857647,1564202995.3645291
read,/scratch/hrlee/25200019/temp_project/alchemlyb/perf/fsizes/32/0009_dhdl.part0001.xvg,81,1,1564202995.2877173,1564202995.3682263
read,/scratch/hrlee/25200019/temp_project/alchemlyb/perf/fsizes/32/0009_dhdl.part0000.xvg,80,1,1564202995.2864823,1564202995.3689299
read,/scratch/hrlee/25200019/temp_project/alchemlyb/perf/fsizes/32/0009_dhdl.part0002.xvg,82,1,1564202995.2881744,1564202995.3697917
read,/scratch/hrlee/25200019/temp_project/alchemlyb/perf/fsizes/32/0001_dhdl.part0000.xvg,0,1,1564202995.1223123,1564202995.3794558
read,/scratch/hrlee/25200019/temp_project/alchemlyb/perf/fsizes/32/0009_dhdl.part0009.xvg,89,1,1564202995.3348897,1564202995.3834832
read,/scratch/hrlee/25200019/temp_project/alchemlyb/perf/fsizes/32/0010_dhdl.part0000.xvg,90,1,1564202995.340755,1564202995.386272
read,/scratch/hrlee/25200019/temp_project/alchemlyb/perf/fsizes/32/0007_dhdl.part0005.xvg,65,1,1564202995.2156093,1564202995.3766284
read,/scratch/hrlee/25200019/temp_project/alchemlyb/perf/fsizes/32/0009_dhdl.part0003.xvg,83,1,1564202995.2940032,1564202995.3914914
read,/scratch/hrlee/25200019/temp_project/alchemlyb/perf/fsizes/32/0005_dhdl.part0006.xvg,46,1,1564202995.1908042,1564202995.3981209
read,/scratch/hrlee/25200019/temp_project/alchemlyb/perf/fsizes/32/0004_dhdl.part0008.xvg,38,1,1564202995.174992,1564202995.398334
read,/scratch/hrlee/25200019/temp_project/alchemlyb/perf/fsizes/32/0010_dhdl.part0001.xvg,91,1,1564202995.3451931,1564202995.4006026
read,/scratch/hrlee/25200019/temp_project/alchemlyb/perf/fsizes/32/0005_dhdl.part0004.xvg,44,1,1564202995.185684,1564202995.4017467
read,/scratch/hrlee/25200019/temp_project/alchemlyb/perf/fsizes/32/0010_dhdl.part0006.xvg,96,1,1564202995.3542187,1564202995.4049954
read,/scratch/hrlee/25200019/temp_project/alchemlyb/perf/fsizes/32/0005_dhdl.part0000.xvg,40,1,1564202995.1756098,1564202995.4062598
read,/scratch/hrlee/25200019/temp_project/alchemlyb/perf/fsizes/32/0004_dhdl.part0005.xvg,35,1,1564202995.1707304,1564202995.4068043
read,/scratch/hrlee/25200019/temp_project/alchemlyb/perf/fsizes/32/0010_dhdl.part0008.xvg,98,1,1564202995.3569062,1564202995.407193
read,/scratch/hrlee/25200019/temp_project/alchemlyb/perf/fsizes/32/0004_dhdl.part0006.xvg,36,1,1564202995.1804078,1564202995.407192
read,/scratch/hrlee/25200019/temp_project/alchemlyb/perf/fsizes/32/0009_dhdl.part0008.xvg,88,1,1564202995.333633,1564202995.4077268
read,/scratch/hrlee/25200019/temp_project/alchemlyb/perf/fsizes/32/0010_dhdl.part0002.xvg,92,1,1564202995.3517752,1564202995.4085822
read,/scratch/hrlee/25200019/temp_project/alchemlyb/perf/fsizes/32/0003_dhdl.part0008.xvg,28,1,1564202995.146424,1564202995.4092083
read,/scratch/hrlee/25200019/temp_project/alchemlyb/perf/fsizes/32/0003_dhdl.part0006.xvg,26,1,1564202995.14049,1564202995.4097252
read,/scratch/hrlee/25200019/temp_project/alchemlyb/perf/fsizes/32/0005_dhdl.part0002.xvg,42,1,1564202995.1804078,1564202995.4101536
read,/scratch/hrlee/25200019/temp_project/alchemlyb/perf/fsizes/32/0007_dhdl.part0008.xvg,68,1,1564202995.2677941,1564202995.4105294
read,/scratch/hrlee/25200019/temp_project/alchemlyb/perf/fsizes/32/0009_dhdl.part0005.xvg,85,1,1564202995.305345,1564202995.4114342
read,/scratch/hrlee/25200019/temp_project/alchemlyb/perf/fsizes/32/0004_dhdl.part0007.xvg,37,1,1564202995.1715019,1564202995.4112678
read,/scratch/hrlee/25200019/temp_project/alchemlyb/perf/fsizes/32/0001_dhdl.part0006.xvg,6,1,1564202995.1228776,1564202995.4133794
read,/scratch/hrlee/25200019/temp_project/alchemlyb/perf/fsizes/32/0010_dhdl.part0003.xvg,93,1,1564202995.3528562,1564202995.4137592
read,/scratch/hrlee/25200019/temp_project/alchemlyb/perf/fsizes/32/0009_dhdl.part0006.xvg,86,1,1564202995.3135135,1564202995.4155252
read,/scratch/hrlee/25200019/temp_project/alchemlyb/perf/fsizes/32/0003_dhdl.part0004.xvg,24,1,1564202995.1335564,1564202995.416851
read,/scratch/hrlee/25200019/temp_project/alchemlyb/perf/fsizes/32/0004_dhdl.part0004.xvg,34,1,1564202995.1701965,1564202995.4269934
read,/scratch/hrlee/25200019/temp_project/alchemlyb/perf/fsizes/32/0004_dhdl.part0002.xvg,32,1,1564202995.1709657,1564202995.4279287
read,/scratch/hrlee/25200019/temp_project/alchemlyb/perf/fsizes/32/0004_dhdl.part0003.xvg,33,1,1564202995.163729,1564202995.429731
read,/scratch/hrlee/25200019/temp_project/alchemlyb/perf/fsizes/32/0003_dhdl.part0005.xvg,25,1,1564202995.1402097,1564202995.432205
read,/scratch/hrlee/25200019/temp_project/alchemlyb/perf/fsizes/32/0010_dhdl.part0009.xvg,99,1,1564202995.364995,1564202995.4328392
read,/scratch/hrlee/25200019/temp_project/alchemlyb/perf/fsizes/32/0005_dhdl.part0003.xvg,43,1,1564202995.1855009,1564202995.4338548
read,/scratch/hrlee/25200019/temp_project/alchemlyb/perf/fsizes/32/0009_dhdl.part0007.xvg,87,1,1564202995.3265123,1564202995.4358358
read,/scratch/hrlee/25200019/temp_project/alchemlyb/perf/fsizes/32/0009_dhdl.part0004.xvg,84,1,1564202995.3009818,1564202995.4360974
read,/scratch/hrlee/25200019/temp_project/alchemlyb/perf/fsizes/32/0001_dhdl.part0001.xvg,1,1,1564202995.1224036,1564202995.4369867
read,/scratch/hrlee/25200019/temp_project/alchemlyb/perf/fsizes/32/0008_dhdl.part0007.xvg,77,1,1564202995.2793796,1564202995.4374976
read,/scratch/hrlee/25200019/temp_project/alchemlyb/perf/fsizes/32/0008_dhdl.part0005.xvg,75,1,1564202995.2782173,1564202995.4406009
read,/scratch/hrlee/25200019/temp_project/alchemlyb/perf/fsizes/32/0010_dhdl.part0005.xvg,95,1,1564202995.3539462,1564202995.4412074
read,/scratch/hrlee/25200019/temp_project/alchemlyb/perf/fsizes/32/0010_dhdl.part0007.xvg,97,1,1564202995.3565502,1564202995.441359
read,/scratch/hrlee/25200019/temp_project/alchemlyb/perf/fsizes/32/0005_dhdl.part0001.xvg,41,1,1564202995.1802888,1564202995.4411893
read,/scratch/hrlee/25200019/temp_project/alchemlyb/perf/fsizes/32/0003_dhdl.part0003.xvg,23,1,1564202995.1332552,1564202995.4417353
read,/scratch/hrlee/25200019/temp_project/alchemlyb/perf/fsizes/32/0003_dhdl.part0007.xvg,27,1,1564202995.1462386,1564202995.4419231
read,/scratch/hrlee/25200019/temp_project/alchemlyb/perf/fsizes/32/0010_dhdl.part0004.xvg,94,1,1564202995.352849,1564202995.4426405
read,/scratch/hrlee/25200019/temp_project/alchemlyb/perf/fsizes/32/0004_dhdl.part0009.xvg,39,1,1564202995.1754804,1564202995.4461339
