write,/scratch/hrlee/25201812/temp_project/alchemlyb/perf/fsizes/32/0004_dhdl.part0003.xvg,33,1,1564204207.8109596,1564204207.8458533
write,/scratch/hrlee/25201812/temp_project/alchemlyb/perf/fsizes/32/0001_dhdl.part0006.xvg,6,1,1564204207.8103445,1564204207.8458261
write,/scratch/hrlee/25201812/temp_project/alchemlyb/perf/fsizes/32/0003_dhdl.part0007.xvg,27,1,1564204207.8108268,1564204207.8457074
write,/scratch/hrlee/25201812/temp_project/alchemlyb/perf/fsizes/32/0006_dhdl.part0001.xvg,51,1,1564204207.8113441,1564204207.8458872
write,/scratch/hrlee/25201812/temp_project/alchemlyb/perf/fsizes/32/0002_dhdl.part0002.xvg,12,1,1564204207.8104813,1564204207.8458855
write,/scratch/hrlee/25201812/temp_project/alchemlyb/perf/fsizes/32/0002_dhdl.part0008.xvg,18,1,1564204207.8106117,1564204207.8462577
write,/scratch/hrlee/25201812/temp_project/alchemlyb/perf/fsizes/32/0004_dhdl.part0009.xvg,39,1,1564204207.8111145,1564204207.8465858
write,/scratch/hrlee/25201812/temp_project/alchemlyb/perf/fsizes/32/0002_dhdl.part0005.xvg,15,1,1564204207.8105423,1564204207.847007
write,/scratch/hrlee/25201812/temp_project/alchemlyb/perf/fsizes/32/0006_dhdl.part0007.xvg,57,1,1564204207.8114793,1564204207.8470526
write,/scratch/hrlee/25201812/temp_project/alchemlyb/perf/fsizes/32/0005_dhdl.part0008.xvg,48,1,1564204207.8121493,1564204207.8470507
write,/scratch/hrlee/25201812/temp_project/alchemlyb/perf/fsizes/32/0005_dhdl.part0005.xvg,45,1,1564204207.811255,1564204207.8476999
write,/scratch/hrlee/25201812/temp_project/alchemlyb/perf/fsizes/32/0001_dhdl.part0003.xvg,3,1,1564204207.8102577,1564204207.8497567
write,/scratch/hrlee/25201812/temp_project/alchemlyb/perf/fsizes/32/0005_dhdl.part0002.xvg,42,1,1564204207.8111982,1564204207.8551476
write,/scratch/hrlee/25201812/temp_project/alchemlyb/perf/fsizes/32/0006_dhdl.part0004.xvg,54,1,1564204207.8114588,1564204207.8558817
write,/scratch/hrlee/25201812/temp_project/alchemlyb/perf/fsizes/32/0004_dhdl.part0006.xvg,36,1,1564204207.8110662,1564204207.8562331
write,/scratch/hrlee/25201812/temp_project/alchemlyb/perf/fsizes/32/0001_dhdl.part0009.xvg,9,1,1564204207.8104,1564204207.8599646
write,/scratch/hrlee/25201812/temp_project/alchemlyb/perf/fsizes/32/0007_dhdl.part0000.xvg,60,1,1564204207.8115673,1564204207.8606343
write,/scratch/hrlee/25201812/temp_project/alchemlyb/perf/fsizes/32/0004_dhdl.part0000.xvg,30,1,1564204207.8109076,1564204207.861342
write,/scratch/hrlee/25201812/temp_project/alchemlyb/perf/fsizes/32/0001_dhdl.part0000.xvg,0,1,1564204207.810242,1564204207.861849
write,/scratch/hrlee/25201812/temp_project/alchemlyb/perf/fsizes/32/0003_dhdl.part0004.xvg,24,1,1564204207.8107643,1564204207.8645327
write,/scratch/hrlee/25201812/temp_project/alchemlyb/perf/fsizes/32/0003_dhdl.part0001.xvg,21,1,1564204207.8106906,1564204207.8650746
write,/scratch/hrlee/25201812/temp_project/alchemlyb/perf/fsizes/32/0001_dhdl.part0001.xvg,1,1,1564204208.8735268,1564204208.9102802
write,/scratch/hrlee/25201812/temp_project/alchemlyb/perf/fsizes/32/0003_dhdl.part0005.xvg,25,1,1564204208.8743894,1564204208.911041
write,/scratch/hrlee/25201812/temp_project/alchemlyb/perf/fsizes/32/0003_dhdl.part0008.xvg,28,1,1564204208.8735182,1564204208.9138126
write,/scratch/hrlee/25201812/temp_project/alchemlyb/perf/fsizes/32/0002_dhdl.part0009.xvg,19,1,1564204208.874433,1564204208.9139433
write,/scratch/hrlee/25201812/temp_project/alchemlyb/perf/fsizes/32/0002_dhdl.part0000.xvg,10,1,1564204208.8735054,1564204208.927049
write,/scratch/hrlee/25201812/temp_project/alchemlyb/perf/fsizes/32/0001_dhdl.part0004.xvg,4,1,1564204208.8735237,1564204208.930266
write,/scratch/hrlee/25201812/temp_project/alchemlyb/perf/fsizes/32/0007_dhdl.part0001.xvg,61,1,1564204208.8735008,1564204208.930455
write,/scratch/hrlee/25201812/temp_project/alchemlyb/perf/fsizes/32/0001_dhdl.part0007.xvg,7,1,1564204208.8743672,1564204208.9326448
write,/scratch/hrlee/25201812/temp_project/alchemlyb/perf/fsizes/32/0005_dhdl.part0000.xvg,40,1,1564204208.8735163,1564204208.93462
write,/scratch/hrlee/25201812/temp_project/alchemlyb/perf/fsizes/32/0004_dhdl.part0001.xvg,31,1,1564204208.8735003,1564204208.93717
write,/scratch/hrlee/25201812/temp_project/alchemlyb/perf/fsizes/32/0007_dhdl.part0009.xvg,69,1,1564204208.874153,1564204208.9373565
write,/scratch/hrlee/25201812/temp_project/alchemlyb/perf/fsizes/32/0007_dhdl.part0003.xvg,63,1,1564204208.8735383,1564204208.943774
write,/scratch/hrlee/25201812/temp_project/alchemlyb/perf/fsizes/32/0002_dhdl.part0006.xvg,16,1,1564204208.8735201,1564204208.9441466
write,/scratch/hrlee/25201812/temp_project/alchemlyb/perf/fsizes/32/0004_dhdl.part0004.xvg,34,1,1564204208.8743665,1564204208.9457252
write,/scratch/hrlee/25201812/temp_project/alchemlyb/perf/fsizes/32/0003_dhdl.part0002.xvg,22,1,1564204208.8734899,1564204208.9479773
write,/scratch/hrlee/25201812/temp_project/alchemlyb/perf/fsizes/32/0006_dhdl.part0002.xvg,52,1,1564204208.873491,1564204208.9506073
write,/scratch/hrlee/25201812/temp_project/alchemlyb/perf/fsizes/32/0004_dhdl.part0007.xvg,37,1,1564204208.8744078,1564204208.9517493
write,/scratch/hrlee/25201812/temp_project/alchemlyb/perf/fsizes/32/0007_dhdl.part0006.xvg,66,1,1564204208.8735664,1564204208.9540722
write,/scratch/hrlee/25201812/temp_project/alchemlyb/perf/fsizes/32/0005_dhdl.part0003.xvg,43,1,1564204208.8746545,1564204208.957578
write,/scratch/hrlee/25201812/temp_project/alchemlyb/perf/fsizes/32/0006_dhdl.part0005.xvg,55,1,1564204208.8778582,1564204208.958955
write,/scratch/hrlee/25201812/temp_project/alchemlyb/perf/fsizes/32/0002_dhdl.part0001.xvg,11,1,1564204209.1160276,1564204209.158686
write,/scratch/hrlee/25201812/temp_project/alchemlyb/perf/fsizes/32/0001_dhdl.part0008.xvg,8,1,1564204209.1202946,1564204209.1825182
write,/scratch/hrlee/25201812/temp_project/alchemlyb/perf/fsizes/32/0006_dhdl.part0006.xvg,56,1,1564204209.1202946,1564204209.1958067
write,/scratch/hrlee/25201812/temp_project/alchemlyb/perf/fsizes/32/0001_dhdl.part0002.xvg,2,1,1564204209.1160276,1564204209.200501
write,/scratch/hrlee/25201812/temp_project/alchemlyb/perf/fsizes/32/0003_dhdl.part0009.xvg,29,1,1564204209.1202958,1564204209.20156
write,/scratch/hrlee/25201812/temp_project/alchemlyb/perf/fsizes/32/0003_dhdl.part0000.xvg,20,1,1564204209.1202946,1564204209.2066596
write,/scratch/hrlee/25201812/temp_project/alchemlyb/perf/fsizes/32/0004_dhdl.part0005.xvg,35,1,1564204209.131269,1564204209.2139802
write,/scratch/hrlee/25201812/temp_project/alchemlyb/perf/fsizes/32/0005_dhdl.part0004.xvg,44,1,1564204209.1203198,1564204209.2146745
write,/scratch/hrlee/25201812/temp_project/alchemlyb/perf/fsizes/32/0004_dhdl.part0002.xvg,32,1,1564204209.1203198,1564204209.215978
write,/scratch/hrlee/25201812/temp_project/alchemlyb/perf/fsizes/32/0001_dhdl.part0005.xvg,5,1,1564204209.1160276,1564204209.219794
write,/scratch/hrlee/25201812/temp_project/alchemlyb/perf/fsizes/32/0003_dhdl.part0006.xvg,26,1,1564204209.1203198,1564204209.224905
write,/scratch/hrlee/25201812/temp_project/alchemlyb/perf/fsizes/32/0005_dhdl.part0006.xvg,46,1,1564204209.1202946,1564204209.2272313
write,/scratch/hrlee/25201812/temp_project/alchemlyb/perf/fsizes/32/0003_dhdl.part0003.xvg,23,1,1564204209.1203198,1564204209.2348514
write,/scratch/hrlee/25201812/temp_project/alchemlyb/perf/fsizes/32/0005_dhdl.part0009.xvg,49,1,1564204209.120341,1564204209.2361186
write,/scratch/hrlee/25201812/temp_project/alchemlyb/perf/fsizes/32/0007_dhdl.part0007.xvg,67,1,1564204209.121047,1564204209.2458973
write,/scratch/hrlee/25201812/temp_project/alchemlyb/perf/fsizes/32/0007_dhdl.part0002.xvg,62,1,1564204209.1160347,1564204209.2461057
write,/scratch/hrlee/25201812/temp_project/alchemlyb/perf/fsizes/32/0004_dhdl.part0008.xvg,38,1,1564204209.1203198,1564204209.2486138
write,/scratch/hrlee/25201812/temp_project/alchemlyb/perf/fsizes/32/0002_dhdl.part0003.xvg,13,1,1564204209.135815,1564204209.2512853
write,/scratch/hrlee/25201812/temp_project/alchemlyb/perf/fsizes/32/0008_dhdl.part0000.xvg,70,1,1564204209.1202946,1564204209.2531366
write,/scratch/hrlee/25201812/temp_project/alchemlyb/perf/fsizes/32/0005_dhdl.part0001.xvg,41,1,1564204209.1202946,1564204209.2543378
write,/scratch/hrlee/25201812/temp_project/alchemlyb/perf/fsizes/32/0006_dhdl.part0003.xvg,53,1,1564204209.1210449,1564204209.257737
write,/scratch/hrlee/25201812/temp_project/alchemlyb/perf/fsizes/32/0006_dhdl.part0008.xvg,58,1,1564204209.1202946,1564204209.2631376
write,/scratch/hrlee/25201812/temp_project/alchemlyb/perf/fsizes/32/0012_dhdl.part0007.xvg,117,1,1564204213.2188165,1564204213.2593875
write,/scratch/hrlee/25201812/temp_project/alchemlyb/perf/fsizes/32/0002_dhdl.part0007.xvg,17,1,1564204213.2185378,1564204213.2638302
write,/scratch/hrlee/25201812/temp_project/alchemlyb/perf/fsizes/32/0011_dhdl.part0002.xvg,102,1,1564204213.2185805,1564204213.2639413
write,/scratch/hrlee/25201812/temp_project/alchemlyb/perf/fsizes/32/0007_dhdl.part0004.xvg,64,1,1564204213.218787,1564204213.2686832
write,/scratch/hrlee/25201812/temp_project/alchemlyb/perf/fsizes/32/0007_dhdl.part0008.xvg,68,1,1564204213.2185512,1564204213.2718022
write,/scratch/hrlee/25201812/temp_project/alchemlyb/perf/fsizes/32/0011_dhdl.part0008.xvg,108,1,1564204213.2185514,1564204213.2717724
write,/scratch/hrlee/25201812/temp_project/alchemlyb/perf/fsizes/32/0009_dhdl.part0004.xvg,84,1,1564204213.2187095,1564204213.2757092
write,/scratch/hrlee/25201812/temp_project/alchemlyb/perf/fsizes/32/0009_dhdl.part0007.xvg,87,1,1564204213.2192957,1564204213.2764914
write,/scratch/hrlee/25201812/temp_project/alchemlyb/perf/fsizes/32/0006_dhdl.part0009.xvg,59,1,1564204213.2185273,1564204213.2784917
write,/scratch/hrlee/25201812/temp_project/alchemlyb/perf/fsizes/32/0010_dhdl.part0003.xvg,93,1,1564204213.229139,1564204213.2859185
write,/scratch/hrlee/25201812/temp_project/alchemlyb/perf/fsizes/32/0008_dhdl.part0005.xvg,75,1,1564204213.2393363,1564204213.2871583
write,/scratch/hrlee/25201812/temp_project/alchemlyb/perf/fsizes/32/0010_dhdl.part0006.xvg,96,1,1564204213.21863,1564204213.2904284
write,/scratch/hrlee/25201812/temp_project/alchemlyb/perf/fsizes/32/0010_dhdl.part0009.xvg,99,1,1564204213.2185273,1564204213.290747
write,/scratch/hrlee/25201812/temp_project/alchemlyb/perf/fsizes/32/0008_dhdl.part0008.xvg,78,1,1564204213.231354,1564204213.2922814
write,/scratch/hrlee/25201812/temp_project/alchemlyb/perf/fsizes/32/0008_dhdl.part0001.xvg,71,1,1564204213.2185957,1564204213.292545
write,/scratch/hrlee/25201812/temp_project/alchemlyb/perf/fsizes/32/0006_dhdl.part0000.xvg,50,1,1564204213.2185771,1564204213.2925959
write,/scratch/hrlee/25201812/temp_project/alchemlyb/perf/fsizes/32/0009_dhdl.part0001.xvg,81,1,1564204213.218579,1564204213.2956316
write,/scratch/hrlee/25201812/temp_project/alchemlyb/perf/fsizes/32/0012_dhdl.part0004.xvg,114,1,1564204213.218566,1564204213.2985737
write,/scratch/hrlee/25201812/temp_project/alchemlyb/perf/fsizes/32/0012_dhdl.part0001.xvg,111,1,1564204213.2192743,1564204213.2989035
write,/scratch/hrlee/25201812/temp_project/alchemlyb/perf/fsizes/32/0005_dhdl.part0007.xvg,47,1,1564204213.2185314,1564204213.3000894
write,/scratch/hrlee/25201812/temp_project/alchemlyb/perf/fsizes/32/0010_dhdl.part0000.xvg,90,1,1564204213.2273204,1564204213.3013573
write,/scratch/hrlee/25201812/temp_project/alchemlyb/perf/fsizes/32/0008_dhdl.part0002.xvg,72,1,1564204213.219186,1564204213.3063898
write,/scratch/hrlee/25201812/temp_project/alchemlyb/perf/fsizes/32/0011_dhdl.part0005.xvg,105,1,1564204213.235374,1564204213.3097355
write,/scratch/hrlee/25201812/temp_project/alchemlyb/perf/fsizes/32/0002_dhdl.part0004.xvg,14,1,1564204213.2233267,1564204213.3142385
write,/scratch/hrlee/25201812/temp_project/alchemlyb/perf/fsizes/32/0011_dhdl.part0009.xvg,109,1,1564204215.3304586,1564204215.371214
write,/scratch/hrlee/25201812/temp_project/alchemlyb/perf/fsizes/32/0013_dhdl.part0000.xvg,120,1,1564204215.3304489,1564204215.371264
write,/scratch/hrlee/25201812/temp_project/alchemlyb/perf/fsizes/32/0012_dhdl.part0008.xvg,118,1,1564204215.3304489,1564204215.3713589
write,/scratch/hrlee/25201812/temp_project/alchemlyb/perf/fsizes/32/0011_dhdl.part0000.xvg,100,1,1564204215.33046,1564204215.3718455
write,/scratch/hrlee/25201812/temp_project/alchemlyb/perf/fsizes/32/0007_dhdl.part0005.xvg,65,1,1564204215.3304489,1564204215.37195
write,/scratch/hrlee/25201812/temp_project/alchemlyb/perf/fsizes/32/0010_dhdl.part0007.xvg,97,1,1564204215.3304489,1564204215.3867981
write,/scratch/hrlee/25201812/temp_project/alchemlyb/perf/fsizes/32/0011_dhdl.part0006.xvg,106,1,1564204215.3323967,1564204215.3931713
write,/scratch/hrlee/25201812/temp_project/alchemlyb/perf/fsizes/32/0009_dhdl.part0008.xvg,88,1,1564204215.341364,1564204215.3949747
write,/scratch/hrlee/25201812/temp_project/alchemlyb/perf/fsizes/32/0009_dhdl.part0002.xvg,82,1,1564204215.3304489,1564204215.3976219
write,/scratch/hrlee/25201812/temp_project/alchemlyb/perf/fsizes/32/0011_dhdl.part0003.xvg,103,1,1564204215.3304553,1564204215.3988917
write,/scratch/hrlee/25201812/temp_project/alchemlyb/perf/fsizes/32/0012_dhdl.part0002.xvg,112,1,1564204215.3305898,1564204215.4037364
write,/scratch/hrlee/25201812/temp_project/alchemlyb/perf/fsizes/32/0010_dhdl.part0004.xvg,94,1,1564204215.330464,1564204215.4052405
write,/scratch/hrlee/25201812/temp_project/alchemlyb/perf/fsizes/32/0014_dhdl.part0005.xvg,135,1,1564204215.3314204,1564204215.4059408
write,/scratch/hrlee/25201812/temp_project/alchemlyb/perf/fsizes/32/0009_dhdl.part0005.xvg,85,1,1564204215.3304489,1564204215.4091446
write,/scratch/hrlee/25201812/temp_project/alchemlyb/perf/fsizes/32/0008_dhdl.part0003.xvg,73,1,1564204215.3308864,1564204215.4096885
write,/scratch/hrlee/25201812/temp_project/alchemlyb/perf/fsizes/32/0013_dhdl.part0003.xvg,123,1,1564204215.341364,1564204215.4121764
write,/scratch/hrlee/25201812/temp_project/alchemlyb/perf/fsizes/32/0014_dhdl.part0002.xvg,132,1,1564204215.3305306,1564204215.4143715
write,/scratch/hrlee/25201812/temp_project/alchemlyb/perf/fsizes/32/0013_dhdl.part0006.xvg,126,1,1564204215.341364,1564204215.4179773
write,/scratch/hrlee/25201812/temp_project/alchemlyb/perf/fsizes/32/0008_dhdl.part0009.xvg,79,1,1564204215.3310666,1564204215.4192462
write,/scratch/hrlee/25201812/temp_project/alchemlyb/perf/fsizes/32/0011_dhdl.part0007.xvg,107,1,1564204217.6359334,1564204217.6729386
write,/scratch/hrlee/25201812/temp_project/alchemlyb/perf/fsizes/32/0008_dhdl.part0006.xvg,76,1,1564204217.6359332,1564204217.67301
write,/scratch/hrlee/25201812/temp_project/alchemlyb/perf/fsizes/32/0010_dhdl.part0001.xvg,91,1,1564204217.6359334,1564204217.673391
write,/scratch/hrlee/25201812/temp_project/alchemlyb/perf/fsizes/32/0014_dhdl.part0008.xvg,138,1,1564204217.6382446,1564204217.675735
write,/scratch/hrlee/25201812/temp_project/alchemlyb/perf/fsizes/32/0011_dhdl.part0001.xvg,101,1,1564204217.6359446,1564204217.6781242
write,/scratch/hrlee/25201812/temp_project/alchemlyb/perf/fsizes/32/0013_dhdl.part0009.xvg,129,1,1564204217.6359272,1564204217.680448
write,/scratch/hrlee/25201812/temp_project/alchemlyb/perf/fsizes/32/0009_dhdl.part0000.xvg,80,1,1564204217.6382551,1564204217.6805835
write,/scratch/hrlee/25201812/temp_project/alchemlyb/perf/fsizes/32/0011_dhdl.part0004.xvg,104,1,1564204217.6359334,1564204217.7002604
write,/scratch/hrlee/25201812/temp_project/alchemlyb/perf/fsizes/32/0013_dhdl.part0004.xvg,124,1,1564204217.6359634,1564204217.7071571
write,/scratch/hrlee/25201812/temp_project/alchemlyb/perf/fsizes/32/0012_dhdl.part0009.xvg,119,1,1564204217.6359396,1564204217.7074623
write,/scratch/hrlee/25201812/temp_project/alchemlyb/perf/fsizes/32/0010_dhdl.part0008.xvg,98,1,1564204217.6359556,1564204217.7095122
write,/scratch/hrlee/25201812/temp_project/alchemlyb/perf/fsizes/32/0008_dhdl.part0004.xvg,74,1,1564204217.6369863,1564204217.7105181
write,/scratch/hrlee/25201812/temp_project/alchemlyb/perf/fsizes/32/0012_dhdl.part0005.xvg,115,1,1564204217.6382442,1564204217.7155578
write,/scratch/hrlee/25201812/temp_project/alchemlyb/perf/fsizes/32/0010_dhdl.part0005.xvg,95,1,1564204217.635941,1564204217.716738
write,/scratch/hrlee/25201812/temp_project/alchemlyb/perf/fsizes/32/0015_dhdl.part0001.xvg,141,1,1564204217.638187,1564204217.7232773
write,/scratch/hrlee/25201812/temp_project/alchemlyb/perf/fsizes/32/0015_dhdl.part0004.xvg,144,1,1564204217.6734338,1564204217.723776
write,/scratch/hrlee/25201812/temp_project/alchemlyb/perf/fsizes/32/0014_dhdl.part0009.xvg,139,1,1564204217.6761644,1564204217.7405164
write,/scratch/hrlee/25201812/temp_project/alchemlyb/perf/fsizes/32/0013_dhdl.part0005.xvg,125,1,1564204217.7075686,1564204217.7413604
write,/scratch/hrlee/25201812/temp_project/alchemlyb/perf/fsizes/32/0009_dhdl.part0009.xvg,89,1,1564204217.6359353,1564204217.7440622
write,/scratch/hrlee/25201812/temp_project/alchemlyb/perf/fsizes/32/0016_dhdl.part0000.xvg,150,1,1564204217.6812272,1564204217.7541077
write,/scratch/hrlee/25201812/temp_project/alchemlyb/perf/fsizes/32/0012_dhdl.part0003.xvg,113,1,1564204217.6522043,1564204217.7581394
write,/scratch/hrlee/25201812/temp_project/alchemlyb/perf/fsizes/32/0010_dhdl.part0002.xvg,92,1,1564204217.6736898,1564204217.7582211
write,/scratch/hrlee/25201812/temp_project/alchemlyb/perf/fsizes/32/0016_dhdl.part0006.xvg,156,1,1564204217.70788,1564204217.7663689
write,/scratch/hrlee/25201812/temp_project/alchemlyb/perf/fsizes/32/0016_dhdl.part0009.xvg,159,1,1564204217.7099442,1564204217.7668154
write,/scratch/hrlee/25201812/temp_project/alchemlyb/perf/fsizes/32/0013_dhdl.part0007.xvg,127,1,1564204217.660878,1564204217.7670436
write,/scratch/hrlee/25201812/temp_project/alchemlyb/perf/fsizes/32/0008_dhdl.part0007.xvg,77,1,1564204217.6733565,1564204217.7685976
write,/scratch/hrlee/25201812/temp_project/alchemlyb/perf/fsizes/32/0009_dhdl.part0006.xvg,86,1,1564204217.6364453,1564204217.7689228
write,/scratch/hrlee/25201812/temp_project/alchemlyb/perf/fsizes/32/0009_dhdl.part0003.xvg,83,1,1564204217.6608944,1564204217.7703328
write,/scratch/hrlee/25201812/temp_project/alchemlyb/perf/fsizes/32/0014_dhdl.part0006.xvg,136,1,1564204217.635927,1564204217.776425
write,/scratch/hrlee/25201812/temp_project/alchemlyb/perf/fsizes/32/0014_dhdl.part0003.xvg,133,1,1564204217.6359272,1564204217.7765846
write,/scratch/hrlee/25201812/temp_project/alchemlyb/perf/fsizes/32/0012_dhdl.part0000.xvg,110,1,1564204217.63818,1564204217.777519
write,/scratch/hrlee/25201812/temp_project/alchemlyb/perf/fsizes/32/0016_dhdl.part0003.xvg,153,1,1564204217.7007737,1564204217.7795532
write,/scratch/hrlee/25201812/temp_project/alchemlyb/perf/fsizes/32/0013_dhdl.part0001.xvg,121,1,1564204217.6359272,1564204217.7800019
write,/scratch/hrlee/25201812/temp_project/alchemlyb/perf/fsizes/32/0014_dhdl.part0000.xvg,130,1,1564204217.6810591,1564204217.780234
write,/scratch/hrlee/25201812/temp_project/alchemlyb/perf/fsizes/32/0015_dhdl.part0007.xvg,147,1,1564204217.6788507,1564204217.7886512
write,/scratch/hrlee/25201812/temp_project/alchemlyb/perf/fsizes/32/0013_dhdl.part0002.xvg,122,1,1564204219.4657876,1564204219.4966025
write,/scratch/hrlee/25201812/temp_project/alchemlyb/perf/fsizes/32/0015_dhdl.part0008.xvg,148,1,1564204219.4657767,1564204219.4967759
write,/scratch/hrlee/25201812/temp_project/alchemlyb/perf/fsizes/32/0018_dhdl.part0007.xvg,177,1,1564204219.4657958,1564204219.4971373
write,/scratch/hrlee/25201812/temp_project/alchemlyb/perf/fsizes/32/0017_dhdl.part0002.xvg,162,1,1564204219.4657767,1564204219.4971704
write,/scratch/hrlee/25201812/temp_project/alchemlyb/perf/fsizes/32/0018_dhdl.part0001.xvg,171,1,1564204219.4657779,1564204219.4998572
write,/scratch/hrlee/25201812/temp_project/alchemlyb/perf/fsizes/32/0016_dhdl.part0001.xvg,151,1,1564204219.4657779,1564204219.4998832
write,/scratch/hrlee/25201812/temp_project/alchemlyb/perf/fsizes/32/0013_dhdl.part0008.xvg,128,1,1564204219.4662282,1564204219.500434
write,/scratch/hrlee/25201812/temp_project/alchemlyb/perf/fsizes/32/0015_dhdl.part0002.xvg,142,1,1564204219.4657779,1564204219.5004826
write,/scratch/hrlee/25201812/temp_project/alchemlyb/perf/fsizes/32/0012_dhdl.part0006.xvg,116,1,1564204219.465792,1564204219.5006795
write,/scratch/hrlee/25201812/temp_project/alchemlyb/perf/fsizes/32/0017_dhdl.part0008.xvg,168,1,1564204219.4658055,1564204219.5023127
write,/scratch/hrlee/25201812/temp_project/alchemlyb/perf/fsizes/32/0016_dhdl.part0007.xvg,157,1,1564204219.465787,1564204219.502349
write,/scratch/hrlee/25201812/temp_project/alchemlyb/perf/fsizes/32/0015_dhdl.part0005.xvg,145,1,1564204219.4658191,1564204219.5029206
write,/scratch/hrlee/25201812/temp_project/alchemlyb/perf/fsizes/32/0015_dhdl.part0000.xvg,140,1,1564204219.4662325,1564204219.5030284
write,/scratch/hrlee/25201812/temp_project/alchemlyb/perf/fsizes/32/0017_dhdl.part0005.xvg,165,1,1564204219.4662461,1564204219.5043626
write,/scratch/hrlee/25201812/temp_project/alchemlyb/perf/fsizes/32/0019_dhdl.part0003.xvg,183,1,1564204219.8776298,1564204219.931021
write,/scratch/hrlee/25201812/temp_project/alchemlyb/perf/fsizes/32/0014_dhdl.part0001.xvg,131,1,1564204219.877623,1564204219.943525
write,/scratch/hrlee/25201812/temp_project/alchemlyb/perf/fsizes/32/0015_dhdl.part0003.xvg,143,1,1564204219.8776062,1564204219.9490645
write,/scratch/hrlee/25201812/temp_project/alchemlyb/perf/fsizes/32/0016_dhdl.part0004.xvg,154,1,1564204219.8776104,1564204219.9544284
write,/scratch/hrlee/25201812/temp_project/alchemlyb/perf/fsizes/32/0017_dhdl.part0003.xvg,163,1,1564204219.8776665,1564204219.9648914
write,/scratch/hrlee/25201812/temp_project/alchemlyb/perf/fsizes/32/0015_dhdl.part0009.xvg,149,1,1564204219.8776174,1564204219.9648664
write,/scratch/hrlee/25201812/temp_project/alchemlyb/perf/fsizes/32/0018_dhdl.part0002.xvg,172,1,1564204219.8776155,1564204219.9770803
write,/scratch/hrlee/25201812/temp_project/alchemlyb/perf/fsizes/32/0016_dhdl.part0008.xvg,158,1,1564204219.8776164,1564204219.9778202
write,/scratch/hrlee/25201812/temp_project/alchemlyb/perf/fsizes/32/0019_dhdl.part0006.xvg,186,1,1564204219.8776271,1564204219.9801779
write,/scratch/hrlee/25201812/temp_project/alchemlyb/perf/fsizes/32/0016_dhdl.part0002.xvg,152,1,1564204219.8776073,1564204219.9819224
write,/scratch/hrlee/25201812/temp_project/alchemlyb/perf/fsizes/32/0018_dhdl.part0004.xvg,174,1,1564204219.8775985,1564204219.988708
write,/scratch/hrlee/25201812/temp_project/alchemlyb/perf/fsizes/32/0020_dhdl.part0005.xvg,195,1,1564204219.8777008,1564204219.9894104
write,/scratch/hrlee/25201812/temp_project/alchemlyb/perf/fsizes/32/0015_dhdl.part0006.xvg,146,1,1564204219.8776264,1564204219.9922342
write,/scratch/hrlee/25201812/temp_project/alchemlyb/perf/fsizes/32/0017_dhdl.part0006.xvg,166,1,1564204219.8776283,1564204219.9965868
write,/scratch/hrlee/25201812/temp_project/alchemlyb/perf/fsizes/32/0020_dhdl.part0008.xvg,198,1,1564204219.8784125,1564204220.000962
write,/scratch/hrlee/25201812/temp_project/alchemlyb/perf/fsizes/32/0017_dhdl.part0009.xvg,169,1,1564204219.877629,1564204220.0038419
write,/scratch/hrlee/25201812/temp_project/alchemlyb/perf/fsizes/32/0019_dhdl.part0000.xvg,180,1,1564204219.8776271,1564204220.0041559
write,/scratch/hrlee/25201812/temp_project/alchemlyb/perf/fsizes/32/0018_dhdl.part0008.xvg,178,1,1564204219.8776205,1564204220.0069442
write,/scratch/hrlee/25201812/temp_project/alchemlyb/perf/fsizes/32/0017_dhdl.part0000.xvg,160,1,1564204219.8776276,1564204220.007266
write,/scratch/hrlee/25201812/temp_project/alchemlyb/perf/fsizes/32/0014_dhdl.part0007.xvg,137,1,1564204219.8778005,1564204220.0103872
write,/scratch/hrlee/25201812/temp_project/alchemlyb/perf/fsizes/32/0014_dhdl.part0004.xvg,134,1,1564204219.8775852,1564204220.0106947
write,/scratch/hrlee/25201812/temp_project/alchemlyb/perf/fsizes/32/0019_dhdl.part0009.xvg,189,1,1564204219.8775852,1564204220.0133727
write,/scratch/hrlee/25201812/temp_project/alchemlyb/perf/fsizes/32/0020_dhdl.part0002.xvg,192,1,1564204219.87767,1564204220.0137224
write,/scratch/hrlee/25201812/temp_project/alchemlyb/perf/fsizes/32/0017_dhdl.part0001.xvg,161,1,1564204222.8153982,1564204222.8491712
write,/scratch/hrlee/25201812/temp_project/alchemlyb/perf/fsizes/32/0018_dhdl.part0003.xvg,173,1,1564204222.8153982,1564204222.8491712
write,/scratch/hrlee/25201812/temp_project/alchemlyb/perf/fsizes/32/0020_dhdl.part0006.xvg,196,1,1564204222.8153949,1564204222.8492763
write,/scratch/hrlee/25201812/temp_project/alchemlyb/perf/fsizes/32/0017_dhdl.part0007.xvg,167,1,1564204222.8153925,1564204222.852888
write,/scratch/hrlee/25201812/temp_project/alchemlyb/perf/fsizes/32/0020_dhdl.part0003.xvg,193,1,1564204222.8197463,1564204222.8529022
write,/scratch/hrlee/25201812/temp_project/alchemlyb/perf/fsizes/32/0018_dhdl.part0005.xvg,175,1,1564204222.8196518,1564204222.8532257
write,/scratch/hrlee/25201812/temp_project/alchemlyb/perf/fsizes/32/0018_dhdl.part0000.xvg,170,1,1564204222.819531,1564204222.853971
write,/scratch/hrlee/25201812/temp_project/alchemlyb/perf/fsizes/32/0019_dhdl.part0007.xvg,187,1,1564204222.8195837,1564204222.854254
write,/scratch/hrlee/25201812/temp_project/alchemlyb/perf/fsizes/32/0019_dhdl.part0004.xvg,184,1,1564204222.8196552,1564204222.8549216
write,/scratch/hrlee/25201812/temp_project/alchemlyb/perf/fsizes/32/0016_dhdl.part0005.xvg,155,1,1564204222.8195844,1564204222.8584006
write,/scratch/hrlee/25201812/temp_project/alchemlyb/perf/fsizes/32/0020_dhdl.part0000.xvg,190,1,1564204222.8255665,1564204222.8584025
write,/scratch/hrlee/25201812/temp_project/alchemlyb/perf/fsizes/32/0020_dhdl.part0009.xvg,199,1,1564204222.8195298,1564204222.8585825
write,/scratch/hrlee/25201812/temp_project/alchemlyb/perf/fsizes/32/0019_dhdl.part0001.xvg,181,1,1564204222.8196585,1564204222.8587449
write,/scratch/hrlee/25201812/temp_project/alchemlyb/perf/fsizes/32/0017_dhdl.part0004.xvg,164,1,1564204222.8196688,1564204222.8600402
write,/scratch/hrlee/25201812/temp_project/alchemlyb/perf/fsizes/32/0018_dhdl.part0009.xvg,179,1,1564204222.8154006,1564204222.8617947
write,/scratch/hrlee/25201812/temp_project/alchemlyb/perf/fsizes/32/0019_dhdl.part0008.xvg,188,1,1564204224.162588,1564204224.1891818
write,/scratch/hrlee/25201812/temp_project/alchemlyb/perf/fsizes/32/0019_dhdl.part0005.xvg,185,1,1564204224.162588,1564204224.1893783
write,/scratch/hrlee/25201812/temp_project/alchemlyb/perf/fsizes/32/0020_dhdl.part0004.xvg,194,1,1564204224.1625764,1564204224.1941214
write,/scratch/hrlee/25201812/temp_project/alchemlyb/perf/fsizes/32/0018_dhdl.part0006.xvg,176,1,1564204224.1625798,1564204224.1941214
write,/scratch/hrlee/25201812/temp_project/alchemlyb/perf/fsizes/32/0020_dhdl.part0007.xvg,197,1,1564204224.1625826,1564204224.194631
write,/scratch/hrlee/25201812/temp_project/alchemlyb/perf/fsizes/32/0019_dhdl.part0002.xvg,182,1,1564204224.1627958,1564204224.1958025
write,/scratch/hrlee/25201812/temp_project/alchemlyb/perf/fsizes/32/0020_dhdl.part0001.xvg,191,1,1564204224.162588,1564204224.1997252
read,/scratch/hrlee/25201812/temp_project/alchemlyb/perf/fsizes/32/0003_dhdl.part0004.xvg,24,1,1564204225.2712247,1564204225.3548145
read,/scratch/hrlee/25201812/temp_project/alchemlyb/perf/fsizes/32/0001_dhdl.part0003.xvg,3,1,1564204225.2706685,1564204225.3545887
read,/scratch/hrlee/25201812/temp_project/alchemlyb/perf/fsizes/32/0002_dhdl.part0005.xvg,15,1,1564204225.2709818,1564204225.3551552
read,/scratch/hrlee/25201812/temp_project/alchemlyb/perf/fsizes/32/0004_dhdl.part0000.xvg,30,1,1564204225.2713757,1564204225.3552551
read,/scratch/hrlee/25201812/temp_project/alchemlyb/perf/fsizes/32/0001_dhdl.part0000.xvg,0,1,1564204225.2706213,1564204225.3553593
read,/scratch/hrlee/25201812/temp_project/alchemlyb/perf/fsizes/32/0006_dhdl.part0004.xvg,54,1,1564204225.2720747,1564204225.3557456
read,/scratch/hrlee/25201812/temp_project/alchemlyb/perf/fsizes/32/0004_dhdl.part0006.xvg,36,1,1564204225.2715406,1564204225.355762
read,/scratch/hrlee/25201812/temp_project/alchemlyb/perf/fsizes/32/0001_dhdl.part0009.xvg,9,1,1564204225.2708118,1564204225.355795
read,/scratch/hrlee/25201812/temp_project/alchemlyb/perf/fsizes/32/0005_dhdl.part0008.xvg,48,1,1564204225.2718887,1564204225.3559425
read,/scratch/hrlee/25201812/temp_project/alchemlyb/perf/fsizes/32/0007_dhdl.part0000.xvg,60,1,1564204225.2722704,1564204225.356429
read,/scratch/hrlee/25201812/temp_project/alchemlyb/perf/fsizes/32/0005_dhdl.part0002.xvg,42,1,1564204225.2717156,1564204225.3693593
read,/scratch/hrlee/25201812/temp_project/alchemlyb/perf/fsizes/32/0007_dhdl.part0003.xvg,63,1,1564204225.2732234,1564204225.3693593
read,/scratch/hrlee/25201812/temp_project/alchemlyb/perf/fsizes/32/0001_dhdl.part0006.xvg,6,1,1564204225.27074,1564204225.3751097
read,/scratch/hrlee/25201812/temp_project/alchemlyb/perf/fsizes/32/0003_dhdl.part0001.xvg,21,1,1564204225.2711108,1564204225.3755233
read,/scratch/hrlee/25201812/temp_project/alchemlyb/perf/fsizes/32/0004_dhdl.part0009.xvg,39,1,1564204225.2716322,1564204225.37846
read,/scratch/hrlee/25201812/temp_project/alchemlyb/perf/fsizes/32/0004_dhdl.part0003.xvg,33,1,1564204225.2714493,1564204225.3794749
read,/scratch/hrlee/25201812/temp_project/alchemlyb/perf/fsizes/32/0005_dhdl.part0005.xvg,45,1,1564204225.2718034,1564204225.383294
read,/scratch/hrlee/25201812/temp_project/alchemlyb/perf/fsizes/32/0002_dhdl.part0008.xvg,18,1,1564204225.2710507,1564204225.3836234
read,/scratch/hrlee/25201812/temp_project/alchemlyb/perf/fsizes/32/0006_dhdl.part0001.xvg,51,1,1564204225.2719867,1564204225.3838327
read,/scratch/hrlee/25201812/temp_project/alchemlyb/perf/fsizes/32/0003_dhdl.part0007.xvg,27,1,1564204225.2712867,1564204225.3847778
read,/scratch/hrlee/25201812/temp_project/alchemlyb/perf/fsizes/32/0007_dhdl.part0006.xvg,66,1,1564204225.2734663,1564204225.3853195
read,/scratch/hrlee/25201812/temp_project/alchemlyb/perf/fsizes/32/0007_dhdl.part0009.xvg,69,1,1564204225.2782953,1564204225.388122
read,/scratch/hrlee/25201812/temp_project/alchemlyb/perf/fsizes/32/0006_dhdl.part0007.xvg,57,1,1564204225.2721906,1564204225.388319
read,/scratch/hrlee/25201812/temp_project/alchemlyb/perf/fsizes/32/0002_dhdl.part0002.xvg,12,1,1564204225.270889,1564204225.3889117
read,/scratch/hrlee/25201812/temp_project/alchemlyb/perf/fsizes/32/0004_dhdl.part0001.xvg,31,1,1564204225.3558464,1564204225.4376376
read,/scratch/hrlee/25201812/temp_project/alchemlyb/perf/fsizes/32/0002_dhdl.part0006.xvg,16,1,1564204225.355755,1564204225.4379742
read,/scratch/hrlee/25201812/temp_project/alchemlyb/perf/fsizes/32/0003_dhdl.part0005.xvg,25,1,1564204225.3555384,1564204225.4381409
read,/scratch/hrlee/25201812/temp_project/alchemlyb/perf/fsizes/32/0001_dhdl.part0004.xvg,4,1,1564204225.3555388,1564204225.4382212
read,/scratch/hrlee/25201812/temp_project/alchemlyb/perf/fsizes/32/0006_dhdl.part0005.xvg,55,1,1564204225.3563216,1564204225.4384518
read,/scratch/hrlee/25201812/temp_project/alchemlyb/perf/fsizes/32/0004_dhdl.part0007.xvg,37,1,1564204225.3563392,1564204225.4388113
read,/scratch/hrlee/25201812/temp_project/alchemlyb/perf/fsizes/32/0002_dhdl.part0000.xvg,10,1,1564204225.3563924,1564204225.440073
read,/scratch/hrlee/25201812/temp_project/alchemlyb/perf/fsizes/32/0005_dhdl.part0009.xvg,49,1,1564204225.3565242,1564204225.4408638
read,/scratch/hrlee/25201812/temp_project/alchemlyb/perf/fsizes/32/0007_dhdl.part0001.xvg,61,1,1564204225.3575263,1564204225.4424012
read,/scratch/hrlee/25201812/temp_project/alchemlyb/perf/fsizes/32/0001_dhdl.part0001.xvg,1,1,1564204225.3560433,1564204225.4478593
read,/scratch/hrlee/25201812/temp_project/alchemlyb/perf/fsizes/32/0007_dhdl.part0004.xvg,64,1,1564204225.370565,1564204225.4501703
read,/scratch/hrlee/25201812/temp_project/alchemlyb/perf/fsizes/32/0005_dhdl.part0003.xvg,43,1,1564204225.370565,1564204225.450787
read,/scratch/hrlee/25201812/temp_project/alchemlyb/perf/fsizes/32/0005_dhdl.part0006.xvg,46,1,1564204225.3842444,1564204225.461708
read,/scratch/hrlee/25201812/temp_project/alchemlyb/perf/fsizes/32/0007_dhdl.part0007.xvg,67,1,1564204225.3875139,1564204225.465898
read,/scratch/hrlee/25201812/temp_project/alchemlyb/perf/fsizes/32/0003_dhdl.part0002.xvg,22,1,1564204225.376418,1564204225.4683404
read,/scratch/hrlee/25201812/temp_project/alchemlyb/perf/fsizes/32/0001_dhdl.part0007.xvg,7,1,1564204225.3762777,1564204225.4729803
read,/scratch/hrlee/25201812/temp_project/alchemlyb/perf/fsizes/32/0004_dhdl.part0004.xvg,34,1,1564204225.3805254,1564204225.4784598
read,/scratch/hrlee/25201812/temp_project/alchemlyb/perf/fsizes/32/0005_dhdl.part0000.xvg,40,1,1564204225.3795094,1564204225.478608
read,/scratch/hrlee/25201812/temp_project/alchemlyb/perf/fsizes/32/0008_dhdl.part0000.xvg,70,1,1564204225.3891306,1564204225.4808269
read,/scratch/hrlee/25201812/temp_project/alchemlyb/perf/fsizes/32/0006_dhdl.part0002.xvg,52,1,1564204225.3847053,1564204225.482415
read,/scratch/hrlee/25201812/temp_project/alchemlyb/perf/fsizes/32/0002_dhdl.part0003.xvg,13,1,1564204225.3898256,1564204225.4836023
read,/scratch/hrlee/25201812/temp_project/alchemlyb/perf/fsizes/32/0002_dhdl.part0009.xvg,19,1,1564204225.3843653,1564204225.4844098
read,/scratch/hrlee/25201812/temp_project/alchemlyb/perf/fsizes/32/0006_dhdl.part0008.xvg,58,1,1564204225.3891146,1564204225.4859776
read,/scratch/hrlee/25201812/temp_project/alchemlyb/perf/fsizes/32/0003_dhdl.part0006.xvg,26,1,1564204225.4385433,1564204225.5231633
read,/scratch/hrlee/25201812/temp_project/alchemlyb/perf/fsizes/32/0006_dhdl.part0006.xvg,56,1,1564204225.4388714,1564204225.523367
read,/scratch/hrlee/25201812/temp_project/alchemlyb/perf/fsizes/32/0002_dhdl.part0007.xvg,17,1,1564204225.4384086,1564204225.523399
read,/scratch/hrlee/25201812/temp_project/alchemlyb/perf/fsizes/32/0001_dhdl.part0005.xvg,5,1,1564204225.4386263,1564204225.5234108
read,/scratch/hrlee/25201812/temp_project/alchemlyb/perf/fsizes/32/0005_dhdl.part0007.xvg,47,1,1564204225.4624503,1564204225.5238864
read,/scratch/hrlee/25201812/temp_project/alchemlyb/perf/fsizes/32/0006_dhdl.part0000.xvg,50,1,1564204225.441408,1564204225.5258932
read,/scratch/hrlee/25201812/temp_project/alchemlyb/perf/fsizes/32/0004_dhdl.part0008.xvg,38,1,1564204225.4392185,1564204225.5265737
read,/scratch/hrlee/25201812/temp_project/alchemlyb/perf/fsizes/32/0007_dhdl.part0008.xvg,68,1,1564204225.466561,1564204225.5277815
read,/scratch/hrlee/25201812/temp_project/alchemlyb/perf/fsizes/32/0002_dhdl.part0001.xvg,11,1,1564204225.4406705,1564204225.5284476
read,/scratch/hrlee/25201812/temp_project/alchemlyb/perf/fsizes/32/0007_dhdl.part0002.xvg,62,1,1564204225.4430826,1564204225.528497
read,/scratch/hrlee/25201812/temp_project/alchemlyb/perf/fsizes/32/0007_dhdl.part0005.xvg,65,1,1564204225.450977,1564204225.5284226
read,/scratch/hrlee/25201812/temp_project/alchemlyb/perf/fsizes/32/0005_dhdl.part0004.xvg,44,1,1564204225.4513123,1564204225.532132
read,/scratch/hrlee/25201812/temp_project/alchemlyb/perf/fsizes/32/0004_dhdl.part0002.xvg,32,1,1564204225.438217,1564204225.533691
read,/scratch/hrlee/25201812/temp_project/alchemlyb/perf/fsizes/32/0001_dhdl.part0002.xvg,2,1,1564204225.448688,1564204225.537764
read,/scratch/hrlee/25201812/temp_project/alchemlyb/perf/fsizes/32/0003_dhdl.part0003.xvg,23,1,1564204225.4690263,1564204225.539094
read,/scratch/hrlee/25201812/temp_project/alchemlyb/perf/fsizes/32/0003_dhdl.part0008.xvg,28,1,1564204225.3857727,1564204225.5401685
read,/scratch/hrlee/25201812/temp_project/alchemlyb/perf/fsizes/32/0001_dhdl.part0008.xvg,8,1,1564204225.473672,1564204225.549396
read,/scratch/hrlee/25201812/temp_project/alchemlyb/perf/fsizes/32/0005_dhdl.part0001.xvg,41,1,1564204225.4790561,1564204225.5610623
read,/scratch/hrlee/25201812/temp_project/alchemlyb/perf/fsizes/32/0004_dhdl.part0005.xvg,35,1,1564204225.479057,1564204225.562868
read,/scratch/hrlee/25201812/temp_project/alchemlyb/perf/fsizes/32/0008_dhdl.part0001.xvg,71,1,1564204225.48147,1564204225.5656366
read,/scratch/hrlee/25201812/temp_project/alchemlyb/perf/fsizes/32/0006_dhdl.part0003.xvg,53,1,1564204225.4829614,1564204225.567052
read,/scratch/hrlee/25201812/temp_project/alchemlyb/perf/fsizes/32/0002_dhdl.part0004.xvg,14,1,1564204225.4843671,1564204225.5670557
read,/scratch/hrlee/25201812/temp_project/alchemlyb/perf/fsizes/32/0003_dhdl.part0000.xvg,20,1,1564204225.4848986,1564204225.5674605
read,/scratch/hrlee/25201812/temp_project/alchemlyb/perf/fsizes/32/0006_dhdl.part0009.xvg,59,1,1564204225.4865663,1564204225.5755658
read,/scratch/hrlee/25201812/temp_project/alchemlyb/perf/fsizes/32/0010_dhdl.part0000.xvg,90,1,1564204225.528823,1564204225.584622
read,/scratch/hrlee/25201812/temp_project/alchemlyb/perf/fsizes/32/0008_dhdl.part0002.xvg,72,1,1564204225.5240738,1564204225.5930355
read,/scratch/hrlee/25201812/temp_project/alchemlyb/perf/fsizes/32/0008_dhdl.part0005.xvg,75,1,1564204225.5240953,1564204225.5952573
read,/scratch/hrlee/25201812/temp_project/alchemlyb/perf/fsizes/32/0009_dhdl.part0001.xvg,81,1,1564204225.5256119,1564204225.5965214
read,/scratch/hrlee/25201812/temp_project/alchemlyb/perf/fsizes/32/0012_dhdl.part0004.xvg,114,1,1564204225.5402298,1564204225.5975628
read,/scratch/hrlee/25201812/temp_project/alchemlyb/perf/fsizes/32/0009_dhdl.part0004.xvg,84,1,1564204225.5267978,1564204225.5979722
read,/scratch/hrlee/25201812/temp_project/alchemlyb/perf/fsizes/32/0009_dhdl.part0007.xvg,87,1,1564204225.5274622,1564204225.5981755
read,/scratch/hrlee/25201812/temp_project/alchemlyb/perf/fsizes/32/0010_dhdl.part0003.xvg,93,1,1564204225.5292842,1564204225.600643
read,/scratch/hrlee/25201812/temp_project/alchemlyb/perf/fsizes/32/0011_dhdl.part0002.xvg,102,1,1564204225.5332978,1564204225.6039884
read,/scratch/hrlee/25201812/temp_project/alchemlyb/perf/fsizes/32/0011_dhdl.part0005.xvg,105,1,1564204225.5345788,1564204225.6040192
read,/scratch/hrlee/25201812/temp_project/alchemlyb/perf/fsizes/32/0012_dhdl.part0001.xvg,111,1,1564204225.5397835,1564204225.6128376
read,/scratch/hrlee/25201812/temp_project/alchemlyb/perf/fsizes/32/0012_dhdl.part0007.xvg,117,1,1564204225.5505357,1564204225.6152196
read,/scratch/hrlee/25201812/temp_project/alchemlyb/perf/fsizes/32/0003_dhdl.part0009.xvg,29,1,1564204225.5407553,1564204225.6182055
read,/scratch/hrlee/25201812/temp_project/alchemlyb/perf/fsizes/32/0011_dhdl.part0008.xvg,108,1,1564204225.5353832,1564204225.6352663
read,/scratch/hrlee/25201812/temp_project/alchemlyb/perf/fsizes/32/0010_dhdl.part0006.xvg,96,1,1564204225.5292969,1564204225.6455328
read,/scratch/hrlee/25201812/temp_project/alchemlyb/perf/fsizes/32/0008_dhdl.part0008.xvg,78,1,1564204225.524854,1564204225.650474
read,/scratch/hrlee/25201812/temp_project/alchemlyb/perf/fsizes/32/0010_dhdl.part0009.xvg,99,1,1564204225.5310562,1564204225.6520085
read,/scratch/hrlee/25201812/temp_project/alchemlyb/perf/fsizes/32/0013_dhdl.part0000.xvg,120,1,1564204225.5622056,1564204225.6568394
read,/scratch/hrlee/25201812/temp_project/alchemlyb/perf/fsizes/32/0013_dhdl.part0003.xvg,123,1,1564204225.5639873,1564204225.6611154
read,/scratch/hrlee/25201812/temp_project/alchemlyb/perf/fsizes/32/0013_dhdl.part0009.xvg,129,1,1564204225.567874,1564204225.6621685
read,/scratch/hrlee/25201812/temp_project/alchemlyb/perf/fsizes/32/0013_dhdl.part0006.xvg,126,1,1564204225.5668285,1564204225.6636014
read,/scratch/hrlee/25201812/temp_project/alchemlyb/perf/fsizes/32/0014_dhdl.part0005.xvg,135,1,1564204225.5680747,1564204225.6641443
read,/scratch/hrlee/25201812/temp_project/alchemlyb/perf/fsizes/32/0014_dhdl.part0002.xvg,132,1,1564204225.5679703,1564204225.6645525
read,/scratch/hrlee/25201812/temp_project/alchemlyb/perf/fsizes/32/0008_dhdl.part0003.xvg,73,1,1564204225.5936942,1564204225.6666155
read,/scratch/hrlee/25201812/temp_project/alchemlyb/perf/fsizes/32/0008_dhdl.part0006.xvg,76,1,1564204225.5958278,1564204225.6690526
read,/scratch/hrlee/25201812/temp_project/alchemlyb/perf/fsizes/32/0009_dhdl.part0002.xvg,82,1,1564204225.5971265,1564204225.66985
read,/scratch/hrlee/25201812/temp_project/alchemlyb/perf/fsizes/32/0009_dhdl.part0008.xvg,88,1,1564204225.5985868,1564204225.6701865
read,/scratch/hrlee/25201812/temp_project/alchemlyb/perf/fsizes/32/0009_dhdl.part0005.xvg,85,1,1564204225.598474,1564204225.671161
read,/scratch/hrlee/25201812/temp_project/alchemlyb/perf/fsizes/32/0010_dhdl.part0001.xvg,91,1,1564204225.5852175,1564204225.6711438
read,/scratch/hrlee/25201812/temp_project/alchemlyb/perf/fsizes/32/0010_dhdl.part0004.xvg,94,1,1564204225.6012332,1564204225.674861
read,/scratch/hrlee/25201812/temp_project/alchemlyb/perf/fsizes/32/0011_dhdl.part0006.xvg,106,1,1564204225.6045587,1564204225.67687
read,/scratch/hrlee/25201812/temp_project/alchemlyb/perf/fsizes/32/0011_dhdl.part0003.xvg,103,1,1564204225.6045587,1564204225.6787562
read,/scratch/hrlee/25201812/temp_project/alchemlyb/perf/fsizes/32/0012_dhdl.part0005.xvg,115,1,1564204225.598063,1564204225.6796963
read,/scratch/hrlee/25201812/temp_project/alchemlyb/perf/fsizes/32/0014_dhdl.part0008.xvg,138,1,1564204225.5769086,1564204225.690526
read,/scratch/hrlee/25201812/temp_project/alchemlyb/perf/fsizes/32/0012_dhdl.part0002.xvg,112,1,1564204225.613618,1564204225.6984985
read,/scratch/hrlee/25201812/temp_project/alchemlyb/perf/fsizes/32/0012_dhdl.part0008.xvg,118,1,1564204225.6158211,1564204225.706051
read,/scratch/hrlee/25201812/temp_project/alchemlyb/perf/fsizes/32/0015_dhdl.part0001.xvg,141,1,1564204225.6197042,1564204225.71333
read,/scratch/hrlee/25201812/temp_project/alchemlyb/perf/fsizes/32/0010_dhdl.part0007.xvg,97,1,1564204225.6462536,1564204225.725228
read,/scratch/hrlee/25201812/temp_project/alchemlyb/perf/fsizes/32/0011_dhdl.part0000.xvg,100,1,1564204225.6527176,1564204225.7317078
read,/scratch/hrlee/25201812/temp_project/alchemlyb/perf/fsizes/32/0013_dhdl.part0001.xvg,121,1,1564204225.65751,1564204225.7350092
read,/scratch/hrlee/25201812/temp_project/alchemlyb/perf/fsizes/32/0008_dhdl.part0007.xvg,77,1,1564204225.6696649,1564204225.748684
read,/scratch/hrlee/25201812/temp_project/alchemlyb/perf/fsizes/32/0013_dhdl.part0004.xvg,124,1,1564204225.6617258,1564204225.749277
read,/scratch/hrlee/25201812/temp_project/alchemlyb/perf/fsizes/32/0009_dhdl.part0009.xvg,89,1,1564204225.670682,1564204225.7496433
read,/scratch/hrlee/25201812/temp_project/alchemlyb/perf/fsizes/32/0013_dhdl.part0007.xvg,127,1,1564204225.6642537,1564204225.750041
read,/scratch/hrlee/25201812/temp_project/alchemlyb/perf/fsizes/32/0009_dhdl.part0006.xvg,86,1,1564204225.671654,1564204225.75063
read,/scratch/hrlee/25201812/temp_project/alchemlyb/perf/fsizes/32/0014_dhdl.part0000.xvg,130,1,1564204225.6628351,1564204225.7519238
read,/scratch/hrlee/25201812/temp_project/alchemlyb/perf/fsizes/32/0011_dhdl.part0009.xvg,109,1,1564204225.6360087,1564204225.7547235
read,/scratch/hrlee/25201812/temp_project/alchemlyb/perf/fsizes/32/0011_dhdl.part0007.xvg,107,1,1564204225.677552,1564204225.7549276
read,/scratch/hrlee/25201812/temp_project/alchemlyb/perf/fsizes/32/0008_dhdl.part0004.xvg,74,1,1564204225.6672602,1564204225.7549298
read,/scratch/hrlee/25201812/temp_project/alchemlyb/perf/fsizes/32/0011_dhdl.part0004.xvg,104,1,1564204225.679491,1564204225.7570515
read,/scratch/hrlee/25201812/temp_project/alchemlyb/perf/fsizes/32/0010_dhdl.part0005.xvg,95,1,1564204225.6755261,1564204225.7578363
read,/scratch/hrlee/25201812/temp_project/alchemlyb/perf/fsizes/32/0010_dhdl.part0002.xvg,92,1,1564204225.6716905,1564204225.760753
read,/scratch/hrlee/25201812/temp_project/alchemlyb/perf/fsizes/32/0008_dhdl.part0009.xvg,79,1,1564204225.6511822,1564204225.7614992
read,/scratch/hrlee/25201812/temp_project/alchemlyb/perf/fsizes/32/0014_dhdl.part0003.xvg,133,1,1564204225.6650274,1564204225.7663734
read,/scratch/hrlee/25201812/temp_project/alchemlyb/perf/fsizes/32/0009_dhdl.part0003.xvg,83,1,1564204225.6704187,1564204225.781098
read,/scratch/hrlee/25201812/temp_project/alchemlyb/perf/fsizes/32/0014_dhdl.part0006.xvg,136,1,1564204225.6646194,1564204225.7826715
read,/scratch/hrlee/25201812/temp_project/alchemlyb/perf/fsizes/32/0012_dhdl.part0006.xvg,116,1,1564204225.680243,1564204225.783824
read,/scratch/hrlee/25201812/temp_project/alchemlyb/perf/fsizes/32/0012_dhdl.part0003.xvg,113,1,1564204225.6994052,1564204225.79563
read,/scratch/hrlee/25201812/temp_project/alchemlyb/perf/fsizes/32/0012_dhdl.part0009.xvg,119,1,1564204225.7066398,1564204225.7963176
read,/scratch/hrlee/25201812/temp_project/alchemlyb/perf/fsizes/32/0014_dhdl.part0009.xvg,139,1,1564204225.6910663,1564204225.8012803
read,/scratch/hrlee/25201812/temp_project/alchemlyb/perf/fsizes/32/0010_dhdl.part0008.xvg,98,1,1564204225.7259197,1564204225.8114371
read,/scratch/hrlee/25201812/temp_project/alchemlyb/perf/fsizes/32/0015_dhdl.part0002.xvg,142,1,1564204225.7139246,1564204225.8151877
read,/scratch/hrlee/25201812/temp_project/alchemlyb/perf/fsizes/32/0011_dhdl.part0001.xvg,101,1,1564204225.7324817,1564204225.8170767
read,/scratch/hrlee/25201812/temp_project/alchemlyb/perf/fsizes/32/0013_dhdl.part0002.xvg,122,1,1564204225.735575,1564204225.8277905
read,/scratch/hrlee/25201812/temp_project/alchemlyb/perf/fsizes/32/0014_dhdl.part0001.xvg,131,1,1564204225.7524939,1564204225.8327794
read,/scratch/hrlee/25201812/temp_project/alchemlyb/perf/fsizes/32/0015_dhdl.part0007.xvg,147,1,1564204225.7504454,1564204225.8336694
read,/scratch/hrlee/25201812/temp_project/alchemlyb/perf/fsizes/32/0015_dhdl.part0004.xvg,144,1,1564204225.7496755,1564204225.8337133
read,/scratch/hrlee/25201812/temp_project/alchemlyb/perf/fsizes/32/0016_dhdl.part0000.xvg,150,1,1564204225.7514467,1564204225.8351927
read,/scratch/hrlee/25201812/temp_project/alchemlyb/perf/fsizes/32/0012_dhdl.part0000.xvg,110,1,1564204225.7553833,1564204225.838125
read,/scratch/hrlee/25201812/temp_project/alchemlyb/perf/fsizes/32/0009_dhdl.part0000.xvg,80,1,1564204225.761963,1564204225.8407383
read,/scratch/hrlee/25201812/temp_project/alchemlyb/perf/fsizes/32/0016_dhdl.part0009.xvg,159,1,1564204225.7579389,1564204225.841313
read,/scratch/hrlee/25201812/temp_project/alchemlyb/perf/fsizes/32/0016_dhdl.part0006.xvg,156,1,1564204225.7557619,1564204225.8416624
read,/scratch/hrlee/25201812/temp_project/alchemlyb/perf/fsizes/32/0016_dhdl.part0003.xvg,153,1,1564204225.755748,1564204225.8437157
read,/scratch/hrlee/25201812/temp_project/alchemlyb/perf/fsizes/32/0017_dhdl.part0002.xvg,162,1,1564204225.7585318,1564204225.8467019
read,/scratch/hrlee/25201812/temp_project/alchemlyb/perf/fsizes/32/0013_dhdl.part0008.xvg,128,1,1564204225.7506614,1564204225.8495154
read,/scratch/hrlee/25201812/temp_project/alchemlyb/perf/fsizes/32/0014_dhdl.part0004.xvg,134,1,1564204225.766914,1564204225.8539853
read,/scratch/hrlee/25201812/temp_project/alchemlyb/perf/fsizes/32/0017_dhdl.part0005.xvg,165,1,1564204225.7615907,1564204225.8607442
read,/scratch/hrlee/25201812/temp_project/alchemlyb/perf/fsizes/32/0014_dhdl.part0007.xvg,137,1,1564204225.7833822,1564204225.8654747
read,/scratch/hrlee/25201812/temp_project/alchemlyb/perf/fsizes/32/0018_dhdl.part0001.xvg,171,1,1564204225.7847238,1564204225.883559
read,/scratch/hrlee/25201812/temp_project/alchemlyb/perf/fsizes/32/0013_dhdl.part0005.xvg,125,1,1564204225.7498906,1564204225.8841724
read,/scratch/hrlee/25201812/temp_project/alchemlyb/perf/fsizes/32/0019_dhdl.part0000.xvg,180,1,1564204225.8123434,1564204225.8942745
read,/scratch/hrlee/25201812/temp_project/alchemlyb/perf/fsizes/32/0018_dhdl.part0004.xvg,174,1,1564204225.7966235,1564204225.8952632
read,/scratch/hrlee/25201812/temp_project/alchemlyb/perf/fsizes/32/0018_dhdl.part0007.xvg,177,1,1564204225.7972705,1564204225.8958008
read,/scratch/hrlee/25201812/temp_project/alchemlyb/perf/fsizes/32/0019_dhdl.part0003.xvg,183,1,1564204225.8180964,1564204225.8973002
read,/scratch/hrlee/25201812/temp_project/alchemlyb/perf/fsizes/32/0017_dhdl.part0008.xvg,168,1,1564204225.7825468,1564204225.9028623
read,/scratch/hrlee/25201812/temp_project/alchemlyb/perf/fsizes/32/0015_dhdl.part0005.xvg,145,1,1564204225.8342242,1564204225.9090781
read,/scratch/hrlee/25201812/temp_project/alchemlyb/perf/fsizes/32/0015_dhdl.part0008.xvg,148,1,1564204225.8342235,1564204225.9094336
read,/scratch/hrlee/25201812/temp_project/alchemlyb/perf/fsizes/32/0019_dhdl.part0006.xvg,186,1,1564204225.828612,1564204225.910277
read,/scratch/hrlee/25201812/temp_project/alchemlyb/perf/fsizes/32/0016_dhdl.part0001.xvg,151,1,1564204225.835872,1564204225.910707
read,/scratch/hrlee/25201812/temp_project/alchemlyb/perf/fsizes/32/0020_dhdl.part0002.xvg,192,1,1564204225.8390782,1564204225.9124544
read,/scratch/hrlee/25201812/temp_project/alchemlyb/perf/fsizes/32/0015_dhdl.part0000.xvg,140,1,1564204225.8020086,1564204225.9133708
read,/scratch/hrlee/25201812/temp_project/alchemlyb/perf/fsizes/32/0016_dhdl.part0007.xvg,157,1,1564204225.8422332,1564204225.9166183
read,/scratch/hrlee/25201812/temp_project/alchemlyb/perf/fsizes/32/0017_dhdl.part0000.xvg,160,1,1564204225.8418627,1564204225.9167602
read,/scratch/hrlee/25201812/temp_project/alchemlyb/perf/fsizes/32/0015_dhdl.part0003.xvg,143,1,1564204225.8157325,1564204225.919261
read,/scratch/hrlee/25201812/temp_project/alchemlyb/perf/fsizes/32/0019_dhdl.part0009.xvg,189,1,1564204225.833479,1564204225.9202998
read,/scratch/hrlee/25201812/temp_project/alchemlyb/perf/fsizes/32/0017_dhdl.part0003.xvg,163,1,1564204225.8473823,1564204225.920648
read,/scratch/hrlee/25201812/temp_project/alchemlyb/perf/fsizes/32/0020_dhdl.part0005.xvg,195,1,1564204225.8416219,1564204225.9227757
read,/scratch/hrlee/25201812/temp_project/alchemlyb/perf/fsizes/32/0020_dhdl.part0008.xvg,198,1,1564204225.8506522,1564204225.9279766
read,/scratch/hrlee/25201812/temp_project/alchemlyb/perf/fsizes/32/0016_dhdl.part0004.xvg,154,1,1564204225.844437,1564204225.9282603
read,/scratch/hrlee/25201812/temp_project/alchemlyb/perf/fsizes/32/0017_dhdl.part0006.xvg,166,1,1564204225.8612967,1564204225.9329333
read,/scratch/hrlee/25201812/temp_project/alchemlyb/perf/fsizes/32/0018_dhdl.part0002.xvg,172,1,1564204225.884126,1564204225.943896
read,/scratch/hrlee/25201812/temp_project/alchemlyb/perf/fsizes/32/0018_dhdl.part0008.xvg,178,1,1564204225.8963063,1564204225.948679
read,/scratch/hrlee/25201812/temp_project/alchemlyb/perf/fsizes/32/0019_dhdl.part0007.xvg,187,1,1564204225.9108167,1564204225.9489186
read,/scratch/hrlee/25201812/temp_project/alchemlyb/perf/fsizes/32/0019_dhdl.part0001.xvg,181,1,1564204225.8950272,1564204225.950079
read,/scratch/hrlee/25201812/temp_project/alchemlyb/perf/fsizes/32/0019_dhdl.part0004.xvg,184,1,1564204225.8979075,1564204225.9531293
read,/scratch/hrlee/25201812/temp_project/alchemlyb/perf/fsizes/32/0018_dhdl.part0005.xvg,175,1,1564204225.8959625,1564204225.9543643
read,/scratch/hrlee/25201812/temp_project/alchemlyb/perf/fsizes/32/0020_dhdl.part0000.xvg,190,1,1564204225.9207435,1564204225.960422
read,/scratch/hrlee/25201812/temp_project/alchemlyb/perf/fsizes/32/0020_dhdl.part0006.xvg,196,1,1564204225.923233,1564204225.9617286
read,/scratch/hrlee/25201812/temp_project/alchemlyb/perf/fsizes/32/0020_dhdl.part0009.xvg,199,1,1564204225.9284878,1564204225.9679322
read,/scratch/hrlee/25201812/temp_project/alchemlyb/perf/fsizes/32/0016_dhdl.part0005.xvg,155,1,1564204225.9287186,1564204225.9684038
read,/scratch/hrlee/25201812/temp_project/alchemlyb/perf/fsizes/32/0020_dhdl.part0003.xvg,193,1,1564204225.913118,1564204225.9706166
read,/scratch/hrlee/25201812/temp_project/alchemlyb/perf/fsizes/32/0017_dhdl.part0007.xvg,167,1,1564204225.9334223,1564204225.9729555
read,/scratch/hrlee/25201812/temp_project/alchemlyb/perf/fsizes/32/0017_dhdl.part0009.xvg,169,1,1564204225.9035294,1564204225.973313
read,/scratch/hrlee/25201812/temp_project/alchemlyb/perf/fsizes/32/0017_dhdl.part0001.xvg,161,1,1564204225.917252,1564204225.9744914
read,/scratch/hrlee/25201812/temp_project/alchemlyb/perf/fsizes/32/0015_dhdl.part0009.xvg,149,1,1564204225.9099467,1564204225.9767923
read,/scratch/hrlee/25201812/temp_project/alchemlyb/perf/fsizes/32/0015_dhdl.part0006.xvg,146,1,1564204225.909691,1564204225.9767923
read,/scratch/hrlee/25201812/temp_project/alchemlyb/perf/fsizes/32/0017_dhdl.part0004.xvg,164,1,1564204225.9212863,1564204225.9769733
read,/scratch/hrlee/25201812/temp_project/alchemlyb/perf/fsizes/32/0016_dhdl.part0002.xvg,152,1,1564204225.9113212,1564204225.9780006
read,/scratch/hrlee/25201812/temp_project/alchemlyb/perf/fsizes/32/0016_dhdl.part0008.xvg,158,1,1564204225.9172502,1564204225.9803617
read,/scratch/hrlee/25201812/temp_project/alchemlyb/perf/fsizes/32/0018_dhdl.part0003.xvg,173,1,1564204225.9443972,1564204225.9829893
read,/scratch/hrlee/25201812/temp_project/alchemlyb/perf/fsizes/32/0018_dhdl.part0009.xvg,179,1,1564204225.9491904,1564204225.9872909
read,/scratch/hrlee/25201812/temp_project/alchemlyb/perf/fsizes/32/0019_dhdl.part0008.xvg,188,1,1564204225.9492977,1564204225.987816
read,/scratch/hrlee/25201812/temp_project/alchemlyb/perf/fsizes/32/0019_dhdl.part0002.xvg,182,1,1564204225.9507036,1564204225.9893358
read,/scratch/hrlee/25201812/temp_project/alchemlyb/perf/fsizes/32/0019_dhdl.part0005.xvg,185,1,1564204225.9537215,1564204225.9908268
read,/scratch/hrlee/25201812/temp_project/alchemlyb/perf/fsizes/32/0018_dhdl.part0006.xvg,176,1,1564204225.9549365,1564204225.9914112
read,/scratch/hrlee/25201812/temp_project/alchemlyb/perf/fsizes/32/0020_dhdl.part0001.xvg,191,1,1564204225.9609087,1564204225.995319
read,/scratch/hrlee/25201812/temp_project/alchemlyb/perf/fsizes/32/0020_dhdl.part0007.xvg,197,1,1564204225.9621992,1564204225.9956443
read,/scratch/hrlee/25201812/temp_project/alchemlyb/perf/fsizes/32/0020_dhdl.part0004.xvg,194,1,1564204225.971176,1564204225.998718
read,/scratch/hrlee/25201812/temp_project/alchemlyb/perf/fsizes/32/0018_dhdl.part0000.xvg,170,1,1564204225.9737859,1564204226.0007346
