write,/scratch/hrlee/25201812/temp_project/alchemlyb/perf/fsizes/32/0002_dhdl.part0006.xvg,16,1,1564204198.94121,1564204198.9897342
write,/scratch/hrlee/25201812/temp_project/alchemlyb/perf/fsizes/32/0003_dhdl.part0004.xvg,24,1,1564204198.941646,1564204198.9927423
write,/scratch/hrlee/25201812/temp_project/alchemlyb/perf/fsizes/32/0004_dhdl.part0006.xvg,36,1,1564204198.9423692,1564204199.0080955
write,/scratch/hrlee/25201812/temp_project/alchemlyb/perf/fsizes/32/0005_dhdl.part0000.xvg,40,1,1564204198.942625,1564204199.0125751
write,/scratch/hrlee/25201812/temp_project/alchemlyb/perf/fsizes/32/0002_dhdl.part0007.xvg,17,1,1564204198.9903998,1564204199.0152328
write,/scratch/hrlee/25201812/temp_project/alchemlyb/perf/fsizes/32/0002_dhdl.part0002.xvg,12,1,1564204198.9410224,1564204199.0198123
write,/scratch/hrlee/25201812/temp_project/alchemlyb/perf/fsizes/32/0004_dhdl.part0002.xvg,32,1,1564204198.9421027,1564204199.0343747
write,/scratch/hrlee/25201812/temp_project/alchemlyb/perf/fsizes/32/0001_dhdl.part0000.xvg,0,1,1564204198.940439,1564204199.0451367
write,/scratch/hrlee/25201812/temp_project/alchemlyb/perf/fsizes/32/0004_dhdl.part0007.xvg,37,1,1564204199.0087445,1564204199.05082
write,/scratch/hrlee/25201812/temp_project/alchemlyb/perf/fsizes/32/0001_dhdl.part0004.xvg,4,1,1564204198.940605,1564204199.0510726
write,/scratch/hrlee/25201812/temp_project/alchemlyb/perf/fsizes/32/0003_dhdl.part0008.xvg,28,1,1564204198.9418678,1564204199.0549707
write,/scratch/hrlee/25201812/temp_project/alchemlyb/perf/fsizes/32/0002_dhdl.part0000.xvg,10,1,1564204198.9409063,1564204199.058026
write,/scratch/hrlee/25201812/temp_project/alchemlyb/perf/fsizes/32/0006_dhdl.part0000.xvg,50,1,1564204199.0514212,1564204199.0763617
write,/scratch/hrlee/25201812/temp_project/alchemlyb/perf/fsizes/32/0005_dhdl.part0001.xvg,41,1,1564204199.013244,1564204199.0777938
write,/scratch/hrlee/25201812/temp_project/alchemlyb/perf/fsizes/32/0001_dhdl.part0001.xvg,1,1,1564204199.045812,1564204199.083388
write,/scratch/hrlee/25201812/temp_project/alchemlyb/perf/fsizes/32/0005_dhdl.part0004.xvg,44,1,1564204198.9428763,1564204199.0895417
write,/scratch/hrlee/25201812/temp_project/alchemlyb/perf/fsizes/32/0003_dhdl.part0000.xvg,20,1,1564204198.9414513,1564204199.0919924
write,/scratch/hrlee/25201812/temp_project/alchemlyb/perf/fsizes/32/0003_dhdl.part0005.xvg,25,1,1564204198.99339,1564204199.093554
write,/scratch/hrlee/25201812/temp_project/alchemlyb/perf/fsizes/32/0002_dhdl.part0008.xvg,18,1,1564204198.941326,1564204199.0974042
write,/scratch/hrlee/25201812/temp_project/alchemlyb/perf/fsizes/32/0002_dhdl.part0004.xvg,14,1,1564204198.9411433,1564204199.0997243
write,/scratch/hrlee/25201812/temp_project/alchemlyb/perf/fsizes/32/0005_dhdl.part0008.xvg,48,1,1564204199.0158594,1564204199.1009607
write,/scratch/hrlee/25201812/temp_project/alchemlyb/perf/fsizes/32/0002_dhdl.part0003.xvg,13,1,1564204199.0205455,1564204199.1046684
write,/scratch/hrlee/25201812/temp_project/alchemlyb/perf/fsizes/32/0001_dhdl.part0008.xvg,8,1,1564204198.94081,1564204199.117167
write,/scratch/hrlee/25201812/temp_project/alchemlyb/perf/fsizes/32/0001_dhdl.part0005.xvg,5,1,1564204199.0516744,1564204199.1179247
write,/scratch/hrlee/25201812/temp_project/alchemlyb/perf/fsizes/32/0001_dhdl.part0002.xvg,2,1,1564204198.940526,1564204199.1197333
write,/scratch/hrlee/25201812/temp_project/alchemlyb/perf/fsizes/32/0006_dhdl.part0002.xvg,52,1,1564204199.078356,1564204199.1226504
write,/scratch/hrlee/25201812/temp_project/alchemlyb/perf/fsizes/32/0002_dhdl.part0001.xvg,11,1,1564204199.0588794,1564204199.1354287
write,/scratch/hrlee/25201812/temp_project/alchemlyb/perf/fsizes/32/0006_dhdl.part0004.xvg,54,1,1564204199.084021,1564204199.142077
write,/scratch/hrlee/25201812/temp_project/alchemlyb/perf/fsizes/32/0001_dhdl.part0006.xvg,6,1,1564204198.9407234,1564204199.143276
write,/scratch/hrlee/25201812/temp_project/alchemlyb/perf/fsizes/32/0003_dhdl.part0006.xvg,26,1,1564204198.9417703,1564204199.1445837
write,/scratch/hrlee/25201812/temp_project/alchemlyb/perf/fsizes/32/0004_dhdl.part0004.xvg,34,1,1564204198.942228,1564204199.1450846
write,/scratch/hrlee/25201812/temp_project/alchemlyb/perf/fsizes/32/0004_dhdl.part0000.xvg,30,1,1564204198.941989,1564204199.1462152
write,/scratch/hrlee/25201812/temp_project/alchemlyb/perf/fsizes/32/0005_dhdl.part0006.xvg,46,1,1564204198.9429564,1564204199.1471498
write,/scratch/hrlee/25201812/temp_project/alchemlyb/perf/fsizes/32/0003_dhdl.part0009.xvg,29,1,1564204199.055739,1564204199.1480758
write,/scratch/hrlee/25201812/temp_project/alchemlyb/perf/fsizes/32/0004_dhdl.part0003.xvg,33,1,1564204199.0349965,1564204199.1484995
write,/scratch/hrlee/25201812/temp_project/alchemlyb/perf/fsizes/32/0005_dhdl.part0002.xvg,42,1,1564204198.9427342,1564204199.1486275
write,/scratch/hrlee/25201812/temp_project/alchemlyb/perf/fsizes/32/0003_dhdl.part0002.xvg,22,1,1564204198.9415293,1564204199.149108
write,/scratch/hrlee/25201812/temp_project/alchemlyb/perf/fsizes/32/0004_dhdl.part0008.xvg,38,1,1564204198.9424937,1564204199.1560585
write,/scratch/hrlee/25201812/temp_project/alchemlyb/perf/fsizes/32/0006_dhdl.part0001.xvg,51,1,1564204199.0767212,1564204199.171804
write,/scratch/hrlee/25201812/temp_project/alchemlyb/perf/fsizes/32/0005_dhdl.part0009.xvg,49,1,1564204199.1569617,1564204199.2059627
write,/scratch/hrlee/25201812/temp_project/alchemlyb/perf/fsizes/32/0006_dhdl.part0008.xvg,58,1,1564204199.1570199,1564204199.2232943
write,/scratch/hrlee/25201812/temp_project/alchemlyb/perf/fsizes/32/0006_dhdl.part0006.xvg,56,1,1564204199.1569588,1564204199.24571
write,/scratch/hrlee/25201812/temp_project/alchemlyb/perf/fsizes/32/0003_dhdl.part0007.xvg,27,1,1564204199.1569662,1564204199.2496274
write,/scratch/hrlee/25201812/temp_project/alchemlyb/perf/fsizes/32/0003_dhdl.part0003.xvg,23,1,1564204199.1496868,1564204199.2515574
write,/scratch/hrlee/25201812/temp_project/alchemlyb/perf/fsizes/32/0005_dhdl.part0005.xvg,45,1,1564204199.1569562,1564204199.2554145
write,/scratch/hrlee/25201812/temp_project/alchemlyb/perf/fsizes/32/0004_dhdl.part0005.xvg,35,1,1564204199.1643674,1564204199.25744
write,/scratch/hrlee/25201812/temp_project/alchemlyb/perf/fsizes/32/0007_dhdl.part0006.xvg,66,1,1564204199.148912,1564204199.2605062
write,/scratch/hrlee/25201812/temp_project/alchemlyb/perf/fsizes/32/0006_dhdl.part0003.xvg,53,1,1564204199.156956,1564204199.2771535
write,/scratch/hrlee/25201812/temp_project/alchemlyb/perf/fsizes/32/0007_dhdl.part0002.xvg,62,1,1564204199.1823769,1564204199.2775028
write,/scratch/hrlee/25201812/temp_project/alchemlyb/perf/fsizes/32/0007_dhdl.part0004.xvg,64,1,1564204199.1485512,1564204199.2804995
write,/scratch/hrlee/25201812/temp_project/alchemlyb/perf/fsizes/32/0002_dhdl.part0005.xvg,15,1,1564204199.164485,1564204199.2820723
write,/scratch/hrlee/25201812/temp_project/alchemlyb/perf/fsizes/32/0007_dhdl.part0000.xvg,60,1,1564204199.156956,1564204199.2887995
write,/scratch/hrlee/25201812/temp_project/alchemlyb/perf/fsizes/32/0004_dhdl.part0001.xvg,31,1,1564204199.1569622,1564204199.2908564
write,/scratch/hrlee/25201812/temp_project/alchemlyb/perf/fsizes/32/0003_dhdl.part0001.xvg,21,1,1564204199.1569564,1564204199.2934499
write,/scratch/hrlee/25201812/temp_project/alchemlyb/perf/fsizes/32/0001_dhdl.part0007.xvg,7,1,1564204199.1676314,1564204199.2946606
write,/scratch/hrlee/25201812/temp_project/alchemlyb/perf/fsizes/32/0005_dhdl.part0003.xvg,43,1,1564204199.1491685,1564204199.296587
write,/scratch/hrlee/25201812/temp_project/alchemlyb/perf/fsizes/32/0001_dhdl.part0009.xvg,9,1,1564204199.1569562,1564204199.2974508
write,/scratch/hrlee/25201812/temp_project/alchemlyb/perf/fsizes/32/0006_dhdl.part0005.xvg,55,1,1564204199.1630826,1564204199.2981837
write,/scratch/hrlee/25201812/temp_project/alchemlyb/perf/fsizes/32/0002_dhdl.part0009.xvg,19,1,1564204199.1569622,1564204199.298945
write,/scratch/hrlee/25201812/temp_project/alchemlyb/perf/fsizes/32/0001_dhdl.part0003.xvg,3,1,1564204199.1674416,1564204199.3005602
write,/scratch/hrlee/25201812/temp_project/alchemlyb/perf/fsizes/32/0007_dhdl.part0008.xvg,68,1,1564204199.1725776,1564204199.302284
write,/scratch/hrlee/25201812/temp_project/alchemlyb/perf/fsizes/32/0005_dhdl.part0007.xvg,47,1,1564204199.1569257,1564204199.3065019
write,/scratch/hrlee/25201812/temp_project/alchemlyb/perf/fsizes/32/0004_dhdl.part0009.xvg,39,1,1564204199.1565754,1564204199.306693
write,/scratch/hrlee/25201812/temp_project/alchemlyb/perf/fsizes/32/0010_dhdl.part0002.xvg,92,1,1564204201.5595932,1564204201.5905714
write,/scratch/hrlee/25201812/temp_project/alchemlyb/perf/fsizes/32/0009_dhdl.part0000.xvg,80,1,1564204201.5595932,1564204201.5919034
write,/scratch/hrlee/25201812/temp_project/alchemlyb/perf/fsizes/32/0008_dhdl.part0000.xvg,70,1,1564204201.5595965,1564204201.5993488
write,/scratch/hrlee/25201812/temp_project/alchemlyb/perf/fsizes/32/0007_dhdl.part0003.xvg,63,1,1564204201.5596,1564204201.6061738
write,/scratch/hrlee/25201812/temp_project/alchemlyb/perf/fsizes/32/0006_dhdl.part0007.xvg,57,1,1564204201.5595965,1564204201.6085346
write,/scratch/hrlee/25201812/temp_project/alchemlyb/perf/fsizes/32/0007_dhdl.part0005.xvg,65,1,1564204201.5605505,1564204201.608618
write,/scratch/hrlee/25201812/temp_project/alchemlyb/perf/fsizes/32/0008_dhdl.part0006.xvg,76,1,1564204201.559639,1564204201.6151543
write,/scratch/hrlee/25201812/temp_project/alchemlyb/perf/fsizes/32/0008_dhdl.part0004.xvg,74,1,1564204201.559636,1564204201.615344
write,/scratch/hrlee/25201812/temp_project/alchemlyb/perf/fsizes/32/0008_dhdl.part0008.xvg,78,1,1564204201.5704343,1564204201.6195147
write,/scratch/hrlee/25201812/temp_project/alchemlyb/perf/fsizes/32/0006_dhdl.part0009.xvg,59,1,1564204201.5595965,1564204201.6236043
write,/scratch/hrlee/25201812/temp_project/alchemlyb/perf/fsizes/32/0007_dhdl.part0007.xvg,67,1,1564204201.5704327,1564204201.6256902
write,/scratch/hrlee/25201812/temp_project/alchemlyb/perf/fsizes/32/0010_dhdl.part0004.xvg,94,1,1564204201.5596473,1564204201.6268277
write,/scratch/hrlee/25201812/temp_project/alchemlyb/perf/fsizes/32/0009_dhdl.part0006.xvg,86,1,1564204201.5704327,1564204201.6310449
write,/scratch/hrlee/25201812/temp_project/alchemlyb/perf/fsizes/32/0009_dhdl.part0008.xvg,88,1,1564204201.5596108,1564204201.6320167
write,/scratch/hrlee/25201812/temp_project/alchemlyb/perf/fsizes/32/0009_dhdl.part0002.xvg,82,1,1564204201.559603,1564204201.6360068
write,/scratch/hrlee/25201812/temp_project/alchemlyb/perf/fsizes/32/0009_dhdl.part0004.xvg,84,1,1564204201.5595968,1564204201.637565
write,/scratch/hrlee/25201812/temp_project/alchemlyb/perf/fsizes/32/0008_dhdl.part0002.xvg,72,1,1564204201.559626,1564204201.6380446
write,/scratch/hrlee/25201812/temp_project/alchemlyb/perf/fsizes/32/0010_dhdl.part0008.xvg,98,1,1564204201.5704606,1564204201.639645
write,/scratch/hrlee/25201812/temp_project/alchemlyb/perf/fsizes/32/0007_dhdl.part0001.xvg,61,1,1564204201.5704732,1564204201.6399336
write,/scratch/hrlee/25201812/temp_project/alchemlyb/perf/fsizes/32/0007_dhdl.part0009.xvg,69,1,1564204202.8282697,1564204202.8605542
write,/scratch/hrlee/25201812/temp_project/alchemlyb/perf/fsizes/32/0008_dhdl.part0005.xvg,75,1,1564204202.8383708,1564204202.8711467
write,/scratch/hrlee/25201812/temp_project/alchemlyb/perf/fsizes/32/0010_dhdl.part0009.xvg,99,1,1564204202.843206,1564204202.8795683
write,/scratch/hrlee/25201812/temp_project/alchemlyb/perf/fsizes/32/0010_dhdl.part0000.xvg,90,1,1564204202.8383708,1564204202.8843727
write,/scratch/hrlee/25201812/temp_project/alchemlyb/perf/fsizes/32/0009_dhdl.part0003.xvg,83,1,1564204202.8429163,1564204202.8848586
write,/scratch/hrlee/25201812/temp_project/alchemlyb/perf/fsizes/32/0010_dhdl.part0006.xvg,96,1,1564204202.8428988,1564204202.887744
write,/scratch/hrlee/25201812/temp_project/alchemlyb/perf/fsizes/32/0010_dhdl.part0005.xvg,95,1,1564204202.8429163,1564204202.8897843
write,/scratch/hrlee/25201812/temp_project/alchemlyb/perf/fsizes/32/0009_dhdl.part0007.xvg,87,1,1564204202.8429246,1564204202.889976
write,/scratch/hrlee/25201812/temp_project/alchemlyb/perf/fsizes/32/0008_dhdl.part0001.xvg,71,1,1564204202.8429163,1564204202.890927
write,/scratch/hrlee/25201812/temp_project/alchemlyb/perf/fsizes/32/0008_dhdl.part0009.xvg,79,1,1564204202.842925,1564204202.8933156
write,/scratch/hrlee/25201812/temp_project/alchemlyb/perf/fsizes/32/0009_dhdl.part0001.xvg,81,1,1564204202.8431592,1564204202.8936348
write,/scratch/hrlee/25201812/temp_project/alchemlyb/perf/fsizes/32/0009_dhdl.part0009.xvg,89,1,1564204202.8428988,1564204202.8955762
write,/scratch/hrlee/25201812/temp_project/alchemlyb/perf/fsizes/32/0008_dhdl.part0007.xvg,77,1,1564204202.843145,1564204202.8992023
write,/scratch/hrlee/25201812/temp_project/alchemlyb/perf/fsizes/32/0010_dhdl.part0003.xvg,93,1,1564204202.8431408,1564204202.9001737
write,/scratch/hrlee/25201812/temp_project/alchemlyb/perf/fsizes/32/0008_dhdl.part0003.xvg,73,1,1564204202.8428988,1564204202.9019768
write,/scratch/hrlee/25201812/temp_project/alchemlyb/perf/fsizes/32/0009_dhdl.part0005.xvg,85,1,1564204202.8431468,1564204202.9076607
write,/scratch/hrlee/25201812/temp_project/alchemlyb/perf/fsizes/32/0010_dhdl.part0001.xvg,91,1,1564204205.2993329,1564204205.32344
write,/scratch/hrlee/25201812/temp_project/alchemlyb/perf/fsizes/32/0010_dhdl.part0007.xvg,97,1,1564204205.2993329,1564204205.323571
read,/scratch/hrlee/25201812/temp_project/alchemlyb/perf/fsizes/32/0002_dhdl.part0002.xvg,12,1,1564204206.3809135,1564204206.4448636
read,/scratch/hrlee/25201812/temp_project/alchemlyb/perf/fsizes/32/0002_dhdl.part0006.xvg,16,1,1564204206.381082,1564204206.4532545
read,/scratch/hrlee/25201812/temp_project/alchemlyb/perf/fsizes/32/0003_dhdl.part0000.xvg,20,1,1564204206.381256,1564204206.454543
read,/scratch/hrlee/25201812/temp_project/alchemlyb/perf/fsizes/32/0001_dhdl.part0002.xvg,2,1,1564204206.380522,1564204206.4627323
read,/scratch/hrlee/25201812/temp_project/alchemlyb/perf/fsizes/32/0002_dhdl.part0000.xvg,10,1,1564204206.3808424,1564204206.4627395
read,/scratch/hrlee/25201812/temp_project/alchemlyb/perf/fsizes/32/0002_dhdl.part0004.xvg,14,1,1564204206.381012,1564204206.4631832
read,/scratch/hrlee/25201812/temp_project/alchemlyb/perf/fsizes/32/0002_dhdl.part0008.xvg,18,1,1564204206.381174,1564204206.463341
read,/scratch/hrlee/25201812/temp_project/alchemlyb/perf/fsizes/32/0003_dhdl.part0004.xvg,24,1,1564204206.381418,1564204206.4633427
read,/scratch/hrlee/25201812/temp_project/alchemlyb/perf/fsizes/32/0004_dhdl.part0002.xvg,32,1,1564204206.381758,1564204206.463443
read,/scratch/hrlee/25201812/temp_project/alchemlyb/perf/fsizes/32/0005_dhdl.part0000.xvg,40,1,1564204206.3821526,1564204206.4636378
read,/scratch/hrlee/25201812/temp_project/alchemlyb/perf/fsizes/32/0004_dhdl.part0006.xvg,36,1,1564204206.3819535,1564204206.4636877
read,/scratch/hrlee/25201812/temp_project/alchemlyb/perf/fsizes/32/0003_dhdl.part0008.xvg,28,1,1564204206.3815966,1564204206.4639351
read,/scratch/hrlee/25201812/temp_project/alchemlyb/perf/fsizes/32/0001_dhdl.part0004.xvg,4,1,1564204206.3805757,1564204206.4654837
read,/scratch/hrlee/25201812/temp_project/alchemlyb/perf/fsizes/32/0001_dhdl.part0006.xvg,6,1,1564204206.3806884,1564204206.4665897
read,/scratch/hrlee/25201812/temp_project/alchemlyb/perf/fsizes/32/0005_dhdl.part0002.xvg,42,1,1564204206.3840883,1564204206.4751472
read,/scratch/hrlee/25201812/temp_project/alchemlyb/perf/fsizes/32/0004_dhdl.part0000.xvg,30,1,1564204206.3817,1564204206.4772208
read,/scratch/hrlee/25201812/temp_project/alchemlyb/perf/fsizes/32/0005_dhdl.part0006.xvg,46,1,1564204206.3917942,1564204206.481965
read,/scratch/hrlee/25201812/temp_project/alchemlyb/perf/fsizes/32/0003_dhdl.part0006.xvg,26,1,1564204206.3815157,1564204206.4870853
read,/scratch/hrlee/25201812/temp_project/alchemlyb/perf/fsizes/32/0004_dhdl.part0008.xvg,38,1,1564204206.3820956,1564204206.487454
read,/scratch/hrlee/25201812/temp_project/alchemlyb/perf/fsizes/32/0001_dhdl.part0008.xvg,8,1,1564204206.3807461,1564204206.4875078
read,/scratch/hrlee/25201812/temp_project/alchemlyb/perf/fsizes/32/0001_dhdl.part0000.xvg,0,1,1564204206.3804405,1564204206.4877949
read,/scratch/hrlee/25201812/temp_project/alchemlyb/perf/fsizes/32/0004_dhdl.part0004.xvg,34,1,1564204206.3818927,1564204206.4878042
read,/scratch/hrlee/25201812/temp_project/alchemlyb/perf/fsizes/32/0003_dhdl.part0002.xvg,22,1,1564204206.381344,1564204206.4879537
read,/scratch/hrlee/25201812/temp_project/alchemlyb/perf/fsizes/32/0005_dhdl.part0004.xvg,44,1,1564204206.3917806,1564204206.4965003
read,/scratch/hrlee/25201812/temp_project/alchemlyb/perf/fsizes/32/0002_dhdl.part0007.xvg,17,1,1564204206.4542973,1564204206.5136871
read,/scratch/hrlee/25201812/temp_project/alchemlyb/perf/fsizes/32/0002_dhdl.part0003.xvg,13,1,1564204206.4459422,1564204206.5182056
read,/scratch/hrlee/25201812/temp_project/alchemlyb/perf/fsizes/32/0003_dhdl.part0001.xvg,21,1,1564204206.4556599,1564204206.5307572
read,/scratch/hrlee/25201812/temp_project/alchemlyb/perf/fsizes/32/0001_dhdl.part0003.xvg,3,1,1564204206.4636605,1564204206.5480628
read,/scratch/hrlee/25201812/temp_project/alchemlyb/perf/fsizes/32/0002_dhdl.part0001.xvg,11,1,1564204206.46366,1564204206.5488706
read,/scratch/hrlee/25201812/temp_project/alchemlyb/perf/fsizes/32/0002_dhdl.part0009.xvg,19,1,1564204206.4639215,1564204206.5490894
read,/scratch/hrlee/25201812/temp_project/alchemlyb/perf/fsizes/32/0002_dhdl.part0005.xvg,15,1,1564204206.4637578,1564204206.54928
read,/scratch/hrlee/25201812/temp_project/alchemlyb/perf/fsizes/32/0003_dhdl.part0005.xvg,25,1,1564204206.463934,1564204206.5493073
read,/scratch/hrlee/25201812/temp_project/alchemlyb/perf/fsizes/32/0005_dhdl.part0001.xvg,41,1,1564204206.464217,1564204206.5493035
read,/scratch/hrlee/25201812/temp_project/alchemlyb/perf/fsizes/32/0004_dhdl.part0007.xvg,37,1,1564204206.4642773,1564204206.5495183
read,/scratch/hrlee/25201812/temp_project/alchemlyb/perf/fsizes/32/0004_dhdl.part0003.xvg,33,1,1564204206.4640057,1564204206.5495217
read,/scratch/hrlee/25201812/temp_project/alchemlyb/perf/fsizes/32/0003_dhdl.part0009.xvg,29,1,1564204206.4645247,1564204206.5502415
read,/scratch/hrlee/25201812/temp_project/alchemlyb/perf/fsizes/32/0001_dhdl.part0005.xvg,5,1,1564204206.467032,1564204206.5583663
read,/scratch/hrlee/25201812/temp_project/alchemlyb/perf/fsizes/32/0001_dhdl.part0001.xvg,1,1,1564204206.4883783,1564204206.5585613
read,/scratch/hrlee/25201812/temp_project/alchemlyb/perf/fsizes/32/0001_dhdl.part0007.xvg,7,1,1564204206.4690745,1564204206.5662582
read,/scratch/hrlee/25201812/temp_project/alchemlyb/perf/fsizes/32/0005_dhdl.part0003.xvg,43,1,1564204206.4763405,1564204206.5748055
read,/scratch/hrlee/25201812/temp_project/alchemlyb/perf/fsizes/32/0004_dhdl.part0001.xvg,31,1,1564204206.478498,1564204206.581021
read,/scratch/hrlee/25201812/temp_project/alchemlyb/perf/fsizes/32/0005_dhdl.part0007.xvg,47,1,1564204206.483492,1564204206.582084
read,/scratch/hrlee/25201812/temp_project/alchemlyb/perf/fsizes/32/0006_dhdl.part0000.xvg,50,1,1564204206.5192485,1564204206.5949967
read,/scratch/hrlee/25201812/temp_project/alchemlyb/perf/fsizes/32/0001_dhdl.part0009.xvg,9,1,1564204206.4881825,1564204206.5962863
read,/scratch/hrlee/25201812/temp_project/alchemlyb/perf/fsizes/32/0004_dhdl.part0009.xvg,39,1,1564204206.488149,1564204206.5980194
read,/scratch/hrlee/25201812/temp_project/alchemlyb/perf/fsizes/32/0003_dhdl.part0007.xvg,27,1,1564204206.4880028,1564204206.5993187
read,/scratch/hrlee/25201812/temp_project/alchemlyb/perf/fsizes/32/0005_dhdl.part0008.xvg,48,1,1564204206.5149264,1564204206.6049454
read,/scratch/hrlee/25201812/temp_project/alchemlyb/perf/fsizes/32/0003_dhdl.part0003.xvg,23,1,1564204206.488934,1564204206.6087787
read,/scratch/hrlee/25201812/temp_project/alchemlyb/perf/fsizes/32/0004_dhdl.part0005.xvg,35,1,1564204206.4884746,1564204206.60905
read,/scratch/hrlee/25201812/temp_project/alchemlyb/perf/fsizes/32/0005_dhdl.part0005.xvg,45,1,1564204206.4976685,1564204206.6095445
read,/scratch/hrlee/25201812/temp_project/alchemlyb/perf/fsizes/32/0006_dhdl.part0002.xvg,52,1,1564204206.531944,1564204206.628266
read,/scratch/hrlee/25201812/temp_project/alchemlyb/perf/fsizes/32/0006_dhdl.part0004.xvg,54,1,1564204206.54902,1564204206.6366813
read,/scratch/hrlee/25201812/temp_project/alchemlyb/perf/fsizes/32/0006_dhdl.part0006.xvg,56,1,1564204206.549557,1564204206.637336
read,/scratch/hrlee/25201812/temp_project/alchemlyb/perf/fsizes/32/0007_dhdl.part0002.xvg,62,1,1564204206.549852,1564204206.637425
read,/scratch/hrlee/25201812/temp_project/alchemlyb/perf/fsizes/32/0006_dhdl.part0008.xvg,58,1,1564204206.5496757,1564204206.6375546
read,/scratch/hrlee/25201812/temp_project/alchemlyb/perf/fsizes/32/0007_dhdl.part0004.xvg,64,1,1564204206.5499237,1564204206.637577
read,/scratch/hrlee/25201812/temp_project/alchemlyb/perf/fsizes/32/0007_dhdl.part0008.xvg,68,1,1564204206.5501354,1564204206.6384475
read,/scratch/hrlee/25201812/temp_project/alchemlyb/perf/fsizes/32/0007_dhdl.part0000.xvg,60,1,1564204206.5498078,1564204206.638464
read,/scratch/hrlee/25201812/temp_project/alchemlyb/perf/fsizes/32/0008_dhdl.part0000.xvg,70,1,1564204206.5508847,1564204206.6384826
read,/scratch/hrlee/25201812/temp_project/alchemlyb/perf/fsizes/32/0007_dhdl.part0006.xvg,66,1,1564204206.5500684,1564204206.638479
read,/scratch/hrlee/25201812/temp_project/alchemlyb/perf/fsizes/32/0008_dhdl.part0004.xvg,74,1,1564204206.5603778,1564204206.6508002
read,/scratch/hrlee/25201812/temp_project/alchemlyb/perf/fsizes/32/0008_dhdl.part0002.xvg,72,1,1564204206.5597105,1564204206.6531038
read,/scratch/hrlee/25201812/temp_project/alchemlyb/perf/fsizes/32/0008_dhdl.part0008.xvg,78,1,1564204206.5759923,1564204206.6620102
read,/scratch/hrlee/25201812/temp_project/alchemlyb/perf/fsizes/32/0008_dhdl.part0006.xvg,76,1,1564204206.5677621,1564204206.6786804
read,/scratch/hrlee/25201812/temp_project/alchemlyb/perf/fsizes/32/0009_dhdl.part0002.xvg,82,1,1564204206.5834546,1564204206.6802251
read,/scratch/hrlee/25201812/temp_project/alchemlyb/perf/fsizes/32/0010_dhdl.part0000.xvg,90,1,1564204206.6098876,1564204206.6810799
read,/scratch/hrlee/25201812/temp_project/alchemlyb/perf/fsizes/32/0009_dhdl.part0000.xvg,80,1,1564204206.5820212,1564204206.6830075
read,/scratch/hrlee/25201812/temp_project/alchemlyb/perf/fsizes/32/0009_dhdl.part0004.xvg,84,1,1564204206.5974016,1564204206.6878817
read,/scratch/hrlee/25201812/temp_project/alchemlyb/perf/fsizes/32/0009_dhdl.part0008.xvg,88,1,1564204206.600318,1564204206.7001615
read,/scratch/hrlee/25201812/temp_project/alchemlyb/perf/fsizes/32/0006_dhdl.part0001.xvg,51,1,1564204206.5956337,1564204206.7025905
read,/scratch/hrlee/25201812/temp_project/alchemlyb/perf/fsizes/32/0009_dhdl.part0006.xvg,86,1,1564204206.599114,1564204206.7063677
read,/scratch/hrlee/25201812/temp_project/alchemlyb/perf/fsizes/32/0007_dhdl.part0009.xvg,69,1,1564204206.6388476,1564204206.7110686
read,/scratch/hrlee/25201812/temp_project/alchemlyb/perf/fsizes/32/0008_dhdl.part0001.xvg,71,1,1564204206.6388707,1564204206.711554
read,/scratch/hrlee/25201812/temp_project/alchemlyb/perf/fsizes/32/0005_dhdl.part0009.xvg,49,1,1564204206.6055086,1564204206.7141967
read,/scratch/hrlee/25201812/temp_project/alchemlyb/perf/fsizes/32/0010_dhdl.part0002.xvg,92,1,1564204206.60989,1564204206.7142036
read,/scratch/hrlee/25201812/temp_project/alchemlyb/perf/fsizes/32/0010_dhdl.part0004.xvg,94,1,1564204206.6101758,1564204206.7145271
read,/scratch/hrlee/25201812/temp_project/alchemlyb/perf/fsizes/32/0008_dhdl.part0003.xvg,73,1,1564204206.6537378,1564204206.7159595
read,/scratch/hrlee/25201812/temp_project/alchemlyb/perf/fsizes/32/0006_dhdl.part0005.xvg,55,1,1564204206.6372983,1564204206.7176092
read,/scratch/hrlee/25201812/temp_project/alchemlyb/perf/fsizes/32/0006_dhdl.part0007.xvg,57,1,1564204206.6378496,1564204206.7176003
read,/scratch/hrlee/25201812/temp_project/alchemlyb/perf/fsizes/32/0007_dhdl.part0003.xvg,63,1,1564204206.6378677,1564204206.7175975
read,/scratch/hrlee/25201812/temp_project/alchemlyb/perf/fsizes/32/0006_dhdl.part0009.xvg,59,1,1564204206.6380434,1564204206.7178683
read,/scratch/hrlee/25201812/temp_project/alchemlyb/perf/fsizes/32/0007_dhdl.part0005.xvg,65,1,1564204206.6380346,1564204206.7182589
read,/scratch/hrlee/25201812/temp_project/alchemlyb/perf/fsizes/32/0008_dhdl.part0005.xvg,75,1,1564204206.651523,1564204206.718396
read,/scratch/hrlee/25201812/temp_project/alchemlyb/perf/fsizes/32/0007_dhdl.part0001.xvg,61,1,1564204206.6388466,1564204206.7186062
read,/scratch/hrlee/25201812/temp_project/alchemlyb/perf/fsizes/32/0007_dhdl.part0007.xvg,67,1,1564204206.6389315,1564204206.7194765
read,/scratch/hrlee/25201812/temp_project/alchemlyb/perf/fsizes/32/0008_dhdl.part0009.xvg,79,1,1564204206.6626706,1564204206.7200415
read,/scratch/hrlee/25201812/temp_project/alchemlyb/perf/fsizes/32/0006_dhdl.part0003.xvg,53,1,1564204206.6289172,1564204206.7229407
read,/scratch/hrlee/25201812/temp_project/alchemlyb/perf/fsizes/32/0009_dhdl.part0003.xvg,83,1,1564204206.6809032,1564204206.7288973
read,/scratch/hrlee/25201812/temp_project/alchemlyb/perf/fsizes/32/0008_dhdl.part0007.xvg,77,1,1564204206.679775,1564204206.7302234
read,/scratch/hrlee/25201812/temp_project/alchemlyb/perf/fsizes/32/0009_dhdl.part0001.xvg,81,1,1564204206.6836064,1564204206.7305694
read,/scratch/hrlee/25201812/temp_project/alchemlyb/perf/fsizes/32/0010_dhdl.part0001.xvg,91,1,1564204206.6817062,1564204206.7337499
read,/scratch/hrlee/25201812/temp_project/alchemlyb/perf/fsizes/32/0009_dhdl.part0005.xvg,85,1,1564204206.6884668,1564204206.7342398
read,/scratch/hrlee/25201812/temp_project/alchemlyb/perf/fsizes/32/0009_dhdl.part0009.xvg,89,1,1564204206.700925,1564204206.7404222
read,/scratch/hrlee/25201812/temp_project/alchemlyb/perf/fsizes/32/0010_dhdl.part0006.xvg,96,1,1564204206.7035494,1564204206.7416518
read,/scratch/hrlee/25201812/temp_project/alchemlyb/perf/fsizes/32/0009_dhdl.part0007.xvg,87,1,1564204206.7071028,1564204206.743325
read,/scratch/hrlee/25201812/temp_project/alchemlyb/perf/fsizes/32/0010_dhdl.part0008.xvg,98,1,1564204206.712008,1564204206.7462065
read,/scratch/hrlee/25201812/temp_project/alchemlyb/perf/fsizes/32/0010_dhdl.part0003.xvg,93,1,1564204206.714778,1564204206.7462075
read,/scratch/hrlee/25201812/temp_project/alchemlyb/perf/fsizes/32/0010_dhdl.part0005.xvg,95,1,1564204206.7149632,1564204206.7465372
read,/scratch/hrlee/25201812/temp_project/alchemlyb/perf/fsizes/32/0010_dhdl.part0007.xvg,97,1,1564204206.7419755,1564204206.7672522
read,/scratch/hrlee/25201812/temp_project/alchemlyb/perf/fsizes/32/0010_dhdl.part0009.xvg,99,1,1564204206.746548,1564204206.7699742
