write,/scratch/hrlee/25201812/temp_project/alchemlyb/perf/fsizes/32/0004_dhdl.part0002.xvg,32,1,1564204227.1046298,1564204227.135359
write,/scratch/hrlee/25201812/temp_project/alchemlyb/perf/fsizes/32/0002_dhdl.part0006.xvg,16,1,1564204227.1042862,1564204227.1353605
write,/scratch/hrlee/25201812/temp_project/alchemlyb/perf/fsizes/32/0001_dhdl.part0004.xvg,4,1,1564204227.1040668,1564204227.135458
write,/scratch/hrlee/25201812/temp_project/alchemlyb/perf/fsizes/32/0005_dhdl.part0000.xvg,40,1,1564204227.1048012,1564204227.1357539
write,/scratch/hrlee/25201812/temp_project/alchemlyb/perf/fsizes/32/0003_dhdl.part0004.xvg,24,1,1564204227.1044664,1564204227.135831
write,/scratch/hrlee/25201812/temp_project/alchemlyb/perf/fsizes/32/0002_dhdl.part0002.xvg,12,1,1564204227.1042259,1564204227.1358376
write,/scratch/hrlee/25201812/temp_project/alchemlyb/perf/fsizes/32/0006_dhdl.part0006.xvg,56,1,1564204227.1051564,1564204227.135917
write,/scratch/hrlee/25201812/temp_project/alchemlyb/perf/fsizes/32/0005_dhdl.part0008.xvg,48,1,1564204227.1049795,1564204227.135982
write,/scratch/hrlee/25201812/temp_project/alchemlyb/perf/fsizes/32/0007_dhdl.part0004.xvg,64,1,1564204227.1053212,1564204227.1361363
write,/scratch/hrlee/25201812/temp_project/alchemlyb/perf/fsizes/32/0003_dhdl.part0000.xvg,20,1,1564204227.104384,1564204227.1428585
write,/scratch/hrlee/25201812/temp_project/alchemlyb/perf/fsizes/32/0001_dhdl.part0008.xvg,8,1,1564204227.1041372,1564204227.143051
write,/scratch/hrlee/25201812/temp_project/alchemlyb/perf/fsizes/32/0004_dhdl.part0006.xvg,36,1,1564204227.1047263,1564204227.1430693
write,/scratch/hrlee/25201812/temp_project/alchemlyb/perf/fsizes/32/0005_dhdl.part0004.xvg,44,1,1564204227.1049027,1564204227.143083
write,/scratch/hrlee/25201812/temp_project/alchemlyb/perf/fsizes/32/0003_dhdl.part0008.xvg,28,1,1564204227.104557,1564204227.1431675
write,/scratch/hrlee/25201812/temp_project/alchemlyb/perf/fsizes/32/0001_dhdl.part0000.xvg,0,1,1564204227.1040108,1564204227.1432037
write,/scratch/hrlee/25201812/temp_project/alchemlyb/perf/fsizes/32/0006_dhdl.part0002.xvg,52,1,1564204227.105077,1564204227.1434815
write,/scratch/hrlee/25201812/temp_project/alchemlyb/perf/fsizes/32/0007_dhdl.part0000.xvg,60,1,1564204227.1052568,1564204227.144095
write,/scratch/hrlee/25201812/temp_project/alchemlyb/perf/fsizes/32/0002_dhdl.part0007.xvg,17,1,1564204227.8502166,1564204227.897161
write,/scratch/hrlee/25201812/temp_project/alchemlyb/perf/fsizes/32/0006_dhdl.part0007.xvg,57,1,1564204227.8507738,1564204227.9103093
write,/scratch/hrlee/25201812/temp_project/alchemlyb/perf/fsizes/32/0009_dhdl.part0004.xvg,84,1,1564204227.8555212,1564204227.9122548
write,/scratch/hrlee/25201812/temp_project/alchemlyb/perf/fsizes/32/0002_dhdl.part0003.xvg,13,1,1564204227.8505847,1564204227.922468
write,/scratch/hrlee/25201812/temp_project/alchemlyb/perf/fsizes/32/0008_dhdl.part0006.xvg,76,1,1564204227.8502588,1564204227.92302
write,/scratch/hrlee/25201812/temp_project/alchemlyb/perf/fsizes/32/0008_dhdl.part0002.xvg,72,1,1564204227.8503811,1564204227.9250689
write,/scratch/hrlee/25201812/temp_project/alchemlyb/perf/fsizes/32/0009_dhdl.part0008.xvg,88,1,1564204227.8502634,1564204227.9311447
write,/scratch/hrlee/25201812/temp_project/alchemlyb/perf/fsizes/32/0003_dhdl.part0005.xvg,25,1,1564204227.8506916,1564204227.9331436
write,/scratch/hrlee/25201812/temp_project/alchemlyb/perf/fsizes/32/0004_dhdl.part0007.xvg,37,1,1564204227.8506796,1564204227.9334571
write,/scratch/hrlee/25201812/temp_project/alchemlyb/perf/fsizes/32/0006_dhdl.part0003.xvg,53,1,1564204227.8502018,1564204227.9335546
write,/scratch/hrlee/25201812/temp_project/alchemlyb/perf/fsizes/32/0010_dhdl.part0002.xvg,92,1,1564204227.8703787,1564204227.9339101
write,/scratch/hrlee/25201812/temp_project/alchemlyb/perf/fsizes/32/0004_dhdl.part0003.xvg,33,1,1564204227.8502169,1564204227.9385052
write,/scratch/hrlee/25201812/temp_project/alchemlyb/perf/fsizes/32/0001_dhdl.part0001.xvg,1,1,1564204227.8502045,1564204227.9386442
write,/scratch/hrlee/25201812/temp_project/alchemlyb/perf/fsizes/32/0005_dhdl.part0001.xvg,41,1,1564204227.8578937,1564204227.9421709
write,/scratch/hrlee/25201812/temp_project/alchemlyb/perf/fsizes/32/0007_dhdl.part0005.xvg,65,1,1564204227.850211,1564204227.9423573
write,/scratch/hrlee/25201812/temp_project/alchemlyb/perf/fsizes/32/0003_dhdl.part0001.xvg,21,1,1564204227.8501766,1564204227.9451468
write,/scratch/hrlee/25201812/temp_project/alchemlyb/perf/fsizes/32/0003_dhdl.part0009.xvg,29,1,1564204227.8506792,1564204227.9452643
write,/scratch/hrlee/25201812/temp_project/alchemlyb/perf/fsizes/32/0009_dhdl.part0000.xvg,80,1,1564204227.8502758,1564204227.9464889
write,/scratch/hrlee/25201812/temp_project/alchemlyb/perf/fsizes/32/0007_dhdl.part0008.xvg,68,1,1564204227.8502586,1564204227.9474697
write,/scratch/hrlee/25201812/temp_project/alchemlyb/perf/fsizes/32/0001_dhdl.part0009.xvg,9,1,1564204227.8502002,1564204227.9488292
write,/scratch/hrlee/25201812/temp_project/alchemlyb/perf/fsizes/32/0005_dhdl.part0005.xvg,45,1,1564204227.8507118,1564204227.9488335
write,/scratch/hrlee/25201812/temp_project/alchemlyb/perf/fsizes/32/0001_dhdl.part0005.xvg,5,1,1564204227.850183,1564204227.951545
write,/scratch/hrlee/25201812/temp_project/alchemlyb/perf/fsizes/32/0004_dhdl.part0004.xvg,34,1,1564204228.5377607,1564204228.570247
write,/scratch/hrlee/25201812/temp_project/alchemlyb/perf/fsizes/32/0006_dhdl.part0004.xvg,54,1,1564204228.537635,1564204228.57071
write,/scratch/hrlee/25201812/temp_project/alchemlyb/perf/fsizes/32/0008_dhdl.part0003.xvg,73,1,1564204228.5376368,1564204228.5783384
write,/scratch/hrlee/25201812/temp_project/alchemlyb/perf/fsizes/32/0009_dhdl.part0001.xvg,81,1,1564204228.5380552,1564204228.5810573
write,/scratch/hrlee/25201812/temp_project/alchemlyb/perf/fsizes/32/0004_dhdl.part0000.xvg,30,1,1564204228.5376503,1564204228.5939572
write,/scratch/hrlee/25201812/temp_project/alchemlyb/perf/fsizes/32/0005_dhdl.part0006.xvg,46,1,1564204228.5376778,1564204228.6004167
write,/scratch/hrlee/25201812/temp_project/alchemlyb/perf/fsizes/32/0010_dhdl.part0003.xvg,93,1,1564204228.547766,1564204228.6047733
write,/scratch/hrlee/25201812/temp_project/alchemlyb/perf/fsizes/32/0002_dhdl.part0000.xvg,10,1,1564204228.5376368,1564204228.60798
write,/scratch/hrlee/25201812/temp_project/alchemlyb/perf/fsizes/32/0007_dhdl.part0001.xvg,61,1,1564204228.5378306,1564204228.6247244
write,/scratch/hrlee/25201812/temp_project/alchemlyb/perf/fsizes/32/0003_dhdl.part0006.xvg,26,1,1564204228.537764,1564204228.6291726
write,/scratch/hrlee/25201812/temp_project/alchemlyb/perf/fsizes/32/0005_dhdl.part0002.xvg,42,1,1564204228.5376396,1564204228.6307194
write,/scratch/hrlee/25201812/temp_project/alchemlyb/perf/fsizes/32/0009_dhdl.part0009.xvg,89,1,1564204228.5376368,1564204228.6389678
write,/scratch/hrlee/25201812/temp_project/alchemlyb/perf/fsizes/32/0002_dhdl.part0008.xvg,18,1,1564204228.5570662,1564204228.641157
write,/scratch/hrlee/25201812/temp_project/alchemlyb/perf/fsizes/32/0006_dhdl.part0008.xvg,58,1,1564204228.5378819,1564204228.6412764
write,/scratch/hrlee/25201812/temp_project/alchemlyb/perf/fsizes/32/0002_dhdl.part0004.xvg,14,1,1564204228.5380232,1564204228.643981
write,/scratch/hrlee/25201812/temp_project/alchemlyb/perf/fsizes/32/0003_dhdl.part0002.xvg,22,1,1564204228.5376399,1564204228.644168
write,/scratch/hrlee/25201812/temp_project/alchemlyb/perf/fsizes/32/0005_dhdl.part0009.xvg,49,1,1564204228.5378294,1564204228.6523762
write,/scratch/hrlee/25201812/temp_project/alchemlyb/perf/fsizes/32/0008_dhdl.part0007.xvg,77,1,1564204228.5571039,1564204228.6531315
write,/scratch/hrlee/25201812/temp_project/alchemlyb/perf/fsizes/32/0009_dhdl.part0005.xvg,85,1,1564204228.5570896,1564204228.6556199
write,/scratch/hrlee/25201812/temp_project/alchemlyb/perf/fsizes/32/0007_dhdl.part0006.xvg,66,1,1564204228.561519,1564204228.7542524
write,/scratch/hrlee/25201812/temp_project/alchemlyb/perf/fsizes/32/0007_dhdl.part0009.xvg,69,1,1564204228.557047,1564204228.7566755
write,/scratch/hrlee/25201812/temp_project/alchemlyb/perf/fsizes/32/0001_dhdl.part0002.xvg,2,1,1564204228.5376592,1564204228.7594824
write,/scratch/hrlee/25201812/temp_project/alchemlyb/perf/fsizes/32/0010_dhdl.part0004.xvg,94,1,1564204232.3860497,1564204232.4155338
write,/scratch/hrlee/25201812/temp_project/alchemlyb/perf/fsizes/32/0002_dhdl.part0001.xvg,11,1,1564204232.386019,1564204232.4155338
write,/scratch/hrlee/25201812/temp_project/alchemlyb/perf/fsizes/32/0007_dhdl.part0002.xvg,62,1,1564204232.38597,1564204232.4163857
write,/scratch/hrlee/25201812/temp_project/alchemlyb/perf/fsizes/32/0004_dhdl.part0001.xvg,31,1,1564204232.3860333,1564204232.416905
write,/scratch/hrlee/25201812/temp_project/alchemlyb/perf/fsizes/32/0004_dhdl.part0008.xvg,38,1,1564204232.3859704,1564204232.417575
write,/scratch/hrlee/25201812/temp_project/alchemlyb/perf/fsizes/32/0006_dhdl.part0005.xvg,55,1,1564204232.385961,1564204232.4238245
write,/scratch/hrlee/25201812/temp_project/alchemlyb/perf/fsizes/32/0008_dhdl.part0008.xvg,78,1,1564204232.385961,1564204232.4239655
write,/scratch/hrlee/25201812/temp_project/alchemlyb/perf/fsizes/32/0004_dhdl.part0005.xvg,35,1,1564204232.385966,1564204232.4239485
write,/scratch/hrlee/25201812/temp_project/alchemlyb/perf/fsizes/32/0002_dhdl.part0009.xvg,19,1,1564204232.3859696,1564204232.4239523
write,/scratch/hrlee/25201812/temp_project/alchemlyb/perf/fsizes/32/0005_dhdl.part0007.xvg,47,1,1564204232.3862426,1564204232.4246423
write,/scratch/hrlee/25201812/temp_project/alchemlyb/perf/fsizes/32/0010_dhdl.part0000.xvg,90,1,1564204232.4035575,1564204232.4386332
write,/scratch/hrlee/25201812/temp_project/alchemlyb/perf/fsizes/32/0001_dhdl.part0003.xvg,3,1,1564204232.413932,1564204232.441605
write,/scratch/hrlee/25201812/temp_project/alchemlyb/perf/fsizes/32/0007_dhdl.part0007.xvg,67,1,1564204232.413932,1564204232.441634
write,/scratch/hrlee/25201812/temp_project/alchemlyb/perf/fsizes/32/0009_dhdl.part0002.xvg,82,1,1564204232.4088593,1564204232.4461112
write,/scratch/hrlee/25201812/temp_project/alchemlyb/perf/fsizes/32/0001_dhdl.part0006.xvg,6,1,1564204232.4194465,1564204232.4467008
write,/scratch/hrlee/25201812/temp_project/alchemlyb/perf/fsizes/32/0003_dhdl.part0007.xvg,27,1,1564204232.4147055,1564204232.4496572
write,/scratch/hrlee/25201812/temp_project/alchemlyb/perf/fsizes/32/0008_dhdl.part0000.xvg,70,1,1564204232.3939342,1564204232.450591
write,/scratch/hrlee/25201812/temp_project/alchemlyb/perf/fsizes/32/0006_dhdl.part0009.xvg,59,1,1564204232.3875062,1564204232.4519808
write,/scratch/hrlee/25201812/temp_project/alchemlyb/perf/fsizes/32/0003_dhdl.part0003.xvg,23,1,1564204232.4088593,1564204232.4519997
write,/scratch/hrlee/25201812/temp_project/alchemlyb/perf/fsizes/32/0005_dhdl.part0003.xvg,43,1,1564204232.398057,1564204232.4544044
write,/scratch/hrlee/25201812/temp_project/alchemlyb/perf/fsizes/32/0008_dhdl.part0004.xvg,74,1,1564204232.386041,1564204232.4546738
write,/scratch/hrlee/25201812/temp_project/alchemlyb/perf/fsizes/32/0011_dhdl.part0000.xvg,100,1,1564204234.635965,1564204234.6728814
write,/scratch/hrlee/25201812/temp_project/alchemlyb/perf/fsizes/32/0010_dhdl.part0006.xvg,96,1,1564204234.6359918,1564204234.6730945
write,/scratch/hrlee/25201812/temp_project/alchemlyb/perf/fsizes/32/0011_dhdl.part0004.xvg,104,1,1564204234.6359644,1564204234.6771333
write,/scratch/hrlee/25201812/temp_project/alchemlyb/perf/fsizes/32/0008_dhdl.part0009.xvg,79,1,1564204234.6359644,1564204234.6901548
write,/scratch/hrlee/25201812/temp_project/alchemlyb/perf/fsizes/32/0015_dhdl.part0000.xvg,140,1,1564204234.6359806,1564204234.6935246
write,/scratch/hrlee/25201812/temp_project/alchemlyb/perf/fsizes/32/0013_dhdl.part0008.xvg,128,1,1564204234.635975,1564204234.6944382
write,/scratch/hrlee/25201812/temp_project/alchemlyb/perf/fsizes/32/0007_dhdl.part0003.xvg,63,1,1564204234.6359653,1564204234.6948016
write,/scratch/hrlee/25201812/temp_project/alchemlyb/perf/fsizes/32/0010_dhdl.part0001.xvg,91,1,1564204234.6359863,1564204234.6947808
write,/scratch/hrlee/25201812/temp_project/alchemlyb/perf/fsizes/32/0009_dhdl.part0006.xvg,86,1,1564204234.635973,1564204234.6953378
write,/scratch/hrlee/25201812/temp_project/alchemlyb/perf/fsizes/32/0001_dhdl.part0007.xvg,7,1,1564204234.647813,1564204234.6976333
write,/scratch/hrlee/25201812/temp_project/alchemlyb/perf/fsizes/32/0002_dhdl.part0005.xvg,15,1,1564204234.635975,1564204234.6989815
write,/scratch/hrlee/25201812/temp_project/alchemlyb/perf/fsizes/32/0010_dhdl.part0005.xvg,95,1,1564204234.6359692,1564204234.7018328
write,/scratch/hrlee/25201812/temp_project/alchemlyb/perf/fsizes/32/0012_dhdl.part0006.xvg,116,1,1564204234.6359656,1564204234.7032757
write,/scratch/hrlee/25201812/temp_project/alchemlyb/perf/fsizes/32/0012_dhdl.part0002.xvg,112,1,1564204234.635967,1564204234.708403
write,/scratch/hrlee/25201812/temp_project/alchemlyb/perf/fsizes/32/0014_dhdl.part0006.xvg,136,1,1564204234.6359725,1564204234.7094812
write,/scratch/hrlee/25201812/temp_project/alchemlyb/perf/fsizes/32/0009_dhdl.part0003.xvg,83,1,1564204234.6359746,1564204234.710695
write,/scratch/hrlee/25201812/temp_project/alchemlyb/perf/fsizes/32/0008_dhdl.part0005.xvg,75,1,1564204234.6359644,1564204234.711168
write,/scratch/hrlee/25201812/temp_project/alchemlyb/perf/fsizes/32/0006_dhdl.part0000.xvg,50,1,1564204234.6463332,1564204234.712524
write,/scratch/hrlee/25201812/temp_project/alchemlyb/perf/fsizes/32/0004_dhdl.part0009.xvg,39,1,1564204234.6359656,1564204234.7134657
write,/scratch/hrlee/25201812/temp_project/alchemlyb/perf/fsizes/32/0011_dhdl.part0008.xvg,108,1,1564204234.635975,1564204234.7138877
write,/scratch/hrlee/25201812/temp_project/alchemlyb/perf/fsizes/32/0013_dhdl.part0000.xvg,120,1,1564204234.6359673,1564204234.7217875
write,/scratch/hrlee/25201812/temp_project/alchemlyb/perf/fsizes/32/0018_dhdl.part0002.xvg,172,1,1564204236.7308774,1564204236.7703195
write,/scratch/hrlee/25201812/temp_project/alchemlyb/perf/fsizes/32/0015_dhdl.part0008.xvg,148,1,1564204236.7308772,1564204236.7725887
write,/scratch/hrlee/25201812/temp_project/alchemlyb/perf/fsizes/32/0011_dhdl.part0001.xvg,101,1,1564204236.7308943,1564204236.7754414
write,/scratch/hrlee/25201812/temp_project/alchemlyb/perf/fsizes/32/0017_dhdl.part0008.xvg,168,1,1564204236.730864,1564204236.7763517
write,/scratch/hrlee/25201812/temp_project/alchemlyb/perf/fsizes/32/0013_dhdl.part0009.xvg,129,1,1564204236.7308788,1564204236.7765362
write,/scratch/hrlee/25201812/temp_project/alchemlyb/perf/fsizes/32/0011_dhdl.part0005.xvg,105,1,1564204236.7308779,1564204236.7786448
write,/scratch/hrlee/25201812/temp_project/alchemlyb/perf/fsizes/32/0014_dhdl.part0002.xvg,132,1,1564204236.730885,1564204236.78077
write,/scratch/hrlee/25201812/temp_project/alchemlyb/perf/fsizes/32/0015_dhdl.part0001.xvg,141,1,1564204236.730882,1564204236.7819915
write,/scratch/hrlee/25201812/temp_project/alchemlyb/perf/fsizes/32/0015_dhdl.part0004.xvg,144,1,1564204236.73087,1564204236.7859075
write,/scratch/hrlee/25201812/temp_project/alchemlyb/perf/fsizes/32/0013_dhdl.part0004.xvg,124,1,1564204236.7308774,1564204236.7849288
write,/scratch/hrlee/25201812/temp_project/alchemlyb/perf/fsizes/32/0014_dhdl.part0007.xvg,137,1,1564204236.7308965,1564204236.7908313
write,/scratch/hrlee/25201812/temp_project/alchemlyb/perf/fsizes/32/0006_dhdl.part0001.xvg,51,1,1564204236.7308784,1564204236.7964506
write,/scratch/hrlee/25201812/temp_project/alchemlyb/perf/fsizes/32/0012_dhdl.part0003.xvg,113,1,1564204236.730841,1564204236.803022
write,/scratch/hrlee/25201812/temp_project/alchemlyb/perf/fsizes/32/0017_dhdl.part0004.xvg,164,1,1564204236.7308774,1564204236.8091965
write,/scratch/hrlee/25201812/temp_project/alchemlyb/perf/fsizes/32/0008_dhdl.part0001.xvg,71,1,1564204236.741428,1564204236.8105397
write,/scratch/hrlee/25201812/temp_project/alchemlyb/perf/fsizes/32/0018_dhdl.part0006.xvg,176,1,1564204236.737764,1564204236.8261757
write,/scratch/hrlee/25201812/temp_project/alchemlyb/perf/fsizes/32/0010_dhdl.part0007.xvg,97,1,1564204236.7308776,1564204236.8291214
write,/scratch/hrlee/25201812/temp_project/alchemlyb/perf/fsizes/32/0009_dhdl.part0007.xvg,87,1,1564204236.7521553,1564204236.8299632
write,/scratch/hrlee/25201812/temp_project/alchemlyb/perf/fsizes/32/0016_dhdl.part0002.xvg,152,1,1564204236.7308774,1564204236.8353481
write,/scratch/hrlee/25201812/temp_project/alchemlyb/perf/fsizes/32/0011_dhdl.part0002.xvg,102,1,1564204236.775985,1564204236.837033
write,/scratch/hrlee/25201812/temp_project/alchemlyb/perf/fsizes/32/0017_dhdl.part0000.xvg,160,1,1564204236.7389846,1564204236.8373487
write,/scratch/hrlee/25201812/temp_project/alchemlyb/perf/fsizes/32/0013_dhdl.part0005.xvg,125,1,1564204236.7864542,1564204236.840067
write,/scratch/hrlee/25201812/temp_project/alchemlyb/perf/fsizes/32/0012_dhdl.part0007.xvg,117,1,1564204236.7521553,1564204236.8446944
write,/scratch/hrlee/25201812/temp_project/alchemlyb/perf/fsizes/32/0011_dhdl.part0009.xvg,109,1,1564204236.7308948,1564204236.8451538
write,/scratch/hrlee/25201812/temp_project/alchemlyb/perf/fsizes/32/0014_dhdl.part0003.xvg,133,1,1564204236.7813423,1564204236.8501532
write,/scratch/hrlee/25201812/temp_project/alchemlyb/perf/fsizes/32/0017_dhdl.part0005.xvg,165,1,1564204236.8095732,1564204236.8582642
write,/scratch/hrlee/25201812/temp_project/alchemlyb/perf/fsizes/32/0011_dhdl.part0006.xvg,106,1,1564204236.7792022,1564204236.8613534
write,/scratch/hrlee/25201812/temp_project/alchemlyb/perf/fsizes/32/0015_dhdl.part0002.xvg,142,1,1564204236.7825115,1564204236.8642895
write,/scratch/hrlee/25201812/temp_project/alchemlyb/perf/fsizes/32/0014_dhdl.part0000.xvg,130,1,1564204236.7769644,1564204236.869261
write,/scratch/hrlee/25201812/temp_project/alchemlyb/perf/fsizes/32/0015_dhdl.part0005.xvg,145,1,1564204236.7869384,1564204236.869935
write,/scratch/hrlee/25201812/temp_project/alchemlyb/perf/fsizes/32/0013_dhdl.part0001.xvg,121,1,1564204236.7393572,1564204236.8775556
write,/scratch/hrlee/25201812/temp_project/alchemlyb/perf/fsizes/32/0018_dhdl.part0003.xvg,173,1,1564204236.7708762,1564204236.8799531
write,/scratch/hrlee/25201812/temp_project/alchemlyb/perf/fsizes/32/0015_dhdl.part0009.xvg,149,1,1564204236.773281,1564204236.8818793
write,/scratch/hrlee/25201812/temp_project/alchemlyb/perf/fsizes/32/0014_dhdl.part0008.xvg,138,1,1564204236.7913196,1564204236.8837204
write,/scratch/hrlee/25201812/temp_project/alchemlyb/perf/fsizes/32/0016_dhdl.part0006.xvg,156,1,1564204236.7308712,1564204236.8846877
write,/scratch/hrlee/25201812/temp_project/alchemlyb/perf/fsizes/32/0019_dhdl.part0000.xvg,180,1,1564204236.79718,1564204236.8874424
write,/scratch/hrlee/25201812/temp_project/alchemlyb/perf/fsizes/32/0017_dhdl.part0009.xvg,169,1,1564204236.7768903,1564204236.893172
write,/scratch/hrlee/25201812/temp_project/alchemlyb/perf/fsizes/32/0012_dhdl.part0004.xvg,114,1,1564204236.8034663,1564204236.8957071
write,/scratch/hrlee/25201812/temp_project/alchemlyb/perf/fsizes/32/0014_dhdl.part0009.xvg,139,1,1564204238.82007,1564204238.8499527
write,/scratch/hrlee/25201812/temp_project/alchemlyb/perf/fsizes/32/0018_dhdl.part0004.xvg,174,1,1564204238.8200638,1564204238.850859
write,/scratch/hrlee/25201812/temp_project/alchemlyb/perf/fsizes/32/0011_dhdl.part0007.xvg,107,1,1564204238.8200674,1564204238.8510706
write,/scratch/hrlee/25201812/temp_project/alchemlyb/perf/fsizes/32/0015_dhdl.part0003.xvg,143,1,1564204238.8200638,1564204238.8510368
write,/scratch/hrlee/25201812/temp_project/alchemlyb/perf/fsizes/32/0013_dhdl.part0002.xvg,122,1,1564204238.8200662,1564204238.8511107
write,/scratch/hrlee/25201812/temp_project/alchemlyb/perf/fsizes/32/0012_dhdl.part0008.xvg,118,1,1564204238.820038,1564204238.8554063
write,/scratch/hrlee/25201812/temp_project/alchemlyb/perf/fsizes/32/0019_dhdl.part0008.xvg,188,1,1564204238.8200717,1564204238.8554168
write,/scratch/hrlee/25201812/temp_project/alchemlyb/perf/fsizes/32/0016_dhdl.part0007.xvg,157,1,1564204238.8200586,1564204238.8554735
write,/scratch/hrlee/25201812/temp_project/alchemlyb/perf/fsizes/32/0017_dhdl.part0001.xvg,161,1,1564204238.8200705,1564204238.85548
write,/scratch/hrlee/25201812/temp_project/alchemlyb/perf/fsizes/32/0019_dhdl.part0004.xvg,184,1,1564204238.8200705,1564204238.8555207
write,/scratch/hrlee/25201812/temp_project/alchemlyb/perf/fsizes/32/0012_dhdl.part0000.xvg,110,1,1564204238.8200521,1564204238.8555558
write,/scratch/hrlee/25201812/temp_project/alchemlyb/perf/fsizes/32/0016_dhdl.part0003.xvg,153,1,1564204238.8200378,1564204238.855656
write,/scratch/hrlee/25201812/temp_project/alchemlyb/perf/fsizes/32/0013_dhdl.part0006.xvg,126,1,1564204238.820068,1564204238.8556798
write,/scratch/hrlee/25201812/temp_project/alchemlyb/perf/fsizes/32/0011_dhdl.part0003.xvg,103,1,1564204238.8200796,1564204238.8558764
write,/scratch/hrlee/25201812/temp_project/alchemlyb/perf/fsizes/32/0010_dhdl.part0008.xvg,98,1,1564204238.8200605,1564204238.856218
write,/scratch/hrlee/25201812/temp_project/alchemlyb/perf/fsizes/32/0012_dhdl.part0009.xvg,119,1,1564204239.018195,1564204239.0498633
write,/scratch/hrlee/25201812/temp_project/alchemlyb/perf/fsizes/32/0018_dhdl.part0005.xvg,175,1,1564204239.006276,1564204239.0575824
write,/scratch/hrlee/25201812/temp_project/alchemlyb/perf/fsizes/32/0014_dhdl.part0001.xvg,131,1,1564204239.0098655,1564204239.068863
write,/scratch/hrlee/25201812/temp_project/alchemlyb/perf/fsizes/32/0012_dhdl.part0001.xvg,111,1,1564204239.0193443,1564204239.1708217
write,/scratch/hrlee/25201812/temp_project/alchemlyb/perf/fsizes/32/0015_dhdl.part0006.xvg,146,1,1564204239.015474,1564204239.1778805
write,/scratch/hrlee/25201812/temp_project/alchemlyb/perf/fsizes/32/0013_dhdl.part0003.xvg,123,1,1564204238.9901175,1564204239.1831646
write,/scratch/hrlee/25201812/temp_project/alchemlyb/perf/fsizes/32/0012_dhdl.part0005.xvg,115,1,1564204239.0181916,1564204239.1871624
write,/scratch/hrlee/25201812/temp_project/alchemlyb/perf/fsizes/32/0018_dhdl.part0000.xvg,170,1,1564204239.0136535,1564204239.1929936
write,/scratch/hrlee/25201812/temp_project/alchemlyb/perf/fsizes/32/0017_dhdl.part0002.xvg,162,1,1564204239.0181916,1564204239.1938913
write,/scratch/hrlee/25201812/temp_project/alchemlyb/perf/fsizes/32/0013_dhdl.part0007.xvg,127,1,1564204239.0183382,1564204239.1956246
write,/scratch/hrlee/25201812/temp_project/alchemlyb/perf/fsizes/32/0014_dhdl.part0004.xvg,134,1,1564204238.9901297,1564204239.1997683
write,/scratch/hrlee/25201812/temp_project/alchemlyb/perf/fsizes/32/0016_dhdl.part0008.xvg,158,1,1564204239.0098653,1564204239.2027156
write,/scratch/hrlee/25201812/temp_project/alchemlyb/perf/fsizes/32/0021_dhdl.part0000.xvg,200,1,1564204239.0098772,1564204239.2037232
write,/scratch/hrlee/25201812/temp_project/alchemlyb/perf/fsizes/32/0020_dhdl.part0006.xvg,196,1,1564204238.9901133,1564204239.2053998
write,/scratch/hrlee/25201812/temp_project/alchemlyb/perf/fsizes/32/0018_dhdl.part0007.xvg,177,1,1564204238.99013,1564204239.2072504
write,/scratch/hrlee/25201812/temp_project/alchemlyb/perf/fsizes/32/0019_dhdl.part0009.xvg,189,1,1564204239.0135977,1564204239.208031
write,/scratch/hrlee/25201812/temp_project/alchemlyb/perf/fsizes/32/0016_dhdl.part0000.xvg,150,1,1564204239.006242,1564204239.2100768
write,/scratch/hrlee/25201812/temp_project/alchemlyb/perf/fsizes/32/0021_dhdl.part0004.xvg,204,1,1564204239.0164132,1564204239.2157004
write,/scratch/hrlee/25201812/temp_project/alchemlyb/perf/fsizes/32/0019_dhdl.part0005.xvg,185,1,1564204239.0181847,1564204239.217254
write,/scratch/hrlee/25201812/temp_project/alchemlyb/perf/fsizes/32/0020_dhdl.part0002.xvg,192,1,1564204239.0181952,1564204239.2225704
write,/scratch/hrlee/25201812/temp_project/alchemlyb/perf/fsizes/32/0018_dhdl.part0008.xvg,178,1,1564204242.770197,1564204242.8062975
write,/scratch/hrlee/25201812/temp_project/alchemlyb/perf/fsizes/32/0017_dhdl.part0003.xvg,163,1,1564204242.770184,1564204242.806307
write,/scratch/hrlee/25201812/temp_project/alchemlyb/perf/fsizes/32/0021_dhdl.part0005.xvg,205,1,1564204242.7701569,1564204242.8067632
write,/scratch/hrlee/25201812/temp_project/alchemlyb/perf/fsizes/32/0020_dhdl.part0007.xvg,197,1,1564204242.7701728,1564204242.8067644
write,/scratch/hrlee/25201812/temp_project/alchemlyb/perf/fsizes/32/0019_dhdl.part0006.xvg,186,1,1564204242.7701569,1564204242.8068953
write,/scratch/hrlee/25201812/temp_project/alchemlyb/perf/fsizes/32/0021_dhdl.part0001.xvg,201,1,1564204242.7701719,1564204242.8076665
write,/scratch/hrlee/25201812/temp_project/alchemlyb/perf/fsizes/32/0015_dhdl.part0007.xvg,147,1,1564204242.770187,1564204242.8122842
write,/scratch/hrlee/25201812/temp_project/alchemlyb/perf/fsizes/32/0010_dhdl.part0009.xvg,99,1,1564204242.770614,1564204242.81544
write,/scratch/hrlee/25201812/temp_project/alchemlyb/perf/fsizes/32/0014_dhdl.part0005.xvg,135,1,1564204242.7701988,1564204242.81576
write,/scratch/hrlee/25201812/temp_project/alchemlyb/perf/fsizes/32/0019_dhdl.part0001.xvg,181,1,1564204242.7701879,1564204242.8161354
write,/scratch/hrlee/25201812/temp_project/alchemlyb/perf/fsizes/32/0016_dhdl.part0004.xvg,154,1,1564204242.7701955,1564204242.8182895
write,/scratch/hrlee/25201812/temp_project/alchemlyb/perf/fsizes/32/0023_dhdl.part0000.xvg,220,1,1564204242.770182,1564204242.8207898
write,/scratch/hrlee/25201812/temp_project/alchemlyb/perf/fsizes/32/0024_dhdl.part0002.xvg,232,1,1564204242.7701833,1564204242.8218348
write,/scratch/hrlee/25201812/temp_project/alchemlyb/perf/fsizes/32/0016_dhdl.part0009.xvg,159,1,1564204242.7701957,1564204242.8219767
write,/scratch/hrlee/25201812/temp_project/alchemlyb/perf/fsizes/32/0020_dhdl.part0000.xvg,190,1,1564204242.7701943,1564204242.8226597
write,/scratch/hrlee/25201812/temp_project/alchemlyb/perf/fsizes/32/0018_dhdl.part0001.xvg,171,1,1564204242.7793546,1564204242.8245316
write,/scratch/hrlee/25201812/temp_project/alchemlyb/perf/fsizes/32/0022_dhdl.part0006.xvg,216,1,1564204242.770494,1564204242.8250566
write,/scratch/hrlee/25201812/temp_project/alchemlyb/perf/fsizes/32/0017_dhdl.part0006.xvg,166,1,1564204242.770558,1564204242.8250883
write,/scratch/hrlee/25201812/temp_project/alchemlyb/perf/fsizes/32/0020_dhdl.part0008.xvg,198,1,1564204244.3048012,1564204244.33793
write,/scratch/hrlee/25201812/temp_project/alchemlyb/perf/fsizes/32/0021_dhdl.part0008.xvg,208,1,1564204244.3048139,1564204244.3436708
write,/scratch/hrlee/25201812/temp_project/alchemlyb/perf/fsizes/32/0016_dhdl.part0001.xvg,151,1,1564204244.3048139,1564204244.344538
write,/scratch/hrlee/25201812/temp_project/alchemlyb/perf/fsizes/32/0025_dhdl.part0000.xvg,240,1,1564204244.304813,1564204244.3450403
write,/scratch/hrlee/25201812/temp_project/alchemlyb/perf/fsizes/32/0022_dhdl.part0002.xvg,212,1,1564204244.3048124,1564204244.3451307
write,/scratch/hrlee/25201812/temp_project/alchemlyb/perf/fsizes/32/0023_dhdl.part0004.xvg,224,1,1564204244.3048124,1564204244.3452954
write,/scratch/hrlee/25201812/temp_project/alchemlyb/perf/fsizes/32/0025_dhdl.part0008.xvg,248,1,1564204244.3050897,1564204244.3455474
write,/scratch/hrlee/25201812/temp_project/alchemlyb/perf/fsizes/32/0023_dhdl.part0008.xvg,228,1,1564204244.3051429,1564204244.3458142
write,/scratch/hrlee/25201812/temp_project/alchemlyb/perf/fsizes/32/0016_dhdl.part0005.xvg,155,1,1564204244.3048134,1564204244.3462691
write,/scratch/hrlee/25201812/temp_project/alchemlyb/perf/fsizes/32/0024_dhdl.part0006.xvg,236,1,1564204244.3048124,1564204244.3463683
write,/scratch/hrlee/25201812/temp_project/alchemlyb/perf/fsizes/32/0021_dhdl.part0006.xvg,206,1,1564204244.3048012,1564204244.346644
write,/scratch/hrlee/25201812/temp_project/alchemlyb/perf/fsizes/32/0020_dhdl.part0003.xvg,193,1,1564204244.3048124,1564204244.347727
write,/scratch/hrlee/25201812/temp_project/alchemlyb/perf/fsizes/32/0019_dhdl.part0007.xvg,187,1,1564204244.3051918,1564204244.3499227
write,/scratch/hrlee/25201812/temp_project/alchemlyb/perf/fsizes/32/0021_dhdl.part0002.xvg,202,1,1564204244.30942,1564204244.350268
write,/scratch/hrlee/25201812/temp_project/alchemlyb/perf/fsizes/32/0018_dhdl.part0009.xvg,179,1,1564204244.304813,1564204244.354342
write,/scratch/hrlee/25201812/temp_project/alchemlyb/perf/fsizes/32/0024_dhdl.part0003.xvg,233,1,1564204246.1786034,1564204246.2131848
write,/scratch/hrlee/25201812/temp_project/alchemlyb/perf/fsizes/32/0022_dhdl.part0007.xvg,217,1,1564204246.178597,1564204246.2178555
write,/scratch/hrlee/25201812/temp_project/alchemlyb/perf/fsizes/32/0019_dhdl.part0002.xvg,182,1,1564204246.1785936,1564204246.2178454
write,/scratch/hrlee/25201812/temp_project/alchemlyb/perf/fsizes/32/0025_dhdl.part0004.xvg,244,1,1564204246.1785934,1564204246.2181304
write,/scratch/hrlee/25201812/temp_project/alchemlyb/perf/fsizes/32/0027_dhdl.part0008.xvg,268,1,1564204246.1794446,1564204246.219593
write,/scratch/hrlee/25201812/temp_project/alchemlyb/perf/fsizes/32/0028_dhdl.part0002.xvg,272,1,1564204246.1786034,1564204246.2230637
write,/scratch/hrlee/25201812/temp_project/alchemlyb/perf/fsizes/32/0026_dhdl.part0002.xvg,252,1,1564204246.1786056,1564204246.2236745
write,/scratch/hrlee/25201812/temp_project/alchemlyb/perf/fsizes/32/0023_dhdl.part0005.xvg,225,1,1564204246.1786096,1564204246.2519126
write,/scratch/hrlee/25201812/temp_project/alchemlyb/perf/fsizes/32/0027_dhdl.part0000.xvg,260,1,1564204246.1786323,1564204246.2558606
write,/scratch/hrlee/25201812/temp_project/alchemlyb/perf/fsizes/32/0020_dhdl.part0001.xvg,191,1,1564204246.1893833,1564204246.2571077
write,/scratch/hrlee/25201812/temp_project/alchemlyb/perf/fsizes/32/0026_dhdl.part0006.xvg,256,1,1564204246.178606,1564204246.2731946
write,/scratch/hrlee/25201812/temp_project/alchemlyb/perf/fsizes/32/0027_dhdl.part0004.xvg,264,1,1564204246.1786022,1564204246.2741232
write,/scratch/hrlee/25201812/temp_project/alchemlyb/perf/fsizes/32/0020_dhdl.part0009.xvg,199,1,1564204246.179069,1564204246.2750103
write,/scratch/hrlee/25201812/temp_project/alchemlyb/perf/fsizes/32/0023_dhdl.part0009.xvg,229,1,1564204246.2064848,1564204246.2783237
write,/scratch/hrlee/25201812/temp_project/alchemlyb/perf/fsizes/32/0022_dhdl.part0003.xvg,213,1,1564204246.1786087,1564204246.2803724
write,/scratch/hrlee/25201812/temp_project/alchemlyb/perf/fsizes/32/0025_dhdl.part0009.xvg,249,1,1564204246.1789272,1564204246.2804148
write,/scratch/hrlee/25201812/temp_project/alchemlyb/perf/fsizes/32/0021_dhdl.part0009.xvg,209,1,1564204246.1954947,1564204246.2831852
write,/scratch/hrlee/25201812/temp_project/alchemlyb/perf/fsizes/32/0021_dhdl.part0003.xvg,203,1,1564204246.1785934,1564204246.284013
write,/scratch/hrlee/25201812/temp_project/alchemlyb/perf/fsizes/32/0017_dhdl.part0007.xvg,167,1,1564204246.1893833,1564204246.2844243
write,/scratch/hrlee/25201812/temp_project/alchemlyb/perf/fsizes/32/0023_dhdl.part0001.xvg,221,1,1564204246.1854174,1564204246.2844515
write,/scratch/hrlee/25201812/temp_project/alchemlyb/perf/fsizes/32/0021_dhdl.part0007.xvg,207,1,1564204246.1893833,1564204246.285268
write,/scratch/hrlee/25201812/temp_project/alchemlyb/perf/fsizes/32/0020_dhdl.part0004.xvg,194,1,1564204246.1785936,1564204246.2864504
write,/scratch/hrlee/25201812/temp_project/alchemlyb/perf/fsizes/32/0024_dhdl.part0007.xvg,237,1,1564204246.189492,1564204246.2913685
write,/scratch/hrlee/25201812/temp_project/alchemlyb/perf/fsizes/32/0024_dhdl.part0008.xvg,238,1,1564204247.9022272,1564204247.9383552
write,/scratch/hrlee/25201812/temp_project/alchemlyb/perf/fsizes/32/0024_dhdl.part0004.xvg,234,1,1564204247.9022043,1564204247.939651
write,/scratch/hrlee/25201812/temp_project/alchemlyb/perf/fsizes/32/0024_dhdl.part0000.xvg,230,1,1564204247.9022906,1564204247.9403722
write,/scratch/hrlee/25201812/temp_project/alchemlyb/perf/fsizes/32/0027_dhdl.part0009.xvg,269,1,1564204247.902244,1564204247.9412255
write,/scratch/hrlee/25201812/temp_project/alchemlyb/perf/fsizes/32/0028_dhdl.part0006.xvg,276,1,1564204247.9022028,1564204247.9412146
write,/scratch/hrlee/25201812/temp_project/alchemlyb/perf/fsizes/32/0019_dhdl.part0003.xvg,183,1,1564204247.9022028,1564204247.9418051
write,/scratch/hrlee/25201812/temp_project/alchemlyb/perf/fsizes/32/0027_dhdl.part0005.xvg,265,1,1564204247.9032621,1564204247.9430861
write,/scratch/hrlee/25201812/temp_project/alchemlyb/perf/fsizes/32/0027_dhdl.part0001.xvg,261,1,1564204247.9022057,1564204247.9431138
write,/scratch/hrlee/25201812/temp_project/alchemlyb/perf/fsizes/32/0029_dhdl.part0000.xvg,280,1,1564204247.9032578,1564204247.943188
write,/scratch/hrlee/25201812/temp_project/alchemlyb/perf/fsizes/32/0022_dhdl.part0008.xvg,218,1,1564204247.9022028,1564204247.9450734
write,/scratch/hrlee/25201812/temp_project/alchemlyb/perf/fsizes/32/0023_dhdl.part0006.xvg,226,1,1564204247.9022028,1564204247.9452577
write,/scratch/hrlee/25201812/temp_project/alchemlyb/perf/fsizes/32/0025_dhdl.part0001.xvg,241,1,1564204247.9022028,1564204247.9459708
write,/scratch/hrlee/25201812/temp_project/alchemlyb/perf/fsizes/32/0028_dhdl.part0003.xvg,273,1,1564204247.902488,1564204247.9463465
write,/scratch/hrlee/25201812/temp_project/alchemlyb/perf/fsizes/32/0026_dhdl.part0003.xvg,253,1,1564204247.9032757,1564204247.947791
write,/scratch/hrlee/25201812/temp_project/alchemlyb/perf/fsizes/32/0025_dhdl.part0005.xvg,245,1,1564204247.9022028,1564204247.9483526
write,/scratch/hrlee/25201812/temp_project/alchemlyb/perf/fsizes/32/0022_dhdl.part0004.xvg,214,1,1564204247.903248,1564204247.948511
write,/scratch/hrlee/25201812/temp_project/alchemlyb/perf/fsizes/32/0030_dhdl.part0002.xvg,292,1,1564204251.4708836,1564204251.5078359
write,/scratch/hrlee/25201812/temp_project/alchemlyb/perf/fsizes/32/0022_dhdl.part0005.xvg,215,1,1564204251.4710743,1564204251.5130055
write,/scratch/hrlee/25201812/temp_project/alchemlyb/perf/fsizes/32/0020_dhdl.part0005.xvg,195,1,1564204251.4709146,1564204251.513037
write,/scratch/hrlee/25201812/temp_project/alchemlyb/perf/fsizes/32/0024_dhdl.part0009.xvg,239,1,1564204251.4708998,1564204251.5133247
write,/scratch/hrlee/25201812/temp_project/alchemlyb/perf/fsizes/32/0030_dhdl.part0006.xvg,296,1,1564204251.4710631,1564204251.5133421
write,/scratch/hrlee/25201812/temp_project/alchemlyb/perf/fsizes/32/0029_dhdl.part0001.xvg,281,1,1564204251.4708993,1564204251.5148885
write,/scratch/hrlee/25201812/temp_project/alchemlyb/perf/fsizes/32/0023_dhdl.part0007.xvg,227,1,1564204251.4813843,1564204251.5235012
write,/scratch/hrlee/25201812/temp_project/alchemlyb/perf/fsizes/32/0025_dhdl.part0002.xvg,242,1,1564204251.4743984,1564204251.5246627
write,/scratch/hrlee/25201812/temp_project/alchemlyb/perf/fsizes/32/0025_dhdl.part0006.xvg,246,1,1564204251.4708836,1564204251.5250225
write,/scratch/hrlee/25201812/temp_project/alchemlyb/perf/fsizes/32/0023_dhdl.part0002.xvg,222,1,1564204251.4709325,1564204251.5251555
write,/scratch/hrlee/25201812/temp_project/alchemlyb/perf/fsizes/32/0024_dhdl.part0005.xvg,235,1,1564204251.4708993,1564204251.5264807
write,/scratch/hrlee/25201812/temp_project/alchemlyb/perf/fsizes/32/0028_dhdl.part0004.xvg,274,1,1564204251.4709067,1564204251.5268862
write,/scratch/hrlee/25201812/temp_project/alchemlyb/perf/fsizes/32/0029_dhdl.part0004.xvg,284,1,1564204251.4709098,1564204251.527079
write,/scratch/hrlee/25201812/temp_project/alchemlyb/perf/fsizes/32/0026_dhdl.part0007.xvg,257,1,1564204251.4714546,1564204251.5284245
write,/scratch/hrlee/25201812/temp_project/alchemlyb/perf/fsizes/32/0026_dhdl.part0000.xvg,250,1,1564204251.471372,1564204251.528817
write,/scratch/hrlee/25201812/temp_project/alchemlyb/perf/fsizes/32/0027_dhdl.part0002.xvg,262,1,1564204251.481216,1564204251.5293832
write,/scratch/hrlee/25201812/temp_project/alchemlyb/perf/fsizes/32/0027_dhdl.part0006.xvg,266,1,1564204251.4711466,1564204251.5299098
write,/scratch/hrlee/25201812/temp_project/alchemlyb/perf/fsizes/32/0022_dhdl.part0009.xvg,219,1,1564204251.471095,1564204251.5299647
write,/scratch/hrlee/25201812/temp_project/alchemlyb/perf/fsizes/32/0028_dhdl.part0000.xvg,270,1,1564204251.4714077,1564204251.5322955
write,/scratch/hrlee/25201812/temp_project/alchemlyb/perf/fsizes/32/0022_dhdl.part0000.xvg,210,1,1564204251.470895,1564204251.5333443
write,/scratch/hrlee/25201812/temp_project/alchemlyb/perf/fsizes/32/0029_dhdl.part0008.xvg,288,1,1564204251.4714062,1564204251.5335424
write,/scratch/hrlee/25201812/temp_project/alchemlyb/perf/fsizes/32/0024_dhdl.part0001.xvg,231,1,1564204251.4708893,1564204251.533999
write,/scratch/hrlee/25201812/temp_project/alchemlyb/perf/fsizes/32/0026_dhdl.part0004.xvg,254,1,1564204251.4708838,1564204251.5343025
write,/scratch/hrlee/25201812/temp_project/alchemlyb/perf/fsizes/32/0028_dhdl.part0007.xvg,277,1,1564204251.481216,1564204251.5370126
write,/scratch/hrlee/25201812/temp_project/alchemlyb/perf/fsizes/32/0029_dhdl.part0005.xvg,285,1,1564204252.9942255,1564204253.0277934
write,/scratch/hrlee/25201812/temp_project/alchemlyb/perf/fsizes/32/0030_dhdl.part0007.xvg,297,1,1564204252.9942255,1564204253.0300837
write,/scratch/hrlee/25201812/temp_project/alchemlyb/perf/fsizes/32/0028_dhdl.part0005.xvg,275,1,1564204252.994235,1564204253.032416
write,/scratch/hrlee/25201812/temp_project/alchemlyb/perf/fsizes/32/0023_dhdl.part0003.xvg,223,1,1564204252.9942381,1564204253.0324674
write,/scratch/hrlee/25201812/temp_project/alchemlyb/perf/fsizes/32/0030_dhdl.part0003.xvg,293,1,1564204252.9942238,1564204253.0327914
write,/scratch/hrlee/25201812/temp_project/alchemlyb/perf/fsizes/32/0022_dhdl.part0001.xvg,211,1,1564204252.994223,1564204253.032813
write,/scratch/hrlee/25201812/temp_project/alchemlyb/perf/fsizes/32/0025_dhdl.part0003.xvg,243,1,1564204252.9942455,1564204253.032942
write,/scratch/hrlee/25201812/temp_project/alchemlyb/perf/fsizes/32/0027_dhdl.part0003.xvg,263,1,1564204252.9942381,1564204253.0332806
write,/scratch/hrlee/25201812/temp_project/alchemlyb/perf/fsizes/32/0029_dhdl.part0009.xvg,289,1,1564204252.994321,1564204253.0333033
write,/scratch/hrlee/25201812/temp_project/alchemlyb/perf/fsizes/32/0025_dhdl.part0007.xvg,247,1,1564204252.9942522,1564204253.033722
write,/scratch/hrlee/25201812/temp_project/alchemlyb/perf/fsizes/32/0026_dhdl.part0008.xvg,258,1,1564204252.9942312,1564204253.0369086
write,/scratch/hrlee/25201812/temp_project/alchemlyb/perf/fsizes/32/0027_dhdl.part0007.xvg,267,1,1564204252.994222,1564204253.0371172
write,/scratch/hrlee/25201812/temp_project/alchemlyb/perf/fsizes/32/0028_dhdl.part0008.xvg,278,1,1564204252.9945447,1564204253.0393548
write,/scratch/hrlee/25201812/temp_project/alchemlyb/perf/fsizes/32/0026_dhdl.part0001.xvg,251,1,1564204252.9945843,1564204253.0415602
write,/scratch/hrlee/25201812/temp_project/alchemlyb/perf/fsizes/32/0029_dhdl.part0002.xvg,282,1,1564204252.994246,1564204253.0422778
write,/scratch/hrlee/25201812/temp_project/alchemlyb/perf/fsizes/32/0030_dhdl.part0008.xvg,298,1,1564204255.2862766,1564204255.3194833
write,/scratch/hrlee/25201812/temp_project/alchemlyb/perf/fsizes/32/0030_dhdl.part0004.xvg,294,1,1564204255.2862766,1564204255.3194823
write,/scratch/hrlee/25201812/temp_project/alchemlyb/perf/fsizes/32/0028_dhdl.part0009.xvg,279,1,1564204255.2862766,1564204255.3194456
write,/scratch/hrlee/25201812/temp_project/alchemlyb/perf/fsizes/32/0026_dhdl.part0005.xvg,255,1,1564204255.2862766,1564204255.3195333
write,/scratch/hrlee/25201812/temp_project/alchemlyb/perf/fsizes/32/0026_dhdl.part0009.xvg,259,1,1564204255.2862766,1564204255.319542
write,/scratch/hrlee/25201812/temp_project/alchemlyb/perf/fsizes/32/0030_dhdl.part0000.xvg,290,1,1564204255.2862768,1564204255.3195665
write,/scratch/hrlee/25201812/temp_project/alchemlyb/perf/fsizes/32/0028_dhdl.part0001.xvg,271,1,1564204255.2862766,1564204255.319965
write,/scratch/hrlee/25201812/temp_project/alchemlyb/perf/fsizes/32/0029_dhdl.part0003.xvg,283,1,1564204255.286281,1564204255.320065
write,/scratch/hrlee/25201812/temp_project/alchemlyb/perf/fsizes/32/0029_dhdl.part0006.xvg,286,1,1564204255.2862778,1564204255.32027
write,/scratch/hrlee/25201812/temp_project/alchemlyb/perf/fsizes/32/0030_dhdl.part0009.xvg,299,1,1564204255.319904,1564204255.3433871
write,/scratch/hrlee/25201812/temp_project/alchemlyb/perf/fsizes/32/0030_dhdl.part0005.xvg,295,1,1564204255.319854,1564204255.3435063
write,/scratch/hrlee/25201812/temp_project/alchemlyb/perf/fsizes/32/0030_dhdl.part0001.xvg,291,1,1564204255.319853,1564204255.3435292
write,/scratch/hrlee/25201812/temp_project/alchemlyb/perf/fsizes/32/0029_dhdl.part0007.xvg,287,1,1564204255.320565,1564204255.3437822
read,/scratch/hrlee/25201812/temp_project/alchemlyb/perf/fsizes/32/0002_dhdl.part0002.xvg,12,1,1564204256.3899102,1564204256.4607456
read,/scratch/hrlee/25201812/temp_project/alchemlyb/perf/fsizes/32/0007_dhdl.part0000.xvg,60,1,1564204256.3909037,1564204256.4606853
read,/scratch/hrlee/25201812/temp_project/alchemlyb/perf/fsizes/32/0001_dhdl.part0000.xvg,0,1,1564204256.3896444,1564204256.469552
read,/scratch/hrlee/25201812/temp_project/alchemlyb/perf/fsizes/32/0002_dhdl.part0006.xvg,16,1,1564204256.389963,1564204256.4703424
read,/scratch/hrlee/25201812/temp_project/alchemlyb/perf/fsizes/32/0003_dhdl.part0004.xvg,24,1,1564204256.3901396,1564204256.4707391
read,/scratch/hrlee/25201812/temp_project/alchemlyb/perf/fsizes/32/0005_dhdl.part0000.xvg,40,1,1564204256.390471,1564204256.4708006
read,/scratch/hrlee/25201812/temp_project/alchemlyb/perf/fsizes/32/0004_dhdl.part0006.xvg,36,1,1564204256.390411,1564204256.4711752
read,/scratch/hrlee/25201812/temp_project/alchemlyb/perf/fsizes/32/0005_dhdl.part0008.xvg,48,1,1564204256.3906462,1564204256.471347
read,/scratch/hrlee/25201812/temp_project/alchemlyb/perf/fsizes/32/0008_dhdl.part0002.xvg,72,1,1564204256.39123,1564204256.4713929
read,/scratch/hrlee/25201812/temp_project/alchemlyb/perf/fsizes/32/0004_dhdl.part0002.xvg,32,1,1564204256.390315,1564204256.4713202
read,/scratch/hrlee/25201812/temp_project/alchemlyb/perf/fsizes/32/0007_dhdl.part0004.xvg,64,1,1564204256.3910131,1564204256.4716084
read,/scratch/hrlee/25201812/temp_project/alchemlyb/perf/fsizes/32/0009_dhdl.part0000.xvg,80,1,1564204256.3914614,1564204256.4716551
read,/scratch/hrlee/25201812/temp_project/alchemlyb/perf/fsizes/32/0005_dhdl.part0004.xvg,44,1,1564204256.3905692,1564204256.472056
read,/scratch/hrlee/25201812/temp_project/alchemlyb/perf/fsizes/32/0003_dhdl.part0008.xvg,28,1,1564204256.3902469,1564204256.4726768
read,/scratch/hrlee/25201812/temp_project/alchemlyb/perf/fsizes/32/0006_dhdl.part0006.xvg,56,1,1564204256.3908145,1564204256.4788845
read,/scratch/hrlee/25201812/temp_project/alchemlyb/perf/fsizes/32/0001_dhdl.part0008.xvg,8,1,1564204256.3898075,1564204256.4788845
read,/scratch/hrlee/25201812/temp_project/alchemlyb/perf/fsizes/32/0001_dhdl.part0004.xvg,4,1,1564204256.3897493,1564204256.4827104
read,/scratch/hrlee/25201812/temp_project/alchemlyb/perf/fsizes/32/0007_dhdl.part0008.xvg,68,1,1564204256.3911066,1564204256.4850922
read,/scratch/hrlee/25201812/temp_project/alchemlyb/perf/fsizes/32/0008_dhdl.part0006.xvg,76,1,1564204256.3913088,1564204256.4851594
read,/scratch/hrlee/25201812/temp_project/alchemlyb/perf/fsizes/32/0009_dhdl.part0004.xvg,84,1,1564204256.3915267,1564204256.4852192
read,/scratch/hrlee/25201812/temp_project/alchemlyb/perf/fsizes/32/0003_dhdl.part0000.xvg,20,1,1564204256.3900855,1564204256.488093
read,/scratch/hrlee/25201812/temp_project/alchemlyb/perf/fsizes/32/0009_dhdl.part0008.xvg,88,1,1564204256.401754,1564204256.4881747
read,/scratch/hrlee/25201812/temp_project/alchemlyb/perf/fsizes/32/0007_dhdl.part0001.xvg,61,1,1564204256.4619277,1564204256.5186582
read,/scratch/hrlee/25201812/temp_project/alchemlyb/perf/fsizes/32/0006_dhdl.part0002.xvg,52,1,1564204256.3907394,1564204256.520121
read,/scratch/hrlee/25201812/temp_project/alchemlyb/perf/fsizes/32/0002_dhdl.part0003.xvg,13,1,1564204256.4619277,1564204256.5261261
read,/scratch/hrlee/25201812/temp_project/alchemlyb/perf/fsizes/32/0004_dhdl.part0007.xvg,37,1,1564204256.4720428,1564204256.5458395
read,/scratch/hrlee/25201812/temp_project/alchemlyb/perf/fsizes/32/0001_dhdl.part0001.xvg,1,1,1564204256.4706304,1564204256.5499935
read,/scratch/hrlee/25201812/temp_project/alchemlyb/perf/fsizes/32/0003_dhdl.part0005.xvg,25,1,1564204256.471463,1564204256.550457
read,/scratch/hrlee/25201812/temp_project/alchemlyb/perf/fsizes/32/0004_dhdl.part0003.xvg,33,1,1564204256.4720812,1564204256.5509467
read,/scratch/hrlee/25201812/temp_project/alchemlyb/perf/fsizes/32/0005_dhdl.part0001.xvg,41,1,1564204256.4714646,1564204256.5511503
read,/scratch/hrlee/25201812/temp_project/alchemlyb/perf/fsizes/32/0008_dhdl.part0003.xvg,73,1,1564204256.4720757,1564204256.5512495
read,/scratch/hrlee/25201812/temp_project/alchemlyb/perf/fsizes/32/0009_dhdl.part0001.xvg,81,1,1564204256.4723587,1564204256.5513244
read,/scratch/hrlee/25201812/temp_project/alchemlyb/perf/fsizes/32/0005_dhdl.part0009.xvg,49,1,1564204256.4720156,1564204256.5513952
read,/scratch/hrlee/25201812/temp_project/alchemlyb/perf/fsizes/32/0010_dhdl.part0002.xvg,92,1,1564204256.4023147,1564204256.5509796
read,/scratch/hrlee/25201812/temp_project/alchemlyb/perf/fsizes/32/0005_dhdl.part0005.xvg,45,1,1564204256.472974,1564204256.551903
read,/scratch/hrlee/25201812/temp_project/alchemlyb/perf/fsizes/32/0003_dhdl.part0009.xvg,29,1,1564204256.4735816,1564204256.5519032
read,/scratch/hrlee/25201812/temp_project/alchemlyb/perf/fsizes/32/0007_dhdl.part0005.xvg,65,1,1564204256.472338,1564204256.5545092
read,/scratch/hrlee/25201812/temp_project/alchemlyb/perf/fsizes/32/0006_dhdl.part0007.xvg,57,1,1564204256.4802222,1564204256.5549695
read,/scratch/hrlee/25201812/temp_project/alchemlyb/perf/fsizes/32/0008_dhdl.part0007.xvg,77,1,1564204256.4858944,1564204256.565643
read,/scratch/hrlee/25201812/temp_project/alchemlyb/perf/fsizes/32/0009_dhdl.part0005.xvg,85,1,1564204256.4858944,1564204256.5658355
read,/scratch/hrlee/25201812/temp_project/alchemlyb/perf/fsizes/32/0007_dhdl.part0009.xvg,69,1,1564204256.4858944,1564204256.5662174
read,/scratch/hrlee/25201812/temp_project/alchemlyb/perf/fsizes/32/0009_dhdl.part0009.xvg,89,1,1564204256.4888895,1564204256.5671144
read,/scratch/hrlee/25201812/temp_project/alchemlyb/perf/fsizes/32/0001_dhdl.part0005.xvg,5,1,1564204256.4837768,1564204256.5700517
read,/scratch/hrlee/25201812/temp_project/alchemlyb/perf/fsizes/32/0003_dhdl.part0001.xvg,21,1,1564204256.4888837,1564204256.5834973
read,/scratch/hrlee/25201812/temp_project/alchemlyb/perf/fsizes/32/0007_dhdl.part0002.xvg,62,1,1564204256.5191028,1564204256.5897796
read,/scratch/hrlee/25201812/temp_project/alchemlyb/perf/fsizes/32/0002_dhdl.part0004.xvg,14,1,1564204256.5265563,1564204256.592501
read,/scratch/hrlee/25201812/temp_project/alchemlyb/perf/fsizes/32/0002_dhdl.part0007.xvg,17,1,1564204256.4713576,1564204256.6015682
read,/scratch/hrlee/25201812/temp_project/alchemlyb/perf/fsizes/32/0006_dhdl.part0003.xvg,53,1,1564204256.5227654,1564204256.6074936
read,/scratch/hrlee/25201812/temp_project/alchemlyb/perf/fsizes/32/0004_dhdl.part0008.xvg,38,1,1564204256.5464058,1564204256.6138256
read,/scratch/hrlee/25201812/temp_project/alchemlyb/perf/fsizes/32/0005_dhdl.part0006.xvg,46,1,1564204256.5524318,1564204256.6157944
read,/scratch/hrlee/25201812/temp_project/alchemlyb/perf/fsizes/32/0004_dhdl.part0000.xvg,30,1,1564204256.5524316,1564204256.6165907
read,/scratch/hrlee/25201812/temp_project/alchemlyb/perf/fsizes/32/0001_dhdl.part0002.xvg,2,1,1564204256.5506375,1564204256.6330612
read,/scratch/hrlee/25201812/temp_project/alchemlyb/perf/fsizes/32/0003_dhdl.part0006.xvg,26,1,1564204256.5509953,1564204256.6333
read,/scratch/hrlee/25201812/temp_project/alchemlyb/perf/fsizes/32/0009_dhdl.part0002.xvg,82,1,1564204256.5517197,1564204256.6337843
read,/scratch/hrlee/25201812/temp_project/alchemlyb/perf/fsizes/32/0004_dhdl.part0004.xvg,34,1,1564204256.551406,1564204256.6342747
read,/scratch/hrlee/25201812/temp_project/alchemlyb/perf/fsizes/32/0006_dhdl.part0000.xvg,50,1,1564204256.5517952,1564204256.634732
read,/scratch/hrlee/25201812/temp_project/alchemlyb/perf/fsizes/32/0005_dhdl.part0002.xvg,42,1,1564204256.5516062,1564204256.6350203
read,/scratch/hrlee/25201812/temp_project/alchemlyb/perf/fsizes/32/0006_dhdl.part0008.xvg,58,1,1564204256.5556254,1564204256.6362376
read,/scratch/hrlee/25201812/temp_project/alchemlyb/perf/fsizes/32/0010_dhdl.part0003.xvg,93,1,1564204256.5519135,1564204256.6380656
read,/scratch/hrlee/25201812/temp_project/alchemlyb/perf/fsizes/32/0009_dhdl.part0006.xvg,86,1,1564204256.5662053,1564204256.6392431
read,/scratch/hrlee/25201812/temp_project/alchemlyb/perf/fsizes/32/0007_dhdl.part0006.xvg,66,1,1564204256.5554278,1564204256.642379
read,/scratch/hrlee/25201812/temp_project/alchemlyb/perf/fsizes/32/0001_dhdl.part0009.xvg,9,1,1564204256.480373,1564204256.6459851
read,/scratch/hrlee/25201812/temp_project/alchemlyb/perf/fsizes/32/0008_dhdl.part0008.xvg,78,1,1564204256.5662062,1564204256.650702
read,/scratch/hrlee/25201812/temp_project/alchemlyb/perf/fsizes/32/0008_dhdl.part0000.xvg,70,1,1564204256.5665236,1564204256.6522877
read,/scratch/hrlee/25201812/temp_project/alchemlyb/perf/fsizes/32/0010_dhdl.part0000.xvg,90,1,1564204256.5675209,1564204256.6545713
read,/scratch/hrlee/25201812/temp_project/alchemlyb/perf/fsizes/32/0001_dhdl.part0006.xvg,6,1,1564204256.5704703,1564204256.6560724
read,/scratch/hrlee/25201812/temp_project/alchemlyb/perf/fsizes/32/0007_dhdl.part0003.xvg,63,1,1564204256.590218,1564204256.662776
read,/scratch/hrlee/25201812/temp_project/alchemlyb/perf/fsizes/32/0002_dhdl.part0005.xvg,15,1,1564204256.592918,1564204256.6644175
read,/scratch/hrlee/25201812/temp_project/alchemlyb/perf/fsizes/32/0003_dhdl.part0002.xvg,22,1,1564204256.5839748,1564204256.6782584
read,/scratch/hrlee/25201812/temp_project/alchemlyb/perf/fsizes/32/0004_dhdl.part0009.xvg,39,1,1564204256.6142728,1564204256.6804163
read,/scratch/hrlee/25201812/temp_project/alchemlyb/perf/fsizes/32/0005_dhdl.part0007.xvg,47,1,1564204256.6162255,1564204256.6874142
read,/scratch/hrlee/25201812/temp_project/alchemlyb/perf/fsizes/32/0004_dhdl.part0001.xvg,31,1,1564204256.616895,1564204256.6911268
read,/scratch/hrlee/25201812/temp_project/alchemlyb/perf/fsizes/32/0008_dhdl.part0004.xvg,74,1,1564204256.5516562,1564204256.69623
read,/scratch/hrlee/25201812/temp_project/alchemlyb/perf/fsizes/32/0006_dhdl.part0004.xvg,54,1,1564204256.6083436,1564204256.6994166
read,/scratch/hrlee/25201812/temp_project/alchemlyb/perf/fsizes/32/0002_dhdl.part0008.xvg,18,1,1564204256.602557,1564204256.700251
read,/scratch/hrlee/25201812/temp_project/alchemlyb/perf/fsizes/32/0001_dhdl.part0003.xvg,3,1,1564204256.6337397,1564204256.7152815
read,/scratch/hrlee/25201812/temp_project/alchemlyb/perf/fsizes/32/0003_dhdl.part0007.xvg,27,1,1564204256.633778,1564204256.715228
read,/scratch/hrlee/25201812/temp_project/alchemlyb/perf/fsizes/32/0004_dhdl.part0005.xvg,35,1,1564204256.6347253,1564204256.7153497
read,/scratch/hrlee/25201812/temp_project/alchemlyb/perf/fsizes/32/0009_dhdl.part0003.xvg,83,1,1564204256.634258,1564204256.7156203
read,/scratch/hrlee/25201812/temp_project/alchemlyb/perf/fsizes/32/0005_dhdl.part0003.xvg,43,1,1564204256.635466,1564204256.7157972
read,/scratch/hrlee/25201812/temp_project/alchemlyb/perf/fsizes/32/0006_dhdl.part0001.xvg,51,1,1564204256.635158,1564204256.7161152
read,/scratch/hrlee/25201812/temp_project/alchemlyb/perf/fsizes/32/0010_dhdl.part0004.xvg,94,1,1564204256.6389725,1564204256.7201147
read,/scratch/hrlee/25201812/temp_project/alchemlyb/perf/fsizes/32/0009_dhdl.part0007.xvg,87,1,1564204256.6397295,1564204256.7209942
read,/scratch/hrlee/25201812/temp_project/alchemlyb/perf/fsizes/32/0002_dhdl.part0000.xvg,10,1,1564204256.6467779,1564204256.72221
read,/scratch/hrlee/25201812/temp_project/alchemlyb/perf/fsizes/32/0007_dhdl.part0007.xvg,67,1,1564204256.6432252,1564204256.724573
read,/scratch/hrlee/25201812/temp_project/alchemlyb/perf/fsizes/32/0008_dhdl.part0009.xvg,79,1,1564204256.6513329,1564204256.7292416
read,/scratch/hrlee/25201812/temp_project/alchemlyb/perf/fsizes/32/0001_dhdl.part0007.xvg,7,1,1564204256.6564913,1564204256.7323859
read,/scratch/hrlee/25201812/temp_project/alchemlyb/perf/fsizes/32/0010_dhdl.part0001.xvg,91,1,1564204256.6551232,1564204256.7334418
read,/scratch/hrlee/25201812/temp_project/alchemlyb/perf/fsizes/32/0010_dhdl.part0006.xvg,96,1,1564204256.6635845,1564204256.7398307
read,/scratch/hrlee/25201812/temp_project/alchemlyb/perf/fsizes/32/0011_dhdl.part0000.xvg,100,1,1564204256.6651516,1564204256.7421436
read,/scratch/hrlee/25201812/temp_project/alchemlyb/perf/fsizes/32/0008_dhdl.part0001.xvg,71,1,1564204256.652729,1564204256.7424312
read,/scratch/hrlee/25201812/temp_project/alchemlyb/perf/fsizes/32/0011_dhdl.part0004.xvg,104,1,1564204256.681152,1564204256.747891
read,/scratch/hrlee/25201812/temp_project/alchemlyb/perf/fsizes/32/0011_dhdl.part0008.xvg,108,1,1564204256.6881108,1564204256.7552195
read,/scratch/hrlee/25201812/temp_project/alchemlyb/perf/fsizes/32/0012_dhdl.part0002.xvg,112,1,1564204256.6919734,1564204256.7565107
read,/scratch/hrlee/25201812/temp_project/alchemlyb/perf/fsizes/32/0006_dhdl.part0009.xvg,59,1,1564204256.6368027,1564204256.7681038
read,/scratch/hrlee/25201812/temp_project/alchemlyb/perf/fsizes/32/0014_dhdl.part0006.xvg,136,1,1564204256.7220907,1564204256.7870271
read,/scratch/hrlee/25201812/temp_project/alchemlyb/perf/fsizes/32/0003_dhdl.part0003.xvg,23,1,1564204256.6787271,1564204256.7882338
read,/scratch/hrlee/25201812/temp_project/alchemlyb/perf/fsizes/32/0008_dhdl.part0005.xvg,75,1,1564204256.6968787,1564204256.7909286
read,/scratch/hrlee/25201812/temp_project/alchemlyb/perf/fsizes/32/0002_dhdl.part0009.xvg,19,1,1564204256.7010221,1564204256.7934203
read,/scratch/hrlee/25201812/temp_project/alchemlyb/perf/fsizes/32/0013_dhdl.part0000.xvg,120,1,1564204256.7161844,1564204256.7984385
read,/scratch/hrlee/25201812/temp_project/alchemlyb/perf/fsizes/32/0006_dhdl.part0005.xvg,55,1,1564204256.7002063,1564204256.798935
read,/scratch/hrlee/25201812/temp_project/alchemlyb/perf/fsizes/32/0013_dhdl.part0008.xvg,128,1,1564204256.716456,1564204256.7991946
read,/scratch/hrlee/25201812/temp_project/alchemlyb/perf/fsizes/32/0015_dhdl.part0008.xvg,148,1,1564204256.7302635,1564204256.8007934
read,/scratch/hrlee/25201812/temp_project/alchemlyb/perf/fsizes/32/0014_dhdl.part0002.xvg,132,1,1564204256.71683,1564204256.800846
read,/scratch/hrlee/25201812/temp_project/alchemlyb/perf/fsizes/32/0012_dhdl.part0006.xvg,116,1,1564204256.7161176,1564204256.8019326
read,/scratch/hrlee/25201812/temp_project/alchemlyb/perf/fsizes/32/0002_dhdl.part0001.xvg,11,1,1564204256.722846,1564204256.802491
read,/scratch/hrlee/25201812/temp_project/alchemlyb/perf/fsizes/32/0010_dhdl.part0005.xvg,95,1,1564204256.7211428,1564204256.8036501
read,/scratch/hrlee/25201812/temp_project/alchemlyb/perf/fsizes/32/0016_dhdl.part0006.xvg,156,1,1564204256.7344198,1564204256.8051379
read,/scratch/hrlee/25201812/temp_project/alchemlyb/perf/fsizes/32/0016_dhdl.part0002.xvg,152,1,1564204256.733412,1564204256.8064995
read,/scratch/hrlee/25201812/temp_project/alchemlyb/perf/fsizes/32/0013_dhdl.part0004.xvg,124,1,1564204256.7162805,1564204256.8144026
read,/scratch/hrlee/25201812/temp_project/alchemlyb/perf/fsizes/32/0011_dhdl.part0001.xvg,101,1,1564204256.7425928,1564204256.8160732
read,/scratch/hrlee/25201812/temp_project/alchemlyb/perf/fsizes/32/0015_dhdl.part0004.xvg,144,1,1564204256.7263157,1564204256.8182778
read,/scratch/hrlee/25201812/temp_project/alchemlyb/perf/fsizes/32/0010_dhdl.part0007.xvg,97,1,1564204256.7404327,1564204256.8399334
read,/scratch/hrlee/25201812/temp_project/alchemlyb/perf/fsizes/32/0011_dhdl.part0005.xvg,105,1,1564204256.748331,1564204256.8479245
read,/scratch/hrlee/25201812/temp_project/alchemlyb/perf/fsizes/32/0017_dhdl.part0004.xvg,164,1,1564204256.7692044,1564204256.8511086
read,/scratch/hrlee/25201812/temp_project/alchemlyb/perf/fsizes/32/0015_dhdl.part0000.xvg,140,1,1564204256.7226403,1564204256.8557408
read,/scratch/hrlee/25201812/temp_project/alchemlyb/perf/fsizes/32/0016_dhdl.part0007.xvg,157,1,1564204256.805676,1564204256.8683815
read,/scratch/hrlee/25201812/temp_project/alchemlyb/perf/fsizes/32/0016_dhdl.part0003.xvg,153,1,1564204256.8068926,1564204256.8685372
read,/scratch/hrlee/25201812/temp_project/alchemlyb/perf/fsizes/32/0011_dhdl.part0009.xvg,109,1,1564204256.755646,1564204256.8689322
read,/scratch/hrlee/25201812/temp_project/alchemlyb/perf/fsizes/32/0018_dhdl.part0002.xvg,172,1,1564204256.7919137,1564204256.873925
read,/scratch/hrlee/25201812/temp_project/alchemlyb/perf/fsizes/32/0013_dhdl.part0001.xvg,121,1,1564204256.7989962,1564204256.8805182
read,/scratch/hrlee/25201812/temp_project/alchemlyb/perf/fsizes/32/0017_dhdl.part0008.xvg,168,1,1564204256.7895765,1564204256.8821387
read,/scratch/hrlee/25201812/temp_project/alchemlyb/perf/fsizes/32/0013_dhdl.part0009.xvg,129,1,1564204256.7997077,1564204256.8822672
read,/scratch/hrlee/25201812/temp_project/alchemlyb/perf/fsizes/32/0015_dhdl.part0009.xvg,149,1,1564204256.8011982,1564204256.8832965
read,/scratch/hrlee/25201812/temp_project/alchemlyb/perf/fsizes/32/0019_dhdl.part0000.xvg,180,1,1564204256.7997801,1564204256.8847365
read,/scratch/hrlee/25201812/temp_project/alchemlyb/perf/fsizes/32/0019_dhdl.part0004.xvg,184,1,1564204256.8034177,1564204256.8848433
read,/scratch/hrlee/25201812/temp_project/alchemlyb/perf/fsizes/32/0014_dhdl.part0003.xvg,133,1,1564204256.8013809,1564204256.8849673
read,/scratch/hrlee/25201812/temp_project/alchemlyb/perf/fsizes/32/0018_dhdl.part0006.xvg,176,1,1564204256.7946148,1564204256.884995
read,/scratch/hrlee/25201812/temp_project/alchemlyb/perf/fsizes/32/0012_dhdl.part0007.xvg,117,1,1564204256.8025622,1564204256.8894327
read,/scratch/hrlee/25201812/temp_project/alchemlyb/perf/fsizes/32/0019_dhdl.part0008.xvg,188,1,1564204256.8047388,1564204256.8941913
read,/scratch/hrlee/25201812/temp_project/alchemlyb/perf/fsizes/32/0011_dhdl.part0002.xvg,102,1,1564204256.816457,1564204256.8988042
read,/scratch/hrlee/25201812/temp_project/alchemlyb/perf/fsizes/32/0014_dhdl.part0007.xvg,137,1,1564204256.787613,1564204256.9061322
read,/scratch/hrlee/25201812/temp_project/alchemlyb/perf/fsizes/32/0013_dhdl.part0005.xvg,125,1,1564204256.8150644,1564204256.9072778
read,/scratch/hrlee/25201812/temp_project/alchemlyb/perf/fsizes/32/0017_dhdl.part0000.xvg,160,1,1564204256.7431693,1564204256.9119444
read,/scratch/hrlee/25201812/temp_project/alchemlyb/perf/fsizes/32/0017_dhdl.part0005.xvg,165,1,1564204256.8518515,1564204256.9303744
read,/scratch/hrlee/25201812/temp_project/alchemlyb/perf/fsizes/32/0016_dhdl.part0004.xvg,154,1,1564204256.8688636,1564204256.9351697
read,/scratch/hrlee/25201812/temp_project/alchemlyb/perf/fsizes/32/0015_dhdl.part0001.xvg,141,1,1564204256.8564847,1564204256.9356048
read,/scratch/hrlee/25201812/temp_project/alchemlyb/perf/fsizes/32/0012_dhdl.part0003.xvg,113,1,1564204256.7595973,1564204256.9364867
read,/scratch/hrlee/25201812/temp_project/alchemlyb/perf/fsizes/32/0016_dhdl.part0008.xvg,158,1,1564204256.8688734,1564204256.9392233
read,/scratch/hrlee/25201812/temp_project/alchemlyb/perf/fsizes/32/0010_dhdl.part0008.xvg,98,1,1564204256.840414,1564204256.9412868
read,/scratch/hrlee/25201812/temp_project/alchemlyb/perf/fsizes/32/0011_dhdl.part0006.xvg,106,1,1564204256.848333,1564204256.9433413
read,/scratch/hrlee/25201812/temp_project/alchemlyb/perf/fsizes/32/0016_dhdl.part0000.xvg,150,1,1564204256.8836975,1564204256.9449866
read,/scratch/hrlee/25201812/temp_project/alchemlyb/perf/fsizes/32/0018_dhdl.part0003.xvg,173,1,1564204256.8746493,1564204256.955426
read,/scratch/hrlee/25201812/temp_project/alchemlyb/perf/fsizes/32/0013_dhdl.part0002.xvg,122,1,1564204256.8812325,1564204256.9605198
read,/scratch/hrlee/25201812/temp_project/alchemlyb/perf/fsizes/32/0012_dhdl.part0000.xvg,110,1,1564204256.8692405,1564204256.960475
read,/scratch/hrlee/25201812/temp_project/alchemlyb/perf/fsizes/32/0011_dhdl.part0003.xvg,103,1,1564204256.8991957,1564204256.9650874
read,/scratch/hrlee/25201812/temp_project/alchemlyb/perf/fsizes/32/0014_dhdl.part0000.xvg,130,1,1564204256.8827982,1564204256.9652581
read,/scratch/hrlee/25201812/temp_project/alchemlyb/perf/fsizes/32/0019_dhdl.part0005.xvg,185,1,1564204256.885296,1564204256.965558
read,/scratch/hrlee/25201812/temp_project/alchemlyb/perf/fsizes/32/0019_dhdl.part0001.xvg,181,1,1564204256.885289,1564204256.9703734
read,/scratch/hrlee/25201812/temp_project/alchemlyb/perf/fsizes/32/0014_dhdl.part0004.xvg,134,1,1564204256.8853922,1564204256.972999
read,/scratch/hrlee/25201812/temp_project/alchemlyb/perf/fsizes/32/0012_dhdl.part0008.xvg,118,1,1564204256.8902535,1564204256.9736118
read,/scratch/hrlee/25201812/temp_project/alchemlyb/perf/fsizes/32/0015_dhdl.part0005.xvg,145,1,1564204256.8192487,1564204256.9760244
read,/scratch/hrlee/25201812/temp_project/alchemlyb/perf/fsizes/32/0019_dhdl.part0009.xvg,189,1,1564204256.8950043,1564204256.976877
read,/scratch/hrlee/25201812/temp_project/alchemlyb/perf/fsizes/32/0017_dhdl.part0009.xvg,169,1,1564204256.882564,1564204256.9781525
read,/scratch/hrlee/25201812/temp_project/alchemlyb/perf/fsizes/32/0018_dhdl.part0007.xvg,177,1,1564204256.8854344,1564204256.9792643
read,/scratch/hrlee/25201812/temp_project/alchemlyb/perf/fsizes/32/0013_dhdl.part0006.xvg,126,1,1564204256.9080687,1564204256.9854014
read,/scratch/hrlee/25201812/temp_project/alchemlyb/perf/fsizes/32/0014_dhdl.part0008.xvg,138,1,1564204256.906574,1564204256.9978445
read,/scratch/hrlee/25201812/temp_project/alchemlyb/perf/fsizes/32/0017_dhdl.part0006.xvg,166,1,1564204256.931095,1564204257.004827
read,/scratch/hrlee/25201812/temp_project/alchemlyb/perf/fsizes/32/0017_dhdl.part0001.xvg,161,1,1564204256.9125545,1564204257.0055003
read,/scratch/hrlee/25201812/temp_project/alchemlyb/perf/fsizes/32/0016_dhdl.part0005.xvg,155,1,1564204256.935597,1564204257.0081706
read,/scratch/hrlee/25201812/temp_project/alchemlyb/perf/fsizes/32/0015_dhdl.part0002.xvg,142,1,1564204256.936398,1564204257.0115514
read,/scratch/hrlee/25201812/temp_project/alchemlyb/perf/fsizes/32/0016_dhdl.part0001.xvg,151,1,1564204256.9453993,1564204257.019137
read,/scratch/hrlee/25201812/temp_project/alchemlyb/perf/fsizes/32/0016_dhdl.part0009.xvg,159,1,1564204256.9398608,1564204257.022848
read,/scratch/hrlee/25201812/temp_project/alchemlyb/perf/fsizes/32/0010_dhdl.part0009.xvg,99,1,1564204256.9417307,1564204257.0239549
read,/scratch/hrlee/25201812/temp_project/alchemlyb/perf/fsizes/32/0011_dhdl.part0007.xvg,107,1,1564204256.9437644,1564204257.0253956
read,/scratch/hrlee/25201812/temp_project/alchemlyb/perf/fsizes/32/0020_dhdl.part0002.xvg,192,1,1564204256.9657402,1564204257.0389879
read,/scratch/hrlee/25201812/temp_project/alchemlyb/perf/fsizes/32/0013_dhdl.part0003.xvg,123,1,1564204256.9611816,1564204257.0395033
read,/scratch/hrlee/25201812/temp_project/alchemlyb/perf/fsizes/32/0018_dhdl.part0004.xvg,174,1,1564204256.956116,1564204257.0418243
read,/scratch/hrlee/25201812/temp_project/alchemlyb/perf/fsizes/32/0019_dhdl.part0006.xvg,186,1,1564204256.9661188,1564204257.043951
read,/scratch/hrlee/25201812/temp_project/alchemlyb/perf/fsizes/32/0014_dhdl.part0001.xvg,131,1,1564204256.9657638,1564204257.0444832
read,/scratch/hrlee/25201812/temp_project/alchemlyb/perf/fsizes/32/0012_dhdl.part0004.xvg,114,1,1564204256.9369333,1564204257.0447001
read,/scratch/hrlee/25201812/temp_project/alchemlyb/perf/fsizes/32/0019_dhdl.part0002.xvg,182,1,1564204256.971081,1564204257.0482485
read,/scratch/hrlee/25201812/temp_project/alchemlyb/perf/fsizes/32/0012_dhdl.part0001.xvg,111,1,1564204256.961281,1564204257.049434
read,/scratch/hrlee/25201812/temp_project/alchemlyb/perf/fsizes/32/0012_dhdl.part0009.xvg,119,1,1564204256.9742692,1564204257.0513253
read,/scratch/hrlee/25201812/temp_project/alchemlyb/perf/fsizes/32/0015_dhdl.part0006.xvg,146,1,1564204256.976667,1564204257.0521753
read,/scratch/hrlee/25201812/temp_project/alchemlyb/perf/fsizes/32/0020_dhdl.part0000.xvg,190,1,1564204256.9775085,1564204257.0537875
read,/scratch/hrlee/25201812/temp_project/alchemlyb/perf/fsizes/32/0014_dhdl.part0005.xvg,135,1,1564204256.9738407,1564204257.0544803
read,/scratch/hrlee/25201812/temp_project/alchemlyb/perf/fsizes/32/0013_dhdl.part0007.xvg,127,1,1564204256.986253,1564204257.059934
read,/scratch/hrlee/25201812/temp_project/alchemlyb/perf/fsizes/32/0018_dhdl.part0000.xvg,170,1,1564204256.9786115,1564204257.0664263
read,/scratch/hrlee/25201812/temp_project/alchemlyb/perf/fsizes/32/0018_dhdl.part0008.xvg,178,1,1564204256.980089,1564204257.0674174
read,/scratch/hrlee/25201812/temp_project/alchemlyb/perf/fsizes/32/0014_dhdl.part0009.xvg,139,1,1564204256.9982963,1564204257.0718122
read,/scratch/hrlee/25201812/temp_project/alchemlyb/perf/fsizes/32/0017_dhdl.part0007.xvg,167,1,1564204257.0055747,1564204257.073146
read,/scratch/hrlee/25201812/temp_project/alchemlyb/perf/fsizes/32/0020_dhdl.part0006.xvg,196,1,1564204257.0089695,1564204257.0824554
read,/scratch/hrlee/25201812/temp_project/alchemlyb/perf/fsizes/32/0021_dhdl.part0000.xvg,200,1,1564204257.019922,1564204257.0959704
read,/scratch/hrlee/25201812/temp_project/alchemlyb/perf/fsizes/32/0021_dhdl.part0008.xvg,208,1,1564204257.0246403,1564204257.102768
read,/scratch/hrlee/25201812/temp_project/alchemlyb/perf/fsizes/32/0021_dhdl.part0004.xvg,204,1,1564204257.0237155,1564204257.1034055
read,/scratch/hrlee/25201812/temp_project/alchemlyb/perf/fsizes/32/0017_dhdl.part0002.xvg,162,1,1564204257.0063055,1564204257.1043072
read,/scratch/hrlee/25201812/temp_project/alchemlyb/perf/fsizes/32/0022_dhdl.part0002.xvg,212,1,1564204257.0260339,1564204257.1087298
read,/scratch/hrlee/25201812/temp_project/alchemlyb/perf/fsizes/32/0020_dhdl.part0003.xvg,193,1,1564204257.0395973,1564204257.108761
read,/scratch/hrlee/25201812/temp_project/alchemlyb/perf/fsizes/32/0022_dhdl.part0006.xvg,216,1,1564204257.0403242,1564204257.1101403
read,/scratch/hrlee/25201812/temp_project/alchemlyb/perf/fsizes/32/0018_dhdl.part0005.xvg,175,1,1564204257.0424206,1564204257.1130447
read,/scratch/hrlee/25201812/temp_project/alchemlyb/perf/fsizes/32/0019_dhdl.part0007.xvg,187,1,1564204257.044555,1564204257.1162422
read,/scratch/hrlee/25201812/temp_project/alchemlyb/perf/fsizes/32/0023_dhdl.part0000.xvg,220,1,1564204257.0451972,1564204257.117055
read,/scratch/hrlee/25201812/temp_project/alchemlyb/perf/fsizes/32/0012_dhdl.part0005.xvg,115,1,1564204257.0452046,1564204257.1198876
read,/scratch/hrlee/25201812/temp_project/alchemlyb/perf/fsizes/32/0019_dhdl.part0003.xvg,183,1,1564204257.0490346,1564204257.1203458
read,/scratch/hrlee/25201812/temp_project/alchemlyb/perf/fsizes/32/0015_dhdl.part0007.xvg,147,1,1564204257.0528831,1564204257.1217504
read,/scratch/hrlee/25201812/temp_project/alchemlyb/perf/fsizes/32/0023_dhdl.part0008.xvg,228,1,1564204257.0520778,1564204257.1230323
read,/scratch/hrlee/25201812/temp_project/alchemlyb/perf/fsizes/32/0020_dhdl.part0001.xvg,191,1,1564204257.0543935,1564204257.1246397
read,/scratch/hrlee/25201812/temp_project/alchemlyb/perf/fsizes/32/0024_dhdl.part0002.xvg,232,1,1564204257.0553012,1564204257.1264153
read,/scratch/hrlee/25201812/temp_project/alchemlyb/perf/fsizes/32/0024_dhdl.part0006.xvg,236,1,1564204257.0608366,1564204257.132695
read,/scratch/hrlee/25201812/temp_project/alchemlyb/perf/fsizes/32/0023_dhdl.part0004.xvg,224,1,1564204257.0505848,1564204257.1341832
read,/scratch/hrlee/25201812/temp_project/alchemlyb/perf/fsizes/32/0025_dhdl.part0000.xvg,240,1,1564204257.072486,1564204257.1402588
read,/scratch/hrlee/25201812/temp_project/alchemlyb/perf/fsizes/32/0025_dhdl.part0004.xvg,244,1,1564204257.0740647,1564204257.1421387
read,/scratch/hrlee/25201812/temp_project/alchemlyb/perf/fsizes/32/0018_dhdl.part0001.xvg,171,1,1564204257.0671892,1564204257.1440299
read,/scratch/hrlee/25201812/temp_project/alchemlyb/perf/fsizes/32/0020_dhdl.part0007.xvg,197,1,1564204257.0831287,1564204257.1488602
read,/scratch/hrlee/25201812/temp_project/alchemlyb/perf/fsizes/32/0018_dhdl.part0009.xvg,179,1,1564204257.0682383,1564204257.157061
read,/scratch/hrlee/25201812/temp_project/alchemlyb/perf/fsizes/32/0021_dhdl.part0001.xvg,201,1,1564204257.096457,1564204257.1589382
read,/scratch/hrlee/25201812/temp_project/alchemlyb/perf/fsizes/32/0021_dhdl.part0005.xvg,205,1,1564204257.103964,1564204257.1763213
read,/scratch/hrlee/25201812/temp_project/alchemlyb/perf/fsizes/32/0015_dhdl.part0003.xvg,143,1,1564204257.0124066,1564204257.18162
read,/scratch/hrlee/25201812/temp_project/alchemlyb/perf/fsizes/32/0020_dhdl.part0004.xvg,194,1,1564204257.1091871,1564204257.1846013
read,/scratch/hrlee/25201812/temp_project/alchemlyb/perf/fsizes/32/0021_dhdl.part0009.xvg,209,1,1564204257.1033368,1564204257.1873994
read,/scratch/hrlee/25201812/temp_project/alchemlyb/perf/fsizes/32/0022_dhdl.part0007.xvg,217,1,1564204257.1107547,1564204257.1909924
read,/scratch/hrlee/25201812/temp_project/alchemlyb/perf/fsizes/32/0025_dhdl.part0008.xvg,248,1,1564204257.113846,1564204257.1943989
read,/scratch/hrlee/25201812/temp_project/alchemlyb/perf/fsizes/32/0026_dhdl.part0002.xvg,252,1,1564204257.1170428,1564204257.196313
read,/scratch/hrlee/25201812/temp_project/alchemlyb/perf/fsizes/32/0023_dhdl.part0001.xvg,221,1,1564204257.1176589,1564204257.196917
read,/scratch/hrlee/25201812/temp_project/alchemlyb/perf/fsizes/32/0027_dhdl.part0000.xvg,260,1,1564204257.1210663,1564204257.198827
read,/scratch/hrlee/25201812/temp_project/alchemlyb/perf/fsizes/32/0023_dhdl.part0009.xvg,229,1,1564204257.1237047,1564204257.2006013
read,/scratch/hrlee/25201812/temp_project/alchemlyb/perf/fsizes/32/0027_dhdl.part0008.xvg,268,1,1564204257.125472,1564204257.2027667
read,/scratch/hrlee/25201812/temp_project/alchemlyb/perf/fsizes/32/0024_dhdl.part0003.xvg,233,1,1564204257.127099,1564204257.203267
read,/scratch/hrlee/25201812/temp_project/alchemlyb/perf/fsizes/32/0022_dhdl.part0003.xvg,213,1,1564204257.1091871,1564204257.2049236
read,/scratch/hrlee/25201812/temp_project/alchemlyb/perf/fsizes/32/0024_dhdl.part0007.xvg,237,1,1564204257.1333902,1564204257.2062147
read,/scratch/hrlee/25201812/temp_project/alchemlyb/perf/fsizes/32/0017_dhdl.part0003.xvg,163,1,1564204257.1047184,1564204257.2104475
read,/scratch/hrlee/25201812/temp_project/alchemlyb/perf/fsizes/32/0025_dhdl.part0005.xvg,245,1,1564204257.1428883,1564204257.2108974
read,/scratch/hrlee/25201812/temp_project/alchemlyb/perf/fsizes/32/0027_dhdl.part0004.xvg,264,1,1564204257.1227112,1564204257.2147918
read,/scratch/hrlee/25201812/temp_project/alchemlyb/perf/fsizes/32/0026_dhdl.part0006.xvg,256,1,1564204257.1206727,1564204257.2170515
read,/scratch/hrlee/25201812/temp_project/alchemlyb/perf/fsizes/32/0020_dhdl.part0008.xvg,198,1,1564204257.149282,1564204257.2245436
read,/scratch/hrlee/25201812/temp_project/alchemlyb/perf/fsizes/32/0023_dhdl.part0005.xvg,225,1,1564204257.1347306,1564204257.2275834
read,/scratch/hrlee/25201812/temp_project/alchemlyb/perf/fsizes/32/0021_dhdl.part0002.xvg,202,1,1564204257.1593482,1564204257.2333655
read,/scratch/hrlee/25201812/temp_project/alchemlyb/perf/fsizes/32/0028_dhdl.part0002.xvg,272,1,1564204257.1446886,1564204257.2348158
read,/scratch/hrlee/25201812/temp_project/alchemlyb/perf/fsizes/32/0021_dhdl.part0006.xvg,206,1,1564204257.1769013,1564204257.2434554
read,/scratch/hrlee/25201812/temp_project/alchemlyb/perf/fsizes/32/0020_dhdl.part0005.xvg,195,1,1564204257.1850603,1564204257.2475176
read,/scratch/hrlee/25201812/temp_project/alchemlyb/perf/fsizes/32/0022_dhdl.part0000.xvg,210,1,1564204257.1880314,1564204257.2513037
read,/scratch/hrlee/25201812/temp_project/alchemlyb/perf/fsizes/32/0025_dhdl.part0001.xvg,241,1,1564204257.1406953,1564204257.2664797
read,/scratch/hrlee/25201812/temp_project/alchemlyb/perf/fsizes/32/0022_dhdl.part0004.xvg,214,1,1564204257.2056773,1564204257.2682076
read,/scratch/hrlee/25201812/temp_project/alchemlyb/perf/fsizes/32/0029_dhdl.part0000.xvg,280,1,1564204257.1826093,1564204257.2666621
read,/scratch/hrlee/25201812/temp_project/alchemlyb/perf/fsizes/32/0028_dhdl.part0006.xvg,276,1,1564204257.1583724,1564204257.2696111
read,/scratch/hrlee/25201812/temp_project/alchemlyb/perf/fsizes/32/0022_dhdl.part0008.xvg,218,1,1564204257.1916842,1564204257.2722254
read,/scratch/hrlee/25201812/temp_project/alchemlyb/perf/fsizes/32/0025_dhdl.part0009.xvg,249,1,1564204257.195043,1564204257.2743666
read,/scratch/hrlee/25201812/temp_project/alchemlyb/perf/fsizes/32/0023_dhdl.part0002.xvg,222,1,1564204257.1975317,1564204257.277845
read,/scratch/hrlee/25201812/temp_project/alchemlyb/perf/fsizes/32/0026_dhdl.part0003.xvg,253,1,1564204257.1969478,1564204257.277807
read,/scratch/hrlee/25201812/temp_project/alchemlyb/perf/fsizes/32/0027_dhdl.part0001.xvg,261,1,1564204257.19953,1564204257.2791378
read,/scratch/hrlee/25201812/temp_project/alchemlyb/perf/fsizes/32/0024_dhdl.part0000.xvg,230,1,1564204257.2013743,1564204257.2801943
read,/scratch/hrlee/25201812/temp_project/alchemlyb/perf/fsizes/32/0027_dhdl.part0009.xvg,269,1,1564204257.2035968,1564204257.2809
read,/scratch/hrlee/25201812/temp_project/alchemlyb/perf/fsizes/32/0024_dhdl.part0004.xvg,234,1,1564204257.2037942,1564204257.281614
read,/scratch/hrlee/25201812/temp_project/alchemlyb/perf/fsizes/32/0024_dhdl.part0008.xvg,238,1,1564204257.207126,1564204257.2832613
read,/scratch/hrlee/25201812/temp_project/alchemlyb/perf/fsizes/32/0025_dhdl.part0006.xvg,246,1,1564204257.2119353,1564204257.284974
read,/scratch/hrlee/25201812/temp_project/alchemlyb/perf/fsizes/32/0027_dhdl.part0005.xvg,265,1,1564204257.2155468,1564204257.2880511
read,/scratch/hrlee/25201812/temp_project/alchemlyb/perf/fsizes/32/0029_dhdl.part0004.xvg,284,1,1564204257.2116482,1564204257.2956607
read,/scratch/hrlee/25201812/temp_project/alchemlyb/perf/fsizes/32/0026_dhdl.part0007.xvg,257,1,1564204257.2178178,1564204257.298344
read,/scratch/hrlee/25201812/temp_project/alchemlyb/perf/fsizes/32/0023_dhdl.part0006.xvg,226,1,1564204257.2281232,1564204257.318039
read,/scratch/hrlee/25201812/temp_project/alchemlyb/perf/fsizes/32/0021_dhdl.part0003.xvg,203,1,1564204257.2339,1564204257.3244162
read,/scratch/hrlee/25201812/temp_project/alchemlyb/perf/fsizes/32/0020_dhdl.part0009.xvg,199,1,1564204257.225159,1564204257.3265924
read,/scratch/hrlee/25201812/temp_project/alchemlyb/perf/fsizes/32/0028_dhdl.part0003.xvg,273,1,1564204257.2355425,1564204257.3268805
read,/scratch/hrlee/25201812/temp_project/alchemlyb/perf/fsizes/32/0029_dhdl.part0008.xvg,288,1,1564204257.2482276,1564204257.3272731
read,/scratch/hrlee/25201812/temp_project/alchemlyb/perf/fsizes/32/0021_dhdl.part0007.xvg,207,1,1564204257.244071,1564204257.328949
read,/scratch/hrlee/25201812/temp_project/alchemlyb/perf/fsizes/32/0022_dhdl.part0001.xvg,211,1,1564204257.2517073,1564204257.3300624
read,/scratch/hrlee/25201812/temp_project/alchemlyb/perf/fsizes/32/0022_dhdl.part0005.xvg,215,1,1564204257.2686312,1564204257.3350055
read,/scratch/hrlee/25201812/temp_project/alchemlyb/perf/fsizes/32/0025_dhdl.part0002.xvg,242,1,1564204257.2673028,1564204257.3438764
read,/scratch/hrlee/25201812/temp_project/alchemlyb/perf/fsizes/32/0027_dhdl.part0006.xvg,266,1,1564204257.2888427,1564204257.3468766
read,/scratch/hrlee/25201812/temp_project/alchemlyb/perf/fsizes/32/0029_dhdl.part0001.xvg,281,1,1564204257.269963,1564204257.3472638
read,/scratch/hrlee/25201812/temp_project/alchemlyb/perf/fsizes/32/0022_dhdl.part0009.xvg,219,1,1564204257.2728841,1564204257.3508945
read,/scratch/hrlee/25201812/temp_project/alchemlyb/perf/fsizes/32/0026_dhdl.part0000.xvg,250,1,1564204257.275024,1564204257.3546154
read,/scratch/hrlee/25201812/temp_project/alchemlyb/perf/fsizes/32/0026_dhdl.part0008.xvg,258,1,1564204257.298946,1564204257.3557763
read,/scratch/hrlee/25201812/temp_project/alchemlyb/perf/fsizes/32/0026_dhdl.part0004.xvg,254,1,1564204257.278385,1564204257.3584442
read,/scratch/hrlee/25201812/temp_project/alchemlyb/perf/fsizes/32/0023_dhdl.part0003.xvg,223,1,1564204257.278385,1564204257.359175
read,/scratch/hrlee/25201812/temp_project/alchemlyb/perf/fsizes/32/0027_dhdl.part0002.xvg,262,1,1564204257.2797368,1564204257.3600998
read,/scratch/hrlee/25201812/temp_project/alchemlyb/perf/fsizes/32/0024_dhdl.part0001.xvg,231,1,1564204257.2807765,1564204257.3603053
read,/scratch/hrlee/25201812/temp_project/alchemlyb/perf/fsizes/32/0024_dhdl.part0005.xvg,235,1,1564204257.2822592,1564204257.362153
read,/scratch/hrlee/25201812/temp_project/alchemlyb/perf/fsizes/32/0024_dhdl.part0009.xvg,239,1,1564204257.2839663,1564204257.3625693
read,/scratch/hrlee/25201812/temp_project/alchemlyb/perf/fsizes/32/0028_dhdl.part0007.xvg,277,1,1564204257.270239,1564204257.3633444
read,/scratch/hrlee/25201812/temp_project/alchemlyb/perf/fsizes/32/0028_dhdl.part0000.xvg,270,1,1564204257.2814157,1564204257.3642163
read,/scratch/hrlee/25201812/temp_project/alchemlyb/perf/fsizes/32/0025_dhdl.part0007.xvg,247,1,1564204257.2857933,1564204257.365728
read,/scratch/hrlee/25201812/temp_project/alchemlyb/perf/fsizes/32/0029_dhdl.part0005.xvg,285,1,1564204257.2964265,1564204257.3664918
read,/scratch/hrlee/25201812/temp_project/alchemlyb/perf/fsizes/32/0023_dhdl.part0007.xvg,227,1,1564204257.318884,1564204257.3791244
read,/scratch/hrlee/25201812/temp_project/alchemlyb/perf/fsizes/32/0030_dhdl.part0002.xvg,292,1,1564204257.3254225,1564204257.3839676
read,/scratch/hrlee/25201812/temp_project/alchemlyb/perf/fsizes/32/0030_dhdl.part0006.xvg,296,1,1564204257.3275135,1564204257.386541
read,/scratch/hrlee/25201812/temp_project/alchemlyb/perf/fsizes/32/0028_dhdl.part0004.xvg,274,1,1564204257.3272884,1564204257.3899426
read,/scratch/hrlee/25201812/temp_project/alchemlyb/perf/fsizes/32/0029_dhdl.part0009.xvg,289,1,1564204257.327654,1564204257.3910675
read,/scratch/hrlee/25201812/temp_project/alchemlyb/perf/fsizes/32/0025_dhdl.part0003.xvg,243,1,1564204257.3443155,1564204257.3966222
read,/scratch/hrlee/25201812/temp_project/alchemlyb/perf/fsizes/32/0027_dhdl.part0007.xvg,267,1,1564204257.3473825,1564204257.3974805
read,/scratch/hrlee/25201812/temp_project/alchemlyb/perf/fsizes/32/0029_dhdl.part0002.xvg,282,1,1564204257.34774,1564204257.3981655
read,/scratch/hrlee/25201812/temp_project/alchemlyb/perf/fsizes/32/0026_dhdl.part0001.xvg,251,1,1564204257.3552575,1564204257.398685
read,/scratch/hrlee/25201812/temp_project/alchemlyb/perf/fsizes/32/0026_dhdl.part0005.xvg,255,1,1564204257.359131,1564204257.4015892
read,/scratch/hrlee/25201812/temp_project/alchemlyb/perf/fsizes/32/0026_dhdl.part0009.xvg,259,1,1564204257.3561835,1564204257.4026077
read,/scratch/hrlee/25201812/temp_project/alchemlyb/perf/fsizes/32/0027_dhdl.part0003.xvg,263,1,1564204257.360585,1564204257.4027278
read,/scratch/hrlee/25201812/temp_project/alchemlyb/perf/fsizes/32/0029_dhdl.part0006.xvg,286,1,1564204257.3669708,1564204257.4039726
read,/scratch/hrlee/25201812/temp_project/alchemlyb/perf/fsizes/32/0028_dhdl.part0001.xvg,271,1,1564204257.3646872,1564204257.4056275
read,/scratch/hrlee/25201812/temp_project/alchemlyb/perf/fsizes/32/0028_dhdl.part0008.xvg,278,1,1564204257.3638182,1564204257.4072094
read,/scratch/hrlee/25201812/temp_project/alchemlyb/perf/fsizes/32/0030_dhdl.part0003.xvg,293,1,1564204257.3844285,1564204257.422114
read,/scratch/hrlee/25201812/temp_project/alchemlyb/perf/fsizes/32/0030_dhdl.part0007.xvg,297,1,1564204257.3869822,1564204257.4246535
read,/scratch/hrlee/25201812/temp_project/alchemlyb/perf/fsizes/32/0028_dhdl.part0005.xvg,275,1,1564204257.390403,1564204257.4279857
read,/scratch/hrlee/25201812/temp_project/alchemlyb/perf/fsizes/32/0030_dhdl.part0000.xvg,290,1,1564204257.3914182,1564204257.4280474
read,/scratch/hrlee/25201812/temp_project/alchemlyb/perf/fsizes/32/0029_dhdl.part0003.xvg,283,1,1564204257.3985012,1564204257.4351714
read,/scratch/hrlee/25201812/temp_project/alchemlyb/perf/fsizes/32/0029_dhdl.part0007.xvg,287,1,1564204257.4043424,1564204257.436054
read,/scratch/hrlee/25201812/temp_project/alchemlyb/perf/fsizes/32/0028_dhdl.part0009.xvg,279,1,1564204257.407573,1564204257.4399893
read,/scratch/hrlee/25201812/temp_project/alchemlyb/perf/fsizes/32/0030_dhdl.part0004.xvg,294,1,1564204257.4224386,1564204257.4547107
read,/scratch/hrlee/25201812/temp_project/alchemlyb/perf/fsizes/32/0030_dhdl.part0008.xvg,298,1,1564204257.4250052,1564204257.4585805
read,/scratch/hrlee/25201812/temp_project/alchemlyb/perf/fsizes/32/0030_dhdl.part0001.xvg,291,1,1564204257.4283319,1564204257.4619198
read,/scratch/hrlee/25201812/temp_project/alchemlyb/perf/fsizes/32/0030_dhdl.part0005.xvg,295,1,1564204257.4550183,1564204257.4872737
read,/scratch/hrlee/25201812/temp_project/alchemlyb/perf/fsizes/32/0030_dhdl.part0009.xvg,299,1,1564204257.458892,1564204257.4915895
