write,/scratch/hrlee/25200019/temp_project/alchemlyb/perf/fsizes/32/0002_dhdl.part0001.xvg,11,1,1564200343.8928437,1564200343.9574172
write,/scratch/hrlee/25200019/temp_project/alchemlyb/perf/fsizes/32/0003_dhdl.part0004.xvg,24,1,1564200343.910989,1564200343.9696853
write,/scratch/hrlee/25200019/temp_project/alchemlyb/perf/fsizes/32/0002_dhdl.part0000.xvg,10,1,1564200343.8918436,1564200343.9767025
write,/scratch/hrlee/25200019/temp_project/alchemlyb/perf/fsizes/32/0004_dhdl.part0004.xvg,34,1,1564200343.9150288,1564200343.9907544
write,/scratch/hrlee/25200019/temp_project/alchemlyb/perf/fsizes/32/0002_dhdl.part0009.xvg,19,1,1564200343.9107819,1564200343.9923599
write,/scratch/hrlee/25200019/temp_project/alchemlyb/perf/fsizes/32/0003_dhdl.part0009.xvg,29,1,1564200343.903451,1564200343.9929445
write,/scratch/hrlee/25200019/temp_project/alchemlyb/perf/fsizes/32/0001_dhdl.part0000.xvg,0,1,1564200343.8905776,1564200344.0014877
write,/scratch/hrlee/25200019/temp_project/alchemlyb/perf/fsizes/32/0007_dhdl.part0006.xvg,66,1,1564200344.0023003,1564200344.0275218
write,/scratch/hrlee/25200019/temp_project/alchemlyb/perf/fsizes/32/0007_dhdl.part0003.xvg,63,1,1564200343.9915614,1564200344.0283291
write,/scratch/hrlee/25200019/temp_project/alchemlyb/perf/fsizes/32/0007_dhdl.part0001.xvg,61,1,1564200343.9704578,1564200344.0318315
write,/scratch/hrlee/25200019/temp_project/alchemlyb/perf/fsizes/32/0005_dhdl.part0007.xvg,47,1,1564200343.92984,1564200344.0349617
write,/scratch/hrlee/25200019/temp_project/alchemlyb/perf/fsizes/32/0003_dhdl.part0006.xvg,26,1,1564200343.9110537,1564200344.047341
write,/scratch/hrlee/25200019/temp_project/alchemlyb/perf/fsizes/32/0007_dhdl.part0008.xvg,68,1,1564200344.028685,1564200344.0523393
write,/scratch/hrlee/25200019/temp_project/alchemlyb/perf/fsizes/32/0005_dhdl.part0003.xvg,43,1,1564200343.926553,1564200344.0598395
write,/scratch/hrlee/25200019/temp_project/alchemlyb/perf/fsizes/32/0005_dhdl.part0000.xvg,40,1,1564200343.9212823,1564200344.0671134
write,/scratch/hrlee/25200019/temp_project/alchemlyb/perf/fsizes/32/0004_dhdl.part0000.xvg,30,1,1564200343.909874,1564200344.072448
write,/scratch/hrlee/25200019/temp_project/alchemlyb/perf/fsizes/32/0008_dhdl.part0002.xvg,72,1,1564200344.0527358,1564200344.0766206
write,/scratch/hrlee/25200019/temp_project/alchemlyb/perf/fsizes/32/0002_dhdl.part0006.xvg,16,1,1564200343.8922238,1564200344.0892622
write,/scratch/hrlee/25200019/temp_project/alchemlyb/perf/fsizes/32/0006_dhdl.part0008.xvg,58,1,1564200343.946327,1564200344.0911226
write,/scratch/hrlee/25200019/temp_project/alchemlyb/perf/fsizes/32/0004_dhdl.part0003.xvg,33,1,1564200343.9149327,1564200344.095006
write,/scratch/hrlee/25200019/temp_project/alchemlyb/perf/fsizes/32/0002_dhdl.part0002.xvg,12,1,1564200343.8931699,1564200344.102686
write,/scratch/hrlee/25200019/temp_project/alchemlyb/perf/fsizes/32/0002_dhdl.part0004.xvg,14,1,1564200343.893236,1564200344.1130068
write,/scratch/hrlee/25200019/temp_project/alchemlyb/perf/fsizes/32/0006_dhdl.part0000.xvg,50,1,1564200343.9328978,1564200344.1182988
write,/scratch/hrlee/25200019/temp_project/alchemlyb/perf/fsizes/32/0001_dhdl.part0002.xvg,2,1,1564200343.8915377,1564200344.1200047
write,/scratch/hrlee/25200019/temp_project/alchemlyb/perf/fsizes/32/0001_dhdl.part0007.xvg,7,1,1564200343.8912501,1564200344.129477
write,/scratch/hrlee/25200019/temp_project/alchemlyb/perf/fsizes/32/0003_dhdl.part0003.xvg,23,1,1564200343.9108322,1564200344.13054
write,/scratch/hrlee/25200019/temp_project/alchemlyb/perf/fsizes/32/0002_dhdl.part0008.xvg,18,1,1564200343.8938901,1564200344.1429088
write,/scratch/hrlee/25200019/temp_project/alchemlyb/perf/fsizes/32/0005_dhdl.part0008.xvg,48,1,1564200343.9300227,1564200344.1533492
write,/scratch/hrlee/25200019/temp_project/alchemlyb/perf/fsizes/32/0008_dhdl.part0001.xvg,71,1,1564200344.0482266,1564200344.1649492
write,/scratch/hrlee/25200019/temp_project/alchemlyb/perf/fsizes/32/0006_dhdl.part0005.xvg,55,1,1564200343.9461505,1564200344.16928
write,/scratch/hrlee/25200019/temp_project/alchemlyb/perf/fsizes/32/0004_dhdl.part0007.xvg,37,1,1564200343.91592,1564200344.1728983
write,/scratch/hrlee/25200019/temp_project/alchemlyb/perf/fsizes/32/0007_dhdl.part0007.xvg,67,1,1564200344.0279338,1564200344.1864364
write,/scratch/hrlee/25200019/temp_project/alchemlyb/perf/fsizes/32/0008_dhdl.part0007.xvg,77,1,1564200344.090058,1564200344.1876266
write,/scratch/hrlee/25200019/temp_project/alchemlyb/perf/fsizes/32/0003_dhdl.part0008.xvg,28,1,1564200343.9033248,1564200344.1990104
write,/scratch/hrlee/25200019/temp_project/alchemlyb/perf/fsizes/32/0006_dhdl.part0002.xvg,52,1,1564200343.9361343,1564200344.214455
write,/scratch/hrlee/25200019/temp_project/alchemlyb/perf/fsizes/32/0002_dhdl.part0005.xvg,15,1,1564200343.8935914,1564200344.2241588
write,/scratch/hrlee/25200019/temp_project/alchemlyb/perf/fsizes/32/0003_dhdl.part0001.xvg,21,1,1564200343.8927414,1564200344.2319381
write,/scratch/hrlee/25200019/temp_project/alchemlyb/perf/fsizes/32/0009_dhdl.part0007.xvg,87,1,1564200344.1541052,1564200344.2416024
write,/scratch/hrlee/25200019/temp_project/alchemlyb/perf/fsizes/32/0009_dhdl.part0005.xvg,85,1,1564200344.131163,1564200344.241905
write,/scratch/hrlee/25200019/temp_project/alchemlyb/perf/fsizes/32/0006_dhdl.part0009.xvg,59,1,1564200343.9463835,1564200344.2452967
write,/scratch/hrlee/25200019/temp_project/alchemlyb/perf/fsizes/32/0009_dhdl.part0008.xvg,88,1,1564200344.1654365,1564200344.2518606
write,/scratch/hrlee/25200019/temp_project/alchemlyb/perf/fsizes/32/0005_dhdl.part0004.xvg,44,1,1564200343.9265761,1564200344.2604477
write,/scratch/hrlee/25200019/temp_project/alchemlyb/perf/fsizes/32/0003_dhdl.part0002.xvg,22,1,1564200343.8928804,1564200344.2695763
write,/scratch/hrlee/25200019/temp_project/alchemlyb/perf/fsizes/32/0009_dhdl.part0000.xvg,80,1,1564200344.103482,1564200344.2749348
write,/scratch/hrlee/25200019/temp_project/alchemlyb/perf/fsizes/32/0010_dhdl.part0000.xvg,90,1,1564200344.1736178,1564200344.2840662
write,/scratch/hrlee/25200019/temp_project/alchemlyb/perf/fsizes/32/0001_dhdl.part0006.xvg,6,1,1564200343.8912024,1564200344.283852
write,/scratch/hrlee/25200019/temp_project/alchemlyb/perf/fsizes/32/0009_dhdl.part0009.xvg,89,1,1564200344.1699889,1564200344.2930496
write,/scratch/hrlee/25200019/temp_project/alchemlyb/perf/fsizes/32/0001_dhdl.part0003.xvg,3,1,1564200343.89159,1564200344.3007846
write,/scratch/hrlee/25200019/temp_project/alchemlyb/perf/fsizes/32/0005_dhdl.part0002.xvg,42,1,1564200343.9264467,1564200344.3082
write,/scratch/hrlee/25200019/temp_project/alchemlyb/perf/fsizes/32/0010_dhdl.part0003.xvg,93,1,1564200344.1997683,1564200344.3098125
write,/scratch/hrlee/25200019/temp_project/alchemlyb/perf/fsizes/32/0006_dhdl.part0004.xvg,54,1,1564200343.9371388,1564200344.311758
write,/scratch/hrlee/25200019/temp_project/alchemlyb/perf/fsizes/32/0001_dhdl.part0004.xvg,4,1,1564200343.891137,1564200344.3160348
write,/scratch/hrlee/25200019/temp_project/alchemlyb/perf/fsizes/32/0002_dhdl.part0007.xvg,17,1,1564200343.8923564,1564200344.323679
write,/scratch/hrlee/25200019/temp_project/alchemlyb/perf/fsizes/32/0001_dhdl.part0005.xvg,5,1,1564200343.8921614,1564200344.326193
write,/scratch/hrlee/25200019/temp_project/alchemlyb/perf/fsizes/32/0004_dhdl.part0005.xvg,35,1,1564200343.915225,1564200344.3315086
write,/scratch/hrlee/25200019/temp_project/alchemlyb/perf/fsizes/32/0006_dhdl.part0003.xvg,53,1,1564200343.936724,1564200344.332809
write,/scratch/hrlee/25200019/temp_project/alchemlyb/perf/fsizes/32/0004_dhdl.part0009.xvg,39,1,1564200343.916787,1564200344.3395262
write,/scratch/hrlee/25200019/temp_project/alchemlyb/perf/fsizes/32/0003_dhdl.part0000.xvg,20,1,1564200343.892688,1564200344.3432646
write,/scratch/hrlee/25200019/temp_project/alchemlyb/perf/fsizes/32/0007_dhdl.part0005.xvg,65,1,1564200344.002188,1564200344.349984
write,/scratch/hrlee/25200019/temp_project/alchemlyb/perf/fsizes/32/0004_dhdl.part0008.xvg,38,1,1564200343.9166965,1564200344.3539658
write,/scratch/hrlee/25200019/temp_project/alchemlyb/perf/fsizes/32/0001_dhdl.part0001.xvg,1,1,1564200343.890882,1564200344.3553257
write,/scratch/hrlee/25200019/temp_project/alchemlyb/perf/fsizes/32/0009_dhdl.part0002.xvg,82,1,1564200344.1190903,1564200344.3574083
write,/scratch/hrlee/25200019/temp_project/alchemlyb/perf/fsizes/32/0007_dhdl.part0004.xvg,64,1,1564200344.0019917,1564200344.360622
write,/scratch/hrlee/25200019/temp_project/alchemlyb/perf/fsizes/32/0008_dhdl.part0009.xvg,79,1,1564200344.095792,1564200344.372721
write,/scratch/hrlee/25200019/temp_project/alchemlyb/perf/fsizes/32/0006_dhdl.part0007.xvg,57,1,1564200343.9462547,1564200344.3781638
write,/scratch/hrlee/25200019/temp_project/alchemlyb/perf/fsizes/32/0010_dhdl.part0002.xvg,92,1,1564200344.1879315,1564200344.4403713
write,/scratch/hrlee/25200019/temp_project/alchemlyb/perf/fsizes/32/0001_dhdl.part0009.xvg,9,1,1564200343.892624,1564200344.4564319
write,/scratch/hrlee/25200019/temp_project/alchemlyb/perf/fsizes/32/0002_dhdl.part0003.xvg,13,1,1564200343.891915,1564200344.4680152
write,/scratch/hrlee/25200019/temp_project/alchemlyb/perf/fsizes/32/0009_dhdl.part0001.xvg,81,1,1564200344.11382,1564200344.4694004
write,/scratch/hrlee/25200019/temp_project/alchemlyb/perf/fsizes/32/0004_dhdl.part0002.xvg,32,1,1564200343.9136865,1564200344.5042453
write,/scratch/hrlee/25200019/temp_project/alchemlyb/perf/fsizes/32/0007_dhdl.part0000.xvg,60,1,1564200343.9582193,1564200344.513141
write,/scratch/hrlee/25200019/temp_project/alchemlyb/perf/fsizes/32/0005_dhdl.part0005.xvg,45,1,1564200343.9267645,1564200344.5248525
write,/scratch/hrlee/25200019/temp_project/alchemlyb/perf/fsizes/32/0010_dhdl.part0004.xvg,94,1,1564200344.2152028,1564200344.567426
write,/scratch/hrlee/25200019/temp_project/alchemlyb/perf/fsizes/32/0001_dhdl.part0008.xvg,8,1,1564200343.8922994,1564200344.6073475
write,/scratch/hrlee/25200019/temp_project/alchemlyb/perf/fsizes/32/0008_dhdl.part0006.xvg,76,1,1564200344.0770135,1564200344.6544075
write,/scratch/hrlee/25200019/temp_project/alchemlyb/perf/fsizes/32/0010_dhdl.part0008.xvg,98,1,1564200344.2422056,1564200344.6636703
write,/scratch/hrlee/25200019/temp_project/alchemlyb/perf/fsizes/32/0010_dhdl.part0001.xvg,91,1,1564200344.1868372,1564200344.7304356
write,/scratch/hrlee/25200019/temp_project/alchemlyb/perf/fsizes/32/0010_dhdl.part0007.xvg,97,1,1564200344.2420485,1564200344.7724984
write,/scratch/hrlee/25200019/temp_project/alchemlyb/perf/fsizes/32/0010_dhdl.part0009.xvg,99,1,1564200344.24604,1564200344.800512
write,/scratch/hrlee/25200019/temp_project/alchemlyb/perf/fsizes/32/0008_dhdl.part0005.xvg,75,1,1564200344.0732703,1564200344.8150303
write,/scratch/hrlee/25200019/temp_project/alchemlyb/perf/fsizes/32/0003_dhdl.part0005.xvg,25,1,1564200343.8934886,1564200344.829391
write,/scratch/hrlee/25200019/temp_project/alchemlyb/perf/fsizes/32/0005_dhdl.part0001.xvg,41,1,1564200343.9212725,1564200344.918301
write,/scratch/hrlee/25200019/temp_project/alchemlyb/perf/fsizes/32/0004_dhdl.part0001.xvg,31,1,1564200343.9136324,1564200344.9411695
write,/scratch/hrlee/25200019/temp_project/alchemlyb/perf/fsizes/32/0003_dhdl.part0007.xvg,27,1,1564200343.893521,1564200345.0456717
write,/scratch/hrlee/25200019/temp_project/alchemlyb/perf/fsizes/32/0007_dhdl.part0002.xvg,62,1,1564200343.9775078,1564200345.0604968
write,/scratch/hrlee/25200019/temp_project/alchemlyb/perf/fsizes/32/0004_dhdl.part0006.xvg,36,1,1564200343.9153056,1564200345.0862846
write,/scratch/hrlee/25200019/temp_project/alchemlyb/perf/fsizes/32/0006_dhdl.part0001.xvg,51,1,1564200343.9329603,1564200345.1168659
write,/scratch/hrlee/25200019/temp_project/alchemlyb/perf/fsizes/32/0008_dhdl.part0008.xvg,78,1,1564200344.0918913,1564200345.133658
write,/scratch/hrlee/25200019/temp_project/alchemlyb/perf/fsizes/32/0008_dhdl.part0003.xvg,73,1,1564200344.060544,1564200345.1680827
write,/scratch/hrlee/25200019/temp_project/alchemlyb/perf/fsizes/32/0010_dhdl.part0006.xvg,96,1,1564200344.2327836,1564200345.1722424
write,/scratch/hrlee/25200019/temp_project/alchemlyb/perf/fsizes/32/0006_dhdl.part0006.xvg,56,1,1564200343.9462383,1564200345.1756222
write,/scratch/hrlee/25200019/temp_project/alchemlyb/perf/fsizes/32/0008_dhdl.part0000.xvg,70,1,1564200344.03576,1564200345.182849
write,/scratch/hrlee/25200019/temp_project/alchemlyb/perf/fsizes/32/0007_dhdl.part0009.xvg,69,1,1564200344.0322409,1564200345.2061856
write,/scratch/hrlee/25200019/temp_project/alchemlyb/perf/fsizes/32/0009_dhdl.part0004.xvg,84,1,1564200344.1301608,1564200345.2205591
write,/scratch/hrlee/25200019/temp_project/alchemlyb/perf/fsizes/32/0010_dhdl.part0005.xvg,95,1,1564200344.2249303,1564200345.221251
write,/scratch/hrlee/25200019/temp_project/alchemlyb/perf/fsizes/32/0009_dhdl.part0003.xvg,83,1,1564200344.1207864,1564200345.2267697
write,/scratch/hrlee/25200019/temp_project/alchemlyb/perf/fsizes/32/0005_dhdl.part0009.xvg,49,1,1564200343.9326994,1564200345.235423
write,/scratch/hrlee/25200019/temp_project/alchemlyb/perf/fsizes/32/0008_dhdl.part0004.xvg,74,1,1564200344.0679193,1564200345.2560444
write,/scratch/hrlee/25200019/temp_project/alchemlyb/perf/fsizes/32/0005_dhdl.part0006.xvg,46,1,1564200343.9297867,1564200345.2592232
write,/scratch/hrlee/25200019/temp_project/alchemlyb/perf/fsizes/32/0009_dhdl.part0006.xvg,86,1,1564200344.1437154,1564200345.2595599
read,/scratch/hrlee/25200019/temp_project/alchemlyb/perf/fsizes/32/0005_dhdl.part0006.xvg,46,1,1564200346.3776317,1564200346.4871237
read,/scratch/hrlee/25200019/temp_project/alchemlyb/perf/fsizes/32/0001_dhdl.part0004.xvg,4,1,1564200346.3624368,1564200346.5140243
read,/scratch/hrlee/25200019/temp_project/alchemlyb/perf/fsizes/32/0001_dhdl.part0009.xvg,9,1,1564200346.365055,1564200346.5318563
read,/scratch/hrlee/25200019/temp_project/alchemlyb/perf/fsizes/32/0001_dhdl.part0000.xvg,0,1,1564200346.3620617,1564200346.5351586
read,/scratch/hrlee/25200019/temp_project/alchemlyb/perf/fsizes/32/0002_dhdl.part0009.xvg,19,1,1564200346.3662271,1564200346.5539756
read,/scratch/hrlee/25200019/temp_project/alchemlyb/perf/fsizes/32/0001_dhdl.part0005.xvg,5,1,1564200346.3625216,1564200346.5566194
read,/scratch/hrlee/25200019/temp_project/alchemlyb/perf/fsizes/32/0002_dhdl.part0005.xvg,15,1,1564200346.365654,1564200346.5668178
read,/scratch/hrlee/25200019/temp_project/alchemlyb/perf/fsizes/32/0005_dhdl.part0009.xvg,49,1,1564200346.378117,1564200346.5698361
read,/scratch/hrlee/25200019/temp_project/alchemlyb/perf/fsizes/32/0001_dhdl.part0001.xvg,1,1,1564200346.3621635,1564200346.5702324
read,/scratch/hrlee/25200019/temp_project/alchemlyb/perf/fsizes/32/0006_dhdl.part0006.xvg,56,1,1564200346.3801112,1564200346.5866492
read,/scratch/hrlee/25200019/temp_project/alchemlyb/perf/fsizes/32/0004_dhdl.part0000.xvg,30,1,1564200346.3749962,1564200346.5927145
read,/scratch/hrlee/25200019/temp_project/alchemlyb/perf/fsizes/32/0002_dhdl.part0001.xvg,11,1,1564200346.3652265,1564200346.605186
read,/scratch/hrlee/25200019/temp_project/alchemlyb/perf/fsizes/32/0003_dhdl.part0001.xvg,21,1,1564200346.3667164,1564200346.6060789
read,/scratch/hrlee/25200019/temp_project/alchemlyb/perf/fsizes/32/0004_dhdl.part0005.xvg,35,1,1564200346.3756323,1564200346.6093457
read,/scratch/hrlee/25200019/temp_project/alchemlyb/perf/fsizes/32/0007_dhdl.part0001.xvg,61,1,1564200346.5149958,1564200346.6128268
read,/scratch/hrlee/25200019/temp_project/alchemlyb/perf/fsizes/32/0002_dhdl.part0004.xvg,14,1,1564200346.3655815,1564200346.6226647
read,/scratch/hrlee/25200019/temp_project/alchemlyb/perf/fsizes/32/0001_dhdl.part0003.xvg,3,1,1564200346.3623428,1564200346.6349268
read,/scratch/hrlee/25200019/temp_project/alchemlyb/perf/fsizes/32/0003_dhdl.part0000.xvg,20,1,1564200346.3666184,1564200346.6405013
read,/scratch/hrlee/25200019/temp_project/alchemlyb/perf/fsizes/32/0003_dhdl.part0007.xvg,27,1,1564200346.3744195,1564200346.6505408
read,/scratch/hrlee/25200019/temp_project/alchemlyb/perf/fsizes/32/0006_dhdl.part0000.xvg,50,1,1564200346.3790305,1564200346.6578085
read,/scratch/hrlee/25200019/temp_project/alchemlyb/perf/fsizes/32/0003_dhdl.part0003.xvg,23,1,1564200346.3669577,1564200346.6765656
read,/scratch/hrlee/25200019/temp_project/alchemlyb/perf/fsizes/32/0005_dhdl.part0003.xvg,43,1,1564200346.377346,1564200346.6860492
read,/scratch/hrlee/25200019/temp_project/alchemlyb/perf/fsizes/32/0001_dhdl.part0006.xvg,6,1,1564200346.362631,1564200346.6948698
read,/scratch/hrlee/25200019/temp_project/alchemlyb/perf/fsizes/32/0002_dhdl.part0003.xvg,13,1,1564200346.3654382,1564200346.6966612
read,/scratch/hrlee/25200019/temp_project/alchemlyb/perf/fsizes/32/0004_dhdl.part0002.xvg,32,1,1564200346.3753006,1564200346.7087934
read,/scratch/hrlee/25200019/temp_project/alchemlyb/perf/fsizes/32/0005_dhdl.part0005.xvg,45,1,1564200346.377546,1564200346.7108061
read,/scratch/hrlee/25200019/temp_project/alchemlyb/perf/fsizes/32/0007_dhdl.part0003.xvg,63,1,1564200346.5360115,1564200346.7208774
read,/scratch/hrlee/25200019/temp_project/alchemlyb/perf/fsizes/32/0004_dhdl.part0001.xvg,31,1,1564200346.3751335,1564200346.7256212
read,/scratch/hrlee/25200019/temp_project/alchemlyb/perf/fsizes/32/0002_dhdl.part0002.xvg,12,1,1564200346.3653648,1564200346.727958
read,/scratch/hrlee/25200019/temp_project/alchemlyb/perf/fsizes/32/0006_dhdl.part0004.xvg,54,1,1564200346.3799086,1564200346.729094
read,/scratch/hrlee/25200019/temp_project/alchemlyb/perf/fsizes/32/0002_dhdl.part0008.xvg,18,1,1564200346.3661478,1564200346.7368329
read,/scratch/hrlee/25200019/temp_project/alchemlyb/perf/fsizes/32/0006_dhdl.part0002.xvg,52,1,1564200346.3795087,1564200346.7409952
read,/scratch/hrlee/25200019/temp_project/alchemlyb/perf/fsizes/32/0006_dhdl.part0007.xvg,57,1,1564200346.380203,1564200346.741467
read,/scratch/hrlee/25200019/temp_project/alchemlyb/perf/fsizes/32/0007_dhdl.part0005.xvg,65,1,1564200346.5577557,1564200346.752204
read,/scratch/hrlee/25200019/temp_project/alchemlyb/perf/fsizes/32/0004_dhdl.part0006.xvg,36,1,1564200346.3788784,1564200346.75458
read,/scratch/hrlee/25200019/temp_project/alchemlyb/perf/fsizes/32/0006_dhdl.part0005.xvg,55,1,1564200346.3799913,1564200346.7611444
read,/scratch/hrlee/25200019/temp_project/alchemlyb/perf/fsizes/32/0003_dhdl.part0002.xvg,22,1,1564200346.3669136,1564200346.7647436
read,/scratch/hrlee/25200019/temp_project/alchemlyb/perf/fsizes/32/0004_dhdl.part0009.xvg,39,1,1564200346.3769112,1564200346.7723825
read,/scratch/hrlee/25200019/temp_project/alchemlyb/perf/fsizes/32/0001_dhdl.part0008.xvg,8,1,1564200346.3649213,1564200346.7839892
read,/scratch/hrlee/25200019/temp_project/alchemlyb/perf/fsizes/32/0007_dhdl.part0009.xvg,69,1,1564200346.5874875,1564200346.7920904
read,/scratch/hrlee/25200019/temp_project/alchemlyb/perf/fsizes/32/0005_dhdl.part0002.xvg,42,1,1564200346.3772647,1564200346.7965882
read,/scratch/hrlee/25200019/temp_project/alchemlyb/perf/fsizes/32/0001_dhdl.part0002.xvg,2,1,1564200346.3622425,1564200346.8036647
read,/scratch/hrlee/25200019/temp_project/alchemlyb/perf/fsizes/32/0003_dhdl.part0005.xvg,25,1,1564200346.374292,1564200346.805557
read,/scratch/hrlee/25200019/temp_project/alchemlyb/perf/fsizes/32/0007_dhdl.part0002.xvg,62,1,1564200346.5328016,1564200346.8130631
read,/scratch/hrlee/25200019/temp_project/alchemlyb/perf/fsizes/32/0005_dhdl.part0007.xvg,47,1,1564200346.377732,1564200346.8251884
read,/scratch/hrlee/25200019/temp_project/alchemlyb/perf/fsizes/32/0003_dhdl.part0008.xvg,28,1,1564200346.3746493,1564200346.8268335
read,/scratch/hrlee/25200019/temp_project/alchemlyb/perf/fsizes/32/0004_dhdl.part0003.xvg,33,1,1564200346.3754063,1564200346.833882
read,/scratch/hrlee/25200019/temp_project/alchemlyb/perf/fsizes/32/0009_dhdl.part0006.xvg,86,1,1564200346.7214108,1564200346.8376484
read,/scratch/hrlee/25200019/temp_project/alchemlyb/perf/fsizes/32/0003_dhdl.part0006.xvg,26,1,1564200346.3743956,1564200346.8385978
read,/scratch/hrlee/25200019/temp_project/alchemlyb/perf/fsizes/32/0001_dhdl.part0007.xvg,7,1,1564200346.3648567,1564200346.8336112
read,/scratch/hrlee/25200019/temp_project/alchemlyb/perf/fsizes/32/0008_dhdl.part0005.xvg,75,1,1564200346.6234891,1564200346.8425303
read,/scratch/hrlee/25200019/temp_project/alchemlyb/perf/fsizes/32/0007_dhdl.part0000.xvg,60,1,1564200346.4880176,1564200346.848434
read,/scratch/hrlee/25200019/temp_project/alchemlyb/perf/fsizes/32/0004_dhdl.part0004.xvg,34,1,1564200346.375569,1564200346.8495893
read,/scratch/hrlee/25200019/temp_project/alchemlyb/perf/fsizes/32/0009_dhdl.part0003.xvg,83,1,1564200346.6974988,1564200346.8638265
read,/scratch/hrlee/25200019/temp_project/alchemlyb/perf/fsizes/32/0008_dhdl.part0006.xvg,76,1,1564200346.6357691,1564200346.8656616
read,/scratch/hrlee/25200019/temp_project/alchemlyb/perf/fsizes/32/0002_dhdl.part0006.xvg,16,1,1564200346.365814,1564200346.865702
read,/scratch/hrlee/25200019/temp_project/alchemlyb/perf/fsizes/32/0010_dhdl.part0006.xvg,96,1,1564200346.7657528,1564200346.8667269
read,/scratch/hrlee/25200019/temp_project/alchemlyb/perf/fsizes/32/0006_dhdl.part0003.xvg,53,1,1564200346.3798134,1564200346.8809068
read,/scratch/hrlee/25200019/temp_project/alchemlyb/perf/fsizes/32/0009_dhdl.part0000.xvg,80,1,1564200346.6774068,1564200346.8899567
read,/scratch/hrlee/25200019/temp_project/alchemlyb/perf/fsizes/32/0003_dhdl.part0009.xvg,29,1,1564200346.3748097,1564200346.89665
read,/scratch/hrlee/25200019/temp_project/alchemlyb/perf/fsizes/32/0010_dhdl.part0005.xvg,95,1,1564200346.7619684,1564200346.902186
read,/scratch/hrlee/25200019/temp_project/alchemlyb/perf/fsizes/32/0005_dhdl.part0001.xvg,41,1,1564200346.3771243,1564200346.9030023
read,/scratch/hrlee/25200019/temp_project/alchemlyb/perf/fsizes/32/0008_dhdl.part0008.xvg,78,1,1564200346.6513162,1564200346.9034853
read,/scratch/hrlee/25200019/temp_project/alchemlyb/perf/fsizes/32/0005_dhdl.part0008.xvg,48,1,1564200346.3778253,1564200346.904441
read,/scratch/hrlee/25200019/temp_project/alchemlyb/perf/fsizes/32/0005_dhdl.part0004.xvg,44,1,1564200346.3774512,1564200346.9090579
read,/scratch/hrlee/25200019/temp_project/alchemlyb/perf/fsizes/32/0008_dhdl.part0000.xvg,70,1,1564200346.5935023,1564200346.9123378
read,/scratch/hrlee/25200019/temp_project/alchemlyb/perf/fsizes/32/0006_dhdl.part0009.xvg,59,1,1564200346.3803904,1564200346.91676
read,/scratch/hrlee/25200019/temp_project/alchemlyb/perf/fsizes/32/0002_dhdl.part0007.xvg,17,1,1564200346.3658829,1564200346.9222994
read,/scratch/hrlee/25200019/temp_project/alchemlyb/perf/fsizes/32/0010_dhdl.part0002.xvg,92,1,1564200346.7422414,1564200346.9235039
read,/scratch/hrlee/25200019/temp_project/alchemlyb/perf/fsizes/32/0002_dhdl.part0000.xvg,10,1,1564200346.3651507,1564200346.9264398
read,/scratch/hrlee/25200019/temp_project/alchemlyb/perf/fsizes/32/0003_dhdl.part0004.xvg,24,1,1564200346.374292,1564200346.9445972
read,/scratch/hrlee/25200019/temp_project/alchemlyb/perf/fsizes/32/0010_dhdl.part0003.xvg,93,1,1564200346.7527013,1564200346.9498632
read,/scratch/hrlee/25200019/temp_project/alchemlyb/perf/fsizes/32/0010_dhdl.part0008.xvg,98,1,1564200346.7847602,1564200346.9518185
read,/scratch/hrlee/25200019/temp_project/alchemlyb/perf/fsizes/32/0007_dhdl.part0004.xvg,64,1,1564200346.5549257,1564200346.9520624
read,/scratch/hrlee/25200019/temp_project/alchemlyb/perf/fsizes/32/0006_dhdl.part0001.xvg,51,1,1564200346.379332,1564200346.953152
read,/scratch/hrlee/25200019/temp_project/alchemlyb/perf/fsizes/32/0009_dhdl.part0009.xvg,89,1,1564200346.7298985,1564200346.9546845
read,/scratch/hrlee/25200019/temp_project/alchemlyb/perf/fsizes/32/0008_dhdl.part0009.xvg,79,1,1564200346.6587887,1564200346.9556382
read,/scratch/hrlee/25200019/temp_project/alchemlyb/perf/fsizes/32/0007_dhdl.part0007.xvg,67,1,1564200346.570811,1564200346.958825
read,/scratch/hrlee/25200019/temp_project/alchemlyb/perf/fsizes/32/0004_dhdl.part0008.xvg,38,1,1564200346.3768182,1564200346.96197
read,/scratch/hrlee/25200019/temp_project/alchemlyb/perf/fsizes/32/0007_dhdl.part0006.xvg,66,1,1564200346.5678127,1564200346.962757
read,/scratch/hrlee/25200019/temp_project/alchemlyb/perf/fsizes/32/0008_dhdl.part0001.xvg,71,1,1564200346.6060317,1564200346.9681098
read,/scratch/hrlee/25200019/temp_project/alchemlyb/perf/fsizes/32/0006_dhdl.part0008.xvg,58,1,1564200346.3802898,1564200346.9708679
read,/scratch/hrlee/25200019/temp_project/alchemlyb/perf/fsizes/32/0009_dhdl.part0008.xvg,88,1,1564200346.7287645,1564200346.9747777
read,/scratch/hrlee/25200019/temp_project/alchemlyb/perf/fsizes/32/0005_dhdl.part0000.xvg,40,1,1564200346.377015,1564200346.975983
read,/scratch/hrlee/25200019/temp_project/alchemlyb/perf/fsizes/32/0010_dhdl.part0001.xvg,91,1,1564200346.7419567,1564200346.9768496
read,/scratch/hrlee/25200019/temp_project/alchemlyb/perf/fsizes/32/0008_dhdl.part0002.xvg,72,1,1564200346.6069038,1564200346.9768822
read,/scratch/hrlee/25200019/temp_project/alchemlyb/perf/fsizes/32/0010_dhdl.part0007.xvg,97,1,1564200346.773253,1564200346.977327
read,/scratch/hrlee/25200019/temp_project/alchemlyb/perf/fsizes/32/0004_dhdl.part0007.xvg,37,1,1564200346.3767638,1564200346.979152
read,/scratch/hrlee/25200019/temp_project/alchemlyb/perf/fsizes/32/0009_dhdl.part0004.xvg,84,1,1564200346.709784,1564200346.9807258
read,/scratch/hrlee/25200019/temp_project/alchemlyb/perf/fsizes/32/0009_dhdl.part0001.xvg,81,1,1564200346.687082,1564200346.9831371
read,/scratch/hrlee/25200019/temp_project/alchemlyb/perf/fsizes/32/0010_dhdl.part0004.xvg,94,1,1564200346.7554693,1564200346.9840982
read,/scratch/hrlee/25200019/temp_project/alchemlyb/perf/fsizes/32/0009_dhdl.part0005.xvg,85,1,1564200346.7116418,1564200346.9850912
read,/scratch/hrlee/25200019/temp_project/alchemlyb/perf/fsizes/32/0009_dhdl.part0002.xvg,82,1,1564200346.6957114,1564200346.9855976
read,/scratch/hrlee/25200019/temp_project/alchemlyb/perf/fsizes/32/0008_dhdl.part0004.xvg,74,1,1564200346.6132586,1564200346.9863513
read,/scratch/hrlee/25200019/temp_project/alchemlyb/perf/fsizes/32/0008_dhdl.part0003.xvg,73,1,1564200346.610273,1564200346.9866898
read,/scratch/hrlee/25200019/temp_project/alchemlyb/perf/fsizes/32/0008_dhdl.part0007.xvg,77,1,1564200346.641331,1564200346.9869745
read,/scratch/hrlee/25200019/temp_project/alchemlyb/perf/fsizes/32/0010_dhdl.part0009.xvg,99,1,1564200346.7926388,1564200346.9899557
read,/scratch/hrlee/25200019/temp_project/alchemlyb/perf/fsizes/32/0009_dhdl.part0007.xvg,87,1,1564200346.7264569,1564200346.9941514
read,/scratch/hrlee/25200019/temp_project/alchemlyb/perf/fsizes/32/0007_dhdl.part0008.xvg,68,1,1564200346.57091,1564200346.9957564
read,/scratch/hrlee/25200019/temp_project/alchemlyb/perf/fsizes/32/0010_dhdl.part0000.xvg,90,1,1564200346.7377253,1564200346.9960816
