INFO:_extract_dataframe,loop,/pylon5/mc3bggp/hrlee/alchemlyb/perf/nfiles/256/WORK/dhdl/md.part0001.xvg,0.14702248573303223,0.03550148010253906,0.05173206329345703,1558029371.6522388,1558029371.7992613
INFO:_extract_dataframe,loop,/pylon5/mc3bggp/hrlee/alchemlyb/perf/nfiles/256/WORK/dhdl/md.part0002.xvg,0.15929651260375977,0.08068299293518066,0.0375516414642334,1558029371.7999773,1558029371.9592738
INFO:_extract_dataframe,loop,/pylon5/mc3bggp/hrlee/alchemlyb/perf/nfiles/256/WORK/dhdl/md.part0003.xvg,0.10735487937927246,0.035953521728515625,0.03170466423034668,1558029371.9599662,1558029372.067321
INFO:_extract_dataframe,loop,/pylon5/mc3bggp/hrlee/alchemlyb/perf/nfiles/256/WORK/dhdl/md.part0004.xvg,0.11414122581481934,0.03318476676940918,0.04073786735534668,1558029372.0678406,1558029372.1819818
INFO:_extract_dataframe,loop,/pylon5/mc3bggp/hrlee/alchemlyb/perf/nfiles/256/WORK/dhdl/md.part0005.xvg,0.12219429016113281,0.04549860954284668,0.03729057312011719,1558029372.1823785,1558029372.3045728
INFO:_extract_dataframe,loop,/pylon5/mc3bggp/hrlee/alchemlyb/perf/nfiles/256/WORK/dhdl/md.part0006.xvg,0.13496923446655273,0.04255509376525879,0.054216623306274414,1558029372.3051105,1558029372.4400797
INFO:_extract_dataframe,loop,/pylon5/mc3bggp/hrlee/alchemlyb/perf/nfiles/256/WORK/dhdl/md.part0007.xvg,0.14900708198547363,0.04079151153564453,0.06852602958679199,1558029372.4403663,1558029372.5893734
INFO:_extract_dataframe,loop,/pylon5/mc3bggp/hrlee/alchemlyb/perf/nfiles/256/WORK/dhdl/md.part0008.xvg,0.10402369499206543,0.03430819511413574,0.030794620513916016,1558029372.589939,1558029372.6939628
INFO:_extract_dataframe,loop,/pylon5/mc3bggp/hrlee/alchemlyb/perf/nfiles/256/WORK/dhdl/md.part0009.xvg,0.1137995719909668,0.029889822006225586,0.04200267791748047,1558029372.6945856,1558029372.8083851
INFO:_extract_dataframe,loop,/pylon5/mc3bggp/hrlee/alchemlyb/perf/nfiles/256/WORK/dhdl/md.part0010.xvg,0.17475676536560059,0.09432220458984375,0.03856635093688965,1558029372.8090072,1558029372.983764
INFO:_extract_dataframe,loop,/pylon5/mc3bggp/hrlee/alchemlyb/perf/nfiles/256/WORK/dhdl/md.part0011.xvg,0.11911416053771973,0.04480457305908203,0.033640146255493164,1558029372.9844818,1558029373.103596
INFO:_extract_dataframe,loop,/pylon5/mc3bggp/hrlee/alchemlyb/perf/nfiles/256/WORK/dhdl/md.part0012.xvg,0.11595463752746582,0.0322422981262207,0.04376411437988281,1558029373.1042435,1558029373.2201982
INFO:_extract_dataframe,loop,/pylon5/mc3bggp/hrlee/alchemlyb/perf/nfiles/256/WORK/dhdl/md.part0013.xvg,0.10822057723999023,0.034058332443237305,0.03414011001586914,1558029373.2204823,1558029373.328703
INFO:_extract_dataframe,loop,/pylon5/mc3bggp/hrlee/alchemlyb/perf/nfiles/256/WORK/dhdl/md.part0014.xvg,0.10436701774597168,0.03902244567871094,0.024138450622558594,1558029373.3292463,1558029373.4336133
INFO:_extract_dataframe,loop,/pylon5/mc3bggp/hrlee/alchemlyb/perf/nfiles/256/WORK/dhdl/md.part0015.xvg,0.11167311668395996,0.039608001708984375,0.028713226318359375,1558029373.4341574,1558029373.5458305
INFO:_extract_dataframe,loop,/pylon5/mc3bggp/hrlee/alchemlyb/perf/nfiles/256/WORK/dhdl/md.part0016.xvg,0.1391150951385498,0.029052734375,0.0692296028137207,1558029373.5463953,1558029373.6855104
INFO:_extract_dataframe,loop,/pylon5/mc3bggp/hrlee/alchemlyb/perf/nfiles/256/WORK/dhdl/md.part0017.xvg,0.1797785758972168,0.07051229476928711,0.0680084228515625,1558029373.6859746,1558029373.8657532
INFO:_extract_dataframe,loop,/pylon5/mc3bggp/hrlee/alchemlyb/perf/nfiles/256/WORK/dhdl/md.part0018.xvg,0.12746071815490723,0.043946266174316406,0.03928351402282715,1558029373.8662796,1558029373.9937403
INFO:_extract_dataframe,loop,/pylon5/mc3bggp/hrlee/alchemlyb/perf/nfiles/256/WORK/dhdl/md.part0019.xvg,0.1349952220916748,0.07275509834289551,0.019839763641357422,1558029373.9943335,1558029374.1293287
INFO:_extract_dataframe,loop,/pylon5/mc3bggp/hrlee/alchemlyb/perf/nfiles/256/WORK/dhdl/md.part0020.xvg,0.16641831398010254,0.0513458251953125,0.07353758811950684,1558029374.129767,1558029374.2961853
INFO:_extract_dataframe,loop,/pylon5/mc3bggp/hrlee/alchemlyb/perf/nfiles/256/WORK/dhdl/md.part0021.xvg,0.11465120315551758,0.03548550605773926,0.03871440887451172,1558029374.2966201,1558029374.4112713
INFO:_extract_dataframe,loop,/pylon5/mc3bggp/hrlee/alchemlyb/perf/nfiles/256/WORK/dhdl/md.part0022.xvg,0.13206028938293457,0.04562854766845703,0.044409990310668945,1558029374.4116807,1558029374.543741
INFO:_extract_dataframe,loop,/pylon5/mc3bggp/hrlee/alchemlyb/perf/nfiles/256/WORK/dhdl/md.part0023.xvg,0.1531233787536621,0.03729057312011719,0.07490158081054688,1558029374.5441523,1558029374.6972756
INFO:_extract_dataframe,loop,/pylon5/mc3bggp/hrlee/alchemlyb/perf/nfiles/256/WORK/dhdl/md.part0024.xvg,0.1189415454864502,0.03747200965881348,0.04141688346862793,1558029374.6976438,1558029374.8165853
INFO:_extract_dataframe,loop,/pylon5/mc3bggp/hrlee/alchemlyb/perf/nfiles/256/WORK/dhdl/md.part0025.xvg,0.12142252922058105,0.0418398380279541,0.03877091407775879,1558029374.8170273,1558029374.9384499
INFO:_extract_dataframe,loop,/pylon5/mc3bggp/hrlee/alchemlyb/perf/nfiles/256/WORK/dhdl/md.part0026.xvg,0.12999629974365234,0.030962467193603516,0.05822563171386719,1558029374.9388552,1558029375.0688515
INFO:_extract_dataframe,loop,/pylon5/mc3bggp/hrlee/alchemlyb/perf/nfiles/256/WORK/dhdl/md.part0027.xvg,0.1721210479736328,0.08256721496582031,0.04828333854675293,1558029375.069169,1558029375.24129
INFO:_extract_dataframe,loop,/pylon5/mc3bggp/hrlee/alchemlyb/perf/nfiles/256/WORK/dhdl/md.part0028.xvg,0.13959217071533203,0.044646501541137695,0.05553102493286133,1558029375.241692,1558029375.3812842
INFO:_extract_dataframe,loop,/pylon5/mc3bggp/hrlee/alchemlyb/perf/nfiles/256/WORK/dhdl/md.part0029.xvg,0.11424779891967773,0.035475969314575195,0.03589487075805664,1558029375.3816245,1558029375.4958723
INFO:_extract_dataframe,loop,/pylon5/mc3bggp/hrlee/alchemlyb/perf/nfiles/256/WORK/dhdl/md.part0030.xvg,0.10623788833618164,0.038698434829711914,0.02809000015258789,1558029375.4963415,1558029375.6025794
INFO:_extract_dataframe,loop,/pylon5/mc3bggp/hrlee/alchemlyb/perf/nfiles/256/WORK/dhdl/md.part0031.xvg,0.1180572509765625,0.04160881042480469,0.03650689125061035,1558029375.6029246,1558029375.7209818
INFO:_extract_dataframe,loop,/pylon5/mc3bggp/hrlee/alchemlyb/perf/nfiles/256/WORK/dhdl/md.part0032.xvg,0.09560894966125488,0.03409147262573242,0.023688554763793945,1558029375.721319,1558029375.816928
INFO:_extract_dataframe,loop,/pylon5/mc3bggp/hrlee/alchemlyb/perf/nfiles/256/WORK/dhdl/md.part0033.xvg,0.19117379188537598,0.08906888961791992,0.05813479423522949,1558029375.8176131,1558029376.008787
INFO:_extract_dataframe,loop,/pylon5/mc3bggp/hrlee/alchemlyb/perf/nfiles/256/WORK/dhdl/md.part0034.xvg,0.12343525886535645,0.04151177406311035,0.0418548583984375,1558029376.0092366,1558029376.1326718
INFO:_extract_dataframe,loop,/pylon5/mc3bggp/hrlee/alchemlyb/perf/nfiles/256/WORK/dhdl/md.part0035.xvg,0.16960358619689941,0.08398246765136719,0.04386425018310547,1558029376.133039,1558029376.3026426
INFO:_extract_dataframe,loop,/pylon5/mc3bggp/hrlee/alchemlyb/perf/nfiles/256/WORK/dhdl/md.part0036.xvg,0.10245895385742188,0.03975653648376465,0.0231931209564209,1558029376.3030832,1558029376.4055421
INFO:_extract_dataframe,loop,/pylon5/mc3bggp/hrlee/alchemlyb/perf/nfiles/256/WORK/dhdl/md.part0037.xvg,0.10553932189941406,0.03969001770019531,0.023686885833740234,1558029376.4059162,1558029376.5114555
INFO:_extract_dataframe,loop,/pylon5/mc3bggp/hrlee/alchemlyb/perf/nfiles/256/WORK/dhdl/md.part0038.xvg,0.11530160903930664,0.04610776901245117,0.03040027618408203,1558029376.5121095,1558029376.6274111
INFO:_extract_dataframe,loop,/pylon5/mc3bggp/hrlee/alchemlyb/perf/nfiles/256/WORK/dhdl/md.part0039.xvg,0.15581274032592773,0.0329587459564209,0.08338212966918945,1558029376.6279984,1558029376.783811
INFO:_extract_dataframe,loop,/pylon5/mc3bggp/hrlee/alchemlyb/perf/nfiles/256/WORK/dhdl/md.part0040.xvg,0.12337422370910645,0.031679391860961914,0.05202794075012207,1558029376.7841592,1558029376.9075334
INFO:_extract_dataframe,loop,/pylon5/mc3bggp/hrlee/alchemlyb/perf/nfiles/256/WORK/dhdl/md.part0041.xvg,0.12224507331848145,0.047883033752441406,0.03082895278930664,1558029376.908171,1558029377.030416
INFO:_extract_dataframe,loop,/pylon5/mc3bggp/hrlee/alchemlyb/perf/nfiles/256/WORK/dhdl/md.part0042.xvg,0.10560321807861328,0.03396296501159668,0.03213977813720703,1558029377.030795,1558029377.1363983
INFO:_extract_dataframe,loop,/pylon5/mc3bggp/hrlee/alchemlyb/perf/nfiles/256/WORK/dhdl/md.part0043.xvg,0.160109281539917,0.07771825790405273,0.04050397872924805,1558029377.1367483,1558029377.2968576
INFO:_extract_dataframe,loop,/pylon5/mc3bggp/hrlee/alchemlyb/perf/nfiles/256/WORK/dhdl/md.part0044.xvg,0.11263513565063477,0.03560185432434082,0.037610769271850586,1558029377.2973173,1558029377.4099524
INFO:_extract_dataframe,loop,/pylon5/mc3bggp/hrlee/alchemlyb/perf/nfiles/256/WORK/dhdl/md.part0045.xvg,0.1369767189025879,0.048351287841796875,0.04515981674194336,1558029377.4102962,1558029377.547273
INFO:_extract_dataframe,loop,/pylon5/mc3bggp/hrlee/alchemlyb/perf/nfiles/256/WORK/dhdl/md.part0046.xvg,0.1166846752166748,0.0364537239074707,0.03872799873352051,1558029377.5481188,1558029377.6648035
INFO:_extract_dataframe,loop,/pylon5/mc3bggp/hrlee/alchemlyb/perf/nfiles/256/WORK/dhdl/md.part0047.xvg,0.11788487434387207,0.04053783416748047,0.03429460525512695,1558029377.6652162,1558029377.783101
INFO:_extract_dataframe,loop,/pylon5/mc3bggp/hrlee/alchemlyb/perf/nfiles/256/WORK/dhdl/md.part0048.xvg,0.10462450981140137,0.034108877182006836,0.0287935733795166,1558029377.7835572,1558029377.8881817
INFO:_extract_dataframe,loop,/pylon5/mc3bggp/hrlee/alchemlyb/perf/nfiles/256/WORK/dhdl/md.part0049.xvg,0.10404729843139648,0.03534674644470215,0.02355360984802246,1558029377.8890162,1558029377.9930634
INFO:_extract_dataframe,loop,/pylon5/mc3bggp/hrlee/alchemlyb/perf/nfiles/256/WORK/dhdl/md.part0050.xvg,0.12506937980651855,0.035691022872924805,0.04739737510681152,1558029377.993734,1558029378.1188033
INFO:_extract_dataframe,loop,/pylon5/mc3bggp/hrlee/alchemlyb/perf/nfiles/256/WORK/dhdl/md.part0051.xvg,0.12412476539611816,0.04105186462402344,0.03872871398925781,1558029378.1192038,1558029378.2433286
INFO:_extract_dataframe,loop,/pylon5/mc3bggp/hrlee/alchemlyb/perf/nfiles/256/WORK/dhdl/md.part0052.xvg,0.3436734676361084,0.24086570739746094,0.05945897102355957,1558029378.243826,1558029378.5874994
INFO:_extract_dataframe,loop,/pylon5/mc3bggp/hrlee/alchemlyb/perf/nfiles/256/WORK/dhdl/md.part0053.xvg,0.11926507949829102,0.04220914840698242,0.03439664840698242,1558029378.5882616,1558029378.7075267
INFO:_extract_dataframe,loop,/pylon5/mc3bggp/hrlee/alchemlyb/perf/nfiles/256/WORK/dhdl/md.part0054.xvg,0.11642169952392578,0.03535771369934082,0.03948688507080078,1558029378.7079828,1558029378.8244045
INFO:_extract_dataframe,loop,/pylon5/mc3bggp/hrlee/alchemlyb/perf/nfiles/256/WORK/dhdl/md.part0055.xvg,0.13408565521240234,0.037662506103515625,0.054850101470947266,1558029378.8247838,1558029378.9588695
INFO:_extract_dataframe,loop,/pylon5/mc3bggp/hrlee/alchemlyb/perf/nfiles/256/WORK/dhdl/md.part0056.xvg,0.12685298919677734,0.04490160942077637,0.04038667678833008,1558029378.959281,1558029379.086134
INFO:_extract_dataframe,loop,/pylon5/mc3bggp/hrlee/alchemlyb/perf/nfiles/256/WORK/dhdl/md.part0057.xvg,0.10856103897094727,0.0290524959564209,0.0363621711730957,1558029379.08654,1558029379.195101
INFO:_extract_dataframe,loop,/pylon5/mc3bggp/hrlee/alchemlyb/perf/nfiles/256/WORK/dhdl/md.part0058.xvg,0.1077873706817627,0.033124685287475586,0.03388714790344238,1558029379.1955128,1558029379.3033001
INFO:_extract_dataframe,loop,/pylon5/mc3bggp/hrlee/alchemlyb/perf/nfiles/256/WORK/dhdl/md.part0059.xvg,0.24730324745178223,0.10749244689941406,0.09886527061462402,1558029379.3036916,1558029379.5509949
INFO:_extract_dataframe,loop,/pylon5/mc3bggp/hrlee/alchemlyb/perf/nfiles/256/WORK/dhdl/md.part0060.xvg,0.17178630828857422,0.08362078666687012,0.04565691947937012,1558029379.55143,1558029379.7232163
INFO:_extract_dataframe,loop,/pylon5/mc3bggp/hrlee/alchemlyb/perf/nfiles/256/WORK/dhdl/md.part0061.xvg,0.1091611385345459,0.030643224716186523,0.0377812385559082,1558029379.7236557,1558029379.8328168
INFO:_extract_dataframe,loop,/pylon5/mc3bggp/hrlee/alchemlyb/perf/nfiles/256/WORK/dhdl/md.part0062.xvg,0.17597460746765137,0.04258608818054199,0.08703851699829102,1558029379.83325,1558029380.0092247
INFO:_extract_dataframe,loop,/pylon5/mc3bggp/hrlee/alchemlyb/perf/nfiles/256/WORK/dhdl/md.part0063.xvg,0.11373662948608398,0.03373146057128906,0.03887653350830078,1558029380.0096674,1558029380.123404
INFO:_extract_dataframe,loop,/pylon5/mc3bggp/hrlee/alchemlyb/perf/nfiles/256/WORK/dhdl/md.part0064.xvg,0.1309504508972168,0.04687619209289551,0.0430600643157959,1558029380.1237786,1558029380.254729
INFO:_extract_dataframe,loop,/pylon5/mc3bggp/hrlee/alchemlyb/perf/nfiles/256/WORK/dhdl/md.part0065.xvg,0.10065579414367676,0.03634786605834961,0.023529529571533203,1558029380.2551162,1558029380.355772
INFO:_extract_dataframe,loop,/pylon5/mc3bggp/hrlee/alchemlyb/perf/nfiles/256/WORK/dhdl/md.part0066.xvg,0.10791158676147461,0.03841209411621094,0.029239177703857422,1558029380.3561456,1558029380.4640572
INFO:_extract_dataframe,loop,/pylon5/mc3bggp/hrlee/alchemlyb/perf/nfiles/256/WORK/dhdl/md.part0067.xvg,0.11626005172729492,0.03841042518615723,0.03601813316345215,1558029380.4644601,1558029380.5807202
INFO:_extract_dataframe,loop,/pylon5/mc3bggp/hrlee/alchemlyb/perf/nfiles/256/WORK/dhdl/md.part0068.xvg,0.14489364624023438,0.07894635200500488,0.022907495498657227,1558029380.5811493,1558029380.726043
INFO:_extract_dataframe,loop,/pylon5/mc3bggp/hrlee/alchemlyb/perf/nfiles/256/WORK/dhdl/md.part0069.xvg,0.10051703453063965,0.03573107719421387,0.02378368377685547,1558029380.7264795,1558029380.8269966
INFO:_extract_dataframe,loop,/pylon5/mc3bggp/hrlee/alchemlyb/perf/nfiles/256/WORK/dhdl/md.part0070.xvg,0.1357738971710205,0.04211235046386719,0.05297088623046875,1558029380.8273723,1558029380.9631462
INFO:_extract_dataframe,loop,/pylon5/mc3bggp/hrlee/alchemlyb/perf/nfiles/256/WORK/dhdl/md.part0071.xvg,0.09804034233093262,0.03774905204772949,0.018345355987548828,1558029380.9635165,1558029381.0615568
INFO:_extract_dataframe,loop,/pylon5/mc3bggp/hrlee/alchemlyb/perf/nfiles/256/WORK/dhdl/md.part0072.xvg,0.11884593963623047,0.03976011276245117,0.03779482841491699,1558029381.0619545,1558029381.1808004
INFO:_extract_dataframe,loop,/pylon5/mc3bggp/hrlee/alchemlyb/perf/nfiles/256/WORK/dhdl/md.part0073.xvg,0.0947105884552002,0.04031944274902344,0.012773275375366211,1558029381.1811771,1558029381.2758877
INFO:_extract_dataframe,loop,/pylon5/mc3bggp/hrlee/alchemlyb/perf/nfiles/256/WORK/dhdl/md.part0074.xvg,0.15850591659545898,0.06681942939758301,0.0501253604888916,1558029381.2763243,1558029381.4348302
INFO:_extract_dataframe,loop,/pylon5/mc3bggp/hrlee/alchemlyb/perf/nfiles/256/WORK/dhdl/md.part0075.xvg,0.11752510070800781,0.03787660598754883,0.03787803649902344,1558029381.4352496,1558029381.5527747
INFO:_extract_dataframe,loop,/pylon5/mc3bggp/hrlee/alchemlyb/perf/nfiles/256/WORK/dhdl/md.part0076.xvg,0.10822701454162598,0.02779555320739746,0.03930473327636719,1558029381.5530517,1558029381.6612787
INFO:_extract_dataframe,loop,/pylon5/mc3bggp/hrlee/alchemlyb/perf/nfiles/256/WORK/dhdl/md.part0077.xvg,0.1633598804473877,0.081512451171875,0.03959822654724121,1558029381.6616476,1558029381.8250074
INFO:_extract_dataframe,loop,/pylon5/mc3bggp/hrlee/alchemlyb/perf/nfiles/256/WORK/dhdl/md.part0078.xvg,0.11104154586791992,0.033397674560546875,0.035986900329589844,1558029381.8254638,1558029381.9365053
INFO:_extract_dataframe,loop,/pylon5/mc3bggp/hrlee/alchemlyb/perf/nfiles/256/WORK/dhdl/md.part0079.xvg,0.12693405151367188,0.04071307182312012,0.04394650459289551,1558029381.9368725,1558029382.0638065
INFO:_extract_dataframe,loop,/pylon5/mc3bggp/hrlee/alchemlyb/perf/nfiles/256/WORK/dhdl/md.part0080.xvg,0.12043237686157227,0.04695749282836914,0.03233647346496582,1558029382.0642543,1558029382.1846867
INFO:_extract_dataframe,loop,/pylon5/mc3bggp/hrlee/alchemlyb/perf/nfiles/256/WORK/dhdl/md.part0081.xvg,0.12237787246704102,0.04684305191040039,0.033490896224975586,1558029382.1851082,1558029382.307486
INFO:_extract_dataframe,loop,/pylon5/mc3bggp/hrlee/alchemlyb/perf/nfiles/256/WORK/dhdl/md.part0082.xvg,0.2270493507385254,0.07341408729553223,0.11175918579101562,1558029382.3080907,1558029382.53514
INFO:_extract_dataframe,loop,/pylon5/mc3bggp/hrlee/alchemlyb/perf/nfiles/256/WORK/dhdl/md.part0083.xvg,0.09609603881835938,0.029987812042236328,0.025456666946411133,1558029382.5355628,1558029382.6316588
INFO:_extract_dataframe,loop,/pylon5/mc3bggp/hrlee/alchemlyb/perf/nfiles/256/WORK/dhdl/md.part0084.xvg,0.10717511177062988,0.0425419807434082,0.02147388458251953,1558029382.6320348,1558029382.73921
INFO:_extract_dataframe,loop,/pylon5/mc3bggp/hrlee/alchemlyb/perf/nfiles/256/WORK/dhdl/md.part0085.xvg,0.17476105690002441,0.07353663444519043,0.05865883827209473,1558029382.7395859,1558029382.914347
INFO:_extract_dataframe,loop,/pylon5/mc3bggp/hrlee/alchemlyb/perf/nfiles/256/WORK/dhdl/md.part0086.xvg,0.10636067390441895,0.0414121150970459,0.02042865753173828,1558029382.9147558,1558029383.0211165
INFO:_extract_dataframe,loop,/pylon5/mc3bggp/hrlee/alchemlyb/perf/nfiles/256/WORK/dhdl/md.part0087.xvg,0.12225866317749023,0.03367257118225098,0.0482029914855957,1558029383.0215032,1558029383.1437619
INFO:_extract_dataframe,loop,/pylon5/mc3bggp/hrlee/alchemlyb/perf/nfiles/256/WORK/dhdl/md.part0088.xvg,0.10585618019104004,0.04136204719543457,0.024404048919677734,1558029383.14415,1558029383.2500062
INFO:_extract_dataframe,loop,/pylon5/mc3bggp/hrlee/alchemlyb/perf/nfiles/256/WORK/dhdl/md.part0089.xvg,0.12200307846069336,0.03859138488769531,0.043501853942871094,1558029383.2504,1558029383.3724031
INFO:_extract_dataframe,loop,/pylon5/mc3bggp/hrlee/alchemlyb/perf/nfiles/256/WORK/dhdl/md.part0090.xvg,0.18621826171875,0.06602692604064941,0.07947111129760742,1558029383.372756,1558029383.5589743
INFO:_extract_dataframe,loop,/pylon5/mc3bggp/hrlee/alchemlyb/perf/nfiles/256/WORK/dhdl/md.part0091.xvg,0.1347060203552246,0.028316497802734375,0.06586956977844238,1558029383.5596442,1558029383.6943502
INFO:_extract_dataframe,loop,/pylon5/mc3bggp/hrlee/alchemlyb/perf/nfiles/256/WORK/dhdl/md.part0092.xvg,0.1343066692352295,0.04637289047241211,0.04795241355895996,1558029383.6947007,1558029383.8290074
INFO:_extract_dataframe,loop,/pylon5/mc3bggp/hrlee/alchemlyb/perf/nfiles/256/WORK/dhdl/md.part0093.xvg,0.17496728897094727,0.08383369445800781,0.04342532157897949,1558029383.8293903,1558029384.0043576
INFO:_extract_dataframe,loop,/pylon5/mc3bggp/hrlee/alchemlyb/perf/nfiles/256/WORK/dhdl/md.part0094.xvg,0.1144721508026123,0.03991842269897461,0.03316688537597656,1558029384.0048318,1558029384.119304
INFO:_extract_dataframe,loop,/pylon5/mc3bggp/hrlee/alchemlyb/perf/nfiles/256/WORK/dhdl/md.part0095.xvg,0.12174201011657715,0.043589115142822266,0.03818774223327637,1558029384.1196682,1558029384.2414103
INFO:_extract_dataframe,loop,/pylon5/mc3bggp/hrlee/alchemlyb/perf/nfiles/256/WORK/dhdl/md.part0096.xvg,0.10573482513427734,0.03587675094604492,0.02969527244567871,1558029384.2417583,1558029384.3474932
INFO:_extract_dataframe,loop,/pylon5/mc3bggp/hrlee/alchemlyb/perf/nfiles/256/WORK/dhdl/md.part0097.xvg,0.12978649139404297,0.04454660415649414,0.045151710510253906,1558029384.348115,1558029384.4779015
INFO:_extract_dataframe,loop,/pylon5/mc3bggp/hrlee/alchemlyb/perf/nfiles/256/WORK/dhdl/md.part0098.xvg,0.13981366157531738,0.0623171329498291,0.03655505180358887,1558029384.478518,1558029384.6183317
INFO:_extract_dataframe,loop,/pylon5/mc3bggp/hrlee/alchemlyb/perf/nfiles/256/WORK/dhdl/md.part0099.xvg,0.10283994674682617,0.041870832443237305,0.01945185661315918,1558029384.6187108,1558029384.7215507
INFO:_extract_dataframe,loop,/pylon5/mc3bggp/hrlee/alchemlyb/perf/nfiles/256/WORK/dhdl/md.part0100.xvg,0.15242981910705566,0.045250892639160156,0.06548380851745605,1558029384.7219052,1558029384.874335
INFO:_extract_dataframe,loop,/pylon5/mc3bggp/hrlee/alchemlyb/perf/nfiles/256/WORK/dhdl/md.part0101.xvg,0.15053248405456543,0.08251142501831055,0.020079851150512695,1558029384.8747199,1558029385.0252523
INFO:_extract_dataframe,loop,/pylon5/mc3bggp/hrlee/alchemlyb/perf/nfiles/256/WORK/dhdl/md.part0102.xvg,0.23829889297485352,0.047264814376831055,0.15065741539001465,1558029385.0256817,1558029385.2639806
INFO:_extract_dataframe,loop,/pylon5/mc3bggp/hrlee/alchemlyb/perf/nfiles/256/WORK/dhdl/md.part0103.xvg,0.11442232131958008,0.03825116157531738,0.03578019142150879,1558029385.2644198,1558029385.378842
INFO:_extract_dataframe,loop,/pylon5/mc3bggp/hrlee/alchemlyb/perf/nfiles/256/WORK/dhdl/md.part0104.xvg,0.13039278984069824,0.04533791542053223,0.03961062431335449,1558029385.3792036,1558029385.5095963
INFO:_extract_dataframe,loop,/pylon5/mc3bggp/hrlee/alchemlyb/perf/nfiles/256/WORK/dhdl/md.part0105.xvg,0.1314220428466797,0.02997875213623047,0.06080889701843262,1558029385.5101175,1558029385.6415396
INFO:_extract_dataframe,loop,/pylon5/mc3bggp/hrlee/alchemlyb/perf/nfiles/256/WORK/dhdl/md.part0106.xvg,0.15967440605163574,0.0677642822265625,0.05033254623413086,1558029385.6418896,1558029385.801564
INFO:_extract_dataframe,loop,/pylon5/mc3bggp/hrlee/alchemlyb/perf/nfiles/256/WORK/dhdl/md.part0107.xvg,0.13038063049316406,0.030004024505615234,0.05736136436462402,1558029385.8019137,1558029385.9322944
INFO:_extract_dataframe,loop,/pylon5/mc3bggp/hrlee/alchemlyb/perf/nfiles/256/WORK/dhdl/md.part0108.xvg,0.10593557357788086,0.03568410873413086,0.028940916061401367,1558029385.9327142,1558029386.0386498
INFO:_extract_dataframe,loop,/pylon5/mc3bggp/hrlee/alchemlyb/perf/nfiles/256/WORK/dhdl/md.part0109.xvg,0.10712933540344238,0.04002022743225098,0.027568817138671875,1558029386.0390158,1558029386.146145
INFO:_extract_dataframe,loop,/pylon5/mc3bggp/hrlee/alchemlyb/perf/nfiles/256/WORK/dhdl/md.part0110.xvg,0.1824169158935547,0.09968876838684082,0.038886308670043945,1558029386.1465108,1558029386.3289278
INFO:_extract_dataframe,loop,/pylon5/mc3bggp/hrlee/alchemlyb/perf/nfiles/256/WORK/dhdl/md.part0111.xvg,0.15527081489562988,0.050565242767333984,0.06152200698852539,1558029386.3294537,1558029386.4847245
INFO:_extract_dataframe,loop,/pylon5/mc3bggp/hrlee/alchemlyb/perf/nfiles/256/WORK/dhdl/md.part0112.xvg,0.13062453269958496,0.0427093505859375,0.04611706733703613,1558029386.4852133,1558029386.6158378
INFO:_extract_dataframe,loop,/pylon5/mc3bggp/hrlee/alchemlyb/perf/nfiles/256/WORK/dhdl/md.part0113.xvg,0.12465357780456543,0.04428887367248535,0.03909182548522949,1558029386.616217,1558029386.7408705
INFO:_extract_dataframe,loop,/pylon5/mc3bggp/hrlee/alchemlyb/perf/nfiles/256/WORK/dhdl/md.part0114.xvg,0.11984515190124512,0.040201663970947266,0.03849196434020996,1558029386.7412977,1558029386.8611429
INFO:_extract_dataframe,loop,/pylon5/mc3bggp/hrlee/alchemlyb/perf/nfiles/256/WORK/dhdl/md.part0115.xvg,0.1117699146270752,0.03542327880859375,0.03450417518615723,1558029386.861515,1558029386.973285
INFO:_extract_dataframe,loop,/pylon5/mc3bggp/hrlee/alchemlyb/perf/nfiles/256/WORK/dhdl/md.part0116.xvg,0.15229344367980957,0.08364295959472656,0.026039600372314453,1558029386.9737408,1558029387.1260343
INFO:_extract_dataframe,loop,/pylon5/mc3bggp/hrlee/alchemlyb/perf/nfiles/256/WORK/dhdl/md.part0117.xvg,0.1242818832397461,0.04544353485107422,0.03778648376464844,1558029387.1264439,1558029387.2507257
INFO:_extract_dataframe,loop,/pylon5/mc3bggp/hrlee/alchemlyb/perf/nfiles/256/WORK/dhdl/md.part0118.xvg,0.1730327606201172,0.08480453491210938,0.044821739196777344,1558029387.2511168,1558029387.4241495
INFO:_extract_dataframe,loop,/pylon5/mc3bggp/hrlee/alchemlyb/perf/nfiles/256/WORK/dhdl/md.part0119.xvg,0.11502957344055176,0.036699771881103516,0.035723209381103516,1558029387.4246006,1558029387.5396302
INFO:_extract_dataframe,loop,/pylon5/mc3bggp/hrlee/alchemlyb/perf/nfiles/256/WORK/dhdl/md.part0120.xvg,0.15555691719055176,0.07339334487915039,0.03916144371032715,1558029387.5400918,1558029387.6956487
INFO:_extract_dataframe,loop,/pylon5/mc3bggp/hrlee/alchemlyb/perf/nfiles/256/WORK/dhdl/md.part0121.xvg,0.0930173397064209,0.03410911560058594,0.017241954803466797,1558029387.696058,1558029387.7890754
INFO:_extract_dataframe,loop,/pylon5/mc3bggp/hrlee/alchemlyb/perf/nfiles/256/WORK/dhdl/md.part0122.xvg,0.13283181190490723,0.037642478942871094,0.05309176445007324,1558029387.7894697,1558029387.9223015
INFO:_extract_dataframe,loop,/pylon5/mc3bggp/hrlee/alchemlyb/perf/nfiles/256/WORK/dhdl/md.part0123.xvg,0.10896492004394531,0.0381317138671875,0.02655816078186035,1558029387.9226806,1558029388.0316455
INFO:_extract_dataframe,loop,/pylon5/mc3bggp/hrlee/alchemlyb/perf/nfiles/256/WORK/dhdl/md.part0124.xvg,0.1172645092010498,0.03548073768615723,0.041098594665527344,1558029388.0320482,1558029388.1493127
INFO:_extract_dataframe,loop,/pylon5/mc3bggp/hrlee/alchemlyb/perf/nfiles/256/WORK/dhdl/md.part0125.xvg,0.1746056079864502,0.02996659278869629,0.10379314422607422,1558029388.149662,1558029388.3242676
INFO:_extract_dataframe,loop,/pylon5/mc3bggp/hrlee/alchemlyb/perf/nfiles/256/WORK/dhdl/md.part0126.xvg,0.1633765697479248,0.07099461555480957,0.04877471923828125,1558029388.3246434,1558029388.48802
INFO:_extract_dataframe,loop,/pylon5/mc3bggp/hrlee/alchemlyb/perf/nfiles/256/WORK/dhdl/md.part0127.xvg,0.10329866409301758,0.03393220901489258,0.02845144271850586,1558029388.4886274,1558029388.591926
INFO:_extract_dataframe,loop,/pylon5/mc3bggp/hrlee/alchemlyb/perf/nfiles/256/WORK/dhdl/md.part0128.xvg,0.11910653114318848,0.03680872917175293,0.04087114334106445,1558029388.592327,1558029388.7114336
INFO:_extract_dataframe,loop,/pylon5/mc3bggp/hrlee/alchemlyb/perf/nfiles/256/WORK/dhdl/md.part0129.xvg,0.12045764923095703,0.033294677734375,0.045563697814941406,1558029388.7117958,1558029388.8322535
INFO:_extract_dataframe,loop,/pylon5/mc3bggp/hrlee/alchemlyb/perf/nfiles/256/WORK/dhdl/md.part0130.xvg,0.1424109935760498,0.05669355392456055,0.044315338134765625,1558029388.832643,1558029388.975054
INFO:_extract_dataframe,loop,/pylon5/mc3bggp/hrlee/alchemlyb/perf/nfiles/256/WORK/dhdl/md.part0131.xvg,0.11358046531677246,0.04393362998962402,0.027196407318115234,1558029388.975505,1558029389.0890856
INFO:_extract_dataframe,loop,/pylon5/mc3bggp/hrlee/alchemlyb/perf/nfiles/256/WORK/dhdl/md.part0132.xvg,0.11208605766296387,0.03597760200500488,0.03420066833496094,1558029389.0895178,1558029389.201604
INFO:_extract_dataframe,loop,/pylon5/mc3bggp/hrlee/alchemlyb/perf/nfiles/256/WORK/dhdl/md.part0133.xvg,0.12568402290344238,0.04157710075378418,0.04163765907287598,1558029389.201985,1558029389.327669
INFO:_extract_dataframe,loop,/pylon5/mc3bggp/hrlee/alchemlyb/perf/nfiles/256/WORK/dhdl/md.part0134.xvg,0.2043004035949707,0.12662506103515625,0.03139543533325195,1558029389.328094,1558029389.5323944
INFO:_extract_dataframe,loop,/pylon5/mc3bggp/hrlee/alchemlyb/perf/nfiles/256/WORK/dhdl/md.part0135.xvg,0.1250624656677246,0.04229140281677246,0.04098176956176758,1558029389.5328476,1558029389.65791
INFO:_extract_dataframe,loop,/pylon5/mc3bggp/hrlee/alchemlyb/perf/nfiles/256/WORK/dhdl/md.part0136.xvg,0.10701417922973633,0.03700876235961914,0.028148651123046875,1558029389.658345,1558029389.7653592
INFO:_extract_dataframe,loop,/pylon5/mc3bggp/hrlee/alchemlyb/perf/nfiles/256/WORK/dhdl/md.part0137.xvg,0.1291208267211914,0.03214859962463379,0.05310702323913574,1558029389.7657487,1558029389.8948696
INFO:_extract_dataframe,loop,/pylon5/mc3bggp/hrlee/alchemlyb/perf/nfiles/256/WORK/dhdl/md.part0138.xvg,0.1228628158569336,0.036847829818725586,0.03980231285095215,1558029389.8953128,1558029390.0181756
INFO:_extract_dataframe,loop,/pylon5/mc3bggp/hrlee/alchemlyb/perf/nfiles/256/WORK/dhdl/md.part0139.xvg,0.11730170249938965,0.047461748123168945,0.02854156494140625,1558029390.0185869,1558029390.1358886
INFO:_extract_dataframe,loop,/pylon5/mc3bggp/hrlee/alchemlyb/perf/nfiles/256/WORK/dhdl/md.part0140.xvg,0.14495587348937988,0.039543867111206055,0.06354975700378418,1558029390.1363137,1558029390.2812696
INFO:_extract_dataframe,loop,/pylon5/mc3bggp/hrlee/alchemlyb/perf/nfiles/256/WORK/dhdl/md.part0141.xvg,0.1126706600189209,0.03499770164489746,0.0355682373046875,1558029390.2816465,1558029390.3943172
INFO:_extract_dataframe,loop,/pylon5/mc3bggp/hrlee/alchemlyb/perf/nfiles/256/WORK/dhdl/md.part0142.xvg,0.10320472717285156,0.036416053771972656,0.020948171615600586,1558029390.395173,1558029390.4983778
INFO:_extract_dataframe,loop,/pylon5/mc3bggp/hrlee/alchemlyb/perf/nfiles/256/WORK/dhdl/md.part0143.xvg,0.15873098373413086,0.08270430564880371,0.032440900802612305,1558029390.4989004,1558029390.6576314
INFO:_extract_dataframe,loop,/pylon5/mc3bggp/hrlee/alchemlyb/perf/nfiles/256/WORK/dhdl/md.part0144.xvg,0.10959219932556152,0.037195444107055664,0.030618667602539062,1558029390.6581814,1558029390.7677736
INFO:_extract_dataframe,loop,/pylon5/mc3bggp/hrlee/alchemlyb/perf/nfiles/256/WORK/dhdl/md.part0145.xvg,0.13560914993286133,0.04717397689819336,0.04563617706298828,1558029390.7681825,1558029390.9037917
INFO:_extract_dataframe,loop,/pylon5/mc3bggp/hrlee/alchemlyb/perf/nfiles/256/WORK/dhdl/md.part0146.xvg,0.11621522903442383,0.029224872589111328,0.041242361068725586,1558029390.904203,1558029391.0204182
INFO:_extract_dataframe,loop,/pylon5/mc3bggp/hrlee/alchemlyb/perf/nfiles/256/WORK/dhdl/md.part0147.xvg,0.09409642219543457,0.03522992134094238,0.017517566680908203,1558029391.0208182,1558029391.1149147
INFO:_extract_dataframe,loop,/pylon5/mc3bggp/hrlee/alchemlyb/perf/nfiles/256/WORK/dhdl/md.part0148.xvg,0.1379985809326172,0.050614118576049805,0.04638266563415527,1558029391.115343,1558029391.2533417
INFO:_extract_dataframe,loop,/pylon5/mc3bggp/hrlee/alchemlyb/perf/nfiles/256/WORK/dhdl/md.part0149.xvg,0.1188654899597168,0.04272007942199707,0.035111188888549805,1558029391.2537203,1558029391.3725858
INFO:_extract_dataframe,loop,/pylon5/mc3bggp/hrlee/alchemlyb/perf/nfiles/256/WORK/dhdl/md.part0150.xvg,0.1046607494354248,0.03588151931762695,0.026136398315429688,1558029391.3729615,1558029391.4776223
INFO:_extract_dataframe,loop,/pylon5/mc3bggp/hrlee/alchemlyb/perf/nfiles/256/WORK/dhdl/md.part0151.xvg,0.19347429275512695,0.11070704460144043,0.0400235652923584,1558029391.478059,1558029391.6715333
INFO:_extract_dataframe,loop,/pylon5/mc3bggp/hrlee/alchemlyb/perf/nfiles/256/WORK/dhdl/md.part0152.xvg,0.1140587329864502,0.038893938064575195,0.03403115272521973,1558029391.6719754,1558029391.786034
INFO:_extract_dataframe,loop,/pylon5/mc3bggp/hrlee/alchemlyb/perf/nfiles/256/WORK/dhdl/md.part0153.xvg,0.11016488075256348,0.03835558891296387,0.03016948699951172,1558029391.786457,1558029391.896622
INFO:_extract_dataframe,loop,/pylon5/mc3bggp/hrlee/alchemlyb/perf/nfiles/256/WORK/dhdl/md.part0154.xvg,0.13349580764770508,0.03984212875366211,0.04826617240905762,1558029391.8970098,1558029392.0305057
INFO:_extract_dataframe,loop,/pylon5/mc3bggp/hrlee/alchemlyb/perf/nfiles/256/WORK/dhdl/md.part0155.xvg,0.11318469047546387,0.044112443923950195,0.02824544906616211,1558029392.0308688,1558029392.1440535
INFO:_extract_dataframe,loop,/pylon5/mc3bggp/hrlee/alchemlyb/perf/nfiles/256/WORK/dhdl/md.part0156.xvg,0.09298038482666016,0.02741074562072754,0.025029420852661133,1558029392.1444046,1558029392.237385
INFO:_extract_dataframe,loop,/pylon5/mc3bggp/hrlee/alchemlyb/perf/nfiles/256/WORK/dhdl/md.part0157.xvg,0.10951566696166992,0.03338313102722168,0.03525495529174805,1558029392.237888,1558029392.3474038
INFO:_extract_dataframe,loop,/pylon5/mc3bggp/hrlee/alchemlyb/perf/nfiles/256/WORK/dhdl/md.part0158.xvg,0.12891745567321777,0.03911161422729492,0.048711538314819336,1558029392.3480034,1558029392.4769208
INFO:_extract_dataframe,loop,/pylon5/mc3bggp/hrlee/alchemlyb/perf/nfiles/256/WORK/dhdl/md.part0159.xvg,0.1700139045715332,0.08341717720031738,0.04478025436401367,1558029392.4773626,1558029392.6473765
INFO:_extract_dataframe,loop,/pylon5/mc3bggp/hrlee/alchemlyb/perf/nfiles/256/WORK/dhdl/md.part0160.xvg,0.11668872833251953,0.03596377372741699,0.0400395393371582,1558029392.6477964,1558029392.7644851
INFO:_extract_dataframe,loop,/pylon5/mc3bggp/hrlee/alchemlyb/perf/nfiles/256/WORK/dhdl/md.part0161.xvg,0.12953639030456543,0.04149436950683594,0.046671390533447266,1558029392.7648575,1558029392.894394
INFO:_extract_dataframe,loop,/pylon5/mc3bggp/hrlee/alchemlyb/perf/nfiles/256/WORK/dhdl/md.part0162.xvg,0.09950017929077148,0.028438806533813477,0.026672840118408203,1558029392.8947823,1558029392.9942825
INFO:_extract_dataframe,loop,/pylon5/mc3bggp/hrlee/alchemlyb/perf/nfiles/256/WORK/dhdl/md.part0163.xvg,0.12241101264953613,0.04087018966674805,0.040906429290771484,1558029392.994712,1558029393.1171231
INFO:_extract_dataframe,loop,/pylon5/mc3bggp/hrlee/alchemlyb/perf/nfiles/256/WORK/dhdl/md.part0164.xvg,0.11007142066955566,0.03758406639099121,0.028955936431884766,1558029393.117499,1558029393.2275705
INFO:_extract_dataframe,loop,/pylon5/mc3bggp/hrlee/alchemlyb/perf/nfiles/256/WORK/dhdl/md.part0165.xvg,0.12133955955505371,0.039888858795166016,0.03957104682922363,1558029393.2279582,1558029393.3492978
INFO:_extract_dataframe,loop,/pylon5/mc3bggp/hrlee/alchemlyb/perf/nfiles/256/WORK/dhdl/md.part0166.xvg,0.1028280258178711,0.03789687156677246,0.021712779998779297,1558029393.3496766,1558029393.4525046
INFO:_extract_dataframe,loop,/pylon5/mc3bggp/hrlee/alchemlyb/perf/nfiles/256/WORK/dhdl/md.part0167.xvg,0.11944985389709473,0.03759765625,0.039641380310058594,1558029393.4529629,1558029393.5724127
INFO:_extract_dataframe,loop,/pylon5/mc3bggp/hrlee/alchemlyb/perf/nfiles/256/WORK/dhdl/md.part0168.xvg,0.16350150108337402,0.08246302604675293,0.03763747215270996,1558029393.5728626,1558029393.7363641
INFO:_extract_dataframe,loop,/pylon5/mc3bggp/hrlee/alchemlyb/perf/nfiles/256/WORK/dhdl/md.part0169.xvg,0.153792142868042,0.05779886245727539,0.05388784408569336,1558029393.7367928,1558029393.890585
INFO:_extract_dataframe,loop,/pylon5/mc3bggp/hrlee/alchemlyb/perf/nfiles/256/WORK/dhdl/md.part0170.xvg,0.2036144733428955,0.06013941764831543,0.10049605369567871,1558029393.890979,1558029394.0945935
INFO:_extract_dataframe,loop,/pylon5/mc3bggp/hrlee/alchemlyb/perf/nfiles/256/WORK/dhdl/md.part0171.xvg,0.11445856094360352,0.029736995697021484,0.041202545166015625,1558029394.0949986,1558029394.2094572
INFO:_extract_dataframe,loop,/pylon5/mc3bggp/hrlee/alchemlyb/perf/nfiles/256/WORK/dhdl/md.part0172.xvg,0.11251163482666016,0.024695873260498047,0.044661521911621094,1558029394.209867,1558029394.3223786
INFO:_extract_dataframe,loop,/pylon5/mc3bggp/hrlee/alchemlyb/perf/nfiles/256/WORK/dhdl/md.part0173.xvg,0.10984206199645996,0.030196666717529297,0.03841996192932129,1558029394.3227634,1558029394.4326055
INFO:_extract_dataframe,loop,/pylon5/mc3bggp/hrlee/alchemlyb/perf/nfiles/256/WORK/dhdl/md.part0174.xvg,0.12043285369873047,0.03927040100097656,0.039667367935180664,1558029394.4329677,1558029394.5534005
INFO:_extract_dataframe,loop,/pylon5/mc3bggp/hrlee/alchemlyb/perf/nfiles/256/WORK/dhdl/md.part0175.xvg,0.09164881706237793,0.034244537353515625,0.016751527786254883,1558029394.5538044,1558029394.6454532
INFO:_extract_dataframe,loop,/pylon5/mc3bggp/hrlee/alchemlyb/perf/nfiles/256/WORK/dhdl/md.part0176.xvg,0.1708660125732422,0.08043622970581055,0.048181772232055664,1558029394.6457984,1558029394.8166645
INFO:_extract_dataframe,loop,/pylon5/mc3bggp/hrlee/alchemlyb/perf/nfiles/256/WORK/dhdl/md.part0177.xvg,0.09604787826538086,0.0402371883392334,0.014069557189941406,1558029394.8170922,1558029394.91314
INFO:_extract_dataframe,loop,/pylon5/mc3bggp/hrlee/alchemlyb/perf/nfiles/256/WORK/dhdl/md.part0178.xvg,0.09800052642822266,0.0352025032043457,0.017833948135375977,1558029394.9135242,1558029395.0115247
INFO:_extract_dataframe,loop,/pylon5/mc3bggp/hrlee/alchemlyb/perf/nfiles/256/WORK/dhdl/md.part0179.xvg,0.11948943138122559,0.04210996627807617,0.03586244583129883,1558029395.0119731,1558029395.1314626
INFO:_extract_dataframe,loop,/pylon5/mc3bggp/hrlee/alchemlyb/perf/nfiles/256/WORK/dhdl/md.part0180.xvg,0.12117719650268555,0.04262351989746094,0.037396907806396484,1558029395.1318662,1558029395.2530434
INFO:_extract_dataframe,loop,/pylon5/mc3bggp/hrlee/alchemlyb/perf/nfiles/256/WORK/dhdl/md.part0181.xvg,0.1379396915435791,0.041290283203125,0.055449485778808594,1558029395.2534149,1558029395.3913546
INFO:_extract_dataframe,loop,/pylon5/mc3bggp/hrlee/alchemlyb/perf/nfiles/256/WORK/dhdl/md.part0182.xvg,0.17454075813293457,0.07824087142944336,0.054738759994506836,1558029395.3917387,1558029395.5662794
INFO:_extract_dataframe,loop,/pylon5/mc3bggp/hrlee/alchemlyb/perf/nfiles/256/WORK/dhdl/md.part0183.xvg,0.1294093132019043,0.04652070999145508,0.04140806198120117,1558029395.5667355,1558029395.6961448
INFO:_extract_dataframe,loop,/pylon5/mc3bggp/hrlee/alchemlyb/perf/nfiles/256/WORK/dhdl/md.part0184.xvg,0.14820408821105957,0.07972860336303711,0.02551722526550293,1558029395.6965451,1558029395.8447492
INFO:_extract_dataframe,loop,/pylon5/mc3bggp/hrlee/alchemlyb/perf/nfiles/256/WORK/dhdl/md.part0185.xvg,0.11587023735046387,0.035779476165771484,0.038926124572753906,1558029395.8452032,1558029395.9610734
INFO:_extract_dataframe,loop,/pylon5/mc3bggp/hrlee/alchemlyb/perf/nfiles/256/WORK/dhdl/md.part0186.xvg,0.14055824279785156,0.05597567558288574,0.04295921325683594,1558029395.9614697,1558029396.102028
INFO:_extract_dataframe,loop,/pylon5/mc3bggp/hrlee/alchemlyb/perf/nfiles/256/WORK/dhdl/md.part0187.xvg,0.12226128578186035,0.04195713996887207,0.039762020111083984,1558029396.1024342,1558029396.2246954
INFO:_extract_dataframe,loop,/pylon5/mc3bggp/hrlee/alchemlyb/perf/nfiles/256/WORK/dhdl/md.part0188.xvg,0.11121988296508789,0.03696799278259277,0.033382415771484375,1558029396.225073,1558029396.336293
INFO:_extract_dataframe,loop,/pylon5/mc3bggp/hrlee/alchemlyb/perf/nfiles/256/WORK/dhdl/md.part0189.xvg,0.1213686466217041,0.03578448295593262,0.04522895812988281,1558029396.3366485,1558029396.458017
INFO:_extract_dataframe,loop,/pylon5/mc3bggp/hrlee/alchemlyb/perf/nfiles/256/WORK/dhdl/md.part0190.xvg,0.1426715850830078,0.07219076156616211,0.029095172882080078,1558029396.4587533,1558029396.601425
INFO:_extract_dataframe,loop,/pylon5/mc3bggp/hrlee/alchemlyb/perf/nfiles/256/WORK/dhdl/md.part0191.xvg,0.1176156997680664,0.04187726974487305,0.034217119216918945,1558029396.6018023,1558029396.719418
INFO:_extract_dataframe,loop,/pylon5/mc3bggp/hrlee/alchemlyb/perf/nfiles/256/WORK/dhdl/md.part0192.xvg,0.16107583045959473,0.08629941940307617,0.032511234283447266,1558029396.719794,1558029396.8808699
INFO:_extract_dataframe,loop,/pylon5/mc3bggp/hrlee/alchemlyb/perf/nfiles/256/WORK/dhdl/md.part0193.xvg,0.146165132522583,0.04191899299621582,0.059091806411743164,1558029396.881351,1558029397.0275161
INFO:_extract_dataframe,loop,/pylon5/mc3bggp/hrlee/alchemlyb/perf/nfiles/256/WORK/dhdl/md.part0194.xvg,0.1611020565032959,0.04568123817443848,0.07434701919555664,1558029397.0280771,1558029397.1891792
INFO:_extract_dataframe,loop,/pylon5/mc3bggp/hrlee/alchemlyb/perf/nfiles/256/WORK/dhdl/md.part0195.xvg,0.1187601089477539,0.039231061935424805,0.038015127182006836,1558029397.1895432,1558029397.3083034
INFO:_extract_dataframe,loop,/pylon5/mc3bggp/hrlee/alchemlyb/perf/nfiles/256/WORK/dhdl/md.part0196.xvg,0.1149442195892334,0.03725099563598633,0.036821603775024414,1558029397.308662,1558029397.4236062
INFO:_extract_dataframe,loop,/pylon5/mc3bggp/hrlee/alchemlyb/perf/nfiles/256/WORK/dhdl/md.part0197.xvg,0.1021885871887207,0.031508445739746094,0.0263826847076416,1558029397.4239748,1558029397.5261633
INFO:_extract_dataframe,loop,/pylon5/mc3bggp/hrlee/alchemlyb/perf/nfiles/256/WORK/dhdl/md.part0198.xvg,0.10875153541564941,0.046356201171875,0.022457361221313477,1558029397.527001,1558029397.6357524
INFO:_extract_dataframe,loop,/pylon5/mc3bggp/hrlee/alchemlyb/perf/nfiles/256/WORK/dhdl/md.part0199.xvg,0.14767050743103027,0.030705928802490234,0.07459783554077148,1558029397.636119,1558029397.7837894
INFO:_extract_dataframe,loop,/pylon5/mc3bggp/hrlee/alchemlyb/perf/nfiles/256/WORK/dhdl/md.part0200.xvg,0.1369330883026123,0.04053044319152832,0.05333232879638672,1558029397.7842395,1558029397.9211726
INFO:_extract_dataframe,loop,/pylon5/mc3bggp/hrlee/alchemlyb/perf/nfiles/256/WORK/dhdl/md.part0201.xvg,0.17729806900024414,0.08266305923461914,0.05073404312133789,1558029397.9215703,1558029398.0988684
INFO:_extract_dataframe,loop,/pylon5/mc3bggp/hrlee/alchemlyb/perf/nfiles/256/WORK/dhdl/md.part0202.xvg,0.10774874687194824,0.0352473258972168,0.0305783748626709,1558029398.0993285,1558029398.2070773
INFO:_extract_dataframe,loop,/pylon5/mc3bggp/hrlee/alchemlyb/perf/nfiles/256/WORK/dhdl/md.part0203.xvg,0.11562275886535645,0.03314495086669922,0.039792537689208984,1558029398.207457,1558029398.3230798
INFO:_extract_dataframe,loop,/pylon5/mc3bggp/hrlee/alchemlyb/perf/nfiles/256/WORK/dhdl/md.part0204.xvg,0.19313597679138184,0.09735965728759766,0.04943108558654785,1558029398.3234823,1558029398.5166183
INFO:_extract_dataframe,loop,/pylon5/mc3bggp/hrlee/alchemlyb/perf/nfiles/256/WORK/dhdl/md.part0205.xvg,0.11466288566589355,0.044400930404663086,0.028419971466064453,1558029398.5171041,1558029398.631767
INFO:_extract_dataframe,loop,/pylon5/mc3bggp/hrlee/alchemlyb/perf/nfiles/256/WORK/dhdl/md.part0206.xvg,0.1221761703491211,0.03695940971374512,0.04380345344543457,1558029398.632156,1558029398.754332
INFO:_extract_dataframe,loop,/pylon5/mc3bggp/hrlee/alchemlyb/perf/nfiles/256/WORK/dhdl/md.part0207.xvg,0.12300229072570801,0.036620140075683594,0.04489254951477051,1558029398.7547102,1558029398.8777125
INFO:_extract_dataframe,loop,/pylon5/mc3bggp/hrlee/alchemlyb/perf/nfiles/256/WORK/dhdl/md.part0208.xvg,0.1117241382598877,0.04554033279418945,0.02250838279724121,1558029398.8781643,1558029398.9898884
INFO:_extract_dataframe,loop,/pylon5/mc3bggp/hrlee/alchemlyb/perf/nfiles/256/WORK/dhdl/md.part0209.xvg,0.1554253101348877,0.07703065872192383,0.035073280334472656,1558029398.9907284,1558029399.1461537
INFO:_extract_dataframe,loop,/pylon5/mc3bggp/hrlee/alchemlyb/perf/nfiles/256/WORK/dhdl/md.part0210.xvg,0.1122283935546875,0.03584146499633789,0.034722089767456055,1558029399.1466246,1558029399.258853
INFO:_extract_dataframe,loop,/pylon5/mc3bggp/hrlee/alchemlyb/perf/nfiles/256/WORK/dhdl/md.part0211.xvg,0.11727142333984375,0.03822922706604004,0.03711128234863281,1558029399.2592294,1558029399.3765008
INFO:_extract_dataframe,loop,/pylon5/mc3bggp/hrlee/alchemlyb/perf/nfiles/256/WORK/dhdl/md.part0212.xvg,0.1263427734375,0.03919029235839844,0.041335344314575195,1558029399.376871,1558029399.503214
INFO:_extract_dataframe,loop,/pylon5/mc3bggp/hrlee/alchemlyb/perf/nfiles/256/WORK/dhdl/md.part0213.xvg,0.13632416725158691,0.047982215881347656,0.04645371437072754,1558029399.503776,1558029399.6401002
INFO:_extract_dataframe,loop,/pylon5/mc3bggp/hrlee/alchemlyb/perf/nfiles/256/WORK/dhdl/md.part0214.xvg,0.11727142333984375,0.04084277153015137,0.03475761413574219,1558029399.6404748,1558029399.7577462
INFO:_extract_dataframe,loop,/pylon5/mc3bggp/hrlee/alchemlyb/perf/nfiles/256/WORK/dhdl/md.part0215.xvg,0.11867499351501465,0.0426485538482666,0.03477764129638672,1558029399.7581944,1558029399.8768694
INFO:_extract_dataframe,loop,/pylon5/mc3bggp/hrlee/alchemlyb/perf/nfiles/256/WORK/dhdl/md.part0216.xvg,0.12536311149597168,0.03865504264831543,0.04073643684387207,1558029399.877248,1558029400.0026112
INFO:_extract_dataframe,loop,/pylon5/mc3bggp/hrlee/alchemlyb/perf/nfiles/256/WORK/dhdl/md.part0217.xvg,0.15642499923706055,0.08348989486694336,0.02915334701538086,1558029400.0030549,1558029400.1594799
INFO:_extract_dataframe,loop,/pylon5/mc3bggp/hrlee/alchemlyb/perf/nfiles/256/WORK/dhdl/md.part0218.xvg,0.10871052742004395,0.0366206169128418,0.030269384384155273,1558029400.1599143,1558029400.2686248
INFO:_extract_dataframe,loop,/pylon5/mc3bggp/hrlee/alchemlyb/perf/nfiles/256/WORK/dhdl/md.part0219.xvg,0.10161757469177246,0.03560233116149902,0.02481985092163086,1558029400.2690146,1558029400.3706322
INFO:_extract_dataframe,loop,/pylon5/mc3bggp/hrlee/alchemlyb/perf/nfiles/256/WORK/dhdl/md.part0220.xvg,0.11307239532470703,0.03854489326477051,0.03176617622375488,1558029400.3710182,1558029400.4840906
INFO:_extract_dataframe,loop,/pylon5/mc3bggp/hrlee/alchemlyb/perf/nfiles/256/WORK/dhdl/md.part0221.xvg,0.1277766227722168,0.038437843322753906,0.04803276062011719,1558029400.4845257,1558029400.6123023
INFO:_extract_dataframe,loop,/pylon5/mc3bggp/hrlee/alchemlyb/perf/nfiles/256/WORK/dhdl/md.part0222.xvg,0.10863232612609863,0.028917789459228516,0.03803086280822754,1558029400.6126835,1558029400.7213159
INFO:_extract_dataframe,loop,/pylon5/mc3bggp/hrlee/alchemlyb/perf/nfiles/256/WORK/dhdl/md.part0223.xvg,0.28356409072875977,0.04760098457336426,0.1906590461730957,1558029400.721678,1558029401.005242
INFO:_extract_dataframe,loop,/pylon5/mc3bggp/hrlee/alchemlyb/perf/nfiles/256/WORK/dhdl/md.part0224.xvg,0.1116020679473877,0.029752016067504883,0.04004478454589844,1558029401.0057101,1558029401.1173122
INFO:_extract_dataframe,loop,/pylon5/mc3bggp/hrlee/alchemlyb/perf/nfiles/256/WORK/dhdl/md.part0225.xvg,0.1789541244506836,0.08946752548217773,0.045523881912231445,1558029401.117898,1558029401.296852
INFO:_extract_dataframe,loop,/pylon5/mc3bggp/hrlee/alchemlyb/perf/nfiles/256/WORK/dhdl/md.part0226.xvg,0.10190582275390625,0.030394554138183594,0.030079126358032227,1558029401.2975256,1558029401.3994315
INFO:_extract_dataframe,loop,/pylon5/mc3bggp/hrlee/alchemlyb/perf/nfiles/256/WORK/dhdl/md.part0227.xvg,0.12436532974243164,0.03796195983886719,0.03934335708618164,1558029401.399792,1558029401.5241573
INFO:_extract_dataframe,loop,/pylon5/mc3bggp/hrlee/alchemlyb/perf/nfiles/256/WORK/dhdl/md.part0228.xvg,0.13477802276611328,0.06643891334533691,0.026978254318237305,1558029401.5246878,1558029401.6594658
INFO:_extract_dataframe,loop,/pylon5/mc3bggp/hrlee/alchemlyb/perf/nfiles/256/WORK/dhdl/md.part0229.xvg,0.10449695587158203,0.03632998466491699,0.026844263076782227,1558029401.6598277,1558029401.7643247
INFO:_extract_dataframe,loop,/pylon5/mc3bggp/hrlee/alchemlyb/perf/nfiles/256/WORK/dhdl/md.part0230.xvg,0.15441513061523438,0.0341944694519043,0.07781052589416504,1558029401.7647638,1558029401.919179
INFO:_extract_dataframe,loop,/pylon5/mc3bggp/hrlee/alchemlyb/perf/nfiles/256/WORK/dhdl/md.part0231.xvg,0.1641075611114502,0.041947126388549805,0.07998085021972656,1558029401.9195642,1558029402.0836718
INFO:_extract_dataframe,loop,/pylon5/mc3bggp/hrlee/alchemlyb/perf/nfiles/256/WORK/dhdl/md.part0232.xvg,0.09214663505554199,0.02623438835144043,0.024249553680419922,1558029402.0840814,1558029402.176228
INFO:_extract_dataframe,loop,/pylon5/mc3bggp/hrlee/alchemlyb/perf/nfiles/256/WORK/dhdl/md.part0233.xvg,0.09490823745727539,0.029011011123657227,0.024968862533569336,1558029402.1766107,1558029402.271519
INFO:_extract_dataframe,loop,/pylon5/mc3bggp/hrlee/alchemlyb/perf/nfiles/256/WORK/dhdl/md.part0234.xvg,0.1757652759552002,0.08136367797851562,0.05167961120605469,1558029402.2718742,1558029402.4476395
INFO:_extract_dataframe,loop,/pylon5/mc3bggp/hrlee/alchemlyb/perf/nfiles/256/WORK/dhdl/md.part0235.xvg,0.10509991645812988,0.03352189064025879,0.02960681915283203,1558029402.448066,1558029402.553166
INFO:_extract_dataframe,loop,/pylon5/mc3bggp/hrlee/alchemlyb/perf/nfiles/256/WORK/dhdl/md.part0236.xvg,0.12540602684020996,0.0363008975982666,0.047333717346191406,1558029402.5536008,1558029402.6790068
INFO:_extract_dataframe,loop,/pylon5/mc3bggp/hrlee/alchemlyb/perf/nfiles/256/WORK/dhdl/md.part0237.xvg,0.1454296112060547,0.06325387954711914,0.040007591247558594,1558029402.6793664,1558029402.824796
INFO:_extract_dataframe,loop,/pylon5/mc3bggp/hrlee/alchemlyb/perf/nfiles/256/WORK/dhdl/md.part0238.xvg,0.10650014877319336,0.03366374969482422,0.0314176082611084,1558029402.825203,1558029402.931703
INFO:_extract_dataframe,loop,/pylon5/mc3bggp/hrlee/alchemlyb/perf/nfiles/256/WORK/dhdl/md.part0239.xvg,0.11782598495483398,0.03702425956726074,0.03839898109436035,1558029402.9320803,1558029403.0499063
INFO:_extract_dataframe,loop,/pylon5/mc3bggp/hrlee/alchemlyb/perf/nfiles/256/WORK/dhdl/md.part0240.xvg,0.14899802207946777,0.0781548023223877,0.02953934669494629,1558029403.0502856,1558029403.1992836
INFO:_extract_dataframe,loop,/pylon5/mc3bggp/hrlee/alchemlyb/perf/nfiles/256/WORK/dhdl/md.part0241.xvg,0.11186552047729492,0.03325939178466797,0.03652501106262207,1558029403.199648,1558029403.3115134
INFO:_extract_dataframe,loop,/pylon5/mc3bggp/hrlee/alchemlyb/perf/nfiles/256/WORK/dhdl/md.part0242.xvg,0.15729522705078125,0.0796518325805664,0.03434920310974121,1558029403.3118935,1558029403.4691887
INFO:_extract_dataframe,loop,/pylon5/mc3bggp/hrlee/alchemlyb/perf/nfiles/256/WORK/dhdl/md.part0243.xvg,0.12103891372680664,0.043379783630371094,0.03607630729675293,1558029403.4696312,1558029403.59067
INFO:_extract_dataframe,loop,/pylon5/mc3bggp/hrlee/alchemlyb/perf/nfiles/256/WORK/dhdl/md.part0244.xvg,0.19690728187561035,0.0755150318145752,0.07979798316955566,1558029403.5910566,1558029403.7879639
INFO:_extract_dataframe,loop,/pylon5/mc3bggp/hrlee/alchemlyb/perf/nfiles/256/WORK/dhdl/md.part0245.xvg,0.1176309585571289,0.040262460708618164,0.035043954849243164,1558029403.7883997,1558029403.9060307
INFO:_extract_dataframe,loop,/pylon5/mc3bggp/hrlee/alchemlyb/perf/nfiles/256/WORK/dhdl/md.part0246.xvg,0.09782814979553223,0.034800052642822266,0.0177459716796875,1558029403.9064581,1558029404.0042863
INFO:_extract_dataframe,loop,/pylon5/mc3bggp/hrlee/alchemlyb/perf/nfiles/256/WORK/dhdl/md.part0247.xvg,0.11182284355163574,0.03940439224243164,0.030382394790649414,1558029404.0047638,1558029404.1165867
INFO:_extract_dataframe,loop,/pylon5/mc3bggp/hrlee/alchemlyb/perf/nfiles/256/WORK/dhdl/md.part0248.xvg,0.21218585968017578,0.07530331611633301,0.09473180770874023,1558029404.1169956,1558029404.3291814
INFO:_extract_dataframe,loop,/pylon5/mc3bggp/hrlee/alchemlyb/perf/nfiles/256/WORK/dhdl/md.part0249.xvg,0.11750173568725586,0.03919696807861328,0.036397457122802734,1558029404.3295796,1558029404.4470813
INFO:_extract_dataframe,loop,/pylon5/mc3bggp/hrlee/alchemlyb/perf/nfiles/256/WORK/dhdl/md.part0250.xvg,0.22147583961486816,0.14108753204345703,0.036971330642700195,1558029404.4475086,1558029404.6689844
INFO:_extract_dataframe,loop,/pylon5/mc3bggp/hrlee/alchemlyb/perf/nfiles/256/WORK/dhdl/md.part0251.xvg,0.09964513778686523,0.03476548194885254,0.021722793579101562,1558029404.6694326,1558029404.7690778
INFO:_extract_dataframe,loop,/pylon5/mc3bggp/hrlee/alchemlyb/perf/nfiles/256/WORK/dhdl/md.part0252.xvg,0.11672115325927734,0.037668704986572266,0.03819537162780762,1558029404.7694726,1558029404.8861938
INFO:_extract_dataframe,loop,/pylon5/mc3bggp/hrlee/alchemlyb/perf/nfiles/256/WORK/dhdl/md.part0253.xvg,0.1720423698425293,0.046427249908447266,0.08318805694580078,1558029404.8865793,1558029405.0586216
INFO:_extract_dataframe,loop,/pylon5/mc3bggp/hrlee/alchemlyb/perf/nfiles/256/WORK/dhdl/md.part0254.xvg,0.10827422142028809,0.02964043617248535,0.0373072624206543,1558029405.0589862,1558029405.1672604
INFO:_extract_dataframe,loop,/pylon5/mc3bggp/hrlee/alchemlyb/perf/nfiles/256/WORK/dhdl/md.part0255.xvg,0.11574816703796387,0.048629045486450195,0.025804519653320312,1558029405.167615,1558029405.283363
INFO:_extract_dataframe,loop,/pylon5/mc3bggp/hrlee/alchemlyb/perf/nfiles/256/WORK/dhdl/md.part0256.xvg,0.1531827449798584,0.03504657745361328,0.07697844505310059,1558029405.2838116,1558029405.4369943
