INFO:_extract_dataframe,loop,/pylon5/mc3bggp/hrlee/alchemlyb/perf/nfiles/8/WORK/dhdl/md.part0001.xvg,0.11288094520568848,0.04460406303405762,0.01939988136291504,1558027752.7787595,1558027752.8916404
INFO:_extract_dataframe,loop,/pylon5/mc3bggp/hrlee/alchemlyb/perf/nfiles/8/WORK/dhdl/md.part0002.xvg,0.10754251480102539,0.038263559341430664,0.027281999588012695,1558027752.8919756,1558027752.9995182
INFO:_extract_dataframe,loop,/pylon5/mc3bggp/hrlee/alchemlyb/perf/nfiles/8/WORK/dhdl/md.part0003.xvg,0.07638287544250488,0.021274328231811523,0.012558460235595703,1558027753.0000257,1558027753.0764086
INFO:_extract_dataframe,loop,/pylon5/mc3bggp/hrlee/alchemlyb/perf/nfiles/8/WORK/dhdl/md.part0004.xvg,0.07573533058166504,0.022352218627929688,0.012772560119628906,1558027753.077246,1558027753.1529813
INFO:_extract_dataframe,loop,/pylon5/mc3bggp/hrlee/alchemlyb/perf/nfiles/8/WORK/dhdl/md.part0005.xvg,0.0758059024810791,0.019938230514526367,0.016386985778808594,1558027753.1534784,1558027753.2292843
INFO:_extract_dataframe,loop,/pylon5/mc3bggp/hrlee/alchemlyb/perf/nfiles/8/WORK/dhdl/md.part0006.xvg,0.11229348182678223,0.03364706039428711,0.03896760940551758,1558027753.2299652,1558027753.3422587
INFO:_extract_dataframe,loop,/pylon5/mc3bggp/hrlee/alchemlyb/perf/nfiles/8/WORK/dhdl/md.part0007.xvg,0.13351702690124512,0.04469752311706543,0.049036502838134766,1558027753.34247,1558027753.475987
INFO:_extract_dataframe,loop,/pylon5/mc3bggp/hrlee/alchemlyb/perf/nfiles/8/WORK/dhdl/md.part0008.xvg,0.12727808952331543,0.07382869720458984,0.013245105743408203,1558027753.476535,1558027753.6038132
INFO:_extract_dataframe,loop,/pylon5/mc3bggp/hrlee/alchemlyb/perf/nfiles/128/WORK/dhdl/md.part0001.xvg,0.244279146194458,0.05166482925415039,0.13314580917358398,1558028152.4608371,1558028152.7051163
INFO:_extract_dataframe,loop,/pylon5/mc3bggp/hrlee/alchemlyb/perf/nfiles/128/WORK/dhdl/md.part0002.xvg,0.17805123329162598,0.09515571594238281,0.03818845748901367,1558028152.7055583,1558028152.8836095
INFO:_extract_dataframe,loop,/pylon5/mc3bggp/hrlee/alchemlyb/perf/nfiles/128/WORK/dhdl/md.part0003.xvg,0.12153196334838867,0.042037010192871094,0.03949308395385742,1558028152.8840296,1558028153.0055616
INFO:_extract_dataframe,loop,/pylon5/mc3bggp/hrlee/alchemlyb/perf/nfiles/128/WORK/dhdl/md.part0004.xvg,0.18796873092651367,0.04202127456665039,0.10529589653015137,1558028153.0059214,1558028153.19389
INFO:_extract_dataframe,loop,/pylon5/mc3bggp/hrlee/alchemlyb/perf/nfiles/128/WORK/dhdl/md.part0005.xvg,0.11455416679382324,0.03957962989807129,0.03298664093017578,1558028153.1943152,1558028153.3088694
INFO:_extract_dataframe,loop,/pylon5/mc3bggp/hrlee/alchemlyb/perf/nfiles/128/WORK/dhdl/md.part0006.xvg,0.13572955131530762,0.04585576057434082,0.050066471099853516,1558028153.3092403,1558028153.44497
INFO:_extract_dataframe,loop,/pylon5/mc3bggp/hrlee/alchemlyb/perf/nfiles/128/WORK/dhdl/md.part0007.xvg,0.10322141647338867,0.03142189979553223,0.03178048133850098,1558028153.4455264,1558028153.5487478
INFO:_extract_dataframe,loop,/pylon5/mc3bggp/hrlee/alchemlyb/perf/nfiles/128/WORK/dhdl/md.part0008.xvg,0.12814569473266602,0.03083968162536621,0.057535409927368164,1558028153.5493314,1558028153.6774771
INFO:_extract_dataframe,loop,/pylon5/mc3bggp/hrlee/alchemlyb/perf/nfiles/128/WORK/dhdl/md.part0009.xvg,0.12038397789001465,0.040183305740356445,0.03482675552368164,1558028153.678059,1558028153.798443
INFO:_extract_dataframe,loop,/pylon5/mc3bggp/hrlee/alchemlyb/perf/nfiles/128/WORK/dhdl/md.part0010.xvg,0.18858575820922852,0.10793161392211914,0.0391850471496582,1558028153.7994955,1558028153.9880812
INFO:_extract_dataframe,loop,/pylon5/mc3bggp/hrlee/alchemlyb/perf/nfiles/128/WORK/dhdl/md.part0011.xvg,0.12695002555847168,0.04449319839477539,0.04326462745666504,1558028153.9886768,1558028154.1156268
INFO:_extract_dataframe,loop,/pylon5/mc3bggp/hrlee/alchemlyb/perf/nfiles/128/WORK/dhdl/md.part0012.xvg,0.09451866149902344,0.030543088912963867,0.024220705032348633,1558028154.1162517,1558028154.2107704
INFO:_extract_dataframe,loop,/pylon5/mc3bggp/hrlee/alchemlyb/perf/nfiles/128/WORK/dhdl/md.part0013.xvg,0.10432219505310059,0.0393068790435791,0.023140430450439453,1558028154.2112389,1558028154.315561
INFO:_extract_dataframe,loop,/pylon5/mc3bggp/hrlee/alchemlyb/perf/nfiles/128/WORK/dhdl/md.part0014.xvg,0.13187623023986816,0.038692474365234375,0.05370044708251953,1558028154.3161519,1558028154.448028
INFO:_extract_dataframe,loop,/pylon5/mc3bggp/hrlee/alchemlyb/perf/nfiles/128/WORK/dhdl/md.part0015.xvg,0.11061334609985352,0.03759479522705078,0.03309202194213867,1558028154.4485295,1558028154.5591428
INFO:_extract_dataframe,loop,/pylon5/mc3bggp/hrlee/alchemlyb/perf/nfiles/128/WORK/dhdl/md.part0016.xvg,0.18092703819274902,0.028690099716186523,0.11232781410217285,1558028154.559635,1558028154.740562
INFO:_extract_dataframe,loop,/pylon5/mc3bggp/hrlee/alchemlyb/perf/nfiles/128/WORK/dhdl/md.part0017.xvg,0.16584229469299316,0.042775630950927734,0.08387541770935059,1558028154.741142,1558028154.9069843
INFO:_extract_dataframe,loop,/pylon5/mc3bggp/hrlee/alchemlyb/perf/nfiles/128/WORK/dhdl/md.part0018.xvg,0.1257152557373047,0.037672996520996094,0.048909902572631836,1558028154.9074895,1558028155.0332048
INFO:_extract_dataframe,loop,/pylon5/mc3bggp/hrlee/alchemlyb/perf/nfiles/128/WORK/dhdl/md.part0019.xvg,0.2246553897857666,0.08387207984924316,0.10035300254821777,1558028155.0336394,1558028155.2582948
INFO:_extract_dataframe,loop,/pylon5/mc3bggp/hrlee/alchemlyb/perf/nfiles/128/WORK/dhdl/md.part0020.xvg,0.1562356948852539,0.03916788101196289,0.07804465293884277,1558028155.2587383,1558028155.414974
INFO:_extract_dataframe,loop,/pylon5/mc3bggp/hrlee/alchemlyb/perf/nfiles/128/WORK/dhdl/md.part0021.xvg,0.1638636589050293,0.0927283763885498,0.03223133087158203,1558028155.4153583,1558028155.579222
INFO:_extract_dataframe,loop,/pylon5/mc3bggp/hrlee/alchemlyb/perf/nfiles/128/WORK/dhdl/md.part0022.xvg,0.2471938133239746,0.04174518585205078,0.1599435806274414,1558028155.5795915,1558028155.8267853
INFO:_extract_dataframe,loop,/pylon5/mc3bggp/hrlee/alchemlyb/perf/nfiles/128/WORK/dhdl/md.part0023.xvg,0.12582707405090332,0.03923630714416504,0.04676532745361328,1558028155.8272796,1558028155.9531066
INFO:_extract_dataframe,loop,/pylon5/mc3bggp/hrlee/alchemlyb/perf/nfiles/128/WORK/dhdl/md.part0024.xvg,0.23643898963928223,0.0414121150970459,0.15288138389587402,1558028155.953523,1558028156.189962
INFO:_extract_dataframe,loop,/pylon5/mc3bggp/hrlee/alchemlyb/perf/nfiles/128/WORK/dhdl/md.part0025.xvg,0.11826705932617188,0.044640302658081055,0.031404733657836914,1558028156.190377,1558028156.308644
INFO:_extract_dataframe,loop,/pylon5/mc3bggp/hrlee/alchemlyb/perf/nfiles/128/WORK/dhdl/md.part0026.xvg,0.15810418128967285,0.03930068016052246,0.07745623588562012,1558028156.3091385,1558028156.4672427
INFO:_extract_dataframe,loop,/pylon5/mc3bggp/hrlee/alchemlyb/perf/nfiles/128/WORK/dhdl/md.part0027.xvg,0.24914813041687012,0.07958173751831055,0.12863397598266602,1558028156.467729,1558028156.7168772
INFO:_extract_dataframe,loop,/pylon5/mc3bggp/hrlee/alchemlyb/perf/nfiles/128/WORK/dhdl/md.part0028.xvg,0.2409224510192871,0.04527592658996582,0.1553809642791748,1558028156.7173245,1558028156.958247
INFO:_extract_dataframe,loop,/pylon5/mc3bggp/hrlee/alchemlyb/perf/nfiles/128/WORK/dhdl/md.part0029.xvg,0.1144418716430664,0.03596186637878418,0.03869891166687012,1558028156.9586701,1558028157.073112
INFO:_extract_dataframe,loop,/pylon5/mc3bggp/hrlee/alchemlyb/perf/nfiles/128/WORK/dhdl/md.part0030.xvg,0.09838676452636719,0.03717756271362305,0.02206254005432129,1558028157.0734963,1558028157.171883
INFO:_extract_dataframe,loop,/pylon5/mc3bggp/hrlee/alchemlyb/perf/nfiles/128/WORK/dhdl/md.part0031.xvg,0.23056888580322266,0.07393670082092285,0.11485671997070312,1558028157.1722608,1558028157.4028296
INFO:_extract_dataframe,loop,/pylon5/mc3bggp/hrlee/alchemlyb/perf/nfiles/128/WORK/dhdl/md.part0032.xvg,0.14675283432006836,0.0373685359954834,0.06841397285461426,1558028157.4032345,1558028157.5499873
INFO:_extract_dataframe,loop,/pylon5/mc3bggp/hrlee/alchemlyb/perf/nfiles/128/WORK/dhdl/md.part0033.xvg,0.1739819049835205,0.04239082336425781,0.09206891059875488,1558028157.5503588,1558028157.7243407
INFO:_extract_dataframe,loop,/pylon5/mc3bggp/hrlee/alchemlyb/perf/nfiles/128/WORK/dhdl/md.part0034.xvg,0.10774064064025879,0.0318903923034668,0.03240323066711426,1558028157.7249439,1558028157.8326845
INFO:_extract_dataframe,loop,/pylon5/mc3bggp/hrlee/alchemlyb/perf/nfiles/128/WORK/dhdl/md.part0035.xvg,0.23511052131652832,0.08688879013061523,0.10703039169311523,1558028157.8332133,1558028158.0683239
INFO:_extract_dataframe,loop,/pylon5/mc3bggp/hrlee/alchemlyb/perf/nfiles/128/WORK/dhdl/md.part0036.xvg,0.18334388732910156,0.03820371627807617,0.10523056983947754,1558028158.0688038,1558028158.2521477
INFO:_extract_dataframe,loop,/pylon5/mc3bggp/hrlee/alchemlyb/perf/nfiles/128/WORK/dhdl/md.part0037.xvg,0.1679368019104004,0.050898075103759766,0.0766298770904541,1558028158.252512,1558028158.4204488
INFO:_extract_dataframe,loop,/pylon5/mc3bggp/hrlee/alchemlyb/perf/nfiles/128/WORK/dhdl/md.part0038.xvg,0.13306522369384766,0.038243770599365234,0.055113792419433594,1558028158.420904,1558028158.5539691
INFO:_extract_dataframe,loop,/pylon5/mc3bggp/hrlee/alchemlyb/perf/nfiles/128/WORK/dhdl/md.part0039.xvg,0.15871238708496094,0.03221583366394043,0.08595633506774902,1558028158.5545049,1558028158.7132173
INFO:_extract_dataframe,loop,/pylon5/mc3bggp/hrlee/alchemlyb/perf/nfiles/128/WORK/dhdl/md.part0040.xvg,0.2131791114807129,0.08007097244262695,0.09096598625183105,1558028158.7135882,1558028158.9267673
INFO:_extract_dataframe,loop,/pylon5/mc3bggp/hrlee/alchemlyb/perf/nfiles/128/WORK/dhdl/md.part0041.xvg,0.1937406063079834,0.04997658729553223,0.10150599479675293,1558028158.9272318,1558028159.1209724
INFO:_extract_dataframe,loop,/pylon5/mc3bggp/hrlee/alchemlyb/perf/nfiles/128/WORK/dhdl/md.part0042.xvg,0.171766996383667,0.04375028610229492,0.08533716201782227,1558028159.1213694,1558028159.2931364
INFO:_extract_dataframe,loop,/pylon5/mc3bggp/hrlee/alchemlyb/perf/nfiles/128/WORK/dhdl/md.part0043.xvg,0.22914409637451172,0.1281735897064209,0.06096816062927246,1558028159.293524,1558028159.5226681
INFO:_extract_dataframe,loop,/pylon5/mc3bggp/hrlee/alchemlyb/perf/nfiles/128/WORK/dhdl/md.part0044.xvg,0.14743399620056152,0.07476139068603516,0.030576705932617188,1558028159.5230937,1558028159.6705277
INFO:_extract_dataframe,loop,/pylon5/mc3bggp/hrlee/alchemlyb/perf/nfiles/128/WORK/dhdl/md.part0045.xvg,0.14234161376953125,0.027782917022705078,0.0696256160736084,1558028159.6709714,1558028159.813313
INFO:_extract_dataframe,loop,/pylon5/mc3bggp/hrlee/alchemlyb/perf/nfiles/128/WORK/dhdl/md.part0046.xvg,0.10528564453125,0.03212428092956543,0.03325009346008301,1558028159.8141055,1558028159.9193912
INFO:_extract_dataframe,loop,/pylon5/mc3bggp/hrlee/alchemlyb/perf/nfiles/128/WORK/dhdl/md.part0047.xvg,0.1537623405456543,0.041733741760253906,0.07244133949279785,1558028159.9197762,1558028160.0735385
INFO:_extract_dataframe,loop,/pylon5/mc3bggp/hrlee/alchemlyb/perf/nfiles/128/WORK/dhdl/md.part0048.xvg,0.1479957103729248,0.03640389442443848,0.07177424430847168,1558028160.0741322,1558028160.222128
INFO:_extract_dataframe,loop,/pylon5/mc3bggp/hrlee/alchemlyb/perf/nfiles/128/WORK/dhdl/md.part0049.xvg,0.11671781539916992,0.03932619094848633,0.03710746765136719,1558028160.2225475,1558028160.3392653
INFO:_extract_dataframe,loop,/pylon5/mc3bggp/hrlee/alchemlyb/perf/nfiles/128/WORK/dhdl/md.part0050.xvg,0.09694504737854004,0.029952526092529297,0.026697635650634766,1558028160.3396552,1558028160.4366002
INFO:_extract_dataframe,loop,/pylon5/mc3bggp/hrlee/alchemlyb/perf/nfiles/128/WORK/dhdl/md.part0051.xvg,0.10866212844848633,0.03422999382019043,0.03521156311035156,1558028160.4370406,1558028160.5457027
INFO:_extract_dataframe,loop,/pylon5/mc3bggp/hrlee/alchemlyb/perf/nfiles/128/WORK/dhdl/md.part0052.xvg,0.20509958267211914,0.11809229850769043,0.044600486755371094,1558028160.5461242,1558028160.7512238
INFO:_extract_dataframe,loop,/pylon5/mc3bggp/hrlee/alchemlyb/perf/nfiles/128/WORK/dhdl/md.part0053.xvg,0.1509106159210205,0.036675453186035156,0.07443046569824219,1558028160.751669,1558028160.9025795
INFO:_extract_dataframe,loop,/pylon5/mc3bggp/hrlee/alchemlyb/perf/nfiles/128/WORK/dhdl/md.part0054.xvg,0.10627055168151855,0.0394594669342041,0.025696277618408203,1558028160.9029796,1558028161.0092502
INFO:_extract_dataframe,loop,/pylon5/mc3bggp/hrlee/alchemlyb/perf/nfiles/128/WORK/dhdl/md.part0055.xvg,0.1219642162322998,0.028758525848388672,0.0530552864074707,1558028161.0096195,1558028161.1315837
INFO:_extract_dataframe,loop,/pylon5/mc3bggp/hrlee/alchemlyb/perf/nfiles/128/WORK/dhdl/md.part0056.xvg,0.1712512969970703,0.03966879844665527,0.08992576599121094,1558028161.1320107,1558028161.303262
INFO:_extract_dataframe,loop,/pylon5/mc3bggp/hrlee/alchemlyb/perf/nfiles/128/WORK/dhdl/md.part0057.xvg,0.1385498046875,0.030460119247436523,0.06775641441345215,1558028161.303671,1558028161.4422207
INFO:_extract_dataframe,loop,/pylon5/mc3bggp/hrlee/alchemlyb/perf/nfiles/128/WORK/dhdl/md.part0058.xvg,0.1283397674560547,0.033789634704589844,0.05538153648376465,1558028161.4426227,1558028161.5709624
INFO:_extract_dataframe,loop,/pylon5/mc3bggp/hrlee/alchemlyb/perf/nfiles/128/WORK/dhdl/md.part0059.xvg,0.1949625015258789,0.03587460517883301,0.11953496932983398,1558028161.5713313,1558028161.7662938
INFO:_extract_dataframe,loop,/pylon5/mc3bggp/hrlee/alchemlyb/perf/nfiles/128/WORK/dhdl/md.part0060.xvg,0.23468923568725586,0.09633684158325195,0.09566473960876465,1558028161.7666686,1558028162.0013578
INFO:_extract_dataframe,loop,/pylon5/mc3bggp/hrlee/alchemlyb/perf/nfiles/128/WORK/dhdl/md.part0061.xvg,0.1592082977294922,0.029092788696289062,0.08926773071289062,1558028162.0019026,1558028162.1611109
INFO:_extract_dataframe,loop,/pylon5/mc3bggp/hrlee/alchemlyb/perf/nfiles/128/WORK/dhdl/md.part0062.xvg,0.10576868057250977,0.03249073028564453,0.03303670883178711,1558028162.1614811,1558028162.2672498
INFO:_extract_dataframe,loop,/pylon5/mc3bggp/hrlee/alchemlyb/perf/nfiles/128/WORK/dhdl/md.part0063.xvg,0.22249293327331543,0.0372462272644043,0.14531636238098145,1558028162.267616,1558028162.490109
INFO:_extract_dataframe,loop,/pylon5/mc3bggp/hrlee/alchemlyb/perf/nfiles/128/WORK/dhdl/md.part0064.xvg,0.08398246765136719,0.028541088104248047,0.01613140106201172,1558028162.4904945,1558028162.574477
INFO:_extract_dataframe,loop,/pylon5/mc3bggp/hrlee/alchemlyb/perf/nfiles/128/WORK/dhdl/md.part0065.xvg,0.1521604061126709,0.03606772422790527,0.07670974731445312,1558028162.575039,1558028162.7271993
INFO:_extract_dataframe,loop,/pylon5/mc3bggp/hrlee/alchemlyb/perf/nfiles/128/WORK/dhdl/md.part0066.xvg,0.09978032112121582,0.03918790817260742,0.015421152114868164,1558028162.7275672,1558028162.8273475
INFO:_extract_dataframe,loop,/pylon5/mc3bggp/hrlee/alchemlyb/perf/nfiles/128/WORK/dhdl/md.part0067.xvg,0.23009085655212402,0.044428110122680664,0.14570260047912598,1558028162.8277686,1558028163.0578594
INFO:_extract_dataframe,loop,/pylon5/mc3bggp/hrlee/alchemlyb/perf/nfiles/128/WORK/dhdl/md.part0068.xvg,0.1818232536315918,0.09663677215576172,0.042429447174072266,1558028163.05823,1558028163.2400532
INFO:_extract_dataframe,loop,/pylon5/mc3bggp/hrlee/alchemlyb/perf/nfiles/128/WORK/dhdl/md.part0069.xvg,0.10985517501831055,0.03907012939453125,0.0288238525390625,1558028163.2405167,1558028163.3503718
INFO:_extract_dataframe,loop,/pylon5/mc3bggp/hrlee/alchemlyb/perf/nfiles/128/WORK/dhdl/md.part0070.xvg,0.10347557067871094,0.03784012794494629,0.025933027267456055,1558028163.3508031,1558028163.4542787
INFO:_extract_dataframe,loop,/pylon5/mc3bggp/hrlee/alchemlyb/perf/nfiles/128/WORK/dhdl/md.part0071.xvg,0.14751148223876953,0.038268327713012695,0.06937956809997559,1558028163.4548235,1558028163.602335
INFO:_extract_dataframe,loop,/pylon5/mc3bggp/hrlee/alchemlyb/perf/nfiles/128/WORK/dhdl/md.part0072.xvg,0.17656731605529785,0.05078840255737305,0.08538675308227539,1558028163.602721,1558028163.7792883
INFO:_extract_dataframe,loop,/pylon5/mc3bggp/hrlee/alchemlyb/perf/nfiles/128/WORK/dhdl/md.part0073.xvg,0.1337144374847412,0.03332400321960449,0.06093096733093262,1558028163.7796547,1558028163.9133692
INFO:_extract_dataframe,loop,/pylon5/mc3bggp/hrlee/alchemlyb/perf/nfiles/128/WORK/dhdl/md.part0074.xvg,0.1268918514251709,0.04361605644226074,0.04372358322143555,1558028163.9137537,1558028164.0406456
INFO:_extract_dataframe,loop,/pylon5/mc3bggp/hrlee/alchemlyb/perf/nfiles/128/WORK/dhdl/md.part0075.xvg,0.10804009437561035,0.03798031806945801,0.029372453689575195,1558028164.041101,1558028164.149141
INFO:_extract_dataframe,loop,/pylon5/mc3bggp/hrlee/alchemlyb/perf/nfiles/128/WORK/dhdl/md.part0076.xvg,0.11703777313232422,0.04905343055725098,0.027628660202026367,1558028164.1495087,1558028164.2665465
INFO:_extract_dataframe,loop,/pylon5/mc3bggp/hrlee/alchemlyb/perf/nfiles/128/WORK/dhdl/md.part0077.xvg,0.1521446704864502,0.08180999755859375,0.028255701065063477,1558028164.266936,1558028164.4190807
INFO:_extract_dataframe,loop,/pylon5/mc3bggp/hrlee/alchemlyb/perf/nfiles/128/WORK/dhdl/md.part0078.xvg,0.2945427894592285,0.07394886016845703,0.18074607849121094,1558028164.4195232,1558028164.714066
INFO:_extract_dataframe,loop,/pylon5/mc3bggp/hrlee/alchemlyb/perf/nfiles/128/WORK/dhdl/md.part0079.xvg,0.13171005249023438,0.04778289794921875,0.04336881637573242,1558028164.7146168,1558028164.8463268
INFO:_extract_dataframe,loop,/pylon5/mc3bggp/hrlee/alchemlyb/perf/nfiles/128/WORK/dhdl/md.part0080.xvg,0.15581393241882324,0.04353976249694824,0.07189631462097168,1558028164.8470573,1558028165.0028713
INFO:_extract_dataframe,loop,/pylon5/mc3bggp/hrlee/alchemlyb/perf/nfiles/128/WORK/dhdl/md.part0081.xvg,0.11664557456970215,0.035224199295043945,0.04220890998840332,1558028165.0032487,1558028165.1198943
INFO:_extract_dataframe,loop,/pylon5/mc3bggp/hrlee/alchemlyb/perf/nfiles/128/WORK/dhdl/md.part0082.xvg,0.12524962425231934,0.04231619834899902,0.04251885414123535,1558028165.120273,1558028165.2455227
INFO:_extract_dataframe,loop,/pylon5/mc3bggp/hrlee/alchemlyb/perf/nfiles/128/WORK/dhdl/md.part0083.xvg,0.2140064239501953,0.03544044494628906,0.13800477981567383,1558028165.2459257,1558028165.459932
INFO:_extract_dataframe,loop,/pylon5/mc3bggp/hrlee/alchemlyb/perf/nfiles/128/WORK/dhdl/md.part0084.xvg,0.21547961235046387,0.03451728820800781,0.14179086685180664,1558028165.460325,1558028165.6758046
INFO:_extract_dataframe,loop,/pylon5/mc3bggp/hrlee/alchemlyb/perf/nfiles/128/WORK/dhdl/md.part0085.xvg,0.23104047775268555,0.08318495750427246,0.10638833045959473,1558028165.6761878,1558028165.9072282
INFO:_extract_dataframe,loop,/pylon5/mc3bggp/hrlee/alchemlyb/perf/nfiles/128/WORK/dhdl/md.part0086.xvg,0.13756656646728516,0.047078847885131836,0.05178070068359375,1558028165.9077368,1558028166.0453033
INFO:_extract_dataframe,loop,/pylon5/mc3bggp/hrlee/alchemlyb/perf/nfiles/128/WORK/dhdl/md.part0087.xvg,0.1886913776397705,0.032213449478149414,0.11742258071899414,1558028166.0456724,1558028166.2343638
INFO:_extract_dataframe,loop,/pylon5/mc3bggp/hrlee/alchemlyb/perf/nfiles/128/WORK/dhdl/md.part0088.xvg,0.13716793060302734,0.03746509552001953,0.060930490493774414,1558028166.2350318,1558028166.3721998
INFO:_extract_dataframe,loop,/pylon5/mc3bggp/hrlee/alchemlyb/perf/nfiles/128/WORK/dhdl/md.part0089.xvg,0.18262076377868652,0.030070781707763672,0.11298394203186035,1558028166.3725681,1558028166.555189
INFO:_extract_dataframe,loop,/pylon5/mc3bggp/hrlee/alchemlyb/perf/nfiles/128/WORK/dhdl/md.part0090.xvg,0.19588065147399902,0.045284271240234375,0.10965085029602051,1558028166.555583,1558028166.7514637
INFO:_extract_dataframe,loop,/pylon5/mc3bggp/hrlee/alchemlyb/perf/nfiles/128/WORK/dhdl/md.part0091.xvg,0.11656451225280762,0.03819108009338379,0.03564715385437012,1558028166.7518764,1558028166.8684409
INFO:_extract_dataframe,loop,/pylon5/mc3bggp/hrlee/alchemlyb/perf/nfiles/128/WORK/dhdl/md.part0092.xvg,0.2187957763671875,0.03867697715759277,0.1399674415588379,1558028166.8689697,1558028167.0877655
INFO:_extract_dataframe,loop,/pylon5/mc3bggp/hrlee/alchemlyb/perf/nfiles/128/WORK/dhdl/md.part0093.xvg,0.2364506721496582,0.09612226486206055,0.09649085998535156,1558028167.0881445,1558028167.3245952
INFO:_extract_dataframe,loop,/pylon5/mc3bggp/hrlee/alchemlyb/perf/nfiles/128/WORK/dhdl/md.part0094.xvg,0.15552449226379395,0.0437321662902832,0.07140636444091797,1558028167.3254318,1558028167.4809563
INFO:_extract_dataframe,loop,/pylon5/mc3bggp/hrlee/alchemlyb/perf/nfiles/128/WORK/dhdl/md.part0095.xvg,0.16861224174499512,0.04327821731567383,0.08456182479858398,1558028167.4813483,1558028167.6499605
INFO:_extract_dataframe,loop,/pylon5/mc3bggp/hrlee/alchemlyb/perf/nfiles/128/WORK/dhdl/md.part0096.xvg,0.14777302742004395,0.036511898040771484,0.06900620460510254,1558028167.6503546,1558028167.7981277
INFO:_extract_dataframe,loop,/pylon5/mc3bggp/hrlee/alchemlyb/perf/nfiles/128/WORK/dhdl/md.part0097.xvg,0.1576671600341797,0.03837180137634277,0.07780146598815918,1558028167.798589,1558028167.9562562
INFO:_extract_dataframe,loop,/pylon5/mc3bggp/hrlee/alchemlyb/perf/nfiles/128/WORK/dhdl/md.part0098.xvg,0.2571079730987549,0.04225945472717285,0.17348504066467285,1558028167.9566495,1558028168.2137575
INFO:_extract_dataframe,loop,/pylon5/mc3bggp/hrlee/alchemlyb/perf/nfiles/128/WORK/dhdl/md.part0099.xvg,0.16501545906066895,0.040558815002441406,0.08380675315856934,1558028168.214676,1558028168.3796914
INFO:_extract_dataframe,loop,/pylon5/mc3bggp/hrlee/alchemlyb/perf/nfiles/128/WORK/dhdl/md.part0100.xvg,0.18873190879821777,0.03643369674682617,0.11132502555847168,1558028168.3801022,1558028168.568834
INFO:_extract_dataframe,loop,/pylon5/mc3bggp/hrlee/alchemlyb/perf/nfiles/128/WORK/dhdl/md.part0101.xvg,0.1583700180053711,0.041931867599487305,0.07643961906433105,1558028168.5692365,1558028168.7276065
INFO:_extract_dataframe,loop,/pylon5/mc3bggp/hrlee/alchemlyb/perf/nfiles/128/WORK/dhdl/md.part0102.xvg,0.17003107070922852,0.08382606506347656,0.044030189514160156,1558028168.7280347,1558028168.8980658
INFO:_extract_dataframe,loop,/pylon5/mc3bggp/hrlee/alchemlyb/perf/nfiles/128/WORK/dhdl/md.part0103.xvg,0.14957404136657715,0.04233694076538086,0.06696319580078125,1558028168.8985288,1558028169.0481029
INFO:_extract_dataframe,loop,/pylon5/mc3bggp/hrlee/alchemlyb/perf/nfiles/128/WORK/dhdl/md.part0104.xvg,0.16058659553527832,0.043596744537353516,0.07599711418151855,1558028169.0484781,1558028169.2090647
INFO:_extract_dataframe,loop,/pylon5/mc3bggp/hrlee/alchemlyb/perf/nfiles/128/WORK/dhdl/md.part0105.xvg,0.18348026275634766,0.04484224319458008,0.0977165699005127,1558028169.2094412,1558028169.3929214
INFO:_extract_dataframe,loop,/pylon5/mc3bggp/hrlee/alchemlyb/perf/nfiles/128/WORK/dhdl/md.part0106.xvg,0.11203789710998535,0.0355534553527832,0.03647208213806152,1558028169.3933315,1558028169.5053694
INFO:_extract_dataframe,loop,/pylon5/mc3bggp/hrlee/alchemlyb/perf/nfiles/128/WORK/dhdl/md.part0107.xvg,0.15604186058044434,0.03854942321777344,0.07612299919128418,1558028169.5057566,1558028169.6617985
INFO:_extract_dataframe,loop,/pylon5/mc3bggp/hrlee/alchemlyb/perf/nfiles/128/WORK/dhdl/md.part0108.xvg,0.10047411918640137,0.02944636344909668,0.03058910369873047,1558028169.6622,1558028169.762674
INFO:_extract_dataframe,loop,/pylon5/mc3bggp/hrlee/alchemlyb/perf/nfiles/128/WORK/dhdl/md.part0109.xvg,0.17195725440979004,0.030811309814453125,0.10018324851989746,1558028169.7631025,1558028169.9350598
INFO:_extract_dataframe,loop,/pylon5/mc3bggp/hrlee/alchemlyb/perf/nfiles/128/WORK/dhdl/md.part0110.xvg,0.20615148544311523,0.08900570869445801,0.07516717910766602,1558028169.935447,1558028170.1415985
INFO:_extract_dataframe,loop,/pylon5/mc3bggp/hrlee/alchemlyb/perf/nfiles/128/WORK/dhdl/md.part0111.xvg,0.20974278450012207,0.03297829627990723,0.13583970069885254,1558028170.1420553,1558028170.351798
INFO:_extract_dataframe,loop,/pylon5/mc3bggp/hrlee/alchemlyb/perf/nfiles/128/WORK/dhdl/md.part0112.xvg,0.12358641624450684,0.04471254348754883,0.03972458839416504,1558028170.3522067,1558028170.4757931
INFO:_extract_dataframe,loop,/pylon5/mc3bggp/hrlee/alchemlyb/perf/nfiles/128/WORK/dhdl/md.part0113.xvg,0.11340928077697754,0.03798413276672363,0.03503751754760742,1558028170.4761782,1558028170.5895875
INFO:_extract_dataframe,loop,/pylon5/mc3bggp/hrlee/alchemlyb/perf/nfiles/128/WORK/dhdl/md.part0114.xvg,0.16851806640625,0.04337143898010254,0.0852046012878418,1558028170.5900207,1558028170.7585387
INFO:_extract_dataframe,loop,/pylon5/mc3bggp/hrlee/alchemlyb/perf/nfiles/128/WORK/dhdl/md.part0115.xvg,0.1690671443939209,0.03180098533630371,0.0961918830871582,1558028170.7589538,1558028170.928021
INFO:_extract_dataframe,loop,/pylon5/mc3bggp/hrlee/alchemlyb/perf/nfiles/128/WORK/dhdl/md.part0116.xvg,0.10916662216186523,0.042792320251464844,0.02536797523498535,1558028170.9284441,1558028171.0376108
INFO:_extract_dataframe,loop,/pylon5/mc3bggp/hrlee/alchemlyb/perf/nfiles/128/WORK/dhdl/md.part0117.xvg,0.15548014640808105,0.04326486587524414,0.07230877876281738,1558028171.0380342,1558028171.1935143
INFO:_extract_dataframe,loop,/pylon5/mc3bggp/hrlee/alchemlyb/perf/nfiles/128/WORK/dhdl/md.part0118.xvg,0.2551274299621582,0.09380435943603516,0.11939835548400879,1558028171.1939204,1558028171.4490478
INFO:_extract_dataframe,loop,/pylon5/mc3bggp/hrlee/alchemlyb/perf/nfiles/128/WORK/dhdl/md.part0119.xvg,0.12311315536499023,0.045365333557128906,0.037848711013793945,1558028171.4495091,1558028171.5726223
INFO:_extract_dataframe,loop,/pylon5/mc3bggp/hrlee/alchemlyb/perf/nfiles/128/WORK/dhdl/md.part0120.xvg,0.1082754135131836,0.039110660552978516,0.028743505477905273,1558028171.5730345,1558028171.68131
INFO:_extract_dataframe,loop,/pylon5/mc3bggp/hrlee/alchemlyb/perf/nfiles/128/WORK/dhdl/md.part0121.xvg,0.12178921699523926,0.03854060173034668,0.041281938552856445,1558028171.6817124,1558028171.8035016
INFO:_extract_dataframe,loop,/pylon5/mc3bggp/hrlee/alchemlyb/perf/nfiles/128/WORK/dhdl/md.part0122.xvg,0.10837697982788086,0.02866816520690918,0.04004311561584473,1558028171.804154,1558028171.912531
INFO:_extract_dataframe,loop,/pylon5/mc3bggp/hrlee/alchemlyb/perf/nfiles/128/WORK/dhdl/md.part0123.xvg,0.12452173233032227,0.045751333236694336,0.038240671157836914,1558028171.9129148,1558028172.0374365
INFO:_extract_dataframe,loop,/pylon5/mc3bggp/hrlee/alchemlyb/perf/nfiles/128/WORK/dhdl/md.part0124.xvg,0.20322847366333008,0.03840041160583496,0.12414264678955078,1558028172.0378792,1558028172.2411077
INFO:_extract_dataframe,loop,/pylon5/mc3bggp/hrlee/alchemlyb/perf/nfiles/128/WORK/dhdl/md.part0125.xvg,0.13381123542785645,0.04188799858093262,0.052712440490722656,1558028172.2414908,1558028172.375302
INFO:_extract_dataframe,loop,/pylon5/mc3bggp/hrlee/alchemlyb/perf/nfiles/128/WORK/dhdl/md.part0126.xvg,0.35772252082824707,0.10259795188903809,0.21352195739746094,1558028172.3757052,1558028172.7334278
INFO:_extract_dataframe,loop,/pylon5/mc3bggp/hrlee/alchemlyb/perf/nfiles/128/WORK/dhdl/md.part0127.xvg,0.15530037879943848,0.04230308532714844,0.0713188648223877,1558028172.7339115,1558028172.889212
INFO:_extract_dataframe,loop,/pylon5/mc3bggp/hrlee/alchemlyb/perf/nfiles/128/WORK/dhdl/md.part0128.xvg,0.15287065505981445,0.04054570198059082,0.0719764232635498,1558028172.8896222,1558028173.0424929
